|--- feature_0 <= 1982.50
|   |--- feature_21 <= 1.00
|   |   |--- feature_31 <= 0.00
|   |   |   |--- feature_18 <= 0.00
|   |   |   |   |--- feature_21 <= 0.02
|   |   |   |   |   |--- feature_47 <= 0.00
|   |   |   |   |   |   |--- feature_11 <= 11.30
|   |   |   |   |   |   |   |--- feature_13 <= 2.50
|   |   |   |   |   |   |   |   |--- class: positive
|   |   |   |   |   |   |   |--- feature_13 >  2.50
|   |   |   |   |   |   |   |   |--- class: negative
|   |   |   |   |   |   |--- feature_11 >  11.30
|   |   |   |   |   |   |   |--- feature_37 <= 0.50
|   |   |   |   |   |   |   |   |--- feature_29 <= 0.50
|   |   |   |   |   |   |   |   |   |--- class: negative
|   |   |   |   |   |   |   |   |--- feature_29 >  0.50
|   |   |   |   |   |   |   |   |   |--- feature_7 <= 25.00
|   |   |   |   |   |   |   |   |   |   |--- feature_12 <= 51.00
|   |   |   |   |   |   |   |   |   |   |   |--- class: negative
|   |   |   |   |   |   |   |   |   |   |--- feature_12 >  51.00
|   |   |   |   |   |   |   |   |   |   |   |--- truncated branch of depth 2
|   |   |   |   |   |   |   |   |   |--- feature_7 >  25.00
|   |   |   |   |   |   |   |   |   |   |--- class: positive
|   |   |   |   |   |   |   |--- feature_37 >  0.50
|   |   |   |   |   |   |   |   |--- class: positive
|   |   |   |   |   |--- feature_47 >  0.00
|   |   |   |   |   |   |--- feature_47 <= 1.00
|   |   |   |   |   |   |   |--- class: positive
|   |   |   |   |   |   |--- feature_47 >  1.00
|   |   |   |   |   |   |   |--- feature_28 <= 0.00
|   |   |   |   |   |   |   |   |--- feature_1 <= 13274.00
|   |   |   |   |   |   |   |   |   |--- feature_0 <= 1950.50
|   |   |   |   |   |   |   |   |   |   |--- class: negative
|   |   |   |   |   |   |   |   |   |--- feature_0 >  1950.50
|   |   |   |   |   |   |   |   |   |   |--- feature_0 <= 1965.50
|   |   |   |   |   |   |   |   |   |   |   |--- truncated branch of depth 8
|   |   |   |   |   |   |   |   |   |   |--- feature_0 >  1965.50
|   |   |   |   |   |   |   |   |   |   |   |--- class: negative
|   |   |   |   |   |   |   |   |--- feature_1 >  13274.00
|   |   |   |   |   |   |   |   |   |--- feature_1 <= 14835.00
|   |   |   |   |   |   |   |   |   |   |--- class: positive
|   |   |   |   |   |   |   |   |   |--- feature_1 >  14835.00
|   |   |   |   |   |   |   |   |   |   |--- class: negative
|   |   |   |   |   |   |   |--- feature_28 >  0.00
|   |   |   |   |   |   |   |   |--- feature_28 <= 1.00
|   |   |   |   |   |   |   |   |   |--- class: positive
|   |   |   |   |   |   |   |   |--- feature_28 >  1.00
|   |   |   |   |   |   |   |   |   |--- feature_1 <= 605.00
|   |   |   |   |   |   |   |   |   |   |--- feature_1 <= 505.00
|   |   |   |   |   |   |   |   |   |   |   |--- truncated branch of depth 3
|   |   |   |   |   |   |   |   |   |   |--- feature_1 >  505.00
|   |   |   |   |   |   |   |   |   |   |   |--- truncated branch of depth 7
|   |   |   |   |   |   |   |   |   |--- feature_1 >  605.00
|   |   |   |   |   |   |   |   |   |   |--- class: negative
|   |   |   |   |--- feature_21 >  0.02
|   |   |   |   |   |--- class: positive
|   |   |   |--- feature_18 >  0.00
|   |   |   |   |--- feature_18 <= 1.00
|   |   |   |   |   |--- class: positive
|   |   |   |   |--- feature_18 >  1.00
|   |   |   |   |   |--- feature_1 <= 19800.00
|   |   |   |   |   |   |--- feature_1 <= 45.00
|   |   |   |   |   |   |   |--- feature_7 <= 15.50
|   |   |   |   |   |   |   |   |--- class: positive
|   |   |   |   |   |   |   |--- feature_7 >  15.50
|   |   |   |   |   |   |   |   |--- class: negative
|   |   |   |   |   |   |--- feature_1 >  45.00
|   |   |   |   |   |   |   |--- feature_10 <= 19.50
|   |   |   |   |   |   |   |   |--- feature_10 <= 19.15
|   |   |   |   |   |   |   |   |   |--- feature_9 <= 13.55
|   |   |   |   |   |   |   |   |   |   |--- class: negative
|   |   |   |   |   |   |   |   |   |--- feature_9 >  13.55
|   |   |   |   |   |   |   |   |   |   |--- feature_0 <= 1967.00
|   |   |   |   |   |   |   |   |   |   |   |--- class: negative
|   |   |   |   |   |   |   |   |   |   |--- feature_0 >  1967.00
|   |   |   |   |   |   |   |   |   |   |   |--- class: positive
|   |   |   |   |   |   |   |   |--- feature_10 >  19.15
|   |   |   |   |   |   |   |   |   |--- class: positive
|   |   |   |   |   |   |   |--- feature_10 >  19.50
|   |   |   |   |   |   |   |   |--- class: negative
|   |   |   |   |   |--- feature_1 >  19800.00
|   |   |   |   |   |   |--- feature_7 <= 0.50
|   |   |   |   |   |   |   |--- feature_9 <= 8.85
|   |   |   |   |   |   |   |   |--- class: positive
|   |   |   |   |   |   |   |--- feature_9 >  8.85
|   |   |   |   |   |   |   |   |--- class: negative
|   |   |   |   |   |   |--- feature_7 >  0.50
|   |   |   |   |   |   |   |--- class: positive
|   |   |--- feature_31 >  0.00
|   |   |   |--- feature_31 <= 1.00
|   |   |   |   |--- class: positive
|   |   |   |--- feature_31 >  1.00
|   |   |   |   |--- feature_10 <= 15.50
|   |   |   |   |   |--- feature_12 <= 72.80
|   |   |   |   |   |   |--- class: negative
|   |   |   |   |   |--- feature_12 >  72.80
|   |   |   |   |   |   |--- feature_9 <= 9.55
|   |   |   |   |   |   |   |--- class: negative
|   |   |   |   |   |   |--- feature_9 >  9.55
|   |   |   |   |   |   |   |--- feature_11 <= 10.65
|   |   |   |   |   |   |   |   |--- feature_23 <= 0.50
|   |   |   |   |   |   |   |   |   |--- class: negative
|   |   |   |   |   |   |   |   |--- feature_23 >  0.50
|   |   |   |   |   |   |   |   |   |--- feature_11 <= 6.80
|   |   |   |   |   |   |   |   |   |   |--- class: negative
|   |   |   |   |   |   |   |   |   |--- feature_11 >  6.80
|   |   |   |   |   |   |   |   |   |   |--- class: positive
|   |   |   |   |   |   |   |--- feature_11 >  10.65
|   |   |   |   |   |   |   |   |--- class: negative
|   |   |   |   |--- feature_10 >  15.50
|   |   |   |   |   |--- feature_0 <= 1960.50
|   |   |   |   |   |   |--- class: negative
|   |   |   |   |   |--- feature_0 >  1960.50
|   |   |   |   |   |   |--- feature_1 <= 895.50
|   |   |   |   |   |   |   |--- class: negative
|   |   |   |   |   |   |--- feature_1 >  895.50
|   |   |   |   |   |   |   |--- feature_12 <= 47.27
|   |   |   |   |   |   |   |   |--- feature_11 <= 15.05
|   |   |   |   |   |   |   |   |   |--- class: negative
|   |   |   |   |   |   |   |   |--- feature_11 >  15.05
|   |   |   |   |   |   |   |   |   |--- feature_11 <= 15.65
|   |   |   |   |   |   |   |   |   |   |--- class: positive
|   |   |   |   |   |   |   |   |   |--- feature_11 >  15.65
|   |   |   |   |   |   |   |   |   |   |--- class: negative
|   |   |   |   |   |   |   |--- feature_12 >  47.27
|   |   |   |   |   |   |   |   |--- feature_22 <= 1.00
|   |   |   |   |   |   |   |   |   |--- feature_23 <= 1.00
|   |   |   |   |   |   |   |   |   |   |--- feature_46 <= 1.00
|   |   |   |   |   |   |   |   |   |   |   |--- truncated branch of depth 5
|   |   |   |   |   |   |   |   |   |   |--- feature_46 >  1.00
|   |   |   |   |   |   |   |   |   |   |   |--- truncated branch of depth 4
|   |   |   |   |   |   |   |   |   |--- feature_23 >  1.00
|   |   |   |   |   |   |   |   |   |   |--- feature_44 <= 0.50
|   |   |   |   |   |   |   |   |   |   |   |--- class: negative
|   |   |   |   |   |   |   |   |   |   |--- feature_44 >  0.50
|   |   |   |   |   |   |   |   |   |   |   |--- class: positive
|   |   |   |   |   |   |   |   |--- feature_22 >  1.00
|   |   |   |   |   |   |   |   |   |--- feature_1 <= 12985.00
|   |   |   |   |   |   |   |   |   |   |--- class: negative
|   |   |   |   |   |   |   |   |   |--- feature_1 >  12985.00
|   |   |   |   |   |   |   |   |   |   |--- feature_9 <= 20.15
|   |   |   |   |   |   |   |   |   |   |   |--- class: negative
|   |   |   |   |   |   |   |   |   |   |--- feature_9 >  20.15
|   |   |   |   |   |   |   |   |   |   |   |--- truncated branch of depth 2
|   |--- feature_21 >  1.00
|   |   |--- feature_1 <= 50684.50
|   |   |   |--- feature_0 <= 1973.50
|   |   |   |   |--- class: negative
|   |   |   |--- feature_0 >  1973.50
|   |   |   |   |--- feature_2 <= 21.00
|   |   |   |   |   |--- feature_39 <= 0.50
|   |   |   |   |   |   |--- class: negative
|   |   |   |   |   |--- feature_39 >  0.50
|   |   |   |   |   |   |--- feature_11 <= 10.20
|   |   |   |   |   |   |   |--- feature_7 <= 10.00
|   |   |   |   |   |   |   |   |--- class: negative
|   |   |   |   |   |   |   |--- feature_7 >  10.00
|   |   |   |   |   |   |   |   |--- feature_7 <= 17.50
|   |   |   |   |   |   |   |   |   |--- feature_13 <= 7.50
|   |   |   |   |   |   |   |   |   |   |--- class: negative
|   |   |   |   |   |   |   |   |   |--- feature_13 >  7.50
|   |   |   |   |   |   |   |   |   |   |--- class: positive
|   |   |   |   |   |   |   |   |--- feature_7 >  17.50
|   |   |   |   |   |   |   |   |   |--- class: negative
|   |   |   |   |   |   |--- feature_11 >  10.20
|   |   |   |   |   |   |   |--- class: positive
|   |   |   |   |--- feature_2 >  21.00
|   |   |   |   |   |--- feature_11 <= 10.35
|   |   |   |   |   |   |--- class: negative
|   |   |   |   |   |--- feature_11 >  10.35
|   |   |   |   |   |   |--- class: positive
|   |   |--- feature_1 >  50684.50
|   |   |   |--- feature_10 <= 36.31
|   |   |   |   |--- class: negative
|   |   |   |--- feature_10 >  36.31
|   |   |   |   |--- class: positive
|--- feature_0 >  1982.50
|   |--- feature_31 <= 1.00
|   |   |--- feature_31 <= 0.00
|   |   |   |--- feature_1 <= 21729.50
|   |   |   |   |--- feature_39 <= 0.00
|   |   |   |   |   |--- feature_28 <= 0.01
|   |   |   |   |   |   |--- feature_12 <= 49.05
|   |   |   |   |   |   |   |--- feature_12 <= 47.80
|   |   |   |   |   |   |   |   |--- class: negative
|   |   |   |   |   |   |   |--- feature_12 >  47.80
|   |   |   |   |   |   |   |   |--- feature_17 <= 0.50
|   |   |   |   |   |   |   |   |   |--- class: negative
|   |   |   |   |   |   |   |   |--- feature_17 >  0.50
|   |   |   |   |   |   |   |   |   |--- feature_10 <= 13.60
|   |   |   |   |   |   |   |   |   |   |--- class: negative
|   |   |   |   |   |   |   |   |   |--- feature_10 >  13.60
|   |   |   |   |   |   |   |   |   |   |--- class: positive
|   |   |   |   |   |   |--- feature_12 >  49.05
|   |   |   |   |   |   |   |--- class: negative
|   |   |   |   |   |--- feature_28 >  0.01
|   |   |   |   |   |   |--- feature_17 <= 0.46
|   |   |   |   |   |   |   |--- class: negative
|   |   |   |   |   |   |--- feature_17 >  0.46
|   |   |   |   |   |   |   |--- class: positive
|   |   |   |   |--- feature_39 >  0.00
|   |   |   |   |   |--- feature_0 <= 1984.50
|   |   |   |   |   |   |--- class: positive
|   |   |   |   |   |--- feature_0 >  1984.50
|   |   |   |   |   |   |--- class: negative
|   |   |   |--- feature_1 >  21729.50
|   |   |   |   |--- feature_14 <= 3.50
|   |   |   |   |   |--- class: positive
|   |   |   |   |--- feature_14 >  3.50
|   |   |   |   |   |--- class: negative
|   |   |--- feature_31 >  0.00
|   |   |   |--- class: positive
|   |--- feature_31 >  1.00
|   |   |--- feature_1 <= 20715.50
|   |   |   |--- feature_0 <= 1986.50
|   |   |   |   |--- feature_13 <= 5.95
|   |   |   |   |   |--- feature_13 <= 5.01
|   |   |   |   |   |   |--- feature_2 <= 10.00
|   |   |   |   |   |   |   |--- class: negative
|   |   |   |   |   |   |--- feature_2 >  10.00
|   |   |   |   |   |   |   |--- feature_47 <= 0.50
|   |   |   |   |   |   |   |   |--- class: positive
|   |   |   |   |   |   |   |--- feature_47 >  0.50
|   |   |   |   |   |   |   |   |--- class: negative
|   |   |   |   |   |--- feature_13 >  5.01
|   |   |   |   |   |   |--- class: positive
|   |   |   |   |--- feature_13 >  5.95
|   |   |   |   |   |--- feature_7 <= 42.50
|   |   |   |   |   |   |--- class: negative
|   |   |   |   |   |--- feature_7 >  42.50
|   |   |   |   |   |   |--- feature_47 <= 0.50
|   |   |   |   |   |   |   |--- class: negative
|   |   |   |   |   |   |--- feature_47 >  0.50
|   |   |   |   |   |   |   |--- class: positive
|   |   |   |--- feature_0 >  1986.50
|   |   |   |   |--- class: negative
|   |   |--- feature_1 >  20715.50
|   |   |   |--- feature_10 <= 139.07
|   |   |   |   |--- class: negative
|   |   |   |--- feature_10 >  139.07
|   |   |   |   |--- feature_7 <= 7.00
|   |   |   |   |   |--- class: negative
|   |   |   |   |--- feature_7 >  7.00
|   |   |   |   |   |--- class: positive
