|--- feature_0 <= 1982.50
|   |--- feature_31 <= 0.00
|   |   |--- feature_18 <= 0.00
|   |   |   |--- feature_23 <= 0.00
|   |   |   |   |--- feature_24 <= 0.00
|   |   |   |   |   |--- feature_39 <= 0.12
|   |   |   |   |   |   |--- feature_1 <= 485.00
|   |   |   |   |   |   |   |--- class: negative
|   |   |   |   |   |   |--- feature_1 >  485.00
|   |   |   |   |   |   |   |--- feature_6 <= -87.85
|   |   |   |   |   |   |   |   |--- class: negative
|   |   |   |   |   |   |   |--- feature_6 >  -87.85
|   |   |   |   |   |   |   |   |--- feature_1 <= 495.00
|   |   |   |   |   |   |   |   |   |--- class: positive
|   |   |   |   |   |   |   |   |--- feature_1 >  495.00
|   |   |   |   |   |   |   |   |   |--- feature_11 <= 11.45
|   |   |   |   |   |   |   |   |   |   |--- class: negative
|   |   |   |   |   |   |   |   |   |--- feature_11 >  11.45
|   |   |   |   |   |   |   |   |   |   |--- feature_11 <= 12.25
|   |   |   |   |   |   |   |   |   |   |   |--- truncated branch of depth 5
|   |   |   |   |   |   |   |   |   |   |--- feature_11 >  12.25
|   |   |   |   |   |   |   |   |   |   |   |--- class: negative
|   |   |   |   |   |--- feature_39 >  0.12
|   |   |   |   |   |   |--- feature_21 <= 0.99
|   |   |   |   |   |   |   |--- class: positive
|   |   |   |   |   |   |--- feature_21 >  0.99
|   |   |   |   |   |   |   |--- feature_7 <= 14.50
|   |   |   |   |   |   |   |   |--- class: negative
|   |   |   |   |   |   |   |--- feature_7 >  14.50
|   |   |   |   |   |   |   |   |--- feature_0 <= 1975.50
|   |   |   |   |   |   |   |   |   |--- class: negative
|   |   |   |   |   |   |   |   |--- feature_0 >  1975.50
|   |   |   |   |   |   |   |   |   |--- feature_5 <= 22.38
|   |   |   |   |   |   |   |   |   |   |--- class: positive
|   |   |   |   |   |   |   |   |   |--- feature_5 >  22.38
|   |   |   |   |   |   |   |   |   |   |--- class: negative
|   |   |   |   |--- feature_24 >  0.00
|   |   |   |   |   |--- feature_24 <= 0.98
|   |   |   |   |   |   |--- class: positive
|   |   |   |   |   |--- feature_24 >  0.98
|   |   |   |   |   |   |--- feature_37 <= 0.01
|   |   |   |   |   |   |   |--- feature_7 <= 42.50
|   |   |   |   |   |   |   |   |--- class: negative
|   |   |   |   |   |   |   |--- feature_7 >  42.50
|   |   |   |   |   |   |   |   |--- feature_1 <= 3665.00
|   |   |   |   |   |   |   |   |   |--- class: negative
|   |   |   |   |   |   |   |   |--- feature_1 >  3665.00
|   |   |   |   |   |   |   |   |   |--- feature_11 <= 8.20
|   |   |   |   |   |   |   |   |   |   |--- class: positive
|   |   |   |   |   |   |   |   |   |--- feature_11 >  8.20
|   |   |   |   |   |   |   |   |   |   |--- class: negative
|   |   |   |   |   |   |--- feature_37 >  0.01
|   |   |   |   |   |   |   |--- class: positive
|   |   |   |--- feature_23 >  0.00
|   |   |   |   |--- feature_23 <= 1.00
|   |   |   |   |   |--- class: positive
|   |   |   |   |--- feature_23 >  1.00
|   |   |   |   |   |--- feature_1 <= 605.00
|   |   |   |   |   |   |--- feature_28 <= 0.00
|   |   |   |   |   |   |   |--- feature_50 <= 0.02
|   |   |   |   |   |   |   |   |--- feature_11 <= 9.15
|   |   |   |   |   |   |   |   |   |--- feature_12 <= 20.05
|   |   |   |   |   |   |   |   |   |   |--- feature_0 <= 1956.50
|   |   |   |   |   |   |   |   |   |   |   |--- class: negative
|   |   |   |   |   |   |   |   |   |   |--- feature_0 >  1956.50
|   |   |   |   |   |   |   |   |   |   |   |--- truncated branch of depth 2
|   |   |   |   |   |   |   |   |   |--- feature_12 >  20.05
|   |   |   |   |   |   |   |   |   |   |--- class: negative
|   |   |   |   |   |   |   |   |--- feature_11 >  9.15
|   |   |   |   |   |   |   |   |   |--- feature_12 <= 44.55
|   |   |   |   |   |   |   |   |   |   |--- class: negative
|   |   |   |   |   |   |   |   |   |--- feature_12 >  44.55
|   |   |   |   |   |   |   |   |   |   |--- feature_1 <= 295.00
|   |   |   |   |   |   |   |   |   |   |   |--- class: positive
|   |   |   |   |   |   |   |   |   |   |--- feature_1 >  295.00
|   |   |   |   |   |   |   |   |   |   |   |--- class: negative
|   |   |   |   |   |   |   |--- feature_50 >  0.02
|   |   |   |   |   |   |   |   |--- feature_12 <= 19.03
|   |   |   |   |   |   |   |   |   |--- class: positive
|   |   |   |   |   |   |   |   |--- feature_12 >  19.03
|   |   |   |   |   |   |   |   |   |--- class: negative
|   |   |   |   |   |   |--- feature_28 >  0.00
|   |   |   |   |   |   |   |--- feature_28 <= 1.00
|   |   |   |   |   |   |   |   |--- class: positive
|   |   |   |   |   |   |   |--- feature_28 >  1.00
|   |   |   |   |   |   |   |   |--- feature_1 <= 571.50
|   |   |   |   |   |   |   |   |   |--- feature_13 <= 8.00
|   |   |   |   |   |   |   |   |   |   |--- feature_13 <= 7.03
|   |   |   |   |   |   |   |   |   |   |   |--- class: negative
|   |   |   |   |   |   |   |   |   |   |--- feature_13 >  7.03
|   |   |   |   |   |   |   |   |   |   |   |--- class: positive
|   |   |   |   |   |   |   |   |   |--- feature_13 >  8.00
|   |   |   |   |   |   |   |   |   |   |--- feature_2 <= 14.50
|   |   |   |   |   |   |   |   |   |   |   |--- class: negative
|   |   |   |   |   |   |   |   |   |   |--- feature_2 >  14.50
|   |   |   |   |   |   |   |   |   |   |   |--- class: positive
|   |   |   |   |   |   |   |   |--- feature_1 >  571.50
|   |   |   |   |   |   |   |   |   |--- feature_11 <= 7.00
|   |   |   |   |   |   |   |   |   |   |--- class: negative
|   |   |   |   |   |   |   |   |   |--- feature_11 >  7.00
|   |   |   |   |   |   |   |   |   |   |--- class: positive
|   |   |   |   |   |--- feature_1 >  605.00
|   |   |   |   |   |   |--- feature_1 <= 11030.50
|   |   |   |   |   |   |   |--- class: negative
|   |   |   |   |   |   |--- feature_1 >  11030.50
|   |   |   |   |   |   |   |--- feature_1 <= 14285.00
|   |   |   |   |   |   |   |   |--- feature_12 <= 52.65
|   |   |   |   |   |   |   |   |   |--- class: negative
|   |   |   |   |   |   |   |   |--- feature_12 >  52.65
|   |   |   |   |   |   |   |   |   |--- class: positive
|   |   |   |   |   |   |   |--- feature_1 >  14285.00
|   |   |   |   |   |   |   |   |--- class: negative
|   |   |--- feature_18 >  0.00
|   |   |   |--- feature_18 <= 1.00
|   |   |   |   |--- class: positive
|   |   |   |--- feature_18 >  1.00
|   |   |   |   |--- feature_1 <= 19800.00
|   |   |   |   |   |--- feature_1 <= 45.00
|   |   |   |   |   |   |--- feature_7 <= 15.50
|   |   |   |   |   |   |   |--- class: positive
|   |   |   |   |   |   |--- feature_7 >  15.50
|   |   |   |   |   |   |   |--- class: negative
|   |   |   |   |   |--- feature_1 >  45.00
|   |   |   |   |   |   |--- feature_10 <= 19.50
|   |   |   |   |   |   |   |--- feature_10 <= 19.15
|   |   |   |   |   |   |   |   |--- feature_9 <= 13.55
|   |   |   |   |   |   |   |   |   |--- class: negative
|   |   |   |   |   |   |   |   |--- feature_9 >  13.55
|   |   |   |   |   |   |   |   |   |--- feature_6 <= -45.94
|   |   |   |   |   |   |   |   |   |   |--- class: negative
|   |   |   |   |   |   |   |   |   |--- feature_6 >  -45.94
|   |   |   |   |   |   |   |   |   |   |--- class: positive
|   |   |   |   |   |   |   |--- feature_10 >  19.15
|   |   |   |   |   |   |   |   |--- class: positive
|   |   |   |   |   |   |--- feature_10 >  19.50
|   |   |   |   |   |   |   |--- class: negative
|   |   |   |   |--- feature_1 >  19800.00
|   |   |   |   |   |--- feature_7 <= 0.50
|   |   |   |   |   |   |--- feature_9 <= 8.80
|   |   |   |   |   |   |   |--- class: positive
|   |   |   |   |   |   |--- feature_9 >  8.80
|   |   |   |   |   |   |   |--- class: negative
|   |   |   |   |   |--- feature_7 >  0.50
|   |   |   |   |   |   |--- class: positive
|   |--- feature_31 >  0.00
|   |   |--- feature_31 <= 1.00
|   |   |   |--- class: positive
|   |   |--- feature_31 >  1.00
|   |   |   |--- feature_1 <= 896.00
|   |   |   |   |--- feature_12 <= 75.30
|   |   |   |   |   |--- class: negative
|   |   |   |   |--- feature_12 >  75.30
|   |   |   |   |   |--- feature_23 <= 0.50
|   |   |   |   |   |   |--- class: negative
|   |   |   |   |   |--- feature_23 >  0.50
|   |   |   |   |   |   |--- feature_9 <= 9.55
|   |   |   |   |   |   |   |--- class: negative
|   |   |   |   |   |   |--- feature_9 >  9.55
|   |   |   |   |   |   |   |--- feature_10 <= 13.10
|   |   |   |   |   |   |   |   |--- class: positive
|   |   |   |   |   |   |   |--- feature_10 >  13.10
|   |   |   |   |   |   |   |   |--- class: negative
|   |   |   |--- feature_1 >  896.00
|   |   |   |   |--- feature_0 <= 1960.50
|   |   |   |   |   |--- class: negative
|   |   |   |   |--- feature_0 >  1960.50
|   |   |   |   |   |--- feature_21 <= 1.00
|   |   |   |   |   |   |--- feature_5 <= 43.74
|   |   |   |   |   |   |   |--- feature_10 <= 15.35
|   |   |   |   |   |   |   |   |--- class: negative
|   |   |   |   |   |   |   |--- feature_10 >  15.35
|   |   |   |   |   |   |   |   |--- feature_12 <= 46.20
|   |   |   |   |   |   |   |   |   |--- class: negative
|   |   |   |   |   |   |   |   |--- feature_12 >  46.20
|   |   |   |   |   |   |   |   |   |--- feature_23 <= 1.00
|   |   |   |   |   |   |   |   |   |   |--- feature_22 <= 1.00
|   |   |   |   |   |   |   |   |   |   |   |--- truncated branch of depth 6
|   |   |   |   |   |   |   |   |   |   |--- feature_22 >  1.00
|   |   |   |   |   |   |   |   |   |   |   |--- truncated branch of depth 3
|   |   |   |   |   |   |   |   |   |--- feature_23 >  1.00
|   |   |   |   |   |   |   |   |   |   |--- feature_0 <= 1969.50
|   |   |   |   |   |   |   |   |   |   |   |--- truncated branch of depth 3
|   |   |   |   |   |   |   |   |   |   |--- feature_0 >  1969.50
|   |   |   |   |   |   |   |   |   |   |   |--- class: negative
|   |   |   |   |   |   |--- feature_5 >  43.74
|   |   |   |   |   |   |   |--- feature_7 <= 7.50
|   |   |   |   |   |   |   |   |--- feature_5 <= 43.76
|   |   |   |   |   |   |   |   |   |--- feature_10 <= 62.65
|   |   |   |   |   |   |   |   |   |   |--- class: negative
|   |   |   |   |   |   |   |   |   |--- feature_10 >  62.65
|   |   |   |   |   |   |   |   |   |   |--- class: positive
|   |   |   |   |   |   |   |   |--- feature_5 >  43.76
|   |   |   |   |   |   |   |   |   |--- class: negative
|   |   |   |   |   |   |   |--- feature_7 >  7.50
|   |   |   |   |   |   |   |   |--- feature_1 <= 5847.50
|   |   |   |   |   |   |   |   |   |--- class: negative
|   |   |   |   |   |   |   |   |--- feature_1 >  5847.50
|   |   |   |   |   |   |   |   |   |--- feature_22 <= 0.99
|   |   |   |   |   |   |   |   |   |   |--- feature_12 <= 53.57
|   |   |   |   |   |   |   |   |   |   |   |--- class: negative
|   |   |   |   |   |   |   |   |   |   |--- feature_12 >  53.57
|   |   |   |   |   |   |   |   |   |   |   |--- truncated branch of depth 2
|   |   |   |   |   |   |   |   |   |--- feature_22 >  0.99
|   |   |   |   |   |   |   |   |   |   |--- class: negative
|   |   |   |   |   |--- feature_21 >  1.00
|   |   |   |   |   |   |--- feature_1 <= 54700.00
|   |   |   |   |   |   |   |--- feature_39 <= 0.50
|   |   |   |   |   |   |   |   |--- class: negative
|   |   |   |   |   |   |   |--- feature_39 >  0.50
|   |   |   |   |   |   |   |   |--- feature_10 <= 13.60
|   |   |   |   |   |   |   |   |   |--- class: negative
|   |   |   |   |   |   |   |   |--- feature_10 >  13.60
|   |   |   |   |   |   |   |   |   |--- class: positive
|   |   |   |   |   |   |--- feature_1 >  54700.00
|   |   |   |   |   |   |   |--- feature_5 <= 44.50
|   |   |   |   |   |   |   |   |--- class: positive
|   |   |   |   |   |   |   |--- feature_5 >  44.50
|   |   |   |   |   |   |   |   |--- class: negative
|--- feature_0 >  1982.50
|   |--- feature_31 <= 0.99
|   |   |--- feature_31 <= 0.00
|   |   |   |--- feature_1 <= 21472.00
|   |   |   |   |--- feature_28 <= 0.00
|   |   |   |   |   |--- feature_39 <= 0.00
|   |   |   |   |   |   |--- feature_23 <= 0.03
|   |   |   |   |   |   |   |--- feature_5 <= 45.09
|   |   |   |   |   |   |   |   |--- class: negative
|   |   |   |   |   |   |   |--- feature_5 >  45.09
|   |   |   |   |   |   |   |   |--- feature_5 <= 45.10
|   |   |   |   |   |   |   |   |   |--- class: positive
|   |   |   |   |   |   |   |   |--- feature_5 >  45.10
|   |   |   |   |   |   |   |   |   |--- class: negative
|   |   |   |   |   |   |--- feature_23 >  0.03
|   |   |   |   |   |   |   |--- feature_23 <= 0.54
|   |   |   |   |   |   |   |   |--- class: positive
|   |   |   |   |   |   |   |--- feature_23 >  0.54
|   |   |   |   |   |   |   |   |--- class: negative
|   |   |   |   |   |--- feature_39 >  0.00
|   |   |   |   |   |   |--- feature_17 <= 0.40
|   |   |   |   |   |   |   |--- class: negative
|   |   |   |   |   |   |--- feature_17 >  0.40
|   |   |   |   |   |   |   |--- class: positive
|   |   |   |   |--- feature_28 >  0.00
|   |   |   |   |   |--- feature_23 <= 0.54
|   |   |   |   |   |   |--- class: positive
|   |   |   |   |   |--- feature_23 >  0.54
|   |   |   |   |   |   |--- class: negative
|   |   |   |--- feature_1 >  21472.00
|   |   |   |   |--- feature_21 <= 0.24
|   |   |   |   |   |--- class: negative
|   |   |   |   |--- feature_21 >  0.24
|   |   |   |   |   |--- class: positive
|   |   |--- feature_31 >  0.00
|   |   |   |--- class: positive
|   |--- feature_31 >  0.99
|   |   |--- feature_1 <= 21209.00
|   |   |   |--- feature_18 <= 0.01
|   |   |   |   |--- feature_7 <= 42.50
|   |   |   |   |   |--- class: negative
|   |   |   |   |--- feature_7 >  42.50
|   |   |   |   |   |--- feature_7 <= 44.00
|   |   |   |   |   |   |--- class: positive
|   |   |   |   |   |--- feature_7 >  44.00
|   |   |   |   |   |   |--- class: negative
|   |   |   |--- feature_18 >  0.01
|   |   |   |   |--- feature_18 <= 1.00
|   |   |   |   |   |--- class: positive
|   |   |   |   |--- feature_18 >  1.00
|   |   |   |   |   |--- feature_0 <= 1986.50
|   |   |   |   |   |   |--- feature_2 <= 9.50
|   |   |   |   |   |   |   |--- class: negative
|   |   |   |   |   |   |--- feature_2 >  9.50
|   |   |   |   |   |   |   |--- class: positive
|   |   |   |   |   |--- feature_0 >  1986.50
|   |   |   |   |   |   |--- class: negative
|   |   |--- feature_1 >  21209.00
|   |   |   |--- feature_10 <= 178.28
|   |   |   |   |--- class: negative
|   |   |   |--- feature_10 >  178.28
|   |   |   |   |--- feature_9 <= 41.80
|   |   |   |   |   |--- class: positive
|   |   |   |   |--- feature_9 >  41.80
|   |   |   |   |   |--- class: negative
