|--- feature_0 <= 1982.50
|   |--- feature_21 <= 1.00
|   |   |--- feature_6 <= -89.02
|   |   |   |--- feature_7 <= 0.50
|   |   |   |   |--- feature_1 <= 16865.00
|   |   |   |   |   |--- feature_11 <= 7.38
|   |   |   |   |   |   |--- feature_2 <= 0.50
|   |   |   |   |   |   |   |--- class: negative
|   |   |   |   |   |   |--- feature_2 >  0.50
|   |   |   |   |   |   |   |--- feature_1 <= 633.50
|   |   |   |   |   |   |   |   |--- feature_1 <= 508.00
|   |   |   |   |   |   |   |   |   |--- class: negative
|   |   |   |   |   |   |   |   |--- feature_1 >  508.00
|   |   |   |   |   |   |   |   |   |--- class: positive
|   |   |   |   |   |   |   |--- feature_1 >  633.50
|   |   |   |   |   |   |   |   |--- class: negative
|   |   |   |   |   |--- feature_11 >  7.38
|   |   |   |   |   |   |--- class: negative
|   |   |   |   |--- feature_1 >  16865.00
|   |   |   |   |   |--- feature_11 <= 12.25
|   |   |   |   |   |   |--- class: negative
|   |   |   |   |   |--- feature_11 >  12.25
|   |   |   |   |   |   |--- feature_11 <= 14.65
|   |   |   |   |   |   |   |--- feature_2 <= 3.00
|   |   |   |   |   |   |   |   |--- class: negative
|   |   |   |   |   |   |   |--- feature_2 >  3.00
|   |   |   |   |   |   |   |   |--- class: positive
|   |   |   |   |   |   |--- feature_11 >  14.65
|   |   |   |   |   |   |   |--- feature_33 <= 0.15
|   |   |   |   |   |   |   |   |--- class: negative
|   |   |   |   |   |   |   |--- feature_33 >  0.15
|   |   |   |   |   |   |   |   |--- class: positive
|   |   |   |--- feature_7 >  0.50
|   |   |   |   |--- feature_13 <= 7.99
|   |   |   |   |   |--- feature_13 <= 5.00
|   |   |   |   |   |   |--- feature_1 <= 6798.50
|   |   |   |   |   |   |   |--- class: negative
|   |   |   |   |   |   |--- feature_1 >  6798.50
|   |   |   |   |   |   |   |--- feature_9 <= 16.45
|   |   |   |   |   |   |   |   |--- feature_11 <= 11.90
|   |   |   |   |   |   |   |   |   |--- feature_10 <= 31.90
|   |   |   |   |   |   |   |   |   |   |--- class: negative
|   |   |   |   |   |   |   |   |   |--- feature_10 >  31.90
|   |   |   |   |   |   |   |   |   |   |--- class: positive
|   |   |   |   |   |   |   |   |--- feature_11 >  11.90
|   |   |   |   |   |   |   |   |   |--- class: positive
|   |   |   |   |   |   |   |--- feature_9 >  16.45
|   |   |   |   |   |   |   |   |--- feature_5 <= 42.60
|   |   |   |   |   |   |   |   |   |--- class: positive
|   |   |   |   |   |   |   |   |--- feature_5 >  42.60
|   |   |   |   |   |   |   |   |   |--- class: negative
|   |   |   |   |   |--- feature_13 >  5.00
|   |   |   |   |   |   |--- feature_23 <= 0.99
|   |   |   |   |   |   |   |--- feature_0 <= 1940.00
|   |   |   |   |   |   |   |   |--- class: negative
|   |   |   |   |   |   |   |--- feature_0 >  1940.00
|   |   |   |   |   |   |   |   |--- class: positive
|   |   |   |   |   |   |--- feature_23 >  0.99
|   |   |   |   |   |   |   |--- class: negative
|   |   |   |   |--- feature_13 >  7.99
|   |   |   |   |   |--- feature_9 <= 15.26
|   |   |   |   |   |   |--- feature_7 <= 4.50
|   |   |   |   |   |   |   |--- feature_23 <= 0.05
|   |   |   |   |   |   |   |   |--- class: negative
|   |   |   |   |   |   |   |--- feature_23 >  0.05
|   |   |   |   |   |   |   |   |--- class: positive
|   |   |   |   |   |   |--- feature_7 >  4.50
|   |   |   |   |   |   |   |--- class: negative
|   |   |   |   |   |--- feature_9 >  15.26
|   |   |   |   |   |   |--- feature_31 <= 0.01
|   |   |   |   |   |   |   |--- feature_17 <= 0.01
|   |   |   |   |   |   |   |   |--- feature_6 <= -89.22
|   |   |   |   |   |   |   |   |   |--- class: negative
|   |   |   |   |   |   |   |   |--- feature_6 >  -89.22
|   |   |   |   |   |   |   |   |   |--- feature_10 <= 48.25
|   |   |   |   |   |   |   |   |   |   |--- class: positive
|   |   |   |   |   |   |   |   |   |--- feature_10 >  48.25
|   |   |   |   |   |   |   |   |   |   |--- class: negative
|   |   |   |   |   |   |   |--- feature_17 >  0.01
|   |   |   |   |   |   |   |   |--- class: positive
|   |   |   |   |   |   |--- feature_31 >  0.01
|   |   |   |   |   |   |   |--- feature_5 <= 44.65
|   |   |   |   |   |   |   |   |--- feature_31 <= 1.00
|   |   |   |   |   |   |   |   |   |--- class: positive
|   |   |   |   |   |   |   |   |--- feature_31 >  1.00
|   |   |   |   |   |   |   |   |   |--- feature_12 <= 69.59
|   |   |   |   |   |   |   |   |   |   |--- class: negative
|   |   |   |   |   |   |   |   |   |--- feature_12 >  69.59
|   |   |   |   |   |   |   |   |   |   |--- feature_2 <= 11.50
|   |   |   |   |   |   |   |   |   |   |   |--- class: positive
|   |   |   |   |   |   |   |   |   |   |--- feature_2 >  11.50
|   |   |   |   |   |   |   |   |   |   |   |--- class: negative
|   |   |   |   |   |   |   |--- feature_5 >  44.65
|   |   |   |   |   |   |   |   |--- class: negative
|   |   |--- feature_6 >  -89.02
|   |   |   |--- feature_5 <= 0.00
|   |   |   |   |--- feature_18 <= 0.00
|   |   |   |   |   |--- feature_10 <= 8.70
|   |   |   |   |   |   |--- class: negative
|   |   |   |   |   |--- feature_10 >  8.70
|   |   |   |   |   |   |--- feature_8 <= 2.50
|   |   |   |   |   |   |   |--- feature_17 <= 1.00
|   |   |   |   |   |   |   |   |--- feature_13 <= 8.00
|   |   |   |   |   |   |   |   |   |--- feature_13 <= 7.00
|   |   |   |   |   |   |   |   |   |   |--- feature_47 <= 1.00
|   |   |   |   |   |   |   |   |   |   |   |--- truncated branch of depth 3
|   |   |   |   |   |   |   |   |   |   |--- feature_47 >  1.00
|   |   |   |   |   |   |   |   |   |   |   |--- truncated branch of depth 4
|   |   |   |   |   |   |   |   |   |--- feature_13 >  7.00
|   |   |   |   |   |   |   |   |   |   |--- class: positive
|   |   |   |   |   |   |   |   |--- feature_13 >  8.00
|   |   |   |   |   |   |   |   |   |--- feature_0 <= 1950.50
|   |   |   |   |   |   |   |   |   |   |--- class: negative
|   |   |   |   |   |   |   |   |   |--- feature_0 >  1950.50
|   |   |   |   |   |   |   |   |   |   |--- feature_31 <= 0.99
|   |   |   |   |   |   |   |   |   |   |   |--- truncated branch of depth 5
|   |   |   |   |   |   |   |   |   |   |--- feature_31 >  0.99
|   |   |   |   |   |   |   |   |   |   |   |--- truncated branch of depth 4
|   |   |   |   |   |   |   |--- feature_17 >  1.00
|   |   |   |   |   |   |   |   |--- feature_11 <= 11.30
|   |   |   |   |   |   |   |   |   |--- class: negative
|   |   |   |   |   |   |   |   |--- feature_11 >  11.30
|   |   |   |   |   |   |   |   |   |--- feature_11 <= 11.90
|   |   |   |   |   |   |   |   |   |   |--- class: positive
|   |   |   |   |   |   |   |   |   |--- feature_11 >  11.90
|   |   |   |   |   |   |   |   |   |   |--- feature_41 <= 0.50
|   |   |   |   |   |   |   |   |   |   |   |--- class: negative
|   |   |   |   |   |   |   |   |   |   |--- feature_41 >  0.50
|   |   |   |   |   |   |   |   |   |   |   |--- truncated branch of depth 2
|   |   |   |   |   |   |--- feature_8 >  2.50
|   |   |   |   |   |   |   |--- class: negative
|   |   |   |   |--- feature_18 >  0.00
|   |   |   |   |   |--- feature_18 <= 1.00
|   |   |   |   |   |   |--- class: positive
|   |   |   |   |   |--- feature_18 >  1.00
|   |   |   |   |   |   |--- feature_1 <= 39.50
|   |   |   |   |   |   |   |--- class: positive
|   |   |   |   |   |   |--- feature_1 >  39.50
|   |   |   |   |   |   |   |--- feature_41 <= 0.00
|   |   |   |   |   |   |   |   |--- feature_9 <= 9.75
|   |   |   |   |   |   |   |   |   |--- feature_7 <= 17.00
|   |   |   |   |   |   |   |   |   |   |--- feature_1 <= 45.00
|   |   |   |   |   |   |   |   |   |   |   |--- class: positive
|   |   |   |   |   |   |   |   |   |   |--- feature_1 >  45.00
|   |   |   |   |   |   |   |   |   |   |   |--- class: negative
|   |   |   |   |   |   |   |   |   |--- feature_7 >  17.00
|   |   |   |   |   |   |   |   |   |   |--- feature_7 <= 27.00
|   |   |   |   |   |   |   |   |   |   |   |--- class: positive
|   |   |   |   |   |   |   |   |   |   |--- feature_7 >  27.00
|   |   |   |   |   |   |   |   |   |   |   |--- class: negative
|   |   |   |   |   |   |   |   |--- feature_9 >  9.75
|   |   |   |   |   |   |   |   |   |--- class: negative
|   |   |   |   |   |   |   |--- feature_41 >  0.00
|   |   |   |   |   |   |   |   |--- feature_46 <= 0.04
|   |   |   |   |   |   |   |   |   |--- feature_9 <= 13.55
|   |   |   |   |   |   |   |   |   |   |--- class: negative
|   |   |   |   |   |   |   |   |   |--- feature_9 >  13.55
|   |   |   |   |   |   |   |   |   |   |--- feature_14 <= 3.00
|   |   |   |   |   |   |   |   |   |   |   |--- class: positive
|   |   |   |   |   |   |   |   |   |   |--- feature_14 >  3.00
|   |   |   |   |   |   |   |   |   |   |   |--- class: negative
|   |   |   |   |   |   |   |   |--- feature_46 >  0.04
|   |   |   |   |   |   |   |   |   |--- class: positive
|   |   |   |--- feature_5 >  0.00
|   |   |   |   |--- feature_6 <= -87.31
|   |   |   |   |   |--- feature_0 <= 1954.50
|   |   |   |   |   |   |--- feature_1 <= 619.50
|   |   |   |   |   |   |   |--- feature_1 <= 548.00
|   |   |   |   |   |   |   |   |--- feature_5 <= 42.47
|   |   |   |   |   |   |   |   |   |--- class: positive
|   |   |   |   |   |   |   |   |--- feature_5 >  42.47
|   |   |   |   |   |   |   |   |   |--- class: negative
|   |   |   |   |   |   |   |--- feature_1 >  548.00
|   |   |   |   |   |   |   |   |--- feature_18 <= 0.53
|   |   |   |   |   |   |   |   |   |--- class: positive
|   |   |   |   |   |   |   |   |--- feature_18 >  0.53
|   |   |   |   |   |   |   |   |   |--- class: negative
|   |   |   |   |   |   |--- feature_1 >  619.50
|   |   |   |   |   |   |   |--- feature_7 <= 35.50
|   |   |   |   |   |   |   |   |--- class: negative
|   |   |   |   |   |   |   |--- feature_7 >  35.50
|   |   |   |   |   |   |   |   |--- feature_24 <= 0.40
|   |   |   |   |   |   |   |   |   |--- class: negative
|   |   |   |   |   |   |   |   |--- feature_24 >  0.40
|   |   |   |   |   |   |   |   |   |--- class: positive
|   |   |   |   |   |--- feature_0 >  1954.50
|   |   |   |   |   |   |--- feature_1 <= 4337.50
|   |   |   |   |   |   |   |--- feature_5 <= 42.65
|   |   |   |   |   |   |   |   |--- feature_2 <= 2.00
|   |   |   |   |   |   |   |   |   |--- class: negative
|   |   |   |   |   |   |   |   |--- feature_2 >  2.00
|   |   |   |   |   |   |   |   |   |--- class: positive
|   |   |   |   |   |   |   |--- feature_5 >  42.65
|   |   |   |   |   |   |   |   |--- feature_6 <= -87.55
|   |   |   |   |   |   |   |   |   |--- class: negative
|   |   |   |   |   |   |   |   |--- feature_6 >  -87.55
|   |   |   |   |   |   |   |   |   |--- class: positive
|   |   |   |   |   |   |--- feature_1 >  4337.50
|   |   |   |   |   |   |   |--- feature_31 <= 1.00
|   |   |   |   |   |   |   |   |--- feature_32 <= 1.00
|   |   |   |   |   |   |   |   |   |--- feature_29 <= 1.00
|   |   |   |   |   |   |   |   |   |   |--- class: positive
|   |   |   |   |   |   |   |   |   |--- feature_29 >  1.00
|   |   |   |   |   |   |   |   |   |   |--- feature_12 <= 54.55
|   |   |   |   |   |   |   |   |   |   |   |--- class: negative
|   |   |   |   |   |   |   |   |   |   |--- feature_12 >  54.55
|   |   |   |   |   |   |   |   |   |   |   |--- class: positive
|   |   |   |   |   |   |   |   |--- feature_32 >  1.00
|   |   |   |   |   |   |   |   |   |--- feature_9 <= 110.80
|   |   |   |   |   |   |   |   |   |   |--- class: negative
|   |   |   |   |   |   |   |   |   |--- feature_9 >  110.80
|   |   |   |   |   |   |   |   |   |   |--- class: positive
|   |   |   |   |   |   |   |--- feature_31 >  1.00
|   |   |   |   |   |   |   |   |--- feature_7 <= 24.50
|   |   |   |   |   |   |   |   |   |--- feature_7 <= 0.50
|   |   |   |   |   |   |   |   |   |   |--- feature_12 <= 75.24
|   |   |   |   |   |   |   |   |   |   |   |--- truncated branch of depth 3
|   |   |   |   |   |   |   |   |   |   |--- feature_12 >  75.24
|   |   |   |   |   |   |   |   |   |   |   |--- truncated branch of depth 2
|   |   |   |   |   |   |   |   |   |--- feature_7 >  0.50
|   |   |   |   |   |   |   |   |   |   |--- feature_24 <= 0.97
|   |   |   |   |   |   |   |   |   |   |   |--- truncated branch of depth 3
|   |   |   |   |   |   |   |   |   |   |--- feature_24 >  0.97
|   |   |   |   |   |   |   |   |   |   |   |--- class: negative
|   |   |   |   |   |   |   |   |--- feature_7 >  24.50
|   |   |   |   |   |   |   |   |   |--- class: negative
|   |   |   |   |--- feature_6 >  -87.31
|   |   |   |   |   |--- class: positive
|   |--- feature_21 >  1.00
|   |   |--- feature_1 <= 50077.50
|   |   |   |--- feature_0 <= 1973.50
|   |   |   |   |--- class: negative
|   |   |   |--- feature_0 >  1973.50
|   |   |   |   |--- feature_2 <= 21.00
|   |   |   |   |   |--- feature_39 <= 0.50
|   |   |   |   |   |   |--- class: negative
|   |   |   |   |   |--- feature_39 >  0.50
|   |   |   |   |   |   |--- feature_11 <= 10.20
|   |   |   |   |   |   |   |--- feature_7 <= 10.00
|   |   |   |   |   |   |   |   |--- class: negative
|   |   |   |   |   |   |   |--- feature_7 >  10.00
|   |   |   |   |   |   |   |   |--- feature_7 <= 17.50
|   |   |   |   |   |   |   |   |   |--- feature_0 <= 1977.00
|   |   |   |   |   |   |   |   |   |   |--- class: positive
|   |   |   |   |   |   |   |   |   |--- feature_0 >  1977.00
|   |   |   |   |   |   |   |   |   |   |--- class: negative
|   |   |   |   |   |   |   |   |--- feature_7 >  17.50
|   |   |   |   |   |   |   |   |   |--- class: negative
|   |   |   |   |   |   |--- feature_11 >  10.20
|   |   |   |   |   |   |   |--- class: positive
|   |   |   |   |--- feature_2 >  21.00
|   |   |   |   |   |--- feature_0 <= 1979.50
|   |   |   |   |   |   |--- class: positive
|   |   |   |   |   |--- feature_0 >  1979.50
|   |   |   |   |   |   |--- class: negative
|   |   |--- feature_1 >  50077.50
|   |   |   |--- feature_6 <= -88.03
|   |   |   |   |--- class: positive
|   |   |   |--- feature_6 >  -88.03
|   |   |   |   |--- class: negative
|--- feature_0 >  1982.50
|   |--- feature_31 <= 0.99
|   |   |--- feature_31 <= 0.00
|   |   |   |--- feature_1 <= 21179.50
|   |   |   |   |--- feature_28 <= 0.01
|   |   |   |   |   |--- feature_39 <= 0.01
|   |   |   |   |   |   |--- feature_23 <= 0.01
|   |   |   |   |   |   |   |--- feature_5 <= 45.09
|   |   |   |   |   |   |   |   |--- class: negative
|   |   |   |   |   |   |   |--- feature_5 >  45.09
|   |   |   |   |   |   |   |   |--- feature_5 <= 45.10
|   |   |   |   |   |   |   |   |   |--- class: positive
|   |   |   |   |   |   |   |   |--- feature_5 >  45.10
|   |   |   |   |   |   |   |   |   |--- class: negative
|   |   |   |   |   |   |--- feature_23 >  0.01
|   |   |   |   |   |   |   |--- feature_46 <= 0.49
|   |   |   |   |   |   |   |   |--- class: negative
|   |   |   |   |   |   |   |--- feature_46 >  0.49
|   |   |   |   |   |   |   |   |--- class: positive
|   |   |   |   |   |--- feature_39 >  0.01
|   |   |   |   |   |   |--- feature_39 <= 0.60
|   |   |   |   |   |   |   |--- class: positive
|   |   |   |   |   |   |--- feature_39 >  0.60
|   |   |   |   |   |   |   |--- class: negative
|   |   |   |   |--- feature_28 >  0.01
|   |   |   |   |   |--- feature_47 <= 0.55
|   |   |   |   |   |   |--- class: positive
|   |   |   |   |   |--- feature_47 >  0.55
|   |   |   |   |   |   |--- class: negative
|   |   |   |--- feature_1 >  21179.50
|   |   |   |   |--- feature_21 <= 0.21
|   |   |   |   |   |--- class: negative
|   |   |   |   |--- feature_21 >  0.21
|   |   |   |   |   |--- class: positive
|   |   |--- feature_31 >  0.00
|   |   |   |--- class: positive
|   |--- feature_31 >  0.99
|   |   |--- feature_1 <= 20680.00
|   |   |   |--- feature_18 <= 0.01
|   |   |   |   |--- feature_7 <= 42.50
|   |   |   |   |   |--- class: negative
|   |   |   |   |--- feature_7 >  42.50
|   |   |   |   |   |--- feature_7 <= 44.00
|   |   |   |   |   |   |--- class: positive
|   |   |   |   |   |--- feature_7 >  44.00
|   |   |   |   |   |   |--- class: negative
|   |   |   |--- feature_18 >  0.01
|   |   |   |   |--- feature_18 <= 0.99
|   |   |   |   |   |--- class: positive
|   |   |   |   |--- feature_18 >  0.99
|   |   |   |   |   |--- feature_0 <= 1986.50
|   |   |   |   |   |   |--- feature_2 <= 9.50
|   |   |   |   |   |   |   |--- class: negative
|   |   |   |   |   |   |--- feature_2 >  9.50
|   |   |   |   |   |   |   |--- class: positive
|   |   |   |   |   |--- feature_0 >  1986.50
|   |   |   |   |   |   |--- class: negative
|   |   |--- feature_1 >  20680.00
|   |   |   |--- feature_10 <= 140.24
|   |   |   |   |--- class: negative
|   |   |   |--- feature_10 >  140.24
|   |   |   |   |--- feature_7 <= 6.50
|   |   |   |   |   |--- class: negative
|   |   |   |   |--- feature_7 >  6.50
|   |   |   |   |   |--- class: positive
