|--- feature_0 <= 1982.50
|   |--- feature_21 <= 1.00
|   |   |--- feature_0 <= 1941.50
|   |   |   |--- feature_27 <= 0.24
|   |   |   |   |--- feature_41 <= 0.41
|   |   |   |   |   |--- class: negative
|   |   |   |   |--- feature_41 >  0.41
|   |   |   |   |   |--- feature_14 <= 2.50
|   |   |   |   |   |   |--- class: negative
|   |   |   |   |   |--- feature_14 >  2.50
|   |   |   |   |   |   |--- class: positive
|   |   |   |--- feature_27 >  0.24
|   |   |   |   |--- feature_9 <= 9.16
|   |   |   |   |   |--- class: negative
|   |   |   |   |--- feature_9 >  9.16
|   |   |   |   |   |--- class: positive
|   |   |--- feature_0 >  1941.50
|   |   |   |--- feature_31 <= 0.00
|   |   |   |   |--- feature_23 <= 0.00
|   |   |   |   |   |--- feature_7 <= 0.50
|   |   |   |   |   |   |--- feature_12 <= 47.00
|   |   |   |   |   |   |   |--- feature_12 <= 43.00
|   |   |   |   |   |   |   |   |--- class: negative
|   |   |   |   |   |   |   |--- feature_12 >  43.00
|   |   |   |   |   |   |   |   |--- feature_1 <= 18850.00
|   |   |   |   |   |   |   |   |   |--- feature_9 <= 6.60
|   |   |   |   |   |   |   |   |   |   |--- class: positive
|   |   |   |   |   |   |   |   |   |--- feature_9 >  6.60
|   |   |   |   |   |   |   |   |   |   |--- class: negative
|   |   |   |   |   |   |   |   |--- feature_1 >  18850.00
|   |   |   |   |   |   |   |   |   |--- class: positive
|   |   |   |   |   |   |--- feature_12 >  47.00
|   |   |   |   |   |   |   |--- feature_25 <= 0.01
|   |   |   |   |   |   |   |   |--- feature_21 <= 0.05
|   |   |   |   |   |   |   |   |   |--- feature_9 <= 118.11
|   |   |   |   |   |   |   |   |   |   |--- feature_9 <= 9.73
|   |   |   |   |   |   |   |   |   |   |   |--- truncated branch of depth 5
|   |   |   |   |   |   |   |   |   |   |--- feature_9 >  9.73
|   |   |   |   |   |   |   |   |   |   |   |--- class: negative
|   |   |   |   |   |   |   |   |   |--- feature_9 >  118.11
|   |   |   |   |   |   |   |   |   |   |--- class: positive
|   |   |   |   |   |   |   |   |--- feature_21 >  0.05
|   |   |   |   |   |   |   |   |   |--- class: positive
|   |   |   |   |   |   |   |--- feature_25 >  0.01
|   |   |   |   |   |   |   |   |--- feature_25 <= 1.00
|   |   |   |   |   |   |   |   |   |--- class: positive
|   |   |   |   |   |   |   |   |--- feature_25 >  1.00
|   |   |   |   |   |   |   |   |   |--- class: negative
|   |   |   |   |   |--- feature_7 >  0.50
|   |   |   |   |   |   |--- feature_47 <= 1.00
|   |   |   |   |   |   |   |--- feature_46 <= 1.00
|   |   |   |   |   |   |   |   |--- feature_18 <= 1.00
|   |   |   |   |   |   |   |   |   |--- feature_10 <= 547.85
|   |   |   |   |   |   |   |   |   |   |--- feature_12 <= 19.45
|   |   |   |   |   |   |   |   |   |   |   |--- class: negative
|   |   |   |   |   |   |   |   |   |   |--- feature_12 >  19.45
|   |   |   |   |   |   |   |   |   |   |   |--- truncated branch of depth 3
|   |   |   |   |   |   |   |   |   |--- feature_10 >  547.85
|   |   |   |   |   |   |   |   |   |   |--- class: negative
|   |   |   |   |   |   |   |   |--- feature_18 >  1.00
|   |   |   |   |   |   |   |   |   |--- feature_0 <= 1967.00
|   |   |   |   |   |   |   |   |   |   |--- class: negative
|   |   |   |   |   |   |   |   |   |--- feature_0 >  1967.00
|   |   |   |   |   |   |   |   |   |   |--- class: positive
|   |   |   |   |   |   |   |--- feature_46 >  1.00
|   |   |   |   |   |   |   |   |--- feature_1 <= 19800.00
|   |   |   |   |   |   |   |   |   |--- feature_7 <= 9.50
|   |   |   |   |   |   |   |   |   |   |--- feature_8 <= 2.50
|   |   |   |   |   |   |   |   |   |   |   |--- truncated branch of depth 3
|   |   |   |   |   |   |   |   |   |   |--- feature_8 >  2.50
|   |   |   |   |   |   |   |   |   |   |   |--- class: negative
|   |   |   |   |   |   |   |   |   |--- feature_7 >  9.50
|   |   |   |   |   |   |   |   |   |   |--- feature_1 <= 235.00
|   |   |   |   |   |   |   |   |   |   |   |--- truncated branch of depth 4
|   |   |   |   |   |   |   |   |   |   |--- feature_1 >  235.00
|   |   |   |   |   |   |   |   |   |   |   |--- class: negative
|   |   |   |   |   |   |   |   |--- feature_1 >  19800.00
|   |   |   |   |   |   |   |   |   |--- feature_18 <= 0.50
|   |   |   |   |   |   |   |   |   |   |--- class: negative
|   |   |   |   |   |   |   |   |   |--- feature_18 >  0.50
|   |   |   |   |   |   |   |   |   |   |--- class: positive
|   |   |   |   |   |   |--- feature_47 >  1.00
|   |   |   |   |   |   |   |--- feature_7 <= 42.50
|   |   |   |   |   |   |   |   |--- class: negative
|   |   |   |   |   |   |   |--- feature_7 >  42.50
|   |   |   |   |   |   |   |   |--- feature_1 <= 3665.00
|   |   |   |   |   |   |   |   |   |--- class: negative
|   |   |   |   |   |   |   |   |--- feature_1 >  3665.00
|   |   |   |   |   |   |   |   |   |--- feature_1 <= 4712.00
|   |   |   |   |   |   |   |   |   |   |--- class: positive
|   |   |   |   |   |   |   |   |   |--- feature_1 >  4712.00
|   |   |   |   |   |   |   |   |   |   |--- class: negative
|   |   |   |   |--- feature_23 >  0.00
|   |   |   |   |   |--- feature_23 <= 1.00
|   |   |   |   |   |   |--- class: positive
|   |   |   |   |   |--- feature_23 >  1.00
|   |   |   |   |   |   |--- feature_28 <= 0.00
|   |   |   |   |   |   |   |--- feature_50 <= 0.02
|   |   |   |   |   |   |   |   |--- feature_13 <= 3.50
|   |   |   |   |   |   |   |   |   |--- class: positive
|   |   |   |   |   |   |   |   |--- feature_13 >  3.50
|   |   |   |   |   |   |   |   |   |--- feature_11 <= 14.30
|   |   |   |   |   |   |   |   |   |   |--- feature_12 <= 20.05
|   |   |   |   |   |   |   |   |   |   |   |--- truncated branch of depth 2
|   |   |   |   |   |   |   |   |   |   |--- feature_12 >  20.05
|   |   |   |   |   |   |   |   |   |   |   |--- truncated branch of depth 4
|   |   |   |   |   |   |   |   |   |--- feature_11 >  14.30
|   |   |   |   |   |   |   |   |   |   |--- class: positive
|   |   |   |   |   |   |   |--- feature_50 >  0.02
|   |   |   |   |   |   |   |   |--- feature_47 <= 0.27
|   |   |   |   |   |   |   |   |   |--- class: negative
|   |   |   |   |   |   |   |   |--- feature_47 >  0.27
|   |   |   |   |   |   |   |   |   |--- class: positive
|   |   |   |   |   |   |--- feature_28 >  0.00
|   |   |   |   |   |   |   |--- feature_28 <= 1.00
|   |   |   |   |   |   |   |   |--- class: positive
|   |   |   |   |   |   |   |--- feature_28 >  1.00
|   |   |   |   |   |   |   |   |--- feature_1 <= 605.00
|   |   |   |   |   |   |   |   |   |--- feature_12 <= 33.20
|   |   |   |   |   |   |   |   |   |   |--- class: negative
|   |   |   |   |   |   |   |   |   |--- feature_12 >  33.20
|   |   |   |   |   |   |   |   |   |   |--- feature_7 <= 5.00
|   |   |   |   |   |   |   |   |   |   |   |--- truncated branch of depth 5
|   |   |   |   |   |   |   |   |   |   |--- feature_7 >  5.00
|   |   |   |   |   |   |   |   |   |   |   |--- class: negative
|   |   |   |   |   |   |   |   |--- feature_1 >  605.00
|   |   |   |   |   |   |   |   |   |--- class: negative
|   |   |   |--- feature_31 >  0.00
|   |   |   |   |--- feature_31 <= 1.00
|   |   |   |   |   |--- class: positive
|   |   |   |   |--- feature_31 >  1.00
|   |   |   |   |   |--- feature_1 <= 895.00
|   |   |   |   |   |   |--- feature_12 <= 74.40
|   |   |   |   |   |   |   |--- class: negative
|   |   |   |   |   |   |--- feature_12 >  74.40
|   |   |   |   |   |   |   |--- feature_0 <= 1956.00
|   |   |   |   |   |   |   |   |--- feature_0 <= 1952.50
|   |   |   |   |   |   |   |   |   |--- feature_0 <= 1946.50
|   |   |   |   |   |   |   |   |   |   |--- feature_1 <= 550.00
|   |   |   |   |   |   |   |   |   |   |   |--- class: positive
|   |   |   |   |   |   |   |   |   |   |--- feature_1 >  550.00
|   |   |   |   |   |   |   |   |   |   |   |--- class: negative
|   |   |   |   |   |   |   |   |   |--- feature_0 >  1946.50
|   |   |   |   |   |   |   |   |   |   |--- class: negative
|   |   |   |   |   |   |   |   |--- feature_0 >  1952.50
|   |   |   |   |   |   |   |   |   |--- class: positive
|   |   |   |   |   |   |   |--- feature_0 >  1956.00
|   |   |   |   |   |   |   |   |--- class: negative
|   |   |   |   |   |--- feature_1 >  895.00
|   |   |   |   |   |   |--- feature_0 <= 1960.50
|   |   |   |   |   |   |   |--- class: negative
|   |   |   |   |   |   |--- feature_0 >  1960.50
|   |   |   |   |   |   |   |--- feature_12 <= 47.13
|   |   |   |   |   |   |   |   |--- feature_11 <= 15.05
|   |   |   |   |   |   |   |   |   |--- class: negative
|   |   |   |   |   |   |   |   |--- feature_11 >  15.05
|   |   |   |   |   |   |   |   |   |--- feature_11 <= 15.65
|   |   |   |   |   |   |   |   |   |   |--- class: positive
|   |   |   |   |   |   |   |   |   |--- feature_11 >  15.65
|   |   |   |   |   |   |   |   |   |   |--- class: negative
|   |   |   |   |   |   |   |--- feature_12 >  47.13
|   |   |   |   |   |   |   |   |--- feature_10 <= 15.20
|   |   |   |   |   |   |   |   |   |--- class: negative
|   |   |   |   |   |   |   |   |--- feature_10 >  15.20
|   |   |   |   |   |   |   |   |   |--- feature_22 <= 1.00
|   |   |   |   |   |   |   |   |   |   |--- feature_23 <= 1.00
|   |   |   |   |   |   |   |   |   |   |   |--- truncated branch of depth 6
|   |   |   |   |   |   |   |   |   |   |--- feature_23 >  1.00
|   |   |   |   |   |   |   |   |   |   |   |--- truncated branch of depth 5
|   |   |   |   |   |   |   |   |   |--- feature_22 >  1.00
|   |   |   |   |   |   |   |   |   |   |--- feature_1 <= 12985.00
|   |   |   |   |   |   |   |   |   |   |   |--- class: negative
|   |   |   |   |   |   |   |   |   |   |--- feature_1 >  12985.00
|   |   |   |   |   |   |   |   |   |   |   |--- truncated branch of depth 3
|   |--- feature_21 >  1.00
|   |   |--- feature_1 <= 49963.00
|   |   |   |--- feature_0 <= 1973.50
|   |   |   |   |--- class: negative
|   |   |   |--- feature_0 >  1973.50
|   |   |   |   |--- feature_2 <= 21.00
|   |   |   |   |   |--- feature_39 <= 0.50
|   |   |   |   |   |   |--- class: negative
|   |   |   |   |   |--- feature_39 >  0.50
|   |   |   |   |   |   |--- feature_11 <= 10.20
|   |   |   |   |   |   |   |--- feature_7 <= 10.00
|   |   |   |   |   |   |   |   |--- class: negative
|   |   |   |   |   |   |   |--- feature_7 >  10.00
|   |   |   |   |   |   |   |   |--- feature_7 <= 17.50
|   |   |   |   |   |   |   |   |   |--- feature_1 <= 325.00
|   |   |   |   |   |   |   |   |   |   |--- class: positive
|   |   |   |   |   |   |   |   |   |--- feature_1 >  325.00
|   |   |   |   |   |   |   |   |   |   |--- class: negative
|   |   |   |   |   |   |   |   |--- feature_7 >  17.50
|   |   |   |   |   |   |   |   |   |--- class: negative
|   |   |   |   |   |   |--- feature_11 >  10.20
|   |   |   |   |   |   |   |--- class: positive
|   |   |   |   |--- feature_2 >  21.00
|   |   |   |   |   |--- feature_11 <= 10.35
|   |   |   |   |   |   |--- class: negative
|   |   |   |   |   |--- feature_11 >  10.35
|   |   |   |   |   |   |--- class: positive
|   |   |--- feature_1 >  49963.00
|   |   |   |--- feature_9 <= 35.87
|   |   |   |   |--- class: negative
|   |   |   |--- feature_9 >  35.87
|   |   |   |   |--- class: positive
|--- feature_0 >  1982.50
|   |--- feature_31 <= 1.00
|   |   |--- feature_31 <= 0.01
|   |   |   |--- feature_1 <= 21106.50
|   |   |   |   |--- feature_39 <= 0.01
|   |   |   |   |   |--- feature_28 <= 0.01
|   |   |   |   |   |   |--- feature_23 <= 0.01
|   |   |   |   |   |   |   |--- feature_12 <= 49.05
|   |   |   |   |   |   |   |   |--- feature_12 <= 47.80
|   |   |   |   |   |   |   |   |   |--- class: negative
|   |   |   |   |   |   |   |   |--- feature_12 >  47.80
|   |   |   |   |   |   |   |   |   |--- feature_17 <= 0.50
|   |   |   |   |   |   |   |   |   |   |--- class: negative
|   |   |   |   |   |   |   |   |   |--- feature_17 >  0.50
|   |   |   |   |   |   |   |   |   |   |--- feature_9 <= 12.95
|   |   |   |   |   |   |   |   |   |   |   |--- class: negative
|   |   |   |   |   |   |   |   |   |   |--- feature_9 >  12.95
|   |   |   |   |   |   |   |   |   |   |   |--- class: positive
|   |   |   |   |   |   |   |--- feature_12 >  49.05
|   |   |   |   |   |   |   |   |--- class: negative
|   |   |   |   |   |   |--- feature_23 >  0.01
|   |   |   |   |   |   |   |--- feature_47 <= 0.51
|   |   |   |   |   |   |   |   |--- class: positive
|   |   |   |   |   |   |   |--- feature_47 >  0.51
|   |   |   |   |   |   |   |   |--- class: negative
|   |   |   |   |   |--- feature_28 >  0.01
|   |   |   |   |   |   |--- feature_12 <= 41.33
|   |   |   |   |   |   |   |--- class: negative
|   |   |   |   |   |   |--- feature_12 >  41.33
|   |   |   |   |   |   |   |--- class: positive
|   |   |   |   |--- feature_39 >  0.01
|   |   |   |   |   |--- feature_46 <= 0.40
|   |   |   |   |   |   |--- class: negative
|   |   |   |   |   |--- feature_46 >  0.40
|   |   |   |   |   |   |--- class: positive
|   |   |   |--- feature_1 >  21106.50
|   |   |   |   |--- feature_14 <= 3.50
|   |   |   |   |   |--- class: positive
|   |   |   |   |--- feature_14 >  3.50
|   |   |   |   |   |--- class: negative
|   |   |--- feature_31 >  0.01
|   |   |   |--- class: positive
|   |--- feature_31 >  1.00
|   |   |--- feature_1 <= 20727.50
|   |   |   |--- feature_0 <= 1986.50
|   |   |   |   |--- feature_2 <= 9.50
|   |   |   |   |   |--- feature_7 <= 42.50
|   |   |   |   |   |   |--- feature_39 <= 0.06
|   |   |   |   |   |   |   |--- class: negative
|   |   |   |   |   |   |--- feature_39 >  0.06
|   |   |   |   |   |   |   |--- feature_10 <= 18.04
|   |   |   |   |   |   |   |   |--- class: negative
|   |   |   |   |   |   |   |--- feature_10 >  18.04
|   |   |   |   |   |   |   |   |--- class: positive
|   |   |   |   |   |--- feature_7 >  42.50
|   |   |   |   |   |   |--- feature_11 <= 9.15
|   |   |   |   |   |   |   |--- class: negative
|   |   |   |   |   |   |--- feature_11 >  9.15
|   |   |   |   |   |   |   |--- class: positive
|   |   |   |   |--- feature_2 >  9.50
|   |   |   |   |   |--- feature_18 <= 0.50
|   |   |   |   |   |   |--- class: negative
|   |   |   |   |   |--- feature_18 >  0.50
|   |   |   |   |   |   |--- class: positive
|   |   |   |--- feature_0 >  1986.50
|   |   |   |   |--- class: negative
|   |   |--- feature_1 >  20727.50
|   |   |   |--- feature_10 <= 133.87
|   |   |   |   |--- class: negative
|   |   |   |--- feature_10 >  133.87
|   |   |   |   |--- feature_7 <= 6.50
|   |   |   |   |   |--- class: negative
|   |   |   |   |--- feature_7 >  6.50
|   |   |   |   |   |--- class: positive
