|--- feature_0 <= 1982.50
|   |--- feature_21 <= 1.00
|   |   |--- feature_6 <= -89.02
|   |   |   |--- feature_7 <= 0.50
|   |   |   |   |--- feature_2 <= 1.00
|   |   |   |   |   |--- class: negative
|   |   |   |   |--- feature_2 >  1.00
|   |   |   |   |   |--- feature_5 <= 44.02
|   |   |   |   |   |   |--- feature_11 <= 7.45
|   |   |   |   |   |   |   |--- feature_11 <= 7.15
|   |   |   |   |   |   |   |   |--- class: negative
|   |   |   |   |   |   |   |--- feature_11 >  7.15
|   |   |   |   |   |   |   |   |--- feature_10 <= 20.22
|   |   |   |   |   |   |   |   |   |--- class: positive
|   |   |   |   |   |   |   |   |--- feature_10 >  20.22
|   |   |   |   |   |   |   |   |   |--- feature_6 <= -90.37
|   |   |   |   |   |   |   |   |   |   |--- class: positive
|   |   |   |   |   |   |   |   |   |--- feature_6 >  -90.37
|   |   |   |   |   |   |   |   |   |   |--- class: negative
|   |   |   |   |   |   |--- feature_11 >  7.45
|   |   |   |   |   |   |   |--- feature_1 <= 16713.50
|   |   |   |   |   |   |   |   |--- class: negative
|   |   |   |   |   |   |   |--- feature_1 >  16713.50
|   |   |   |   |   |   |   |   |--- feature_24 <= 1.00
|   |   |   |   |   |   |   |   |   |--- feature_32 <= 0.99
|   |   |   |   |   |   |   |   |   |   |--- class: positive
|   |   |   |   |   |   |   |   |   |--- feature_32 >  0.99
|   |   |   |   |   |   |   |   |   |   |--- feature_12 <= 48.60
|   |   |   |   |   |   |   |   |   |   |   |--- class: positive
|   |   |   |   |   |   |   |   |   |   |--- feature_12 >  48.60
|   |   |   |   |   |   |   |   |   |   |   |--- class: negative
|   |   |   |   |   |   |   |   |--- feature_24 >  1.00
|   |   |   |   |   |   |   |   |   |--- feature_1 <= 17050.00
|   |   |   |   |   |   |   |   |   |   |--- class: positive
|   |   |   |   |   |   |   |   |   |--- feature_1 >  17050.00
|   |   |   |   |   |   |   |   |   |   |--- class: negative
|   |   |   |   |   |--- feature_5 >  44.02
|   |   |   |   |   |   |--- class: negative
|   |   |   |--- feature_7 >  0.50
|   |   |   |   |--- feature_13 <= 8.00
|   |   |   |   |   |--- feature_13 <= 5.00
|   |   |   |   |   |   |--- feature_1 <= 6802.00
|   |   |   |   |   |   |   |--- class: negative
|   |   |   |   |   |   |--- feature_1 >  6802.00
|   |   |   |   |   |   |   |--- feature_9 <= 16.45
|   |   |   |   |   |   |   |   |--- feature_11 <= 11.94
|   |   |   |   |   |   |   |   |   |--- feature_2 <= 21.00
|   |   |   |   |   |   |   |   |   |   |--- class: negative
|   |   |   |   |   |   |   |   |   |--- feature_2 >  21.00
|   |   |   |   |   |   |   |   |   |   |--- class: positive
|   |   |   |   |   |   |   |   |--- feature_11 >  11.94
|   |   |   |   |   |   |   |   |   |--- class: positive
|   |   |   |   |   |   |   |--- feature_9 >  16.45
|   |   |   |   |   |   |   |   |--- feature_5 <= 42.60
|   |   |   |   |   |   |   |   |   |--- class: positive
|   |   |   |   |   |   |   |   |--- feature_5 >  42.60
|   |   |   |   |   |   |   |   |   |--- class: negative
|   |   |   |   |   |--- feature_13 >  5.00
|   |   |   |   |   |   |--- feature_23 <= 1.00
|   |   |   |   |   |   |   |--- feature_0 <= 1939.50
|   |   |   |   |   |   |   |   |--- class: negative
|   |   |   |   |   |   |   |--- feature_0 >  1939.50
|   |   |   |   |   |   |   |   |--- class: positive
|   |   |   |   |   |   |--- feature_23 >  1.00
|   |   |   |   |   |   |   |--- class: negative
|   |   |   |   |--- feature_13 >  8.00
|   |   |   |   |   |--- feature_21 <= 0.03
|   |   |   |   |   |   |--- feature_9 <= 14.50
|   |   |   |   |   |   |   |--- class: negative
|   |   |   |   |   |   |--- feature_9 >  14.50
|   |   |   |   |   |   |   |--- feature_11 <= 7.27
|   |   |   |   |   |   |   |   |--- feature_0 <= 1950.50
|   |   |   |   |   |   |   |   |   |--- class: negative
|   |   |   |   |   |   |   |   |--- feature_0 >  1950.50
|   |   |   |   |   |   |   |   |   |--- class: positive
|   |   |   |   |   |   |   |--- feature_11 >  7.27
|   |   |   |   |   |   |   |   |--- feature_5 <= 43.49
|   |   |   |   |   |   |   |   |   |--- feature_31 <= 0.01
|   |   |   |   |   |   |   |   |   |   |--- feature_1 <= 3640.00
|   |   |   |   |   |   |   |   |   |   |   |--- class: negative
|   |   |   |   |   |   |   |   |   |   |--- feature_1 >  3640.00
|   |   |   |   |   |   |   |   |   |   |   |--- truncated branch of depth 2
|   |   |   |   |   |   |   |   |   |--- feature_31 >  0.01
|   |   |   |   |   |   |   |   |   |   |--- feature_5 <= 42.89
|   |   |   |   |   |   |   |   |   |   |   |--- truncated branch of depth 2
|   |   |   |   |   |   |   |   |   |   |--- feature_5 >  42.89
|   |   |   |   |   |   |   |   |   |   |   |--- class: positive
|   |   |   |   |   |   |   |   |--- feature_5 >  43.49
|   |   |   |   |   |   |   |   |   |--- class: negative
|   |   |   |   |   |--- feature_21 >  0.03
|   |   |   |   |   |   |--- class: positive
|   |   |--- feature_6 >  -89.02
|   |   |   |--- feature_5 <= 0.02
|   |   |   |   |--- feature_18 <= 0.00
|   |   |   |   |   |--- feature_10 <= 8.70
|   |   |   |   |   |   |--- class: negative
|   |   |   |   |   |--- feature_10 >  8.70
|   |   |   |   |   |   |--- feature_23 <= 0.00
|   |   |   |   |   |   |   |--- feature_21 <= 0.01
|   |   |   |   |   |   |   |   |--- feature_24 <= 0.00
|   |   |   |   |   |   |   |   |   |--- feature_10 <= 12.40
|   |   |   |   |   |   |   |   |   |   |--- feature_10 <= 12.25
|   |   |   |   |   |   |   |   |   |   |   |--- truncated branch of depth 3
|   |   |   |   |   |   |   |   |   |   |--- feature_10 >  12.25
|   |   |   |   |   |   |   |   |   |   |   |--- class: positive
|   |   |   |   |   |   |   |   |   |--- feature_10 >  12.40
|   |   |   |   |   |   |   |   |   |   |--- class: negative
|   |   |   |   |   |   |   |   |--- feature_24 >  0.00
|   |   |   |   |   |   |   |   |   |--- feature_8 <= 2.50
|   |   |   |   |   |   |   |   |   |   |--- feature_12 <= 47.03
|   |   |   |   |   |   |   |   |   |   |   |--- class: negative
|   |   |   |   |   |   |   |   |   |   |--- feature_12 >  47.03
|   |   |   |   |   |   |   |   |   |   |   |--- truncated branch of depth 3
|   |   |   |   |   |   |   |   |   |--- feature_8 >  2.50
|   |   |   |   |   |   |   |   |   |   |--- class: negative
|   |   |   |   |   |   |   |--- feature_21 >  0.01
|   |   |   |   |   |   |   |   |--- class: positive
|   |   |   |   |   |   |--- feature_23 >  0.00
|   |   |   |   |   |   |   |--- feature_23 <= 1.00
|   |   |   |   |   |   |   |   |--- class: positive
|   |   |   |   |   |   |   |--- feature_23 >  1.00
|   |   |   |   |   |   |   |   |--- feature_1 <= 55.00
|   |   |   |   |   |   |   |   |   |--- feature_10 <= 12.95
|   |   |   |   |   |   |   |   |   |   |--- feature_31 <= 0.99
|   |   |   |   |   |   |   |   |   |   |   |--- truncated branch of depth 5
|   |   |   |   |   |   |   |   |   |   |--- feature_31 >  0.99
|   |   |   |   |   |   |   |   |   |   |   |--- truncated branch of depth 3
|   |   |   |   |   |   |   |   |   |--- feature_10 >  12.95
|   |   |   |   |   |   |   |   |   |   |--- class: negative
|   |   |   |   |   |   |   |   |--- feature_1 >  55.00
|   |   |   |   |   |   |   |   |   |--- feature_11 <= 8.45
|   |   |   |   |   |   |   |   |   |   |--- class: negative
|   |   |   |   |   |   |   |   |   |--- feature_11 >  8.45
|   |   |   |   |   |   |   |   |   |   |--- feature_12 <= 72.80
|   |   |   |   |   |   |   |   |   |   |   |--- truncated branch of depth 4
|   |   |   |   |   |   |   |   |   |   |--- feature_12 >  72.80
|   |   |   |   |   |   |   |   |   |   |   |--- truncated branch of depth 3
|   |   |   |   |--- feature_18 >  0.00
|   |   |   |   |   |--- feature_18 <= 1.00
|   |   |   |   |   |   |--- class: positive
|   |   |   |   |   |--- feature_18 >  1.00
|   |   |   |   |   |   |--- feature_1 <= 39.50
|   |   |   |   |   |   |   |--- class: positive
|   |   |   |   |   |   |--- feature_1 >  39.50
|   |   |   |   |   |   |   |--- feature_41 <= 0.05
|   |   |   |   |   |   |   |   |--- feature_9 <= 9.75
|   |   |   |   |   |   |   |   |   |--- feature_7 <= 17.00
|   |   |   |   |   |   |   |   |   |   |--- feature_1 <= 45.00
|   |   |   |   |   |   |   |   |   |   |   |--- class: positive
|   |   |   |   |   |   |   |   |   |   |--- feature_1 >  45.00
|   |   |   |   |   |   |   |   |   |   |   |--- class: negative
|   |   |   |   |   |   |   |   |   |--- feature_7 >  17.00
|   |   |   |   |   |   |   |   |   |   |--- feature_1 <= 1205.00
|   |   |   |   |   |   |   |   |   |   |   |--- class: positive
|   |   |   |   |   |   |   |   |   |   |--- feature_1 >  1205.00
|   |   |   |   |   |   |   |   |   |   |   |--- class: negative
|   |   |   |   |   |   |   |   |--- feature_9 >  9.75
|   |   |   |   |   |   |   |   |   |--- class: negative
|   |   |   |   |   |   |   |--- feature_41 >  0.05
|   |   |   |   |   |   |   |   |--- feature_46 <= 0.02
|   |   |   |   |   |   |   |   |   |--- feature_1 <= 3775.00
|   |   |   |   |   |   |   |   |   |   |--- feature_28 <= 0.50
|   |   |   |   |   |   |   |   |   |   |   |--- class: positive
|   |   |   |   |   |   |   |   |   |   |--- feature_28 >  0.50
|   |   |   |   |   |   |   |   |   |   |   |--- class: negative
|   |   |   |   |   |   |   |   |   |--- feature_1 >  3775.00
|   |   |   |   |   |   |   |   |   |   |--- class: negative
|   |   |   |   |   |   |   |   |--- feature_46 >  0.02
|   |   |   |   |   |   |   |   |   |--- class: positive
|   |   |   |--- feature_5 >  0.02
|   |   |   |   |--- feature_6 <= -87.31
|   |   |   |   |   |--- feature_0 <= 1954.50
|   |   |   |   |   |   |--- feature_6 <= -88.93
|   |   |   |   |   |   |   |--- feature_10 <= 8.35
|   |   |   |   |   |   |   |   |--- class: positive
|   |   |   |   |   |   |   |--- feature_10 >  8.35
|   |   |   |   |   |   |   |   |--- feature_7 <= 33.00
|   |   |   |   |   |   |   |   |   |--- class: negative
|   |   |   |   |   |   |   |   |--- feature_7 >  33.00
|   |   |   |   |   |   |   |   |   |--- class: positive
|   |   |   |   |   |   |--- feature_6 >  -88.93
|   |   |   |   |   |   |   |--- feature_1 <= 615.00
|   |   |   |   |   |   |   |   |--- feature_47 <= 0.49
|   |   |   |   |   |   |   |   |   |--- class: negative
|   |   |   |   |   |   |   |   |--- feature_47 >  0.49
|   |   |   |   |   |   |   |   |   |--- feature_47 <= 0.99
|   |   |   |   |   |   |   |   |   |   |--- class: positive
|   |   |   |   |   |   |   |   |   |--- feature_47 >  0.99
|   |   |   |   |   |   |   |   |   |   |--- feature_9 <= 12.05
|   |   |   |   |   |   |   |   |   |   |   |--- class: positive
|   |   |   |   |   |   |   |   |   |   |--- feature_9 >  12.05
|   |   |   |   |   |   |   |   |   |   |   |--- class: negative
|   |   |   |   |   |   |   |--- feature_1 >  615.00
|   |   |   |   |   |   |   |   |--- class: negative
|   |   |   |   |   |--- feature_0 >  1954.50
|   |   |   |   |   |   |--- feature_1 <= 4348.00
|   |   |   |   |   |   |   |--- feature_2 <= 17.50
|   |   |   |   |   |   |   |   |--- class: negative
|   |   |   |   |   |   |   |--- feature_2 >  17.50
|   |   |   |   |   |   |   |   |--- class: positive
|   |   |   |   |   |   |--- feature_1 >  4348.00
|   |   |   |   |   |   |   |--- feature_5 <= 44.03
|   |   |   |   |   |   |   |   |--- feature_1 <= 56433.00
|   |   |   |   |   |   |   |   |   |--- feature_7 <= 29.50
|   |   |   |   |   |   |   |   |   |   |--- feature_7 <= 0.50
|   |   |   |   |   |   |   |   |   |   |   |--- truncated branch of depth 4
|   |   |   |   |   |   |   |   |   |   |--- feature_7 >  0.50
|   |   |   |   |   |   |   |   |   |   |   |--- truncated branch of depth 5
|   |   |   |   |   |   |   |   |   |--- feature_7 >  29.50
|   |   |   |   |   |   |   |   |   |   |--- feature_1 <= 4820.00
|   |   |   |   |   |   |   |   |   |   |   |--- class: positive
|   |   |   |   |   |   |   |   |   |   |--- feature_1 >  4820.00
|   |   |   |   |   |   |   |   |   |   |   |--- class: negative
|   |   |   |   |   |   |   |   |--- feature_1 >  56433.00
|   |   |   |   |   |   |   |   |   |--- class: negative
|   |   |   |   |   |   |   |--- feature_5 >  44.03
|   |   |   |   |   |   |   |   |--- feature_21 <= 0.35
|   |   |   |   |   |   |   |   |   |--- feature_6 <= -88.83
|   |   |   |   |   |   |   |   |   |   |--- class: positive
|   |   |   |   |   |   |   |   |   |--- feature_6 >  -88.83
|   |   |   |   |   |   |   |   |   |   |--- class: negative
|   |   |   |   |   |   |   |   |--- feature_21 >  0.35
|   |   |   |   |   |   |   |   |   |--- class: positive
|   |   |   |   |--- feature_6 >  -87.31
|   |   |   |   |   |--- class: positive
|   |--- feature_21 >  1.00
|   |   |--- feature_1 <= 50831.50
|   |   |   |--- feature_0 <= 1973.50
|   |   |   |   |--- class: negative
|   |   |   |--- feature_0 >  1973.50
|   |   |   |   |--- feature_32 <= 0.50
|   |   |   |   |   |--- feature_39 <= 0.50
|   |   |   |   |   |   |--- class: negative
|   |   |   |   |   |--- feature_39 >  0.50
|   |   |   |   |   |   |--- feature_11 <= 10.20
|   |   |   |   |   |   |   |--- feature_7 <= 10.00
|   |   |   |   |   |   |   |   |--- class: negative
|   |   |   |   |   |   |   |--- feature_7 >  10.00
|   |   |   |   |   |   |   |   |--- feature_7 <= 17.50
|   |   |   |   |   |   |   |   |   |--- feature_13 <= 7.50
|   |   |   |   |   |   |   |   |   |   |--- class: negative
|   |   |   |   |   |   |   |   |   |--- feature_13 >  7.50
|   |   |   |   |   |   |   |   |   |   |--- class: positive
|   |   |   |   |   |   |   |   |--- feature_7 >  17.50
|   |   |   |   |   |   |   |   |   |--- class: negative
|   |   |   |   |   |   |--- feature_11 >  10.20
|   |   |   |   |   |   |   |--- class: positive
|   |   |   |   |--- feature_32 >  0.50
|   |   |   |   |   |--- feature_10 <= 28.65
|   |   |   |   |   |   |--- class: negative
|   |   |   |   |   |--- feature_10 >  28.65
|   |   |   |   |   |   |--- class: positive
|   |   |--- feature_1 >  50831.50
|   |   |   |--- feature_6 <= -88.03
|   |   |   |   |--- class: positive
|   |   |   |--- feature_6 >  -88.03
|   |   |   |   |--- class: negative
|--- feature_0 >  1982.50
|   |--- feature_31 <= 1.00
|   |   |--- feature_31 <= 0.00
|   |   |   |--- feature_1 <= 21076.00
|   |   |   |   |--- feature_28 <= 0.01
|   |   |   |   |   |--- feature_39 <= 0.01
|   |   |   |   |   |   |--- feature_23 <= 0.02
|   |   |   |   |   |   |   |--- feature_5 <= 45.09
|   |   |   |   |   |   |   |   |--- class: negative
|   |   |   |   |   |   |   |--- feature_5 >  45.09
|   |   |   |   |   |   |   |   |--- feature_5 <= 45.10
|   |   |   |   |   |   |   |   |   |--- class: positive
|   |   |   |   |   |   |   |   |--- feature_5 >  45.10
|   |   |   |   |   |   |   |   |   |--- class: negative
|   |   |   |   |   |   |--- feature_23 >  0.02
|   |   |   |   |   |   |   |--- feature_46 <= 0.46
|   |   |   |   |   |   |   |   |--- class: negative
|   |   |   |   |   |   |   |--- feature_46 >  0.46
|   |   |   |   |   |   |   |   |--- class: positive
|   |   |   |   |   |--- feature_39 >  0.01
|   |   |   |   |   |   |--- feature_7 <= 16.00
|   |   |   |   |   |   |   |--- class: positive
|   |   |   |   |   |   |--- feature_7 >  16.00
|   |   |   |   |   |   |   |--- class: negative
|   |   |   |   |--- feature_28 >  0.01
|   |   |   |   |   |--- feature_29 <= 0.45
|   |   |   |   |   |   |--- class: negative
|   |   |   |   |   |--- feature_29 >  0.45
|   |   |   |   |   |   |--- class: positive
|   |   |   |--- feature_1 >  21076.00
|   |   |   |   |--- feature_21 <= 0.21
|   |   |   |   |   |--- class: negative
|   |   |   |   |--- feature_21 >  0.21
|   |   |   |   |   |--- class: positive
|   |   |--- feature_31 >  0.00
|   |   |   |--- class: positive
|   |--- feature_31 >  1.00
|   |   |--- feature_1 <= 20669.00
|   |   |   |--- feature_18 <= 0.02
|   |   |   |   |--- feature_7 <= 42.50
|   |   |   |   |   |--- class: negative
|   |   |   |   |--- feature_7 >  42.50
|   |   |   |   |   |--- feature_7 <= 44.00
|   |   |   |   |   |   |--- class: positive
|   |   |   |   |   |--- feature_7 >  44.00
|   |   |   |   |   |   |--- class: negative
|   |   |   |--- feature_18 >  0.02
|   |   |   |   |--- feature_18 <= 1.00
|   |   |   |   |   |--- class: positive
|   |   |   |   |--- feature_18 >  1.00
|   |   |   |   |   |--- feature_0 <= 1986.50
|   |   |   |   |   |   |--- feature_2 <= 9.50
|   |   |   |   |   |   |   |--- class: negative
|   |   |   |   |   |   |--- feature_2 >  9.50
|   |   |   |   |   |   |   |--- class: positive
|   |   |   |   |   |--- feature_0 >  1986.50
|   |   |   |   |   |   |--- class: negative
|   |   |--- feature_1 >  20669.00
|   |   |   |--- feature_10 <= 140.58
|   |   |   |   |--- class: negative
|   |   |   |--- feature_10 >  140.58
|   |   |   |   |--- feature_7 <= 6.50
|   |   |   |   |   |--- class: negative
|   |   |   |   |--- feature_7 >  6.50
|   |   |   |   |   |--- class: positive
