|--- feature_0 <= 1969.50
|   |--- feature_13 <= 8.00
|   |   |--- feature_13 <= 5.00
|   |   |   |--- feature_13 <= 5.00
|   |   |   |   |--- feature_13 <= 4.00
|   |   |   |   |   |--- feature_44 <= 1.00
|   |   |   |   |   |   |--- feature_44 <= 0.00
|   |   |   |   |   |   |   |--- feature_14 <= 1.50
|   |   |   |   |   |   |   |   |--- feature_11 <= 4.80
|   |   |   |   |   |   |   |   |   |--- feature_12 <= 0.03
|   |   |   |   |   |   |   |   |   |   |--- feature_0 <= 1942.00
|   |   |   |   |   |   |   |   |   |   |   |--- class: negative
|   |   |   |   |   |   |   |   |   |   |--- feature_0 >  1942.00
|   |   |   |   |   |   |   |   |   |   |   |--- truncated branch of depth 2
|   |   |   |   |   |   |   |   |   |--- feature_12 >  0.03
|   |   |   |   |   |   |   |   |   |   |--- feature_11 <= 4.80
|   |   |   |   |   |   |   |   |   |   |   |--- truncated branch of depth 10
|   |   |   |   |   |   |   |   |   |   |--- feature_11 >  4.80
|   |   |   |   |   |   |   |   |   |   |   |--- truncated branch of depth 7
|   |   |   |   |   |   |   |   |--- feature_11 >  4.80
|   |   |   |   |   |   |   |   |   |--- class: positive
|   |   |   |   |   |   |   |--- feature_14 >  1.50
|   |   |   |   |   |   |   |   |--- feature_47 <= 0.00
|   |   |   |   |   |   |   |   |   |--- feature_9 <= 7.45
|   |   |   |   |   |   |   |   |   |   |--- feature_0 <= 1953.50
|   |   |   |   |   |   |   |   |   |   |   |--- class: negative
|   |   |   |   |   |   |   |   |   |   |--- feature_0 >  1953.50
|   |   |   |   |   |   |   |   |   |   |   |--- truncated branch of depth 2
|   |   |   |   |   |   |   |   |   |--- feature_9 >  7.45
|   |   |   |   |   |   |   |   |   |   |--- feature_9 <= 9.97
|   |   |   |   |   |   |   |   |   |   |   |--- truncated branch of depth 6
|   |   |   |   |   |   |   |   |   |   |--- feature_9 >  9.97
|   |   |   |   |   |   |   |   |   |   |   |--- truncated branch of depth 8
|   |   |   |   |   |   |   |   |--- feature_47 >  0.00
|   |   |   |   |   |   |   |   |   |--- feature_47 <= 1.00
|   |   |   |   |   |   |   |   |   |   |--- class: positive
|   |   |   |   |   |   |   |   |   |--- feature_47 >  1.00
|   |   |   |   |   |   |   |   |   |   |--- feature_10 <= 22.24
|   |   |   |   |   |   |   |   |   |   |   |--- truncated branch of depth 5
|   |   |   |   |   |   |   |   |   |   |--- feature_10 >  22.24
|   |   |   |   |   |   |   |   |   |   |   |--- truncated branch of depth 7
|   |   |   |   |   |   |--- feature_44 >  0.00
|   |   |   |   |   |   |   |--- class: positive
|   |   |   |   |   |--- feature_44 >  1.00
|   |   |   |   |   |   |--- feature_13 <= 4.00
|   |   |   |   |   |   |   |--- feature_13 <= 3.00
|   |   |   |   |   |   |   |   |--- feature_8 <= 1.50
|   |   |   |   |   |   |   |   |   |--- feature_10 <= 7.60
|   |   |   |   |   |   |   |   |   |   |--- feature_9 <= 7.07
|   |   |   |   |   |   |   |   |   |   |   |--- class: negative
|   |   |   |   |   |   |   |   |   |   |--- feature_9 >  7.07
|   |   |   |   |   |   |   |   |   |   |   |--- truncated branch of depth 2
|   |   |   |   |   |   |   |   |   |--- feature_10 >  7.60
|   |   |   |   |   |   |   |   |   |   |--- feature_1 <= 19.50
|   |   |   |   |   |   |   |   |   |   |   |--- truncated branch of depth 5
|   |   |   |   |   |   |   |   |   |   |--- feature_1 >  19.50
|   |   |   |   |   |   |   |   |   |   |   |--- truncated branch of depth 9
|   |   |   |   |   |   |   |   |--- feature_8 >  1.50
|   |   |   |   |   |   |   |   |   |--- feature_1 <= 657.50
|   |   |   |   |   |   |   |   |   |   |--- feature_0 <= 1958.50
|   |   |   |   |   |   |   |   |   |   |   |--- truncated branch of depth 5
|   |   |   |   |   |   |   |   |   |   |--- feature_0 >  1958.50
|   |   |   |   |   |   |   |   |   |   |   |--- truncated branch of depth 2
|   |   |   |   |   |   |   |   |   |--- feature_1 >  657.50
|   |   |   |   |   |   |   |   |   |   |--- class: positive
|   |   |   |   |   |   |   |--- feature_13 >  3.00
|   |   |   |   |   |   |   |   |--- class: positive
|   |   |   |   |   |   |--- feature_13 >  4.00
|   |   |   |   |   |   |   |--- feature_8 <= 4.50
|   |   |   |   |   |   |   |   |--- feature_14 <= 1.50
|   |   |   |   |   |   |   |   |   |--- feature_9 <= 9.25
|   |   |   |   |   |   |   |   |   |   |--- feature_5 <= 41.43
|   |   |   |   |   |   |   |   |   |   |   |--- class: negative
|   |   |   |   |   |   |   |   |   |   |--- feature_5 >  41.43
|   |   |   |   |   |   |   |   |   |   |   |--- truncated branch of depth 2
|   |   |   |   |   |   |   |   |   |--- feature_9 >  9.25
|   |   |   |   |   |   |   |   |   |   |--- feature_12 <= 14.14
|   |   |   |   |   |   |   |   |   |   |   |--- truncated branch of depth 3
|   |   |   |   |   |   |   |   |   |   |--- feature_12 >  14.14
|   |   |   |   |   |   |   |   |   |   |   |--- class: positive
|   |   |   |   |   |   |   |   |--- feature_14 >  1.50
|   |   |   |   |   |   |   |   |   |--- feature_12 <= 46.42
|   |   |   |   |   |   |   |   |   |   |--- feature_29 <= 0.25
|   |   |   |   |   |   |   |   |   |   |   |--- truncated branch of depth 3
|   |   |   |   |   |   |   |   |   |   |--- feature_29 >  0.25
|   |   |   |   |   |   |   |   |   |   |   |--- truncated branch of depth 2
|   |   |   |   |   |   |   |   |   |--- feature_12 >  46.42
|   |   |   |   |   |   |   |   |   |   |--- feature_10 <= 32.56
|   |   |   |   |   |   |   |   |   |   |   |--- truncated branch of depth 4
|   |   |   |   |   |   |   |   |   |   |--- feature_10 >  32.56
|   |   |   |   |   |   |   |   |   |   |   |--- truncated branch of depth 2
|   |   |   |   |   |   |   |--- feature_8 >  4.50
|   |   |   |   |   |   |   |   |--- feature_11 <= 5.80
|   |   |   |   |   |   |   |   |   |--- class: negative
|   |   |   |   |   |   |   |   |--- feature_11 >  5.80
|   |   |   |   |   |   |   |   |   |--- class: positive
|   |   |   |   |--- feature_13 >  4.00
|   |   |   |   |   |--- class: positive
|   |   |   |--- feature_13 >  5.00
|   |   |   |   |--- feature_12 <= 37.79
|   |   |   |   |   |--- feature_1 <= 352.50
|   |   |   |   |   |   |--- feature_1 <= 22.50
|   |   |   |   |   |   |   |--- feature_45 <= 0.27
|   |   |   |   |   |   |   |   |--- feature_11 <= 4.85
|   |   |   |   |   |   |   |   |   |--- feature_10 <= 11.60
|   |   |   |   |   |   |   |   |   |   |--- feature_8 <= 1.50
|   |   |   |   |   |   |   |   |   |   |   |--- truncated branch of depth 2
|   |   |   |   |   |   |   |   |   |   |--- feature_8 >  1.50
|   |   |   |   |   |   |   |   |   |   |   |--- class: positive
|   |   |   |   |   |   |   |   |   |--- feature_10 >  11.60
|   |   |   |   |   |   |   |   |   |   |--- class: negative
|   |   |   |   |   |   |   |   |--- feature_11 >  4.85
|   |   |   |   |   |   |   |   |   |--- class: negative
|   |   |   |   |   |   |   |--- feature_45 >  0.27
|   |   |   |   |   |   |   |   |--- class: positive
|   |   |   |   |   |   |--- feature_1 >  22.50
|   |   |   |   |   |   |   |--- feature_12 <= 8.98
|   |   |   |   |   |   |   |   |--- feature_6 <= -97.57
|   |   |   |   |   |   |   |   |   |--- feature_6 <= -99.48
|   |   |   |   |   |   |   |   |   |   |--- class: negative
|   |   |   |   |   |   |   |   |   |--- feature_6 >  -99.48
|   |   |   |   |   |   |   |   |   |   |--- feature_10 <= 9.11
|   |   |   |   |   |   |   |   |   |   |   |--- truncated branch of depth 2
|   |   |   |   |   |   |   |   |   |   |--- feature_10 >  9.11
|   |   |   |   |   |   |   |   |   |   |   |--- truncated branch of depth 2
|   |   |   |   |   |   |   |   |--- feature_6 >  -97.57
|   |   |   |   |   |   |   |   |   |--- feature_6 <= -96.07
|   |   |   |   |   |   |   |   |   |   |--- class: negative
|   |   |   |   |   |   |   |   |   |--- feature_6 >  -96.07
|   |   |   |   |   |   |   |   |   |   |--- feature_5 <= 40.93
|   |   |   |   |   |   |   |   |   |   |   |--- class: positive
|   |   |   |   |   |   |   |   |   |   |--- feature_5 >  40.93
|   |   |   |   |   |   |   |   |   |   |   |--- class: negative
|   |   |   |   |   |   |   |--- feature_12 >  8.98
|   |   |   |   |   |   |   |   |--- feature_10 <= 9.60
|   |   |   |   |   |   |   |   |   |--- feature_6 <= -97.58
|   |   |   |   |   |   |   |   |   |   |--- feature_6 <= -99.05
|   |   |   |   |   |   |   |   |   |   |   |--- truncated branch of depth 2
|   |   |   |   |   |   |   |   |   |   |--- feature_6 >  -99.05
|   |   |   |   |   |   |   |   |   |   |   |--- class: negative
|   |   |   |   |   |   |   |   |   |--- feature_6 >  -97.58
|   |   |   |   |   |   |   |   |   |   |--- feature_12 <= 20.25
|   |   |   |   |   |   |   |   |   |   |   |--- truncated branch of depth 2
|   |   |   |   |   |   |   |   |   |   |--- feature_12 >  20.25
|   |   |   |   |   |   |   |   |   |   |   |--- class: positive
|   |   |   |   |   |   |   |   |--- feature_10 >  9.60
|   |   |   |   |   |   |   |   |   |--- feature_11 <= 4.69
|   |   |   |   |   |   |   |   |   |   |--- feature_6 <= -96.76
|   |   |   |   |   |   |   |   |   |   |   |--- class: negative
|   |   |   |   |   |   |   |   |   |   |--- feature_6 >  -96.76
|   |   |   |   |   |   |   |   |   |   |   |--- truncated branch of depth 2
|   |   |   |   |   |   |   |   |   |--- feature_11 >  4.69
|   |   |   |   |   |   |   |   |   |   |--- feature_2 <= 25.00
|   |   |   |   |   |   |   |   |   |   |   |--- truncated branch of depth 8
|   |   |   |   |   |   |   |   |   |   |--- feature_2 >  25.00
|   |   |   |   |   |   |   |   |   |   |   |--- class: positive
|   |   |   |   |   |--- feature_1 >  352.50
|   |   |   |   |   |   |--- feature_1 <= 1882.00
|   |   |   |   |   |   |   |--- feature_10 <= 25.34
|   |   |   |   |   |   |   |   |--- feature_6 <= -97.78
|   |   |   |   |   |   |   |   |   |--- class: negative
|   |   |   |   |   |   |   |   |--- feature_6 >  -97.78
|   |   |   |   |   |   |   |   |   |--- feature_44 <= 0.50
|   |   |   |   |   |   |   |   |   |   |--- class: positive
|   |   |   |   |   |   |   |   |   |--- feature_44 >  0.50
|   |   |   |   |   |   |   |   |   |   |--- class: negative
|   |   |   |   |   |   |   |--- feature_10 >  25.34
|   |   |   |   |   |   |   |   |--- feature_26 <= 1.00
|   |   |   |   |   |   |   |   |   |--- feature_27 <= 0.99
|   |   |   |   |   |   |   |   |   |   |--- class: positive
|   |   |   |   |   |   |   |   |   |--- feature_27 >  0.99
|   |   |   |   |   |   |   |   |   |   |--- feature_44 <= 0.50
|   |   |   |   |   |   |   |   |   |   |   |--- class: negative
|   |   |   |   |   |   |   |   |   |   |--- feature_44 >  0.50
|   |   |   |   |   |   |   |   |   |   |   |--- class: positive
|   |   |   |   |   |   |   |   |--- feature_26 >  1.00
|   |   |   |   |   |   |   |   |   |--- feature_5 <= 40.34
|   |   |   |   |   |   |   |   |   |   |--- class: positive
|   |   |   |   |   |   |   |   |   |--- feature_5 >  40.34
|   |   |   |   |   |   |   |   |   |   |--- feature_12 <= 24.30
|   |   |   |   |   |   |   |   |   |   |   |--- class: positive
|   |   |   |   |   |   |   |   |   |   |--- feature_12 >  24.30
|   |   |   |   |   |   |   |   |   |   |   |--- class: negative
|   |   |   |   |   |   |--- feature_1 >  1882.00
|   |   |   |   |   |   |   |--- class: negative
|   |   |   |   |--- feature_12 >  37.79
|   |   |   |   |   |--- feature_8 <= 3.50
|   |   |   |   |   |   |--- feature_32 <= 0.50
|   |   |   |   |   |   |   |--- class: negative
|   |   |   |   |   |   |--- feature_32 >  0.50
|   |   |   |   |   |   |   |--- feature_45 <= 0.50
|   |   |   |   |   |   |   |   |--- feature_11 <= 5.95
|   |   |   |   |   |   |   |   |   |--- feature_11 <= 5.85
|   |   |   |   |   |   |   |   |   |   |--- class: negative
|   |   |   |   |   |   |   |   |   |--- feature_11 >  5.85
|   |   |   |   |   |   |   |   |   |   |--- feature_9 <= 10.35
|   |   |   |   |   |   |   |   |   |   |   |--- class: positive
|   |   |   |   |   |   |   |   |   |   |--- feature_9 >  10.35
|   |   |   |   |   |   |   |   |   |   |   |--- class: negative
|   |   |   |   |   |   |   |   |--- feature_11 >  5.95
|   |   |   |   |   |   |   |   |   |--- class: negative
|   |   |   |   |   |   |   |--- feature_45 >  0.50
|   |   |   |   |   |   |   |   |--- feature_1 <= 20.00
|   |   |   |   |   |   |   |   |   |--- class: positive
|   |   |   |   |   |   |   |   |--- feature_1 >  20.00
|   |   |   |   |   |   |   |   |   |--- class: negative
|   |   |   |   |   |--- feature_8 >  3.50
|   |   |   |   |   |   |--- feature_9 <= 10.80
|   |   |   |   |   |   |   |--- class: positive
|   |   |   |   |   |   |--- feature_9 >  10.80
|   |   |   |   |   |   |   |--- feature_10 <= 151.65
|   |   |   |   |   |   |   |   |--- class: negative
|   |   |   |   |   |   |   |--- feature_10 >  151.65
|   |   |   |   |   |   |   |   |--- feature_10 <= 330.85
|   |   |   |   |   |   |   |   |   |--- class: positive
|   |   |   |   |   |   |   |   |--- feature_10 >  330.85
|   |   |   |   |   |   |   |   |   |--- class: negative
|   |   |--- feature_13 >  5.00
|   |   |   |--- feature_7 <= 29.50
|   |   |   |   |--- feature_13 <= 6.00
|   |   |   |   |   |--- feature_13 <= 6.00
|   |   |   |   |   |   |--- class: positive
|   |   |   |   |   |--- feature_13 >  6.00
|   |   |   |   |   |   |--- feature_5 <= 42.62
|   |   |   |   |   |   |   |--- feature_12 <= 62.10
|   |   |   |   |   |   |   |   |--- class: negative
|   |   |   |   |   |   |   |--- feature_12 >  62.10
|   |   |   |   |   |   |   |   |--- class: positive
|   |   |   |   |   |   |--- feature_5 >  42.62
|   |   |   |   |   |   |   |--- feature_6 <= -97.60
|   |   |   |   |   |   |   |   |--- class: negative
|   |   |   |   |   |   |   |--- feature_6 >  -97.60
|   |   |   |   |   |   |   |   |--- class: positive
|   |   |   |   |--- feature_13 >  6.00
|   |   |   |   |   |--- feature_27 <= 0.99
|   |   |   |   |   |   |--- feature_11 <= 6.20
|   |   |   |   |   |   |   |--- class: positive
|   |   |   |   |   |   |--- feature_11 >  6.20
|   |   |   |   |   |   |   |--- feature_13 <= 7.00
|   |   |   |   |   |   |   |   |--- class: positive
|   |   |   |   |   |   |   |--- feature_13 >  7.00
|   |   |   |   |   |   |   |   |--- feature_13 <= 7.00
|   |   |   |   |   |   |   |   |   |--- class: negative
|   |   |   |   |   |   |   |   |--- feature_13 >  7.00
|   |   |   |   |   |   |   |   |   |--- class: positive
|   |   |   |   |   |--- feature_27 >  0.99
|   |   |   |   |   |   |--- feature_8 <= 3.50
|   |   |   |   |   |   |   |--- class: negative
|   |   |   |   |   |   |--- feature_8 >  3.50
|   |   |   |   |   |   |   |--- class: positive
|   |   |   |--- feature_7 >  29.50
|   |   |   |   |--- feature_5 <= 41.06
|   |   |   |   |   |--- feature_30 <= 0.36
|   |   |   |   |   |   |--- class: negative
|   |   |   |   |   |--- feature_30 >  0.36
|   |   |   |   |   |   |--- class: positive
|   |   |   |   |--- feature_5 >  41.06
|   |   |   |   |   |--- feature_26 <= 0.97
|   |   |   |   |   |   |--- class: positive
|   |   |   |   |   |--- feature_26 >  0.97
|   |   |   |   |   |   |--- class: negative
|   |--- feature_13 >  8.00
|   |   |--- feature_1 <= 16037.00
|   |   |   |--- feature_40 <= 0.00
|   |   |   |   |--- feature_22 <= 0.00
|   |   |   |   |   |--- feature_8 <= 3.50
|   |   |   |   |   |   |--- feature_47 <= 0.04
|   |   |   |   |   |   |   |--- feature_27 <= 0.02
|   |   |   |   |   |   |   |   |--- feature_14 <= 1.50
|   |   |   |   |   |   |   |   |   |--- feature_11 <= 5.03
|   |   |   |   |   |   |   |   |   |   |--- feature_12 <= 30.15
|   |   |   |   |   |   |   |   |   |   |   |--- truncated branch of depth 3
|   |   |   |   |   |   |   |   |   |   |--- feature_12 >  30.15
|   |   |   |   |   |   |   |   |   |   |   |--- truncated branch of depth 2
|   |   |   |   |   |   |   |   |   |--- feature_11 >  5.03
|   |   |   |   |   |   |   |   |   |   |--- class: positive
|   |   |   |   |   |   |   |   |--- feature_14 >  1.50
|   |   |   |   |   |   |   |   |   |--- feature_6 <= -95.79
|   |   |   |   |   |   |   |   |   |   |--- feature_11 <= 7.28
|   |   |   |   |   |   |   |   |   |   |   |--- truncated branch of depth 9
|   |   |   |   |   |   |   |   |   |   |--- feature_11 >  7.28
|   |   |   |   |   |   |   |   |   |   |   |--- truncated branch of depth 11
|   |   |   |   |   |   |   |   |   |--- feature_6 >  -95.79
|   |   |   |   |   |   |   |   |   |   |--- feature_44 <= 0.81
|   |   |   |   |   |   |   |   |   |   |   |--- class: positive
|   |   |   |   |   |   |   |   |   |   |--- feature_44 >  0.81
|   |   |   |   |   |   |   |   |   |   |   |--- class: negative
|   |   |   |   |   |   |   |--- feature_27 >  0.02
|   |   |   |   |   |   |   |   |--- feature_27 <= 0.98
|   |   |   |   |   |   |   |   |   |--- class: positive
|   |   |   |   |   |   |   |   |--- feature_27 >  0.98
|   |   |   |   |   |   |   |   |   |--- feature_10 <= 39.15
|   |   |   |   |   |   |   |   |   |   |--- class: negative
|   |   |   |   |   |   |   |   |   |--- feature_10 >  39.15
|   |   |   |   |   |   |   |   |   |   |--- feature_0 <= 1953.00
|   |   |   |   |   |   |   |   |   |   |   |--- truncated branch of depth 2
|   |   |   |   |   |   |   |   |   |   |--- feature_0 >  1953.00
|   |   |   |   |   |   |   |   |   |   |   |--- class: negative
|   |   |   |   |   |   |--- feature_47 >  0.04
|   |   |   |   |   |   |   |--- feature_47 <= 0.98
|   |   |   |   |   |   |   |   |--- class: positive
|   |   |   |   |   |   |   |--- feature_47 >  0.98
|   |   |   |   |   |   |   |   |--- feature_1 <= 52.50
|   |   |   |   |   |   |   |   |   |--- feature_1 <= 12.50
|   |   |   |   |   |   |   |   |   |   |--- feature_11 <= 4.76
|   |   |   |   |   |   |   |   |   |   |   |--- truncated branch of depth 2
|   |   |   |   |   |   |   |   |   |   |--- feature_11 >  4.76
|   |   |   |   |   |   |   |   |   |   |   |--- class: negative
|   |   |   |   |   |   |   |   |   |--- feature_1 >  12.50
|   |   |   |   |   |   |   |   |   |   |--- feature_9 <= 28.95
|   |   |   |   |   |   |   |   |   |   |   |--- truncated branch of depth 5
|   |   |   |   |   |   |   |   |   |   |--- feature_9 >  28.95
|   |   |   |   |   |   |   |   |   |   |   |--- class: negative
|   |   |   |   |   |   |   |   |--- feature_1 >  52.50
|   |   |   |   |   |   |   |   |   |--- feature_12 <= 38.70
|   |   |   |   |   |   |   |   |   |   |--- class: negative
|   |   |   |   |   |   |   |   |   |--- feature_12 >  38.70
|   |   |   |   |   |   |   |   |   |   |--- class: positive
|   |   |   |   |   |--- feature_8 >  3.50
|   |   |   |   |   |   |--- feature_1 <= 1257.00
|   |   |   |   |   |   |   |--- feature_2 <= 22.50
|   |   |   |   |   |   |   |   |--- class: negative
|   |   |   |   |   |   |   |--- feature_2 >  22.50
|   |   |   |   |   |   |   |   |--- class: positive
|   |   |   |   |   |   |--- feature_1 >  1257.00
|   |   |   |   |   |   |   |--- feature_18 <= 0.93
|   |   |   |   |   |   |   |   |--- feature_5 <= 41.62
|   |   |   |   |   |   |   |   |   |--- feature_0 <= 1931.50
|   |   |   |   |   |   |   |   |   |   |--- class: negative
|   |   |   |   |   |   |   |   |   |--- feature_0 >  1931.50
|   |   |   |   |   |   |   |   |   |   |--- feature_21 <= 0.90
|   |   |   |   |   |   |   |   |   |   |   |--- truncated branch of depth 5
|   |   |   |   |   |   |   |   |   |   |--- feature_21 >  0.90
|   |   |   |   |   |   |   |   |   |   |   |--- class: negative
|   |   |   |   |   |   |   |   |--- feature_5 >  41.62
|   |   |   |   |   |   |   |   |   |--- feature_10 <= 125.11
|   |   |   |   |   |   |   |   |   |   |--- class: negative
|   |   |   |   |   |   |   |   |   |--- feature_10 >  125.11
|   |   |   |   |   |   |   |   |   |   |--- class: positive
|   |   |   |   |   |   |   |--- feature_18 >  0.93
|   |   |   |   |   |   |   |   |--- class: negative
|   |   |   |   |--- feature_22 >  0.00
|   |   |   |   |   |--- feature_22 <= 0.98
|   |   |   |   |   |   |--- class: positive
|   |   |   |   |   |--- feature_22 >  0.98
|   |   |   |   |   |   |--- feature_10 <= 9.81
|   |   |   |   |   |   |   |--- feature_11 <= 5.58
|   |   |   |   |   |   |   |   |--- feature_6 <= -98.63
|   |   |   |   |   |   |   |   |   |--- class: negative
|   |   |   |   |   |   |   |   |--- feature_6 >  -98.63
|   |   |   |   |   |   |   |   |   |--- feature_0 <= 1943.50
|   |   |   |   |   |   |   |   |   |   |--- feature_12 <= 15.75
|   |   |   |   |   |   |   |   |   |   |   |--- truncated branch of depth 3
|   |   |   |   |   |   |   |   |   |   |--- feature_12 >  15.75
|   |   |   |   |   |   |   |   |   |   |   |--- class: negative
|   |   |   |   |   |   |   |   |   |--- feature_0 >  1943.50
|   |   |   |   |   |   |   |   |   |   |--- class: negative
|   |   |   |   |   |   |   |--- feature_11 >  5.58
|   |   |   |   |   |   |   |   |--- feature_15 <= 19.50
|   |   |   |   |   |   |   |   |   |--- class: positive
|   |   |   |   |   |   |   |   |--- feature_15 >  19.50
|   |   |   |   |   |   |   |   |   |--- feature_5 <= 42.79
|   |   |   |   |   |   |   |   |   |   |--- feature_10 <= 8.95
|   |   |   |   |   |   |   |   |   |   |   |--- class: negative
|   |   |   |   |   |   |   |   |   |   |--- feature_10 >  8.95
|   |   |   |   |   |   |   |   |   |   |   |--- truncated branch of depth 7
|   |   |   |   |   |   |   |   |   |--- feature_5 >  42.79
|   |   |   |   |   |   |   |   |   |   |--- class: positive
|   |   |   |   |   |   |--- feature_10 >  9.81
|   |   |   |   |   |   |   |--- feature_12 <= 16.06
|   |   |   |   |   |   |   |   |--- feature_11 <= 6.09
|   |   |   |   |   |   |   |   |   |--- feature_11 <= 4.90
|   |   |   |   |   |   |   |   |   |   |--- feature_9 <= 6.70
|   |   |   |   |   |   |   |   |   |   |   |--- truncated branch of depth 2
|   |   |   |   |   |   |   |   |   |   |--- feature_9 >  6.70
|   |   |   |   |   |   |   |   |   |   |   |--- class: negative
|   |   |   |   |   |   |   |   |   |--- feature_11 >  4.90
|   |   |   |   |   |   |   |   |   |   |--- feature_6 <= -98.75
|   |   |   |   |   |   |   |   |   |   |   |--- class: positive
|   |   |   |   |   |   |   |   |   |   |--- feature_6 >  -98.75
|   |   |   |   |   |   |   |   |   |   |   |--- truncated branch of depth 6
|   |   |   |   |   |   |   |   |--- feature_11 >  6.09
|   |   |   |   |   |   |   |   |   |--- feature_9 <= 7.45
|   |   |   |   |   |   |   |   |   |   |--- feature_10 <= 19.65
|   |   |   |   |   |   |   |   |   |   |   |--- truncated branch of depth 3
|   |   |   |   |   |   |   |   |   |   |--- feature_10 >  19.65
|   |   |   |   |   |   |   |   |   |   |   |--- class: positive
|   |   |   |   |   |   |   |   |   |--- feature_9 >  7.45
|   |   |   |   |   |   |   |   |   |   |--- feature_1 <= 28.00
|   |   |   |   |   |   |   |   |   |   |   |--- truncated branch of depth 4
|   |   |   |   |   |   |   |   |   |   |--- feature_1 >  28.00
|   |   |   |   |   |   |   |   |   |   |   |--- class: negative
|   |   |   |   |   |   |   |--- feature_12 >  16.06
|   |   |   |   |   |   |   |   |--- class: negative
|   |   |   |--- feature_40 >  0.00
|   |   |   |   |--- feature_40 <= 1.00
|   |   |   |   |   |--- class: positive
|   |   |   |   |--- feature_40 >  1.00
|   |   |   |   |   |--- feature_15 <= 23.50
|   |   |   |   |   |   |--- feature_5 <= 41.54
|   |   |   |   |   |   |   |--- feature_6 <= -99.52
|   |   |   |   |   |   |   |   |--- class: positive
|   |   |   |   |   |   |   |--- feature_6 >  -99.52
|   |   |   |   |   |   |   |   |--- class: negative
|   |   |   |   |   |   |--- feature_5 >  41.54
|   |   |   |   |   |   |   |--- class: positive
|   |   |   |   |   |--- feature_15 >  23.50
|   |   |   |   |   |   |--- feature_0 <= 1967.00
|   |   |   |   |   |   |   |--- feature_12 <= 13.95
|   |   |   |   |   |   |   |   |--- class: negative
|   |   |   |   |   |   |   |--- feature_12 >  13.95
|   |   |   |   |   |   |   |   |--- feature_6 <= -97.31
|   |   |   |   |   |   |   |   |   |--- class: negative
|   |   |   |   |   |   |   |   |--- feature_6 >  -97.31
|   |   |   |   |   |   |   |   |   |--- feature_6 <= -97.24
|   |   |   |   |   |   |   |   |   |   |--- class: positive
|   |   |   |   |   |   |   |   |   |--- feature_6 >  -97.24
|   |   |   |   |   |   |   |   |   |   |--- feature_14 <= 1.50
|   |   |   |   |   |   |   |   |   |   |   |--- class: positive
|   |   |   |   |   |   |   |   |   |   |--- feature_14 >  1.50
|   |   |   |   |   |   |   |   |   |   |   |--- truncated branch of depth 2
|   |   |   |   |   |   |--- feature_0 >  1967.00
|   |   |   |   |   |   |   |--- class: positive
|   |   |--- feature_1 >  16037.00
|   |   |   |--- feature_11 <= 12.90
|   |   |   |   |--- feature_12 <= 40.87
|   |   |   |   |   |--- feature_12 <= 40.48
|   |   |   |   |   |   |--- class: positive
|   |   |   |   |   |--- feature_12 >  40.48
|   |   |   |   |   |   |--- class: negative
|   |   |   |   |--- feature_12 >  40.87
|   |   |   |   |   |--- class: positive
|   |   |   |--- feature_11 >  12.90
|   |   |   |   |--- class: negative
|--- feature_0 >  1969.50
|   |--- feature_0 <= 1986.50
|   |   |--- feature_44 <= 1.00
|   |   |   |--- feature_44 <= 0.00
|   |   |   |   |--- feature_45 <= 0.97
|   |   |   |   |   |--- feature_18 <= 0.04
|   |   |   |   |   |   |--- feature_9 <= 9.60
|   |   |   |   |   |   |   |--- class: negative
|   |   |   |   |   |   |--- feature_9 >  9.60
|   |   |   |   |   |   |   |--- feature_36 <= 0.23
|   |   |   |   |   |   |   |   |--- feature_5 <= 41.29
|   |   |   |   |   |   |   |   |   |--- feature_6 <= -97.13
|   |   |   |   |   |   |   |   |   |   |--- class: negative
|   |   |   |   |   |   |   |   |   |--- feature_6 >  -97.13
|   |   |   |   |   |   |   |   |   |   |--- feature_6 <= -97.02
|   |   |   |   |   |   |   |   |   |   |   |--- class: positive
|   |   |   |   |   |   |   |   |   |   |--- feature_6 >  -97.02
|   |   |   |   |   |   |   |   |   |   |   |--- truncated branch of depth 4
|   |   |   |   |   |   |   |   |--- feature_5 >  41.29
|   |   |   |   |   |   |   |   |   |--- feature_10 <= 30.74
|   |   |   |   |   |   |   |   |   |   |--- feature_6 <= -98.95
|   |   |   |   |   |   |   |   |   |   |   |--- class: negative
|   |   |   |   |   |   |   |   |   |   |--- feature_6 >  -98.95
|   |   |   |   |   |   |   |   |   |   |   |--- truncated branch of depth 4
|   |   |   |   |   |   |   |   |   |--- feature_10 >  30.74
|   |   |   |   |   |   |   |   |   |   |--- feature_11 <= 8.86
|   |   |   |   |   |   |   |   |   |   |   |--- class: negative
|   |   |   |   |   |   |   |   |   |   |--- feature_11 >  8.86
|   |   |   |   |   |   |   |   |   |   |   |--- truncated branch of depth 3
|   |   |   |   |   |   |   |--- feature_36 >  0.23
|   |   |   |   |   |   |   |   |--- class: positive
|   |   |   |   |   |--- feature_18 >  0.04
|   |   |   |   |   |   |--- feature_9 <= 8.20
|   |   |   |   |   |   |   |--- class: negative
|   |   |   |   |   |   |--- feature_9 >  8.20
|   |   |   |   |   |   |   |--- feature_13 <= 6.50
|   |   |   |   |   |   |   |   |--- class: negative
|   |   |   |   |   |   |   |--- feature_13 >  6.50
|   |   |   |   |   |   |   |   |--- class: positive
|   |   |   |   |--- feature_45 >  0.97
|   |   |   |   |   |--- feature_11 <= 8.00
|   |   |   |   |   |   |--- feature_0 <= 1984.50
|   |   |   |   |   |   |   |--- class: negative
|   |   |   |   |   |   |--- feature_0 >  1984.50
|   |   |   |   |   |   |   |--- class: positive
|   |   |   |   |   |--- feature_11 >  8.00
|   |   |   |   |   |   |--- class: negative
|   |   |   |--- feature_44 >  0.00
|   |   |   |   |--- class: positive
|   |   |--- feature_44 >  1.00
|   |   |   |--- feature_22 <= 0.00
|   |   |   |   |--- feature_12 <= 37.72
|   |   |   |   |   |--- feature_1 <= 37.50
|   |   |   |   |   |   |--- feature_12 <= 36.25
|   |   |   |   |   |   |   |--- class: negative
|   |   |   |   |   |   |--- feature_12 >  36.25
|   |   |   |   |   |   |   |--- feature_5 <= 41.00
|   |   |   |   |   |   |   |   |--- class: positive
|   |   |   |   |   |   |   |--- feature_5 >  41.00
|   |   |   |   |   |   |   |   |--- class: negative
|   |   |   |   |   |--- feature_1 >  37.50
|   |   |   |   |   |   |--- feature_32 <= 0.08
|   |   |   |   |   |   |   |--- class: negative
|   |   |   |   |   |   |--- feature_32 >  0.08
|   |   |   |   |   |   |   |--- feature_32 <= 1.00
|   |   |   |   |   |   |   |   |--- class: positive
|   |   |   |   |   |   |   |--- feature_32 >  1.00
|   |   |   |   |   |   |   |   |--- feature_9 <= 15.05
|   |   |   |   |   |   |   |   |   |--- feature_12 <= 29.58
|   |   |   |   |   |   |   |   |   |   |--- feature_6 <= -97.00
|   |   |   |   |   |   |   |   |   |   |   |--- truncated branch of depth 7
|   |   |   |   |   |   |   |   |   |   |--- feature_6 >  -97.00
|   |   |   |   |   |   |   |   |   |   |   |--- class: negative
|   |   |   |   |   |   |   |   |   |--- feature_12 >  29.58
|   |   |   |   |   |   |   |   |   |   |--- feature_0 <= 1977.00
|   |   |   |   |   |   |   |   |   |   |   |--- truncated branch of depth 5
|   |   |   |   |   |   |   |   |   |   |--- feature_0 >  1977.00
|   |   |   |   |   |   |   |   |   |   |   |--- class: negative
|   |   |   |   |   |   |   |   |--- feature_9 >  15.05
|   |   |   |   |   |   |   |   |   |--- feature_6 <= -96.53
|   |   |   |   |   |   |   |   |   |   |--- class: negative
|   |   |   |   |   |   |   |   |   |--- feature_6 >  -96.53
|   |   |   |   |   |   |   |   |   |   |--- feature_1 <= 112.00
|   |   |   |   |   |   |   |   |   |   |   |--- class: negative
|   |   |   |   |   |   |   |   |   |   |--- feature_1 >  112.00
|   |   |   |   |   |   |   |   |   |   |   |--- truncated branch of depth 2
|   |   |   |   |--- feature_12 >  37.72
|   |   |   |   |   |--- feature_13 <= 7.99
|   |   |   |   |   |   |--- feature_13 <= 5.02
|   |   |   |   |   |   |   |--- feature_26 <= 0.02
|   |   |   |   |   |   |   |   |--- feature_1 <= 277.50
|   |   |   |   |   |   |   |   |   |--- feature_21 <= 0.11
|   |   |   |   |   |   |   |   |   |   |--- feature_5 <= 42.57
|   |   |   |   |   |   |   |   |   |   |   |--- class: negative
|   |   |   |   |   |   |   |   |   |   |--- feature_5 >  42.57
|   |   |   |   |   |   |   |   |   |   |   |--- truncated branch of depth 2
|   |   |   |   |   |   |   |   |   |--- feature_21 >  0.11
|   |   |   |   |   |   |   |   |   |   |--- feature_9 <= 10.05
|   |   |   |   |   |   |   |   |   |   |   |--- class: negative
|   |   |   |   |   |   |   |   |   |   |--- feature_9 >  10.05
|   |   |   |   |   |   |   |   |   |   |   |--- class: positive
|   |   |   |   |   |   |   |   |--- feature_1 >  277.50
|   |   |   |   |   |   |   |   |   |--- feature_1 <= 480.00
|   |   |   |   |   |   |   |   |   |   |--- feature_5 <= 41.51
|   |   |   |   |   |   |   |   |   |   |   |--- class: positive
|   |   |   |   |   |   |   |   |   |   |--- feature_5 >  41.51
|   |   |   |   |   |   |   |   |   |   |   |--- class: negative
|   |   |   |   |   |   |   |   |   |--- feature_1 >  480.00
|   |   |   |   |   |   |   |   |   |   |--- class: negative
|   |   |   |   |   |   |   |--- feature_26 >  0.02
|   |   |   |   |   |   |   |   |--- feature_26 <= 0.99
|   |   |   |   |   |   |   |   |   |--- class: positive
|   |   |   |   |   |   |   |   |--- feature_26 >  0.99
|   |   |   |   |   |   |   |   |   |--- feature_1 <= 20.00
|   |   |   |   |   |   |   |   |   |   |--- feature_5 <= 40.33
|   |   |   |   |   |   |   |   |   |   |   |--- class: positive
|   |   |   |   |   |   |   |   |   |   |--- feature_5 >  40.33
|   |   |   |   |   |   |   |   |   |   |   |--- class: negative
|   |   |   |   |   |   |   |   |   |--- feature_1 >  20.00
|   |   |   |   |   |   |   |   |   |   |--- class: negative
|   |   |   |   |   |   |--- feature_13 >  5.02
|   |   |   |   |   |   |   |--- feature_11 <= 7.75
|   |   |   |   |   |   |   |   |--- class: positive
|   |   |   |   |   |   |   |--- feature_11 >  7.75
|   |   |   |   |   |   |   |   |--- feature_32 <= 0.91
|   |   |   |   |   |   |   |   |   |--- feature_12 <= 50.12
|   |   |   |   |   |   |   |   |   |   |--- class: positive
|   |   |   |   |   |   |   |   |   |--- feature_12 >  50.12
|   |   |   |   |   |   |   |   |   |   |--- class: negative
|   |   |   |   |   |   |   |   |--- feature_32 >  0.91
|   |   |   |   |   |   |   |   |   |--- class: negative
|   |   |   |   |   |--- feature_13 >  7.99
|   |   |   |   |   |   |--- feature_30 <= 0.13
|   |   |   |   |   |   |   |--- feature_21 <= 0.50
|   |   |   |   |   |   |   |   |--- class: negative
|   |   |   |   |   |   |   |--- feature_21 >  0.50
|   |   |   |   |   |   |   |   |--- feature_10 <= 35.95
|   |   |   |   |   |   |   |   |   |--- class: positive
|   |   |   |   |   |   |   |   |--- feature_10 >  35.95
|   |   |   |   |   |   |   |   |   |--- feature_6 <= -101.14
|   |   |   |   |   |   |   |   |   |   |--- feature_12 <= 46.35
|   |   |   |   |   |   |   |   |   |   |   |--- class: positive
|   |   |   |   |   |   |   |   |   |   |--- feature_12 >  46.35
|   |   |   |   |   |   |   |   |   |   |   |--- class: negative
|   |   |   |   |   |   |   |   |   |--- feature_6 >  -101.14
|   |   |   |   |   |   |   |   |   |   |--- class: negative
|   |   |   |   |   |   |--- feature_30 >  0.13
|   |   |   |   |   |   |   |--- class: positive
|   |   |   |--- feature_22 >  0.00
|   |   |   |   |--- feature_22 <= 0.98
|   |   |   |   |   |--- class: positive
|   |   |   |   |--- feature_22 >  0.98
|   |   |   |   |   |--- feature_12 <= 8.55
|   |   |   |   |   |   |--- feature_12 <= 6.33
|   |   |   |   |   |   |   |--- feature_0 <= 1972.50
|   |   |   |   |   |   |   |   |--- class: positive
|   |   |   |   |   |   |   |--- feature_0 >  1972.50
|   |   |   |   |   |   |   |   |--- class: negative
|   |   |   |   |   |   |--- feature_12 >  6.33
|   |   |   |   |   |   |   |--- feature_13 <= 5.62
|   |   |   |   |   |   |   |   |--- class: negative
|   |   |   |   |   |   |   |--- feature_13 >  5.62
|   |   |   |   |   |   |   |   |--- feature_6 <= -97.26
|   |   |   |   |   |   |   |   |   |--- class: positive
|   |   |   |   |   |   |   |   |--- feature_6 >  -97.26
|   |   |   |   |   |   |   |   |   |--- class: negative
|   |   |   |   |   |--- feature_12 >  8.55
|   |   |   |   |   |   |--- feature_5 <= 42.68
|   |   |   |   |   |   |   |--- class: negative
|   |   |   |   |   |   |--- feature_5 >  42.68
|   |   |   |   |   |   |   |--- feature_6 <= -99.15
|   |   |   |   |   |   |   |   |--- class: negative
|   |   |   |   |   |   |   |--- feature_6 >  -99.15
|   |   |   |   |   |   |   |   |--- class: positive
|   |--- feature_0 >  1986.50
|   |   |--- feature_44 <= 0.96
|   |   |   |--- feature_44 <= 0.00
|   |   |   |   |--- feature_6 <= -97.16
|   |   |   |   |   |--- feature_32 <= 0.08
|   |   |   |   |   |   |--- feature_5 <= 42.78
|   |   |   |   |   |   |   |--- class: negative
|   |   |   |   |   |   |--- feature_5 >  42.78
|   |   |   |   |   |   |   |--- feature_5 <= 42.80
|   |   |   |   |   |   |   |   |--- class: positive
|   |   |   |   |   |   |   |--- feature_5 >  42.80
|   |   |   |   |   |   |   |   |--- class: negative
|   |   |   |   |   |--- feature_32 >  0.08
|   |   |   |   |   |   |--- feature_29 <= 0.09
|   |   |   |   |   |   |   |--- class: negative
|   |   |   |   |   |   |--- feature_29 >  0.09
|   |   |   |   |   |   |   |--- class: positive
|   |   |   |   |--- feature_6 >  -97.16
|   |   |   |   |   |--- feature_6 <= -96.70
|   |   |   |   |   |   |--- feature_1 <= 47.00
|   |   |   |   |   |   |   |--- class: negative
|   |   |   |   |   |   |--- feature_1 >  47.00
|   |   |   |   |   |   |   |--- feature_1 <= 81.50
|   |   |   |   |   |   |   |   |--- feature_9 <= 9.20
|   |   |   |   |   |   |   |   |   |--- class: negative
|   |   |   |   |   |   |   |   |--- feature_9 >  9.20
|   |   |   |   |   |   |   |   |   |--- feature_5 <= 40.74
|   |   |   |   |   |   |   |   |   |   |--- class: negative
|   |   |   |   |   |   |   |   |   |--- feature_5 >  40.74
|   |   |   |   |   |   |   |   |   |   |--- feature_9 <= 17.05
|   |   |   |   |   |   |   |   |   |   |   |--- truncated branch of depth 3
|   |   |   |   |   |   |   |   |   |   |--- feature_9 >  17.05
|   |   |   |   |   |   |   |   |   |   |   |--- truncated branch of depth 2
|   |   |   |   |   |   |   |--- feature_1 >  81.50
|   |   |   |   |   |   |   |   |--- feature_6 <= -97.11
|   |   |   |   |   |   |   |   |   |--- feature_11 <= 8.67
|   |   |   |   |   |   |   |   |   |   |--- class: negative
|   |   |   |   |   |   |   |   |   |--- feature_11 >  8.67
|   |   |   |   |   |   |   |   |   |   |--- class: positive
|   |   |   |   |   |   |   |   |--- feature_6 >  -97.11
|   |   |   |   |   |   |   |   |   |--- class: negative
|   |   |   |   |   |--- feature_6 >  -96.70
|   |   |   |   |   |   |--- feature_27 <= 0.50
|   |   |   |   |   |   |   |--- class: negative
|   |   |   |   |   |   |--- feature_27 >  0.50
|   |   |   |   |   |   |   |--- feature_12 <= 67.05
|   |   |   |   |   |   |   |   |--- class: negative
|   |   |   |   |   |   |   |--- feature_12 >  67.05
|   |   |   |   |   |   |   |   |--- class: positive
|   |   |   |--- feature_44 >  0.00
|   |   |   |   |--- class: positive
|   |   |--- feature_44 >  0.96
|   |   |   |--- feature_12 <= 38.25
|   |   |   |   |--- feature_5 <= 40.96
|   |   |   |   |   |--- feature_5 <= 40.35
|   |   |   |   |   |   |--- class: negative
|   |   |   |   |   |--- feature_5 >  40.35
|   |   |   |   |   |   |--- feature_0 <= 1989.50
|   |   |   |   |   |   |   |--- feature_5 <= 40.55
|   |   |   |   |   |   |   |   |--- class: positive
|   |   |   |   |   |   |   |--- feature_5 >  40.55
|   |   |   |   |   |   |   |   |--- feature_12 <= 25.65
|   |   |   |   |   |   |   |   |   |--- class: positive
|   |   |   |   |   |   |   |   |--- feature_12 >  25.65
|   |   |   |   |   |   |   |   |   |--- class: negative
|   |   |   |   |   |   |--- feature_0 >  1989.50
|   |   |   |   |   |   |   |--- class: negative
|   |   |   |   |--- feature_5 >  40.96
|   |   |   |   |   |--- class: negative
|   |   |   |--- feature_12 >  38.25
|   |   |   |   |--- class: negative
