|--- feature_0 <= 1973.50
|   |--- feature_13 <= 8.00
|   |   |--- feature_13 <= 5.00
|   |   |   |--- feature_13 <= 5.00
|   |   |   |   |--- feature_13 <= 4.00
|   |   |   |   |   |--- feature_14 <= 1.50
|   |   |   |   |   |   |--- feature_11 <= 4.80
|   |   |   |   |   |   |   |--- feature_13 <= 3.00
|   |   |   |   |   |   |   |   |--- feature_40 <= 0.00
|   |   |   |   |   |   |   |   |   |--- feature_12 <= 3.74
|   |   |   |   |   |   |   |   |   |   |--- class: negative
|   |   |   |   |   |   |   |   |   |--- feature_12 >  3.74
|   |   |   |   |   |   |   |   |   |   |--- feature_13 <= 3.00
|   |   |   |   |   |   |   |   |   |   |   |--- truncated branch of depth 2
|   |   |   |   |   |   |   |   |   |   |--- feature_13 >  3.00
|   |   |   |   |   |   |   |   |   |   |   |--- truncated branch of depth 10
|   |   |   |   |   |   |   |   |--- feature_40 >  0.00
|   |   |   |   |   |   |   |   |   |--- feature_5 <= 40.39
|   |   |   |   |   |   |   |   |   |   |--- feature_0 <= 1933.50
|   |   |   |   |   |   |   |   |   |   |   |--- class: positive
|   |   |   |   |   |   |   |   |   |   |--- feature_0 >  1933.50
|   |   |   |   |   |   |   |   |   |   |   |--- class: negative
|   |   |   |   |   |   |   |   |   |--- feature_5 >  40.39
|   |   |   |   |   |   |   |   |   |   |--- class: positive
|   |   |   |   |   |   |   |--- feature_13 >  3.00
|   |   |   |   |   |   |   |   |--- feature_13 <= 4.00
|   |   |   |   |   |   |   |   |   |--- class: positive
|   |   |   |   |   |   |   |   |--- feature_13 >  4.00
|   |   |   |   |   |   |   |   |   |--- feature_1 <= 49.50
|   |   |   |   |   |   |   |   |   |   |--- feature_9 <= 9.25
|   |   |   |   |   |   |   |   |   |   |   |--- truncated branch of depth 3
|   |   |   |   |   |   |   |   |   |   |--- feature_9 >  9.25
|   |   |   |   |   |   |   |   |   |   |   |--- truncated branch of depth 7
|   |   |   |   |   |   |   |   |   |--- feature_1 >  49.50
|   |   |   |   |   |   |   |   |   |   |--- feature_5 <= 40.88
|   |   |   |   |   |   |   |   |   |   |   |--- truncated branch of depth 2
|   |   |   |   |   |   |   |   |   |   |--- feature_5 >  40.88
|   |   |   |   |   |   |   |   |   |   |   |--- class: negative
|   |   |   |   |   |   |--- feature_11 >  4.80
|   |   |   |   |   |   |   |--- class: positive
|   |   |   |   |   |--- feature_14 >  1.50
|   |   |   |   |   |   |--- feature_13 <= 4.00
|   |   |   |   |   |   |   |--- feature_13 <= 3.00
|   |   |   |   |   |   |   |   |--- feature_9 <= 7.45
|   |   |   |   |   |   |   |   |   |--- feature_0 <= 1961.00
|   |   |   |   |   |   |   |   |   |   |--- class: negative
|   |   |   |   |   |   |   |   |   |--- feature_0 >  1961.00
|   |   |   |   |   |   |   |   |   |   |--- feature_12 <= 31.95
|   |   |   |   |   |   |   |   |   |   |   |--- class: positive
|   |   |   |   |   |   |   |   |   |   |--- feature_12 >  31.95
|   |   |   |   |   |   |   |   |   |   |   |--- class: negative
|   |   |   |   |   |   |   |   |--- feature_9 >  7.45
|   |   |   |   |   |   |   |   |   |--- feature_13 <= 2.99
|   |   |   |   |   |   |   |   |   |   |--- feature_13 <= 2.01
|   |   |   |   |   |   |   |   |   |   |   |--- truncated branch of depth 4
|   |   |   |   |   |   |   |   |   |   |--- feature_13 >  2.01
|   |   |   |   |   |   |   |   |   |   |   |--- class: positive
|   |   |   |   |   |   |   |   |   |--- feature_13 >  2.99
|   |   |   |   |   |   |   |   |   |   |--- feature_44 <= 0.99
|   |   |   |   |   |   |   |   |   |   |   |--- truncated branch of depth 7
|   |   |   |   |   |   |   |   |   |   |--- feature_44 >  0.99
|   |   |   |   |   |   |   |   |   |   |   |--- truncated branch of depth 9
|   |   |   |   |   |   |   |--- feature_13 >  3.00
|   |   |   |   |   |   |   |   |--- class: positive
|   |   |   |   |   |   |--- feature_13 >  4.00
|   |   |   |   |   |   |   |--- feature_20 <= 0.04
|   |   |   |   |   |   |   |   |--- feature_1 <= 1105.00
|   |   |   |   |   |   |   |   |   |--- class: negative
|   |   |   |   |   |   |   |   |--- feature_1 >  1105.00
|   |   |   |   |   |   |   |   |   |--- feature_6 <= -97.46
|   |   |   |   |   |   |   |   |   |   |--- feature_29 <= 0.50
|   |   |   |   |   |   |   |   |   |   |   |--- class: positive
|   |   |   |   |   |   |   |   |   |   |--- feature_29 >  0.50
|   |   |   |   |   |   |   |   |   |   |   |--- class: negative
|   |   |   |   |   |   |   |   |   |--- feature_6 >  -97.46
|   |   |   |   |   |   |   |   |   |   |--- class: negative
|   |   |   |   |   |   |   |--- feature_20 >  0.04
|   |   |   |   |   |   |   |   |--- feature_44 <= 0.99
|   |   |   |   |   |   |   |   |   |--- feature_44 <= 0.00
|   |   |   |   |   |   |   |   |   |   |--- feature_11 <= 4.95
|   |   |   |   |   |   |   |   |   |   |   |--- truncated branch of depth 2
|   |   |   |   |   |   |   |   |   |   |--- feature_11 >  4.95
|   |   |   |   |   |   |   |   |   |   |   |--- truncated branch of depth 9
|   |   |   |   |   |   |   |   |   |--- feature_44 >  0.00
|   |   |   |   |   |   |   |   |   |   |--- class: positive
|   |   |   |   |   |   |   |   |--- feature_44 >  0.99
|   |   |   |   |   |   |   |   |   |--- feature_10 <= 38.41
|   |   |   |   |   |   |   |   |   |   |--- feature_29 <= 0.13
|   |   |   |   |   |   |   |   |   |   |   |--- truncated branch of depth 5
|   |   |   |   |   |   |   |   |   |   |--- feature_29 >  0.13
|   |   |   |   |   |   |   |   |   |   |   |--- truncated branch of depth 2
|   |   |   |   |   |   |   |   |   |--- feature_10 >  38.41
|   |   |   |   |   |   |   |   |   |   |--- feature_12 <= 38.49
|   |   |   |   |   |   |   |   |   |   |   |--- truncated branch of depth 2
|   |   |   |   |   |   |   |   |   |   |--- feature_12 >  38.49
|   |   |   |   |   |   |   |   |   |   |   |--- truncated branch of depth 2
|   |   |   |   |--- feature_13 >  4.00
|   |   |   |   |   |--- class: positive
|   |   |   |--- feature_13 >  5.00
|   |   |   |   |--- feature_10 <= 27.55
|   |   |   |   |   |--- feature_12 <= 11.25
|   |   |   |   |   |   |--- feature_1 <= 27.50
|   |   |   |   |   |   |   |--- feature_32 <= 0.50
|   |   |   |   |   |   |   |   |--- feature_11 <= 7.05
|   |   |   |   |   |   |   |   |   |--- class: positive
|   |   |   |   |   |   |   |   |--- feature_11 >  7.05
|   |   |   |   |   |   |   |   |   |--- class: negative
|   |   |   |   |   |   |   |--- feature_32 >  0.50
|   |   |   |   |   |   |   |   |--- class: negative
|   |   |   |   |   |   |--- feature_1 >  27.50
|   |   |   |   |   |   |   |--- feature_5 <= 40.74
|   |   |   |   |   |   |   |   |--- feature_40 <= 0.47
|   |   |   |   |   |   |   |   |   |--- feature_26 <= 0.50
|   |   |   |   |   |   |   |   |   |   |--- class: negative
|   |   |   |   |   |   |   |   |   |--- feature_26 >  0.50
|   |   |   |   |   |   |   |   |   |   |--- feature_6 <= -97.65
|   |   |   |   |   |   |   |   |   |   |   |--- class: positive
|   |   |   |   |   |   |   |   |   |   |--- feature_6 >  -97.65
|   |   |   |   |   |   |   |   |   |   |   |--- class: negative
|   |   |   |   |   |   |   |   |--- feature_40 >  0.47
|   |   |   |   |   |   |   |   |   |--- class: positive
|   |   |   |   |   |   |   |--- feature_5 >  40.74
|   |   |   |   |   |   |   |   |--- feature_6 <= -99.48
|   |   |   |   |   |   |   |   |   |--- class: negative
|   |   |   |   |   |   |   |   |--- feature_6 >  -99.48
|   |   |   |   |   |   |   |   |   |--- feature_6 <= -98.72
|   |   |   |   |   |   |   |   |   |   |--- class: positive
|   |   |   |   |   |   |   |   |   |--- feature_6 >  -98.72
|   |   |   |   |   |   |   |   |   |   |--- feature_11 <= 5.82
|   |   |   |   |   |   |   |   |   |   |   |--- truncated branch of depth 3
|   |   |   |   |   |   |   |   |   |   |--- feature_11 >  5.82
|   |   |   |   |   |   |   |   |   |   |   |--- class: negative
|   |   |   |   |   |--- feature_12 >  11.25
|   |   |   |   |   |   |--- feature_11 <= 7.28
|   |   |   |   |   |   |   |--- feature_16 <= 0.06
|   |   |   |   |   |   |   |   |--- feature_14 <= 1.50
|   |   |   |   |   |   |   |   |   |--- feature_11 <= 4.80
|   |   |   |   |   |   |   |   |   |   |--- feature_12 <= 25.65
|   |   |   |   |   |   |   |   |   |   |   |--- truncated branch of depth 2
|   |   |   |   |   |   |   |   |   |   |--- feature_12 >  25.65
|   |   |   |   |   |   |   |   |   |   |   |--- class: positive
|   |   |   |   |   |   |   |   |   |--- feature_11 >  4.80
|   |   |   |   |   |   |   |   |   |   |--- class: positive
|   |   |   |   |   |   |   |   |--- feature_14 >  1.50
|   |   |   |   |   |   |   |   |   |--- feature_9 <= 21.15
|   |   |   |   |   |   |   |   |   |   |--- feature_9 <= 9.25
|   |   |   |   |   |   |   |   |   |   |   |--- truncated branch of depth 6
|   |   |   |   |   |   |   |   |   |   |--- feature_9 >  9.25
|   |   |   |   |   |   |   |   |   |   |   |--- class: negative
|   |   |   |   |   |   |   |   |   |--- feature_9 >  21.15
|   |   |   |   |   |   |   |   |   |   |--- feature_1 <= 50.00
|   |   |   |   |   |   |   |   |   |   |   |--- class: negative
|   |   |   |   |   |   |   |   |   |   |--- feature_1 >  50.00
|   |   |   |   |   |   |   |   |   |   |   |--- class: positive
|   |   |   |   |   |   |   |--- feature_16 >  0.06
|   |   |   |   |   |   |   |   |--- feature_10 <= 9.43
|   |   |   |   |   |   |   |   |   |--- class: positive
|   |   |   |   |   |   |   |   |--- feature_10 >  9.43
|   |   |   |   |   |   |   |   |   |--- class: negative
|   |   |   |   |   |   |--- feature_11 >  7.28
|   |   |   |   |   |   |   |--- feature_11 <= 11.57
|   |   |   |   |   |   |   |   |--- class: negative
|   |   |   |   |   |   |   |--- feature_11 >  11.57
|   |   |   |   |   |   |   |   |--- feature_1 <= 1067.50
|   |   |   |   |   |   |   |   |   |--- class: positive
|   |   |   |   |   |   |   |   |--- feature_1 >  1067.50
|   |   |   |   |   |   |   |   |   |--- class: negative
|   |   |   |   |--- feature_10 >  27.55
|   |   |   |   |   |--- feature_26 <= 0.01
|   |   |   |   |   |   |--- feature_12 <= 39.15
|   |   |   |   |   |   |   |--- feature_1 <= 280.50
|   |   |   |   |   |   |   |   |--- feature_12 <= 35.15
|   |   |   |   |   |   |   |   |   |--- feature_6 <= -96.87
|   |   |   |   |   |   |   |   |   |   |--- class: negative
|   |   |   |   |   |   |   |   |   |--- feature_6 >  -96.87
|   |   |   |   |   |   |   |   |   |   |--- feature_5 <= 41.38
|   |   |   |   |   |   |   |   |   |   |   |--- class: negative
|   |   |   |   |   |   |   |   |   |   |--- feature_5 >  41.38
|   |   |   |   |   |   |   |   |   |   |   |--- class: positive
|   |   |   |   |   |   |   |   |--- feature_12 >  35.15
|   |   |   |   |   |   |   |   |   |--- class: positive
|   |   |   |   |   |   |   |--- feature_1 >  280.50
|   |   |   |   |   |   |   |   |--- feature_9 <= 14.72
|   |   |   |   |   |   |   |   |   |--- class: positive
|   |   |   |   |   |   |   |   |--- feature_9 >  14.72
|   |   |   |   |   |   |   |   |   |--- feature_2 <= 12.50
|   |   |   |   |   |   |   |   |   |   |--- class: negative
|   |   |   |   |   |   |   |   |   |--- feature_2 >  12.50
|   |   |   |   |   |   |   |   |   |   |--- class: positive
|   |   |   |   |   |   |--- feature_12 >  39.15
|   |   |   |   |   |   |   |--- feature_8 <= 5.50
|   |   |   |   |   |   |   |   |--- class: negative
|   |   |   |   |   |   |   |--- feature_8 >  5.50
|   |   |   |   |   |   |   |   |--- feature_11 <= 8.80
|   |   |   |   |   |   |   |   |   |--- class: negative
|   |   |   |   |   |   |   |   |--- feature_11 >  8.80
|   |   |   |   |   |   |   |   |   |--- class: positive
|   |   |   |   |   |--- feature_26 >  0.01
|   |   |   |   |   |   |--- feature_26 <= 1.00
|   |   |   |   |   |   |   |--- class: positive
|   |   |   |   |   |   |--- feature_26 >  1.00
|   |   |   |   |   |   |   |--- feature_0 <= 1951.50
|   |   |   |   |   |   |   |   |--- feature_1 <= 372.50
|   |   |   |   |   |   |   |   |   |--- class: negative
|   |   |   |   |   |   |   |   |--- feature_1 >  372.50
|   |   |   |   |   |   |   |   |   |--- feature_0 <= 1937.50
|   |   |   |   |   |   |   |   |   |   |--- feature_5 <= 41.02
|   |   |   |   |   |   |   |   |   |   |   |--- class: negative
|   |   |   |   |   |   |   |   |   |   |--- feature_5 >  41.02
|   |   |   |   |   |   |   |   |   |   |   |--- class: positive
|   |   |   |   |   |   |   |   |   |--- feature_0 >  1937.50
|   |   |   |   |   |   |   |   |   |   |--- class: positive
|   |   |   |   |   |   |   |--- feature_0 >  1951.50
|   |   |   |   |   |   |   |   |--- feature_10 <= 161.25
|   |   |   |   |   |   |   |   |   |--- class: negative
|   |   |   |   |   |   |   |   |--- feature_10 >  161.25
|   |   |   |   |   |   |   |   |   |--- feature_23 <= 0.50
|   |   |   |   |   |   |   |   |   |   |--- class: negative
|   |   |   |   |   |   |   |   |   |--- feature_23 >  0.50
|   |   |   |   |   |   |   |   |   |   |--- class: positive
|   |   |--- feature_13 >  5.00
|   |   |   |--- feature_12 <= 22.49
|   |   |   |   |--- feature_5 <= 42.12
|   |   |   |   |   |--- feature_16 <= 0.77
|   |   |   |   |   |   |--- feature_9 <= 24.53
|   |   |   |   |   |   |   |--- class: positive
|   |   |   |   |   |   |--- feature_9 >  24.53
|   |   |   |   |   |   |   |--- feature_11 <= 7.47
|   |   |   |   |   |   |   |   |--- class: positive
|   |   |   |   |   |   |   |--- feature_11 >  7.47
|   |   |   |   |   |   |   |   |--- class: negative
|   |   |   |   |   |--- feature_16 >  0.77
|   |   |   |   |   |   |--- class: negative
|   |   |   |   |--- feature_5 >  42.12
|   |   |   |   |   |--- feature_13 <= 6.04
|   |   |   |   |   |   |--- feature_13 <= 5.99
|   |   |   |   |   |   |   |--- class: positive
|   |   |   |   |   |   |--- feature_13 >  5.99
|   |   |   |   |   |   |   |--- feature_9 <= 7.45
|   |   |   |   |   |   |   |   |--- feature_12 <= 9.90
|   |   |   |   |   |   |   |   |   |--- class: positive
|   |   |   |   |   |   |   |   |--- feature_12 >  9.90
|   |   |   |   |   |   |   |   |   |--- feature_10 <= 7.45
|   |   |   |   |   |   |   |   |   |   |--- class: negative
|   |   |   |   |   |   |   |   |   |--- feature_10 >  7.45
|   |   |   |   |   |   |   |   |   |   |--- class: positive
|   |   |   |   |   |   |   |--- feature_9 >  7.45
|   |   |   |   |   |   |   |   |--- class: negative
|   |   |   |   |   |--- feature_13 >  6.04
|   |   |   |   |   |   |--- class: positive
|   |   |   |--- feature_12 >  22.49
|   |   |   |   |--- feature_13 <= 6.00
|   |   |   |   |   |--- class: positive
|   |   |   |   |--- feature_13 >  6.00
|   |   |   |   |   |--- feature_13 <= 6.00
|   |   |   |   |   |   |--- feature_12 <= 66.60
|   |   |   |   |   |   |   |--- class: negative
|   |   |   |   |   |   |--- feature_12 >  66.60
|   |   |   |   |   |   |   |--- feature_6 <= -97.32
|   |   |   |   |   |   |   |   |--- class: negative
|   |   |   |   |   |   |   |--- feature_6 >  -97.32
|   |   |   |   |   |   |   |   |--- class: positive
|   |   |   |   |   |--- feature_13 >  6.00
|   |   |   |   |   |   |--- feature_7 <= 29.50
|   |   |   |   |   |   |   |--- feature_27 <= 0.99
|   |   |   |   |   |   |   |   |--- feature_26 <= 1.00
|   |   |   |   |   |   |   |   |   |--- feature_6 <= -96.68
|   |   |   |   |   |   |   |   |   |   |--- class: positive
|   |   |   |   |   |   |   |   |   |--- feature_6 >  -96.68
|   |   |   |   |   |   |   |   |   |   |--- feature_6 <= -96.67
|   |   |   |   |   |   |   |   |   |   |   |--- class: negative
|   |   |   |   |   |   |   |   |   |   |--- feature_6 >  -96.67
|   |   |   |   |   |   |   |   |   |   |   |--- class: positive
|   |   |   |   |   |   |   |   |--- feature_26 >  1.00
|   |   |   |   |   |   |   |   |   |--- feature_11 <= 8.19
|   |   |   |   |   |   |   |   |   |   |--- feature_16 <= 0.02
|   |   |   |   |   |   |   |   |   |   |   |--- class: negative
|   |   |   |   |   |   |   |   |   |   |--- feature_16 >  0.02
|   |   |   |   |   |   |   |   |   |   |   |--- class: positive
|   |   |   |   |   |   |   |   |   |--- feature_11 >  8.19
|   |   |   |   |   |   |   |   |   |   |--- class: positive
|   |   |   |   |   |   |   |--- feature_27 >  0.99
|   |   |   |   |   |   |   |   |--- feature_44 <= 0.99
|   |   |   |   |   |   |   |   |   |--- class: positive
|   |   |   |   |   |   |   |   |--- feature_44 >  0.99
|   |   |   |   |   |   |   |   |   |--- class: negative
|   |   |   |   |   |   |--- feature_7 >  29.50
|   |   |   |   |   |   |   |--- feature_29 <= 0.67
|   |   |   |   |   |   |   |   |--- feature_17 <= 0.65
|   |   |   |   |   |   |   |   |   |--- class: positive
|   |   |   |   |   |   |   |   |--- feature_17 >  0.65
|   |   |   |   |   |   |   |   |   |--- class: negative
|   |   |   |   |   |   |   |--- feature_29 >  0.67
|   |   |   |   |   |   |   |   |--- class: negative
|   |--- feature_13 >  8.00
|   |   |--- feature_1 <= 14732.50
|   |   |   |--- feature_12 <= 36.75
|   |   |   |   |--- feature_40 <= 0.00
|   |   |   |   |   |--- feature_20 <= 1.00
|   |   |   |   |   |   |--- feature_20 <= 0.01
|   |   |   |   |   |   |   |--- feature_12 <= 15.89
|   |   |   |   |   |   |   |   |--- feature_10 <= 10.44
|   |   |   |   |   |   |   |   |   |--- feature_11 <= 5.58
|   |   |   |   |   |   |   |   |   |   |--- feature_6 <= -98.67
|   |   |   |   |   |   |   |   |   |   |   |--- class: negative
|   |   |   |   |   |   |   |   |   |   |--- feature_6 >  -98.67
|   |   |   |   |   |   |   |   |   |   |   |--- truncated branch of depth 4
|   |   |   |   |   |   |   |   |   |--- feature_11 >  5.58
|   |   |   |   |   |   |   |   |   |   |--- feature_5 <= 40.85
|   |   |   |   |   |   |   |   |   |   |   |--- truncated branch of depth 7
|   |   |   |   |   |   |   |   |   |   |--- feature_5 >  40.85
|   |   |   |   |   |   |   |   |   |   |   |--- truncated branch of depth 3
|   |   |   |   |   |   |   |   |--- feature_10 >  10.44
|   |   |   |   |   |   |   |   |   |--- feature_11 <= 4.90
|   |   |   |   |   |   |   |   |   |   |--- feature_10 <= 22.45
|   |   |   |   |   |   |   |   |   |   |   |--- class: negative
|   |   |   |   |   |   |   |   |   |   |--- feature_10 >  22.45
|   |   |   |   |   |   |   |   |   |   |   |--- class: positive
|   |   |   |   |   |   |   |   |   |--- feature_11 >  4.90
|   |   |   |   |   |   |   |   |   |   |--- feature_11 <= 6.10
|   |   |   |   |   |   |   |   |   |   |   |--- truncated branch of depth 6
|   |   |   |   |   |   |   |   |   |   |--- feature_11 >  6.10
|   |   |   |   |   |   |   |   |   |   |   |--- truncated branch of depth 6
|   |   |   |   |   |   |   |--- feature_12 >  15.89
|   |   |   |   |   |   |   |   |--- feature_6 <= -95.80
|   |   |   |   |   |   |   |   |   |--- feature_10 <= 92.02
|   |   |   |   |   |   |   |   |   |   |--- feature_0 <= 1947.00
|   |   |   |   |   |   |   |   |   |   |   |--- truncated branch of depth 7
|   |   |   |   |   |   |   |   |   |   |--- feature_0 >  1947.00
|   |   |   |   |   |   |   |   |   |   |   |--- class: negative
|   |   |   |   |   |   |   |   |   |--- feature_10 >  92.02
|   |   |   |   |   |   |   |   |   |   |--- feature_8 <= 7.00
|   |   |   |   |   |   |   |   |   |   |   |--- class: positive
|   |   |   |   |   |   |   |   |   |   |--- feature_8 >  7.00
|   |   |   |   |   |   |   |   |   |   |   |--- class: negative
|   |   |   |   |   |   |   |   |--- feature_6 >  -95.80
|   |   |   |   |   |   |   |   |   |--- class: positive
|   |   |   |   |   |   |--- feature_20 >  0.01
|   |   |   |   |   |   |   |--- class: positive
|   |   |   |   |   |--- feature_20 >  1.00
|   |   |   |   |   |   |--- feature_9 <= 18.32
|   |   |   |   |   |   |   |--- feature_0 <= 1965.50
|   |   |   |   |   |   |   |   |--- feature_1 <= 26.50
|   |   |   |   |   |   |   |   |   |--- feature_6 <= -97.05
|   |   |   |   |   |   |   |   |   |   |--- feature_1 <= 22.50
|   |   |   |   |   |   |   |   |   |   |   |--- class: negative
|   |   |   |   |   |   |   |   |   |   |--- feature_1 >  22.50
|   |   |   |   |   |   |   |   |   |   |   |--- truncated branch of depth 3
|   |   |   |   |   |   |   |   |   |--- feature_6 >  -97.05
|   |   |   |   |   |   |   |   |   |   |--- feature_12 <= 29.77
|   |   |   |   |   |   |   |   |   |   |   |--- truncated branch of depth 9
|   |   |   |   |   |   |   |   |   |   |--- feature_12 >  29.77
|   |   |   |   |   |   |   |   |   |   |   |--- class: positive
|   |   |   |   |   |   |   |   |--- feature_1 >  26.50
|   |   |   |   |   |   |   |   |   |--- feature_9 <= 15.68
|   |   |   |   |   |   |   |   |   |   |--- feature_11 <= 4.85
|   |   |   |   |   |   |   |   |   |   |   |--- truncated branch of depth 2
|   |   |   |   |   |   |   |   |   |   |--- feature_11 >  4.85
|   |   |   |   |   |   |   |   |   |   |   |--- truncated branch of depth 4
|   |   |   |   |   |   |   |   |   |--- feature_9 >  15.68
|   |   |   |   |   |   |   |   |   |   |--- feature_0 <= 1936.50
|   |   |   |   |   |   |   |   |   |   |   |--- class: negative
|   |   |   |   |   |   |   |   |   |   |--- feature_0 >  1936.50
|   |   |   |   |   |   |   |   |   |   |   |--- truncated branch of depth 3
|   |   |   |   |   |   |   |--- feature_0 >  1965.50
|   |   |   |   |   |   |   |   |--- feature_1 <= 41.50
|   |   |   |   |   |   |   |   |   |--- class: negative
|   |   |   |   |   |   |   |   |--- feature_1 >  41.50
|   |   |   |   |   |   |   |   |   |--- feature_6 <= -96.90
|   |   |   |   |   |   |   |   |   |   |--- feature_5 <= 41.04
|   |   |   |   |   |   |   |   |   |   |   |--- class: negative
|   |   |   |   |   |   |   |   |   |   |--- feature_5 >  41.04
|   |   |   |   |   |   |   |   |   |   |   |--- truncated branch of depth 8
|   |   |   |   |   |   |   |   |   |--- feature_6 >  -96.90
|   |   |   |   |   |   |   |   |   |   |--- class: negative
|   |   |   |   |   |   |--- feature_9 >  18.32
|   |   |   |   |   |   |   |--- feature_2 <= 12.50
|   |   |   |   |   |   |   |   |--- feature_10 <= 29.30
|   |   |   |   |   |   |   |   |   |--- feature_0 <= 1925.50
|   |   |   |   |   |   |   |   |   |   |--- class: positive
|   |   |   |   |   |   |   |   |   |--- feature_0 >  1925.50
|   |   |   |   |   |   |   |   |   |   |--- feature_15 <= 23.50
|   |   |   |   |   |   |   |   |   |   |   |--- truncated branch of depth 3
|   |   |   |   |   |   |   |   |   |   |--- feature_15 >  23.50
|   |   |   |   |   |   |   |   |   |   |   |--- truncated branch of depth 4
|   |   |   |   |   |   |   |   |--- feature_10 >  29.30
|   |   |   |   |   |   |   |   |   |--- feature_12 <= 33.43
|   |   |   |   |   |   |   |   |   |   |--- feature_5 <= 40.13
|   |   |   |   |   |   |   |   |   |   |   |--- class: positive
|   |   |   |   |   |   |   |   |   |   |--- feature_5 >  40.13
|   |   |   |   |   |   |   |   |   |   |   |--- class: negative
|   |   |   |   |   |   |   |   |   |--- feature_12 >  33.43
|   |   |   |   |   |   |   |   |   |   |--- feature_10 <= 47.52
|   |   |   |   |   |   |   |   |   |   |   |--- class: negative
|   |   |   |   |   |   |   |   |   |   |--- feature_10 >  47.52
|   |   |   |   |   |   |   |   |   |   |   |--- class: positive
|   |   |   |   |   |   |   |--- feature_2 >  12.50
|   |   |   |   |   |   |   |   |--- feature_11 <= 12.80
|   |   |   |   |   |   |   |   |   |--- class: positive
|   |   |   |   |   |   |   |   |--- feature_11 >  12.80
|   |   |   |   |   |   |   |   |   |--- class: negative
|   |   |   |   |--- feature_40 >  0.00
|   |   |   |   |   |--- feature_40 <= 1.00
|   |   |   |   |   |   |--- class: positive
|   |   |   |   |   |--- feature_40 >  1.00
|   |   |   |   |   |   |--- feature_12 <= 15.30
|   |   |   |   |   |   |   |--- feature_9 <= 16.60
|   |   |   |   |   |   |   |   |--- feature_11 <= 6.40
|   |   |   |   |   |   |   |   |   |--- class: negative
|   |   |   |   |   |   |   |   |--- feature_11 >  6.40
|   |   |   |   |   |   |   |   |   |--- feature_5 <= 41.45
|   |   |   |   |   |   |   |   |   |   |--- class: negative
|   |   |   |   |   |   |   |   |   |--- feature_5 >  41.45
|   |   |   |   |   |   |   |   |   |   |--- class: positive
|   |   |   |   |   |   |   |--- feature_9 >  16.60
|   |   |   |   |   |   |   |   |--- feature_1 <= 37.50
|   |   |   |   |   |   |   |   |   |--- class: positive
|   |   |   |   |   |   |   |   |--- feature_1 >  37.50
|   |   |   |   |   |   |   |   |   |--- class: negative
|   |   |   |   |   |   |--- feature_12 >  15.30
|   |   |   |   |   |   |   |--- feature_0 <= 1942.50
|   |   |   |   |   |   |   |   |--- feature_10 <= 9.00
|   |   |   |   |   |   |   |   |   |--- class: positive
|   |   |   |   |   |   |   |   |--- feature_10 >  9.00
|   |   |   |   |   |   |   |   |   |--- class: negative
|   |   |   |   |   |   |   |--- feature_0 >  1942.50
|   |   |   |   |   |   |   |   |--- feature_11 <= 6.87
|   |   |   |   |   |   |   |   |   |--- class: positive
|   |   |   |   |   |   |   |   |--- feature_11 >  6.87
|   |   |   |   |   |   |   |   |   |--- feature_9 <= 16.45
|   |   |   |   |   |   |   |   |   |   |--- class: negative
|   |   |   |   |   |   |   |   |   |--- feature_9 >  16.45
|   |   |   |   |   |   |   |   |   |   |--- class: positive
|   |   |   |--- feature_12 >  36.75
|   |   |   |   |--- feature_10 <= 112.32
|   |   |   |   |   |--- feature_26 <= 0.06
|   |   |   |   |   |   |--- feature_20 <= 0.05
|   |   |   |   |   |   |   |--- feature_11 <= 7.00
|   |   |   |   |   |   |   |   |--- feature_12 <= 53.10
|   |   |   |   |   |   |   |   |   |--- class: negative
|   |   |   |   |   |   |   |   |--- feature_12 >  53.10
|   |   |   |   |   |   |   |   |   |--- class: positive
|   |   |   |   |   |   |   |--- feature_11 >  7.00
|   |   |   |   |   |   |   |   |--- class: negative
|   |   |   |   |   |   |--- feature_20 >  0.05
|   |   |   |   |   |   |   |--- feature_20 <= 0.96
|   |   |   |   |   |   |   |   |--- class: positive
|   |   |   |   |   |   |   |--- feature_20 >  0.96
|   |   |   |   |   |   |   |   |--- feature_0 <= 1938.50
|   |   |   |   |   |   |   |   |   |--- feature_32 <= 0.82
|   |   |   |   |   |   |   |   |   |   |--- feature_11 <= 7.24
|   |   |   |   |   |   |   |   |   |   |   |--- truncated branch of depth 3
|   |   |   |   |   |   |   |   |   |   |--- feature_11 >  7.24
|   |   |   |   |   |   |   |   |   |   |   |--- truncated branch of depth 4
|   |   |   |   |   |   |   |   |   |--- feature_32 >  0.82
|   |   |   |   |   |   |   |   |   |   |--- class: negative
|   |   |   |   |   |   |   |   |--- feature_0 >  1938.50
|   |   |   |   |   |   |   |   |   |--- class: negative
|   |   |   |   |   |--- feature_26 >  0.06
|   |   |   |   |   |   |--- feature_26 <= 0.99
|   |   |   |   |   |   |   |--- class: positive
|   |   |   |   |   |   |--- feature_26 >  0.99
|   |   |   |   |   |   |   |--- feature_6 <= -95.88
|   |   |   |   |   |   |   |   |--- feature_21 <= 0.12
|   |   |   |   |   |   |   |   |   |--- feature_5 <= 42.68
|   |   |   |   |   |   |   |   |   |   |--- class: negative
|   |   |   |   |   |   |   |   |   |--- feature_5 >  42.68
|   |   |   |   |   |   |   |   |   |   |--- feature_1 <= 1850.00
|   |   |   |   |   |   |   |   |   |   |   |--- class: negative
|   |   |   |   |   |   |   |   |   |   |--- feature_1 >  1850.00
|   |   |   |   |   |   |   |   |   |   |   |--- class: positive
|   |   |   |   |   |   |   |   |--- feature_21 >  0.12
|   |   |   |   |   |   |   |   |   |--- feature_44 <= 0.62
|   |   |   |   |   |   |   |   |   |   |--- class: positive
|   |   |   |   |   |   |   |   |   |--- feature_44 >  0.62
|   |   |   |   |   |   |   |   |   |   |--- class: negative
|   |   |   |   |   |   |   |--- feature_6 >  -95.88
|   |   |   |   |   |   |   |   |--- feature_20 <= 0.60
|   |   |   |   |   |   |   |   |   |--- class: positive
|   |   |   |   |   |   |   |   |--- feature_20 >  0.60
|   |   |   |   |   |   |   |   |   |--- class: negative
|   |   |   |   |--- feature_10 >  112.32
|   |   |   |   |   |--- feature_18 <= 0.94
|   |   |   |   |   |   |--- feature_11 <= 12.82
|   |   |   |   |   |   |   |--- feature_21 <= 0.93
|   |   |   |   |   |   |   |   |--- class: positive
|   |   |   |   |   |   |   |--- feature_21 >  0.93
|   |   |   |   |   |   |   |   |--- feature_47 <= 0.50
|   |   |   |   |   |   |   |   |   |--- class: negative
|   |   |   |   |   |   |   |   |--- feature_47 >  0.50
|   |   |   |   |   |   |   |   |   |--- class: positive
|   |   |   |   |   |   |--- feature_11 >  12.82
|   |   |   |   |   |   |   |--- class: negative
|   |   |   |   |   |--- feature_18 >  0.94
|   |   |   |   |   |   |--- class: negative
|   |   |--- feature_1 >  14732.50
|   |   |   |--- feature_11 <= 12.90
|   |   |   |   |--- feature_2 <= 7.00
|   |   |   |   |   |--- class: negative
|   |   |   |   |--- feature_2 >  7.00
|   |   |   |   |   |--- feature_12 <= 41.14
|   |   |   |   |   |   |--- feature_7 <= 3.50
|   |   |   |   |   |   |   |--- class: negative
|   |   |   |   |   |   |--- feature_7 >  3.50
|   |   |   |   |   |   |   |--- class: positive
|   |   |   |   |   |--- feature_12 >  41.14
|   |   |   |   |   |   |--- class: positive
|   |   |   |--- feature_11 >  12.90
|   |   |   |   |--- class: negative
|--- feature_0 >  1973.50
|   |--- feature_0 <= 1986.50
|   |   |--- feature_11 <= 8.50
|   |   |   |--- feature_20 <= 0.99
|   |   |   |   |--- feature_20 <= 0.00
|   |   |   |   |   |--- feature_1 <= 26.00
|   |   |   |   |   |   |--- class: negative
|   |   |   |   |   |--- feature_1 >  26.00
|   |   |   |   |   |   |--- feature_13 <= 5.48
|   |   |   |   |   |   |   |--- class: negative
|   |   |   |   |   |   |--- feature_13 >  5.48
|   |   |   |   |   |   |   |--- feature_7 <= 0.50
|   |   |   |   |   |   |   |   |--- feature_13 <= 7.99
|   |   |   |   |   |   |   |   |   |--- class: positive
|   |   |   |   |   |   |   |   |--- feature_13 >  7.99
|   |   |   |   |   |   |   |   |   |--- feature_0 <= 1978.50
|   |   |   |   |   |   |   |   |   |   |--- feature_11 <= 5.70
|   |   |   |   |   |   |   |   |   |   |   |--- class: positive
|   |   |   |   |   |   |   |   |   |   |--- feature_11 >  5.70
|   |   |   |   |   |   |   |   |   |   |   |--- class: negative
|   |   |   |   |   |   |   |   |   |--- feature_0 >  1978.50
|   |   |   |   |   |   |   |   |   |   |--- feature_1 <= 70.00
|   |   |   |   |   |   |   |   |   |   |   |--- truncated branch of depth 4
|   |   |   |   |   |   |   |   |   |   |--- feature_1 >  70.00
|   |   |   |   |   |   |   |   |   |   |   |--- class: negative
|   |   |   |   |   |   |   |--- feature_7 >  0.50
|   |   |   |   |   |   |   |   |--- class: positive
|   |   |   |   |--- feature_20 >  0.00
|   |   |   |   |   |--- class: positive
|   |   |   |--- feature_20 >  0.99
|   |   |   |   |--- feature_40 <= 0.01
|   |   |   |   |   |--- feature_2 <= 0.50
|   |   |   |   |   |   |--- feature_1 <= 40.50
|   |   |   |   |   |   |   |--- feature_13 <= 3.87
|   |   |   |   |   |   |   |   |--- feature_26 <= 0.31
|   |   |   |   |   |   |   |   |   |--- class: negative
|   |   |   |   |   |   |   |   |--- feature_26 >  0.31
|   |   |   |   |   |   |   |   |   |--- class: positive
|   |   |   |   |   |   |   |--- feature_13 >  3.87
|   |   |   |   |   |   |   |   |--- class: negative
|   |   |   |   |   |   |--- feature_1 >  40.50
|   |   |   |   |   |   |   |--- feature_12 <= 38.51
|   |   |   |   |   |   |   |   |--- feature_0 <= 1978.50
|   |   |   |   |   |   |   |   |   |--- feature_5 <= 40.57
|   |   |   |   |   |   |   |   |   |   |--- class: negative
|   |   |   |   |   |   |   |   |   |--- feature_5 >  40.57
|   |   |   |   |   |   |   |   |   |   |--- feature_5 <= 41.89
|   |   |   |   |   |   |   |   |   |   |   |--- truncated branch of depth 4
|   |   |   |   |   |   |   |   |   |   |--- feature_5 >  41.89
|   |   |   |   |   |   |   |   |   |   |   |--- class: negative
|   |   |   |   |   |   |   |   |--- feature_0 >  1978.50
|   |   |   |   |   |   |   |   |   |--- feature_7 <= 31.00
|   |   |   |   |   |   |   |   |   |   |--- class: negative
|   |   |   |   |   |   |   |   |   |--- feature_7 >  31.00
|   |   |   |   |   |   |   |   |   |   |--- class: positive
|   |   |   |   |   |   |   |--- feature_12 >  38.51
|   |   |   |   |   |   |   |   |--- class: negative
|   |   |   |   |   |--- feature_2 >  0.50
|   |   |   |   |   |   |--- feature_2 <= 9.50
|   |   |   |   |   |   |   |--- feature_5 <= 40.37
|   |   |   |   |   |   |   |   |--- class: negative
|   |   |   |   |   |   |   |--- feature_5 >  40.37
|   |   |   |   |   |   |   |   |--- class: positive
|   |   |   |   |   |   |--- feature_2 >  9.50
|   |   |   |   |   |   |   |--- feature_7 <= 25.00
|   |   |   |   |   |   |   |   |--- feature_15 <= 18.00
|   |   |   |   |   |   |   |   |   |--- class: positive
|   |   |   |   |   |   |   |   |--- feature_15 >  18.00
|   |   |   |   |   |   |   |   |   |--- class: negative
|   |   |   |   |   |   |   |--- feature_7 >  25.00
|   |   |   |   |   |   |   |   |--- class: positive
|   |   |   |   |--- feature_40 >  0.01
|   |   |   |   |   |--- feature_9 <= 19.50
|   |   |   |   |   |   |--- class: positive
|   |   |   |   |   |--- feature_9 >  19.50
|   |   |   |   |   |   |--- class: negative
|   |   |--- feature_11 >  8.50
|   |   |   |--- feature_43 <= 0.00
|   |   |   |   |--- feature_22 <= 0.00
|   |   |   |   |   |--- feature_36 <= 0.08
|   |   |   |   |   |   |--- feature_13 <= 7.87
|   |   |   |   |   |   |   |--- feature_1 <= 228.50
|   |   |   |   |   |   |   |   |--- feature_13 <= 6.07
|   |   |   |   |   |   |   |   |   |--- class: negative
|   |   |   |   |   |   |   |   |--- feature_13 >  6.07
|   |   |   |   |   |   |   |   |   |--- feature_7 <= 1.50
|   |   |   |   |   |   |   |   |   |   |--- class: negative
|   |   |   |   |   |   |   |   |   |--- feature_7 >  1.50
|   |   |   |   |   |   |   |   |   |   |--- class: positive
|   |   |   |   |   |   |   |--- feature_1 >  228.50
|   |   |   |   |   |   |   |   |--- feature_1 <= 482.50
|   |   |   |   |   |   |   |   |   |--- feature_10 <= 16.72
|   |   |   |   |   |   |   |   |   |   |--- class: negative
|   |   |   |   |   |   |   |   |   |--- feature_10 >  16.72
|   |   |   |   |   |   |   |   |   |   |--- class: positive
|   |   |   |   |   |   |   |   |--- feature_1 >  482.50
|   |   |   |   |   |   |   |   |   |--- class: negative
|   |   |   |   |   |   |--- feature_13 >  7.87
|   |   |   |   |   |   |   |--- feature_12 <= 31.95
|   |   |   |   |   |   |   |   |--- feature_10 <= 12.95
|   |   |   |   |   |   |   |   |   |--- feature_5 <= 42.00
|   |   |   |   |   |   |   |   |   |   |--- feature_9 <= 7.45
|   |   |   |   |   |   |   |   |   |   |   |--- class: positive
|   |   |   |   |   |   |   |   |   |   |--- feature_9 >  7.45
|   |   |   |   |   |   |   |   |   |   |   |--- class: negative
|   |   |   |   |   |   |   |   |   |--- feature_5 >  42.00
|   |   |   |   |   |   |   |   |   |   |--- class: positive
|   |   |   |   |   |   |   |   |--- feature_10 >  12.95
|   |   |   |   |   |   |   |   |   |--- class: negative
|   |   |   |   |   |   |   |--- feature_12 >  31.95
|   |   |   |   |   |   |   |   |--- feature_5 <= 40.05
|   |   |   |   |   |   |   |   |   |--- feature_6 <= -101.52
|   |   |   |   |   |   |   |   |   |   |--- feature_21 <= 0.50
|   |   |   |   |   |   |   |   |   |   |   |--- class: negative
|   |   |   |   |   |   |   |   |   |   |--- feature_21 >  0.50
|   |   |   |   |   |   |   |   |   |   |   |--- class: positive
|   |   |   |   |   |   |   |   |   |--- feature_6 >  -101.52
|   |   |   |   |   |   |   |   |   |   |--- class: negative
|   |   |   |   |   |   |   |   |--- feature_5 >  40.05
|   |   |   |   |   |   |   |   |   |--- class: negative
|   |   |   |   |   |--- feature_36 >  0.08
|   |   |   |   |   |   |--- feature_36 <= 0.99
|   |   |   |   |   |   |   |--- class: positive
|   |   |   |   |   |   |--- feature_36 >  0.99
|   |   |   |   |   |   |   |--- feature_12 <= 63.00
|   |   |   |   |   |   |   |   |--- class: negative
|   |   |   |   |   |   |   |--- feature_12 >  63.00
|   |   |   |   |   |   |   |   |--- class: positive
|   |   |   |   |--- feature_22 >  0.00
|   |   |   |   |   |--- feature_0 <= 1981.50
|   |   |   |   |   |   |--- class: positive
|   |   |   |   |   |--- feature_0 >  1981.50
|   |   |   |   |   |   |--- class: negative
|   |   |   |--- feature_43 >  0.00
|   |   |   |   |--- feature_43 <= 0.99
|   |   |   |   |   |--- class: positive
|   |   |   |   |--- feature_43 >  0.99
|   |   |   |   |   |--- feature_6 <= -97.13
|   |   |   |   |   |   |--- feature_18 <= 0.50
|   |   |   |   |   |   |   |--- class: negative
|   |   |   |   |   |   |--- feature_18 >  0.50
|   |   |   |   |   |   |   |--- feature_6 <= -99.06
|   |   |   |   |   |   |   |   |--- class: positive
|   |   |   |   |   |   |   |--- feature_6 >  -99.06
|   |   |   |   |   |   |   |   |--- class: negative
|   |   |   |   |   |--- feature_6 >  -97.13
|   |   |   |   |   |   |--- feature_6 <= -96.98
|   |   |   |   |   |   |   |--- feature_2 <= 5.00
|   |   |   |   |   |   |   |   |--- feature_10 <= 16.60
|   |   |   |   |   |   |   |   |   |--- class: negative
|   |   |   |   |   |   |   |   |--- feature_10 >  16.60
|   |   |   |   |   |   |   |   |   |--- class: positive
|   |   |   |   |   |   |   |--- feature_2 >  5.00
|   |   |   |   |   |   |   |   |--- class: negative
|   |   |   |   |   |   |--- feature_6 >  -96.98
|   |   |   |   |   |   |   |--- feature_0 <= 1976.50
|   |   |   |   |   |   |   |   |--- class: positive
|   |   |   |   |   |   |   |--- feature_0 >  1976.50
|   |   |   |   |   |   |   |   |--- feature_10 <= 30.67
|   |   |   |   |   |   |   |   |   |--- feature_9 <= 11.73
|   |   |   |   |   |   |   |   |   |   |--- class: negative
|   |   |   |   |   |   |   |   |   |--- feature_9 >  11.73
|   |   |   |   |   |   |   |   |   |   |--- feature_2 <= 5.00
|   |   |   |   |   |   |   |   |   |   |   |--- class: positive
|   |   |   |   |   |   |   |   |   |   |--- feature_2 >  5.00
|   |   |   |   |   |   |   |   |   |   |   |--- class: negative
|   |   |   |   |   |   |   |   |--- feature_10 >  30.67
|   |   |   |   |   |   |   |   |   |--- class: negative
|   |--- feature_0 >  1986.50
|   |   |--- feature_17 <= 0.01
|   |   |   |--- feature_11 <= 8.46
|   |   |   |   |--- feature_18 <= 0.02
|   |   |   |   |   |--- feature_1 <= 94.00
|   |   |   |   |   |   |--- feature_26 <= 0.50
|   |   |   |   |   |   |   |--- class: negative
|   |   |   |   |   |   |--- feature_26 >  0.50
|   |   |   |   |   |   |   |--- feature_12 <= 19.35
|   |   |   |   |   |   |   |   |--- class: positive
|   |   |   |   |   |   |   |--- feature_12 >  19.35
|   |   |   |   |   |   |   |   |--- class: negative
|   |   |   |   |   |--- feature_1 >  94.00
|   |   |   |   |   |   |--- feature_5 <= 40.80
|   |   |   |   |   |   |   |--- feature_13 <= 6.50
|   |   |   |   |   |   |   |   |--- class: negative
|   |   |   |   |   |   |   |--- feature_13 >  6.50
|   |   |   |   |   |   |   |   |--- class: positive
|   |   |   |   |   |   |--- feature_5 >  40.80
|   |   |   |   |   |   |   |--- class: negative
|   |   |   |   |--- feature_18 >  0.02
|   |   |   |   |   |--- feature_18 <= 0.96
|   |   |   |   |   |   |--- class: positive
|   |   |   |   |   |--- feature_18 >  0.96
|   |   |   |   |   |   |--- feature_32 <= 0.07
|   |   |   |   |   |   |   |--- class: negative
|   |   |   |   |   |   |--- feature_32 >  0.07
|   |   |   |   |   |   |   |--- feature_11 <= 7.17
|   |   |   |   |   |   |   |   |--- class: negative
|   |   |   |   |   |   |   |--- feature_11 >  7.17
|   |   |   |   |   |   |   |   |--- class: positive
|   |   |   |--- feature_11 >  8.46
|   |   |   |   |--- feature_0 <= 1987.50
|   |   |   |   |   |--- feature_10 <= 12.16
|   |   |   |   |   |   |--- feature_10 <= 11.99
|   |   |   |   |   |   |   |--- feature_7 <= 38.50
|   |   |   |   |   |   |   |   |--- class: negative
|   |   |   |   |   |   |   |--- feature_7 >  38.50
|   |   |   |   |   |   |   |   |--- class: positive
|   |   |   |   |   |   |--- feature_10 >  11.99
|   |   |   |   |   |   |   |--- class: positive
|   |   |   |   |   |--- feature_10 >  12.16
|   |   |   |   |   |   |--- class: negative
|   |   |   |   |--- feature_0 >  1987.50
|   |   |   |   |   |--- feature_5 <= 42.78
|   |   |   |   |   |   |--- class: negative
|   |   |   |   |   |--- feature_5 >  42.78
|   |   |   |   |   |   |--- feature_5 <= 42.79
|   |   |   |   |   |   |   |--- class: positive
|   |   |   |   |   |   |--- feature_5 >  42.79
|   |   |   |   |   |   |   |--- class: negative
|   |   |--- feature_17 >  0.01
|   |   |   |--- feature_17 <= 1.00
|   |   |   |   |--- class: positive
|   |   |   |--- feature_17 >  1.00
|   |   |   |   |--- feature_6 <= -97.12
|   |   |   |   |   |--- class: negative
|   |   |   |   |--- feature_6 >  -97.12
|   |   |   |   |   |--- feature_6 <= -97.00
|   |   |   |   |   |   |--- feature_7 <= 22.50
|   |   |   |   |   |   |   |--- feature_6 <= -97.11
|   |   |   |   |   |   |   |   |--- class: positive
|   |   |   |   |   |   |   |--- feature_6 >  -97.11
|   |   |   |   |   |   |   |   |--- class: negative
|   |   |   |   |   |   |--- feature_7 >  22.50
|   |   |   |   |   |   |   |--- feature_1 <= 150.50
|   |   |   |   |   |   |   |   |--- class: positive
|   |   |   |   |   |   |   |--- feature_1 >  150.50
|   |   |   |   |   |   |   |   |--- class: negative
|   |   |   |   |   |--- feature_6 >  -97.00
|   |   |   |   |   |   |--- feature_0 <= 1991.50
|   |   |   |   |   |   |   |--- feature_11 <= 8.58
|   |   |   |   |   |   |   |   |--- feature_1 <= 73.00
|   |   |   |   |   |   |   |   |   |--- feature_9 <= 9.98
|   |   |   |   |   |   |   |   |   |   |--- class: negative
|   |   |   |   |   |   |   |   |   |--- feature_9 >  9.98
|   |   |   |   |   |   |   |   |   |   |--- class: positive
|   |   |   |   |   |   |   |   |--- feature_1 >  73.00
|   |   |   |   |   |   |   |   |   |--- feature_12 <= 65.25
|   |   |   |   |   |   |   |   |   |   |--- class: negative
|   |   |   |   |   |   |   |   |   |--- feature_12 >  65.25
|   |   |   |   |   |   |   |   |   |   |--- class: positive
|   |   |   |   |   |   |   |--- feature_11 >  8.58
|   |   |   |   |   |   |   |   |--- class: negative
|   |   |   |   |   |   |--- feature_0 >  1991.50
|   |   |   |   |   |   |   |--- class: negative
