|--- feature_0 <= 1973.50
|   |--- feature_13 <= 8.00
|   |   |--- feature_13 <= 5.00
|   |   |   |--- feature_13 <= 5.00
|   |   |   |   |--- feature_13 <= 4.00
|   |   |   |   |   |--- feature_14 <= 1.50
|   |   |   |   |   |   |--- feature_11 <= 4.80
|   |   |   |   |   |   |   |--- feature_13 <= 2.01
|   |   |   |   |   |   |   |   |--- class: negative
|   |   |   |   |   |   |   |--- feature_13 >  2.01
|   |   |   |   |   |   |   |   |--- feature_11 <= 4.80
|   |   |   |   |   |   |   |   |   |--- feature_11 <= 4.70
|   |   |   |   |   |   |   |   |   |   |--- feature_11 <= 4.70
|   |   |   |   |   |   |   |   |   |   |   |--- truncated branch of depth 9
|   |   |   |   |   |   |   |   |   |   |--- feature_11 >  4.70
|   |   |   |   |   |   |   |   |   |   |   |--- truncated branch of depth 6
|   |   |   |   |   |   |   |   |   |--- feature_11 >  4.70
|   |   |   |   |   |   |   |   |   |   |--- class: positive
|   |   |   |   |   |   |   |   |--- feature_11 >  4.80
|   |   |   |   |   |   |   |   |   |--- feature_13 <= 3.00
|   |   |   |   |   |   |   |   |   |   |--- feature_13 <= 2.98
|   |   |   |   |   |   |   |   |   |   |   |--- class: positive
|   |   |   |   |   |   |   |   |   |   |--- feature_13 >  2.98
|   |   |   |   |   |   |   |   |   |   |   |--- truncated branch of depth 7
|   |   |   |   |   |   |   |   |   |--- feature_13 >  3.00
|   |   |   |   |   |   |   |   |   |   |--- feature_13 <= 4.00
|   |   |   |   |   |   |   |   |   |   |   |--- class: positive
|   |   |   |   |   |   |   |   |   |   |--- feature_13 >  4.00
|   |   |   |   |   |   |   |   |   |   |   |--- truncated branch of depth 6
|   |   |   |   |   |   |--- feature_11 >  4.80
|   |   |   |   |   |   |   |--- class: positive
|   |   |   |   |   |--- feature_14 >  1.50
|   |   |   |   |   |   |--- feature_10 <= 9.11
|   |   |   |   |   |   |   |--- feature_9 <= 7.43
|   |   |   |   |   |   |   |   |--- class: negative
|   |   |   |   |   |   |   |--- feature_9 >  7.43
|   |   |   |   |   |   |   |   |--- feature_6 <= -97.27
|   |   |   |   |   |   |   |   |   |--- feature_12 <= 4.56
|   |   |   |   |   |   |   |   |   |   |--- feature_5 <= 41.39
|   |   |   |   |   |   |   |   |   |   |   |--- class: positive
|   |   |   |   |   |   |   |   |   |   |--- feature_5 >  41.39
|   |   |   |   |   |   |   |   |   |   |   |--- class: negative
|   |   |   |   |   |   |   |   |   |--- feature_12 >  4.56
|   |   |   |   |   |   |   |   |   |   |--- class: negative
|   |   |   |   |   |   |   |   |--- feature_6 >  -97.27
|   |   |   |   |   |   |   |   |   |--- feature_6 <= -96.98
|   |   |   |   |   |   |   |   |   |   |--- class: positive
|   |   |   |   |   |   |   |   |   |--- feature_6 >  -96.98
|   |   |   |   |   |   |   |   |   |   |--- feature_16 <= 0.16
|   |   |   |   |   |   |   |   |   |   |   |--- class: negative
|   |   |   |   |   |   |   |   |   |   |--- feature_16 >  0.16
|   |   |   |   |   |   |   |   |   |   |   |--- class: positive
|   |   |   |   |   |   |--- feature_10 >  9.11
|   |   |   |   |   |   |   |--- feature_13 <= 4.00
|   |   |   |   |   |   |   |   |--- feature_13 <= 3.00
|   |   |   |   |   |   |   |   |   |--- feature_13 <= 3.00
|   |   |   |   |   |   |   |   |   |   |--- feature_13 <= 2.00
|   |   |   |   |   |   |   |   |   |   |   |--- truncated branch of depth 4
|   |   |   |   |   |   |   |   |   |   |--- feature_13 >  2.00
|   |   |   |   |   |   |   |   |   |   |   |--- class: positive
|   |   |   |   |   |   |   |   |   |--- feature_13 >  3.00
|   |   |   |   |   |   |   |   |   |   |--- feature_8 <= 1.50
|   |   |   |   |   |   |   |   |   |   |   |--- truncated branch of depth 10
|   |   |   |   |   |   |   |   |   |   |--- feature_8 >  1.50
|   |   |   |   |   |   |   |   |   |   |   |--- truncated branch of depth 9
|   |   |   |   |   |   |   |   |--- feature_13 >  3.00
|   |   |   |   |   |   |   |   |   |--- class: positive
|   |   |   |   |   |   |   |--- feature_13 >  4.00
|   |   |   |   |   |   |   |   |--- feature_0 <= 1958.50
|   |   |   |   |   |   |   |   |   |--- feature_5 <= 40.75
|   |   |   |   |   |   |   |   |   |   |--- feature_6 <= -96.02
|   |   |   |   |   |   |   |   |   |   |   |--- truncated branch of depth 7
|   |   |   |   |   |   |   |   |   |   |--- feature_6 >  -96.02
|   |   |   |   |   |   |   |   |   |   |   |--- truncated branch of depth 2
|   |   |   |   |   |   |   |   |   |--- feature_5 >  40.75
|   |   |   |   |   |   |   |   |   |   |--- feature_5 <= 41.75
|   |   |   |   |   |   |   |   |   |   |   |--- truncated branch of depth 7
|   |   |   |   |   |   |   |   |   |   |--- feature_5 >  41.75
|   |   |   |   |   |   |   |   |   |   |   |--- truncated branch of depth 9
|   |   |   |   |   |   |   |   |--- feature_0 >  1958.50
|   |   |   |   |   |   |   |   |   |--- feature_27 <= 0.27
|   |   |   |   |   |   |   |   |   |   |--- class: negative
|   |   |   |   |   |   |   |   |   |--- feature_27 >  0.27
|   |   |   |   |   |   |   |   |   |   |--- feature_27 <= 1.00
|   |   |   |   |   |   |   |   |   |   |   |--- class: positive
|   |   |   |   |   |   |   |   |   |   |--- feature_27 >  1.00
|   |   |   |   |   |   |   |   |   |   |   |--- truncated branch of depth 2
|   |   |   |   |--- feature_13 >  4.00
|   |   |   |   |   |--- class: positive
|   |   |   |--- feature_13 >  5.00
|   |   |   |   |--- feature_10 <= 26.25
|   |   |   |   |   |--- feature_12 <= 15.24
|   |   |   |   |   |   |--- feature_1 <= 22.50
|   |   |   |   |   |   |   |--- feature_32 <= 0.50
|   |   |   |   |   |   |   |   |--- feature_11 <= 6.95
|   |   |   |   |   |   |   |   |   |--- feature_6 <= -98.41
|   |   |   |   |   |   |   |   |   |   |--- class: positive
|   |   |   |   |   |   |   |   |   |--- feature_6 >  -98.41
|   |   |   |   |   |   |   |   |   |   |--- class: negative
|   |   |   |   |   |   |   |   |--- feature_11 >  6.95
|   |   |   |   |   |   |   |   |   |--- class: negative
|   |   |   |   |   |   |   |--- feature_32 >  0.50
|   |   |   |   |   |   |   |   |--- class: negative
|   |   |   |   |   |   |--- feature_1 >  22.50
|   |   |   |   |   |   |   |--- feature_12 <= 8.09
|   |   |   |   |   |   |   |   |--- feature_1 <= 47.50
|   |   |   |   |   |   |   |   |   |--- feature_11 <= 4.66
|   |   |   |   |   |   |   |   |   |   |--- class: positive
|   |   |   |   |   |   |   |   |   |--- feature_11 >  4.66
|   |   |   |   |   |   |   |   |   |   |--- class: negative
|   |   |   |   |   |   |   |   |--- feature_1 >  47.50
|   |   |   |   |   |   |   |   |   |--- feature_11 <= 5.02
|   |   |   |   |   |   |   |   |   |   |--- class: negative
|   |   |   |   |   |   |   |   |   |--- feature_11 >  5.02
|   |   |   |   |   |   |   |   |   |   |--- feature_7 <= 5.00
|   |   |   |   |   |   |   |   |   |   |   |--- truncated branch of depth 2
|   |   |   |   |   |   |   |   |   |   |--- feature_7 >  5.00
|   |   |   |   |   |   |   |   |   |   |   |--- class: negative
|   |   |   |   |   |   |   |--- feature_12 >  8.09
|   |   |   |   |   |   |   |   |--- feature_1 <= 27.50
|   |   |   |   |   |   |   |   |   |--- feature_5 <= 40.13
|   |   |   |   |   |   |   |   |   |   |--- feature_9 <= 7.91
|   |   |   |   |   |   |   |   |   |   |   |--- class: negative
|   |   |   |   |   |   |   |   |   |   |--- feature_9 >  7.91
|   |   |   |   |   |   |   |   |   |   |   |--- truncated branch of depth 2
|   |   |   |   |   |   |   |   |   |--- feature_5 >  40.13
|   |   |   |   |   |   |   |   |   |   |--- class: positive
|   |   |   |   |   |   |   |   |--- feature_1 >  27.50
|   |   |   |   |   |   |   |   |   |--- feature_12 <= 11.55
|   |   |   |   |   |   |   |   |   |   |--- feature_11 <= 6.49
|   |   |   |   |   |   |   |   |   |   |   |--- truncated branch of depth 4
|   |   |   |   |   |   |   |   |   |   |--- feature_11 >  6.49
|   |   |   |   |   |   |   |   |   |   |   |--- class: negative
|   |   |   |   |   |   |   |   |   |--- feature_12 >  11.55
|   |   |   |   |   |   |   |   |   |   |--- feature_0 <= 1965.50
|   |   |   |   |   |   |   |   |   |   |   |--- class: negative
|   |   |   |   |   |   |   |   |   |   |--- feature_0 >  1965.50
|   |   |   |   |   |   |   |   |   |   |   |--- class: positive
|   |   |   |   |   |--- feature_12 >  15.24
|   |   |   |   |   |   |--- feature_11 <= 5.95
|   |   |   |   |   |   |   |--- feature_16 <= 0.37
|   |   |   |   |   |   |   |   |--- feature_5 <= 41.42
|   |   |   |   |   |   |   |   |   |--- feature_1 <= 12.00
|   |   |   |   |   |   |   |   |   |   |--- class: negative
|   |   |   |   |   |   |   |   |   |--- feature_1 >  12.00
|   |   |   |   |   |   |   |   |   |   |--- feature_12 <= 25.65
|   |   |   |   |   |   |   |   |   |   |   |--- truncated branch of depth 2
|   |   |   |   |   |   |   |   |   |   |--- feature_12 >  25.65
|   |   |   |   |   |   |   |   |   |   |   |--- truncated branch of depth 5
|   |   |   |   |   |   |   |   |--- feature_5 >  41.42
|   |   |   |   |   |   |   |   |   |--- class: negative
|   |   |   |   |   |   |   |--- feature_16 >  0.37
|   |   |   |   |   |   |   |   |--- class: positive
|   |   |   |   |   |   |--- feature_11 >  5.95
|   |   |   |   |   |   |   |--- feature_5 <= 42.08
|   |   |   |   |   |   |   |   |--- class: negative
|   |   |   |   |   |   |   |--- feature_5 >  42.08
|   |   |   |   |   |   |   |   |--- feature_10 <= 24.85
|   |   |   |   |   |   |   |   |   |--- feature_10 <= 9.25
|   |   |   |   |   |   |   |   |   |   |--- feature_6 <= -97.13
|   |   |   |   |   |   |   |   |   |   |   |--- class: negative
|   |   |   |   |   |   |   |   |   |   |--- feature_6 >  -97.13
|   |   |   |   |   |   |   |   |   |   |   |--- class: positive
|   |   |   |   |   |   |   |   |   |--- feature_10 >  9.25
|   |   |   |   |   |   |   |   |   |   |--- class: negative
|   |   |   |   |   |   |   |   |--- feature_10 >  24.85
|   |   |   |   |   |   |   |   |   |--- feature_12 <= 36.22
|   |   |   |   |   |   |   |   |   |   |--- class: positive
|   |   |   |   |   |   |   |   |   |--- feature_12 >  36.22
|   |   |   |   |   |   |   |   |   |   |--- class: negative
|   |   |   |   |--- feature_10 >  26.25
|   |   |   |   |   |--- feature_26 <= 0.02
|   |   |   |   |   |   |--- feature_12 <= 39.15
|   |   |   |   |   |   |   |--- feature_9 <= 8.80
|   |   |   |   |   |   |   |   |--- class: positive
|   |   |   |   |   |   |   |--- feature_9 >  8.80
|   |   |   |   |   |   |   |   |--- feature_12 <= 10.98
|   |   |   |   |   |   |   |   |   |--- class: negative
|   |   |   |   |   |   |   |   |--- feature_12 >  10.98
|   |   |   |   |   |   |   |   |   |--- feature_0 <= 1913.50
|   |   |   |   |   |   |   |   |   |   |--- class: positive
|   |   |   |   |   |   |   |   |   |--- feature_0 >  1913.50
|   |   |   |   |   |   |   |   |   |   |--- feature_1 <= 288.50
|   |   |   |   |   |   |   |   |   |   |   |--- truncated branch of depth 3
|   |   |   |   |   |   |   |   |   |   |--- feature_1 >  288.50
|   |   |   |   |   |   |   |   |   |   |   |--- truncated branch of depth 4
|   |   |   |   |   |   |--- feature_12 >  39.15
|   |   |   |   |   |   |   |--- feature_8 <= 5.50
|   |   |   |   |   |   |   |   |--- class: negative
|   |   |   |   |   |   |   |--- feature_8 >  5.50
|   |   |   |   |   |   |   |   |--- feature_11 <= 8.80
|   |   |   |   |   |   |   |   |   |--- class: negative
|   |   |   |   |   |   |   |   |--- feature_11 >  8.80
|   |   |   |   |   |   |   |   |   |--- class: positive
|   |   |   |   |   |--- feature_26 >  0.02
|   |   |   |   |   |   |--- feature_26 <= 0.99
|   |   |   |   |   |   |   |--- class: positive
|   |   |   |   |   |   |--- feature_26 >  0.99
|   |   |   |   |   |   |   |--- feature_0 <= 1951.50
|   |   |   |   |   |   |   |   |--- feature_1 <= 372.50
|   |   |   |   |   |   |   |   |   |--- class: negative
|   |   |   |   |   |   |   |   |--- feature_1 >  372.50
|   |   |   |   |   |   |   |   |   |--- feature_0 <= 1937.50
|   |   |   |   |   |   |   |   |   |   |--- feature_5 <= 41.02
|   |   |   |   |   |   |   |   |   |   |   |--- class: negative
|   |   |   |   |   |   |   |   |   |   |--- feature_5 >  41.02
|   |   |   |   |   |   |   |   |   |   |   |--- class: positive
|   |   |   |   |   |   |   |   |   |--- feature_0 >  1937.50
|   |   |   |   |   |   |   |   |   |   |--- class: positive
|   |   |   |   |   |   |   |--- feature_0 >  1951.50
|   |   |   |   |   |   |   |   |--- feature_8 <= 4.50
|   |   |   |   |   |   |   |   |   |--- class: negative
|   |   |   |   |   |   |   |   |--- feature_8 >  4.50
|   |   |   |   |   |   |   |   |   |--- class: positive
|   |   |--- feature_13 >  5.00
|   |   |   |--- feature_12 <= 22.44
|   |   |   |   |--- feature_16 <= 0.73
|   |   |   |   |   |--- feature_5 <= 42.12
|   |   |   |   |   |   |--- feature_9 <= 24.67
|   |   |   |   |   |   |   |--- class: positive
|   |   |   |   |   |   |--- feature_9 >  24.67
|   |   |   |   |   |   |   |--- feature_47 <= 0.50
|   |   |   |   |   |   |   |   |--- class: negative
|   |   |   |   |   |   |   |--- feature_47 >  0.50
|   |   |   |   |   |   |   |   |--- class: positive
|   |   |   |   |   |--- feature_5 >  42.12
|   |   |   |   |   |   |--- feature_13 <= 6.01
|   |   |   |   |   |   |   |--- feature_13 <= 6.00
|   |   |   |   |   |   |   |   |--- class: positive
|   |   |   |   |   |   |   |--- feature_13 >  6.00
|   |   |   |   |   |   |   |   |--- feature_9 <= 7.45
|   |   |   |   |   |   |   |   |   |--- feature_10 <= 7.45
|   |   |   |   |   |   |   |   |   |   |--- feature_1 <= 22.50
|   |   |   |   |   |   |   |   |   |   |   |--- class: negative
|   |   |   |   |   |   |   |   |   |   |--- feature_1 >  22.50
|   |   |   |   |   |   |   |   |   |   |   |--- class: positive
|   |   |   |   |   |   |   |   |   |--- feature_10 >  7.45
|   |   |   |   |   |   |   |   |   |   |--- class: positive
|   |   |   |   |   |   |   |   |--- feature_9 >  7.45
|   |   |   |   |   |   |   |   |   |--- class: negative
|   |   |   |   |   |   |--- feature_13 >  6.01
|   |   |   |   |   |   |   |--- class: positive
|   |   |   |   |--- feature_16 >  0.73
|   |   |   |   |   |--- class: negative
|   |   |   |--- feature_12 >  22.44
|   |   |   |   |--- feature_7 <= 29.50
|   |   |   |   |   |--- feature_2 <= 0.50
|   |   |   |   |   |   |--- feature_13 <= 6.00
|   |   |   |   |   |   |   |--- feature_13 <= 6.00
|   |   |   |   |   |   |   |   |--- class: positive
|   |   |   |   |   |   |   |--- feature_13 >  6.00
|   |   |   |   |   |   |   |   |--- feature_12 <= 62.10
|   |   |   |   |   |   |   |   |   |--- class: negative
|   |   |   |   |   |   |   |   |--- feature_12 >  62.10
|   |   |   |   |   |   |   |   |   |--- feature_16 <= 0.50
|   |   |   |   |   |   |   |   |   |   |--- class: negative
|   |   |   |   |   |   |   |   |   |--- feature_16 >  0.50
|   |   |   |   |   |   |   |   |   |   |--- class: positive
|   |   |   |   |   |   |--- feature_13 >  6.00
|   |   |   |   |   |   |   |--- feature_9 <= 16.82
|   |   |   |   |   |   |   |   |--- class: positive
|   |   |   |   |   |   |   |--- feature_9 >  16.82
|   |   |   |   |   |   |   |   |--- feature_44 <= 1.00
|   |   |   |   |   |   |   |   |   |--- class: positive
|   |   |   |   |   |   |   |   |--- feature_44 >  1.00
|   |   |   |   |   |   |   |   |   |--- feature_0 <= 1945.50
|   |   |   |   |   |   |   |   |   |   |--- class: negative
|   |   |   |   |   |   |   |   |   |--- feature_0 >  1945.50
|   |   |   |   |   |   |   |   |   |   |--- class: positive
|   |   |   |   |   |--- feature_2 >  0.50
|   |   |   |   |   |   |--- feature_1 <= 34.00
|   |   |   |   |   |   |   |--- class: negative
|   |   |   |   |   |   |--- feature_1 >  34.00
|   |   |   |   |   |   |   |--- feature_27 <= 1.00
|   |   |   |   |   |   |   |   |--- feature_9 <= 5.60
|   |   |   |   |   |   |   |   |   |--- feature_8 <= 4.00
|   |   |   |   |   |   |   |   |   |   |--- class: negative
|   |   |   |   |   |   |   |   |   |--- feature_8 >  4.00
|   |   |   |   |   |   |   |   |   |   |--- class: positive
|   |   |   |   |   |   |   |   |--- feature_9 >  5.60
|   |   |   |   |   |   |   |   |   |--- class: positive
|   |   |   |   |   |   |   |--- feature_27 >  1.00
|   |   |   |   |   |   |   |   |--- feature_43 <= 0.05
|   |   |   |   |   |   |   |   |   |--- class: negative
|   |   |   |   |   |   |   |   |--- feature_43 >  0.05
|   |   |   |   |   |   |   |   |   |--- class: positive
|   |   |   |   |--- feature_7 >  29.50
|   |   |   |   |   |--- feature_13 <= 7.18
|   |   |   |   |   |   |--- feature_30 <= 0.36
|   |   |   |   |   |   |   |--- class: negative
|   |   |   |   |   |   |--- feature_30 >  0.36
|   |   |   |   |   |   |   |--- class: positive
|   |   |   |   |   |--- feature_13 >  7.18
|   |   |   |   |   |   |--- class: positive
|   |--- feature_13 >  8.00
|   |   |--- feature_1 <= 17031.50
|   |   |   |--- feature_12 <= 34.19
|   |   |   |   |--- feature_40 <= 0.00
|   |   |   |   |   |--- feature_20 <= 1.00
|   |   |   |   |   |   |--- feature_20 <= 0.00
|   |   |   |   |   |   |   |--- feature_11 <= 7.09
|   |   |   |   |   |   |   |   |--- feature_10 <= 9.85
|   |   |   |   |   |   |   |   |   |--- feature_45 <= 0.00
|   |   |   |   |   |   |   |   |   |   |--- feature_11 <= 5.55
|   |   |   |   |   |   |   |   |   |   |   |--- truncated branch of depth 7
|   |   |   |   |   |   |   |   |   |   |--- feature_11 >  5.55
|   |   |   |   |   |   |   |   |   |   |   |--- truncated branch of depth 4
|   |   |   |   |   |   |   |   |   |--- feature_45 >  0.00
|   |   |   |   |   |   |   |   |   |   |--- class: positive
|   |   |   |   |   |   |   |   |--- feature_10 >  9.85
|   |   |   |   |   |   |   |   |   |--- feature_1 <= 67.50
|   |   |   |   |   |   |   |   |   |   |--- feature_11 <= 4.90
|   |   |   |   |   |   |   |   |   |   |   |--- truncated branch of depth 3
|   |   |   |   |   |   |   |   |   |   |--- feature_11 >  4.90
|   |   |   |   |   |   |   |   |   |   |   |--- truncated branch of depth 7
|   |   |   |   |   |   |   |   |   |--- feature_1 >  67.50
|   |   |   |   |   |   |   |   |   |   |--- class: negative
|   |   |   |   |   |   |   |--- feature_11 >  7.09
|   |   |   |   |   |   |   |   |--- feature_6 <= -95.74
|   |   |   |   |   |   |   |   |   |--- feature_0 <= 1932.50
|   |   |   |   |   |   |   |   |   |   |--- feature_2 <= 4.50
|   |   |   |   |   |   |   |   |   |   |   |--- class: positive
|   |   |   |   |   |   |   |   |   |   |--- feature_2 >  4.50
|   |   |   |   |   |   |   |   |   |   |   |--- class: negative
|   |   |   |   |   |   |   |   |   |--- feature_0 >  1932.50
|   |   |   |   |   |   |   |   |   |   |--- feature_9 <= 6.08
|   |   |   |   |   |   |   |   |   |   |   |--- truncated branch of depth 3
|   |   |   |   |   |   |   |   |   |   |--- feature_9 >  6.08
|   |   |   |   |   |   |   |   |   |   |   |--- class: negative
|   |   |   |   |   |   |   |   |--- feature_6 >  -95.74
|   |   |   |   |   |   |   |   |   |--- class: positive
|   |   |   |   |   |   |--- feature_20 >  0.00
|   |   |   |   |   |   |   |--- class: positive
|   |   |   |   |   |--- feature_20 >  1.00
|   |   |   |   |   |   |--- feature_1 <= 1170.00
|   |   |   |   |   |   |   |--- feature_14 <= 1.50
|   |   |   |   |   |   |   |   |--- feature_6 <= -97.76
|   |   |   |   |   |   |   |   |   |--- feature_5 <= 42.95
|   |   |   |   |   |   |   |   |   |   |--- class: negative
|   |   |   |   |   |   |   |   |   |--- feature_5 >  42.95
|   |   |   |   |   |   |   |   |   |   |--- feature_9 <= 35.05
|   |   |   |   |   |   |   |   |   |   |   |--- class: positive
|   |   |   |   |   |   |   |   |   |   |--- feature_9 >  35.05
|   |   |   |   |   |   |   |   |   |   |   |--- class: negative
|   |   |   |   |   |   |   |   |--- feature_6 >  -97.76
|   |   |   |   |   |   |   |   |   |--- feature_11 <= 4.81
|   |   |   |   |   |   |   |   |   |   |--- feature_9 <= 18.31
|   |   |   |   |   |   |   |   |   |   |   |--- truncated branch of depth 4
|   |   |   |   |   |   |   |   |   |   |--- feature_9 >  18.31
|   |   |   |   |   |   |   |   |   |   |   |--- truncated branch of depth 2
|   |   |   |   |   |   |   |   |   |--- feature_11 >  4.81
|   |   |   |   |   |   |   |   |   |   |--- class: positive
|   |   |   |   |   |   |   |--- feature_14 >  1.50
|   |   |   |   |   |   |   |   |--- feature_0 <= 1966.50
|   |   |   |   |   |   |   |   |   |--- feature_1 <= 52.50
|   |   |   |   |   |   |   |   |   |   |--- feature_11 <= 6.05
|   |   |   |   |   |   |   |   |   |   |   |--- truncated branch of depth 3
|   |   |   |   |   |   |   |   |   |   |--- feature_11 >  6.05
|   |   |   |   |   |   |   |   |   |   |   |--- truncated branch of depth 7
|   |   |   |   |   |   |   |   |   |--- feature_1 >  52.50
|   |   |   |   |   |   |   |   |   |   |--- class: negative
|   |   |   |   |   |   |   |   |--- feature_0 >  1966.50
|   |   |   |   |   |   |   |   |   |--- feature_5 <= 41.16
|   |   |   |   |   |   |   |   |   |   |--- class: negative
|   |   |   |   |   |   |   |   |   |--- feature_5 >  41.16
|   |   |   |   |   |   |   |   |   |   |--- feature_5 <= 41.78
|   |   |   |   |   |   |   |   |   |   |   |--- truncated branch of depth 5
|   |   |   |   |   |   |   |   |   |   |--- feature_5 >  41.78
|   |   |   |   |   |   |   |   |   |   |   |--- class: negative
|   |   |   |   |   |   |--- feature_1 >  1170.00
|   |   |   |   |   |   |   |--- feature_6 <= -100.24
|   |   |   |   |   |   |   |   |--- class: positive
|   |   |   |   |   |   |   |--- feature_6 >  -100.24
|   |   |   |   |   |   |   |   |--- feature_2 <= 8.50
|   |   |   |   |   |   |   |   |   |--- feature_26 <= 0.50
|   |   |   |   |   |   |   |   |   |   |--- class: positive
|   |   |   |   |   |   |   |   |   |--- feature_26 >  0.50
|   |   |   |   |   |   |   |   |   |   |--- class: negative
|   |   |   |   |   |   |   |   |--- feature_2 >  8.50
|   |   |   |   |   |   |   |   |   |--- class: negative
|   |   |   |   |--- feature_40 >  0.00
|   |   |   |   |   |--- feature_40 <= 1.00
|   |   |   |   |   |   |--- class: positive
|   |   |   |   |   |--- feature_40 >  1.00
|   |   |   |   |   |   |--- feature_12 <= 15.30
|   |   |   |   |   |   |   |--- feature_15 <= 18.00
|   |   |   |   |   |   |   |   |--- feature_1 <= 67.50
|   |   |   |   |   |   |   |   |   |--- feature_1 <= 20.00
|   |   |   |   |   |   |   |   |   |   |--- class: negative
|   |   |   |   |   |   |   |   |   |--- feature_1 >  20.00
|   |   |   |   |   |   |   |   |   |   |--- class: positive
|   |   |   |   |   |   |   |   |--- feature_1 >  67.50
|   |   |   |   |   |   |   |   |   |--- class: negative
|   |   |   |   |   |   |   |--- feature_15 >  18.00
|   |   |   |   |   |   |   |   |--- feature_12 <= 13.95
|   |   |   |   |   |   |   |   |   |--- class: negative
|   |   |   |   |   |   |   |   |--- feature_12 >  13.95
|   |   |   |   |   |   |   |   |   |--- feature_9 <= 16.45
|   |   |   |   |   |   |   |   |   |   |--- class: negative
|   |   |   |   |   |   |   |   |   |--- feature_9 >  16.45
|   |   |   |   |   |   |   |   |   |   |--- class: positive
|   |   |   |   |   |   |--- feature_12 >  15.30
|   |   |   |   |   |   |   |--- feature_0 <= 1942.50
|   |   |   |   |   |   |   |   |--- feature_10 <= 9.00
|   |   |   |   |   |   |   |   |   |--- class: positive
|   |   |   |   |   |   |   |   |--- feature_10 >  9.00
|   |   |   |   |   |   |   |   |   |--- class: negative
|   |   |   |   |   |   |   |--- feature_0 >  1942.50
|   |   |   |   |   |   |   |   |--- feature_11 <= 6.88
|   |   |   |   |   |   |   |   |   |--- class: positive
|   |   |   |   |   |   |   |   |--- feature_11 >  6.88
|   |   |   |   |   |   |   |   |   |--- feature_10 <= 11.92
|   |   |   |   |   |   |   |   |   |   |--- class: positive
|   |   |   |   |   |   |   |   |   |--- feature_10 >  11.92
|   |   |   |   |   |   |   |   |   |   |--- feature_6 <= -96.36
|   |   |   |   |   |   |   |   |   |   |   |--- class: negative
|   |   |   |   |   |   |   |   |   |   |--- feature_6 >  -96.36
|   |   |   |   |   |   |   |   |   |   |   |--- class: positive
|   |   |   |--- feature_12 >  34.19
|   |   |   |   |--- feature_10 <= 46.43
|   |   |   |   |   |--- feature_36 <= 0.03
|   |   |   |   |   |   |--- feature_6 <= -95.82
|   |   |   |   |   |   |   |--- feature_11 <= 8.09
|   |   |   |   |   |   |   |   |--- feature_29 <= 0.01
|   |   |   |   |   |   |   |   |   |--- feature_1 <= 72.00
|   |   |   |   |   |   |   |   |   |   |--- feature_10 <= 21.80
|   |   |   |   |   |   |   |   |   |   |   |--- class: negative
|   |   |   |   |   |   |   |   |   |   |--- feature_10 >  21.80
|   |   |   |   |   |   |   |   |   |   |   |--- truncated branch of depth 2
|   |   |   |   |   |   |   |   |   |--- feature_1 >  72.00
|   |   |   |   |   |   |   |   |   |   |--- feature_27 <= 0.02
|   |   |   |   |   |   |   |   |   |   |   |--- truncated branch of depth 5
|   |   |   |   |   |   |   |   |   |   |--- feature_27 >  0.02
|   |   |   |   |   |   |   |   |   |   |   |--- truncated branch of depth 2
|   |   |   |   |   |   |   |   |--- feature_29 >  0.01
|   |   |   |   |   |   |   |   |   |--- feature_11 <= 7.23
|   |   |   |   |   |   |   |   |   |   |--- feature_6 <= -97.63
|   |   |   |   |   |   |   |   |   |   |   |--- class: positive
|   |   |   |   |   |   |   |   |   |   |--- feature_6 >  -97.63
|   |   |   |   |   |   |   |   |   |   |   |--- truncated branch of depth 2
|   |   |   |   |   |   |   |   |   |--- feature_11 >  7.23
|   |   |   |   |   |   |   |   |   |   |--- feature_17 <= 0.22
|   |   |   |   |   |   |   |   |   |   |   |--- class: negative
|   |   |   |   |   |   |   |   |   |   |--- feature_17 >  0.22
|   |   |   |   |   |   |   |   |   |   |   |--- class: positive
|   |   |   |   |   |   |   |--- feature_11 >  8.09
|   |   |   |   |   |   |   |   |--- feature_26 <= 0.07
|   |   |   |   |   |   |   |   |   |--- feature_10 <= 40.65
|   |   |   |   |   |   |   |   |   |   |--- class: negative
|   |   |   |   |   |   |   |   |   |--- feature_10 >  40.65
|   |   |   |   |   |   |   |   |   |   |--- feature_10 <= 41.75
|   |   |   |   |   |   |   |   |   |   |   |--- truncated branch of depth 2
|   |   |   |   |   |   |   |   |   |   |--- feature_10 >  41.75
|   |   |   |   |   |   |   |   |   |   |   |--- class: negative
|   |   |   |   |   |   |   |   |--- feature_26 >  0.07
|   |   |   |   |   |   |   |   |   |--- feature_26 <= 0.93
|   |   |   |   |   |   |   |   |   |   |--- class: positive
|   |   |   |   |   |   |   |   |   |--- feature_26 >  0.93
|   |   |   |   |   |   |   |   |   |   |--- feature_9 <= 22.44
|   |   |   |   |   |   |   |   |   |   |   |--- truncated branch of depth 4
|   |   |   |   |   |   |   |   |   |   |--- feature_9 >  22.44
|   |   |   |   |   |   |   |   |   |   |   |--- class: positive
|   |   |   |   |   |   |--- feature_6 >  -95.82
|   |   |   |   |   |   |   |--- feature_5 <= 40.15
|   |   |   |   |   |   |   |   |--- class: negative
|   |   |   |   |   |   |   |--- feature_5 >  40.15
|   |   |   |   |   |   |   |   |--- class: positive
|   |   |   |   |   |--- feature_36 >  0.03
|   |   |   |   |   |   |--- feature_32 <= 0.50
|   |   |   |   |   |   |   |--- class: positive
|   |   |   |   |   |   |--- feature_32 >  0.50
|   |   |   |   |   |   |   |--- class: negative
|   |   |   |   |--- feature_10 >  46.43
|   |   |   |   |   |--- feature_44 <= 0.99
|   |   |   |   |   |   |--- feature_17 <= 0.98
|   |   |   |   |   |   |   |--- feature_45 <= 0.98
|   |   |   |   |   |   |   |   |--- feature_16 <= 0.98
|   |   |   |   |   |   |   |   |   |--- class: positive
|   |   |   |   |   |   |   |   |--- feature_16 >  0.98
|   |   |   |   |   |   |   |   |   |--- class: negative
|   |   |   |   |   |   |   |--- feature_45 >  0.98
|   |   |   |   |   |   |   |   |--- feature_2 <= 4.50
|   |   |   |   |   |   |   |   |   |--- class: positive
|   |   |   |   |   |   |   |   |--- feature_2 >  4.50
|   |   |   |   |   |   |   |   |   |--- class: negative
|   |   |   |   |   |   |--- feature_17 >  0.98
|   |   |   |   |   |   |   |--- feature_11 <= 12.28
|   |   |   |   |   |   |   |   |--- class: negative
|   |   |   |   |   |   |   |--- feature_11 >  12.28
|   |   |   |   |   |   |   |   |--- feature_29 <= 0.91
|   |   |   |   |   |   |   |   |   |--- class: positive
|   |   |   |   |   |   |   |   |--- feature_29 >  0.91
|   |   |   |   |   |   |   |   |   |--- class: negative
|   |   |   |   |   |--- feature_44 >  0.99
|   |   |   |   |   |   |--- feature_30 <= 0.11
|   |   |   |   |   |   |   |--- feature_12 <= 36.01
|   |   |   |   |   |   |   |   |--- feature_2 <= 1.50
|   |   |   |   |   |   |   |   |   |--- class: negative
|   |   |   |   |   |   |   |   |--- feature_2 >  1.50
|   |   |   |   |   |   |   |   |   |--- class: positive
|   |   |   |   |   |   |   |--- feature_12 >  36.01
|   |   |   |   |   |   |   |   |--- class: negative
|   |   |   |   |   |   |--- feature_30 >  0.11
|   |   |   |   |   |   |   |--- feature_6 <= -97.11
|   |   |   |   |   |   |   |   |--- class: positive
|   |   |   |   |   |   |   |--- feature_6 >  -97.11
|   |   |   |   |   |   |   |   |--- class: negative
|   |   |--- feature_1 >  17031.50
|   |   |   |--- feature_11 <= 12.90
|   |   |   |   |--- feature_12 <= 40.67
|   |   |   |   |   |--- feature_10 <= 27.32
|   |   |   |   |   |   |--- class: negative
|   |   |   |   |   |--- feature_10 >  27.32
|   |   |   |   |   |   |--- class: positive
|   |   |   |   |--- feature_12 >  40.67
|   |   |   |   |   |--- class: positive
|   |   |   |--- feature_11 >  12.90
|   |   |   |   |--- class: negative
|--- feature_0 >  1973.50
|   |--- feature_0 <= 1987.50
|   |   |--- feature_27 <= 1.00
|   |   |   |--- feature_27 <= 0.00
|   |   |   |   |--- feature_20 <= 1.00
|   |   |   |   |   |--- feature_20 <= 0.00
|   |   |   |   |   |   |--- feature_2 <= 6.50
|   |   |   |   |   |   |   |--- feature_1 <= 26.00
|   |   |   |   |   |   |   |   |--- class: negative
|   |   |   |   |   |   |   |--- feature_1 >  26.00
|   |   |   |   |   |   |   |   |--- feature_45 <= 1.00
|   |   |   |   |   |   |   |   |   |--- feature_13 <= 5.50
|   |   |   |   |   |   |   |   |   |   |--- class: negative
|   |   |   |   |   |   |   |   |   |--- feature_13 >  5.50
|   |   |   |   |   |   |   |   |   |   |--- feature_10 <= 32.48
|   |   |   |   |   |   |   |   |   |   |   |--- truncated branch of depth 10
|   |   |   |   |   |   |   |   |   |   |--- feature_10 >  32.48
|   |   |   |   |   |   |   |   |   |   |   |--- truncated branch of depth 4
|   |   |   |   |   |   |   |   |--- feature_45 >  1.00
|   |   |   |   |   |   |   |   |   |--- feature_11 <= 8.00
|   |   |   |   |   |   |   |   |   |   |--- feature_11 <= 7.80
|   |   |   |   |   |   |   |   |   |   |   |--- class: negative
|   |   |   |   |   |   |   |   |   |   |--- feature_11 >  7.80
|   |   |   |   |   |   |   |   |   |   |   |--- class: positive
|   |   |   |   |   |   |   |   |   |--- feature_11 >  8.00
|   |   |   |   |   |   |   |   |   |   |--- class: negative
|   |   |   |   |   |   |--- feature_2 >  6.50
|   |   |   |   |   |   |   |--- feature_1 <= 12404.00
|   |   |   |   |   |   |   |   |--- feature_11 <= 12.35
|   |   |   |   |   |   |   |   |   |--- class: negative
|   |   |   |   |   |   |   |   |--- feature_11 >  12.35
|   |   |   |   |   |   |   |   |   |--- feature_11 <= 12.90
|   |   |   |   |   |   |   |   |   |   |--- class: positive
|   |   |   |   |   |   |   |   |   |--- feature_11 >  12.90
|   |   |   |   |   |   |   |   |   |   |--- class: negative
|   |   |   |   |   |   |   |--- feature_1 >  12404.00
|   |   |   |   |   |   |   |   |--- class: positive
|   |   |   |   |   |--- feature_20 >  0.00
|   |   |   |   |   |   |--- class: positive
|   |   |   |   |--- feature_20 >  1.00
|   |   |   |   |   |--- feature_12 <= 37.73
|   |   |   |   |   |   |--- feature_1 <= 36.00
|   |   |   |   |   |   |   |--- feature_40 <= 0.50
|   |   |   |   |   |   |   |   |--- class: negative
|   |   |   |   |   |   |   |--- feature_40 >  0.50
|   |   |   |   |   |   |   |   |--- feature_5 <= 40.57
|   |   |   |   |   |   |   |   |   |--- class: negative
|   |   |   |   |   |   |   |   |--- feature_5 >  40.57
|   |   |   |   |   |   |   |   |   |--- class: positive
|   |   |   |   |   |   |--- feature_1 >  36.00
|   |   |   |   |   |   |   |--- feature_10 <= 17.91
|   |   |   |   |   |   |   |   |--- feature_44 <= 0.98
|   |   |   |   |   |   |   |   |   |--- class: positive
|   |   |   |   |   |   |   |   |--- feature_44 >  0.98
|   |   |   |   |   |   |   |   |   |--- feature_2 <= 0.50
|   |   |   |   |   |   |   |   |   |   |--- feature_12 <= 29.60
|   |   |   |   |   |   |   |   |   |   |   |--- truncated branch of depth 6
|   |   |   |   |   |   |   |   |   |   |--- feature_12 >  29.60
|   |   |   |   |   |   |   |   |   |   |   |--- truncated branch of depth 6
|   |   |   |   |   |   |   |   |   |--- feature_2 >  0.50
|   |   |   |   |   |   |   |   |   |   |--- feature_13 <= 6.35
|   |   |   |   |   |   |   |   |   |   |   |--- class: negative
|   |   |   |   |   |   |   |   |   |   |--- feature_13 >  6.35
|   |   |   |   |   |   |   |   |   |   |   |--- class: positive
|   |   |   |   |   |   |   |--- feature_10 >  17.91
|   |   |   |   |   |   |   |   |--- feature_6 <= -95.96
|   |   |   |   |   |   |   |   |   |--- class: negative
|   |   |   |   |   |   |   |   |--- feature_6 >  -95.96
|   |   |   |   |   |   |   |   |   |--- feature_0 <= 1978.50
|   |   |   |   |   |   |   |   |   |   |--- class: positive
|   |   |   |   |   |   |   |   |   |--- feature_0 >  1978.50
|   |   |   |   |   |   |   |   |   |   |--- class: negative
|   |   |   |   |   |--- feature_12 >  37.73
|   |   |   |   |   |   |--- feature_13 <= 4.78
|   |   |   |   |   |   |   |--- feature_32 <= 0.57
|   |   |   |   |   |   |   |   |--- feature_6 <= -96.80
|   |   |   |   |   |   |   |   |   |--- class: negative
|   |   |   |   |   |   |   |   |--- feature_6 >  -96.80
|   |   |   |   |   |   |   |   |   |--- feature_5 <= 41.54
|   |   |   |   |   |   |   |   |   |   |--- class: positive
|   |   |   |   |   |   |   |   |   |--- feature_5 >  41.54
|   |   |   |   |   |   |   |   |   |   |--- class: negative
|   |   |   |   |   |   |   |--- feature_32 >  0.57
|   |   |   |   |   |   |   |   |--- class: negative
|   |   |   |   |   |   |--- feature_13 >  4.78
|   |   |   |   |   |   |   |--- feature_0 <= 1974.50
|   |   |   |   |   |   |   |   |--- feature_26 <= 0.13
|   |   |   |   |   |   |   |   |   |--- class: negative
|   |   |   |   |   |   |   |   |--- feature_26 >  0.13
|   |   |   |   |   |   |   |   |   |--- class: positive
|   |   |   |   |   |   |   |--- feature_0 >  1974.50
|   |   |   |   |   |   |   |   |--- class: negative
|   |   |   |--- feature_27 >  0.00
|   |   |   |   |--- class: positive
|   |   |--- feature_27 >  1.00
|   |   |   |--- feature_1 <= 292.50
|   |   |   |   |--- feature_5 <= 42.57
|   |   |   |   |   |--- class: negative
|   |   |   |   |--- feature_5 >  42.57
|   |   |   |   |   |--- feature_5 <= 42.58
|   |   |   |   |   |   |--- class: positive
|   |   |   |   |   |--- feature_5 >  42.58
|   |   |   |   |   |   |--- class: negative
|   |   |   |--- feature_1 >  292.50
|   |   |   |   |--- feature_17 <= 0.36
|   |   |   |   |   |--- feature_1 <= 302.50
|   |   |   |   |   |   |--- feature_10 <= 60.95
|   |   |   |   |   |   |   |--- class: positive
|   |   |   |   |   |   |--- feature_10 >  60.95
|   |   |   |   |   |   |   |--- class: negative
|   |   |   |   |   |--- feature_1 >  302.50
|   |   |   |   |   |   |--- class: negative
|   |   |   |   |--- feature_17 >  0.36
|   |   |   |   |   |--- feature_5 <= 40.65
|   |   |   |   |   |   |--- feature_9 <= 13.40
|   |   |   |   |   |   |   |--- class: negative
|   |   |   |   |   |   |--- feature_9 >  13.40
|   |   |   |   |   |   |   |--- class: positive
|   |   |   |   |   |--- feature_5 >  40.65
|   |   |   |   |   |   |--- feature_0 <= 1986.00
|   |   |   |   |   |   |   |--- class: negative
|   |   |   |   |   |   |--- feature_0 >  1986.00
|   |   |   |   |   |   |   |--- class: positive
|   |--- feature_0 >  1987.50
|   |   |--- feature_44 <= 0.95
|   |   |   |--- feature_44 <= 0.00
|   |   |   |   |--- feature_6 <= -97.18
|   |   |   |   |   |--- feature_45 <= 0.18
|   |   |   |   |   |   |--- class: negative
|   |   |   |   |   |--- feature_45 >  0.18
|   |   |   |   |   |   |--- feature_45 <= 0.92
|   |   |   |   |   |   |   |--- class: positive
|   |   |   |   |   |   |--- feature_45 >  0.92
|   |   |   |   |   |   |   |--- feature_5 <= 42.78
|   |   |   |   |   |   |   |   |--- class: negative
|   |   |   |   |   |   |   |--- feature_5 >  42.78
|   |   |   |   |   |   |   |   |--- feature_12 <= 56.70
|   |   |   |   |   |   |   |   |   |--- class: positive
|   |   |   |   |   |   |   |   |--- feature_12 >  56.70
|   |   |   |   |   |   |   |   |   |--- class: negative
|   |   |   |   |--- feature_6 >  -97.18
|   |   |   |   |   |--- feature_6 <= -96.72
|   |   |   |   |   |   |--- feature_1 <= 47.00
|   |   |   |   |   |   |   |--- class: negative
|   |   |   |   |   |   |--- feature_1 >  47.00
|   |   |   |   |   |   |   |--- feature_1 <= 81.00
|   |   |   |   |   |   |   |   |--- feature_7 <= 30.50
|   |   |   |   |   |   |   |   |   |--- feature_11 <= 8.43
|   |   |   |   |   |   |   |   |   |   |--- class: positive
|   |   |   |   |   |   |   |   |   |--- feature_11 >  8.43
|   |   |   |   |   |   |   |   |   |   |--- feature_1 <= 60.50
|   |   |   |   |   |   |   |   |   |   |   |--- class: negative
|   |   |   |   |   |   |   |   |   |   |--- feature_1 >  60.50
|   |   |   |   |   |   |   |   |   |   |   |--- truncated branch of depth 3
|   |   |   |   |   |   |   |   |--- feature_7 >  30.50
|   |   |   |   |   |   |   |   |   |--- class: positive
|   |   |   |   |   |   |   |--- feature_1 >  81.00
|   |   |   |   |   |   |   |   |--- feature_6 <= -97.11
|   |   |   |   |   |   |   |   |   |--- feature_9 <= 14.30
|   |   |   |   |   |   |   |   |   |   |--- class: negative
|   |   |   |   |   |   |   |   |   |--- feature_9 >  14.30
|   |   |   |   |   |   |   |   |   |   |--- feature_5 <= 40.72
|   |   |   |   |   |   |   |   |   |   |   |--- class: negative
|   |   |   |   |   |   |   |   |   |   |--- feature_5 >  40.72
|   |   |   |   |   |   |   |   |   |   |   |--- class: positive
|   |   |   |   |   |   |   |   |--- feature_6 >  -97.11
|   |   |   |   |   |   |   |   |   |--- class: negative
|   |   |   |   |   |--- feature_6 >  -96.72
|   |   |   |   |   |   |--- feature_11 <= 7.46
|   |   |   |   |   |   |   |--- feature_11 <= 7.31
|   |   |   |   |   |   |   |   |--- class: negative
|   |   |   |   |   |   |   |--- feature_11 >  7.31
|   |   |   |   |   |   |   |   |--- class: positive
|   |   |   |   |   |   |--- feature_11 >  7.46
|   |   |   |   |   |   |   |--- class: negative
|   |   |   |--- feature_44 >  0.00
|   |   |   |   |--- class: positive
|   |   |--- feature_44 >  0.95
|   |   |   |--- feature_0 <= 1989.50
|   |   |   |   |--- feature_2 <= 8.50
|   |   |   |   |   |--- class: negative
|   |   |   |   |--- feature_2 >  8.50
|   |   |   |   |   |--- feature_12 <= 39.15
|   |   |   |   |   |   |--- feature_22 <= 0.50
|   |   |   |   |   |   |   |--- class: positive
|   |   |   |   |   |   |--- feature_22 >  0.50
|   |   |   |   |   |   |   |--- class: negative
|   |   |   |   |   |--- feature_12 >  39.15
|   |   |   |   |   |   |--- class: negative
|   |   |   |--- feature_0 >  1989.50
|   |   |   |   |--- class: negative
