|--- feature_12 <= 32.40
|   |--- feature_5 <= 37.99
|   |   |--- feature_13 <= 8.00
|   |   |   |--- feature_13 <= 6.00
|   |   |   |   |--- feature_18 <= 1.00
|   |   |   |   |   |--- feature_18 <= 0.01
|   |   |   |   |   |   |--- feature_25 <= 0.00
|   |   |   |   |   |   |   |--- feature_53 <= 0.01
|   |   |   |   |   |   |   |   |--- feature_51 <= 0.01
|   |   |   |   |   |   |   |   |   |--- feature_5 <= 37.46
|   |   |   |   |   |   |   |   |   |   |--- feature_7 <= 43.50
|   |   |   |   |   |   |   |   |   |   |   |--- truncated branch of depth 4
|   |   |   |   |   |   |   |   |   |   |--- feature_7 >  43.50
|   |   |   |   |   |   |   |   |   |   |   |--- truncated branch of depth 2
|   |   |   |   |   |   |   |   |   |--- feature_5 >  37.46
|   |   |   |   |   |   |   |   |   |   |--- feature_9 <= 7.33
|   |   |   |   |   |   |   |   |   |   |   |--- truncated branch of depth 3
|   |   |   |   |   |   |   |   |   |   |--- feature_9 >  7.33
|   |   |   |   |   |   |   |   |   |   |   |--- truncated branch of depth 8
|   |   |   |   |   |   |   |   |--- feature_51 >  0.01
|   |   |   |   |   |   |   |   |   |--- feature_51 <= 0.99
|   |   |   |   |   |   |   |   |   |   |--- class: positive
|   |   |   |   |   |   |   |   |   |--- feature_51 >  0.99
|   |   |   |   |   |   |   |   |   |   |--- feature_1 <= 694.00
|   |   |   |   |   |   |   |   |   |   |   |--- truncated branch of depth 4
|   |   |   |   |   |   |   |   |   |   |--- feature_1 >  694.00
|   |   |   |   |   |   |   |   |   |   |   |--- truncated branch of depth 2
|   |   |   |   |   |   |   |--- feature_53 >  0.01
|   |   |   |   |   |   |   |   |--- feature_0 <= 1924.50
|   |   |   |   |   |   |   |   |   |--- feature_11 <= 4.10
|   |   |   |   |   |   |   |   |   |   |--- feature_1 <= 40.00
|   |   |   |   |   |   |   |   |   |   |   |--- class: negative
|   |   |   |   |   |   |   |   |   |   |--- feature_1 >  40.00
|   |   |   |   |   |   |   |   |   |   |   |--- class: positive
|   |   |   |   |   |   |   |   |   |--- feature_11 >  4.10
|   |   |   |   |   |   |   |   |   |   |--- feature_12 <= 0.09
|   |   |   |   |   |   |   |   |   |   |   |--- truncated branch of depth 2
|   |   |   |   |   |   |   |   |   |   |--- feature_12 >  0.09
|   |   |   |   |   |   |   |   |   |   |   |--- truncated branch of depth 4
|   |   |   |   |   |   |   |   |--- feature_0 >  1924.50
|   |   |   |   |   |   |   |   |   |--- class: negative
|   |   |   |   |   |   |--- feature_25 >  0.00
|   |   |   |   |   |   |   |--- feature_25 <= 1.00
|   |   |   |   |   |   |   |   |--- class: positive
|   |   |   |   |   |   |   |--- feature_25 >  1.00
|   |   |   |   |   |   |   |   |--- feature_6 <= -97.71
|   |   |   |   |   |   |   |   |   |--- feature_5 <= 37.62
|   |   |   |   |   |   |   |   |   |   |--- class: negative
|   |   |   |   |   |   |   |   |   |--- feature_5 >  37.62
|   |   |   |   |   |   |   |   |   |   |--- feature_1 <= 37.00
|   |   |   |   |   |   |   |   |   |   |   |--- truncated branch of depth 4
|   |   |   |   |   |   |   |   |   |   |--- feature_1 >  37.00
|   |   |   |   |   |   |   |   |   |   |   |--- class: negative
|   |   |   |   |   |   |   |   |--- feature_6 >  -97.71
|   |   |   |   |   |   |   |   |   |--- feature_13 <= 5.99
|   |   |   |   |   |   |   |   |   |   |--- feature_12 <= 8.40
|   |   |   |   |   |   |   |   |   |   |   |--- class: negative
|   |   |   |   |   |   |   |   |   |   |--- feature_12 >  8.40
|   |   |   |   |   |   |   |   |   |   |   |--- truncated branch of depth 2
|   |   |   |   |   |   |   |   |   |--- feature_13 >  5.99
|   |   |   |   |   |   |   |   |   |   |--- class: negative
|   |   |   |   |   |--- feature_18 >  0.01
|   |   |   |   |   |   |--- class: positive
|   |   |   |   |--- feature_18 >  1.00
|   |   |   |   |   |--- feature_11 <= 7.29
|   |   |   |   |   |   |--- feature_1 <= 47.50
|   |   |   |   |   |   |   |--- class: negative
|   |   |   |   |   |   |--- feature_1 >  47.50
|   |   |   |   |   |   |   |--- feature_11 <= 7.10
|   |   |   |   |   |   |   |   |--- feature_10 <= 8.65
|   |   |   |   |   |   |   |   |   |--- feature_12 <= 20.80
|   |   |   |   |   |   |   |   |   |   |--- class: positive
|   |   |   |   |   |   |   |   |   |--- feature_12 >  20.80
|   |   |   |   |   |   |   |   |   |   |--- class: negative
|   |   |   |   |   |   |   |   |--- feature_10 >  8.65
|   |   |   |   |   |   |   |   |   |--- class: negative
|   |   |   |   |   |   |   |--- feature_11 >  7.10
|   |   |   |   |   |   |   |   |--- class: positive
|   |   |   |   |   |--- feature_11 >  7.29
|   |   |   |   |   |   |--- feature_29 <= 0.31
|   |   |   |   |   |   |   |--- feature_1 <= 2042.50
|   |   |   |   |   |   |   |   |--- class: negative
|   |   |   |   |   |   |   |--- feature_1 >  2042.50
|   |   |   |   |   |   |   |   |--- feature_1 <= 2505.50
|   |   |   |   |   |   |   |   |   |--- class: positive
|   |   |   |   |   |   |   |   |--- feature_1 >  2505.50
|   |   |   |   |   |   |   |   |   |--- class: negative
|   |   |   |   |   |   |--- feature_29 >  0.31
|   |   |   |   |   |   |   |--- feature_12 <= 26.84
|   |   |   |   |   |   |   |   |--- class: negative
|   |   |   |   |   |   |   |--- feature_12 >  26.84
|   |   |   |   |   |   |   |   |--- class: positive
|   |   |   |--- feature_13 >  6.00
|   |   |   |   |--- feature_6 <= -95.75
|   |   |   |   |   |--- feature_49 <= 1.00
|   |   |   |   |   |   |--- feature_29 <= 1.00
|   |   |   |   |   |   |   |--- feature_1 <= 1.50
|   |   |   |   |   |   |   |   |--- class: negative
|   |   |   |   |   |   |   |--- feature_1 >  1.50
|   |   |   |   |   |   |   |   |--- feature_6 <= -100.51
|   |   |   |   |   |   |   |   |   |--- class: negative
|   |   |   |   |   |   |   |   |--- feature_6 >  -100.51
|   |   |   |   |   |   |   |   |   |--- feature_25 <= 0.99
|   |   |   |   |   |   |   |   |   |   |--- class: positive
|   |   |   |   |   |   |   |   |   |--- feature_25 >  0.99
|   |   |   |   |   |   |   |   |   |   |--- feature_1 <= 36.50
|   |   |   |   |   |   |   |   |   |   |   |--- class: positive
|   |   |   |   |   |   |   |   |   |   |--- feature_1 >  36.50
|   |   |   |   |   |   |   |   |   |   |   |--- class: negative
|   |   |   |   |   |   |--- feature_29 >  1.00
|   |   |   |   |   |   |   |--- class: negative
|   |   |   |   |   |--- feature_49 >  1.00
|   |   |   |   |   |   |--- class: negative
|   |   |   |   |--- feature_6 >  -95.75
|   |   |   |   |   |--- class: negative
|   |   |--- feature_13 >  8.00
|   |   |   |--- feature_7 <= 30.50
|   |   |   |   |--- feature_5 <= 37.80
|   |   |   |   |   |--- feature_11 <= 5.19
|   |   |   |   |   |   |--- feature_11 <= 5.02
|   |   |   |   |   |   |   |--- class: negative
|   |   |   |   |   |   |--- feature_11 >  5.02
|   |   |   |   |   |   |   |--- feature_12 <= 22.39
|   |   |   |   |   |   |   |   |--- class: positive
|   |   |   |   |   |   |   |--- feature_12 >  22.39
|   |   |   |   |   |   |   |   |--- class: negative
|   |   |   |   |   |--- feature_11 >  5.19
|   |   |   |   |   |   |--- feature_7 <= 7.50
|   |   |   |   |   |   |   |--- class: negative
|   |   |   |   |   |   |--- feature_7 >  7.50
|   |   |   |   |   |   |   |--- feature_12 <= 13.95
|   |   |   |   |   |   |   |   |--- feature_1 <= 25.00
|   |   |   |   |   |   |   |   |   |--- class: negative
|   |   |   |   |   |   |   |   |--- feature_1 >  25.00
|   |   |   |   |   |   |   |   |   |--- class: positive
|   |   |   |   |   |   |   |--- feature_12 >  13.95
|   |   |   |   |   |   |   |   |--- class: negative
|   |   |   |   |--- feature_5 >  37.80
|   |   |   |   |   |--- feature_1 <= 102.50
|   |   |   |   |   |   |--- feature_12 <= 15.00
|   |   |   |   |   |   |   |--- feature_29 <= 0.95
|   |   |   |   |   |   |   |   |--- class: positive
|   |   |   |   |   |   |   |--- feature_29 >  0.95
|   |   |   |   |   |   |   |   |--- feature_11 <= 6.45
|   |   |   |   |   |   |   |   |   |--- class: negative
|   |   |   |   |   |   |   |   |--- feature_11 >  6.45
|   |   |   |   |   |   |   |   |   |--- feature_1 <= 12.50
|   |   |   |   |   |   |   |   |   |   |--- class: negative
|   |   |   |   |   |   |   |   |   |--- feature_1 >  12.50
|   |   |   |   |   |   |   |   |   |   |--- class: positive
|   |   |   |   |   |   |--- feature_12 >  15.00
|   |   |   |   |   |   |   |--- class: negative
|   |   |   |   |   |--- feature_1 >  102.50
|   |   |   |   |   |   |--- feature_6 <= -98.05
|   |   |   |   |   |   |   |--- feature_9 <= 6.25
|   |   |   |   |   |   |   |   |--- class: negative
|   |   |   |   |   |   |   |--- feature_9 >  6.25
|   |   |   |   |   |   |   |   |--- class: positive
|   |   |   |   |   |   |--- feature_6 >  -98.05
|   |   |   |   |   |   |   |--- class: negative
|   |   |   |--- feature_7 >  30.50
|   |   |   |   |--- feature_0 <= 1955.50
|   |   |   |   |   |--- feature_0 <= 1946.50
|   |   |   |   |   |   |--- feature_18 <= 0.20
|   |   |   |   |   |   |   |--- class: negative
|   |   |   |   |   |   |--- feature_18 >  0.20
|   |   |   |   |   |   |   |--- class: positive
|   |   |   |   |   |--- feature_0 >  1946.50
|   |   |   |   |   |   |--- class: positive
|   |   |   |   |--- feature_0 >  1955.50
|   |   |   |   |   |--- class: negative
|   |--- feature_5 >  37.99
|   |   |--- feature_49 <= 1.00
|   |   |   |--- feature_49 <= 0.00
|   |   |   |   |--- feature_25 <= 0.00
|   |   |   |   |   |--- feature_50 <= 1.00
|   |   |   |   |   |   |--- feature_50 <= 0.00
|   |   |   |   |   |   |   |--- feature_53 <= 0.01
|   |   |   |   |   |   |   |   |--- feature_30 <= 0.01
|   |   |   |   |   |   |   |   |   |--- feature_15 <= 23.00
|   |   |   |   |   |   |   |   |   |   |--- feature_51 <= 0.07
|   |   |   |   |   |   |   |   |   |   |   |--- truncated branch of depth 6
|   |   |   |   |   |   |   |   |   |   |--- feature_51 >  0.07
|   |   |   |   |   |   |   |   |   |   |   |--- truncated branch of depth 2
|   |   |   |   |   |   |   |   |   |--- feature_15 >  23.00
|   |   |   |   |   |   |   |   |   |   |--- feature_1 <= 9.50
|   |   |   |   |   |   |   |   |   |   |   |--- truncated branch of depth 2
|   |   |   |   |   |   |   |   |   |   |--- feature_1 >  9.50
|   |   |   |   |   |   |   |   |   |   |   |--- truncated branch of depth 8
|   |   |   |   |   |   |   |   |--- feature_30 >  0.01
|   |   |   |   |   |   |   |   |   |--- feature_30 <= 1.00
|   |   |   |   |   |   |   |   |   |   |--- class: positive
|   |   |   |   |   |   |   |   |   |--- feature_30 >  1.00
|   |   |   |   |   |   |   |   |   |   |--- feature_1 <= 1015.00
|   |   |   |   |   |   |   |   |   |   |   |--- truncated branch of depth 10
|   |   |   |   |   |   |   |   |   |   |--- feature_1 >  1015.00
|   |   |   |   |   |   |   |   |   |   |   |--- truncated branch of depth 6
|   |   |   |   |   |   |   |--- feature_53 >  0.01
|   |   |   |   |   |   |   |   |--- feature_12 <= 0.07
|   |   |   |   |   |   |   |   |   |--- feature_1 <= 42.50
|   |   |   |   |   |   |   |   |   |   |--- feature_6 <= -97.87
|   |   |   |   |   |   |   |   |   |   |   |--- truncated branch of depth 2
|   |   |   |   |   |   |   |   |   |   |--- feature_6 >  -97.87
|   |   |   |   |   |   |   |   |   |   |   |--- class: negative
|   |   |   |   |   |   |   |   |   |--- feature_1 >  42.50
|   |   |   |   |   |   |   |   |   |   |--- feature_1 <= 48.50
|   |   |   |   |   |   |   |   |   |   |   |--- class: positive
|   |   |   |   |   |   |   |   |   |   |--- feature_1 >  48.50
|   |   |   |   |   |   |   |   |   |   |   |--- class: negative
|   |   |   |   |   |   |   |   |--- feature_12 >  0.07
|   |   |   |   |   |   |   |   |   |--- feature_13 <= 8.00
|   |   |   |   |   |   |   |   |   |   |--- feature_13 <= 6.00
|   |   |   |   |   |   |   |   |   |   |   |--- truncated branch of depth 11
|   |   |   |   |   |   |   |   |   |   |--- feature_13 >  6.00
|   |   |   |   |   |   |   |   |   |   |   |--- truncated branch of depth 3
|   |   |   |   |   |   |   |   |   |--- feature_13 >  8.00
|   |   |   |   |   |   |   |   |   |   |--- feature_0 <= 1923.00
|   |   |   |   |   |   |   |   |   |   |   |--- truncated branch of depth 11
|   |   |   |   |   |   |   |   |   |   |--- feature_0 >  1923.00
|   |   |   |   |   |   |   |   |   |   |   |--- truncated branch of depth 2
|   |   |   |   |   |   |--- feature_50 >  0.00
|   |   |   |   |   |   |   |--- class: positive
|   |   |   |   |   |--- feature_50 >  1.00
|   |   |   |   |   |   |--- feature_2 <= -0.50
|   |   |   |   |   |   |   |--- feature_23 <= 0.00
|   |   |   |   |   |   |   |   |--- feature_9 <= 12.35
|   |   |   |   |   |   |   |   |   |--- feature_12 <= 24.15
|   |   |   |   |   |   |   |   |   |   |--- class: negative
|   |   |   |   |   |   |   |   |   |--- feature_12 >  24.15
|   |   |   |   |   |   |   |   |   |   |--- feature_6 <= -94.96
|   |   |   |   |   |   |   |   |   |   |   |--- truncated branch of depth 4
|   |   |   |   |   |   |   |   |   |   |--- feature_6 >  -94.96
|   |   |   |   |   |   |   |   |   |   |   |--- truncated branch of depth 2
|   |   |   |   |   |   |   |   |--- feature_9 >  12.35
|   |   |   |   |   |   |   |   |   |--- class: negative
|   |   |   |   |   |   |   |--- feature_23 >  0.00
|   |   |   |   |   |   |   |   |--- feature_23 <= 1.00
|   |   |   |   |   |   |   |   |   |--- class: positive
|   |   |   |   |   |   |   |   |--- feature_23 >  1.00
|   |   |   |   |   |   |   |   |   |--- feature_9 <= 8.50
|   |   |   |   |   |   |   |   |   |   |--- feature_5 <= 39.59
|   |   |   |   |   |   |   |   |   |   |   |--- truncated branch of depth 12
|   |   |   |   |   |   |   |   |   |   |--- feature_5 >  39.59
|   |   |   |   |   |   |   |   |   |   |   |--- truncated branch of depth 6
|   |   |   |   |   |   |   |   |   |--- feature_9 >  8.50
|   |   |   |   |   |   |   |   |   |   |--- feature_10 <= 14.61
|   |   |   |   |   |   |   |   |   |   |   |--- truncated branch of depth 8
|   |   |   |   |   |   |   |   |   |   |--- feature_10 >  14.61
|   |   |   |   |   |   |   |   |   |   |   |--- truncated branch of depth 10
|   |   |   |   |   |   |--- feature_2 >  -0.50
|   |   |   |   |   |   |   |--- feature_2 <= 9.50
|   |   |   |   |   |   |   |   |--- feature_9 <= 6.10
|   |   |   |   |   |   |   |   |   |--- feature_1 <= 22.00
|   |   |   |   |   |   |   |   |   |   |--- class: negative
|   |   |   |   |   |   |   |   |   |--- feature_1 >  22.00
|   |   |   |   |   |   |   |   |   |   |--- feature_1 <= 63.00
|   |   |   |   |   |   |   |   |   |   |   |--- truncated branch of depth 3
|   |   |   |   |   |   |   |   |   |   |--- feature_1 >  63.00
|   |   |   |   |   |   |   |   |   |   |   |--- class: negative
|   |   |   |   |   |   |   |   |--- feature_9 >  6.10
|   |   |   |   |   |   |   |   |   |--- feature_5 <= 39.74
|   |   |   |   |   |   |   |   |   |   |--- feature_38 <= 0.00
|   |   |   |   |   |   |   |   |   |   |   |--- truncated branch of depth 13
|   |   |   |   |   |   |   |   |   |   |--- feature_38 >  0.00
|   |   |   |   |   |   |   |   |   |   |   |--- truncated branch of depth 13
|   |   |   |   |   |   |   |   |   |--- feature_5 >  39.74
|   |   |   |   |   |   |   |   |   |   |--- feature_10 <= 18.13
|   |   |   |   |   |   |   |   |   |   |   |--- truncated branch of depth 6
|   |   |   |   |   |   |   |   |   |   |--- feature_10 >  18.13
|   |   |   |   |   |   |   |   |   |   |   |--- truncated branch of depth 8
|   |   |   |   |   |   |   |--- feature_2 >  9.50
|   |   |   |   |   |   |   |   |--- feature_5 <= 38.98
|   |   |   |   |   |   |   |   |   |--- feature_23 <= 0.74
|   |   |   |   |   |   |   |   |   |   |--- feature_6 <= -95.96
|   |   |   |   |   |   |   |   |   |   |   |--- truncated branch of depth 4
|   |   |   |   |   |   |   |   |   |   |--- feature_6 >  -95.96
|   |   |   |   |   |   |   |   |   |   |   |--- truncated branch of depth 2
|   |   |   |   |   |   |   |   |   |--- feature_23 >  0.74
|   |   |   |   |   |   |   |   |   |   |--- class: negative
|   |   |   |   |   |   |   |   |--- feature_5 >  38.98
|   |   |   |   |   |   |   |   |   |--- feature_1 <= 759.50
|   |   |   |   |   |   |   |   |   |   |--- feature_12 <= 13.50
|   |   |   |   |   |   |   |   |   |   |   |--- class: positive
|   |   |   |   |   |   |   |   |   |   |--- feature_12 >  13.50
|   |   |   |   |   |   |   |   |   |   |   |--- truncated branch of depth 3
|   |   |   |   |   |   |   |   |   |--- feature_1 >  759.50
|   |   |   |   |   |   |   |   |   |   |--- feature_38 <= 0.50
|   |   |   |   |   |   |   |   |   |   |   |--- class: negative
|   |   |   |   |   |   |   |   |   |   |--- feature_38 >  0.50
|   |   |   |   |   |   |   |   |   |   |   |--- class: positive
|   |   |   |   |--- feature_25 >  0.00
|   |   |   |   |   |--- feature_25 <= 1.00
|   |   |   |   |   |   |--- class: positive
|   |   |   |   |   |--- feature_25 >  1.00
|   |   |   |   |   |   |--- feature_12 <= 17.08
|   |   |   |   |   |   |   |--- feature_5 <= 39.45
|   |   |   |   |   |   |   |   |--- feature_38 <= 0.00
|   |   |   |   |   |   |   |   |   |--- feature_29 <= 0.50
|   |   |   |   |   |   |   |   |   |   |--- class: negative
|   |   |   |   |   |   |   |   |   |--- feature_29 >  0.50
|   |   |   |   |   |   |   |   |   |   |--- feature_5 <= 38.11
|   |   |   |   |   |   |   |   |   |   |   |--- class: positive
|   |   |   |   |   |   |   |   |   |   |--- feature_5 >  38.11
|   |   |   |   |   |   |   |   |   |   |   |--- truncated branch of depth 4
|   |   |   |   |   |   |   |   |--- feature_38 >  0.00
|   |   |   |   |   |   |   |   |   |--- feature_38 <= 1.00
|   |   |   |   |   |   |   |   |   |   |--- class: positive
|   |   |   |   |   |   |   |   |   |--- feature_38 >  1.00
|   |   |   |   |   |   |   |   |   |   |--- feature_6 <= -98.29
|   |   |   |   |   |   |   |   |   |   |   |--- truncated branch of depth 4
|   |   |   |   |   |   |   |   |   |   |--- feature_6 >  -98.29
|   |   |   |   |   |   |   |   |   |   |   |--- truncated branch of depth 8
|   |   |   |   |   |   |   |--- feature_5 >  39.45
|   |   |   |   |   |   |   |   |--- feature_10 <= 7.33
|   |   |   |   |   |   |   |   |   |--- feature_5 <= 39.50
|   |   |   |   |   |   |   |   |   |   |--- class: positive
|   |   |   |   |   |   |   |   |   |--- feature_5 >  39.50
|   |   |   |   |   |   |   |   |   |   |--- class: negative
|   |   |   |   |   |   |   |   |--- feature_10 >  7.33
|   |   |   |   |   |   |   |   |   |--- feature_12 <= 8.93
|   |   |   |   |   |   |   |   |   |   |--- feature_1 <= 19.50
|   |   |   |   |   |   |   |   |   |   |   |--- truncated branch of depth 4
|   |   |   |   |   |   |   |   |   |   |--- feature_1 >  19.50
|   |   |   |   |   |   |   |   |   |   |   |--- truncated branch of depth 4
|   |   |   |   |   |   |   |   |   |--- feature_12 >  8.93
|   |   |   |   |   |   |   |   |   |   |--- feature_6 <= -100.46
|   |   |   |   |   |   |   |   |   |   |   |--- class: negative
|   |   |   |   |   |   |   |   |   |   |--- feature_6 >  -100.46
|   |   |   |   |   |   |   |   |   |   |   |--- truncated branch of depth 6
|   |   |   |   |   |   |--- feature_12 >  17.08
|   |   |   |   |   |   |   |--- feature_10 <= 12.21
|   |   |   |   |   |   |   |   |--- feature_0 <= 1929.50
|   |   |   |   |   |   |   |   |   |--- feature_13 <= 6.83
|   |   |   |   |   |   |   |   |   |   |--- class: positive
|   |   |   |   |   |   |   |   |   |--- feature_13 >  6.83
|   |   |   |   |   |   |   |   |   |   |--- class: negative
|   |   |   |   |   |   |   |   |--- feature_0 >  1929.50
|   |   |   |   |   |   |   |   |   |--- feature_1 <= 76.00
|   |   |   |   |   |   |   |   |   |   |--- feature_0 <= 1946.00
|   |   |   |   |   |   |   |   |   |   |   |--- truncated branch of depth 4
|   |   |   |   |   |   |   |   |   |   |--- feature_0 >  1946.00
|   |   |   |   |   |   |   |   |   |   |   |--- class: negative
|   |   |   |   |   |   |   |   |   |--- feature_1 >  76.00
|   |   |   |   |   |   |   |   |   |   |--- feature_2 <= -0.50
|   |   |   |   |   |   |   |   |   |   |   |--- class: positive
|   |   |   |   |   |   |   |   |   |   |--- feature_2 >  -0.50
|   |   |   |   |   |   |   |   |   |   |   |--- truncated branch of depth 2
|   |   |   |   |   |   |   |--- feature_10 >  12.21
|   |   |   |   |   |   |   |   |--- feature_8 <= 2.50
|   |   |   |   |   |   |   |   |   |--- feature_9 <= 5.98
|   |   |   |   |   |   |   |   |   |   |--- class: positive
|   |   |   |   |   |   |   |   |   |--- feature_9 >  5.98
|   |   |   |   |   |   |   |   |   |   |--- feature_6 <= -98.17
|   |   |   |   |   |   |   |   |   |   |   |--- class: positive
|   |   |   |   |   |   |   |   |   |   |--- feature_6 >  -98.17
|   |   |   |   |   |   |   |   |   |   |   |--- class: negative
|   |   |   |   |   |   |   |   |--- feature_8 >  2.50
|   |   |   |   |   |   |   |   |   |--- feature_7 <= 36.50
|   |   |   |   |   |   |   |   |   |   |--- feature_5 <= 38.02
|   |   |   |   |   |   |   |   |   |   |   |--- class: positive
|   |   |   |   |   |   |   |   |   |   |--- feature_5 >  38.02
|   |   |   |   |   |   |   |   |   |   |   |--- class: negative
|   |   |   |   |   |   |   |   |   |--- feature_7 >  36.50
|   |   |   |   |   |   |   |   |   |   |--- class: positive
|   |   |   |--- feature_49 >  0.00
|   |   |   |   |--- class: positive
|   |   |--- feature_49 >  1.00
|   |   |   |--- feature_29 <= 0.00
|   |   |   |   |--- feature_1 <= 40.50
|   |   |   |   |   |--- feature_11 <= 4.65
|   |   |   |   |   |   |--- feature_10 <= 9.95
|   |   |   |   |   |   |   |--- class: negative
|   |   |   |   |   |   |--- feature_10 >  9.95
|   |   |   |   |   |   |   |--- feature_0 <= 1968.00
|   |   |   |   |   |   |   |   |--- class: positive
|   |   |   |   |   |   |   |--- feature_0 >  1968.00
|   |   |   |   |   |   |   |   |--- class: negative
|   |   |   |   |   |--- feature_11 >  4.65
|   |   |   |   |   |   |--- feature_12 <= 17.65
|   |   |   |   |   |   |   |--- feature_11 <= 8.90
|   |   |   |   |   |   |   |   |--- feature_5 <= 38.63
|   |   |   |   |   |   |   |   |   |--- feature_11 <= 5.75
|   |   |   |   |   |   |   |   |   |   |--- feature_10 <= 9.00
|   |   |   |   |   |   |   |   |   |   |   |--- class: negative
|   |   |   |   |   |   |   |   |   |   |--- feature_10 >  9.00
|   |   |   |   |   |   |   |   |   |   |   |--- class: positive
|   |   |   |   |   |   |   |   |   |--- feature_11 >  5.75
|   |   |   |   |   |   |   |   |   |   |--- class: negative
|   |   |   |   |   |   |   |   |--- feature_5 >  38.63
|   |   |   |   |   |   |   |   |   |--- class: negative
|   |   |   |   |   |   |   |--- feature_11 >  8.90
|   |   |   |   |   |   |   |   |--- class: positive
|   |   |   |   |   |   |--- feature_12 >  17.65
|   |   |   |   |   |   |   |--- class: negative
|   |   |   |   |--- feature_1 >  40.50
|   |   |   |   |   |--- feature_11 <= 7.30
|   |   |   |   |   |   |--- feature_11 <= 6.32
|   |   |   |   |   |   |   |--- feature_14 <= 1.50
|   |   |   |   |   |   |   |   |--- feature_8 <= 1.50
|   |   |   |   |   |   |   |   |   |--- class: positive
|   |   |   |   |   |   |   |   |--- feature_8 >  1.50
|   |   |   |   |   |   |   |   |   |--- class: negative
|   |   |   |   |   |   |   |--- feature_14 >  1.50
|   |   |   |   |   |   |   |   |--- feature_6 <= -58.38
|   |   |   |   |   |   |   |   |   |--- class: negative
|   |   |   |   |   |   |   |   |--- feature_6 >  -58.38
|   |   |   |   |   |   |   |   |   |--- feature_12 <= 22.50
|   |   |   |   |   |   |   |   |   |   |--- class: positive
|   |   |   |   |   |   |   |   |   |--- feature_12 >  22.50
|   |   |   |   |   |   |   |   |   |   |--- class: negative
|   |   |   |   |   |   |--- feature_11 >  6.32
|   |   |   |   |   |   |   |--- feature_1 <= 61.00
|   |   |   |   |   |   |   |   |--- class: negative
|   |   |   |   |   |   |   |--- feature_1 >  61.00
|   |   |   |   |   |   |   |   |--- feature_5 <= 38.59
|   |   |   |   |   |   |   |   |   |--- class: positive
|   |   |   |   |   |   |   |   |--- feature_5 >  38.59
|   |   |   |   |   |   |   |   |   |--- feature_13 <= 7.07
|   |   |   |   |   |   |   |   |   |   |--- feature_0 <= 1925.00
|   |   |   |   |   |   |   |   |   |   |   |--- class: negative
|   |   |   |   |   |   |   |   |   |   |--- feature_0 >  1925.00
|   |   |   |   |   |   |   |   |   |   |   |--- class: positive
|   |   |   |   |   |   |   |   |   |--- feature_13 >  7.07
|   |   |   |   |   |   |   |   |   |   |--- class: negative
|   |   |   |   |   |--- feature_11 >  7.30
|   |   |   |   |   |   |--- feature_1 <= 332.50
|   |   |   |   |   |   |   |--- feature_6 <= -98.76
|   |   |   |   |   |   |   |   |--- feature_10 <= 35.50
|   |   |   |   |   |   |   |   |   |--- class: negative
|   |   |   |   |   |   |   |   |--- feature_10 >  35.50
|   |   |   |   |   |   |   |   |   |--- feature_11 <= 7.35
|   |   |   |   |   |   |   |   |   |   |--- feature_10 <= 46.25
|   |   |   |   |   |   |   |   |   |   |   |--- class: positive
|   |   |   |   |   |   |   |   |   |   |--- feature_10 >  46.25
|   |   |   |   |   |   |   |   |   |   |   |--- truncated branch of depth 2
|   |   |   |   |   |   |   |   |   |--- feature_11 >  7.35
|   |   |   |   |   |   |   |   |   |   |--- class: negative
|   |   |   |   |   |   |   |--- feature_6 >  -98.76
|   |   |   |   |   |   |   |   |--- class: negative
|   |   |   |   |   |   |--- feature_1 >  332.50
|   |   |   |   |   |   |   |--- feature_38 <= 0.00
|   |   |   |   |   |   |   |   |--- feature_5 <= 38.28
|   |   |   |   |   |   |   |   |   |--- feature_0 <= 1952.00
|   |   |   |   |   |   |   |   |   |   |--- class: negative
|   |   |   |   |   |   |   |   |   |--- feature_0 >  1952.00
|   |   |   |   |   |   |   |   |   |   |--- feature_12 <= 22.15
|   |   |   |   |   |   |   |   |   |   |   |--- class: negative
|   |   |   |   |   |   |   |   |   |   |--- feature_12 >  22.15
|   |   |   |   |   |   |   |   |   |   |   |--- class: positive
|   |   |   |   |   |   |   |   |--- feature_5 >  38.28
|   |   |   |   |   |   |   |   |   |--- class: negative
|   |   |   |   |   |   |   |--- feature_38 >  0.00
|   |   |   |   |   |   |   |   |--- feature_38 <= 0.93
|   |   |   |   |   |   |   |   |   |--- class: positive
|   |   |   |   |   |   |   |   |--- feature_38 >  0.93
|   |   |   |   |   |   |   |   |   |--- feature_6 <= -99.48
|   |   |   |   |   |   |   |   |   |   |--- class: positive
|   |   |   |   |   |   |   |   |   |--- feature_6 >  -99.48
|   |   |   |   |   |   |   |   |   |   |--- class: negative
|   |   |   |--- feature_29 >  0.00
|   |   |   |   |--- feature_10 <= 34.90
|   |   |   |   |   |--- feature_12 <= 10.85
|   |   |   |   |   |   |--- class: negative
|   |   |   |   |   |--- feature_12 >  10.85
|   |   |   |   |   |   |--- class: positive
|   |   |   |   |--- feature_10 >  34.90
|   |   |   |   |   |--- feature_10 <= 56.45
|   |   |   |   |   |   |--- class: negative
|   |   |   |   |   |--- feature_10 >  56.45
|   |   |   |   |   |   |--- class: positive
|--- feature_12 >  32.40
|   |--- feature_38 <= 0.00
|   |   |--- feature_49 <= 1.00
|   |   |   |--- feature_49 <= 0.01
|   |   |   |   |--- feature_1 <= 51.50
|   |   |   |   |   |--- feature_0 <= 1928.50
|   |   |   |   |   |   |--- feature_0 <= 1925.50
|   |   |   |   |   |   |   |--- class: negative
|   |   |   |   |   |   |--- feature_0 >  1925.50
|   |   |   |   |   |   |   |--- feature_33 <= 0.33
|   |   |   |   |   |   |   |   |--- class: negative
|   |   |   |   |   |   |   |--- feature_33 >  0.33
|   |   |   |   |   |   |   |   |--- class: positive
|   |   |   |   |   |--- feature_0 >  1928.50
|   |   |   |   |   |   |--- feature_11 <= 6.80
|   |   |   |   |   |   |   |--- feature_10 <= 21.35
|   |   |   |   |   |   |   |   |--- class: negative
|   |   |   |   |   |   |   |--- feature_10 >  21.35
|   |   |   |   |   |   |   |   |--- feature_10 <= 23.35
|   |   |   |   |   |   |   |   |   |--- class: positive
|   |   |   |   |   |   |   |   |--- feature_10 >  23.35
|   |   |   |   |   |   |   |   |   |--- feature_11 <= 6.50
|   |   |   |   |   |   |   |   |   |   |--- class: negative
|   |   |   |   |   |   |   |   |   |--- feature_11 >  6.50
|   |   |   |   |   |   |   |   |   |   |--- feature_10 <= 27.15
|   |   |   |   |   |   |   |   |   |   |   |--- class: negative
|   |   |   |   |   |   |   |   |   |   |--- feature_10 >  27.15
|   |   |   |   |   |   |   |   |   |   |   |--- class: positive
|   |   |   |   |   |   |--- feature_11 >  6.80
|   |   |   |   |   |   |   |--- class: negative
|   |   |   |   |--- feature_1 >  51.50
|   |   |   |   |   |--- feature_11 <= 8.50
|   |   |   |   |   |   |--- feature_11 <= 8.01
|   |   |   |   |   |   |   |--- feature_1 <= 1100.50
|   |   |   |   |   |   |   |   |--- feature_33 <= 0.09
|   |   |   |   |   |   |   |   |   |--- feature_6 <= -95.44
|   |   |   |   |   |   |   |   |   |   |--- class: negative
|   |   |   |   |   |   |   |   |   |--- feature_6 >  -95.44
|   |   |   |   |   |   |   |   |   |   |--- feature_1 <= 535.00
|   |   |   |   |   |   |   |   |   |   |   |--- class: negative
|   |   |   |   |   |   |   |   |   |   |--- feature_1 >  535.00
|   |   |   |   |   |   |   |   |   |   |   |--- truncated branch of depth 3
|   |   |   |   |   |   |   |   |--- feature_33 >  0.09
|   |   |   |   |   |   |   |   |   |--- feature_0 <= 1981.50
|   |   |   |   |   |   |   |   |   |   |--- feature_5 <= 38.53
|   |   |   |   |   |   |   |   |   |   |   |--- class: negative
|   |   |   |   |   |   |   |   |   |   |--- feature_5 >  38.53
|   |   |   |   |   |   |   |   |   |   |   |--- truncated branch of depth 3
|   |   |   |   |   |   |   |   |   |--- feature_0 >  1981.50
|   |   |   |   |   |   |   |   |   |   |--- class: negative
|   |   |   |   |   |   |   |--- feature_1 >  1100.50
|   |   |   |   |   |   |   |   |--- feature_12 <= 39.65
|   |   |   |   |   |   |   |   |   |--- feature_1 <= 1182.00
|   |   |   |   |   |   |   |   |   |   |--- class: positive
|   |   |   |   |   |   |   |   |   |--- feature_1 >  1182.00
|   |   |   |   |   |   |   |   |   |   |--- feature_2 <= 3.50
|   |   |   |   |   |   |   |   |   |   |   |--- truncated branch of depth 2
|   |   |   |   |   |   |   |   |   |   |--- feature_2 >  3.50
|   |   |   |   |   |   |   |   |   |   |   |--- class: negative
|   |   |   |   |   |   |   |   |--- feature_12 >  39.65
|   |   |   |   |   |   |   |   |   |--- class: negative
|   |   |   |   |   |   |--- feature_11 >  8.01
|   |   |   |   |   |   |   |--- feature_10 <= 15.35
|   |   |   |   |   |   |   |   |--- class: negative
|   |   |   |   |   |   |   |--- feature_10 >  15.35
|   |   |   |   |   |   |   |   |--- feature_5 <= 37.84
|   |   |   |   |   |   |   |   |   |--- class: negative
|   |   |   |   |   |   |   |   |--- feature_5 >  37.84
|   |   |   |   |   |   |   |   |   |--- feature_24 <= 0.98
|   |   |   |   |   |   |   |   |   |   |--- class: positive
|   |   |   |   |   |   |   |   |   |--- feature_24 >  0.98
|   |   |   |   |   |   |   |   |   |   |--- feature_10 <= 18.40
|   |   |   |   |   |   |   |   |   |   |   |--- class: positive
|   |   |   |   |   |   |   |   |   |   |--- feature_10 >  18.40
|   |   |   |   |   |   |   |   |   |   |   |--- class: negative
|   |   |   |   |   |--- feature_11 >  8.50
|   |   |   |   |   |   |--- feature_14 <= 3.50
|   |   |   |   |   |   |   |--- feature_1 <= 226.00
|   |   |   |   |   |   |   |   |--- feature_2 <= 16.50
|   |   |   |   |   |   |   |   |   |--- feature_21 <= 0.04
|   |   |   |   |   |   |   |   |   |   |--- feature_5 <= 39.76
|   |   |   |   |   |   |   |   |   |   |   |--- class: negative
|   |   |   |   |   |   |   |   |   |   |--- feature_5 >  39.76
|   |   |   |   |   |   |   |   |   |   |   |--- truncated branch of depth 2
|   |   |   |   |   |   |   |   |   |--- feature_21 >  0.04
|   |   |   |   |   |   |   |   |   |   |--- feature_21 <= 0.99
|   |   |   |   |   |   |   |   |   |   |   |--- class: positive
|   |   |   |   |   |   |   |   |   |   |--- feature_21 >  0.99
|   |   |   |   |   |   |   |   |   |   |   |--- class: negative
|   |   |   |   |   |   |   |   |--- feature_2 >  16.50
|   |   |   |   |   |   |   |   |   |--- feature_50 <= 0.50
|   |   |   |   |   |   |   |   |   |   |--- class: negative
|   |   |   |   |   |   |   |   |   |--- feature_50 >  0.50
|   |   |   |   |   |   |   |   |   |   |--- class: positive
|   |   |   |   |   |   |   |--- feature_1 >  226.00
|   |   |   |   |   |   |   |   |--- class: negative
|   |   |   |   |   |   |--- feature_14 >  3.50
|   |   |   |   |   |   |   |--- feature_51 <= 0.00
|   |   |   |   |   |   |   |   |--- feature_34 <= 0.50
|   |   |   |   |   |   |   |   |   |--- class: negative
|   |   |   |   |   |   |   |   |--- feature_34 >  0.50
|   |   |   |   |   |   |   |   |   |--- feature_10 <= 87.35
|   |   |   |   |   |   |   |   |   |   |--- class: positive
|   |   |   |   |   |   |   |   |   |--- feature_10 >  87.35
|   |   |   |   |   |   |   |   |   |   |--- class: negative
|   |   |   |   |   |   |   |--- feature_51 >  0.00
|   |   |   |   |   |   |   |   |--- feature_0 <= 1976.50
|   |   |   |   |   |   |   |   |   |--- class: negative
|   |   |   |   |   |   |   |   |--- feature_0 >  1976.50
|   |   |   |   |   |   |   |   |   |--- feature_5 <= 39.04
|   |   |   |   |   |   |   |   |   |   |--- class: positive
|   |   |   |   |   |   |   |   |   |--- feature_5 >  39.04
|   |   |   |   |   |   |   |   |   |   |--- class: negative
|   |   |   |--- feature_49 >  0.01
|   |   |   |   |--- class: positive
|   |   |--- feature_49 >  1.00
|   |   |   |--- feature_29 <= 0.42
|   |   |   |   |--- feature_11 <= 7.90
|   |   |   |   |   |--- feature_11 <= 7.34
|   |   |   |   |   |   |--- class: negative
|   |   |   |   |   |--- feature_11 >  7.34
|   |   |   |   |   |   |--- feature_2 <= -0.50
|   |   |   |   |   |   |   |--- class: negative
|   |   |   |   |   |   |--- feature_2 >  -0.50
|   |   |   |   |   |   |   |--- feature_2 <= 0.50
|   |   |   |   |   |   |   |   |--- feature_5 <= 37.31
|   |   |   |   |   |   |   |   |   |--- class: negative
|   |   |   |   |   |   |   |   |--- feature_5 >  37.31
|   |   |   |   |   |   |   |   |   |--- class: positive
|   |   |   |   |   |   |   |--- feature_2 >  0.50
|   |   |   |   |   |   |   |   |--- class: negative
|   |   |   |   |--- feature_11 >  7.90
|   |   |   |   |   |--- class: negative
|   |   |   |--- feature_29 >  0.42
|   |   |   |   |--- feature_13 <= 4.58
|   |   |   |   |   |--- class: positive
|   |   |   |   |--- feature_13 >  4.58
|   |   |   |   |   |--- class: negative
|   |--- feature_38 >  0.00
|   |   |--- feature_38 <= 1.00
|   |   |   |--- class: positive
|   |   |--- feature_38 >  1.00
|   |   |   |--- feature_23 <= 0.00
|   |   |   |   |--- feature_1 <= 7.00
|   |   |   |   |   |--- feature_8 <= 1.50
|   |   |   |   |   |   |--- feature_6 <= -96.62
|   |   |   |   |   |   |   |--- class: negative
|   |   |   |   |   |   |--- feature_6 >  -96.62
|   |   |   |   |   |   |   |--- class: positive
|   |   |   |   |   |--- feature_8 >  1.50
|   |   |   |   |   |   |--- class: negative
|   |   |   |   |--- feature_1 >  7.00
|   |   |   |   |   |--- feature_7 <= 0.50
|   |   |   |   |   |   |--- feature_6 <= -96.25
|   |   |   |   |   |   |   |--- class: negative
|   |   |   |   |   |   |--- feature_6 >  -96.25
|   |   |   |   |   |   |   |--- feature_5 <= 38.48
|   |   |   |   |   |   |   |   |--- class: negative
|   |   |   |   |   |   |   |--- feature_5 >  38.48
|   |   |   |   |   |   |   |   |--- feature_9 <= 5.95
|   |   |   |   |   |   |   |   |   |--- feature_0 <= 1966.50
|   |   |   |   |   |   |   |   |   |   |--- class: positive
|   |   |   |   |   |   |   |   |   |--- feature_0 >  1966.50
|   |   |   |   |   |   |   |   |   |   |--- class: negative
|   |   |   |   |   |   |   |   |--- feature_9 >  5.95
|   |   |   |   |   |   |   |   |   |--- feature_6 <= -96.24
|   |   |   |   |   |   |   |   |   |   |--- class: positive
|   |   |   |   |   |   |   |   |   |--- feature_6 >  -96.24
|   |   |   |   |   |   |   |   |   |   |--- feature_2 <= 9.00
|   |   |   |   |   |   |   |   |   |   |   |--- class: negative
|   |   |   |   |   |   |   |   |   |   |--- feature_2 >  9.00
|   |   |   |   |   |   |   |   |   |   |   |--- truncated branch of depth 3
|   |   |   |   |   |--- feature_7 >  0.50
|   |   |   |   |   |   |--- feature_12 <= 43.40
|   |   |   |   |   |   |   |--- feature_5 <= 37.95
|   |   |   |   |   |   |   |   |--- class: negative
|   |   |   |   |   |   |   |--- feature_5 >  37.95
|   |   |   |   |   |   |   |   |--- feature_18 <= 0.03
|   |   |   |   |   |   |   |   |   |--- feature_13 <= 8.47
|   |   |   |   |   |   |   |   |   |   |--- feature_12 <= 42.90
|   |   |   |   |   |   |   |   |   |   |   |--- class: negative
|   |   |   |   |   |   |   |   |   |   |--- feature_12 >  42.90
|   |   |   |   |   |   |   |   |   |   |   |--- truncated branch of depth 2
|   |   |   |   |   |   |   |   |   |--- feature_13 >  8.47
|   |   |   |   |   |   |   |   |   |   |--- class: positive
|   |   |   |   |   |   |   |   |--- feature_18 >  0.03
|   |   |   |   |   |   |   |   |   |--- feature_18 <= 0.99
|   |   |   |   |   |   |   |   |   |   |--- class: positive
|   |   |   |   |   |   |   |   |   |--- feature_18 >  0.99
|   |   |   |   |   |   |   |   |   |   |--- feature_10 <= 13.10
|   |   |   |   |   |   |   |   |   |   |   |--- class: negative
|   |   |   |   |   |   |   |   |   |   |--- feature_10 >  13.10
|   |   |   |   |   |   |   |   |   |   |   |--- truncated branch of depth 2
|   |   |   |   |   |   |--- feature_12 >  43.40
|   |   |   |   |   |   |   |--- class: negative
|   |   |   |--- feature_23 >  0.00
|   |   |   |   |--- feature_23 <= 1.00
|   |   |   |   |   |--- class: positive
|   |   |   |   |--- feature_23 >  1.00
|   |   |   |   |   |--- feature_6 <= -96.24
|   |   |   |   |   |   |--- feature_50 <= 0.95
|   |   |   |   |   |   |   |--- feature_12 <= 41.35
|   |   |   |   |   |   |   |   |--- feature_13 <= 7.85
|   |   |   |   |   |   |   |   |   |--- class: positive
|   |   |   |   |   |   |   |   |--- feature_13 >  7.85
|   |   |   |   |   |   |   |   |   |--- class: negative
|   |   |   |   |   |   |   |--- feature_12 >  41.35
|   |   |   |   |   |   |   |   |--- class: negative
|   |   |   |   |   |   |--- feature_50 >  0.95
|   |   |   |   |   |   |   |--- feature_5 <= 39.38
|   |   |   |   |   |   |   |   |--- feature_0 <= 1954.50
|   |   |   |   |   |   |   |   |   |--- feature_11 <= 7.63
|   |   |   |   |   |   |   |   |   |   |--- feature_12 <= 37.79
|   |   |   |   |   |   |   |   |   |   |   |--- truncated branch of depth 5
|   |   |   |   |   |   |   |   |   |   |--- feature_12 >  37.79
|   |   |   |   |   |   |   |   |   |   |   |--- class: negative
|   |   |   |   |   |   |   |   |   |--- feature_11 >  7.63
|   |   |   |   |   |   |   |   |   |   |--- feature_5 <= 38.27
|   |   |   |   |   |   |   |   |   |   |   |--- class: negative
|   |   |   |   |   |   |   |   |   |   |--- feature_5 >  38.27
|   |   |   |   |   |   |   |   |   |   |   |--- truncated branch of depth 4
|   |   |   |   |   |   |   |   |--- feature_0 >  1954.50
|   |   |   |   |   |   |   |   |   |--- feature_11 <= 6.89
|   |   |   |   |   |   |   |   |   |   |--- feature_1 <= 21.00
|   |   |   |   |   |   |   |   |   |   |   |--- truncated branch of depth 4
|   |   |   |   |   |   |   |   |   |   |--- feature_1 >  21.00
|   |   |   |   |   |   |   |   |   |   |   |--- class: negative
|   |   |   |   |   |   |   |   |   |--- feature_11 >  6.89
|   |   |   |   |   |   |   |   |   |   |--- feature_0 <= 1955.50
|   |   |   |   |   |   |   |   |   |   |   |--- truncated branch of depth 3
|   |   |   |   |   |   |   |   |   |   |--- feature_0 >  1955.50
|   |   |   |   |   |   |   |   |   |   |   |--- class: negative
|   |   |   |   |   |   |   |--- feature_5 >  39.38
|   |   |   |   |   |   |   |   |--- class: negative
|   |   |   |   |   |--- feature_6 >  -96.24
|   |   |   |   |   |   |--- feature_6 <= -95.88
|   |   |   |   |   |   |   |--- feature_0 <= 1986.50
|   |   |   |   |   |   |   |   |--- feature_10 <= 10.61
|   |   |   |   |   |   |   |   |   |--- feature_13 <= 4.99
|   |   |   |   |   |   |   |   |   |   |--- feature_7 <= 11.00
|   |   |   |   |   |   |   |   |   |   |   |--- class: negative
|   |   |   |   |   |   |   |   |   |   |--- feature_7 >  11.00
|   |   |   |   |   |   |   |   |   |   |   |--- class: positive
|   |   |   |   |   |   |   |   |   |--- feature_13 >  4.99
|   |   |   |   |   |   |   |   |   |   |--- feature_2 <= 1.50
|   |   |   |   |   |   |   |   |   |   |   |--- truncated branch of depth 4
|   |   |   |   |   |   |   |   |   |   |--- feature_2 >  1.50
|   |   |   |   |   |   |   |   |   |   |   |--- class: positive
|   |   |   |   |   |   |   |   |--- feature_10 >  10.61
|   |   |   |   |   |   |   |   |   |--- class: negative
|   |   |   |   |   |   |   |--- feature_0 >  1986.50
|   |   |   |   |   |   |   |   |--- feature_0 <= 1993.50
|   |   |   |   |   |   |   |   |   |--- feature_11 <= 7.30
|   |   |   |   |   |   |   |   |   |   |--- feature_10 <= 8.05
|   |   |   |   |   |   |   |   |   |   |   |--- class: negative
|   |   |   |   |   |   |   |   |   |   |--- feature_10 >  8.05
|   |   |   |   |   |   |   |   |   |   |   |--- truncated branch of depth 6
|   |   |   |   |   |   |   |   |   |--- feature_11 >  7.30
|   |   |   |   |   |   |   |   |   |   |--- feature_12 <= 77.85
|   |   |   |   |   |   |   |   |   |   |   |--- class: negative
|   |   |   |   |   |   |   |   |   |   |--- feature_12 >  77.85
|   |   |   |   |   |   |   |   |   |   |   |--- class: positive
|   |   |   |   |   |   |   |   |--- feature_0 >  1993.50
|   |   |   |   |   |   |   |   |   |--- class: negative
|   |   |   |   |   |   |--- feature_6 >  -95.88
|   |   |   |   |   |   |   |--- feature_0 <= 1934.50
|   |   |   |   |   |   |   |   |--- feature_5 <= 38.79
|   |   |   |   |   |   |   |   |   |--- class: negative
|   |   |   |   |   |   |   |   |--- feature_5 >  38.79
|   |   |   |   |   |   |   |   |   |--- feature_1 <= 22.00
|   |   |   |   |   |   |   |   |   |   |--- class: negative
|   |   |   |   |   |   |   |   |   |--- feature_1 >  22.00
|   |   |   |   |   |   |   |   |   |   |--- feature_10 <= 7.14
|   |   |   |   |   |   |   |   |   |   |   |--- class: negative
|   |   |   |   |   |   |   |   |   |   |--- feature_10 >  7.14
|   |   |   |   |   |   |   |   |   |   |   |--- truncated branch of depth 4
|   |   |   |   |   |   |   |--- feature_0 >  1934.50
|   |   |   |   |   |   |   |   |--- feature_1 <= 6662.00
|   |   |   |   |   |   |   |   |   |--- class: negative
|   |   |   |   |   |   |   |   |--- feature_1 >  6662.00
|   |   |   |   |   |   |   |   |   |--- class: positive
