|--- feature_12 <= 32.40
|   |--- feature_5 <= 38.02
|   |   |--- feature_13 <= 8.00
|   |   |   |--- feature_13 <= 5.00
|   |   |   |   |--- feature_25 <= 0.01
|   |   |   |   |   |--- feature_0 <= 1956.50
|   |   |   |   |   |   |--- feature_10 <= 19.84
|   |   |   |   |   |   |   |--- feature_11 <= 6.36
|   |   |   |   |   |   |   |   |--- feature_11 <= 4.70
|   |   |   |   |   |   |   |   |   |--- feature_9 <= 18.35
|   |   |   |   |   |   |   |   |   |   |--- class: negative
|   |   |   |   |   |   |   |   |   |--- feature_9 >  18.35
|   |   |   |   |   |   |   |   |   |   |--- feature_1 <= 22.50
|   |   |   |   |   |   |   |   |   |   |   |--- class: positive
|   |   |   |   |   |   |   |   |   |   |--- feature_1 >  22.50
|   |   |   |   |   |   |   |   |   |   |   |--- class: negative
|   |   |   |   |   |   |   |   |--- feature_11 >  4.70
|   |   |   |   |   |   |   |   |   |--- feature_23 <= 0.01
|   |   |   |   |   |   |   |   |   |   |--- feature_1 <= 49.50
|   |   |   |   |   |   |   |   |   |   |   |--- truncated branch of depth 2
|   |   |   |   |   |   |   |   |   |   |--- feature_1 >  49.50
|   |   |   |   |   |   |   |   |   |   |   |--- truncated branch of depth 5
|   |   |   |   |   |   |   |   |   |--- feature_23 >  0.01
|   |   |   |   |   |   |   |   |   |   |--- feature_23 <= 1.00
|   |   |   |   |   |   |   |   |   |   |   |--- class: positive
|   |   |   |   |   |   |   |   |   |   |--- feature_23 >  1.00
|   |   |   |   |   |   |   |   |   |   |   |--- truncated branch of depth 4
|   |   |   |   |   |   |   |--- feature_11 >  6.36
|   |   |   |   |   |   |   |   |--- class: negative
|   |   |   |   |   |   |--- feature_10 >  19.84
|   |   |   |   |   |   |   |--- feature_10 <= 35.65
|   |   |   |   |   |   |   |   |--- feature_6 <= -96.96
|   |   |   |   |   |   |   |   |   |--- feature_51 <= 0.34
|   |   |   |   |   |   |   |   |   |   |--- class: negative
|   |   |   |   |   |   |   |   |   |--- feature_51 >  0.34
|   |   |   |   |   |   |   |   |   |   |--- feature_1 <= 72.50
|   |   |   |   |   |   |   |   |   |   |   |--- class: negative
|   |   |   |   |   |   |   |   |   |   |--- feature_1 >  72.50
|   |   |   |   |   |   |   |   |   |   |   |--- class: positive
|   |   |   |   |   |   |   |   |--- feature_6 >  -96.96
|   |   |   |   |   |   |   |   |   |--- feature_1 <= 15.50
|   |   |   |   |   |   |   |   |   |   |--- class: negative
|   |   |   |   |   |   |   |   |   |--- feature_1 >  15.50
|   |   |   |   |   |   |   |   |   |   |--- feature_1 <= 221.50
|   |   |   |   |   |   |   |   |   |   |   |--- truncated branch of depth 6
|   |   |   |   |   |   |   |   |   |   |--- feature_1 >  221.50
|   |   |   |   |   |   |   |   |   |   |   |--- class: positive
|   |   |   |   |   |   |   |--- feature_10 >  35.65
|   |   |   |   |   |   |   |   |--- feature_5 <= 37.73
|   |   |   |   |   |   |   |   |   |--- feature_0 <= 1922.00
|   |   |   |   |   |   |   |   |   |   |--- feature_12 <= 7.33
|   |   |   |   |   |   |   |   |   |   |   |--- class: negative
|   |   |   |   |   |   |   |   |   |   |--- feature_12 >  7.33
|   |   |   |   |   |   |   |   |   |   |   |--- truncated branch of depth 3
|   |   |   |   |   |   |   |   |   |--- feature_0 >  1922.00
|   |   |   |   |   |   |   |   |   |   |--- class: negative
|   |   |   |   |   |   |   |   |--- feature_5 >  37.73
|   |   |   |   |   |   |   |   |   |--- feature_50 <= 0.79
|   |   |   |   |   |   |   |   |   |   |--- feature_13 <= 4.08
|   |   |   |   |   |   |   |   |   |   |   |--- class: negative
|   |   |   |   |   |   |   |   |   |   |--- feature_13 >  4.08
|   |   |   |   |   |   |   |   |   |   |   |--- truncated branch of depth 4
|   |   |   |   |   |   |   |   |   |--- feature_50 >  0.79
|   |   |   |   |   |   |   |   |   |   |--- class: negative
|   |   |   |   |   |--- feature_0 >  1956.50
|   |   |   |   |   |   |--- feature_10 <= 7.97
|   |   |   |   |   |   |   |--- feature_10 <= 7.75
|   |   |   |   |   |   |   |   |--- class: negative
|   |   |   |   |   |   |   |--- feature_10 >  7.75
|   |   |   |   |   |   |   |   |--- feature_1 <= 15.00
|   |   |   |   |   |   |   |   |   |--- class: positive
|   |   |   |   |   |   |   |   |--- feature_1 >  15.00
|   |   |   |   |   |   |   |   |   |--- class: negative
|   |   |   |   |   |   |--- feature_10 >  7.97
|   |   |   |   |   |   |   |--- feature_7 <= 40.00
|   |   |   |   |   |   |   |   |--- class: negative
|   |   |   |   |   |   |   |--- feature_7 >  40.00
|   |   |   |   |   |   |   |   |--- feature_6 <= -94.83
|   |   |   |   |   |   |   |   |   |--- class: negative
|   |   |   |   |   |   |   |   |--- feature_6 >  -94.83
|   |   |   |   |   |   |   |   |   |--- class: positive
|   |   |   |   |--- feature_25 >  0.01
|   |   |   |   |   |--- feature_6 <= -97.71
|   |   |   |   |   |   |--- feature_25 <= 1.00
|   |   |   |   |   |   |   |--- class: positive
|   |   |   |   |   |   |--- feature_25 >  1.00
|   |   |   |   |   |   |   |--- feature_5 <= 37.61
|   |   |   |   |   |   |   |   |--- class: negative
|   |   |   |   |   |   |   |--- feature_5 >  37.61
|   |   |   |   |   |   |   |   |--- feature_1 <= 21.00
|   |   |   |   |   |   |   |   |   |--- feature_9 <= 5.50
|   |   |   |   |   |   |   |   |   |   |--- class: negative
|   |   |   |   |   |   |   |   |   |--- feature_9 >  5.50
|   |   |   |   |   |   |   |   |   |   |--- feature_7 <= 10.00
|   |   |   |   |   |   |   |   |   |   |   |--- class: positive
|   |   |   |   |   |   |   |   |   |   |--- feature_7 >  10.00
|   |   |   |   |   |   |   |   |   |   |   |--- class: negative
|   |   |   |   |   |   |   |   |--- feature_1 >  21.00
|   |   |   |   |   |   |   |   |   |--- class: negative
|   |   |   |   |   |--- feature_6 >  -97.71
|   |   |   |   |   |   |--- feature_12 <= 7.51
|   |   |   |   |   |   |   |--- class: negative
|   |   |   |   |   |   |--- feature_12 >  7.51
|   |   |   |   |   |   |   |--- feature_10 <= 7.65
|   |   |   |   |   |   |   |   |--- feature_11 <= 6.53
|   |   |   |   |   |   |   |   |   |--- class: negative
|   |   |   |   |   |   |   |   |--- feature_11 >  6.53
|   |   |   |   |   |   |   |   |   |--- class: positive
|   |   |   |   |   |   |   |--- feature_10 >  7.65
|   |   |   |   |   |   |   |   |--- class: positive
|   |   |   |--- feature_13 >  5.00
|   |   |   |   |--- feature_13 <= 6.00
|   |   |   |   |   |--- class: positive
|   |   |   |   |--- feature_13 >  6.00
|   |   |   |   |   |--- feature_13 <= 6.00
|   |   |   |   |   |   |--- feature_10 <= 103.45
|   |   |   |   |   |   |   |--- feature_1 <= 2094.50
|   |   |   |   |   |   |   |   |--- class: negative
|   |   |   |   |   |   |   |--- feature_1 >  2094.50
|   |   |   |   |   |   |   |   |--- feature_1 <= 2505.50
|   |   |   |   |   |   |   |   |   |--- class: positive
|   |   |   |   |   |   |   |   |--- feature_1 >  2505.50
|   |   |   |   |   |   |   |   |   |--- class: negative
|   |   |   |   |   |   |--- feature_10 >  103.45
|   |   |   |   |   |   |   |--- feature_15 <= 23.00
|   |   |   |   |   |   |   |   |--- class: positive
|   |   |   |   |   |   |   |--- feature_15 >  23.00
|   |   |   |   |   |   |   |   |--- class: negative
|   |   |   |   |   |--- feature_13 >  6.00
|   |   |   |   |   |   |--- feature_6 <= -95.79
|   |   |   |   |   |   |   |--- feature_49 <= 0.94
|   |   |   |   |   |   |   |   |--- feature_29 <= 1.00
|   |   |   |   |   |   |   |   |   |--- feature_6 <= -100.51
|   |   |   |   |   |   |   |   |   |   |--- class: negative
|   |   |   |   |   |   |   |   |   |--- feature_6 >  -100.51
|   |   |   |   |   |   |   |   |   |   |--- feature_25 <= 0.99
|   |   |   |   |   |   |   |   |   |   |   |--- class: positive
|   |   |   |   |   |   |   |   |   |   |--- feature_25 >  0.99
|   |   |   |   |   |   |   |   |   |   |   |--- truncated branch of depth 3
|   |   |   |   |   |   |   |   |--- feature_29 >  1.00
|   |   |   |   |   |   |   |   |   |--- class: negative
|   |   |   |   |   |   |   |--- feature_49 >  0.94
|   |   |   |   |   |   |   |   |--- class: negative
|   |   |   |   |   |   |--- feature_6 >  -95.79
|   |   |   |   |   |   |   |--- class: negative
|   |   |--- feature_13 >  8.00
|   |   |   |--- feature_29 <= 0.02
|   |   |   |   |--- feature_0 <= 1956.50
|   |   |   |   |   |--- feature_0 <= 1952.50
|   |   |   |   |   |   |--- feature_5 <= 37.36
|   |   |   |   |   |   |   |--- class: negative
|   |   |   |   |   |   |--- feature_5 >  37.36
|   |   |   |   |   |   |   |--- feature_10 <= 10.10
|   |   |   |   |   |   |   |   |--- class: negative
|   |   |   |   |   |   |   |--- feature_10 >  10.10
|   |   |   |   |   |   |   |   |--- feature_10 <= 10.52
|   |   |   |   |   |   |   |   |   |--- class: positive
|   |   |   |   |   |   |   |   |--- feature_10 >  10.52
|   |   |   |   |   |   |   |   |   |--- feature_12 <= 13.72
|   |   |   |   |   |   |   |   |   |   |--- feature_10 <= 18.61
|   |   |   |   |   |   |   |   |   |   |   |--- class: negative
|   |   |   |   |   |   |   |   |   |   |--- feature_10 >  18.61
|   |   |   |   |   |   |   |   |   |   |   |--- truncated branch of depth 2
|   |   |   |   |   |   |   |   |   |--- feature_12 >  13.72
|   |   |   |   |   |   |   |   |   |   |--- feature_9 <= 4.20
|   |   |   |   |   |   |   |   |   |   |   |--- truncated branch of depth 2
|   |   |   |   |   |   |   |   |   |   |--- feature_9 >  4.20
|   |   |   |   |   |   |   |   |   |   |   |--- class: negative
|   |   |   |   |   |--- feature_0 >  1952.50
|   |   |   |   |   |   |--- feature_6 <= -97.94
|   |   |   |   |   |   |   |--- feature_1 <= 22.50
|   |   |   |   |   |   |   |   |--- class: negative
|   |   |   |   |   |   |   |--- feature_1 >  22.50
|   |   |   |   |   |   |   |   |--- feature_9 <= 12.30
|   |   |   |   |   |   |   |   |   |--- class: positive
|   |   |   |   |   |   |   |   |--- feature_9 >  12.30
|   |   |   |   |   |   |   |   |   |--- class: negative
|   |   |   |   |   |   |--- feature_6 >  -97.94
|   |   |   |   |   |   |   |--- class: negative
|   |   |   |   |--- feature_0 >  1956.50
|   |   |   |   |   |--- feature_11 <= 5.65
|   |   |   |   |   |   |--- feature_7 <= 12.50
|   |   |   |   |   |   |   |--- class: negative
|   |   |   |   |   |   |--- feature_7 >  12.50
|   |   |   |   |   |   |   |--- class: positive
|   |   |   |   |   |--- feature_11 >  5.65
|   |   |   |   |   |   |--- class: negative
|   |   |   |--- feature_29 >  0.02
|   |   |   |   |--- feature_29 <= 0.99
|   |   |   |   |   |--- class: positive
|   |   |   |   |--- feature_29 >  0.99
|   |   |   |   |   |--- feature_0 <= 1953.00
|   |   |   |   |   |   |--- feature_6 <= -98.11
|   |   |   |   |   |   |   |--- class: positive
|   |   |   |   |   |   |--- feature_6 >  -98.11
|   |   |   |   |   |   |   |--- class: negative
|   |   |   |   |   |--- feature_0 >  1953.00
|   |   |   |   |   |   |--- feature_12 <= 14.85
|   |   |   |   |   |   |   |--- feature_6 <= -98.32
|   |   |   |   |   |   |   |   |--- class: positive
|   |   |   |   |   |   |   |--- feature_6 >  -98.32
|   |   |   |   |   |   |   |   |--- feature_1 <= 31.00
|   |   |   |   |   |   |   |   |   |--- class: negative
|   |   |   |   |   |   |   |   |--- feature_1 >  31.00
|   |   |   |   |   |   |   |   |   |--- feature_6 <= -97.87
|   |   |   |   |   |   |   |   |   |   |--- class: positive
|   |   |   |   |   |   |   |   |   |--- feature_6 >  -97.87
|   |   |   |   |   |   |   |   |   |   |--- class: negative
|   |   |   |   |   |   |--- feature_12 >  14.85
|   |   |   |   |   |   |   |--- class: negative
|   |--- feature_5 >  38.02
|   |   |--- feature_49 <= 1.00
|   |   |   |--- feature_49 <= 0.00
|   |   |   |   |--- feature_25 <= 0.00
|   |   |   |   |   |--- feature_50 <= 1.00
|   |   |   |   |   |   |--- feature_50 <= 0.00
|   |   |   |   |   |   |   |--- feature_53 <= 0.00
|   |   |   |   |   |   |   |   |--- feature_30 <= 0.00
|   |   |   |   |   |   |   |   |   |--- feature_15 <= 23.50
|   |   |   |   |   |   |   |   |   |   |--- feature_51 <= 0.06
|   |   |   |   |   |   |   |   |   |   |   |--- truncated branch of depth 5
|   |   |   |   |   |   |   |   |   |   |--- feature_51 >  0.06
|   |   |   |   |   |   |   |   |   |   |   |--- truncated branch of depth 2
|   |   |   |   |   |   |   |   |   |--- feature_15 >  23.50
|   |   |   |   |   |   |   |   |   |   |--- feature_6 <= -101.80
|   |   |   |   |   |   |   |   |   |   |   |--- class: positive
|   |   |   |   |   |   |   |   |   |   |--- feature_6 >  -101.80
|   |   |   |   |   |   |   |   |   |   |   |--- truncated branch of depth 5
|   |   |   |   |   |   |   |   |--- feature_30 >  0.00
|   |   |   |   |   |   |   |   |   |--- feature_30 <= 0.99
|   |   |   |   |   |   |   |   |   |   |--- class: positive
|   |   |   |   |   |   |   |   |   |--- feature_30 >  0.99
|   |   |   |   |   |   |   |   |   |   |--- feature_1 <= 1015.00
|   |   |   |   |   |   |   |   |   |   |   |--- truncated branch of depth 9
|   |   |   |   |   |   |   |   |   |   |--- feature_1 >  1015.00
|   |   |   |   |   |   |   |   |   |   |   |--- truncated branch of depth 4
|   |   |   |   |   |   |   |--- feature_53 >  0.00
|   |   |   |   |   |   |   |   |--- feature_12 <= 0.01
|   |   |   |   |   |   |   |   |   |--- feature_13 <= 6.07
|   |   |   |   |   |   |   |   |   |   |--- class: negative
|   |   |   |   |   |   |   |   |   |--- feature_13 >  6.07
|   |   |   |   |   |   |   |   |   |   |--- feature_5 <= 39.12
|   |   |   |   |   |   |   |   |   |   |   |--- truncated branch of depth 2
|   |   |   |   |   |   |   |   |   |   |--- feature_5 >  39.12
|   |   |   |   |   |   |   |   |   |   |   |--- class: negative
|   |   |   |   |   |   |   |   |--- feature_12 >  0.01
|   |   |   |   |   |   |   |   |   |--- feature_13 <= 8.00
|   |   |   |   |   |   |   |   |   |   |--- feature_13 <= 6.01
|   |   |   |   |   |   |   |   |   |   |   |--- truncated branch of depth 14
|   |   |   |   |   |   |   |   |   |   |--- feature_13 >  6.01
|   |   |   |   |   |   |   |   |   |   |   |--- truncated branch of depth 3
|   |   |   |   |   |   |   |   |   |--- feature_13 >  8.00
|   |   |   |   |   |   |   |   |   |   |--- feature_0 <= 1919.50
|   |   |   |   |   |   |   |   |   |   |   |--- truncated branch of depth 12
|   |   |   |   |   |   |   |   |   |   |--- feature_0 >  1919.50
|   |   |   |   |   |   |   |   |   |   |   |--- truncated branch of depth 4
|   |   |   |   |   |   |--- feature_50 >  0.00
|   |   |   |   |   |   |   |--- class: positive
|   |   |   |   |   |--- feature_50 >  1.00
|   |   |   |   |   |   |--- feature_2 <= -0.50
|   |   |   |   |   |   |   |--- feature_23 <= 0.00
|   |   |   |   |   |   |   |   |--- feature_12 <= 24.15
|   |   |   |   |   |   |   |   |   |--- class: negative
|   |   |   |   |   |   |   |   |--- feature_12 >  24.15
|   |   |   |   |   |   |   |   |   |--- feature_10 <= 33.05
|   |   |   |   |   |   |   |   |   |   |--- feature_6 <= -94.96
|   |   |   |   |   |   |   |   |   |   |   |--- truncated branch of depth 5
|   |   |   |   |   |   |   |   |   |   |--- feature_6 >  -94.96
|   |   |   |   |   |   |   |   |   |   |   |--- truncated branch of depth 2
|   |   |   |   |   |   |   |   |   |--- feature_10 >  33.05
|   |   |   |   |   |   |   |   |   |   |--- class: negative
|   |   |   |   |   |   |   |--- feature_23 >  0.00
|   |   |   |   |   |   |   |   |--- feature_23 <= 1.00
|   |   |   |   |   |   |   |   |   |--- class: positive
|   |   |   |   |   |   |   |   |--- feature_23 >  1.00
|   |   |   |   |   |   |   |   |   |--- feature_9 <= 8.50
|   |   |   |   |   |   |   |   |   |   |--- feature_5 <= 39.72
|   |   |   |   |   |   |   |   |   |   |   |--- truncated branch of depth 16
|   |   |   |   |   |   |   |   |   |   |--- feature_5 >  39.72
|   |   |   |   |   |   |   |   |   |   |   |--- truncated branch of depth 3
|   |   |   |   |   |   |   |   |   |--- feature_9 >  8.50
|   |   |   |   |   |   |   |   |   |   |--- feature_10 <= 14.94
|   |   |   |   |   |   |   |   |   |   |   |--- truncated branch of depth 8
|   |   |   |   |   |   |   |   |   |   |--- feature_10 >  14.94
|   |   |   |   |   |   |   |   |   |   |   |--- truncated branch of depth 12
|   |   |   |   |   |   |--- feature_2 >  -0.50
|   |   |   |   |   |   |   |--- feature_2 <= 9.50
|   |   |   |   |   |   |   |   |--- feature_9 <= 6.10
|   |   |   |   |   |   |   |   |   |--- feature_1 <= 27.50
|   |   |   |   |   |   |   |   |   |   |--- class: negative
|   |   |   |   |   |   |   |   |   |--- feature_1 >  27.50
|   |   |   |   |   |   |   |   |   |   |--- feature_1 <= 63.50
|   |   |   |   |   |   |   |   |   |   |   |--- truncated branch of depth 2
|   |   |   |   |   |   |   |   |   |   |--- feature_1 >  63.50
|   |   |   |   |   |   |   |   |   |   |   |--- class: negative
|   |   |   |   |   |   |   |   |--- feature_9 >  6.10
|   |   |   |   |   |   |   |   |   |--- feature_5 <= 39.75
|   |   |   |   |   |   |   |   |   |   |--- feature_9 <= 17.98
|   |   |   |   |   |   |   |   |   |   |   |--- truncated branch of depth 16
|   |   |   |   |   |   |   |   |   |   |--- feature_9 >  17.98
|   |   |   |   |   |   |   |   |   |   |   |--- truncated branch of depth 7
|   |   |   |   |   |   |   |   |   |--- feature_5 >  39.75
|   |   |   |   |   |   |   |   |   |   |--- feature_10 <= 21.57
|   |   |   |   |   |   |   |   |   |   |   |--- truncated branch of depth 5
|   |   |   |   |   |   |   |   |   |   |--- feature_10 >  21.57
|   |   |   |   |   |   |   |   |   |   |   |--- truncated branch of depth 8
|   |   |   |   |   |   |   |--- feature_2 >  9.50
|   |   |   |   |   |   |   |   |--- feature_5 <= 38.97
|   |   |   |   |   |   |   |   |   |--- feature_5 <= 38.29
|   |   |   |   |   |   |   |   |   |   |--- feature_8 <= 4.50
|   |   |   |   |   |   |   |   |   |   |   |--- class: negative
|   |   |   |   |   |   |   |   |   |   |--- feature_8 >  4.50
|   |   |   |   |   |   |   |   |   |   |   |--- truncated branch of depth 2
|   |   |   |   |   |   |   |   |   |--- feature_5 >  38.29
|   |   |   |   |   |   |   |   |   |   |--- feature_11 <= 8.36
|   |   |   |   |   |   |   |   |   |   |   |--- truncated branch of depth 4
|   |   |   |   |   |   |   |   |   |   |--- feature_11 >  8.36
|   |   |   |   |   |   |   |   |   |   |   |--- class: negative
|   |   |   |   |   |   |   |   |--- feature_5 >  38.97
|   |   |   |   |   |   |   |   |   |--- feature_1 <= 754.00
|   |   |   |   |   |   |   |   |   |   |--- feature_12 <= 13.50
|   |   |   |   |   |   |   |   |   |   |   |--- class: positive
|   |   |   |   |   |   |   |   |   |   |--- feature_12 >  13.50
|   |   |   |   |   |   |   |   |   |   |   |--- truncated branch of depth 3
|   |   |   |   |   |   |   |   |   |--- feature_1 >  754.00
|   |   |   |   |   |   |   |   |   |   |--- feature_23 <= 0.28
|   |   |   |   |   |   |   |   |   |   |   |--- class: negative
|   |   |   |   |   |   |   |   |   |   |--- feature_23 >  0.28
|   |   |   |   |   |   |   |   |   |   |   |--- class: positive
|   |   |   |   |--- feature_25 >  0.00
|   |   |   |   |   |--- feature_25 <= 1.00
|   |   |   |   |   |   |--- class: positive
|   |   |   |   |   |--- feature_25 >  1.00
|   |   |   |   |   |   |--- feature_5 <= 39.54
|   |   |   |   |   |   |   |--- feature_38 <= 0.01
|   |   |   |   |   |   |   |   |--- feature_12 <= 12.65
|   |   |   |   |   |   |   |   |   |--- feature_9 <= 6.08
|   |   |   |   |   |   |   |   |   |   |--- feature_8 <= 1.50
|   |   |   |   |   |   |   |   |   |   |   |--- class: positive
|   |   |   |   |   |   |   |   |   |   |--- feature_8 >  1.50
|   |   |   |   |   |   |   |   |   |   |   |--- truncated branch of depth 4
|   |   |   |   |   |   |   |   |   |--- feature_9 >  6.08
|   |   |   |   |   |   |   |   |   |   |--- feature_12 <= 4.50
|   |   |   |   |   |   |   |   |   |   |   |--- class: positive
|   |   |   |   |   |   |   |   |   |   |--- feature_12 >  4.50
|   |   |   |   |   |   |   |   |   |   |   |--- class: negative
|   |   |   |   |   |   |   |   |--- feature_12 >  12.65
|   |   |   |   |   |   |   |   |   |--- feature_6 <= -101.90
|   |   |   |   |   |   |   |   |   |   |--- class: positive
|   |   |   |   |   |   |   |   |   |--- feature_6 >  -101.90
|   |   |   |   |   |   |   |   |   |   |--- class: negative
|   |   |   |   |   |   |   |--- feature_38 >  0.01
|   |   |   |   |   |   |   |   |--- feature_38 <= 0.99
|   |   |   |   |   |   |   |   |   |--- class: positive
|   |   |   |   |   |   |   |   |--- feature_38 >  0.99
|   |   |   |   |   |   |   |   |   |--- feature_12 <= 16.03
|   |   |   |   |   |   |   |   |   |   |--- feature_6 <= -98.28
|   |   |   |   |   |   |   |   |   |   |   |--- truncated branch of depth 4
|   |   |   |   |   |   |   |   |   |   |--- feature_6 >  -98.28
|   |   |   |   |   |   |   |   |   |   |   |--- truncated branch of depth 11
|   |   |   |   |   |   |   |   |   |--- feature_12 >  16.03
|   |   |   |   |   |   |   |   |   |   |--- feature_11 <= 6.80
|   |   |   |   |   |   |   |   |   |   |   |--- truncated branch of depth 6
|   |   |   |   |   |   |   |   |   |   |--- feature_11 >  6.80
|   |   |   |   |   |   |   |   |   |   |   |--- class: negative
|   |   |   |   |   |   |--- feature_5 >  39.54
|   |   |   |   |   |   |   |--- feature_12 <= 8.96
|   |   |   |   |   |   |   |   |--- feature_1 <= 19.50
|   |   |   |   |   |   |   |   |   |--- feature_0 <= 1944.50
|   |   |   |   |   |   |   |   |   |   |--- feature_11 <= 4.91
|   |   |   |   |   |   |   |   |   |   |   |--- class: negative
|   |   |   |   |   |   |   |   |   |   |--- feature_11 >  4.91
|   |   |   |   |   |   |   |   |   |   |   |--- truncated branch of depth 2
|   |   |   |   |   |   |   |   |   |--- feature_0 >  1944.50
|   |   |   |   |   |   |   |   |   |   |--- feature_0 <= 1962.50
|   |   |   |   |   |   |   |   |   |   |   |--- truncated branch of depth 3
|   |   |   |   |   |   |   |   |   |   |--- feature_0 >  1962.50
|   |   |   |   |   |   |   |   |   |   |   |--- class: positive
|   |   |   |   |   |   |   |   |--- feature_1 >  19.50
|   |   |   |   |   |   |   |   |   |--- feature_10 <= 29.50
|   |   |   |   |   |   |   |   |   |   |--- feature_0 <= 1930.50
|   |   |   |   |   |   |   |   |   |   |   |--- truncated branch of depth 2
|   |   |   |   |   |   |   |   |   |   |--- feature_0 >  1930.50
|   |   |   |   |   |   |   |   |   |   |   |--- class: negative
|   |   |   |   |   |   |   |   |   |--- feature_10 >  29.50
|   |   |   |   |   |   |   |   |   |   |--- class: positive
|   |   |   |   |   |   |   |--- feature_12 >  8.96
|   |   |   |   |   |   |   |   |--- feature_10 <= 9.94
|   |   |   |   |   |   |   |   |   |--- feature_9 <= 3.58
|   |   |   |   |   |   |   |   |   |   |--- class: positive
|   |   |   |   |   |   |   |   |   |--- feature_9 >  3.58
|   |   |   |   |   |   |   |   |   |   |--- feature_2 <= 5.00
|   |   |   |   |   |   |   |   |   |   |   |--- truncated branch of depth 3
|   |   |   |   |   |   |   |   |   |   |--- feature_2 >  5.00
|   |   |   |   |   |   |   |   |   |   |   |--- class: positive
|   |   |   |   |   |   |   |   |--- feature_10 >  9.94
|   |   |   |   |   |   |   |   |   |--- feature_38 <= 1.00
|   |   |   |   |   |   |   |   |   |   |--- feature_38 <= 0.44
|   |   |   |   |   |   |   |   |   |   |   |--- class: negative
|   |   |   |   |   |   |   |   |   |   |--- feature_38 >  0.44
|   |   |   |   |   |   |   |   |   |   |   |--- class: positive
|   |   |   |   |   |   |   |   |   |--- feature_38 >  1.00
|   |   |   |   |   |   |   |   |   |   |--- feature_10 <= 22.81
|   |   |   |   |   |   |   |   |   |   |   |--- truncated branch of depth 4
|   |   |   |   |   |   |   |   |   |   |--- feature_10 >  22.81
|   |   |   |   |   |   |   |   |   |   |   |--- truncated branch of depth 3
|   |   |   |--- feature_49 >  0.00
|   |   |   |   |--- class: positive
|   |   |--- feature_49 >  1.00
|   |   |   |--- feature_29 <= 0.01
|   |   |   |   |--- feature_1 <= 40.50
|   |   |   |   |   |--- feature_11 <= 4.65
|   |   |   |   |   |   |--- feature_10 <= 9.95
|   |   |   |   |   |   |   |--- class: negative
|   |   |   |   |   |   |--- feature_10 >  9.95
|   |   |   |   |   |   |   |--- feature_13 <= 6.04
|   |   |   |   |   |   |   |   |--- class: positive
|   |   |   |   |   |   |   |--- feature_13 >  6.04
|   |   |   |   |   |   |   |   |--- class: negative
|   |   |   |   |   |--- feature_11 >  4.65
|   |   |   |   |   |   |--- feature_12 <= 17.65
|   |   |   |   |   |   |   |--- feature_11 <= 8.90
|   |   |   |   |   |   |   |   |--- feature_5 <= 38.63
|   |   |   |   |   |   |   |   |   |--- feature_11 <= 5.75
|   |   |   |   |   |   |   |   |   |   |--- feature_7 <= 4.00
|   |   |   |   |   |   |   |   |   |   |   |--- class: positive
|   |   |   |   |   |   |   |   |   |   |--- feature_7 >  4.00
|   |   |   |   |   |   |   |   |   |   |   |--- class: negative
|   |   |   |   |   |   |   |   |   |--- feature_11 >  5.75
|   |   |   |   |   |   |   |   |   |   |--- class: negative
|   |   |   |   |   |   |   |   |--- feature_5 >  38.63
|   |   |   |   |   |   |   |   |   |--- class: negative
|   |   |   |   |   |   |   |--- feature_11 >  8.90
|   |   |   |   |   |   |   |   |--- class: positive
|   |   |   |   |   |   |--- feature_12 >  17.65
|   |   |   |   |   |   |   |--- class: negative
|   |   |   |   |--- feature_1 >  40.50
|   |   |   |   |   |--- feature_11 <= 7.78
|   |   |   |   |   |   |--- feature_9 <= 12.17
|   |   |   |   |   |   |   |--- feature_9 <= 4.91
|   |   |   |   |   |   |   |   |--- feature_8 <= 1.50
|   |   |   |   |   |   |   |   |   |--- class: positive
|   |   |   |   |   |   |   |   |--- feature_8 >  1.50
|   |   |   |   |   |   |   |   |   |--- feature_12 <= 22.35
|   |   |   |   |   |   |   |   |   |   |--- feature_10 <= 6.70
|   |   |   |   |   |   |   |   |   |   |   |--- class: positive
|   |   |   |   |   |   |   |   |   |   |--- feature_10 >  6.70
|   |   |   |   |   |   |   |   |   |   |   |--- truncated branch of depth 2
|   |   |   |   |   |   |   |   |   |--- feature_12 >  22.35
|   |   |   |   |   |   |   |   |   |   |--- class: negative
|   |   |   |   |   |   |   |--- feature_9 >  4.91
|   |   |   |   |   |   |   |   |--- feature_1 <= 1357.00
|   |   |   |   |   |   |   |   |   |--- feature_14 <= 1.50
|   |   |   |   |   |   |   |   |   |   |--- class: positive
|   |   |   |   |   |   |   |   |   |--- feature_14 >  1.50
|   |   |   |   |   |   |   |   |   |   |--- feature_11 <= 6.24
|   |   |   |   |   |   |   |   |   |   |   |--- class: negative
|   |   |   |   |   |   |   |   |   |   |--- feature_11 >  6.24
|   |   |   |   |   |   |   |   |   |   |   |--- truncated branch of depth 6
|   |   |   |   |   |   |   |   |--- feature_1 >  1357.00
|   |   |   |   |   |   |   |   |   |--- class: positive
|   |   |   |   |   |   |--- feature_9 >  12.17
|   |   |   |   |   |   |   |--- feature_12 <= 23.50
|   |   |   |   |   |   |   |   |--- feature_12 <= 22.50
|   |   |   |   |   |   |   |   |   |--- feature_6 <= -98.57
|   |   |   |   |   |   |   |   |   |   |--- feature_6 <= -100.13
|   |   |   |   |   |   |   |   |   |   |   |--- class: negative
|   |   |   |   |   |   |   |   |   |   |--- feature_6 >  -100.13
|   |   |   |   |   |   |   |   |   |   |   |--- class: positive
|   |   |   |   |   |   |   |   |   |--- feature_6 >  -98.57
|   |   |   |   |   |   |   |   |   |   |--- class: negative
|   |   |   |   |   |   |   |   |--- feature_12 >  22.50
|   |   |   |   |   |   |   |   |   |--- class: positive
|   |   |   |   |   |   |   |--- feature_12 >  23.50
|   |   |   |   |   |   |   |   |--- class: negative
|   |   |   |   |   |--- feature_11 >  7.78
|   |   |   |   |   |   |--- feature_6 <= -99.48
|   |   |   |   |   |   |   |--- feature_6 <= -99.63
|   |   |   |   |   |   |   |   |--- class: negative
|   |   |   |   |   |   |   |--- feature_6 >  -99.63
|   |   |   |   |   |   |   |   |--- class: positive
|   |   |   |   |   |   |--- feature_6 >  -99.48
|   |   |   |   |   |   |   |--- class: negative
|   |   |   |--- feature_29 >  0.01
|   |   |   |   |--- feature_29 <= 0.96
|   |   |   |   |   |--- class: positive
|   |   |   |   |--- feature_29 >  0.96
|   |   |   |   |   |--- feature_10 <= 12.78
|   |   |   |   |   |   |--- class: positive
|   |   |   |   |   |--- feature_10 >  12.78
|   |   |   |   |   |   |--- feature_10 <= 56.45
|   |   |   |   |   |   |   |--- class: negative
|   |   |   |   |   |   |--- feature_10 >  56.45
|   |   |   |   |   |   |   |--- class: positive
|--- feature_12 >  32.40
|   |--- feature_38 <= 0.00
|   |   |--- feature_51 <= 0.00
|   |   |   |--- feature_50 <= 0.01
|   |   |   |   |--- feature_11 <= 7.87
|   |   |   |   |   |--- feature_2 <= -0.50
|   |   |   |   |   |   |--- class: negative
|   |   |   |   |   |--- feature_2 >  -0.50
|   |   |   |   |   |   |--- feature_11 <= 7.31
|   |   |   |   |   |   |   |--- feature_29 <= 0.44
|   |   |   |   |   |   |   |   |--- class: negative
|   |   |   |   |   |   |   |--- feature_29 >  0.44
|   |   |   |   |   |   |   |   |--- feature_13 <= 4.56
|   |   |   |   |   |   |   |   |   |--- class: positive
|   |   |   |   |   |   |   |   |--- feature_13 >  4.56
|   |   |   |   |   |   |   |   |   |--- class: negative
|   |   |   |   |   |   |--- feature_11 >  7.31
|   |   |   |   |   |   |   |--- feature_10 <= 31.99
|   |   |   |   |   |   |   |   |--- class: negative
|   |   |   |   |   |   |   |--- feature_10 >  31.99
|   |   |   |   |   |   |   |   |--- feature_1 <= 145.50
|   |   |   |   |   |   |   |   |   |--- class: positive
|   |   |   |   |   |   |   |   |--- feature_1 >  145.50
|   |   |   |   |   |   |   |   |   |--- class: negative
|   |   |   |   |--- feature_11 >  7.87
|   |   |   |   |   |--- class: negative
|   |   |   |--- feature_50 >  0.01
|   |   |   |   |--- feature_49 <= 0.00
|   |   |   |   |   |--- feature_1 <= 50.50
|   |   |   |   |   |   |--- feature_0 <= 1931.00
|   |   |   |   |   |   |   |--- feature_10 <= 8.32
|   |   |   |   |   |   |   |   |--- feature_9 <= 7.11
|   |   |   |   |   |   |   |   |   |--- feature_11 <= 5.35
|   |   |   |   |   |   |   |   |   |   |--- feature_33 <= 0.50
|   |   |   |   |   |   |   |   |   |   |   |--- class: negative
|   |   |   |   |   |   |   |   |   |   |--- feature_33 >  0.50
|   |   |   |   |   |   |   |   |   |   |   |--- class: positive
|   |   |   |   |   |   |   |   |   |--- feature_11 >  5.35
|   |   |   |   |   |   |   |   |   |   |--- class: negative
|   |   |   |   |   |   |   |   |--- feature_9 >  7.11
|   |   |   |   |   |   |   |   |   |--- class: positive
|   |   |   |   |   |   |   |--- feature_10 >  8.32
|   |   |   |   |   |   |   |   |--- feature_1 <= 47.50
|   |   |   |   |   |   |   |   |   |--- class: negative
|   |   |   |   |   |   |   |   |--- feature_1 >  47.50
|   |   |   |   |   |   |   |   |   |--- feature_5 <= 38.27
|   |   |   |   |   |   |   |   |   |   |--- class: negative
|   |   |   |   |   |   |   |   |   |--- feature_5 >  38.27
|   |   |   |   |   |   |   |   |   |   |--- class: positive
|   |   |   |   |   |   |--- feature_0 >  1931.00
|   |   |   |   |   |   |   |--- feature_9 <= 22.45
|   |   |   |   |   |   |   |   |--- class: negative
|   |   |   |   |   |   |   |--- feature_9 >  22.45
|   |   |   |   |   |   |   |   |--- feature_10 <= 23.35
|   |   |   |   |   |   |   |   |   |--- feature_0 <= 1995.00
|   |   |   |   |   |   |   |   |   |   |--- class: positive
|   |   |   |   |   |   |   |   |   |--- feature_0 >  1995.00
|   |   |   |   |   |   |   |   |   |   |--- class: negative
|   |   |   |   |   |   |   |   |--- feature_10 >  23.35
|   |   |   |   |   |   |   |   |   |--- class: negative
|   |   |   |   |   |--- feature_1 >  50.50
|   |   |   |   |   |   |--- feature_10 <= 17.67
|   |   |   |   |   |   |   |--- feature_24 <= 0.00
|   |   |   |   |   |   |   |   |--- feature_11 <= 6.65
|   |   |   |   |   |   |   |   |   |--- feature_10 <= 8.95
|   |   |   |   |   |   |   |   |   |   |--- feature_10 <= 8.20
|   |   |   |   |   |   |   |   |   |   |   |--- class: negative
|   |   |   |   |   |   |   |   |   |   |--- feature_10 >  8.20
|   |   |   |   |   |   |   |   |   |   |   |--- class: positive
|   |   |   |   |   |   |   |   |   |--- feature_10 >  8.95
|   |   |   |   |   |   |   |   |   |   |--- class: negative
|   |   |   |   |   |   |   |   |--- feature_11 >  6.65
|   |   |   |   |   |   |   |   |   |--- feature_21 <= 0.48
|   |   |   |   |   |   |   |   |   |   |--- class: negative
|   |   |   |   |   |   |   |   |   |--- feature_21 >  0.48
|   |   |   |   |   |   |   |   |   |   |--- class: positive
|   |   |   |   |   |   |   |--- feature_24 >  0.00
|   |   |   |   |   |   |   |   |--- feature_24 <= 0.99
|   |   |   |   |   |   |   |   |   |--- class: positive
|   |   |   |   |   |   |   |   |--- feature_24 >  0.99
|   |   |   |   |   |   |   |   |   |--- feature_2 <= 16.00
|   |   |   |   |   |   |   |   |   |   |--- class: negative
|   |   |   |   |   |   |   |   |   |--- feature_2 >  16.00
|   |   |   |   |   |   |   |   |   |   |--- class: positive
|   |   |   |   |   |   |--- feature_10 >  17.67
|   |   |   |   |   |   |   |--- feature_2 <= 8.50
|   |   |   |   |   |   |   |   |--- feature_34 <= 0.50
|   |   |   |   |   |   |   |   |   |--- feature_30 <= 0.38
|   |   |   |   |   |   |   |   |   |   |--- class: negative
|   |   |   |   |   |   |   |   |   |--- feature_30 >  0.38
|   |   |   |   |   |   |   |   |   |   |--- feature_1 <= 58.00
|   |   |   |   |   |   |   |   |   |   |   |--- truncated branch of depth 2
|   |   |   |   |   |   |   |   |   |   |--- feature_1 >  58.00
|   |   |   |   |   |   |   |   |   |   |   |--- truncated branch of depth 6
|   |   |   |   |   |   |   |   |--- feature_34 >  0.50
|   |   |   |   |   |   |   |   |   |--- feature_10 <= 87.35
|   |   |   |   |   |   |   |   |   |   |--- feature_14 <= 3.00
|   |   |   |   |   |   |   |   |   |   |   |--- class: negative
|   |   |   |   |   |   |   |   |   |   |--- feature_14 >  3.00
|   |   |   |   |   |   |   |   |   |   |   |--- class: positive
|   |   |   |   |   |   |   |   |   |--- feature_10 >  87.35
|   |   |   |   |   |   |   |   |   |   |--- class: negative
|   |   |   |   |   |   |   |--- feature_2 >  8.50
|   |   |   |   |   |   |   |   |--- class: negative
|   |   |   |   |--- feature_49 >  0.00
|   |   |   |   |   |--- class: positive
|   |   |--- feature_51 >  0.00
|   |   |   |--- feature_51 <= 1.00
|   |   |   |   |--- class: positive
|   |   |   |--- feature_51 >  1.00
|   |   |   |   |--- feature_7 <= 1.00
|   |   |   |   |   |--- feature_5 <= 39.01
|   |   |   |   |   |   |--- class: negative
|   |   |   |   |   |--- feature_5 >  39.01
|   |   |   |   |   |   |--- feature_5 <= 39.03
|   |   |   |   |   |   |   |--- feature_2 <= 5.00
|   |   |   |   |   |   |   |   |--- class: positive
|   |   |   |   |   |   |   |--- feature_2 >  5.00
|   |   |   |   |   |   |   |   |--- class: negative
|   |   |   |   |   |   |--- feature_5 >  39.03
|   |   |   |   |   |   |   |--- feature_12 <= 90.40
|   |   |   |   |   |   |   |   |--- feature_5 <= 39.06
|   |   |   |   |   |   |   |   |   |--- feature_0 <= 1950.00
|   |   |   |   |   |   |   |   |   |   |--- class: positive
|   |   |   |   |   |   |   |   |   |--- feature_0 >  1950.00
|   |   |   |   |   |   |   |   |   |   |--- class: negative
|   |   |   |   |   |   |   |   |--- feature_5 >  39.06
|   |   |   |   |   |   |   |   |   |--- class: negative
|   |   |   |   |   |   |   |--- feature_12 >  90.40
|   |   |   |   |   |   |   |   |--- class: positive
|   |   |   |   |--- feature_7 >  1.00
|   |   |   |   |   |--- feature_1 <= 1089.00
|   |   |   |   |   |   |--- class: negative
|   |   |   |   |   |--- feature_1 >  1089.00
|   |   |   |   |   |   |--- feature_12 <= 53.82
|   |   |   |   |   |   |   |--- feature_2 <= 9.50
|   |   |   |   |   |   |   |   |--- feature_18 <= 0.06
|   |   |   |   |   |   |   |   |   |--- class: negative
|   |   |   |   |   |   |   |   |--- feature_18 >  0.06
|   |   |   |   |   |   |   |   |   |--- class: positive
|   |   |   |   |   |   |   |--- feature_2 >  9.50
|   |   |   |   |   |   |   |   |--- feature_14 <= 3.00
|   |   |   |   |   |   |   |   |   |--- class: negative
|   |   |   |   |   |   |   |   |--- feature_14 >  3.00
|   |   |   |   |   |   |   |   |   |--- class: positive
|   |   |   |   |   |   |--- feature_12 >  53.82
|   |   |   |   |   |   |   |--- class: negative
|   |--- feature_38 >  0.00
|   |   |--- feature_38 <= 1.00
|   |   |   |--- class: positive
|   |   |--- feature_38 >  1.00
|   |   |   |--- feature_23 <= 0.00
|   |   |   |   |--- feature_7 <= 41.50
|   |   |   |   |   |--- feature_1 <= 7.00
|   |   |   |   |   |   |--- feature_8 <= 1.50
|   |   |   |   |   |   |   |--- feature_0 <= 1937.50
|   |   |   |   |   |   |   |   |--- class: negative
|   |   |   |   |   |   |   |--- feature_0 >  1937.50
|   |   |   |   |   |   |   |   |--- class: positive
|   |   |   |   |   |   |--- feature_8 >  1.50
|   |   |   |   |   |   |   |--- class: negative
|   |   |   |   |   |--- feature_1 >  7.00
|   |   |   |   |   |   |--- feature_7 <= 1.00
|   |   |   |   |   |   |   |--- feature_6 <= -96.25
|   |   |   |   |   |   |   |   |--- class: negative
|   |   |   |   |   |   |   |--- feature_6 >  -96.25
|   |   |   |   |   |   |   |   |--- feature_5 <= 38.48
|   |   |   |   |   |   |   |   |   |--- class: negative
|   |   |   |   |   |   |   |   |--- feature_5 >  38.48
|   |   |   |   |   |   |   |   |   |--- feature_9 <= 5.95
|   |   |   |   |   |   |   |   |   |   |--- feature_8 <= 1.50
|   |   |   |   |   |   |   |   |   |   |   |--- class: negative
|   |   |   |   |   |   |   |   |   |   |--- feature_8 >  1.50
|   |   |   |   |   |   |   |   |   |   |   |--- class: positive
|   |   |   |   |   |   |   |   |   |--- feature_9 >  5.95
|   |   |   |   |   |   |   |   |   |   |--- feature_6 <= -96.24
|   |   |   |   |   |   |   |   |   |   |   |--- class: positive
|   |   |   |   |   |   |   |   |   |   |--- feature_6 >  -96.24
|   |   |   |   |   |   |   |   |   |   |   |--- truncated branch of depth 4
|   |   |   |   |   |   |--- feature_7 >  1.00
|   |   |   |   |   |   |   |--- feature_1 <= 337.00
|   |   |   |   |   |   |   |   |--- feature_13 <= 8.50
|   |   |   |   |   |   |   |   |   |--- feature_7 <= 17.50
|   |   |   |   |   |   |   |   |   |   |--- feature_11 <= 7.85
|   |   |   |   |   |   |   |   |   |   |   |--- class: negative
|   |   |   |   |   |   |   |   |   |   |--- feature_11 >  7.85
|   |   |   |   |   |   |   |   |   |   |   |--- truncated branch of depth 2
|   |   |   |   |   |   |   |   |   |--- feature_7 >  17.50
|   |   |   |   |   |   |   |   |   |   |--- class: negative
|   |   |   |   |   |   |   |   |--- feature_13 >  8.50
|   |   |   |   |   |   |   |   |   |--- feature_6 <= -97.12
|   |   |   |   |   |   |   |   |   |   |--- class: negative
|   |   |   |   |   |   |   |   |   |--- feature_6 >  -97.12
|   |   |   |   |   |   |   |   |   |   |--- class: positive
|   |   |   |   |   |   |   |--- feature_1 >  337.00
|   |   |   |   |   |   |   |   |--- feature_1 <= 452.00
|   |   |   |   |   |   |   |   |   |--- feature_12 <= 43.54
|   |   |   |   |   |   |   |   |   |   |--- class: positive
|   |   |   |   |   |   |   |   |   |--- feature_12 >  43.54
|   |   |   |   |   |   |   |   |   |   |--- class: negative
|   |   |   |   |   |   |   |   |--- feature_1 >  452.00
|   |   |   |   |   |   |   |   |   |--- class: negative
|   |   |   |   |--- feature_7 >  41.50
|   |   |   |   |   |--- feature_13 <= 5.10
|   |   |   |   |   |   |--- class: negative
|   |   |   |   |   |--- feature_13 >  5.10
|   |   |   |   |   |   |--- feature_2 <= -0.50
|   |   |   |   |   |   |   |--- class: positive
|   |   |   |   |   |   |--- feature_2 >  -0.50
|   |   |   |   |   |   |   |--- class: negative
|   |   |   |--- feature_23 >  0.00
|   |   |   |   |--- feature_23 <= 1.00
|   |   |   |   |   |--- class: positive
|   |   |   |   |--- feature_23 >  1.00
|   |   |   |   |   |--- feature_6 <= -96.25
|   |   |   |   |   |   |--- feature_50 <= 0.97
|   |   |   |   |   |   |   |--- feature_12 <= 43.80
|   |   |   |   |   |   |   |   |--- feature_0 <= 1959.00
|   |   |   |   |   |   |   |   |   |--- feature_9 <= 22.85
|   |   |   |   |   |   |   |   |   |   |--- class: negative
|   |   |   |   |   |   |   |   |   |--- feature_9 >  22.85
|   |   |   |   |   |   |   |   |   |   |--- class: positive
|   |   |   |   |   |   |   |   |--- feature_0 >  1959.00
|   |   |   |   |   |   |   |   |   |--- class: positive
|   |   |   |   |   |   |   |--- feature_12 >  43.80
|   |   |   |   |   |   |   |   |--- class: negative
|   |   |   |   |   |   |--- feature_50 >  0.97
|   |   |   |   |   |   |   |--- feature_5 <= 39.47
|   |   |   |   |   |   |   |   |--- feature_0 <= 1987.50
|   |   |   |   |   |   |   |   |   |--- feature_6 <= -96.94
|   |   |   |   |   |   |   |   |   |   |--- feature_1 <= 29.50
|   |   |   |   |   |   |   |   |   |   |   |--- truncated branch of depth 8
|   |   |   |   |   |   |   |   |   |   |--- feature_1 >  29.50
|   |   |   |   |   |   |   |   |   |   |   |--- truncated branch of depth 8
|   |   |   |   |   |   |   |   |   |--- feature_6 >  -96.94
|   |   |   |   |   |   |   |   |   |   |--- feature_0 <= 1971.00
|   |   |   |   |   |   |   |   |   |   |   |--- truncated branch of depth 5
|   |   |   |   |   |   |   |   |   |   |--- feature_0 >  1971.00
|   |   |   |   |   |   |   |   |   |   |   |--- truncated branch of depth 2
|   |   |   |   |   |   |   |   |--- feature_0 >  1987.50
|   |   |   |   |   |   |   |   |   |--- class: negative
|   |   |   |   |   |   |   |--- feature_5 >  39.47
|   |   |   |   |   |   |   |   |--- class: negative
|   |   |   |   |   |--- feature_6 >  -96.25
|   |   |   |   |   |   |--- feature_6 <= -95.88
|   |   |   |   |   |   |   |--- feature_0 <= 1986.50
|   |   |   |   |   |   |   |   |--- feature_2 <= 2.50
|   |   |   |   |   |   |   |   |   |--- feature_10 <= 9.73
|   |   |   |   |   |   |   |   |   |   |--- feature_10 <= 7.39
|   |   |   |   |   |   |   |   |   |   |   |--- class: negative
|   |   |   |   |   |   |   |   |   |   |--- feature_10 >  7.39
|   |   |   |   |   |   |   |   |   |   |   |--- truncated branch of depth 4
|   |   |   |   |   |   |   |   |   |--- feature_10 >  9.73
|   |   |   |   |   |   |   |   |   |   |--- class: negative
|   |   |   |   |   |   |   |   |--- feature_2 >  2.50
|   |   |   |   |   |   |   |   |   |--- class: positive
|   |   |   |   |   |   |   |--- feature_0 >  1986.50
|   |   |   |   |   |   |   |   |--- feature_0 <= 1993.50
|   |   |   |   |   |   |   |   |   |--- feature_11 <= 7.30
|   |   |   |   |   |   |   |   |   |   |--- feature_10 <= 9.11
|   |   |   |   |   |   |   |   |   |   |   |--- truncated branch of depth 2
|   |   |   |   |   |   |   |   |   |   |--- feature_10 >  9.11
|   |   |   |   |   |   |   |   |   |   |   |--- truncated branch of depth 5
|   |   |   |   |   |   |   |   |   |--- feature_11 >  7.30
|   |   |   |   |   |   |   |   |   |   |--- feature_12 <= 77.85
|   |   |   |   |   |   |   |   |   |   |   |--- class: negative
|   |   |   |   |   |   |   |   |   |   |--- feature_12 >  77.85
|   |   |   |   |   |   |   |   |   |   |   |--- class: positive
|   |   |   |   |   |   |   |   |--- feature_0 >  1993.50
|   |   |   |   |   |   |   |   |   |--- class: negative
|   |   |   |   |   |   |--- feature_6 >  -95.88
|   |   |   |   |   |   |   |--- feature_0 <= 1923.00
|   |   |   |   |   |   |   |   |--- feature_10 <= 9.01
|   |   |   |   |   |   |   |   |   |--- feature_9 <= 6.20
|   |   |   |   |   |   |   |   |   |   |--- class: negative
|   |   |   |   |   |   |   |   |   |--- feature_9 >  6.20
|   |   |   |   |   |   |   |   |   |   |--- feature_1 <= 37.00
|   |   |   |   |   |   |   |   |   |   |   |--- class: negative
|   |   |   |   |   |   |   |   |   |   |--- feature_1 >  37.00
|   |   |   |   |   |   |   |   |   |   |   |--- class: positive
|   |   |   |   |   |   |   |   |--- feature_10 >  9.01
|   |   |   |   |   |   |   |   |   |--- class: negative
|   |   |   |   |   |   |   |--- feature_0 >  1923.00
|   |   |   |   |   |   |   |   |--- feature_1 <= 1384.00
|   |   |   |   |   |   |   |   |   |--- feature_11 <= 4.77
|   |   |   |   |   |   |   |   |   |   |--- feature_5 <= 39.14
|   |   |   |   |   |   |   |   |   |   |   |--- class: negative
|   |   |   |   |   |   |   |   |   |   |--- feature_5 >  39.14
|   |   |   |   |   |   |   |   |   |   |   |--- truncated branch of depth 2
|   |   |   |   |   |   |   |   |   |--- feature_11 >  4.77
|   |   |   |   |   |   |   |   |   |   |--- class: negative
|   |   |   |   |   |   |   |   |--- feature_1 >  1384.00
|   |   |   |   |   |   |   |   |   |--- class: positive
