|--- feature_12 <= 32.40
|   |--- feature_49 <= 1.00
|   |   |--- feature_49 <= 0.00
|   |   |   |--- feature_23 <= 0.00
|   |   |   |   |--- feature_2 <= -0.50
|   |   |   |   |   |--- feature_25 <= 0.01
|   |   |   |   |   |   |--- feature_50 <= 0.97
|   |   |   |   |   |   |   |--- feature_50 <= 0.01
|   |   |   |   |   |   |   |   |--- feature_30 <= 0.50
|   |   |   |   |   |   |   |   |   |--- feature_15 <= 20.50
|   |   |   |   |   |   |   |   |   |   |--- feature_51 <= 0.17
|   |   |   |   |   |   |   |   |   |   |   |--- class: negative
|   |   |   |   |   |   |   |   |   |   |--- feature_51 >  0.17
|   |   |   |   |   |   |   |   |   |   |   |--- class: positive
|   |   |   |   |   |   |   |   |   |--- feature_15 >  20.50
|   |   |   |   |   |   |   |   |   |   |--- feature_8 <= 1.50
|   |   |   |   |   |   |   |   |   |   |   |--- class: negative
|   |   |   |   |   |   |   |   |   |   |--- feature_8 >  1.50
|   |   |   |   |   |   |   |   |   |   |   |--- truncated branch of depth 6
|   |   |   |   |   |   |   |   |--- feature_30 >  0.50
|   |   |   |   |   |   |   |   |   |--- feature_22 <= 0.01
|   |   |   |   |   |   |   |   |   |   |--- feature_9 <= 13.25
|   |   |   |   |   |   |   |   |   |   |   |--- truncated branch of depth 4
|   |   |   |   |   |   |   |   |   |   |--- feature_9 >  13.25
|   |   |   |   |   |   |   |   |   |   |   |--- class: negative
|   |   |   |   |   |   |   |   |   |--- feature_22 >  0.01
|   |   |   |   |   |   |   |   |   |   |--- class: positive
|   |   |   |   |   |   |   |--- feature_50 >  0.01
|   |   |   |   |   |   |   |   |--- class: positive
|   |   |   |   |   |   |--- feature_50 >  0.97
|   |   |   |   |   |   |   |--- feature_7 <= 40.00
|   |   |   |   |   |   |   |   |--- feature_8 <= 11.00
|   |   |   |   |   |   |   |   |   |--- feature_10 <= 32.90
|   |   |   |   |   |   |   |   |   |   |--- feature_9 <= 8.65
|   |   |   |   |   |   |   |   |   |   |   |--- class: negative
|   |   |   |   |   |   |   |   |   |   |--- feature_9 >  8.65
|   |   |   |   |   |   |   |   |   |   |   |--- truncated branch of depth 5
|   |   |   |   |   |   |   |   |   |--- feature_10 >  32.90
|   |   |   |   |   |   |   |   |   |   |--- class: negative
|   |   |   |   |   |   |   |   |--- feature_8 >  11.00
|   |   |   |   |   |   |   |   |   |--- feature_1 <= 30.00
|   |   |   |   |   |   |   |   |   |   |--- class: negative
|   |   |   |   |   |   |   |   |   |--- feature_1 >  30.00
|   |   |   |   |   |   |   |   |   |   |--- class: positive
|   |   |   |   |   |   |   |--- feature_7 >  40.00
|   |   |   |   |   |   |   |   |--- feature_11 <= 7.25
|   |   |   |   |   |   |   |   |   |--- class: negative
|   |   |   |   |   |   |   |   |--- feature_11 >  7.25
|   |   |   |   |   |   |   |   |   |--- feature_12 <= 21.85
|   |   |   |   |   |   |   |   |   |   |--- class: negative
|   |   |   |   |   |   |   |   |   |--- feature_12 >  21.85
|   |   |   |   |   |   |   |   |   |   |--- class: positive
|   |   |   |   |   |--- feature_25 >  0.01
|   |   |   |   |   |   |--- feature_25 <= 1.00
|   |   |   |   |   |   |   |--- class: positive
|   |   |   |   |   |   |--- feature_25 >  1.00
|   |   |   |   |   |   |   |--- feature_7 <= 30.50
|   |   |   |   |   |   |   |   |--- feature_8 <= 2.50
|   |   |   |   |   |   |   |   |   |--- feature_12 <= 17.09
|   |   |   |   |   |   |   |   |   |   |--- feature_13 <= 7.98
|   |   |   |   |   |   |   |   |   |   |   |--- truncated branch of depth 11
|   |   |   |   |   |   |   |   |   |   |--- feature_13 >  7.98
|   |   |   |   |   |   |   |   |   |   |   |--- truncated branch of depth 7
|   |   |   |   |   |   |   |   |   |--- feature_12 >  17.09
|   |   |   |   |   |   |   |   |   |   |--- feature_13 <= 7.71
|   |   |   |   |   |   |   |   |   |   |   |--- truncated branch of depth 9
|   |   |   |   |   |   |   |   |   |   |--- feature_13 >  7.71
|   |   |   |   |   |   |   |   |   |   |   |--- class: negative
|   |   |   |   |   |   |   |   |--- feature_8 >  2.50
|   |   |   |   |   |   |   |   |   |--- feature_12 <= 13.47
|   |   |   |   |   |   |   |   |   |   |--- feature_12 <= 11.71
|   |   |   |   |   |   |   |   |   |   |   |--- truncated branch of depth 3
|   |   |   |   |   |   |   |   |   |   |--- feature_12 >  11.71
|   |   |   |   |   |   |   |   |   |   |   |--- truncated branch of depth 4
|   |   |   |   |   |   |   |   |   |--- feature_12 >  13.47
|   |   |   |   |   |   |   |   |   |   |--- feature_13 <= 4.50
|   |   |   |   |   |   |   |   |   |   |   |--- truncated branch of depth 2
|   |   |   |   |   |   |   |   |   |   |--- feature_13 >  4.50
|   |   |   |   |   |   |   |   |   |   |   |--- class: negative
|   |   |   |   |   |   |   |--- feature_7 >  30.50
|   |   |   |   |   |   |   |   |--- feature_0 <= 1947.50
|   |   |   |   |   |   |   |   |   |--- class: negative
|   |   |   |   |   |   |   |   |--- feature_0 >  1947.50
|   |   |   |   |   |   |   |   |   |--- feature_12 <= 19.35
|   |   |   |   |   |   |   |   |   |   |--- class: positive
|   |   |   |   |   |   |   |   |   |--- feature_12 >  19.35
|   |   |   |   |   |   |   |   |   |   |--- class: negative
|   |   |   |   |--- feature_2 >  -0.50
|   |   |   |   |   |--- feature_9 <= 4.61
|   |   |   |   |   |   |--- feature_12 <= 15.30
|   |   |   |   |   |   |   |--- feature_11 <= 6.75
|   |   |   |   |   |   |   |   |--- class: negative
|   |   |   |   |   |   |   |--- feature_11 >  6.75
|   |   |   |   |   |   |   |   |--- class: positive
|   |   |   |   |   |   |--- feature_12 >  15.30
|   |   |   |   |   |   |   |--- class: negative
|   |   |   |   |   |--- feature_9 >  4.61
|   |   |   |   |   |   |--- feature_24 <= 1.00
|   |   |   |   |   |   |   |--- feature_24 <= 0.00
|   |   |   |   |   |   |   |   |--- feature_1 <= 63.50
|   |   |   |   |   |   |   |   |   |--- feature_29 <= 0.99
|   |   |   |   |   |   |   |   |   |   |--- feature_38 <= 1.00
|   |   |   |   |   |   |   |   |   |   |   |--- truncated branch of depth 14
|   |   |   |   |   |   |   |   |   |   |--- feature_38 >  1.00
|   |   |   |   |   |   |   |   |   |   |   |--- truncated branch of depth 10
|   |   |   |   |   |   |   |   |   |--- feature_29 >  0.99
|   |   |   |   |   |   |   |   |   |   |--- feature_12 <= 13.39
|   |   |   |   |   |   |   |   |   |   |   |--- truncated branch of depth 5
|   |   |   |   |   |   |   |   |   |   |--- feature_12 >  13.39
|   |   |   |   |   |   |   |   |   |   |   |--- truncated branch of depth 3
|   |   |   |   |   |   |   |   |--- feature_1 >  63.50
|   |   |   |   |   |   |   |   |   |--- feature_17 <= 0.00
|   |   |   |   |   |   |   |   |   |   |--- feature_2 <= 3.50
|   |   |   |   |   |   |   |   |   |   |   |--- truncated branch of depth 4
|   |   |   |   |   |   |   |   |   |   |--- feature_2 >  3.50
|   |   |   |   |   |   |   |   |   |   |   |--- truncated branch of depth 9
|   |   |   |   |   |   |   |   |   |--- feature_17 >  0.00
|   |   |   |   |   |   |   |   |   |   |--- feature_17 <= 1.00
|   |   |   |   |   |   |   |   |   |   |   |--- class: positive
|   |   |   |   |   |   |   |   |   |   |--- feature_17 >  1.00
|   |   |   |   |   |   |   |   |   |   |   |--- truncated branch of depth 8
|   |   |   |   |   |   |   |--- feature_24 >  0.00
|   |   |   |   |   |   |   |   |--- class: positive
|   |   |   |   |   |   |--- feature_24 >  1.00
|   |   |   |   |   |   |   |--- feature_13 <= 7.99
|   |   |   |   |   |   |   |   |--- feature_9 <= 27.39
|   |   |   |   |   |   |   |   |   |--- feature_2 <= 0.50
|   |   |   |   |   |   |   |   |   |   |--- feature_29 <= 0.04
|   |   |   |   |   |   |   |   |   |   |   |--- truncated branch of depth 4
|   |   |   |   |   |   |   |   |   |   |--- feature_29 >  0.04
|   |   |   |   |   |   |   |   |   |   |   |--- class: positive
|   |   |   |   |   |   |   |   |   |--- feature_2 >  0.50
|   |   |   |   |   |   |   |   |   |   |--- feature_1 <= 391.50
|   |   |   |   |   |   |   |   |   |   |   |--- truncated branch of depth 8
|   |   |   |   |   |   |   |   |   |   |--- feature_1 >  391.50
|   |   |   |   |   |   |   |   |   |   |   |--- truncated branch of depth 4
|   |   |   |   |   |   |   |   |--- feature_9 >  27.39
|   |   |   |   |   |   |   |   |   |--- class: negative
|   |   |   |   |   |   |   |--- feature_13 >  7.99
|   |   |   |   |   |   |   |   |--- feature_0 <= 1947.50
|   |   |   |   |   |   |   |   |   |--- feature_12 <= 24.75
|   |   |   |   |   |   |   |   |   |   |--- feature_11 <= 7.25
|   |   |   |   |   |   |   |   |   |   |   |--- class: negative
|   |   |   |   |   |   |   |   |   |   |--- feature_11 >  7.25
|   |   |   |   |   |   |   |   |   |   |   |--- class: positive
|   |   |   |   |   |   |   |   |   |--- feature_12 >  24.75
|   |   |   |   |   |   |   |   |   |   |--- class: negative
|   |   |   |   |   |   |   |   |--- feature_0 >  1947.50
|   |   |   |   |   |   |   |   |   |--- feature_1 <= 12.00
|   |   |   |   |   |   |   |   |   |   |--- class: positive
|   |   |   |   |   |   |   |   |   |--- feature_1 >  12.00
|   |   |   |   |   |   |   |   |   |   |--- class: negative
|   |   |   |--- feature_23 >  0.00
|   |   |   |   |--- feature_23 <= 1.00
|   |   |   |   |   |--- class: positive
|   |   |   |   |--- feature_23 >  1.00
|   |   |   |   |   |--- feature_53 <= 0.00
|   |   |   |   |   |   |--- feature_11 <= 7.30
|   |   |   |   |   |   |   |--- feature_38 <= 1.00
|   |   |   |   |   |   |   |   |--- feature_38 <= 0.00
|   |   |   |   |   |   |   |   |   |--- feature_10 <= 9.07
|   |   |   |   |   |   |   |   |   |   |--- feature_9 <= 7.60
|   |   |   |   |   |   |   |   |   |   |   |--- truncated branch of depth 3
|   |   |   |   |   |   |   |   |   |   |--- feature_9 >  7.60
|   |   |   |   |   |   |   |   |   |   |   |--- truncated branch of depth 3
|   |   |   |   |   |   |   |   |   |--- feature_10 >  9.07
|   |   |   |   |   |   |   |   |   |   |--- feature_11 <= 7.21
|   |   |   |   |   |   |   |   |   |   |   |--- truncated branch of depth 5
|   |   |   |   |   |   |   |   |   |   |--- feature_11 >  7.21
|   |   |   |   |   |   |   |   |   |   |   |--- class: positive
|   |   |   |   |   |   |   |   |--- feature_38 >  0.00
|   |   |   |   |   |   |   |   |   |--- class: positive
|   |   |   |   |   |   |   |--- feature_38 >  1.00
|   |   |   |   |   |   |   |   |--- feature_11 <= 4.60
|   |   |   |   |   |   |   |   |   |--- feature_13 <= 4.99
|   |   |   |   |   |   |   |   |   |   |--- feature_13 <= 4.11
|   |   |   |   |   |   |   |   |   |   |   |--- truncated branch of depth 4
|   |   |   |   |   |   |   |   |   |   |--- feature_13 >  4.11
|   |   |   |   |   |   |   |   |   |   |   |--- class: positive
|   |   |   |   |   |   |   |   |   |--- feature_13 >  4.99
|   |   |   |   |   |   |   |   |   |   |--- feature_50 <= 0.98
|   |   |   |   |   |   |   |   |   |   |   |--- truncated branch of depth 3
|   |   |   |   |   |   |   |   |   |   |--- feature_50 >  0.98
|   |   |   |   |   |   |   |   |   |   |   |--- truncated branch of depth 5
|   |   |   |   |   |   |   |   |--- feature_11 >  4.60
|   |   |   |   |   |   |   |   |   |--- feature_14 <= 1.50
|   |   |   |   |   |   |   |   |   |   |--- feature_11 <= 4.80
|   |   |   |   |   |   |   |   |   |   |   |--- truncated branch of depth 7
|   |   |   |   |   |   |   |   |   |   |--- feature_11 >  4.80
|   |   |   |   |   |   |   |   |   |   |   |--- class: positive
|   |   |   |   |   |   |   |   |   |--- feature_14 >  1.50
|   |   |   |   |   |   |   |   |   |   |--- feature_13 <= 5.00
|   |   |   |   |   |   |   |   |   |   |   |--- truncated branch of depth 13
|   |   |   |   |   |   |   |   |   |   |--- feature_13 >  5.00
|   |   |   |   |   |   |   |   |   |   |   |--- truncated branch of depth 13
|   |   |   |   |   |   |--- feature_11 >  7.30
|   |   |   |   |   |   |   |--- feature_13 <= 8.03
|   |   |   |   |   |   |   |   |--- feature_2 <= -0.50
|   |   |   |   |   |   |   |   |   |--- feature_12 <= 24.55
|   |   |   |   |   |   |   |   |   |   |--- feature_1 <= 9.50
|   |   |   |   |   |   |   |   |   |   |   |--- class: positive
|   |   |   |   |   |   |   |   |   |   |--- feature_1 >  9.50
|   |   |   |   |   |   |   |   |   |   |   |--- truncated branch of depth 6
|   |   |   |   |   |   |   |   |   |--- feature_12 >  24.55
|   |   |   |   |   |   |   |   |   |   |--- class: negative
|   |   |   |   |   |   |   |   |--- feature_2 >  -0.50
|   |   |   |   |   |   |   |   |   |--- feature_11 <= 7.77
|   |   |   |   |   |   |   |   |   |   |--- feature_10 <= 19.05
|   |   |   |   |   |   |   |   |   |   |   |--- truncated branch of depth 5
|   |   |   |   |   |   |   |   |   |   |--- feature_10 >  19.05
|   |   |   |   |   |   |   |   |   |   |   |--- truncated branch of depth 6
|   |   |   |   |   |   |   |   |   |--- feature_11 >  7.77
|   |   |   |   |   |   |   |   |   |   |--- feature_13 <= 4.72
|   |   |   |   |   |   |   |   |   |   |   |--- truncated branch of depth 2
|   |   |   |   |   |   |   |   |   |   |--- feature_13 >  4.72
|   |   |   |   |   |   |   |   |   |   |   |--- truncated branch of depth 6
|   |   |   |   |   |   |   |--- feature_13 >  8.03
|   |   |   |   |   |   |   |   |--- feature_0 <= 1922.50
|   |   |   |   |   |   |   |   |   |--- class: negative
|   |   |   |   |   |   |   |   |--- feature_0 >  1922.50
|   |   |   |   |   |   |   |   |   |--- feature_1 <= 41.00
|   |   |   |   |   |   |   |   |   |   |--- class: negative
|   |   |   |   |   |   |   |   |   |--- feature_1 >  41.00
|   |   |   |   |   |   |   |   |   |   |--- class: positive
|   |   |   |   |   |--- feature_53 >  0.00
|   |   |   |   |   |   |--- feature_12 <= 0.01
|   |   |   |   |   |   |   |--- feature_1 <= 42.50
|   |   |   |   |   |   |   |   |--- feature_13 <= 7.00
|   |   |   |   |   |   |   |   |   |--- class: negative
|   |   |   |   |   |   |   |   |--- feature_13 >  7.00
|   |   |   |   |   |   |   |   |   |--- feature_0 <= 1915.00
|   |   |   |   |   |   |   |   |   |   |--- class: negative
|   |   |   |   |   |   |   |   |   |--- feature_0 >  1915.00
|   |   |   |   |   |   |   |   |   |   |--- feature_9 <= 16.75
|   |   |   |   |   |   |   |   |   |   |   |--- class: positive
|   |   |   |   |   |   |   |   |   |   |--- feature_9 >  16.75
|   |   |   |   |   |   |   |   |   |   |   |--- class: negative
|   |   |   |   |   |   |   |--- feature_1 >  42.50
|   |   |   |   |   |   |   |   |--- feature_1 <= 48.50
|   |   |   |   |   |   |   |   |   |--- class: positive
|   |   |   |   |   |   |   |   |--- feature_1 >  48.50
|   |   |   |   |   |   |   |   |   |--- feature_10 <= 25.60
|   |   |   |   |   |   |   |   |   |   |--- feature_9 <= 21.20
|   |   |   |   |   |   |   |   |   |   |   |--- class: negative
|   |   |   |   |   |   |   |   |   |   |--- feature_9 >  21.20
|   |   |   |   |   |   |   |   |   |   |   |--- class: positive
|   |   |   |   |   |   |   |   |   |--- feature_10 >  25.60
|   |   |   |   |   |   |   |   |   |   |--- class: negative
|   |   |   |   |   |   |--- feature_12 >  0.01
|   |   |   |   |   |   |   |--- feature_9 <= 27.39
|   |   |   |   |   |   |   |   |--- feature_53 <= 1.00
|   |   |   |   |   |   |   |   |   |--- class: positive
|   |   |   |   |   |   |   |   |--- feature_53 >  1.00
|   |   |   |   |   |   |   |   |   |--- feature_12 <= 17.99
|   |   |   |   |   |   |   |   |   |   |--- feature_10 <= 11.31
|   |   |   |   |   |   |   |   |   |   |   |--- truncated branch of depth 2
|   |   |   |   |   |   |   |   |   |   |--- feature_10 >  11.31
|   |   |   |   |   |   |   |   |   |   |   |--- truncated branch of depth 13
|   |   |   |   |   |   |   |   |   |--- feature_12 >  17.99
|   |   |   |   |   |   |   |   |   |   |--- feature_14 <= 1.50
|   |   |   |   |   |   |   |   |   |   |   |--- truncated branch of depth 4
|   |   |   |   |   |   |   |   |   |   |--- feature_14 >  1.50
|   |   |   |   |   |   |   |   |   |   |   |--- class: negative
|   |   |   |   |   |   |   |--- feature_9 >  27.39
|   |   |   |   |   |   |   |   |--- feature_11 <= 5.60
|   |   |   |   |   |   |   |   |   |--- class: negative
|   |   |   |   |   |   |   |   |--- feature_11 >  5.60
|   |   |   |   |   |   |   |   |   |--- feature_12 <= 15.12
|   |   |   |   |   |   |   |   |   |   |--- class: positive
|   |   |   |   |   |   |   |   |   |--- feature_12 >  15.12
|   |   |   |   |   |   |   |   |   |   |--- feature_12 <= 28.35
|   |   |   |   |   |   |   |   |   |   |   |--- class: negative
|   |   |   |   |   |   |   |   |   |   |--- feature_12 >  28.35
|   |   |   |   |   |   |   |   |   |   |   |--- truncated branch of depth 3
|   |   |--- feature_49 >  0.00
|   |   |   |--- class: positive
|   |--- feature_49 >  1.00
|   |   |--- feature_29 <= 0.02
|   |   |   |--- feature_1 <= 40.50
|   |   |   |   |--- feature_15 <= 18.00
|   |   |   |   |   |--- feature_14 <= 1.50
|   |   |   |   |   |   |--- feature_1 <= 22.50
|   |   |   |   |   |   |   |--- class: negative
|   |   |   |   |   |   |--- feature_1 >  22.50
|   |   |   |   |   |   |   |--- class: positive
|   |   |   |   |   |--- feature_14 >  1.50
|   |   |   |   |   |   |--- class: negative
|   |   |   |   |--- feature_15 >  18.00
|   |   |   |   |   |--- feature_12 <= 17.60
|   |   |   |   |   |   |--- feature_11 <= 8.90
|   |   |   |   |   |   |   |--- feature_10 <= 10.85
|   |   |   |   |   |   |   |   |--- class: negative
|   |   |   |   |   |   |   |--- feature_10 >  10.85
|   |   |   |   |   |   |   |   |--- feature_10 <= 11.45
|   |   |   |   |   |   |   |   |   |--- feature_1 <= 12.50
|   |   |   |   |   |   |   |   |   |   |--- class: negative
|   |   |   |   |   |   |   |   |   |--- feature_1 >  12.50
|   |   |   |   |   |   |   |   |   |   |--- class: positive
|   |   |   |   |   |   |   |   |--- feature_10 >  11.45
|   |   |   |   |   |   |   |   |   |--- class: negative
|   |   |   |   |   |   |--- feature_11 >  8.90
|   |   |   |   |   |   |   |--- class: positive
|   |   |   |   |   |--- feature_12 >  17.60
|   |   |   |   |   |   |--- class: negative
|   |   |   |--- feature_1 >  40.50
|   |   |   |   |--- feature_11 <= 7.30
|   |   |   |   |   |--- feature_11 <= 6.20
|   |   |   |   |   |   |--- feature_14 <= 1.50
|   |   |   |   |   |   |   |--- feature_13 <= 3.56
|   |   |   |   |   |   |   |   |--- class: negative
|   |   |   |   |   |   |   |--- feature_13 >  3.56
|   |   |   |   |   |   |   |   |--- class: positive
|   |   |   |   |   |   |--- feature_14 >  1.50
|   |   |   |   |   |   |   |--- feature_12 <= 21.15
|   |   |   |   |   |   |   |   |--- feature_18 <= 0.50
|   |   |   |   |   |   |   |   |   |--- class: negative
|   |   |   |   |   |   |   |   |--- feature_18 >  0.50
|   |   |   |   |   |   |   |   |   |--- feature_10 <= 13.10
|   |   |   |   |   |   |   |   |   |   |--- class: positive
|   |   |   |   |   |   |   |   |   |--- feature_10 >  13.10
|   |   |   |   |   |   |   |   |   |   |--- class: negative
|   |   |   |   |   |   |   |--- feature_12 >  21.15
|   |   |   |   |   |   |   |   |--- feature_1 <= 225.00
|   |   |   |   |   |   |   |   |   |--- class: negative
|   |   |   |   |   |   |   |   |--- feature_1 >  225.00
|   |   |   |   |   |   |   |   |   |--- feature_10 <= 19.20
|   |   |   |   |   |   |   |   |   |   |--- class: negative
|   |   |   |   |   |   |   |   |   |--- feature_10 >  19.20
|   |   |   |   |   |   |   |   |   |   |--- class: positive
|   |   |   |   |   |--- feature_11 >  6.20
|   |   |   |   |   |   |--- feature_1 <= 60.00
|   |   |   |   |   |   |   |--- class: negative
|   |   |   |   |   |   |--- feature_1 >  60.00
|   |   |   |   |   |   |   |--- feature_0 <= 1926.50
|   |   |   |   |   |   |   |   |--- class: negative
|   |   |   |   |   |   |   |--- feature_0 >  1926.50
|   |   |   |   |   |   |   |   |--- feature_13 <= 7.89
|   |   |   |   |   |   |   |   |   |--- feature_12 <= 26.04
|   |   |   |   |   |   |   |   |   |   |--- class: positive
|   |   |   |   |   |   |   |   |   |--- feature_12 >  26.04
|   |   |   |   |   |   |   |   |   |   |--- feature_9 <= 4.33
|   |   |   |   |   |   |   |   |   |   |   |--- class: negative
|   |   |   |   |   |   |   |   |   |   |--- feature_9 >  4.33
|   |   |   |   |   |   |   |   |   |   |   |--- truncated branch of depth 2
|   |   |   |   |   |   |   |   |--- feature_13 >  7.89
|   |   |   |   |   |   |   |   |   |--- feature_8 <= 4.50
|   |   |   |   |   |   |   |   |   |   |--- class: negative
|   |   |   |   |   |   |   |   |   |--- feature_8 >  4.50
|   |   |   |   |   |   |   |   |   |   |--- class: positive
|   |   |   |   |--- feature_11 >  7.30
|   |   |   |   |   |--- feature_1 <= 326.00
|   |   |   |   |   |   |--- feature_10 <= 36.50
|   |   |   |   |   |   |   |--- class: negative
|   |   |   |   |   |   |--- feature_10 >  36.50
|   |   |   |   |   |   |   |--- feature_0 <= 1956.50
|   |   |   |   |   |   |   |   |--- feature_1 <= 187.50
|   |   |   |   |   |   |   |   |   |--- feature_0 <= 1953.50
|   |   |   |   |   |   |   |   |   |   |--- class: negative
|   |   |   |   |   |   |   |   |   |--- feature_0 >  1953.50
|   |   |   |   |   |   |   |   |   |   |--- feature_10 <= 49.75
|   |   |   |   |   |   |   |   |   |   |   |--- truncated branch of depth 2
|   |   |   |   |   |   |   |   |   |   |--- feature_10 >  49.75
|   |   |   |   |   |   |   |   |   |   |   |--- truncated branch of depth 2
|   |   |   |   |   |   |   |   |--- feature_1 >  187.50
|   |   |   |   |   |   |   |   |   |--- class: negative
|   |   |   |   |   |   |   |--- feature_0 >  1956.50
|   |   |   |   |   |   |   |   |--- class: negative
|   |   |   |   |   |--- feature_1 >  326.00
|   |   |   |   |   |   |--- feature_38 <= 0.00
|   |   |   |   |   |   |   |--- feature_11 <= 7.35
|   |   |   |   |   |   |   |   |--- feature_0 <= 1961.50
|   |   |   |   |   |   |   |   |   |--- feature_10 <= 33.70
|   |   |   |   |   |   |   |   |   |   |--- feature_10 <= 30.05
|   |   |   |   |   |   |   |   |   |   |   |--- class: negative
|   |   |   |   |   |   |   |   |   |   |--- feature_10 >  30.05
|   |   |   |   |   |   |   |   |   |   |   |--- truncated branch of depth 2
|   |   |   |   |   |   |   |   |   |--- feature_10 >  33.70
|   |   |   |   |   |   |   |   |   |   |--- class: negative
|   |   |   |   |   |   |   |   |--- feature_0 >  1961.50
|   |   |   |   |   |   |   |   |   |--- class: positive
|   |   |   |   |   |   |   |--- feature_11 >  7.35
|   |   |   |   |   |   |   |   |--- class: negative
|   |   |   |   |   |   |--- feature_38 >  0.00
|   |   |   |   |   |   |   |--- feature_30 <= 0.11
|   |   |   |   |   |   |   |   |--- feature_9 <= 5.85
|   |   |   |   |   |   |   |   |   |--- feature_1 <= 521.00
|   |   |   |   |   |   |   |   |   |   |--- class: negative
|   |   |   |   |   |   |   |   |   |--- feature_1 >  521.00
|   |   |   |   |   |   |   |   |   |   |--- class: positive
|   |   |   |   |   |   |   |   |--- feature_9 >  5.85
|   |   |   |   |   |   |   |   |   |--- class: negative
|   |   |   |   |   |   |   |--- feature_30 >  0.11
|   |   |   |   |   |   |   |   |--- class: positive
|   |   |--- feature_29 >  0.02
|   |   |   |--- feature_29 <= 0.98
|   |   |   |   |--- class: positive
|   |   |   |--- feature_29 >  0.98
|   |   |   |   |--- feature_12 <= 21.62
|   |   |   |   |   |--- feature_10 <= 12.77
|   |   |   |   |   |   |--- class: positive
|   |   |   |   |   |--- feature_10 >  12.77
|   |   |   |   |   |   |--- feature_1 <= 30.00
|   |   |   |   |   |   |   |--- class: negative
|   |   |   |   |   |   |--- feature_1 >  30.00
|   |   |   |   |   |   |   |--- class: positive
|   |   |   |   |--- feature_12 >  21.62
|   |   |   |   |   |--- class: negative
|--- feature_12 >  32.40
|   |--- feature_49 <= 1.00
|   |   |--- feature_49 <= 0.00
|   |   |   |--- feature_38 <= 0.00
|   |   |   |   |--- feature_1 <= 50.50
|   |   |   |   |   |--- feature_0 <= 1929.50
|   |   |   |   |   |   |--- feature_0 <= 1925.50
|   |   |   |   |   |   |   |--- class: negative
|   |   |   |   |   |   |--- feature_0 >  1925.50
|   |   |   |   |   |   |   |--- feature_12 <= 41.97
|   |   |   |   |   |   |   |   |--- class: positive
|   |   |   |   |   |   |   |--- feature_12 >  41.97
|   |   |   |   |   |   |   |   |--- class: negative
|   |   |   |   |   |--- feature_0 >  1929.50
|   |   |   |   |   |   |--- feature_11 <= 6.80
|   |   |   |   |   |   |   |--- feature_10 <= 21.35
|   |   |   |   |   |   |   |   |--- class: negative
|   |   |   |   |   |   |   |--- feature_10 >  21.35
|   |   |   |   |   |   |   |   |--- feature_0 <= 1935.00
|   |   |   |   |   |   |   |   |   |--- class: positive
|   |   |   |   |   |   |   |   |--- feature_0 >  1935.00
|   |   |   |   |   |   |   |   |   |--- feature_10 <= 23.35
|   |   |   |   |   |   |   |   |   |   |--- class: positive
|   |   |   |   |   |   |   |   |   |--- feature_10 >  23.35
|   |   |   |   |   |   |   |   |   |   |--- class: negative
|   |   |   |   |   |   |--- feature_11 >  6.80
|   |   |   |   |   |   |   |--- class: negative
|   |   |   |   |--- feature_1 >  50.50
|   |   |   |   |   |--- feature_51 <= 0.01
|   |   |   |   |   |   |--- feature_10 <= 17.68
|   |   |   |   |   |   |   |--- feature_24 <= 0.02
|   |   |   |   |   |   |   |   |--- feature_11 <= 6.65
|   |   |   |   |   |   |   |   |   |--- feature_10 <= 8.95
|   |   |   |   |   |   |   |   |   |   |--- feature_10 <= 8.20
|   |   |   |   |   |   |   |   |   |   |   |--- class: negative
|   |   |   |   |   |   |   |   |   |   |--- feature_10 >  8.20
|   |   |   |   |   |   |   |   |   |   |   |--- class: positive
|   |   |   |   |   |   |   |   |   |--- feature_10 >  8.95
|   |   |   |   |   |   |   |   |   |   |--- class: negative
|   |   |   |   |   |   |   |   |--- feature_11 >  6.65
|   |   |   |   |   |   |   |   |   |--- class: negative
|   |   |   |   |   |   |   |--- feature_24 >  0.02
|   |   |   |   |   |   |   |   |--- feature_24 <= 0.99
|   |   |   |   |   |   |   |   |   |--- class: positive
|   |   |   |   |   |   |   |   |--- feature_24 >  0.99
|   |   |   |   |   |   |   |   |   |--- feature_2 <= 16.00
|   |   |   |   |   |   |   |   |   |   |--- class: negative
|   |   |   |   |   |   |   |   |   |--- feature_2 >  16.00
|   |   |   |   |   |   |   |   |   |   |--- class: positive
|   |   |   |   |   |   |--- feature_10 >  17.68
|   |   |   |   |   |   |   |--- feature_2 <= 8.50
|   |   |   |   |   |   |   |   |--- feature_33 <= 0.56
|   |   |   |   |   |   |   |   |   |--- feature_8 <= 3.50
|   |   |   |   |   |   |   |   |   |   |--- feature_11 <= 15.40
|   |   |   |   |   |   |   |   |   |   |   |--- truncated branch of depth 7
|   |   |   |   |   |   |   |   |   |   |--- feature_11 >  15.40
|   |   |   |   |   |   |   |   |   |   |   |--- truncated branch of depth 2
|   |   |   |   |   |   |   |   |   |--- feature_8 >  3.50
|   |   |   |   |   |   |   |   |   |   |--- class: negative
|   |   |   |   |   |   |   |   |--- feature_33 >  0.56
|   |   |   |   |   |   |   |   |   |--- class: negative
|   |   |   |   |   |   |   |--- feature_2 >  8.50
|   |   |   |   |   |   |   |   |--- class: negative
|   |   |   |   |   |--- feature_51 >  0.01
|   |   |   |   |   |   |--- feature_50 <= 0.00
|   |   |   |   |   |   |   |--- feature_7 <= 0.50
|   |   |   |   |   |   |   |   |--- feature_12 <= 34.10
|   |   |   |   |   |   |   |   |   |--- feature_1 <= 1221.00
|   |   |   |   |   |   |   |   |   |   |--- class: negative
|   |   |   |   |   |   |   |   |   |--- feature_1 >  1221.00
|   |   |   |   |   |   |   |   |   |   |--- class: positive
|   |   |   |   |   |   |   |   |--- feature_12 >  34.10
|   |   |   |   |   |   |   |   |   |--- feature_2 <= 0.50
|   |   |   |   |   |   |   |   |   |   |--- feature_1 <= 184.50
|   |   |   |   |   |   |   |   |   |   |   |--- class: negative
|   |   |   |   |   |   |   |   |   |   |--- feature_1 >  184.50
|   |   |   |   |   |   |   |   |   |   |   |--- truncated branch of depth 2
|   |   |   |   |   |   |   |   |   |--- feature_2 >  0.50
|   |   |   |   |   |   |   |   |   |   |--- class: negative
|   |   |   |   |   |   |   |--- feature_7 >  0.50
|   |   |   |   |   |   |   |   |--- feature_18 <= 0.03
|   |   |   |   |   |   |   |   |   |--- class: negative
|   |   |   |   |   |   |   |   |--- feature_18 >  0.03
|   |   |   |   |   |   |   |   |   |--- feature_18 <= 0.97
|   |   |   |   |   |   |   |   |   |   |--- class: positive
|   |   |   |   |   |   |   |   |   |--- feature_18 >  0.97
|   |   |   |   |   |   |   |   |   |   |--- feature_0 <= 1949.50
|   |   |   |   |   |   |   |   |   |   |   |--- class: positive
|   |   |   |   |   |   |   |   |   |   |--- feature_0 >  1949.50
|   |   |   |   |   |   |   |   |   |   |   |--- truncated branch of depth 3
|   |   |   |   |   |   |--- feature_50 >  0.00
|   |   |   |   |   |   |   |--- class: positive
|   |   |   |--- feature_38 >  0.00
|   |   |   |   |--- feature_38 <= 0.99
|   |   |   |   |   |--- class: positive
|   |   |   |   |--- feature_38 >  0.99
|   |   |   |   |   |--- feature_23 <= 0.00
|   |   |   |   |   |   |--- feature_1 <= 7.50
|   |   |   |   |   |   |   |--- feature_51 <= 0.06
|   |   |   |   |   |   |   |   |--- feature_8 <= 1.50
|   |   |   |   |   |   |   |   |   |--- feature_0 <= 1937.50
|   |   |   |   |   |   |   |   |   |   |--- class: negative
|   |   |   |   |   |   |   |   |   |--- feature_0 >  1937.50
|   |   |   |   |   |   |   |   |   |   |--- class: positive
|   |   |   |   |   |   |   |   |--- feature_8 >  1.50
|   |   |   |   |   |   |   |   |   |--- class: negative
|   |   |   |   |   |   |   |--- feature_51 >  0.06
|   |   |   |   |   |   |   |   |--- class: positive
|   |   |   |   |   |   |--- feature_1 >  7.50
|   |   |   |   |   |   |   |--- feature_12 <= 45.20
|   |   |   |   |   |   |   |   |--- feature_7 <= 12.50
|   |   |   |   |   |   |   |   |   |--- feature_2 <= 0.50
|   |   |   |   |   |   |   |   |   |   |--- feature_12 <= 44.75
|   |   |   |   |   |   |   |   |   |   |   |--- class: negative
|   |   |   |   |   |   |   |   |   |   |--- feature_12 >  44.75
|   |   |   |   |   |   |   |   |   |   |   |--- truncated branch of depth 2
|   |   |   |   |   |   |   |   |   |--- feature_2 >  0.50
|   |   |   |   |   |   |   |   |   |   |--- feature_9 <= 38.10
|   |   |   |   |   |   |   |   |   |   |   |--- truncated branch of depth 5
|   |   |   |   |   |   |   |   |   |   |--- feature_9 >  38.10
|   |   |   |   |   |   |   |   |   |   |   |--- truncated branch of depth 2
|   |   |   |   |   |   |   |   |--- feature_7 >  12.50
|   |   |   |   |   |   |   |   |   |--- feature_13 <= 8.50
|   |   |   |   |   |   |   |   |   |   |--- feature_13 <= 5.41
|   |   |   |   |   |   |   |   |   |   |   |--- class: negative
|   |   |   |   |   |   |   |   |   |   |--- feature_13 >  5.41
|   |   |   |   |   |   |   |   |   |   |   |--- truncated branch of depth 3
|   |   |   |   |   |   |   |   |   |--- feature_13 >  8.50
|   |   |   |   |   |   |   |   |   |   |--- class: positive
|   |   |   |   |   |   |   |--- feature_12 >  45.20
|   |   |   |   |   |   |   |   |--- class: negative
|   |   |   |   |   |--- feature_23 >  0.00
|   |   |   |   |   |   |--- feature_23 <= 1.00
|   |   |   |   |   |   |   |--- class: positive
|   |   |   |   |   |   |--- feature_23 >  1.00
|   |   |   |   |   |   |   |--- feature_11 <= 7.30
|   |   |   |   |   |   |   |   |--- feature_0 <= 1973.50
|   |   |   |   |   |   |   |   |   |--- feature_14 <= 1.50
|   |   |   |   |   |   |   |   |   |   |--- feature_1 <= 22.00
|   |   |   |   |   |   |   |   |   |   |   |--- truncated branch of depth 2
|   |   |   |   |   |   |   |   |   |   |--- feature_1 >  22.00
|   |   |   |   |   |   |   |   |   |   |   |--- truncated branch of depth 4
|   |   |   |   |   |   |   |   |   |--- feature_14 >  1.50
|   |   |   |   |   |   |   |   |   |   |--- feature_12 <= 42.16
|   |   |   |   |   |   |   |   |   |   |   |--- truncated branch of depth 7
|   |   |   |   |   |   |   |   |   |   |--- feature_12 >  42.16
|   |   |   |   |   |   |   |   |   |   |   |--- class: negative
|   |   |   |   |   |   |   |   |--- feature_0 >  1973.50
|   |   |   |   |   |   |   |   |   |--- feature_0 <= 1993.50
|   |   |   |   |   |   |   |   |   |   |--- feature_10 <= 9.11
|   |   |   |   |   |   |   |   |   |   |   |--- truncated branch of depth 3
|   |   |   |   |   |   |   |   |   |   |--- feature_10 >  9.11
|   |   |   |   |   |   |   |   |   |   |   |--- truncated branch of depth 12
|   |   |   |   |   |   |   |   |   |--- feature_0 >  1993.50
|   |   |   |   |   |   |   |   |   |   |--- class: negative
|   |   |   |   |   |   |   |--- feature_11 >  7.30
|   |   |   |   |   |   |   |   |--- feature_0 <= 1955.50
|   |   |   |   |   |   |   |   |   |--- feature_1 <= 1346.00
|   |   |   |   |   |   |   |   |   |   |--- feature_0 <= 1947.50
|   |   |   |   |   |   |   |   |   |   |   |--- truncated branch of depth 3
|   |   |   |   |   |   |   |   |   |   |--- feature_0 >  1947.50
|   |   |   |   |   |   |   |   |   |   |   |--- truncated branch of depth 6
|   |   |   |   |   |   |   |   |   |--- feature_1 >  1346.00
|   |   |   |   |   |   |   |   |   |   |--- feature_1 <= 1552.50
|   |   |   |   |   |   |   |   |   |   |   |--- class: positive
|   |   |   |   |   |   |   |   |   |   |--- feature_1 >  1552.50
|   |   |   |   |   |   |   |   |   |   |   |--- truncated branch of depth 2
|   |   |   |   |   |   |   |   |--- feature_0 >  1955.50
|   |   |   |   |   |   |   |   |   |--- feature_12 <= 95.30
|   |   |   |   |   |   |   |   |   |   |--- class: negative
|   |   |   |   |   |   |   |   |   |--- feature_12 >  95.30
|   |   |   |   |   |   |   |   |   |   |--- feature_1 <= 12.50
|   |   |   |   |   |   |   |   |   |   |   |--- truncated branch of depth 2
|   |   |   |   |   |   |   |   |   |   |--- feature_1 >  12.50
|   |   |   |   |   |   |   |   |   |   |   |--- class: negative
|   |   |--- feature_49 >  0.00
|   |   |   |--- class: positive
|   |--- feature_49 >  1.00
|   |   |--- feature_12 <= 37.97
|   |   |   |--- feature_1 <= 340.50
|   |   |   |   |--- feature_12 <= 37.87
|   |   |   |   |   |--- class: negative
|   |   |   |   |--- feature_12 >  37.87
|   |   |   |   |   |--- class: positive
|   |   |   |--- feature_1 >  340.50
|   |   |   |   |--- feature_1 <= 557.00
|   |   |   |   |   |--- feature_12 <= 32.41
|   |   |   |   |   |   |--- class: negative
|   |   |   |   |   |--- feature_12 >  32.41
|   |   |   |   |   |   |--- feature_0 <= 1954.50
|   |   |   |   |   |   |   |--- feature_18 <= 0.90
|   |   |   |   |   |   |   |   |--- class: positive
|   |   |   |   |   |   |   |--- feature_18 >  0.90
|   |   |   |   |   |   |   |   |--- class: negative
|   |   |   |   |   |   |--- feature_0 >  1954.50
|   |   |   |   |   |   |   |--- class: positive
|   |   |   |   |--- feature_1 >  557.00
|   |   |   |   |   |--- class: negative
|   |   |--- feature_12 >  37.97
|   |   |   |--- feature_12 <= 49.46
|   |   |   |   |--- feature_12 <= 49.26
|   |   |   |   |   |--- feature_13 <= 6.23
|   |   |   |   |   |   |--- class: negative
|   |   |   |   |   |--- feature_13 >  6.23
|   |   |   |   |   |   |--- feature_13 <= 6.73
|   |   |   |   |   |   |   |--- class: positive
|   |   |   |   |   |   |--- feature_13 >  6.73
|   |   |   |   |   |   |   |--- feature_12 <= 41.55
|   |   |   |   |   |   |   |   |--- feature_12 <= 40.57
|   |   |   |   |   |   |   |   |   |--- class: negative
|   |   |   |   |   |   |   |   |--- feature_12 >  40.57
|   |   |   |   |   |   |   |   |   |--- feature_10 <= 37.96
|   |   |   |   |   |   |   |   |   |   |--- feature_13 <= 7.51
|   |   |   |   |   |   |   |   |   |   |   |--- class: positive
|   |   |   |   |   |   |   |   |   |   |--- feature_13 >  7.51
|   |   |   |   |   |   |   |   |   |   |   |--- truncated branch of depth 2
|   |   |   |   |   |   |   |   |   |--- feature_10 >  37.96
|   |   |   |   |   |   |   |   |   |   |--- class: negative
|   |   |   |   |   |   |   |--- feature_12 >  41.55
|   |   |   |   |   |   |   |   |--- class: negative
|   |   |   |   |--- feature_12 >  49.26
|   |   |   |   |   |--- class: positive
|   |   |   |--- feature_12 >  49.46
|   |   |   |   |--- class: negative
