|--- feature_12 <= 32.40
|   |--- feature_49 <= 1.00
|   |   |--- feature_49 <= 0.00
|   |   |   |--- feature_24 <= 1.00
|   |   |   |   |--- feature_24 <= 0.00
|   |   |   |   |   |--- feature_12 <= 16.20
|   |   |   |   |   |   |--- feature_12 <= 0.00
|   |   |   |   |   |   |   |--- feature_1 <= 42.50
|   |   |   |   |   |   |   |   |--- feature_13 <= 7.00
|   |   |   |   |   |   |   |   |   |--- class: negative
|   |   |   |   |   |   |   |   |--- feature_13 >  7.00
|   |   |   |   |   |   |   |   |   |--- feature_1 <= 17.50
|   |   |   |   |   |   |   |   |   |   |--- class: negative
|   |   |   |   |   |   |   |   |   |--- feature_1 >  17.50
|   |   |   |   |   |   |   |   |   |   |--- feature_23 <= 0.50
|   |   |   |   |   |   |   |   |   |   |   |--- class: positive
|   |   |   |   |   |   |   |   |   |   |--- feature_23 >  0.50
|   |   |   |   |   |   |   |   |   |   |   |--- truncated branch of depth 3
|   |   |   |   |   |   |   |--- feature_1 >  42.50
|   |   |   |   |   |   |   |   |--- feature_1 <= 49.50
|   |   |   |   |   |   |   |   |   |--- feature_53 <= 0.50
|   |   |   |   |   |   |   |   |   |   |--- class: negative
|   |   |   |   |   |   |   |   |   |--- feature_53 >  0.50
|   |   |   |   |   |   |   |   |   |   |--- class: positive
|   |   |   |   |   |   |   |   |--- feature_1 >  49.50
|   |   |   |   |   |   |   |   |   |--- feature_13 <= 7.00
|   |   |   |   |   |   |   |   |   |   |--- feature_9 <= 16.30
|   |   |   |   |   |   |   |   |   |   |   |--- truncated branch of depth 3
|   |   |   |   |   |   |   |   |   |   |--- feature_9 >  16.30
|   |   |   |   |   |   |   |   |   |   |   |--- truncated branch of depth 3
|   |   |   |   |   |   |   |   |   |--- feature_13 >  7.00
|   |   |   |   |   |   |   |   |   |   |--- class: negative
|   |   |   |   |   |   |--- feature_12 >  0.00
|   |   |   |   |   |   |   |--- feature_13 <= 8.00
|   |   |   |   |   |   |   |   |--- feature_13 <= 5.00
|   |   |   |   |   |   |   |   |   |--- feature_53 <= 0.01
|   |   |   |   |   |   |   |   |   |   |--- feature_25 <= 0.00
|   |   |   |   |   |   |   |   |   |   |   |--- truncated branch of depth 15
|   |   |   |   |   |   |   |   |   |   |--- feature_25 >  0.00
|   |   |   |   |   |   |   |   |   |   |   |--- truncated branch of depth 11
|   |   |   |   |   |   |   |   |   |--- feature_53 >  0.01
|   |   |   |   |   |   |   |   |   |   |--- feature_53 <= 1.00
|   |   |   |   |   |   |   |   |   |   |   |--- class: positive
|   |   |   |   |   |   |   |   |   |   |--- feature_53 >  1.00
|   |   |   |   |   |   |   |   |   |   |   |--- truncated branch of depth 13
|   |   |   |   |   |   |   |   |--- feature_13 >  5.00
|   |   |   |   |   |   |   |   |   |--- feature_13 <= 6.00
|   |   |   |   |   |   |   |   |   |   |--- feature_13 <= 6.00
|   |   |   |   |   |   |   |   |   |   |   |--- class: positive
|   |   |   |   |   |   |   |   |   |   |--- feature_13 >  6.00
|   |   |   |   |   |   |   |   |   |   |   |--- truncated branch of depth 3
|   |   |   |   |   |   |   |   |   |--- feature_13 >  6.00
|   |   |   |   |   |   |   |   |   |   |--- feature_40 <= 0.50
|   |   |   |   |   |   |   |   |   |   |   |--- truncated branch of depth 3
|   |   |   |   |   |   |   |   |   |   |--- feature_40 >  0.50
|   |   |   |   |   |   |   |   |   |   |   |--- class: negative
|   |   |   |   |   |   |   |--- feature_13 >  8.00
|   |   |   |   |   |   |   |   |--- feature_0 <= 1934.50
|   |   |   |   |   |   |   |   |   |--- feature_9 <= 23.80
|   |   |   |   |   |   |   |   |   |   |--- feature_11 <= 4.30
|   |   |   |   |   |   |   |   |   |   |   |--- truncated branch of depth 5
|   |   |   |   |   |   |   |   |   |   |--- feature_11 >  4.30
|   |   |   |   |   |   |   |   |   |   |   |--- truncated branch of depth 16
|   |   |   |   |   |   |   |   |   |--- feature_9 >  23.80
|   |   |   |   |   |   |   |   |   |   |--- class: negative
|   |   |   |   |   |   |   |   |--- feature_0 >  1934.50
|   |   |   |   |   |   |   |   |   |--- feature_2 <= -0.50
|   |   |   |   |   |   |   |   |   |   |--- feature_1 <= 17.50
|   |   |   |   |   |   |   |   |   |   |   |--- truncated branch of depth 2
|   |   |   |   |   |   |   |   |   |   |--- feature_1 >  17.50
|   |   |   |   |   |   |   |   |   |   |   |--- truncated branch of depth 9
|   |   |   |   |   |   |   |   |   |--- feature_2 >  -0.50
|   |   |   |   |   |   |   |   |   |   |--- feature_10 <= 6.73
|   |   |   |   |   |   |   |   |   |   |   |--- truncated branch of depth 3
|   |   |   |   |   |   |   |   |   |   |--- feature_10 >  6.73
|   |   |   |   |   |   |   |   |   |   |   |--- truncated branch of depth 8
|   |   |   |   |   |--- feature_12 >  16.20
|   |   |   |   |   |   |--- feature_2 <= -0.50
|   |   |   |   |   |   |   |--- feature_11 <= 7.40
|   |   |   |   |   |   |   |   |--- feature_23 <= 0.00
|   |   |   |   |   |   |   |   |   |--- feature_9 <= 12.95
|   |   |   |   |   |   |   |   |   |   |--- feature_7 <= 32.50
|   |   |   |   |   |   |   |   |   |   |   |--- truncated branch of depth 12
|   |   |   |   |   |   |   |   |   |   |--- feature_7 >  32.50
|   |   |   |   |   |   |   |   |   |   |   |--- truncated branch of depth 4
|   |   |   |   |   |   |   |   |   |--- feature_9 >  12.95
|   |   |   |   |   |   |   |   |   |   |--- class: negative
|   |   |   |   |   |   |   |   |--- feature_23 >  0.00
|   |   |   |   |   |   |   |   |   |--- feature_23 <= 1.00
|   |   |   |   |   |   |   |   |   |   |--- class: positive
|   |   |   |   |   |   |   |   |   |--- feature_23 >  1.00
|   |   |   |   |   |   |   |   |   |   |--- feature_14 <= 1.50
|   |   |   |   |   |   |   |   |   |   |   |--- truncated branch of depth 12
|   |   |   |   |   |   |   |   |   |   |--- feature_14 >  1.50
|   |   |   |   |   |   |   |   |   |   |   |--- truncated branch of depth 12
|   |   |   |   |   |   |   |--- feature_11 >  7.40
|   |   |   |   |   |   |   |   |--- feature_11 <= 7.69
|   |   |   |   |   |   |   |   |   |--- feature_23 <= 0.84
|   |   |   |   |   |   |   |   |   |   |--- feature_1 <= 49.00
|   |   |   |   |   |   |   |   |   |   |   |--- class: negative
|   |   |   |   |   |   |   |   |   |   |--- feature_1 >  49.00
|   |   |   |   |   |   |   |   |   |   |   |--- truncated branch of depth 3
|   |   |   |   |   |   |   |   |   |--- feature_23 >  0.84
|   |   |   |   |   |   |   |   |   |   |--- class: negative
|   |   |   |   |   |   |   |   |--- feature_11 >  7.69
|   |   |   |   |   |   |   |   |   |--- class: negative
|   |   |   |   |   |   |--- feature_2 >  -0.50
|   |   |   |   |   |   |   |--- feature_9 <= 4.62
|   |   |   |   |   |   |   |   |--- class: negative
|   |   |   |   |   |   |   |--- feature_9 >  4.62
|   |   |   |   |   |   |   |   |--- feature_50 <= 0.00
|   |   |   |   |   |   |   |   |   |--- feature_17 <= 0.01
|   |   |   |   |   |   |   |   |   |   |--- feature_2 <= 9.50
|   |   |   |   |   |   |   |   |   |   |   |--- truncated branch of depth 10
|   |   |   |   |   |   |   |   |   |   |--- feature_2 >  9.50
|   |   |   |   |   |   |   |   |   |   |   |--- truncated branch of depth 3
|   |   |   |   |   |   |   |   |   |--- feature_17 >  0.01
|   |   |   |   |   |   |   |   |   |   |--- feature_17 <= 1.00
|   |   |   |   |   |   |   |   |   |   |   |--- class: positive
|   |   |   |   |   |   |   |   |   |   |--- feature_17 >  1.00
|   |   |   |   |   |   |   |   |   |   |   |--- truncated branch of depth 6
|   |   |   |   |   |   |   |   |--- feature_50 >  0.00
|   |   |   |   |   |   |   |   |   |--- feature_50 <= 1.00
|   |   |   |   |   |   |   |   |   |   |--- class: positive
|   |   |   |   |   |   |   |   |   |--- feature_50 >  1.00
|   |   |   |   |   |   |   |   |   |   |--- feature_1 <= 129.50
|   |   |   |   |   |   |   |   |   |   |   |--- truncated branch of depth 18
|   |   |   |   |   |   |   |   |   |   |--- feature_1 >  129.50
|   |   |   |   |   |   |   |   |   |   |   |--- truncated branch of depth 8
|   |   |   |   |--- feature_24 >  0.00
|   |   |   |   |   |--- class: positive
|   |   |   |--- feature_24 >  1.00
|   |   |   |   |--- feature_1 <= 201.50
|   |   |   |   |   |--- feature_29 <= 0.07
|   |   |   |   |   |   |--- feature_1 <= 149.50
|   |   |   |   |   |   |   |--- feature_0 <= 1937.00
|   |   |   |   |   |   |   |   |--- feature_10 <= 28.80
|   |   |   |   |   |   |   |   |   |--- class: negative
|   |   |   |   |   |   |   |   |--- feature_10 >  28.80
|   |   |   |   |   |   |   |   |   |--- feature_12 <= 6.75
|   |   |   |   |   |   |   |   |   |   |--- class: negative
|   |   |   |   |   |   |   |   |   |--- feature_12 >  6.75
|   |   |   |   |   |   |   |   |   |   |--- class: positive
|   |   |   |   |   |   |   |--- feature_0 >  1937.00
|   |   |   |   |   |   |   |   |--- feature_7 <= 42.50
|   |   |   |   |   |   |   |   |   |--- feature_13 <= 4.50
|   |   |   |   |   |   |   |   |   |   |--- feature_0 <= 1969.50
|   |   |   |   |   |   |   |   |   |   |   |--- class: negative
|   |   |   |   |   |   |   |   |   |   |--- feature_0 >  1969.50
|   |   |   |   |   |   |   |   |   |   |   |--- truncated branch of depth 2
|   |   |   |   |   |   |   |   |   |--- feature_13 >  4.50
|   |   |   |   |   |   |   |   |   |   |--- class: negative
|   |   |   |   |   |   |   |   |--- feature_7 >  42.50
|   |   |   |   |   |   |   |   |   |--- feature_11 <= 7.60
|   |   |   |   |   |   |   |   |   |   |--- class: negative
|   |   |   |   |   |   |   |   |   |--- feature_11 >  7.60
|   |   |   |   |   |   |   |   |   |   |--- class: positive
|   |   |   |   |   |   |--- feature_1 >  149.50
|   |   |   |   |   |   |   |--- feature_38 <= 0.31
|   |   |   |   |   |   |   |   |--- class: negative
|   |   |   |   |   |   |   |--- feature_38 >  0.31
|   |   |   |   |   |   |   |   |--- class: positive
|   |   |   |   |   |--- feature_29 >  0.07
|   |   |   |   |   |   |--- feature_0 <= 1970.50
|   |   |   |   |   |   |   |--- class: negative
|   |   |   |   |   |   |--- feature_0 >  1970.50
|   |   |   |   |   |   |   |--- class: positive
|   |   |   |   |--- feature_1 >  201.50
|   |   |   |   |   |--- feature_1 <= 369.50
|   |   |   |   |   |   |--- feature_15 <= 23.50
|   |   |   |   |   |   |   |--- feature_11 <= 7.89
|   |   |   |   |   |   |   |   |--- class: positive
|   |   |   |   |   |   |   |--- feature_11 >  7.89
|   |   |   |   |   |   |   |   |--- feature_8 <= 7.00
|   |   |   |   |   |   |   |   |   |--- class: negative
|   |   |   |   |   |   |   |   |--- feature_8 >  7.00
|   |   |   |   |   |   |   |   |   |--- class: positive
|   |   |   |   |   |   |--- feature_15 >  23.50
|   |   |   |   |   |   |   |--- feature_7 <= 0.50
|   |   |   |   |   |   |   |   |--- feature_12 <= 31.63
|   |   |   |   |   |   |   |   |   |--- feature_1 <= 351.00
|   |   |   |   |   |   |   |   |   |   |--- class: negative
|   |   |   |   |   |   |   |   |   |--- feature_1 >  351.00
|   |   |   |   |   |   |   |   |   |   |--- class: positive
|   |   |   |   |   |   |   |   |--- feature_12 >  31.63
|   |   |   |   |   |   |   |   |   |--- class: positive
|   |   |   |   |   |   |   |--- feature_7 >  0.50
|   |   |   |   |   |   |   |   |--- feature_7 <= 29.50
|   |   |   |   |   |   |   |   |   |--- class: positive
|   |   |   |   |   |   |   |   |--- feature_7 >  29.50
|   |   |   |   |   |   |   |   |   |--- feature_10 <= 68.90
|   |   |   |   |   |   |   |   |   |   |--- class: negative
|   |   |   |   |   |   |   |   |   |--- feature_10 >  68.90
|   |   |   |   |   |   |   |   |   |   |--- class: positive
|   |   |   |   |   |--- feature_1 >  369.50
|   |   |   |   |   |   |--- feature_12 <= 22.45
|   |   |   |   |   |   |   |--- feature_0 <= 1953.00
|   |   |   |   |   |   |   |   |--- class: negative
|   |   |   |   |   |   |   |--- feature_0 >  1953.00
|   |   |   |   |   |   |   |   |--- feature_1 <= 714.50
|   |   |   |   |   |   |   |   |   |--- class: positive
|   |   |   |   |   |   |   |   |--- feature_1 >  714.50
|   |   |   |   |   |   |   |   |   |--- feature_12 <= 19.10
|   |   |   |   |   |   |   |   |   |   |--- class: negative
|   |   |   |   |   |   |   |   |   |--- feature_12 >  19.10
|   |   |   |   |   |   |   |   |   |   |--- feature_9 <= 12.35
|   |   |   |   |   |   |   |   |   |   |   |--- class: negative
|   |   |   |   |   |   |   |   |   |   |--- feature_9 >  12.35
|   |   |   |   |   |   |   |   |   |   |   |--- class: positive
|   |   |   |   |   |   |--- feature_12 >  22.45
|   |   |   |   |   |   |   |--- feature_11 <= 6.91
|   |   |   |   |   |   |   |   |--- class: positive
|   |   |   |   |   |   |   |--- feature_11 >  6.91
|   |   |   |   |   |   |   |   |--- feature_12 <= 22.75
|   |   |   |   |   |   |   |   |   |--- feature_13 <= 5.50
|   |   |   |   |   |   |   |   |   |   |--- class: positive
|   |   |   |   |   |   |   |   |   |--- feature_13 >  5.50
|   |   |   |   |   |   |   |   |   |   |--- class: negative
|   |   |   |   |   |   |   |   |--- feature_12 >  22.75
|   |   |   |   |   |   |   |   |   |--- class: negative
|   |   |--- feature_49 >  0.00
|   |   |   |--- class: positive
|   |--- feature_49 >  1.00
|   |   |--- feature_1 <= 40.50
|   |   |   |--- feature_29 <= 0.14
|   |   |   |   |--- feature_15 <= 18.00
|   |   |   |   |   |--- feature_11 <= 4.75
|   |   |   |   |   |   |--- feature_1 <= 22.50
|   |   |   |   |   |   |   |--- class: negative
|   |   |   |   |   |   |--- feature_1 >  22.50
|   |   |   |   |   |   |   |--- class: positive
|   |   |   |   |   |--- feature_11 >  4.75
|   |   |   |   |   |   |--- class: negative
|   |   |   |   |--- feature_15 >  18.00
|   |   |   |   |   |--- feature_12 <= 17.60
|   |   |   |   |   |   |--- feature_11 <= 8.90
|   |   |   |   |   |   |   |--- feature_10 <= 10.85
|   |   |   |   |   |   |   |   |--- class: negative
|   |   |   |   |   |   |   |--- feature_10 >  10.85
|   |   |   |   |   |   |   |   |--- feature_10 <= 11.45
|   |   |   |   |   |   |   |   |   |--- feature_1 <= 12.50
|   |   |   |   |   |   |   |   |   |   |--- class: negative
|   |   |   |   |   |   |   |   |   |--- feature_1 >  12.50
|   |   |   |   |   |   |   |   |   |   |--- class: positive
|   |   |   |   |   |   |   |   |--- feature_10 >  11.45
|   |   |   |   |   |   |   |   |   |--- class: negative
|   |   |   |   |   |   |--- feature_11 >  8.90
|   |   |   |   |   |   |   |--- class: positive
|   |   |   |   |   |--- feature_12 >  17.60
|   |   |   |   |   |   |--- class: negative
|   |   |   |--- feature_29 >  0.14
|   |   |   |   |--- feature_11 <= 5.87
|   |   |   |   |   |--- class: positive
|   |   |   |   |--- feature_11 >  5.87
|   |   |   |   |   |--- feature_8 <= 1.50
|   |   |   |   |   |   |--- class: positive
|   |   |   |   |   |--- feature_8 >  1.50
|   |   |   |   |   |   |--- class: negative
|   |   |--- feature_1 >  40.50
|   |   |   |--- feature_11 <= 7.89
|   |   |   |   |--- feature_1 <= 460.00
|   |   |   |   |   |--- feature_11 <= 7.30
|   |   |   |   |   |   |--- feature_11 <= 7.20
|   |   |   |   |   |   |   |--- feature_13 <= 5.99
|   |   |   |   |   |   |   |   |--- feature_13 <= 5.00
|   |   |   |   |   |   |   |   |   |--- feature_0 <= 1919.50
|   |   |   |   |   |   |   |   |   |   |--- feature_2 <= -0.50
|   |   |   |   |   |   |   |   |   |   |   |--- class: positive
|   |   |   |   |   |   |   |   |   |   |--- feature_2 >  -0.50
|   |   |   |   |   |   |   |   |   |   |   |--- class: negative
|   |   |   |   |   |   |   |   |   |--- feature_0 >  1919.50
|   |   |   |   |   |   |   |   |   |   |--- feature_11 <= 6.15
|   |   |   |   |   |   |   |   |   |   |   |--- truncated branch of depth 4
|   |   |   |   |   |   |   |   |   |   |--- feature_11 >  6.15
|   |   |   |   |   |   |   |   |   |   |   |--- truncated branch of depth 4
|   |   |   |   |   |   |   |   |--- feature_13 >  5.00
|   |   |   |   |   |   |   |   |   |--- class: positive
|   |   |   |   |   |   |   |--- feature_13 >  5.99
|   |   |   |   |   |   |   |   |--- feature_12 <= 20.70
|   |   |   |   |   |   |   |   |   |--- feature_0 <= 1935.00
|   |   |   |   |   |   |   |   |   |   |--- class: negative
|   |   |   |   |   |   |   |   |   |--- feature_0 >  1935.00
|   |   |   |   |   |   |   |   |   |   |--- class: positive
|   |   |   |   |   |   |   |   |--- feature_12 >  20.70
|   |   |   |   |   |   |   |   |   |--- class: negative
|   |   |   |   |   |   |--- feature_11 >  7.20
|   |   |   |   |   |   |   |--- class: positive
|   |   |   |   |   |--- feature_11 >  7.30
|   |   |   |   |   |   |--- feature_10 <= 36.50
|   |   |   |   |   |   |   |--- class: negative
|   |   |   |   |   |   |--- feature_10 >  36.50
|   |   |   |   |   |   |   |--- feature_9 <= 10.30
|   |   |   |   |   |   |   |   |--- feature_2 <= 6.00
|   |   |   |   |   |   |   |   |   |--- class: positive
|   |   |   |   |   |   |   |   |--- feature_2 >  6.00
|   |   |   |   |   |   |   |   |   |--- class: negative
|   |   |   |   |   |   |   |--- feature_9 >  10.30
|   |   |   |   |   |   |   |   |--- feature_12 <= 21.15
|   |   |   |   |   |   |   |   |   |--- feature_0 <= 1955.50
|   |   |   |   |   |   |   |   |   |   |--- feature_1 <= 47.50
|   |   |   |   |   |   |   |   |   |   |   |--- class: negative
|   |   |   |   |   |   |   |   |   |   |--- feature_1 >  47.50
|   |   |   |   |   |   |   |   |   |   |   |--- truncated branch of depth 3
|   |   |   |   |   |   |   |   |   |--- feature_0 >  1955.50
|   |   |   |   |   |   |   |   |   |   |--- class: negative
|   |   |   |   |   |   |   |   |--- feature_12 >  21.15
|   |   |   |   |   |   |   |   |   |--- class: negative
|   |   |   |   |--- feature_1 >  460.00
|   |   |   |   |   |--- feature_10 <= 35.99
|   |   |   |   |   |   |--- feature_0 <= 1931.00
|   |   |   |   |   |   |   |--- class: negative
|   |   |   |   |   |   |--- feature_0 >  1931.00
|   |   |   |   |   |   |   |--- feature_12 <= 22.15
|   |   |   |   |   |   |   |   |--- class: negative
|   |   |   |   |   |   |   |--- feature_12 >  22.15
|   |   |   |   |   |   |   |   |--- feature_9 <= 14.25
|   |   |   |   |   |   |   |   |   |--- class: positive
|   |   |   |   |   |   |   |   |--- feature_9 >  14.25
|   |   |   |   |   |   |   |   |   |--- class: negative
|   |   |   |   |   |--- feature_10 >  35.99
|   |   |   |   |   |   |--- class: negative
|   |   |   |--- feature_11 >  7.89
|   |   |   |   |--- feature_17 <= 0.50
|   |   |   |   |   |--- class: negative
|   |   |   |   |--- feature_17 >  0.50
|   |   |   |   |   |--- feature_0 <= 1948.00
|   |   |   |   |   |   |--- class: negative
|   |   |   |   |   |--- feature_0 >  1948.00
|   |   |   |   |   |   |--- feature_12 <= 26.20
|   |   |   |   |   |   |   |--- class: positive
|   |   |   |   |   |   |--- feature_12 >  26.20
|   |   |   |   |   |   |   |--- class: negative
|--- feature_12 >  32.40
|   |--- feature_49 <= 1.00
|   |   |--- feature_49 <= 0.00
|   |   |   |--- feature_38 <= 0.00
|   |   |   |   |--- feature_51 <= 0.00
|   |   |   |   |   |--- feature_21 <= 0.01
|   |   |   |   |   |   |--- feature_9 <= 8.25
|   |   |   |   |   |   |   |--- feature_12 <= 46.20
|   |   |   |   |   |   |   |   |--- feature_33 <= 0.00
|   |   |   |   |   |   |   |   |   |--- feature_2 <= 15.00
|   |   |   |   |   |   |   |   |   |   |--- class: negative
|   |   |   |   |   |   |   |   |   |--- feature_2 >  15.00
|   |   |   |   |   |   |   |   |   |   |--- class: positive
|   |   |   |   |   |   |   |   |--- feature_33 >  0.00
|   |   |   |   |   |   |   |   |   |--- feature_0 <= 1984.50
|   |   |   |   |   |   |   |   |   |   |--- feature_33 <= 1.00
|   |   |   |   |   |   |   |   |   |   |   |--- class: positive
|   |   |   |   |   |   |   |   |   |   |--- feature_33 >  1.00
|   |   |   |   |   |   |   |   |   |   |   |--- truncated branch of depth 5
|   |   |   |   |   |   |   |   |   |--- feature_0 >  1984.50
|   |   |   |   |   |   |   |   |   |   |--- class: negative
|   |   |   |   |   |   |   |--- feature_12 >  46.20
|   |   |   |   |   |   |   |   |--- class: negative
|   |   |   |   |   |   |--- feature_9 >  8.25
|   |   |   |   |   |   |   |--- feature_9 <= 17.23
|   |   |   |   |   |   |   |   |--- feature_17 <= 0.50
|   |   |   |   |   |   |   |   |   |--- class: negative
|   |   |   |   |   |   |   |   |--- feature_17 >  0.50
|   |   |   |   |   |   |   |   |   |--- feature_0 <= 1931.00
|   |   |   |   |   |   |   |   |   |   |--- feature_33 <= 0.50
|   |   |   |   |   |   |   |   |   |   |   |--- class: negative
|   |   |   |   |   |   |   |   |   |   |--- feature_33 >  0.50
|   |   |   |   |   |   |   |   |   |   |   |--- class: positive
|   |   |   |   |   |   |   |   |   |--- feature_0 >  1931.00
|   |   |   |   |   |   |   |   |   |   |--- class: negative
|   |   |   |   |   |   |   |--- feature_9 >  17.23
|   |   |   |   |   |   |   |   |--- feature_2 <= 8.50
|   |   |   |   |   |   |   |   |   |--- feature_33 <= 0.50
|   |   |   |   |   |   |   |   |   |   |--- feature_24 <= 0.97
|   |   |   |   |   |   |   |   |   |   |   |--- truncated branch of depth 5
|   |   |   |   |   |   |   |   |   |   |--- feature_24 >  0.97
|   |   |   |   |   |   |   |   |   |   |   |--- truncated branch of depth 6
|   |   |   |   |   |   |   |   |   |--- feature_33 >  0.50
|   |   |   |   |   |   |   |   |   |   |--- feature_11 <= 6.65
|   |   |   |   |   |   |   |   |   |   |   |--- truncated branch of depth 3
|   |   |   |   |   |   |   |   |   |   |--- feature_11 >  6.65
|   |   |   |   |   |   |   |   |   |   |   |--- class: negative
|   |   |   |   |   |   |   |   |--- feature_2 >  8.50
|   |   |   |   |   |   |   |   |   |--- class: negative
|   |   |   |   |   |--- feature_21 >  0.01
|   |   |   |   |   |   |--- feature_21 <= 0.98
|   |   |   |   |   |   |   |--- class: positive
|   |   |   |   |   |   |--- feature_21 >  0.98
|   |   |   |   |   |   |   |--- class: negative
|   |   |   |   |--- feature_51 >  0.00
|   |   |   |   |   |--- feature_50 <= 0.01
|   |   |   |   |   |   |--- feature_7 <= 1.00
|   |   |   |   |   |   |   |--- feature_2 <= 3.00
|   |   |   |   |   |   |   |   |--- feature_1 <= 185.50
|   |   |   |   |   |   |   |   |   |--- class: negative
|   |   |   |   |   |   |   |   |--- feature_1 >  185.50
|   |   |   |   |   |   |   |   |   |--- feature_9 <= 19.66
|   |   |   |   |   |   |   |   |   |   |--- feature_1 <= 212.50
|   |   |   |   |   |   |   |   |   |   |   |--- class: positive
|   |   |   |   |   |   |   |   |   |   |--- feature_1 >  212.50
|   |   |   |   |   |   |   |   |   |   |   |--- truncated branch of depth 3
|   |   |   |   |   |   |   |   |   |--- feature_9 >  19.66
|   |   |   |   |   |   |   |   |   |   |--- feature_0 <= 1952.50
|   |   |   |   |   |   |   |   |   |   |   |--- class: positive
|   |   |   |   |   |   |   |   |   |   |--- feature_0 >  1952.50
|   |   |   |   |   |   |   |   |   |   |   |--- class: negative
|   |   |   |   |   |   |   |--- feature_2 >  3.00
|   |   |   |   |   |   |   |   |--- class: negative
|   |   |   |   |   |   |--- feature_7 >  1.00
|   |   |   |   |   |   |   |--- feature_1 <= 1089.00
|   |   |   |   |   |   |   |   |--- class: negative
|   |   |   |   |   |   |   |--- feature_1 >  1089.00
|   |   |   |   |   |   |   |   |--- feature_12 <= 53.89
|   |   |   |   |   |   |   |   |   |--- feature_2 <= 9.50
|   |   |   |   |   |   |   |   |   |   |--- feature_22 <= 0.95
|   |   |   |   |   |   |   |   |   |   |   |--- class: positive
|   |   |   |   |   |   |   |   |   |   |--- feature_22 >  0.95
|   |   |   |   |   |   |   |   |   |   |   |--- class: negative
|   |   |   |   |   |   |   |   |   |--- feature_2 >  9.50
|   |   |   |   |   |   |   |   |   |   |--- feature_0 <= 1975.00
|   |   |   |   |   |   |   |   |   |   |   |--- class: negative
|   |   |   |   |   |   |   |   |   |   |--- feature_0 >  1975.00
|   |   |   |   |   |   |   |   |   |   |   |--- class: positive
|   |   |   |   |   |   |   |   |--- feature_12 >  53.89
|   |   |   |   |   |   |   |   |   |--- class: negative
|   |   |   |   |   |--- feature_50 >  0.01
|   |   |   |   |   |   |--- class: positive
|   |   |   |--- feature_38 >  0.00
|   |   |   |   |--- feature_38 <= 1.00
|   |   |   |   |   |--- class: positive
|   |   |   |   |--- feature_38 >  1.00
|   |   |   |   |   |--- feature_11 <= 7.30
|   |   |   |   |   |   |--- feature_0 <= 1979.50
|   |   |   |   |   |   |   |--- feature_23 <= 0.01
|   |   |   |   |   |   |   |   |--- feature_1 <= 8.50
|   |   |   |   |   |   |   |   |   |--- feature_9 <= 6.29
|   |   |   |   |   |   |   |   |   |   |--- class: negative
|   |   |   |   |   |   |   |   |   |--- feature_9 >  6.29
|   |   |   |   |   |   |   |   |   |   |--- feature_10 <= 22.22
|   |   |   |   |   |   |   |   |   |   |   |--- class: positive
|   |   |   |   |   |   |   |   |   |   |--- feature_10 >  22.22
|   |   |   |   |   |   |   |   |   |   |   |--- class: negative
|   |   |   |   |   |   |   |   |--- feature_1 >  8.50
|   |   |   |   |   |   |   |   |   |--- feature_12 <= 34.98
|   |   |   |   |   |   |   |   |   |   |--- feature_7 <= 15.00
|   |   |   |   |   |   |   |   |   |   |   |--- truncated branch of depth 2
|   |   |   |   |   |   |   |   |   |   |--- feature_7 >  15.00
|   |   |   |   |   |   |   |   |   |   |   |--- truncated branch of depth 2
|   |   |   |   |   |   |   |   |   |--- feature_12 >  34.98
|   |   |   |   |   |   |   |   |   |   |--- class: negative
|   |   |   |   |   |   |   |--- feature_23 >  0.01
|   |   |   |   |   |   |   |   |--- feature_23 <= 0.99
|   |   |   |   |   |   |   |   |   |--- class: positive
|   |   |   |   |   |   |   |   |--- feature_23 >  0.99
|   |   |   |   |   |   |   |   |   |--- feature_14 <= 1.50
|   |   |   |   |   |   |   |   |   |   |--- feature_1 <= 22.00
|   |   |   |   |   |   |   |   |   |   |   |--- truncated branch of depth 2
|   |   |   |   |   |   |   |   |   |   |--- feature_1 >  22.00
|   |   |   |   |   |   |   |   |   |   |   |--- truncated branch of depth 6
|   |   |   |   |   |   |   |   |   |--- feature_14 >  1.50
|   |   |   |   |   |   |   |   |   |   |--- feature_9 <= 7.86
|   |   |   |   |   |   |   |   |   |   |   |--- truncated branch of depth 5
|   |   |   |   |   |   |   |   |   |   |--- feature_9 >  7.86
|   |   |   |   |   |   |   |   |   |   |   |--- truncated branch of depth 3
|   |   |   |   |   |   |--- feature_0 >  1979.50
|   |   |   |   |   |   |   |--- feature_0 <= 1993.50
|   |   |   |   |   |   |   |   |--- feature_13 <= 5.01
|   |   |   |   |   |   |   |   |   |--- feature_47 <= 0.05
|   |   |   |   |   |   |   |   |   |   |--- feature_10 <= 9.25
|   |   |   |   |   |   |   |   |   |   |   |--- class: negative
|   |   |   |   |   |   |   |   |   |   |--- feature_10 >  9.25
|   |   |   |   |   |   |   |   |   |   |   |--- truncated branch of depth 9
|   |   |   |   |   |   |   |   |   |--- feature_47 >  0.05
|   |   |   |   |   |   |   |   |   |   |--- class: positive
|   |   |   |   |   |   |   |   |--- feature_13 >  5.01
|   |   |   |   |   |   |   |   |   |--- feature_13 <= 8.00
|   |   |   |   |   |   |   |   |   |   |--- feature_11 <= 5.81
|   |   |   |   |   |   |   |   |   |   |   |--- class: negative
|   |   |   |   |   |   |   |   |   |   |--- feature_11 >  5.81
|   |   |   |   |   |   |   |   |   |   |   |--- truncated branch of depth 4
|   |   |   |   |   |   |   |   |   |--- feature_13 >  8.00
|   |   |   |   |   |   |   |   |   |   |--- feature_0 <= 1986.50
|   |   |   |   |   |   |   |   |   |   |   |--- class: negative
|   |   |   |   |   |   |   |   |   |   |--- feature_0 >  1986.50
|   |   |   |   |   |   |   |   |   |   |   |--- truncated branch of depth 10
|   |   |   |   |   |   |   |--- feature_0 >  1993.50
|   |   |   |   |   |   |   |   |--- class: negative
|   |   |   |   |   |--- feature_11 >  7.30
|   |   |   |   |   |   |--- feature_0 <= 1955.50
|   |   |   |   |   |   |   |--- feature_0 <= 1945.50
|   |   |   |   |   |   |   |   |--- feature_1 <= 771.00
|   |   |   |   |   |   |   |   |   |--- feature_10 <= 12.95
|   |   |   |   |   |   |   |   |   |   |--- class: negative
|   |   |   |   |   |   |   |   |   |--- feature_10 >  12.95
|   |   |   |   |   |   |   |   |   |   |--- feature_10 <= 13.40
|   |   |   |   |   |   |   |   |   |   |   |--- class: positive
|   |   |   |   |   |   |   |   |   |   |--- feature_10 >  13.40
|   |   |   |   |   |   |   |   |   |   |   |--- truncated branch of depth 3
|   |   |   |   |   |   |   |   |--- feature_1 >  771.00
|   |   |   |   |   |   |   |   |   |--- feature_23 <= 0.15
|   |   |   |   |   |   |   |   |   |   |--- class: negative
|   |   |   |   |   |   |   |   |   |--- feature_23 >  0.15
|   |   |   |   |   |   |   |   |   |   |--- feature_9 <= 7.03
|   |   |   |   |   |   |   |   |   |   |   |--- class: negative
|   |   |   |   |   |   |   |   |   |   |--- feature_9 >  7.03
|   |   |   |   |   |   |   |   |   |   |   |--- truncated branch of depth 2
|   |   |   |   |   |   |   |--- feature_0 >  1945.50
|   |   |   |   |   |   |   |   |--- feature_1 <= 29.50
|   |   |   |   |   |   |   |   |   |--- feature_13 <= 7.99
|   |   |   |   |   |   |   |   |   |   |--- feature_9 <= 6.22
|   |   |   |   |   |   |   |   |   |   |   |--- class: negative
|   |   |   |   |   |   |   |   |   |   |--- feature_9 >  6.22
|   |   |   |   |   |   |   |   |   |   |   |--- class: positive
|   |   |   |   |   |   |   |   |   |--- feature_13 >  7.99
|   |   |   |   |   |   |   |   |   |   |--- class: negative
|   |   |   |   |   |   |   |   |--- feature_1 >  29.50
|   |   |   |   |   |   |   |   |   |--- feature_12 <= 40.05
|   |   |   |   |   |   |   |   |   |   |--- feature_1 <= 6375.00
|   |   |   |   |   |   |   |   |   |   |   |--- truncated branch of depth 4
|   |   |   |   |   |   |   |   |   |   |--- feature_1 >  6375.00
|   |   |   |   |   |   |   |   |   |   |   |--- class: positive
|   |   |   |   |   |   |   |   |   |--- feature_12 >  40.05
|   |   |   |   |   |   |   |   |   |   |--- class: negative
|   |   |   |   |   |   |--- feature_0 >  1955.50
|   |   |   |   |   |   |   |--- feature_7 <= 1.50
|   |   |   |   |   |   |   |   |--- feature_12 <= 95.30
|   |   |   |   |   |   |   |   |   |--- class: negative
|   |   |   |   |   |   |   |   |--- feature_12 >  95.30
|   |   |   |   |   |   |   |   |   |--- feature_9 <= 11.60
|   |   |   |   |   |   |   |   |   |   |--- class: negative
|   |   |   |   |   |   |   |   |   |--- feature_9 >  11.60
|   |   |   |   |   |   |   |   |   |   |--- feature_10 <= 14.15
|   |   |   |   |   |   |   |   |   |   |   |--- class: positive
|   |   |   |   |   |   |   |   |   |   |--- feature_10 >  14.15
|   |   |   |   |   |   |   |   |   |   |   |--- class: negative
|   |   |   |   |   |   |   |--- feature_7 >  1.50
|   |   |   |   |   |   |   |   |--- feature_7 <= 14.50
|   |   |   |   |   |   |   |   |   |--- feature_1 <= 34.00
|   |   |   |   |   |   |   |   |   |   |--- class: negative
|   |   |   |   |   |   |   |   |   |--- feature_1 >  34.00
|   |   |   |   |   |   |   |   |   |   |--- feature_11 <= 7.88
|   |   |   |   |   |   |   |   |   |   |   |--- class: positive
|   |   |   |   |   |   |   |   |   |   |--- feature_11 >  7.88
|   |   |   |   |   |   |   |   |   |   |   |--- class: negative
|   |   |   |   |   |   |   |   |--- feature_7 >  14.50
|   |   |   |   |   |   |   |   |   |--- feature_7 <= 17.50
|   |   |   |   |   |   |   |   |   |   |--- feature_13 <= 6.50
|   |   |   |   |   |   |   |   |   |   |   |--- class: negative
|   |   |   |   |   |   |   |   |   |   |--- feature_13 >  6.50
|   |   |   |   |   |   |   |   |   |   |   |--- truncated branch of depth 2
|   |   |   |   |   |   |   |   |   |--- feature_7 >  17.50
|   |   |   |   |   |   |   |   |   |   |--- class: negative
|   |   |--- feature_49 >  0.00
|   |   |   |--- class: positive
|   |--- feature_49 >  1.00
|   |   |--- feature_12 <= 37.56
|   |   |   |--- feature_1 <= 339.50
|   |   |   |   |--- feature_12 <= 37.00
|   |   |   |   |   |--- class: negative
|   |   |   |   |--- feature_12 >  37.00
|   |   |   |   |   |--- feature_31 <= 0.50
|   |   |   |   |   |   |--- class: negative
|   |   |   |   |   |--- feature_31 >  0.50
|   |   |   |   |   |   |--- feature_13 <= 7.91
|   |   |   |   |   |   |   |--- class: positive
|   |   |   |   |   |   |--- feature_13 >  7.91
|   |   |   |   |   |   |   |--- class: negative
|   |   |   |--- feature_1 >  339.50
|   |   |   |   |--- feature_38 <= 0.02
|   |   |   |   |   |--- feature_29 <= 0.42
|   |   |   |   |   |   |--- class: negative
|   |   |   |   |   |--- feature_29 >  0.42
|   |   |   |   |   |   |--- feature_12 <= 32.72
|   |   |   |   |   |   |   |--- class: negative
|   |   |   |   |   |   |--- feature_12 >  32.72
|   |   |   |   |   |   |   |--- class: positive
|   |   |   |   |--- feature_38 >  0.02
|   |   |   |   |   |--- feature_12 <= 32.43
|   |   |   |   |   |   |--- class: negative
|   |   |   |   |   |--- feature_12 >  32.43
|   |   |   |   |   |   |--- feature_11 <= 8.15
|   |   |   |   |   |   |   |--- class: positive
|   |   |   |   |   |   |--- feature_11 >  8.15
|   |   |   |   |   |   |   |--- class: negative
|   |   |--- feature_12 >  37.56
|   |   |   |--- feature_12 <= 47.28
|   |   |   |   |--- feature_12 <= 47.23
|   |   |   |   |   |--- feature_13 <= 7.10
|   |   |   |   |   |   |--- class: negative
|   |   |   |   |   |--- feature_13 >  7.10
|   |   |   |   |   |   |--- feature_13 <= 7.60
|   |   |   |   |   |   |   |--- class: positive
|   |   |   |   |   |   |--- feature_13 >  7.60
|   |   |   |   |   |   |   |--- feature_7 <= 42.50
|   |   |   |   |   |   |   |   |--- class: negative
|   |   |   |   |   |   |   |--- feature_7 >  42.50
|   |   |   |   |   |   |   |   |--- feature_9 <= 3.85
|   |   |   |   |   |   |   |   |   |--- class: positive
|   |   |   |   |   |   |   |   |--- feature_9 >  3.85
|   |   |   |   |   |   |   |   |   |--- class: negative
|   |   |   |   |--- feature_12 >  47.23
|   |   |   |   |   |--- class: positive
|   |   |   |--- feature_12 >  47.28
|   |   |   |   |--- class: negative
