|--- feature_12 <= 32.40
|   |--- feature_49 <= 1.00
|   |   |--- feature_49 <= 0.00
|   |   |   |--- feature_24 <= 1.00
|   |   |   |   |--- feature_24 <= 0.00
|   |   |   |   |   |--- feature_2 <= -0.50
|   |   |   |   |   |   |--- feature_11 <= 7.30
|   |   |   |   |   |   |   |--- feature_15 <= 23.50
|   |   |   |   |   |   |   |   |--- feature_12 <= 0.00
|   |   |   |   |   |   |   |   |   |--- feature_25 <= 0.50
|   |   |   |   |   |   |   |   |   |   |--- class: negative
|   |   |   |   |   |   |   |   |   |--- feature_25 >  0.50
|   |   |   |   |   |   |   |   |   |   |--- feature_11 <= 5.85
|   |   |   |   |   |   |   |   |   |   |   |--- class: positive
|   |   |   |   |   |   |   |   |   |   |--- feature_11 >  5.85
|   |   |   |   |   |   |   |   |   |   |   |--- class: negative
|   |   |   |   |   |   |   |   |--- feature_12 >  0.00
|   |   |   |   |   |   |   |   |   |--- feature_15 <= 12.50
|   |   |   |   |   |   |   |   |   |   |--- feature_12 <= 18.90
|   |   |   |   |   |   |   |   |   |   |   |--- truncated branch of depth 14
|   |   |   |   |   |   |   |   |   |   |--- feature_12 >  18.90
|   |   |   |   |   |   |   |   |   |   |   |--- truncated branch of depth 5
|   |   |   |   |   |   |   |   |   |--- feature_15 >  12.50
|   |   |   |   |   |   |   |   |   |   |--- feature_0 <= 1900.50
|   |   |   |   |   |   |   |   |   |   |   |--- truncated branch of depth 2
|   |   |   |   |   |   |   |   |   |   |--- feature_0 >  1900.50
|   |   |   |   |   |   |   |   |   |   |   |--- truncated branch of depth 3
|   |   |   |   |   |   |   |--- feature_15 >  23.50
|   |   |   |   |   |   |   |   |--- feature_17 <= 1.00
|   |   |   |   |   |   |   |   |   |--- feature_17 <= 0.00
|   |   |   |   |   |   |   |   |   |   |--- feature_13 <= 7.99
|   |   |   |   |   |   |   |   |   |   |   |--- truncated branch of depth 17
|   |   |   |   |   |   |   |   |   |   |--- feature_13 >  7.99
|   |   |   |   |   |   |   |   |   |   |   |--- truncated branch of depth 12
|   |   |   |   |   |   |   |   |   |--- feature_17 >  0.00
|   |   |   |   |   |   |   |   |   |   |--- class: positive
|   |   |   |   |   |   |   |   |--- feature_17 >  1.00
|   |   |   |   |   |   |   |   |   |--- feature_30 <= 0.19
|   |   |   |   |   |   |   |   |   |   |--- feature_10 <= 69.80
|   |   |   |   |   |   |   |   |   |   |   |--- truncated branch of depth 8
|   |   |   |   |   |   |   |   |   |   |--- feature_10 >  69.80
|   |   |   |   |   |   |   |   |   |   |   |--- class: positive
|   |   |   |   |   |   |   |   |   |--- feature_30 >  0.19
|   |   |   |   |   |   |   |   |   |   |--- feature_11 <= 6.15
|   |   |   |   |   |   |   |   |   |   |   |--- truncated branch of depth 2
|   |   |   |   |   |   |   |   |   |   |--- feature_11 >  6.15
|   |   |   |   |   |   |   |   |   |   |   |--- class: positive
|   |   |   |   |   |   |--- feature_11 >  7.30
|   |   |   |   |   |   |   |--- feature_13 <= 8.03
|   |   |   |   |   |   |   |   |--- feature_23 <= 0.99
|   |   |   |   |   |   |   |   |   |--- feature_23 <= 0.00
|   |   |   |   |   |   |   |   |   |   |--- feature_11 <= 7.90
|   |   |   |   |   |   |   |   |   |   |   |--- truncated branch of depth 8
|   |   |   |   |   |   |   |   |   |   |--- feature_11 >  7.90
|   |   |   |   |   |   |   |   |   |   |   |--- class: negative
|   |   |   |   |   |   |   |   |   |--- feature_23 >  0.00
|   |   |   |   |   |   |   |   |   |   |--- class: positive
|   |   |   |   |   |   |   |   |--- feature_23 >  0.99
|   |   |   |   |   |   |   |   |   |--- feature_12 <= 23.05
|   |   |   |   |   |   |   |   |   |   |--- feature_1 <= 66.50
|   |   |   |   |   |   |   |   |   |   |   |--- truncated branch of depth 5
|   |   |   |   |   |   |   |   |   |   |--- feature_1 >  66.50
|   |   |   |   |   |   |   |   |   |   |   |--- truncated branch of depth 3
|   |   |   |   |   |   |   |   |   |--- feature_12 >  23.05
|   |   |   |   |   |   |   |   |   |   |--- class: negative
|   |   |   |   |   |   |   |--- feature_13 >  8.03
|   |   |   |   |   |   |   |   |--- feature_38 <= 0.06
|   |   |   |   |   |   |   |   |   |--- class: negative
|   |   |   |   |   |   |   |   |--- feature_38 >  0.06
|   |   |   |   |   |   |   |   |   |--- feature_1 <= 41.00
|   |   |   |   |   |   |   |   |   |   |--- class: negative
|   |   |   |   |   |   |   |   |   |--- feature_1 >  41.00
|   |   |   |   |   |   |   |   |   |   |--- class: positive
|   |   |   |   |   |--- feature_2 >  -0.50
|   |   |   |   |   |   |--- feature_9 <= 4.60
|   |   |   |   |   |   |   |--- feature_12 <= 15.30
|   |   |   |   |   |   |   |   |--- feature_12 <= 14.35
|   |   |   |   |   |   |   |   |   |--- class: negative
|   |   |   |   |   |   |   |   |--- feature_12 >  14.35
|   |   |   |   |   |   |   |   |   |--- feature_11 <= 6.45
|   |   |   |   |   |   |   |   |   |   |--- class: negative
|   |   |   |   |   |   |   |   |   |--- feature_11 >  6.45
|   |   |   |   |   |   |   |   |   |   |--- class: positive
|   |   |   |   |   |   |   |--- feature_12 >  15.30
|   |   |   |   |   |   |   |   |--- class: negative
|   |   |   |   |   |   |--- feature_9 >  4.60
|   |   |   |   |   |   |   |--- feature_38 <= 0.00
|   |   |   |   |   |   |   |   |--- feature_11 <= 7.30
|   |   |   |   |   |   |   |   |   |--- feature_23 <= 0.00
|   |   |   |   |   |   |   |   |   |   |--- feature_10 <= 55.60
|   |   |   |   |   |   |   |   |   |   |   |--- truncated branch of depth 13
|   |   |   |   |   |   |   |   |   |   |--- feature_10 >  55.60
|   |   |   |   |   |   |   |   |   |   |   |--- truncated branch of depth 10
|   |   |   |   |   |   |   |   |   |--- feature_23 >  0.00
|   |   |   |   |   |   |   |   |   |   |--- feature_23 <= 0.99
|   |   |   |   |   |   |   |   |   |   |   |--- class: positive
|   |   |   |   |   |   |   |   |   |   |--- feature_23 >  0.99
|   |   |   |   |   |   |   |   |   |   |   |--- truncated branch of depth 7
|   |   |   |   |   |   |   |   |--- feature_11 >  7.30
|   |   |   |   |   |   |   |   |   |--- feature_30 <= 0.00
|   |   |   |   |   |   |   |   |   |   |--- feature_25 <= 0.06
|   |   |   |   |   |   |   |   |   |   |   |--- truncated branch of depth 5
|   |   |   |   |   |   |   |   |   |   |--- feature_25 >  0.06
|   |   |   |   |   |   |   |   |   |   |   |--- truncated branch of depth 2
|   |   |   |   |   |   |   |   |   |--- feature_30 >  0.00
|   |   |   |   |   |   |   |   |   |   |--- feature_10 <= 32.77
|   |   |   |   |   |   |   |   |   |   |   |--- truncated branch of depth 2
|   |   |   |   |   |   |   |   |   |   |--- feature_10 >  32.77
|   |   |   |   |   |   |   |   |   |   |   |--- truncated branch of depth 9
|   |   |   |   |   |   |   |--- feature_38 >  0.00
|   |   |   |   |   |   |   |   |--- feature_38 <= 1.00
|   |   |   |   |   |   |   |   |   |--- class: positive
|   |   |   |   |   |   |   |   |--- feature_38 >  1.00
|   |   |   |   |   |   |   |   |   |--- feature_1 <= 199.50
|   |   |   |   |   |   |   |   |   |   |--- feature_23 <= 1.00
|   |   |   |   |   |   |   |   |   |   |   |--- truncated branch of depth 12
|   |   |   |   |   |   |   |   |   |   |--- feature_23 >  1.00
|   |   |   |   |   |   |   |   |   |   |   |--- truncated branch of depth 16
|   |   |   |   |   |   |   |   |   |--- feature_1 >  199.50
|   |   |   |   |   |   |   |   |   |   |--- feature_23 <= 1.00
|   |   |   |   |   |   |   |   |   |   |   |--- truncated branch of depth 6
|   |   |   |   |   |   |   |   |   |   |--- feature_23 >  1.00
|   |   |   |   |   |   |   |   |   |   |   |--- truncated branch of depth 2
|   |   |   |   |--- feature_24 >  0.00
|   |   |   |   |   |--- class: positive
|   |   |   |--- feature_24 >  1.00
|   |   |   |   |--- feature_2 <= 0.50
|   |   |   |   |   |--- feature_29 <= 0.06
|   |   |   |   |   |   |--- feature_1 <= 199.50
|   |   |   |   |   |   |   |--- feature_0 <= 1937.00
|   |   |   |   |   |   |   |   |--- feature_10 <= 28.80
|   |   |   |   |   |   |   |   |   |--- class: negative
|   |   |   |   |   |   |   |   |--- feature_10 >  28.80
|   |   |   |   |   |   |   |   |   |--- feature_12 <= 6.75
|   |   |   |   |   |   |   |   |   |   |--- class: negative
|   |   |   |   |   |   |   |   |   |--- feature_12 >  6.75
|   |   |   |   |   |   |   |   |   |   |--- class: positive
|   |   |   |   |   |   |   |--- feature_0 >  1937.00
|   |   |   |   |   |   |   |   |--- feature_7 <= 42.50
|   |   |   |   |   |   |   |   |   |--- feature_13 <= 4.50
|   |   |   |   |   |   |   |   |   |   |--- feature_0 <= 1969.50
|   |   |   |   |   |   |   |   |   |   |   |--- class: negative
|   |   |   |   |   |   |   |   |   |   |--- feature_0 >  1969.50
|   |   |   |   |   |   |   |   |   |   |   |--- truncated branch of depth 2
|   |   |   |   |   |   |   |   |   |--- feature_13 >  4.50
|   |   |   |   |   |   |   |   |   |   |--- class: negative
|   |   |   |   |   |   |   |   |--- feature_7 >  42.50
|   |   |   |   |   |   |   |   |   |--- feature_11 <= 7.60
|   |   |   |   |   |   |   |   |   |   |--- class: negative
|   |   |   |   |   |   |   |   |   |--- feature_11 >  7.60
|   |   |   |   |   |   |   |   |   |   |--- class: positive
|   |   |   |   |   |   |--- feature_1 >  199.50
|   |   |   |   |   |   |   |--- feature_1 <= 270.50
|   |   |   |   |   |   |   |   |--- feature_12 <= 25.16
|   |   |   |   |   |   |   |   |   |--- feature_7 <= 21.00
|   |   |   |   |   |   |   |   |   |   |--- class: positive
|   |   |   |   |   |   |   |   |   |--- feature_7 >  21.00
|   |   |   |   |   |   |   |   |   |   |--- class: negative
|   |   |   |   |   |   |   |   |--- feature_12 >  25.16
|   |   |   |   |   |   |   |   |   |--- class: negative
|   |   |   |   |   |   |   |--- feature_1 >  270.50
|   |   |   |   |   |   |   |   |--- class: negative
|   |   |   |   |   |--- feature_29 >  0.06
|   |   |   |   |   |   |--- feature_0 <= 1970.50
|   |   |   |   |   |   |   |--- feature_13 <= 4.75
|   |   |   |   |   |   |   |   |--- class: positive
|   |   |   |   |   |   |   |--- feature_13 >  4.75
|   |   |   |   |   |   |   |   |--- class: negative
|   |   |   |   |   |   |--- feature_0 >  1970.50
|   |   |   |   |   |   |   |--- class: positive
|   |   |   |   |--- feature_2 >  0.50
|   |   |   |   |   |--- feature_1 <= 376.00
|   |   |   |   |   |   |--- feature_1 <= 206.50
|   |   |   |   |   |   |   |--- feature_38 <= 0.32
|   |   |   |   |   |   |   |   |--- class: negative
|   |   |   |   |   |   |   |--- feature_38 >  0.32
|   |   |   |   |   |   |   |   |--- feature_1 <= 148.00
|   |   |   |   |   |   |   |   |   |--- class: negative
|   |   |   |   |   |   |   |   |--- feature_1 >  148.00
|   |   |   |   |   |   |   |   |   |--- class: positive
|   |   |   |   |   |   |--- feature_1 >  206.50
|   |   |   |   |   |   |   |--- feature_13 <= 7.99
|   |   |   |   |   |   |   |   |--- feature_1 <= 260.50
|   |   |   |   |   |   |   |   |   |--- class: positive
|   |   |   |   |   |   |   |   |--- feature_1 >  260.50
|   |   |   |   |   |   |   |   |   |--- feature_12 <= 29.60
|   |   |   |   |   |   |   |   |   |   |--- feature_30 <= 0.06
|   |   |   |   |   |   |   |   |   |   |   |--- truncated branch of depth 2
|   |   |   |   |   |   |   |   |   |   |--- feature_30 >  0.06
|   |   |   |   |   |   |   |   |   |   |   |--- truncated branch of depth 3
|   |   |   |   |   |   |   |   |   |--- feature_12 >  29.60
|   |   |   |   |   |   |   |   |   |   |--- class: negative
|   |   |   |   |   |   |   |--- feature_13 >  7.99
|   |   |   |   |   |   |   |   |--- feature_15 <= 18.00
|   |   |   |   |   |   |   |   |   |--- class: positive
|   |   |   |   |   |   |   |   |--- feature_15 >  18.00
|   |   |   |   |   |   |   |   |   |--- class: negative
|   |   |   |   |   |--- feature_1 >  376.00
|   |   |   |   |   |   |--- feature_12 <= 22.75
|   |   |   |   |   |   |   |--- feature_0 <= 1957.50
|   |   |   |   |   |   |   |   |--- class: negative
|   |   |   |   |   |   |   |--- feature_0 >  1957.50
|   |   |   |   |   |   |   |   |--- feature_8 <= 3.50
|   |   |   |   |   |   |   |   |   |--- class: positive
|   |   |   |   |   |   |   |   |--- feature_8 >  3.50
|   |   |   |   |   |   |   |   |   |--- feature_15 <= 17.50
|   |   |   |   |   |   |   |   |   |   |--- class: positive
|   |   |   |   |   |   |   |   |   |--- feature_15 >  17.50
|   |   |   |   |   |   |   |   |   |   |--- class: negative
|   |   |   |   |   |   |--- feature_12 >  22.75
|   |   |   |   |   |   |   |--- class: negative
|   |   |--- feature_49 >  0.00
|   |   |   |--- class: positive
|   |--- feature_49 >  1.00
|   |   |--- feature_29 <= 0.02
|   |   |   |--- feature_1 <= 41.00
|   |   |   |   |--- feature_15 <= 18.00
|   |   |   |   |   |--- feature_11 <= 4.75
|   |   |   |   |   |   |--- feature_1 <= 22.50
|   |   |   |   |   |   |   |--- class: negative
|   |   |   |   |   |   |--- feature_1 >  22.50
|   |   |   |   |   |   |   |--- class: positive
|   |   |   |   |   |--- feature_11 >  4.75
|   |   |   |   |   |   |--- class: negative
|   |   |   |   |--- feature_15 >  18.00
|   |   |   |   |   |--- feature_12 <= 17.60
|   |   |   |   |   |   |--- feature_11 <= 8.90
|   |   |   |   |   |   |   |--- feature_10 <= 10.85
|   |   |   |   |   |   |   |   |--- class: negative
|   |   |   |   |   |   |   |--- feature_10 >  10.85
|   |   |   |   |   |   |   |   |--- feature_10 <= 11.45
|   |   |   |   |   |   |   |   |   |--- feature_11 <= 5.85
|   |   |   |   |   |   |   |   |   |   |--- class: positive
|   |   |   |   |   |   |   |   |   |--- feature_11 >  5.85
|   |   |   |   |   |   |   |   |   |   |--- class: negative
|   |   |   |   |   |   |   |   |--- feature_10 >  11.45
|   |   |   |   |   |   |   |   |   |--- class: negative
|   |   |   |   |   |   |--- feature_11 >  8.90
|   |   |   |   |   |   |   |--- class: positive
|   |   |   |   |   |--- feature_12 >  17.60
|   |   |   |   |   |   |--- class: negative
|   |   |   |--- feature_1 >  41.00
|   |   |   |   |--- feature_11 <= 7.30
|   |   |   |   |   |--- feature_11 <= 6.33
|   |   |   |   |   |   |--- feature_14 <= 1.50
|   |   |   |   |   |   |   |--- feature_15 <= 7.50
|   |   |   |   |   |   |   |   |--- class: negative
|   |   |   |   |   |   |   |--- feature_15 >  7.50
|   |   |   |   |   |   |   |   |--- class: positive
|   |   |   |   |   |   |--- feature_14 >  1.50
|   |   |   |   |   |   |   |--- feature_18 <= 0.01
|   |   |   |   |   |   |   |   |--- feature_1 <= 244.00
|   |   |   |   |   |   |   |   |   |--- class: negative
|   |   |   |   |   |   |   |   |--- feature_1 >  244.00
|   |   |   |   |   |   |   |   |   |--- feature_12 <= 26.55
|   |   |   |   |   |   |   |   |   |   |--- class: negative
|   |   |   |   |   |   |   |   |   |--- feature_12 >  26.55
|   |   |   |   |   |   |   |   |   |   |--- class: positive
|   |   |   |   |   |   |   |--- feature_18 >  0.01
|   |   |   |   |   |   |   |   |--- feature_12 <= 21.43
|   |   |   |   |   |   |   |   |   |--- feature_10 <= 13.10
|   |   |   |   |   |   |   |   |   |   |--- class: positive
|   |   |   |   |   |   |   |   |   |--- feature_10 >  13.10
|   |   |   |   |   |   |   |   |   |   |--- class: negative
|   |   |   |   |   |   |   |   |--- feature_12 >  21.43
|   |   |   |   |   |   |   |   |   |--- feature_18 <= 0.57
|   |   |   |   |   |   |   |   |   |   |--- class: positive
|   |   |   |   |   |   |   |   |   |--- feature_18 >  0.57
|   |   |   |   |   |   |   |   |   |   |--- class: negative
|   |   |   |   |   |--- feature_11 >  6.33
|   |   |   |   |   |   |--- feature_1 <= 61.00
|   |   |   |   |   |   |   |--- class: negative
|   |   |   |   |   |   |--- feature_1 >  61.00
|   |   |   |   |   |   |   |--- feature_0 <= 1927.50
|   |   |   |   |   |   |   |   |--- class: negative
|   |   |   |   |   |   |   |--- feature_0 >  1927.50
|   |   |   |   |   |   |   |   |--- feature_13 <= 7.94
|   |   |   |   |   |   |   |   |   |--- feature_7 <= 29.00
|   |   |   |   |   |   |   |   |   |   |--- class: positive
|   |   |   |   |   |   |   |   |   |--- feature_7 >  29.00
|   |   |   |   |   |   |   |   |   |   |--- class: negative
|   |   |   |   |   |   |   |   |--- feature_13 >  7.94
|   |   |   |   |   |   |   |   |   |--- feature_0 <= 1950.50
|   |   |   |   |   |   |   |   |   |   |--- class: negative
|   |   |   |   |   |   |   |   |   |--- feature_0 >  1950.50
|   |   |   |   |   |   |   |   |   |   |--- class: positive
|   |   |   |   |--- feature_11 >  7.30
|   |   |   |   |   |--- feature_1 <= 325.50
|   |   |   |   |   |   |--- feature_10 <= 36.50
|   |   |   |   |   |   |   |--- class: negative
|   |   |   |   |   |   |--- feature_10 >  36.50
|   |   |   |   |   |   |   |--- feature_0 <= 1956.50
|   |   |   |   |   |   |   |   |--- feature_1 <= 187.50
|   |   |   |   |   |   |   |   |   |--- feature_1 <= 62.00
|   |   |   |   |   |   |   |   |   |   |--- class: negative
|   |   |   |   |   |   |   |   |   |--- feature_1 >  62.00
|   |   |   |   |   |   |   |   |   |   |--- feature_1 <= 87.50
|   |   |   |   |   |   |   |   |   |   |   |--- class: positive
|   |   |   |   |   |   |   |   |   |   |--- feature_1 >  87.50
|   |   |   |   |   |   |   |   |   |   |   |--- truncated branch of depth 3
|   |   |   |   |   |   |   |   |--- feature_1 >  187.50
|   |   |   |   |   |   |   |   |   |--- class: negative
|   |   |   |   |   |   |   |--- feature_0 >  1956.50
|   |   |   |   |   |   |   |   |--- class: negative
|   |   |   |   |   |--- feature_1 >  325.50
|   |   |   |   |   |   |--- feature_38 <= 0.02
|   |   |   |   |   |   |   |--- feature_11 <= 7.35
|   |   |   |   |   |   |   |   |--- feature_0 <= 1961.50
|   |   |   |   |   |   |   |   |   |--- feature_10 <= 33.70
|   |   |   |   |   |   |   |   |   |   |--- feature_9 <= 11.45
|   |   |   |   |   |   |   |   |   |   |   |--- class: negative
|   |   |   |   |   |   |   |   |   |   |--- feature_9 >  11.45
|   |   |   |   |   |   |   |   |   |   |   |--- truncated branch of depth 2
|   |   |   |   |   |   |   |   |   |--- feature_10 >  33.70
|   |   |   |   |   |   |   |   |   |   |--- class: negative
|   |   |   |   |   |   |   |   |--- feature_0 >  1961.50
|   |   |   |   |   |   |   |   |   |--- class: positive
|   |   |   |   |   |   |   |--- feature_11 >  7.35
|   |   |   |   |   |   |   |   |--- class: negative
|   |   |   |   |   |   |--- feature_38 >  0.02
|   |   |   |   |   |   |   |--- feature_30 <= 0.01
|   |   |   |   |   |   |   |   |--- feature_12 <= 29.88
|   |   |   |   |   |   |   |   |   |--- feature_9 <= 3.85
|   |   |   |   |   |   |   |   |   |   |--- class: positive
|   |   |   |   |   |   |   |   |   |--- feature_9 >  3.85
|   |   |   |   |   |   |   |   |   |   |--- class: negative
|   |   |   |   |   |   |   |   |--- feature_12 >  29.88
|   |   |   |   |   |   |   |   |   |--- class: positive
|   |   |   |   |   |   |   |--- feature_30 >  0.01
|   |   |   |   |   |   |   |   |--- class: positive
|   |   |--- feature_29 >  0.02
|   |   |   |--- feature_29 <= 0.98
|   |   |   |   |--- class: positive
|   |   |   |--- feature_29 >  0.98
|   |   |   |   |--- feature_12 <= 21.61
|   |   |   |   |   |--- feature_1 <= 10.50
|   |   |   |   |   |   |--- feature_0 <= 1931.00
|   |   |   |   |   |   |   |--- class: positive
|   |   |   |   |   |   |--- feature_0 >  1931.00
|   |   |   |   |   |   |   |--- class: negative
|   |   |   |   |   |--- feature_1 >  10.50
|   |   |   |   |   |   |--- class: positive
|   |   |   |   |--- feature_12 >  21.61
|   |   |   |   |   |--- class: negative
|--- feature_12 >  32.40
|   |--- feature_38 <= 0.00
|   |   |--- feature_49 <= 0.99
|   |   |   |--- feature_49 <= 0.01
|   |   |   |   |--- feature_14 <= 3.50
|   |   |   |   |   |--- feature_0 <= 1993.50
|   |   |   |   |   |   |--- feature_31 <= 0.99
|   |   |   |   |   |   |   |--- feature_31 <= 0.01
|   |   |   |   |   |   |   |   |--- feature_11 <= 8.70
|   |   |   |   |   |   |   |   |   |--- feature_24 <= 1.00
|   |   |   |   |   |   |   |   |   |   |--- feature_24 <= 0.01
|   |   |   |   |   |   |   |   |   |   |   |--- truncated branch of depth 10
|   |   |   |   |   |   |   |   |   |   |--- feature_24 >  0.01
|   |   |   |   |   |   |   |   |   |   |   |--- class: positive
|   |   |   |   |   |   |   |   |   |--- feature_24 >  1.00
|   |   |   |   |   |   |   |   |   |   |--- feature_11 <= 8.55
|   |   |   |   |   |   |   |   |   |   |   |--- truncated branch of depth 6
|   |   |   |   |   |   |   |   |   |   |--- feature_11 >  8.55
|   |   |   |   |   |   |   |   |   |   |   |--- truncated branch of depth 2
|   |   |   |   |   |   |   |   |--- feature_11 >  8.70
|   |   |   |   |   |   |   |   |   |--- class: negative
|   |   |   |   |   |   |   |--- feature_31 >  0.01
|   |   |   |   |   |   |   |   |--- class: positive
|   |   |   |   |   |   |--- feature_31 >  0.99
|   |   |   |   |   |   |   |--- feature_9 <= 7.75
|   |   |   |   |   |   |   |   |--- feature_2 <= 15.00
|   |   |   |   |   |   |   |   |   |--- class: negative
|   |   |   |   |   |   |   |   |--- feature_2 >  15.00
|   |   |   |   |   |   |   |   |   |--- feature_13 <= 6.50
|   |   |   |   |   |   |   |   |   |   |--- class: negative
|   |   |   |   |   |   |   |   |   |--- feature_13 >  6.50
|   |   |   |   |   |   |   |   |   |   |--- class: positive
|   |   |   |   |   |   |   |--- feature_9 >  7.75
|   |   |   |   |   |   |   |   |--- class: negative
|   |   |   |   |   |--- feature_0 >  1993.50
|   |   |   |   |   |   |--- feature_21 <= 0.49
|   |   |   |   |   |   |   |--- class: negative
|   |   |   |   |   |   |--- feature_21 >  0.49
|   |   |   |   |   |   |   |--- feature_21 <= 0.99
|   |   |   |   |   |   |   |   |--- class: positive
|   |   |   |   |   |   |   |--- feature_21 >  0.99
|   |   |   |   |   |   |   |   |--- class: negative
|   |   |   |   |--- feature_14 >  3.50
|   |   |   |   |   |--- feature_34 <= 0.01
|   |   |   |   |   |   |--- feature_51 <= 0.50
|   |   |   |   |   |   |   |--- class: negative
|   |   |   |   |   |   |--- feature_51 >  0.50
|   |   |   |   |   |   |   |--- feature_0 <= 1976.50
|   |   |   |   |   |   |   |   |--- class: negative
|   |   |   |   |   |   |   |--- feature_0 >  1976.50
|   |   |   |   |   |   |   |   |--- feature_1 <= 4445.00
|   |   |   |   |   |   |   |   |   |--- class: negative
|   |   |   |   |   |   |   |   |--- feature_1 >  4445.00
|   |   |   |   |   |   |   |   |   |--- class: positive
|   |   |   |   |   |--- feature_34 >  0.01
|   |   |   |   |   |   |--- feature_22 <= 0.01
|   |   |   |   |   |   |   |--- feature_2 <= 7.50
|   |   |   |   |   |   |   |   |--- class: negative
|   |   |   |   |   |   |   |--- feature_2 >  7.50
|   |   |   |   |   |   |   |   |--- feature_11 <= 15.80
|   |   |   |   |   |   |   |   |   |--- class: negative
|   |   |   |   |   |   |   |   |--- feature_11 >  15.80
|   |   |   |   |   |   |   |   |   |--- class: positive
|   |   |   |   |   |   |--- feature_22 >  0.01
|   |   |   |   |   |   |   |--- class: positive
|   |   |   |--- feature_49 >  0.01
|   |   |   |   |--- class: positive
|   |   |--- feature_49 >  0.99
|   |   |   |--- feature_11 <= 7.79
|   |   |   |   |--- feature_11 <= 7.44
|   |   |   |   |   |--- feature_29 <= 0.43
|   |   |   |   |   |   |--- feature_11 <= 7.35
|   |   |   |   |   |   |   |--- class: negative
|   |   |   |   |   |   |--- feature_11 >  7.35
|   |   |   |   |   |   |   |--- feature_11 <= 7.40
|   |   |   |   |   |   |   |   |--- class: positive
|   |   |   |   |   |   |   |--- feature_11 >  7.40
|   |   |   |   |   |   |   |   |--- class: negative
|   |   |   |   |   |--- feature_29 >  0.43
|   |   |   |   |   |   |--- feature_0 <= 1952.00
|   |   |   |   |   |   |   |--- class: negative
|   |   |   |   |   |   |--- feature_0 >  1952.00
|   |   |   |   |   |   |   |--- class: positive
|   |   |   |   |--- feature_11 >  7.44
|   |   |   |   |   |--- feature_9 <= 12.39
|   |   |   |   |   |   |--- class: negative
|   |   |   |   |   |--- feature_9 >  12.39
|   |   |   |   |   |   |--- feature_12 <= 58.15
|   |   |   |   |   |   |   |--- class: positive
|   |   |   |   |   |   |--- feature_12 >  58.15
|   |   |   |   |   |   |   |--- class: negative
|   |   |   |--- feature_11 >  7.79
|   |   |   |   |--- class: negative
|   |--- feature_38 >  0.00
|   |   |--- feature_38 <= 1.00
|   |   |   |--- class: positive
|   |   |--- feature_38 >  1.00
|   |   |   |--- feature_23 <= 0.00
|   |   |   |   |--- feature_7 <= 1.50
|   |   |   |   |   |--- feature_1 <= 7.50
|   |   |   |   |   |   |--- feature_51 <= 0.02
|   |   |   |   |   |   |   |--- feature_8 <= 1.50
|   |   |   |   |   |   |   |   |--- feature_0 <= 1937.50
|   |   |   |   |   |   |   |   |   |--- class: negative
|   |   |   |   |   |   |   |   |--- feature_0 >  1937.50
|   |   |   |   |   |   |   |   |   |--- class: positive
|   |   |   |   |   |   |   |--- feature_8 >  1.50
|   |   |   |   |   |   |   |   |--- class: negative
|   |   |   |   |   |   |--- feature_51 >  0.02
|   |   |   |   |   |   |   |--- class: positive
|   |   |   |   |   |--- feature_1 >  7.50
|   |   |   |   |   |   |--- feature_2 <= 0.50
|   |   |   |   |   |   |   |--- feature_0 <= 1989.50
|   |   |   |   |   |   |   |   |--- class: negative
|   |   |   |   |   |   |   |--- feature_0 >  1989.50
|   |   |   |   |   |   |   |   |--- feature_0 <= 1990.50
|   |   |   |   |   |   |   |   |   |--- feature_24 <= 0.50
|   |   |   |   |   |   |   |   |   |   |--- class: negative
|   |   |   |   |   |   |   |   |   |--- feature_24 >  0.50
|   |   |   |   |   |   |   |   |   |   |--- class: positive
|   |   |   |   |   |   |   |   |--- feature_0 >  1990.50
|   |   |   |   |   |   |   |   |   |--- class: negative
|   |   |   |   |   |   |--- feature_2 >  0.50
|   |   |   |   |   |   |   |--- feature_11 <= 7.70
|   |   |   |   |   |   |   |   |--- feature_11 <= 7.42
|   |   |   |   |   |   |   |   |   |--- feature_1 <= 1738.50
|   |   |   |   |   |   |   |   |   |   |--- feature_9 <= 16.95
|   |   |   |   |   |   |   |   |   |   |   |--- class: negative
|   |   |   |   |   |   |   |   |   |   |--- feature_9 >  16.95
|   |   |   |   |   |   |   |   |   |   |   |--- truncated branch of depth 2
|   |   |   |   |   |   |   |   |   |--- feature_1 >  1738.50
|   |   |   |   |   |   |   |   |   |   |--- feature_2 <= 8.00
|   |   |   |   |   |   |   |   |   |   |   |--- class: negative
|   |   |   |   |   |   |   |   |   |   |--- feature_2 >  8.00
|   |   |   |   |   |   |   |   |   |   |   |--- class: positive
|   |   |   |   |   |   |   |   |--- feature_11 >  7.42
|   |   |   |   |   |   |   |   |   |--- feature_1 <= 284.00
|   |   |   |   |   |   |   |   |   |   |--- class: negative
|   |   |   |   |   |   |   |   |   |--- feature_1 >  284.00
|   |   |   |   |   |   |   |   |   |   |--- class: positive
|   |   |   |   |   |   |   |--- feature_11 >  7.70
|   |   |   |   |   |   |   |   |--- class: negative
|   |   |   |   |--- feature_7 >  1.50
|   |   |   |   |   |--- feature_18 <= 0.03
|   |   |   |   |   |   |--- feature_13 <= 8.50
|   |   |   |   |   |   |   |--- feature_13 <= 5.20
|   |   |   |   |   |   |   |   |--- class: negative
|   |   |   |   |   |   |   |--- feature_13 >  5.20
|   |   |   |   |   |   |   |   |--- feature_13 <= 5.70
|   |   |   |   |   |   |   |   |   |--- class: positive
|   |   |   |   |   |   |   |   |--- feature_13 >  5.70
|   |   |   |   |   |   |   |   |   |--- feature_7 <= 17.50
|   |   |   |   |   |   |   |   |   |   |--- feature_11 <= 7.85
|   |   |   |   |   |   |   |   |   |   |   |--- class: negative
|   |   |   |   |   |   |   |   |   |   |--- feature_11 >  7.85
|   |   |   |   |   |   |   |   |   |   |   |--- truncated branch of depth 2
|   |   |   |   |   |   |   |   |   |--- feature_7 >  17.50
|   |   |   |   |   |   |   |   |   |   |--- class: negative
|   |   |   |   |   |   |--- feature_13 >  8.50
|   |   |   |   |   |   |   |--- class: positive
|   |   |   |   |   |--- feature_18 >  0.03
|   |   |   |   |   |   |--- feature_18 <= 0.99
|   |   |   |   |   |   |   |--- class: positive
|   |   |   |   |   |   |--- feature_18 >  0.99
|   |   |   |   |   |   |   |--- feature_11 <= 7.85
|   |   |   |   |   |   |   |   |--- class: negative
|   |   |   |   |   |   |   |--- feature_11 >  7.85
|   |   |   |   |   |   |   |   |--- feature_12 <= 42.75
|   |   |   |   |   |   |   |   |   |--- feature_8 <= 2.50
|   |   |   |   |   |   |   |   |   |   |--- class: negative
|   |   |   |   |   |   |   |   |   |--- feature_8 >  2.50
|   |   |   |   |   |   |   |   |   |   |--- class: positive
|   |   |   |   |   |   |   |   |--- feature_12 >  42.75
|   |   |   |   |   |   |   |   |   |--- class: negative
|   |   |   |--- feature_23 >  0.00
|   |   |   |   |--- feature_23 <= 1.00
|   |   |   |   |   |--- class: positive
|   |   |   |   |--- feature_23 >  1.00
|   |   |   |   |   |--- feature_11 <= 7.30
|   |   |   |   |   |   |--- feature_0 <= 1976.50
|   |   |   |   |   |   |   |--- feature_14 <= 1.50
|   |   |   |   |   |   |   |   |--- feature_1 <= 22.00
|   |   |   |   |   |   |   |   |   |--- feature_13 <= 4.70
|   |   |   |   |   |   |   |   |   |   |--- class: positive
|   |   |   |   |   |   |   |   |   |--- feature_13 >  4.70
|   |   |   |   |   |   |   |   |   |   |--- class: negative
|   |   |   |   |   |   |   |   |--- feature_1 >  22.00
|   |   |   |   |   |   |   |   |   |--- feature_10 <= 9.79
|   |   |   |   |   |   |   |   |   |   |--- feature_1 <= 41.50
|   |   |   |   |   |   |   |   |   |   |   |--- truncated branch of depth 3
|   |   |   |   |   |   |   |   |   |   |--- feature_1 >  41.50
|   |   |   |   |   |   |   |   |   |   |   |--- class: positive
|   |   |   |   |   |   |   |   |   |--- feature_10 >  9.79
|   |   |   |   |   |   |   |   |   |   |--- feature_11 <= 4.25
|   |   |   |   |   |   |   |   |   |   |   |--- class: positive
|   |   |   |   |   |   |   |   |   |   |--- feature_11 >  4.25
|   |   |   |   |   |   |   |   |   |   |   |--- class: negative
|   |   |   |   |   |   |   |--- feature_14 >  1.50
|   |   |   |   |   |   |   |   |--- feature_12 <= 43.56
|   |   |   |   |   |   |   |   |   |--- feature_9 <= 7.88
|   |   |   |   |   |   |   |   |   |   |--- feature_13 <= 4.96
|   |   |   |   |   |   |   |   |   |   |   |--- class: positive
|   |   |   |   |   |   |   |   |   |   |--- feature_13 >  4.96
|   |   |   |   |   |   |   |   |   |   |   |--- truncated branch of depth 5
|   |   |   |   |   |   |   |   |   |--- feature_9 >  7.88
|   |   |   |   |   |   |   |   |   |   |--- feature_10 <= 38.60
|   |   |   |   |   |   |   |   |   |   |   |--- class: negative
|   |   |   |   |   |   |   |   |   |   |--- feature_10 >  38.60
|   |   |   |   |   |   |   |   |   |   |   |--- truncated branch of depth 3
|   |   |   |   |   |   |   |   |--- feature_12 >  43.56
|   |   |   |   |   |   |   |   |   |--- class: negative
|   |   |   |   |   |   |--- feature_0 >  1976.50
|   |   |   |   |   |   |   |--- feature_0 <= 1993.50
|   |   |   |   |   |   |   |   |--- feature_10 <= 9.10
|   |   |   |   |   |   |   |   |   |--- feature_7 <= 34.50
|   |   |   |   |   |   |   |   |   |   |--- class: negative
|   |   |   |   |   |   |   |   |   |--- feature_7 >  34.50
|   |   |   |   |   |   |   |   |   |   |--- feature_1 <= 18.00
|   |   |   |   |   |   |   |   |   |   |   |--- class: positive
|   |   |   |   |   |   |   |   |   |   |--- feature_1 >  18.00
|   |   |   |   |   |   |   |   |   |   |   |--- class: negative
|   |   |   |   |   |   |   |   |--- feature_10 >  9.10
|   |   |   |   |   |   |   |   |   |--- feature_13 <= 5.01
|   |   |   |   |   |   |   |   |   |   |--- feature_50 <= 0.96
|   |   |   |   |   |   |   |   |   |   |   |--- class: positive
|   |   |   |   |   |   |   |   |   |   |--- feature_50 >  0.96
|   |   |   |   |   |   |   |   |   |   |   |--- truncated branch of depth 7
|   |   |   |   |   |   |   |   |   |--- feature_13 >  5.01
|   |   |   |   |   |   |   |   |   |   |--- feature_10 <= 21.87
|   |   |   |   |   |   |   |   |   |   |   |--- truncated branch of depth 10
|   |   |   |   |   |   |   |   |   |   |--- feature_10 >  21.87
|   |   |   |   |   |   |   |   |   |   |   |--- class: negative
|   |   |   |   |   |   |   |--- feature_0 >  1993.50
|   |   |   |   |   |   |   |   |--- class: negative
|   |   |   |   |   |--- feature_11 >  7.30
|   |   |   |   |   |   |--- feature_0 <= 1955.50
|   |   |   |   |   |   |   |--- feature_1 <= 1346.00
|   |   |   |   |   |   |   |   |--- feature_0 <= 1947.50
|   |   |   |   |   |   |   |   |   |--- feature_10 <= 28.35
|   |   |   |   |   |   |   |   |   |   |--- class: negative
|   |   |   |   |   |   |   |   |   |--- feature_10 >  28.35
|   |   |   |   |   |   |   |   |   |   |--- feature_8 <= 2.00
|   |   |   |   |   |   |   |   |   |   |   |--- class: negative
|   |   |   |   |   |   |   |   |   |   |--- feature_8 >  2.00
|   |   |   |   |   |   |   |   |   |   |   |--- class: positive
|   |   |   |   |   |   |   |   |--- feature_0 >  1947.50
|   |   |   |   |   |   |   |   |   |--- feature_12 <= 45.00
|   |   |   |   |   |   |   |   |   |   |--- feature_9 <= 8.35
|   |   |   |   |   |   |   |   |   |   |   |--- truncated branch of depth 4
|   |   |   |   |   |   |   |   |   |   |--- feature_9 >  8.35
|   |   |   |   |   |   |   |   |   |   |   |--- class: negative
|   |   |   |   |   |   |   |   |   |--- feature_12 >  45.00
|   |   |   |   |   |   |   |   |   |   |--- class: negative
|   |   |   |   |   |   |   |--- feature_1 >  1346.00
|   |   |   |   |   |   |   |   |--- feature_1 <= 1552.50
|   |   |   |   |   |   |   |   |   |--- class: positive
|   |   |   |   |   |   |   |   |--- feature_1 >  1552.50
|   |   |   |   |   |   |   |   |   |--- feature_12 <= 35.25
|   |   |   |   |   |   |   |   |   |   |--- class: negative
|   |   |   |   |   |   |   |   |   |--- feature_12 >  35.25
|   |   |   |   |   |   |   |   |   |   |--- class: positive
|   |   |   |   |   |   |--- feature_0 >  1955.50
|   |   |   |   |   |   |   |--- feature_12 <= 95.30
|   |   |   |   |   |   |   |   |--- class: negative
|   |   |   |   |   |   |   |--- feature_12 >  95.30
|   |   |   |   |   |   |   |   |--- feature_1 <= 12.50
|   |   |   |   |   |   |   |   |   |--- feature_2 <= -0.50
|   |   |   |   |   |   |   |   |   |   |--- class: positive
|   |   |   |   |   |   |   |   |   |--- feature_2 >  -0.50
|   |   |   |   |   |   |   |   |   |   |--- class: negative
|   |   |   |   |   |   |   |   |--- feature_1 >  12.50
|   |   |   |   |   |   |   |   |   |--- class: negative
