|--- feature_12 <= 32.40
|   |--- feature_49 <= 1.00
|   |   |--- feature_49 <= 0.00
|   |   |   |--- feature_24 <= 1.00
|   |   |   |   |--- feature_24 <= 0.00
|   |   |   |   |   |--- feature_53 <= 0.00
|   |   |   |   |   |   |--- feature_23 <= 1.00
|   |   |   |   |   |   |   |--- feature_23 <= 0.00
|   |   |   |   |   |   |   |   |--- feature_2 <= -0.50
|   |   |   |   |   |   |   |   |   |--- feature_25 <= 0.00
|   |   |   |   |   |   |   |   |   |   |--- feature_51 <= 0.02
|   |   |   |   |   |   |   |   |   |   |   |--- truncated branch of depth 9
|   |   |   |   |   |   |   |   |   |   |--- feature_51 >  0.02
|   |   |   |   |   |   |   |   |   |   |   |--- truncated branch of depth 9
|   |   |   |   |   |   |   |   |   |--- feature_25 >  0.00
|   |   |   |   |   |   |   |   |   |   |--- feature_25 <= 0.99
|   |   |   |   |   |   |   |   |   |   |   |--- class: positive
|   |   |   |   |   |   |   |   |   |   |--- feature_25 >  0.99
|   |   |   |   |   |   |   |   |   |   |   |--- truncated branch of depth 13
|   |   |   |   |   |   |   |   |--- feature_2 >  -0.50
|   |   |   |   |   |   |   |   |   |--- feature_9 <= 4.60
|   |   |   |   |   |   |   |   |   |   |--- feature_12 <= 15.30
|   |   |   |   |   |   |   |   |   |   |   |--- truncated branch of depth 2
|   |   |   |   |   |   |   |   |   |   |--- feature_12 >  15.30
|   |   |   |   |   |   |   |   |   |   |   |--- class: negative
|   |   |   |   |   |   |   |   |   |--- feature_9 >  4.60
|   |   |   |   |   |   |   |   |   |   |--- feature_1 <= 64.50
|   |   |   |   |   |   |   |   |   |   |   |--- truncated branch of depth 14
|   |   |   |   |   |   |   |   |   |   |--- feature_1 >  64.50
|   |   |   |   |   |   |   |   |   |   |   |--- truncated branch of depth 10
|   |   |   |   |   |   |   |--- feature_23 >  0.00
|   |   |   |   |   |   |   |   |--- class: positive
|   |   |   |   |   |   |--- feature_23 >  1.00
|   |   |   |   |   |   |   |--- feature_13 <= 5.01
|   |   |   |   |   |   |   |   |--- feature_11 <= 6.10
|   |   |   |   |   |   |   |   |   |--- feature_11 <= 4.31
|   |   |   |   |   |   |   |   |   |   |--- feature_10 <= 22.25
|   |   |   |   |   |   |   |   |   |   |   |--- class: negative
|   |   |   |   |   |   |   |   |   |   |--- feature_10 >  22.25
|   |   |   |   |   |   |   |   |   |   |   |--- truncated branch of depth 2
|   |   |   |   |   |   |   |   |   |--- feature_11 >  4.31
|   |   |   |   |   |   |   |   |   |   |--- feature_14 <= 1.50
|   |   |   |   |   |   |   |   |   |   |   |--- truncated branch of depth 9
|   |   |   |   |   |   |   |   |   |   |--- feature_14 >  1.50
|   |   |   |   |   |   |   |   |   |   |   |--- truncated branch of depth 9
|   |   |   |   |   |   |   |   |--- feature_11 >  6.10
|   |   |   |   |   |   |   |   |   |--- feature_2 <= -0.50
|   |   |   |   |   |   |   |   |   |   |--- feature_1 <= 80.50
|   |   |   |   |   |   |   |   |   |   |   |--- truncated branch of depth 9
|   |   |   |   |   |   |   |   |   |   |--- feature_1 >  80.50
|   |   |   |   |   |   |   |   |   |   |   |--- truncated branch of depth 2
|   |   |   |   |   |   |   |   |   |--- feature_2 >  -0.50
|   |   |   |   |   |   |   |   |   |   |--- feature_12 <= 18.86
|   |   |   |   |   |   |   |   |   |   |   |--- truncated branch of depth 6
|   |   |   |   |   |   |   |   |   |   |--- feature_12 >  18.86
|   |   |   |   |   |   |   |   |   |   |   |--- truncated branch of depth 4
|   |   |   |   |   |   |   |--- feature_13 >  5.01
|   |   |   |   |   |   |   |   |--- feature_13 <= 8.00
|   |   |   |   |   |   |   |   |   |--- feature_11 <= 7.96
|   |   |   |   |   |   |   |   |   |   |--- feature_13 <= 5.99
|   |   |   |   |   |   |   |   |   |   |   |--- class: positive
|   |   |   |   |   |   |   |   |   |   |--- feature_13 >  5.99
|   |   |   |   |   |   |   |   |   |   |   |--- truncated branch of depth 10
|   |   |   |   |   |   |   |   |   |--- feature_11 >  7.96
|   |   |   |   |   |   |   |   |   |   |--- feature_15 <= 16.00
|   |   |   |   |   |   |   |   |   |   |   |--- class: positive
|   |   |   |   |   |   |   |   |   |   |--- feature_15 >  16.00
|   |   |   |   |   |   |   |   |   |   |   |--- class: negative
|   |   |   |   |   |   |   |   |--- feature_13 >  8.00
|   |   |   |   |   |   |   |   |   |--- feature_9 <= 21.25
|   |   |   |   |   |   |   |   |   |   |--- feature_2 <= -0.50
|   |   |   |   |   |   |   |   |   |   |   |--- truncated branch of depth 11
|   |   |   |   |   |   |   |   |   |   |--- feature_2 >  -0.50
|   |   |   |   |   |   |   |   |   |   |   |--- truncated branch of depth 9
|   |   |   |   |   |   |   |   |   |--- feature_9 >  21.25
|   |   |   |   |   |   |   |   |   |   |--- feature_12 <= 22.99
|   |   |   |   |   |   |   |   |   |   |   |--- class: negative
|   |   |   |   |   |   |   |   |   |   |--- feature_12 >  22.99
|   |   |   |   |   |   |   |   |   |   |   |--- class: positive
|   |   |   |   |   |--- feature_53 >  0.00
|   |   |   |   |   |   |--- feature_12 <= 0.03
|   |   |   |   |   |   |   |--- feature_1 <= 42.50
|   |   |   |   |   |   |   |   |--- feature_0 <= 1919.50
|   |   |   |   |   |   |   |   |   |--- class: negative
|   |   |   |   |   |   |   |   |--- feature_0 >  1919.50
|   |   |   |   |   |   |   |   |   |--- feature_13 <= 7.00
|   |   |   |   |   |   |   |   |   |   |--- class: negative
|   |   |   |   |   |   |   |   |   |--- feature_13 >  7.00
|   |   |   |   |   |   |   |   |   |   |--- feature_10 <= 32.45
|   |   |   |   |   |   |   |   |   |   |   |--- class: positive
|   |   |   |   |   |   |   |   |   |   |--- feature_10 >  32.45
|   |   |   |   |   |   |   |   |   |   |   |--- class: negative
|   |   |   |   |   |   |   |--- feature_1 >  42.50
|   |   |   |   |   |   |   |   |--- feature_1 <= 49.00
|   |   |   |   |   |   |   |   |   |--- class: positive
|   |   |   |   |   |   |   |   |--- feature_1 >  49.00
|   |   |   |   |   |   |   |   |   |--- feature_11 <= 4.45
|   |   |   |   |   |   |   |   |   |   |--- feature_11 <= 3.80
|   |   |   |   |   |   |   |   |   |   |   |--- class: negative
|   |   |   |   |   |   |   |   |   |   |--- feature_11 >  3.80
|   |   |   |   |   |   |   |   |   |   |   |--- class: positive
|   |   |   |   |   |   |   |   |   |--- feature_11 >  4.45
|   |   |   |   |   |   |   |   |   |   |--- class: negative
|   |   |   |   |   |   |--- feature_12 >  0.03
|   |   |   |   |   |   |   |--- feature_53 <= 1.00
|   |   |   |   |   |   |   |   |--- class: positive
|   |   |   |   |   |   |   |--- feature_53 >  1.00
|   |   |   |   |   |   |   |   |--- feature_12 <= 16.15
|   |   |   |   |   |   |   |   |   |--- feature_10 <= 11.37
|   |   |   |   |   |   |   |   |   |   |--- class: negative
|   |   |   |   |   |   |   |   |   |--- feature_10 >  11.37
|   |   |   |   |   |   |   |   |   |   |--- feature_13 <= 8.00
|   |   |   |   |   |   |   |   |   |   |   |--- truncated branch of depth 14
|   |   |   |   |   |   |   |   |   |   |--- feature_13 >  8.00
|   |   |   |   |   |   |   |   |   |   |   |--- truncated branch of depth 11
|   |   |   |   |   |   |   |   |--- feature_12 >  16.15
|   |   |   |   |   |   |   |   |   |--- feature_14 <= 1.50
|   |   |   |   |   |   |   |   |   |   |--- feature_11 <= 4.70
|   |   |   |   |   |   |   |   |   |   |   |--- truncated branch of depth 3
|   |   |   |   |   |   |   |   |   |   |--- feature_11 >  4.70
|   |   |   |   |   |   |   |   |   |   |   |--- truncated branch of depth 3
|   |   |   |   |   |   |   |   |   |--- feature_14 >  1.50
|   |   |   |   |   |   |   |   |   |   |--- feature_0 <= 1926.50
|   |   |   |   |   |   |   |   |   |   |   |--- truncated branch of depth 3
|   |   |   |   |   |   |   |   |   |   |--- feature_0 >  1926.50
|   |   |   |   |   |   |   |   |   |   |   |--- class: negative
|   |   |   |   |--- feature_24 >  0.00
|   |   |   |   |   |--- class: positive
|   |   |   |--- feature_24 >  1.00
|   |   |   |   |--- feature_2 <= 0.50
|   |   |   |   |   |--- feature_29 <= 0.25
|   |   |   |   |   |   |--- feature_9 <= 8.65
|   |   |   |   |   |   |   |--- class: negative
|   |   |   |   |   |   |--- feature_9 >  8.65
|   |   |   |   |   |   |   |--- feature_9 <= 10.55
|   |   |   |   |   |   |   |   |--- feature_11 <= 7.60
|   |   |   |   |   |   |   |   |   |--- feature_7 <= 4.50
|   |   |   |   |   |   |   |   |   |   |--- feature_0 <= 1943.00
|   |   |   |   |   |   |   |   |   |   |   |--- truncated branch of depth 2
|   |   |   |   |   |   |   |   |   |   |--- feature_0 >  1943.00
|   |   |   |   |   |   |   |   |   |   |   |--- truncated branch of depth 3
|   |   |   |   |   |   |   |   |   |--- feature_7 >  4.50
|   |   |   |   |   |   |   |   |   |   |--- class: positive
|   |   |   |   |   |   |   |   |--- feature_11 >  7.60
|   |   |   |   |   |   |   |   |   |--- class: negative
|   |   |   |   |   |   |   |--- feature_9 >  10.55
|   |   |   |   |   |   |   |   |--- feature_0 <= 1950.50
|   |   |   |   |   |   |   |   |   |--- feature_8 <= 3.50
|   |   |   |   |   |   |   |   |   |   |--- class: negative
|   |   |   |   |   |   |   |   |   |--- feature_8 >  3.50
|   |   |   |   |   |   |   |   |   |   |--- feature_12 <= 25.13
|   |   |   |   |   |   |   |   |   |   |   |--- truncated branch of depth 2
|   |   |   |   |   |   |   |   |   |   |--- feature_12 >  25.13
|   |   |   |   |   |   |   |   |   |   |   |--- class: negative
|   |   |   |   |   |   |   |   |--- feature_0 >  1950.50
|   |   |   |   |   |   |   |   |   |--- feature_7 <= 42.50
|   |   |   |   |   |   |   |   |   |   |--- class: negative
|   |   |   |   |   |   |   |   |   |--- feature_7 >  42.50
|   |   |   |   |   |   |   |   |   |   |--- feature_10 <= 47.70
|   |   |   |   |   |   |   |   |   |   |   |--- class: negative
|   |   |   |   |   |   |   |   |   |   |--- feature_10 >  47.70
|   |   |   |   |   |   |   |   |   |   |   |--- class: positive
|   |   |   |   |   |--- feature_29 >  0.25
|   |   |   |   |   |   |--- feature_0 <= 1971.50
|   |   |   |   |   |   |   |--- class: negative
|   |   |   |   |   |   |--- feature_0 >  1971.50
|   |   |   |   |   |   |   |--- class: positive
|   |   |   |   |--- feature_2 >  0.50
|   |   |   |   |   |--- feature_1 <= 379.50
|   |   |   |   |   |   |--- feature_1 <= 219.50
|   |   |   |   |   |   |   |--- feature_38 <= 0.30
|   |   |   |   |   |   |   |   |--- class: negative
|   |   |   |   |   |   |   |--- feature_38 >  0.30
|   |   |   |   |   |   |   |   |--- feature_1 <= 148.00
|   |   |   |   |   |   |   |   |   |--- class: negative
|   |   |   |   |   |   |   |   |--- feature_1 >  148.00
|   |   |   |   |   |   |   |   |   |--- class: positive
|   |   |   |   |   |   |--- feature_1 >  219.50
|   |   |   |   |   |   |   |--- feature_13 <= 7.96
|   |   |   |   |   |   |   |   |--- feature_1 <= 260.50
|   |   |   |   |   |   |   |   |   |--- class: positive
|   |   |   |   |   |   |   |   |--- feature_1 >  260.50
|   |   |   |   |   |   |   |   |   |--- feature_9 <= 11.86
|   |   |   |   |   |   |   |   |   |   |--- class: positive
|   |   |   |   |   |   |   |   |   |--- feature_9 >  11.86
|   |   |   |   |   |   |   |   |   |   |--- feature_8 <= 5.50
|   |   |   |   |   |   |   |   |   |   |   |--- class: negative
|   |   |   |   |   |   |   |   |   |   |--- feature_8 >  5.50
|   |   |   |   |   |   |   |   |   |   |   |--- class: positive
|   |   |   |   |   |   |   |--- feature_13 >  7.96
|   |   |   |   |   |   |   |   |--- feature_12 <= 22.50
|   |   |   |   |   |   |   |   |   |--- class: positive
|   |   |   |   |   |   |   |   |--- feature_12 >  22.50
|   |   |   |   |   |   |   |   |   |--- class: negative
|   |   |   |   |   |--- feature_1 >  379.50
|   |   |   |   |   |   |--- feature_12 <= 20.00
|   |   |   |   |   |   |   |--- feature_13 <= 5.50
|   |   |   |   |   |   |   |   |--- class: positive
|   |   |   |   |   |   |   |--- feature_13 >  5.50
|   |   |   |   |   |   |   |   |--- feature_8 <= 15.00
|   |   |   |   |   |   |   |   |   |--- class: negative
|   |   |   |   |   |   |   |   |--- feature_8 >  15.00
|   |   |   |   |   |   |   |   |   |--- class: positive
|   |   |   |   |   |   |--- feature_12 >  20.00
|   |   |   |   |   |   |   |--- feature_0 <= 1965.50
|   |   |   |   |   |   |   |   |--- class: negative
|   |   |   |   |   |   |   |--- feature_0 >  1965.50
|   |   |   |   |   |   |   |   |--- feature_1 <= 870.00
|   |   |   |   |   |   |   |   |   |--- feature_10 <= 71.95
|   |   |   |   |   |   |   |   |   |   |--- class: positive
|   |   |   |   |   |   |   |   |   |--- feature_10 >  71.95
|   |   |   |   |   |   |   |   |   |   |--- class: negative
|   |   |   |   |   |   |   |   |--- feature_1 >  870.00
|   |   |   |   |   |   |   |   |   |--- class: negative
|   |   |--- feature_49 >  0.00
|   |   |   |--- class: positive
|   |--- feature_49 >  1.00
|   |   |--- feature_1 <= 40.50
|   |   |   |--- feature_29 <= 0.01
|   |   |   |   |--- feature_15 <= 18.00
|   |   |   |   |   |--- feature_14 <= 1.50
|   |   |   |   |   |   |--- feature_1 <= 22.50
|   |   |   |   |   |   |   |--- class: negative
|   |   |   |   |   |   |--- feature_1 >  22.50
|   |   |   |   |   |   |   |--- class: positive
|   |   |   |   |   |--- feature_14 >  1.50
|   |   |   |   |   |   |--- class: negative
|   |   |   |   |--- feature_15 >  18.00
|   |   |   |   |   |--- feature_12 <= 17.60
|   |   |   |   |   |   |--- feature_11 <= 8.90
|   |   |   |   |   |   |   |--- feature_10 <= 10.85
|   |   |   |   |   |   |   |   |--- class: negative
|   |   |   |   |   |   |   |--- feature_10 >  10.85
|   |   |   |   |   |   |   |   |--- feature_10 <= 11.45
|   |   |   |   |   |   |   |   |   |--- feature_1 <= 12.50
|   |   |   |   |   |   |   |   |   |   |--- class: negative
|   |   |   |   |   |   |   |   |   |--- feature_1 >  12.50
|   |   |   |   |   |   |   |   |   |   |--- class: positive
|   |   |   |   |   |   |   |   |--- feature_10 >  11.45
|   |   |   |   |   |   |   |   |   |--- class: negative
|   |   |   |   |   |   |--- feature_11 >  8.90
|   |   |   |   |   |   |   |--- class: positive
|   |   |   |   |   |--- feature_12 >  17.60
|   |   |   |   |   |   |--- class: negative
|   |   |   |--- feature_29 >  0.01
|   |   |   |   |--- feature_12 <= 24.71
|   |   |   |   |   |--- feature_12 <= 10.94
|   |   |   |   |   |   |--- class: negative
|   |   |   |   |   |--- feature_12 >  10.94
|   |   |   |   |   |   |--- class: positive
|   |   |   |   |--- feature_12 >  24.71
|   |   |   |   |   |--- class: negative
|   |   |--- feature_1 >  40.50
|   |   |   |--- feature_11 <= 7.30
|   |   |   |   |--- feature_11 <= 6.20
|   |   |   |   |   |--- feature_14 <= 1.50
|   |   |   |   |   |   |--- feature_13 <= 3.55
|   |   |   |   |   |   |   |--- class: negative
|   |   |   |   |   |   |--- feature_13 >  3.55
|   |   |   |   |   |   |   |--- class: positive
|   |   |   |   |   |--- feature_14 >  1.50
|   |   |   |   |   |   |--- feature_18 <= 0.02
|   |   |   |   |   |   |   |--- feature_1 <= 244.00
|   |   |   |   |   |   |   |   |--- class: negative
|   |   |   |   |   |   |   |--- feature_1 >  244.00
|   |   |   |   |   |   |   |   |--- feature_8 <= 2.50
|   |   |   |   |   |   |   |   |   |--- class: negative
|   |   |   |   |   |   |   |   |--- feature_8 >  2.50
|   |   |   |   |   |   |   |   |   |--- class: positive
|   |   |   |   |   |   |--- feature_18 >  0.02
|   |   |   |   |   |   |   |--- feature_0 <= 1927.50
|   |   |   |   |   |   |   |   |--- feature_11 <= 5.24
|   |   |   |   |   |   |   |   |   |--- class: negative
|   |   |   |   |   |   |   |   |--- feature_11 >  5.24
|   |   |   |   |   |   |   |   |   |--- feature_33 <= 0.50
|   |   |   |   |   |   |   |   |   |   |--- class: positive
|   |   |   |   |   |   |   |   |   |--- feature_33 >  0.50
|   |   |   |   |   |   |   |   |   |   |--- class: negative
|   |   |   |   |   |   |   |--- feature_0 >  1927.50
|   |   |   |   |   |   |   |   |--- feature_12 <= 21.15
|   |   |   |   |   |   |   |   |   |--- feature_10 <= 13.10
|   |   |   |   |   |   |   |   |   |   |--- class: positive
|   |   |   |   |   |   |   |   |   |--- feature_10 >  13.10
|   |   |   |   |   |   |   |   |   |   |--- class: negative
|   |   |   |   |   |   |   |   |--- feature_12 >  21.15
|   |   |   |   |   |   |   |   |   |--- class: negative
|   |   |   |   |--- feature_11 >  6.20
|   |   |   |   |   |--- feature_1 <= 59.50
|   |   |   |   |   |   |--- class: negative
|   |   |   |   |   |--- feature_1 >  59.50
|   |   |   |   |   |   |--- feature_9 <= 12.53
|   |   |   |   |   |   |   |--- feature_0 <= 1927.00
|   |   |   |   |   |   |   |   |--- class: negative
|   |   |   |   |   |   |   |--- feature_0 >  1927.00
|   |   |   |   |   |   |   |   |--- feature_2 <= -0.50
|   |   |   |   |   |   |   |   |   |--- feature_1 <= 76.50
|   |   |   |   |   |   |   |   |   |   |--- feature_8 <= 3.50
|   |   |   |   |   |   |   |   |   |   |   |--- class: positive
|   |   |   |   |   |   |   |   |   |   |--- feature_8 >  3.50
|   |   |   |   |   |   |   |   |   |   |   |--- class: negative
|   |   |   |   |   |   |   |   |   |--- feature_1 >  76.50
|   |   |   |   |   |   |   |   |   |   |--- class: negative
|   |   |   |   |   |   |   |   |--- feature_2 >  -0.50
|   |   |   |   |   |   |   |   |   |--- class: positive
|   |   |   |   |   |   |--- feature_9 >  12.53
|   |   |   |   |   |   |   |--- class: negative
|   |   |   |--- feature_11 >  7.30
|   |   |   |   |--- feature_1 <= 322.50
|   |   |   |   |   |--- feature_10 <= 36.50
|   |   |   |   |   |   |--- class: negative
|   |   |   |   |   |--- feature_10 >  36.50
|   |   |   |   |   |   |--- feature_0 <= 1956.50
|   |   |   |   |   |   |   |--- feature_1 <= 187.50
|   |   |   |   |   |   |   |   |--- feature_2 <= -0.50
|   |   |   |   |   |   |   |   |   |--- class: negative
|   |   |   |   |   |   |   |   |--- feature_2 >  -0.50
|   |   |   |   |   |   |   |   |   |--- feature_10 <= 49.75
|   |   |   |   |   |   |   |   |   |   |--- feature_13 <= 6.50
|   |   |   |   |   |   |   |   |   |   |   |--- class: negative
|   |   |   |   |   |   |   |   |   |   |--- feature_13 >  6.50
|   |   |   |   |   |   |   |   |   |   |   |--- class: positive
|   |   |   |   |   |   |   |   |   |--- feature_10 >  49.75
|   |   |   |   |   |   |   |   |   |   |--- feature_10 <= 56.90
|   |   |   |   |   |   |   |   |   |   |   |--- class: negative
|   |   |   |   |   |   |   |   |   |   |--- feature_10 >  56.90
|   |   |   |   |   |   |   |   |   |   |   |--- truncated branch of depth 2
|   |   |   |   |   |   |   |--- feature_1 >  187.50
|   |   |   |   |   |   |   |   |--- class: negative
|   |   |   |   |   |   |--- feature_0 >  1956.50
|   |   |   |   |   |   |   |--- class: negative
|   |   |   |   |--- feature_1 >  322.50
|   |   |   |   |   |--- feature_11 <= 7.89
|   |   |   |   |   |   |--- feature_12 <= 22.95
|   |   |   |   |   |   |   |--- class: negative
|   |   |   |   |   |   |--- feature_12 >  22.95
|   |   |   |   |   |   |   |--- feature_30 <= 1.00
|   |   |   |   |   |   |   |   |--- feature_0 <= 1942.00
|   |   |   |   |   |   |   |   |   |--- feature_12 <= 30.70
|   |   |   |   |   |   |   |   |   |   |--- class: negative
|   |   |   |   |   |   |   |   |   |--- feature_12 >  30.70
|   |   |   |   |   |   |   |   |   |   |--- class: positive
|   |   |   |   |   |   |   |   |--- feature_0 >  1942.00
|   |   |   |   |   |   |   |   |   |--- class: positive
|   |   |   |   |   |   |   |--- feature_30 >  1.00
|   |   |   |   |   |   |   |   |--- feature_0 <= 1954.50
|   |   |   |   |   |   |   |   |   |--- class: negative
|   |   |   |   |   |   |   |   |--- feature_0 >  1954.50
|   |   |   |   |   |   |   |   |   |--- feature_9 <= 5.65
|   |   |   |   |   |   |   |   |   |   |--- class: negative
|   |   |   |   |   |   |   |   |   |--- feature_9 >  5.65
|   |   |   |   |   |   |   |   |   |   |--- class: positive
|   |   |   |   |   |--- feature_11 >  7.89
|   |   |   |   |   |   |--- feature_9 <= 3.85
|   |   |   |   |   |   |   |--- feature_18 <= 0.50
|   |   |   |   |   |   |   |   |--- class: positive
|   |   |   |   |   |   |   |--- feature_18 >  0.50
|   |   |   |   |   |   |   |   |--- class: negative
|   |   |   |   |   |   |--- feature_9 >  3.85
|   |   |   |   |   |   |   |--- class: negative
|--- feature_12 >  32.40
|   |--- feature_49 <= 1.00
|   |   |--- feature_49 <= 0.00
|   |   |   |--- feature_11 <= 7.20
|   |   |   |   |--- feature_23 <= 0.00
|   |   |   |   |   |--- feature_11 <= 6.43
|   |   |   |   |   |   |--- feature_1 <= 7.50
|   |   |   |   |   |   |   |--- feature_8 <= 1.50
|   |   |   |   |   |   |   |   |--- feature_12 <= 38.48
|   |   |   |   |   |   |   |   |   |--- class: positive
|   |   |   |   |   |   |   |   |--- feature_12 >  38.48
|   |   |   |   |   |   |   |   |   |--- feature_7 <= 22.50
|   |   |   |   |   |   |   |   |   |   |--- class: negative
|   |   |   |   |   |   |   |   |   |--- feature_7 >  22.50
|   |   |   |   |   |   |   |   |   |   |--- class: positive
|   |   |   |   |   |   |   |--- feature_8 >  1.50
|   |   |   |   |   |   |   |   |--- class: negative
|   |   |   |   |   |   |--- feature_1 >  7.50
|   |   |   |   |   |   |   |--- feature_7 <= 42.50
|   |   |   |   |   |   |   |   |--- class: negative
|   |   |   |   |   |   |   |--- feature_7 >  42.50
|   |   |   |   |   |   |   |   |--- feature_1 <= 17.50
|   |   |   |   |   |   |   |   |   |--- class: positive
|   |   |   |   |   |   |   |   |--- feature_1 >  17.50
|   |   |   |   |   |   |   |   |   |--- class: negative
|   |   |   |   |   |--- feature_11 >  6.43
|   |   |   |   |   |   |--- feature_1 <= 310.50
|   |   |   |   |   |   |   |--- feature_13 <= 8.08
|   |   |   |   |   |   |   |   |--- feature_11 <= 6.85
|   |   |   |   |   |   |   |   |   |--- feature_2 <= -0.50
|   |   |   |   |   |   |   |   |   |   |--- feature_12 <= 36.15
|   |   |   |   |   |   |   |   |   |   |   |--- class: positive
|   |   |   |   |   |   |   |   |   |   |--- feature_12 >  36.15
|   |   |   |   |   |   |   |   |   |   |   |--- truncated branch of depth 3
|   |   |   |   |   |   |   |   |   |--- feature_2 >  -0.50
|   |   |   |   |   |   |   |   |   |   |--- class: negative
|   |   |   |   |   |   |   |   |--- feature_11 >  6.85
|   |   |   |   |   |   |   |   |   |--- class: negative
|   |   |   |   |   |   |   |--- feature_13 >  8.08
|   |   |   |   |   |   |   |   |--- feature_38 <= 0.02
|   |   |   |   |   |   |   |   |   |--- class: negative
|   |   |   |   |   |   |   |   |--- feature_38 >  0.02
|   |   |   |   |   |   |   |   |   |--- class: positive
|   |   |   |   |   |   |--- feature_1 >  310.50
|   |   |   |   |   |   |   |--- feature_10 <= 24.52
|   |   |   |   |   |   |   |   |--- class: negative
|   |   |   |   |   |   |   |--- feature_10 >  24.52
|   |   |   |   |   |   |   |   |--- feature_15 <= 18.00
|   |   |   |   |   |   |   |   |   |--- class: negative
|   |   |   |   |   |   |   |   |--- feature_15 >  18.00
|   |   |   |   |   |   |   |   |   |--- class: positive
|   |   |   |   |--- feature_23 >  0.00
|   |   |   |   |   |--- feature_23 <= 1.00
|   |   |   |   |   |   |--- class: positive
|   |   |   |   |   |--- feature_23 >  1.00
|   |   |   |   |   |   |--- feature_0 <= 1993.50
|   |   |   |   |   |   |   |--- feature_0 <= 1986.50
|   |   |   |   |   |   |   |   |--- feature_33 <= 0.01
|   |   |   |   |   |   |   |   |   |--- feature_38 <= 0.28
|   |   |   |   |   |   |   |   |   |   |--- class: negative
|   |   |   |   |   |   |   |   |   |--- feature_38 >  0.28
|   |   |   |   |   |   |   |   |   |   |--- feature_47 <= 0.02
|   |   |   |   |   |   |   |   |   |   |   |--- truncated branch of depth 10
|   |   |   |   |   |   |   |   |   |   |--- feature_47 >  0.02
|   |   |   |   |   |   |   |   |   |   |   |--- truncated branch of depth 2
|   |   |   |   |   |   |   |   |--- feature_33 >  0.01
|   |   |   |   |   |   |   |   |   |--- feature_12 <= 47.07
|   |   |   |   |   |   |   |   |   |   |--- feature_0 <= 1938.50
|   |   |   |   |   |   |   |   |   |   |   |--- class: positive
|   |   |   |   |   |   |   |   |   |   |--- feature_0 >  1938.50
|   |   |   |   |   |   |   |   |   |   |   |--- truncated branch of depth 2
|   |   |   |   |   |   |   |   |   |--- feature_12 >  47.07
|   |   |   |   |   |   |   |   |   |   |--- feature_33 <= 0.75
|   |   |   |   |   |   |   |   |   |   |   |--- class: positive
|   |   |   |   |   |   |   |   |   |   |--- feature_33 >  0.75
|   |   |   |   |   |   |   |   |   |   |   |--- class: negative
|   |   |   |   |   |   |   |--- feature_0 >  1986.50
|   |   |   |   |   |   |   |   |--- feature_9 <= 7.89
|   |   |   |   |   |   |   |   |   |--- class: negative
|   |   |   |   |   |   |   |   |--- feature_9 >  7.89
|   |   |   |   |   |   |   |   |   |--- feature_13 <= 5.00
|   |   |   |   |   |   |   |   |   |   |--- feature_12 <= 47.96
|   |   |   |   |   |   |   |   |   |   |   |--- class: negative
|   |   |   |   |   |   |   |   |   |   |--- feature_12 >  47.96
|   |   |   |   |   |   |   |   |   |   |   |--- truncated branch of depth 5
|   |   |   |   |   |   |   |   |   |--- feature_13 >  5.00
|   |   |   |   |   |   |   |   |   |   |--- feature_1 <= 34.50
|   |   |   |   |   |   |   |   |   |   |   |--- truncated branch of depth 8
|   |   |   |   |   |   |   |   |   |   |--- feature_1 >  34.50
|   |   |   |   |   |   |   |   |   |   |   |--- class: negative
|   |   |   |   |   |   |--- feature_0 >  1993.50
|   |   |   |   |   |   |   |--- class: negative
|   |   |   |--- feature_11 >  7.20
|   |   |   |   |--- feature_1 <= 45.50
|   |   |   |   |   |--- feature_47 <= 0.07
|   |   |   |   |   |   |--- feature_0 <= 1956.50
|   |   |   |   |   |   |   |--- feature_0 <= 1949.50
|   |   |   |   |   |   |   |   |--- class: negative
|   |   |   |   |   |   |   |--- feature_0 >  1949.50
|   |   |   |   |   |   |   |   |--- feature_11 <= 7.44
|   |   |   |   |   |   |   |   |   |--- feature_17 <= 0.50
|   |   |   |   |   |   |   |   |   |   |--- feature_10 <= 8.05
|   |   |   |   |   |   |   |   |   |   |   |--- truncated branch of depth 2
|   |   |   |   |   |   |   |   |   |   |--- feature_10 >  8.05
|   |   |   |   |   |   |   |   |   |   |   |--- class: negative
|   |   |   |   |   |   |   |   |   |--- feature_17 >  0.50
|   |   |   |   |   |   |   |   |   |   |--- class: positive
|   |   |   |   |   |   |   |   |--- feature_11 >  7.44
|   |   |   |   |   |   |   |   |   |--- feature_1 <= 32.00
|   |   |   |   |   |   |   |   |   |   |--- feature_12 <= 45.00
|   |   |   |   |   |   |   |   |   |   |   |--- class: positive
|   |   |   |   |   |   |   |   |   |   |--- feature_12 >  45.00
|   |   |   |   |   |   |   |   |   |   |   |--- class: negative
|   |   |   |   |   |   |   |   |   |--- feature_1 >  32.00
|   |   |   |   |   |   |   |   |   |   |--- class: negative
|   |   |   |   |   |   |--- feature_0 >  1956.50
|   |   |   |   |   |   |   |--- feature_12 <= 96.43
|   |   |   |   |   |   |   |   |--- feature_1 <= 40.50
|   |   |   |   |   |   |   |   |   |--- class: negative
|   |   |   |   |   |   |   |   |--- feature_1 >  40.50
|   |   |   |   |   |   |   |   |   |--- feature_12 <= 33.89
|   |   |   |   |   |   |   |   |   |   |--- feature_11 <= 7.25
|   |   |   |   |   |   |   |   |   |   |   |--- class: positive
|   |   |   |   |   |   |   |   |   |   |--- feature_11 >  7.25
|   |   |   |   |   |   |   |   |   |   |   |--- class: negative
|   |   |   |   |   |   |   |   |   |--- feature_12 >  33.89
|   |   |   |   |   |   |   |   |   |   |--- class: negative
|   |   |   |   |   |   |   |--- feature_12 >  96.43
|   |   |   |   |   |   |   |   |--- feature_1 <= 13.00
|   |   |   |   |   |   |   |   |   |--- feature_0 <= 1991.50
|   |   |   |   |   |   |   |   |   |   |--- class: positive
|   |   |   |   |   |   |   |   |   |--- feature_0 >  1991.50
|   |   |   |   |   |   |   |   |   |   |--- class: negative
|   |   |   |   |   |   |   |   |--- feature_1 >  13.00
|   |   |   |   |   |   |   |   |   |--- class: negative
|   |   |   |   |   |--- feature_47 >  0.07
|   |   |   |   |   |   |--- feature_47 <= 1.00
|   |   |   |   |   |   |   |--- class: positive
|   |   |   |   |   |   |--- feature_47 >  1.00
|   |   |   |   |   |   |   |--- feature_11 <= 7.25
|   |   |   |   |   |   |   |   |--- feature_12 <= 33.75
|   |   |   |   |   |   |   |   |   |--- class: negative
|   |   |   |   |   |   |   |   |--- feature_12 >  33.75
|   |   |   |   |   |   |   |   |   |--- class: positive
|   |   |   |   |   |   |   |--- feature_11 >  7.25
|   |   |   |   |   |   |   |   |--- class: negative
|   |   |   |   |--- feature_1 >  45.50
|   |   |   |   |   |--- feature_38 <= 0.00
|   |   |   |   |   |   |--- feature_51 <= 0.00
|   |   |   |   |   |   |   |--- feature_21 <= 0.01
|   |   |   |   |   |   |   |   |--- feature_33 <= 0.84
|   |   |   |   |   |   |   |   |   |--- feature_33 <= 0.01
|   |   |   |   |   |   |   |   |   |   |--- feature_8 <= 3.50
|   |   |   |   |   |   |   |   |   |   |   |--- truncated branch of depth 10
|   |   |   |   |   |   |   |   |   |   |--- feature_8 >  3.50
|   |   |   |   |   |   |   |   |   |   |   |--- class: negative
|   |   |   |   |   |   |   |   |   |--- feature_33 >  0.01
|   |   |   |   |   |   |   |   |   |   |--- class: positive
|   |   |   |   |   |   |   |   |--- feature_33 >  0.84
|   |   |   |   |   |   |   |   |   |--- feature_2 <= 36.50
|   |   |   |   |   |   |   |   |   |   |--- class: negative
|   |   |   |   |   |   |   |   |   |--- feature_2 >  36.50
|   |   |   |   |   |   |   |   |   |   |--- feature_10 <= 24.95
|   |   |   |   |   |   |   |   |   |   |   |--- class: positive
|   |   |   |   |   |   |   |   |   |   |--- feature_10 >  24.95
|   |   |   |   |   |   |   |   |   |   |   |--- class: negative
|   |   |   |   |   |   |   |--- feature_21 >  0.01
|   |   |   |   |   |   |   |   |--- feature_21 <= 0.99
|   |   |   |   |   |   |   |   |   |--- class: positive
|   |   |   |   |   |   |   |   |--- feature_21 >  0.99
|   |   |   |   |   |   |   |   |   |--- class: negative
|   |   |   |   |   |   |--- feature_51 >  0.00
|   |   |   |   |   |   |   |--- feature_51 <= 1.00
|   |   |   |   |   |   |   |   |--- class: positive
|   |   |   |   |   |   |   |--- feature_51 >  1.00
|   |   |   |   |   |   |   |   |--- feature_7 <= 1.00
|   |   |   |   |   |   |   |   |   |--- feature_12 <= 34.10
|   |   |   |   |   |   |   |   |   |   |--- feature_1 <= 1214.50
|   |   |   |   |   |   |   |   |   |   |   |--- class: negative
|   |   |   |   |   |   |   |   |   |   |--- feature_1 >  1214.50
|   |   |   |   |   |   |   |   |   |   |   |--- class: positive
|   |   |   |   |   |   |   |   |   |--- feature_12 >  34.10
|   |   |   |   |   |   |   |   |   |   |--- feature_2 <= 0.50
|   |   |   |   |   |   |   |   |   |   |   |--- truncated branch of depth 3
|   |   |   |   |   |   |   |   |   |   |--- feature_2 >  0.50
|   |   |   |   |   |   |   |   |   |   |   |--- class: negative
|   |   |   |   |   |   |   |   |--- feature_7 >  1.00
|   |   |   |   |   |   |   |   |   |--- feature_1 <= 1089.00
|   |   |   |   |   |   |   |   |   |   |--- class: negative
|   |   |   |   |   |   |   |   |   |--- feature_1 >  1089.00
|   |   |   |   |   |   |   |   |   |   |--- feature_12 <= 53.87
|   |   |   |   |   |   |   |   |   |   |   |--- truncated branch of depth 3
|   |   |   |   |   |   |   |   |   |   |--- feature_12 >  53.87
|   |   |   |   |   |   |   |   |   |   |   |--- class: negative
|   |   |   |   |   |--- feature_38 >  0.00
|   |   |   |   |   |   |--- feature_38 <= 1.00
|   |   |   |   |   |   |   |--- class: positive
|   |   |   |   |   |   |--- feature_38 >  1.00
|   |   |   |   |   |   |   |--- feature_12 <= 42.19
|   |   |   |   |   |   |   |   |--- feature_23 <= 0.00
|   |   |   |   |   |   |   |   |   |--- feature_10 <= 47.05
|   |   |   |   |   |   |   |   |   |   |--- class: negative
|   |   |   |   |   |   |   |   |   |--- feature_10 >  47.05
|   |   |   |   |   |   |   |   |   |   |--- feature_10 <= 48.30
|   |   |   |   |   |   |   |   |   |   |   |--- truncated branch of depth 2
|   |   |   |   |   |   |   |   |   |   |--- feature_10 >  48.30
|   |   |   |   |   |   |   |   |   |   |   |--- class: negative
|   |   |   |   |   |   |   |   |--- feature_23 >  0.00
|   |   |   |   |   |   |   |   |   |--- feature_10 <= 9.95
|   |   |   |   |   |   |   |   |   |   |--- class: negative
|   |   |   |   |   |   |   |   |   |--- feature_10 >  9.95
|   |   |   |   |   |   |   |   |   |   |--- feature_13 <= 5.14
|   |   |   |   |   |   |   |   |   |   |   |--- truncated branch of depth 3
|   |   |   |   |   |   |   |   |   |   |--- feature_13 >  5.14
|   |   |   |   |   |   |   |   |   |   |   |--- truncated branch of depth 7
|   |   |   |   |   |   |   |--- feature_12 >  42.19
|   |   |   |   |   |   |   |   |--- feature_1 <= 48.50
|   |   |   |   |   |   |   |   |   |--- class: positive
|   |   |   |   |   |   |   |   |--- feature_1 >  48.50
|   |   |   |   |   |   |   |   |   |--- feature_9 <= 5.95
|   |   |   |   |   |   |   |   |   |   |--- feature_1 <= 265.50
|   |   |   |   |   |   |   |   |   |   |   |--- class: negative
|   |   |   |   |   |   |   |   |   |   |--- feature_1 >  265.50
|   |   |   |   |   |   |   |   |   |   |   |--- class: positive
|   |   |   |   |   |   |   |   |   |--- feature_9 >  5.95
|   |   |   |   |   |   |   |   |   |   |--- class: negative
|   |   |--- feature_49 >  0.00
|   |   |   |--- class: positive
|   |--- feature_49 >  1.00
|   |   |--- feature_12 <= 37.15
|   |   |   |--- feature_1 <= 338.50
|   |   |   |   |--- class: negative
|   |   |   |--- feature_1 >  338.50
|   |   |   |   |--- feature_11 <= 7.90
|   |   |   |   |   |--- feature_30 <= 0.78
|   |   |   |   |   |   |--- feature_12 <= 32.45
|   |   |   |   |   |   |   |--- class: negative
|   |   |   |   |   |   |--- feature_12 >  32.45
|   |   |   |   |   |   |   |--- feature_29 <= 0.99
|   |   |   |   |   |   |   |   |--- class: positive
|   |   |   |   |   |   |   |--- feature_29 >  0.99
|   |   |   |   |   |   |   |   |--- feature_13 <= 4.50
|   |   |   |   |   |   |   |   |   |--- class: positive
|   |   |   |   |   |   |   |   |--- feature_13 >  4.50
|   |   |   |   |   |   |   |   |   |--- class: negative
|   |   |   |   |   |--- feature_30 >  0.78
|   |   |   |   |   |   |--- class: negative
|   |   |   |   |--- feature_11 >  7.90
|   |   |   |   |   |--- feature_12 <= 36.70
|   |   |   |   |   |   |--- class: negative
|   |   |   |   |   |--- feature_12 >  36.70
|   |   |   |   |   |   |--- class: positive
|   |   |--- feature_12 >  37.15
|   |   |   |--- feature_12 <= 43.88
|   |   |   |   |--- feature_12 <= 43.83
|   |   |   |   |   |--- feature_13 <= 7.15
|   |   |   |   |   |   |--- class: negative
|   |   |   |   |   |--- feature_13 >  7.15
|   |   |   |   |   |   |--- feature_13 <= 7.65
|   |   |   |   |   |   |   |--- class: positive
|   |   |   |   |   |   |--- feature_13 >  7.65
|   |   |   |   |   |   |   |--- feature_7 <= 42.50
|   |   |   |   |   |   |   |   |--- class: negative
|   |   |   |   |   |   |   |--- feature_7 >  42.50
|   |   |   |   |   |   |   |   |--- feature_12 <= 39.75
|   |   |   |   |   |   |   |   |   |--- class: negative
|   |   |   |   |   |   |   |   |--- feature_12 >  39.75
|   |   |   |   |   |   |   |   |   |--- class: positive
|   |   |   |   |--- feature_12 >  43.83
|   |   |   |   |   |--- class: positive
|   |   |   |--- feature_12 >  43.88
|   |   |   |   |--- class: negative
