|--- feature_46 <= 0.00
|   |--- feature_48 <= 0.00
|   |   |--- feature_13 <= 8.00
|   |   |   |--- feature_13 <= 7.00
|   |   |   |   |--- feature_32 <= 0.00
|   |   |   |   |   |--- feature_0 <= 1991.50
|   |   |   |   |   |   |--- feature_21 <= 1.00
|   |   |   |   |   |   |   |--- feature_21 <= 0.00
|   |   |   |   |   |   |   |   |--- feature_39 <= 0.01
|   |   |   |   |   |   |   |   |   |--- feature_35 <= 0.01
|   |   |   |   |   |   |   |   |   |   |--- feature_9 <= 6.39
|   |   |   |   |   |   |   |   |   |   |   |--- truncated branch of depth 4
|   |   |   |   |   |   |   |   |   |   |--- feature_9 >  6.39
|   |   |   |   |   |   |   |   |   |   |   |--- truncated branch of depth 7
|   |   |   |   |   |   |   |   |   |--- feature_35 >  0.01
|   |   |   |   |   |   |   |   |   |   |--- feature_35 <= 0.98
|   |   |   |   |   |   |   |   |   |   |   |--- class: positive
|   |   |   |   |   |   |   |   |   |   |--- feature_35 >  0.98
|   |   |   |   |   |   |   |   |   |   |   |--- truncated branch of depth 7
|   |   |   |   |   |   |   |   |--- feature_39 >  0.01
|   |   |   |   |   |   |   |   |   |--- feature_39 <= 0.97
|   |   |   |   |   |   |   |   |   |   |--- class: positive
|   |   |   |   |   |   |   |   |   |--- feature_39 >  0.97
|   |   |   |   |   |   |   |   |   |   |--- feature_9 <= 8.65
|   |   |   |   |   |   |   |   |   |   |   |--- class: negative
|   |   |   |   |   |   |   |   |   |   |--- feature_9 >  8.65
|   |   |   |   |   |   |   |   |   |   |   |--- truncated branch of depth 7
|   |   |   |   |   |   |   |--- feature_21 >  0.00
|   |   |   |   |   |   |   |   |--- class: positive
|   |   |   |   |   |   |--- feature_21 >  1.00
|   |   |   |   |   |   |   |--- feature_29 <= 0.05
|   |   |   |   |   |   |   |   |--- feature_0 <= 1930.50
|   |   |   |   |   |   |   |   |   |--- feature_11 <= 5.75
|   |   |   |   |   |   |   |   |   |   |--- feature_7 <= 15.00
|   |   |   |   |   |   |   |   |   |   |   |--- class: negative
|   |   |   |   |   |   |   |   |   |   |--- feature_7 >  15.00
|   |   |   |   |   |   |   |   |   |   |   |--- class: positive
|   |   |   |   |   |   |   |   |   |--- feature_11 >  5.75
|   |   |   |   |   |   |   |   |   |   |--- class: negative
|   |   |   |   |   |   |   |   |--- feature_0 >  1930.50
|   |   |   |   |   |   |   |   |   |--- feature_1 <= 1411.00
|   |   |   |   |   |   |   |   |   |   |--- feature_13 <= 6.08
|   |   |   |   |   |   |   |   |   |   |   |--- truncated branch of depth 7
|   |   |   |   |   |   |   |   |   |   |--- feature_13 >  6.08
|   |   |   |   |   |   |   |   |   |   |   |--- truncated branch of depth 3
|   |   |   |   |   |   |   |   |   |--- feature_1 >  1411.00
|   |   |   |   |   |   |   |   |   |   |--- feature_1 <= 1840.00
|   |   |   |   |   |   |   |   |   |   |   |--- truncated branch of depth 4
|   |   |   |   |   |   |   |   |   |   |--- feature_1 >  1840.00
|   |   |   |   |   |   |   |   |   |   |   |--- truncated branch of depth 7
|   |   |   |   |   |   |   |--- feature_29 >  0.05
|   |   |   |   |   |   |   |   |--- feature_29 <= 1.00
|   |   |   |   |   |   |   |   |   |--- class: positive
|   |   |   |   |   |   |   |   |--- feature_29 >  1.00
|   |   |   |   |   |   |   |   |   |--- feature_11 <= 7.45
|   |   |   |   |   |   |   |   |   |   |--- feature_9 <= 18.90
|   |   |   |   |   |   |   |   |   |   |   |--- truncated branch of depth 6
|   |   |   |   |   |   |   |   |   |   |--- feature_9 >  18.90
|   |   |   |   |   |   |   |   |   |   |   |--- class: negative
|   |   |   |   |   |   |   |   |   |--- feature_11 >  7.45
|   |   |   |   |   |   |   |   |   |   |--- class: negative
|   |   |   |   |   |--- feature_0 >  1991.50
|   |   |   |   |   |   |--- feature_35 <= 0.03
|   |   |   |   |   |   |   |--- feature_11 <= 9.95
|   |   |   |   |   |   |   |   |--- feature_11 <= 6.55
|   |   |   |   |   |   |   |   |   |--- feature_17 <= 0.50
|   |   |   |   |   |   |   |   |   |   |--- class: negative
|   |   |   |   |   |   |   |   |   |--- feature_17 >  0.50
|   |   |   |   |   |   |   |   |   |   |--- feature_9 <= 6.70
|   |   |   |   |   |   |   |   |   |   |   |--- class: negative
|   |   |   |   |   |   |   |   |   |   |--- feature_9 >  6.70
|   |   |   |   |   |   |   |   |   |   |   |--- class: positive
|   |   |   |   |   |   |   |   |--- feature_11 >  6.55
|   |   |   |   |   |   |   |   |   |--- class: negative
|   |   |   |   |   |   |   |--- feature_11 >  9.95
|   |   |   |   |   |   |   |   |--- feature_10 <= 36.75
|   |   |   |   |   |   |   |   |   |--- feature_11 <= 10.45
|   |   |   |   |   |   |   |   |   |   |--- feature_10 <= 14.15
|   |   |   |   |   |   |   |   |   |   |   |--- truncated branch of depth 2
|   |   |   |   |   |   |   |   |   |   |--- feature_10 >  14.15
|   |   |   |   |   |   |   |   |   |   |   |--- class: negative
|   |   |   |   |   |   |   |   |   |--- feature_11 >  10.45
|   |   |   |   |   |   |   |   |   |   |--- class: negative
|   |   |   |   |   |   |   |   |--- feature_10 >  36.75
|   |   |   |   |   |   |   |   |   |--- feature_0 <= 1992.50
|   |   |   |   |   |   |   |   |   |   |--- class: positive
|   |   |   |   |   |   |   |   |   |--- feature_0 >  1992.50
|   |   |   |   |   |   |   |   |   |   |--- feature_1 <= 552.00
|   |   |   |   |   |   |   |   |   |   |   |--- class: positive
|   |   |   |   |   |   |   |   |   |   |--- feature_1 >  552.00
|   |   |   |   |   |   |   |   |   |   |   |--- truncated branch of depth 2
|   |   |   |   |   |   |--- feature_35 >  0.03
|   |   |   |   |   |   |   |--- feature_11 <= 8.73
|   |   |   |   |   |   |   |   |--- feature_1 <= 2140.00
|   |   |   |   |   |   |   |   |   |--- class: negative
|   |   |   |   |   |   |   |   |--- feature_1 >  2140.00
|   |   |   |   |   |   |   |   |   |--- feature_7 <= 5.00
|   |   |   |   |   |   |   |   |   |   |--- class: positive
|   |   |   |   |   |   |   |   |   |--- feature_7 >  5.00
|   |   |   |   |   |   |   |   |   |   |--- class: negative
|   |   |   |   |   |   |   |--- feature_11 >  8.73
|   |   |   |   |   |   |   |   |--- class: positive
|   |   |   |   |--- feature_32 >  0.00
|   |   |   |   |   |--- feature_32 <= 1.00
|   |   |   |   |   |   |--- class: positive
|   |   |   |   |   |--- feature_32 >  1.00
|   |   |   |   |   |   |--- feature_0 <= 1926.00
|   |   |   |   |   |   |   |--- class: negative
|   |   |   |   |   |   |--- feature_0 >  1926.00
|   |   |   |   |   |   |   |--- feature_13 <= 5.00
|   |   |   |   |   |   |   |   |--- feature_1 <= 100.50
|   |   |   |   |   |   |   |   |   |--- feature_1 <= 49.50
|   |   |   |   |   |   |   |   |   |   |--- class: negative
|   |   |   |   |   |   |   |   |   |--- feature_1 >  49.50
|   |   |   |   |   |   |   |   |   |   |--- feature_9 <= 19.05
|   |   |   |   |   |   |   |   |   |   |   |--- truncated branch of depth 6
|   |   |   |   |   |   |   |   |   |   |--- feature_9 >  19.05
|   |   |   |   |   |   |   |   |   |   |   |--- truncated branch of depth 3
|   |   |   |   |   |   |   |   |--- feature_1 >  100.50
|   |   |   |   |   |   |   |   |   |--- feature_12 <= 36.45
|   |   |   |   |   |   |   |   |   |   |--- feature_39 <= 0.50
|   |   |   |   |   |   |   |   |   |   |   |--- truncated branch of depth 6
|   |   |   |   |   |   |   |   |   |   |--- feature_39 >  0.50
|   |   |   |   |   |   |   |   |   |   |   |--- truncated branch of depth 2
|   |   |   |   |   |   |   |   |   |--- feature_12 >  36.45
|   |   |   |   |   |   |   |   |   |   |--- feature_39 <= 0.97
|   |   |   |   |   |   |   |   |   |   |   |--- truncated branch of depth 5
|   |   |   |   |   |   |   |   |   |   |--- feature_39 >  0.97
|   |   |   |   |   |   |   |   |   |   |   |--- truncated branch of depth 7
|   |   |   |   |   |   |   |--- feature_13 >  5.00
|   |   |   |   |   |   |   |   |--- feature_13 <= 5.99
|   |   |   |   |   |   |   |   |   |--- class: positive
|   |   |   |   |   |   |   |   |--- feature_13 >  5.99
|   |   |   |   |   |   |   |   |   |--- feature_13 <= 6.02
|   |   |   |   |   |   |   |   |   |   |--- feature_11 <= 10.30
|   |   |   |   |   |   |   |   |   |   |   |--- truncated branch of depth 7
|   |   |   |   |   |   |   |   |   |   |--- feature_11 >  10.30
|   |   |   |   |   |   |   |   |   |   |   |--- truncated branch of depth 3
|   |   |   |   |   |   |   |   |   |--- feature_13 >  6.02
|   |   |   |   |   |   |   |   |   |   |--- feature_13 <= 7.00
|   |   |   |   |   |   |   |   |   |   |   |--- class: positive
|   |   |   |   |   |   |   |   |   |   |--- feature_13 >  7.00
|   |   |   |   |   |   |   |   |   |   |   |--- truncated branch of depth 5
|   |   |   |--- feature_13 >  7.00
|   |   |   |   |--- class: positive
|   |   |--- feature_13 >  8.00
|   |   |   |--- feature_0 <= 1990.50
|   |   |   |   |--- feature_21 <= 0.00
|   |   |   |   |   |--- feature_9 <= 12.35
|   |   |   |   |   |   |--- feature_1 <= 3590.00
|   |   |   |   |   |   |   |--- feature_12 <= 32.50
|   |   |   |   |   |   |   |   |--- feature_50 <= 0.50
|   |   |   |   |   |   |   |   |   |--- class: negative
|   |   |   |   |   |   |   |   |--- feature_50 >  0.50
|   |   |   |   |   |   |   |   |   |--- feature_2 <= 0.50
|   |   |   |   |   |   |   |   |   |   |--- feature_0 <= 1976.00
|   |   |   |   |   |   |   |   |   |   |   |--- truncated branch of depth 2
|   |   |   |   |   |   |   |   |   |   |--- feature_0 >  1976.00
|   |   |   |   |   |   |   |   |   |   |   |--- class: negative
|   |   |   |   |   |   |   |   |   |--- feature_2 >  0.50
|   |   |   |   |   |   |   |   |   |   |--- class: negative
|   |   |   |   |   |   |   |--- feature_12 >  32.50
|   |   |   |   |   |   |   |   |--- class: negative
|   |   |   |   |   |   |--- feature_1 >  3590.00
|   |   |   |   |   |   |   |--- feature_0 <= 1935.50
|   |   |   |   |   |   |   |   |--- class: negative
|   |   |   |   |   |   |   |--- feature_0 >  1935.50
|   |   |   |   |   |   |   |   |--- feature_0 <= 1967.00
|   |   |   |   |   |   |   |   |   |--- feature_10 <= 7.75
|   |   |   |   |   |   |   |   |   |   |--- class: positive
|   |   |   |   |   |   |   |   |   |--- feature_10 >  7.75
|   |   |   |   |   |   |   |   |   |   |--- feature_0 <= 1938.50
|   |   |   |   |   |   |   |   |   |   |   |--- class: positive
|   |   |   |   |   |   |   |   |   |   |--- feature_0 >  1938.50
|   |   |   |   |   |   |   |   |   |   |   |--- truncated branch of depth 2
|   |   |   |   |   |   |   |   |--- feature_0 >  1967.00
|   |   |   |   |   |   |   |   |   |--- class: negative
|   |   |   |   |   |--- feature_9 >  12.35
|   |   |   |   |   |   |--- feature_35 <= 0.94
|   |   |   |   |   |   |   |--- feature_28 <= 0.02
|   |   |   |   |   |   |   |   |--- feature_35 <= 0.14
|   |   |   |   |   |   |   |   |   |--- feature_22 <= 0.06
|   |   |   |   |   |   |   |   |   |   |--- feature_0 <= 1953.50
|   |   |   |   |   |   |   |   |   |   |   |--- truncated branch of depth 7
|   |   |   |   |   |   |   |   |   |   |--- feature_0 >  1953.50
|   |   |   |   |   |   |   |   |   |   |   |--- truncated branch of depth 7
|   |   |   |   |   |   |   |   |   |--- feature_22 >  0.06
|   |   |   |   |   |   |   |   |   |   |--- feature_39 <= 0.95
|   |   |   |   |   |   |   |   |   |   |   |--- class: positive
|   |   |   |   |   |   |   |   |   |   |--- feature_39 >  0.95
|   |   |   |   |   |   |   |   |   |   |   |--- truncated branch of depth 7
|   |   |   |   |   |   |   |   |--- feature_35 >  0.14
|   |   |   |   |   |   |   |   |   |--- class: positive
|   |   |   |   |   |   |   |--- feature_28 >  0.02
|   |   |   |   |   |   |   |   |--- feature_28 <= 0.96
|   |   |   |   |   |   |   |   |   |--- class: positive
|   |   |   |   |   |   |   |   |--- feature_28 >  0.96
|   |   |   |   |   |   |   |   |   |--- feature_12 <= 20.70
|   |   |   |   |   |   |   |   |   |   |--- class: negative
|   |   |   |   |   |   |   |   |   |--- feature_12 >  20.70
|   |   |   |   |   |   |   |   |   |   |--- feature_9 <= 17.05
|   |   |   |   |   |   |   |   |   |   |   |--- truncated branch of depth 2
|   |   |   |   |   |   |   |   |   |   |--- feature_9 >  17.05
|   |   |   |   |   |   |   |   |   |   |   |--- class: positive
|   |   |   |   |   |   |--- feature_35 >  0.94
|   |   |   |   |   |   |   |--- feature_12 <= 38.70
|   |   |   |   |   |   |   |   |--- class: negative
|   |   |   |   |   |   |   |--- feature_12 >  38.70
|   |   |   |   |   |   |   |   |--- feature_14 <= 1.50
|   |   |   |   |   |   |   |   |   |--- class: positive
|   |   |   |   |   |   |   |   |--- feature_14 >  1.50
|   |   |   |   |   |   |   |   |   |--- class: negative
|   |   |   |   |--- feature_21 >  0.00
|   |   |   |   |   |--- feature_21 <= 1.00
|   |   |   |   |   |   |--- class: positive
|   |   |   |   |   |--- feature_21 >  1.00
|   |   |   |   |   |   |--- feature_1 <= 143.50
|   |   |   |   |   |   |   |--- feature_11 <= 6.67
|   |   |   |   |   |   |   |   |--- feature_1 <= 48.00
|   |   |   |   |   |   |   |   |   |--- class: negative
|   |   |   |   |   |   |   |   |--- feature_1 >  48.00
|   |   |   |   |   |   |   |   |   |--- feature_1 <= 55.00
|   |   |   |   |   |   |   |   |   |   |--- feature_11 <= 5.85
|   |   |   |   |   |   |   |   |   |   |   |--- class: positive
|   |   |   |   |   |   |   |   |   |   |--- feature_11 >  5.85
|   |   |   |   |   |   |   |   |   |   |   |--- truncated branch of depth 4
|   |   |   |   |   |   |   |   |   |--- feature_1 >  55.00
|   |   |   |   |   |   |   |   |   |   |--- feature_9 <= 5.80
|   |   |   |   |   |   |   |   |   |   |   |--- class: positive
|   |   |   |   |   |   |   |   |   |   |--- feature_9 >  5.80
|   |   |   |   |   |   |   |   |   |   |   |--- class: negative
|   |   |   |   |   |   |   |--- feature_11 >  6.67
|   |   |   |   |   |   |   |   |--- feature_1 <= 52.50
|   |   |   |   |   |   |   |   |   |--- feature_7 <= 2.00
|   |   |   |   |   |   |   |   |   |   |--- class: negative
|   |   |   |   |   |   |   |   |   |--- feature_7 >  2.00
|   |   |   |   |   |   |   |   |   |   |--- feature_7 <= 7.00
|   |   |   |   |   |   |   |   |   |   |   |--- class: positive
|   |   |   |   |   |   |   |   |   |   |--- feature_7 >  7.00
|   |   |   |   |   |   |   |   |   |   |   |--- truncated branch of depth 3
|   |   |   |   |   |   |   |   |--- feature_1 >  52.50
|   |   |   |   |   |   |   |   |   |--- class: negative
|   |   |   |   |   |   |--- feature_1 >  143.50
|   |   |   |   |   |   |   |--- feature_12 <= 32.43
|   |   |   |   |   |   |   |   |--- feature_10 <= 17.55
|   |   |   |   |   |   |   |   |   |--- class: negative
|   |   |   |   |   |   |   |   |--- feature_10 >  17.55
|   |   |   |   |   |   |   |   |   |--- feature_1 <= 7830.00
|   |   |   |   |   |   |   |   |   |   |--- feature_10 <= 18.75
|   |   |   |   |   |   |   |   |   |   |   |--- truncated branch of depth 2
|   |   |   |   |   |   |   |   |   |   |--- feature_10 >  18.75
|   |   |   |   |   |   |   |   |   |   |   |--- truncated branch of depth 6
|   |   |   |   |   |   |   |   |   |--- feature_1 >  7830.00
|   |   |   |   |   |   |   |   |   |   |--- class: positive
|   |   |   |   |   |   |   |--- feature_12 >  32.43
|   |   |   |   |   |   |   |   |--- feature_12 <= 40.46
|   |   |   |   |   |   |   |   |   |--- feature_33 <= 0.00
|   |   |   |   |   |   |   |   |   |   |--- feature_12 <= 36.94
|   |   |   |   |   |   |   |   |   |   |   |--- truncated branch of depth 7
|   |   |   |   |   |   |   |   |   |   |--- feature_12 >  36.94
|   |   |   |   |   |   |   |   |   |   |   |--- class: positive
|   |   |   |   |   |   |   |   |   |--- feature_33 >  0.00
|   |   |   |   |   |   |   |   |   |   |--- feature_33 <= 0.99
|   |   |   |   |   |   |   |   |   |   |   |--- class: positive
|   |   |   |   |   |   |   |   |   |   |--- feature_33 >  0.99
|   |   |   |   |   |   |   |   |   |   |   |--- truncated branch of depth 4
|   |   |   |   |   |   |   |   |--- feature_12 >  40.46
|   |   |   |   |   |   |   |   |   |--- feature_0 <= 1930.50
|   |   |   |   |   |   |   |   |   |   |--- class: negative
|   |   |   |   |   |   |   |   |   |--- feature_0 >  1930.50
|   |   |   |   |   |   |   |   |   |   |--- feature_7 <= 36.50
|   |   |   |   |   |   |   |   |   |   |   |--- truncated branch of depth 7
|   |   |   |   |   |   |   |   |   |   |--- feature_7 >  36.50
|   |   |   |   |   |   |   |   |   |   |   |--- class: negative
|   |   |   |--- feature_0 >  1990.50
|   |   |   |   |--- feature_35 <= 0.01
|   |   |   |   |   |--- feature_23 <= 0.05
|   |   |   |   |   |   |--- feature_11 <= 7.28
|   |   |   |   |   |   |   |--- feature_11 <= 6.13
|   |   |   |   |   |   |   |   |--- feature_21 <= 0.39
|   |   |   |   |   |   |   |   |   |--- class: negative
|   |   |   |   |   |   |   |   |--- feature_21 >  0.39
|   |   |   |   |   |   |   |   |   |--- feature_10 <= 12.50
|   |   |   |   |   |   |   |   |   |   |--- feature_39 <= 0.89
|   |   |   |   |   |   |   |   |   |   |   |--- class: positive
|   |   |   |   |   |   |   |   |   |   |--- feature_39 >  0.89
|   |   |   |   |   |   |   |   |   |   |   |--- truncated branch of depth 5
|   |   |   |   |   |   |   |   |   |--- feature_10 >  12.50
|   |   |   |   |   |   |   |   |   |   |--- class: negative
|   |   |   |   |   |   |   |--- feature_11 >  6.13
|   |   |   |   |   |   |   |   |--- feature_21 <= 0.26
|   |   |   |   |   |   |   |   |   |--- class: negative
|   |   |   |   |   |   |   |   |--- feature_21 >  0.26
|   |   |   |   |   |   |   |   |   |--- feature_7 <= 24.50
|   |   |   |   |   |   |   |   |   |   |--- feature_7 <= 1.00
|   |   |   |   |   |   |   |   |   |   |   |--- truncated branch of depth 2
|   |   |   |   |   |   |   |   |   |   |--- feature_7 >  1.00
|   |   |   |   |   |   |   |   |   |   |   |--- class: positive
|   |   |   |   |   |   |   |   |   |--- feature_7 >  24.50
|   |   |   |   |   |   |   |   |   |   |--- class: negative
|   |   |   |   |   |   |--- feature_11 >  7.28
|   |   |   |   |   |   |   |--- feature_0 <= 1995.50
|   |   |   |   |   |   |   |   |--- feature_1 <= 567.50
|   |   |   |   |   |   |   |   |   |--- feature_12 <= 36.73
|   |   |   |   |   |   |   |   |   |   |--- feature_12 <= 36.28
|   |   |   |   |   |   |   |   |   |   |   |--- truncated branch of depth 5
|   |   |   |   |   |   |   |   |   |   |--- feature_12 >  36.28
|   |   |   |   |   |   |   |   |   |   |   |--- class: positive
|   |   |   |   |   |   |   |   |   |--- feature_12 >  36.73
|   |   |   |   |   |   |   |   |   |   |--- class: negative
|   |   |   |   |   |   |   |   |--- feature_1 >  567.50
|   |   |   |   |   |   |   |   |   |--- feature_9 <= 9.82
|   |   |   |   |   |   |   |   |   |   |--- class: negative
|   |   |   |   |   |   |   |   |   |--- feature_9 >  9.82
|   |   |   |   |   |   |   |   |   |   |--- feature_10 <= 19.43
|   |   |   |   |   |   |   |   |   |   |   |--- truncated branch of depth 7
|   |   |   |   |   |   |   |   |   |   |--- feature_10 >  19.43
|   |   |   |   |   |   |   |   |   |   |   |--- truncated branch of depth 5
|   |   |   |   |   |   |   |--- feature_0 >  1995.50
|   |   |   |   |   |   |   |   |--- feature_10 <= 8.55
|   |   |   |   |   |   |   |   |   |--- feature_1 <= 102.50
|   |   |   |   |   |   |   |   |   |   |--- feature_7 <= 11.00
|   |   |   |   |   |   |   |   |   |   |   |--- class: negative
|   |   |   |   |   |   |   |   |   |   |--- feature_7 >  11.00
|   |   |   |   |   |   |   |   |   |   |   |--- truncated branch of depth 4
|   |   |   |   |   |   |   |   |   |--- feature_1 >  102.50
|   |   |   |   |   |   |   |   |   |   |--- feature_10 <= 8.35
|   |   |   |   |   |   |   |   |   |   |   |--- class: negative
|   |   |   |   |   |   |   |   |   |   |--- feature_10 >  8.35
|   |   |   |   |   |   |   |   |   |   |   |--- truncated branch of depth 3
|   |   |   |   |   |   |   |   |--- feature_10 >  8.55
|   |   |   |   |   |   |   |   |   |--- feature_2 <= 46.50
|   |   |   |   |   |   |   |   |   |   |--- feature_11 <= 7.35
|   |   |   |   |   |   |   |   |   |   |   |--- truncated branch of depth 6
|   |   |   |   |   |   |   |   |   |   |--- feature_11 >  7.35
|   |   |   |   |   |   |   |   |   |   |   |--- truncated branch of depth 3
|   |   |   |   |   |   |   |   |   |--- feature_2 >  46.50
|   |   |   |   |   |   |   |   |   |   |--- feature_2 <= 57.50
|   |   |   |   |   |   |   |   |   |   |   |--- class: positive
|   |   |   |   |   |   |   |   |   |   |--- feature_2 >  57.50
|   |   |   |   |   |   |   |   |   |   |   |--- class: negative
|   |   |   |   |   |--- feature_23 >  0.05
|   |   |   |   |   |   |--- feature_23 <= 1.00
|   |   |   |   |   |   |   |--- class: positive
|   |   |   |   |   |   |--- feature_23 >  1.00
|   |   |   |   |   |   |   |--- feature_47 <= 0.50
|   |   |   |   |   |   |   |   |--- feature_1 <= 7049.00
|   |   |   |   |   |   |   |   |   |--- feature_12 <= 34.96
|   |   |   |   |   |   |   |   |   |   |--- feature_0 <= 1996.50
|   |   |   |   |   |   |   |   |   |   |   |--- class: negative
|   |   |   |   |   |   |   |   |   |   |--- feature_0 >  1996.50
|   |   |   |   |   |   |   |   |   |   |   |--- truncated branch of depth 3
|   |   |   |   |   |   |   |   |   |--- feature_12 >  34.96
|   |   |   |   |   |   |   |   |   |   |--- feature_14 <= 1.50
|   |   |   |   |   |   |   |   |   |   |   |--- truncated branch of depth 2
|   |   |   |   |   |   |   |   |   |   |--- feature_14 >  1.50
|   |   |   |   |   |   |   |   |   |   |   |--- class: negative
|   |   |   |   |   |   |   |   |--- feature_1 >  7049.00
|   |   |   |   |   |   |   |   |   |--- class: positive
|   |   |   |   |   |   |   |--- feature_47 >  0.50
|   |   |   |   |   |   |   |   |--- class: positive
|   |   |   |   |--- feature_35 >  0.01
|   |   |   |   |   |--- feature_50 <= 0.01
|   |   |   |   |   |   |--- class: negative
|   |   |   |   |   |--- feature_50 >  0.01
|   |   |   |   |   |   |--- feature_7 <= 30.00
|   |   |   |   |   |   |   |--- feature_0 <= 1999.50
|   |   |   |   |   |   |   |   |--- feature_7 <= 17.00
|   |   |   |   |   |   |   |   |   |--- feature_11 <= 6.85
|   |   |   |   |   |   |   |   |   |   |--- class: negative
|   |   |   |   |   |   |   |   |   |--- feature_11 >  6.85
|   |   |   |   |   |   |   |   |   |   |--- class: positive
|   |   |   |   |   |   |   |   |--- feature_7 >  17.00
|   |   |   |   |   |   |   |   |   |--- class: positive
|   |   |   |   |   |   |   |--- feature_0 >  1999.50
|   |   |   |   |   |   |   |   |--- class: positive
|   |   |   |   |   |   |--- feature_7 >  30.00
|   |   |   |   |   |   |   |--- class: negative
|   |--- feature_48 >  0.00
|   |   |--- feature_48 <= 1.00
|   |   |   |--- class: positive
|   |   |--- feature_48 >  1.00
|   |   |   |--- feature_30 <= 0.00
|   |   |   |   |--- feature_13 <= 8.00
|   |   |   |   |   |--- feature_13 <= 7.01
|   |   |   |   |   |   |--- feature_13 <= 5.00
|   |   |   |   |   |   |   |--- feature_1 <= 14420.00
|   |   |   |   |   |   |   |   |--- feature_29 <= 0.01
|   |   |   |   |   |   |   |   |   |--- feature_1 <= 178.50
|   |   |   |   |   |   |   |   |   |   |--- feature_1 <= 48.50
|   |   |   |   |   |   |   |   |   |   |   |--- truncated branch of depth 5
|   |   |   |   |   |   |   |   |   |   |--- feature_1 >  48.50
|   |   |   |   |   |   |   |   |   |   |   |--- truncated branch of depth 7
|   |   |   |   |   |   |   |   |   |--- feature_1 >  178.50
|   |   |   |   |   |   |   |   |   |   |--- feature_21 <= 0.00
|   |   |   |   |   |   |   |   |   |   |   |--- truncated branch of depth 7
|   |   |   |   |   |   |   |   |   |   |--- feature_21 >  0.00
|   |   |   |   |   |   |   |   |   |   |   |--- truncated branch of depth 4
|   |   |   |   |   |   |   |   |--- feature_29 >  0.01
|   |   |   |   |   |   |   |   |   |--- feature_29 <= 1.00
|   |   |   |   |   |   |   |   |   |   |--- class: positive
|   |   |   |   |   |   |   |   |   |--- feature_29 >  1.00
|   |   |   |   |   |   |   |   |   |   |--- feature_9 <= 9.86
|   |   |   |   |   |   |   |   |   |   |   |--- truncated branch of depth 7
|   |   |   |   |   |   |   |   |   |   |--- feature_9 >  9.86
|   |   |   |   |   |   |   |   |   |   |   |--- truncated branch of depth 7
|   |   |   |   |   |   |   |--- feature_1 >  14420.00
|   |   |   |   |   |   |   |   |--- feature_2 <= 4.50
|   |   |   |   |   |   |   |   |   |--- class: negative
|   |   |   |   |   |   |   |   |--- feature_2 >  4.50
|   |   |   |   |   |   |   |   |   |--- feature_14 <= 3.50
|   |   |   |   |   |   |   |   |   |   |--- feature_32 <= 0.08
|   |   |   |   |   |   |   |   |   |   |   |--- truncated branch of depth 4
|   |   |   |   |   |   |   |   |   |   |--- feature_32 >  0.08
|   |   |   |   |   |   |   |   |   |   |   |--- truncated branch of depth 2
|   |   |   |   |   |   |   |   |   |--- feature_14 >  3.50
|   |   |   |   |   |   |   |   |   |   |--- feature_9 <= 24.25
|   |   |   |   |   |   |   |   |   |   |   |--- class: negative
|   |   |   |   |   |   |   |   |   |   |--- feature_9 >  24.25
|   |   |   |   |   |   |   |   |   |   |   |--- truncated branch of depth 3
|   |   |   |   |   |   |--- feature_13 >  5.00
|   |   |   |   |   |   |   |--- feature_13 <= 6.00
|   |   |   |   |   |   |   |   |--- class: positive
|   |   |   |   |   |   |   |--- feature_13 >  6.00
|   |   |   |   |   |   |   |   |--- feature_13 <= 6.00
|   |   |   |   |   |   |   |   |   |--- feature_31 <= 0.00
|   |   |   |   |   |   |   |   |   |   |--- feature_1 <= 382.50
|   |   |   |   |   |   |   |   |   |   |   |--- truncated branch of depth 7
|   |   |   |   |   |   |   |   |   |   |--- feature_1 >  382.50
|   |   |   |   |   |   |   |   |   |   |   |--- truncated branch of depth 6
|   |   |   |   |   |   |   |   |   |--- feature_31 >  0.00
|   |   |   |   |   |   |   |   |   |   |--- feature_0 <= 1967.00
|   |   |   |   |   |   |   |   |   |   |   |--- truncated branch of depth 3
|   |   |   |   |   |   |   |   |   |   |--- feature_0 >  1967.00
|   |   |   |   |   |   |   |   |   |   |   |--- class: negative
|   |   |   |   |   |   |   |   |--- feature_13 >  6.00
|   |   |   |   |   |   |   |   |   |--- feature_13 <= 7.00
|   |   |   |   |   |   |   |   |   |   |--- class: positive
|   |   |   |   |   |   |   |   |   |--- feature_13 >  7.00
|   |   |   |   |   |   |   |   |   |   |--- feature_2 <= 6.50
|   |   |   |   |   |   |   |   |   |   |   |--- truncated branch of depth 7
|   |   |   |   |   |   |   |   |   |   |--- feature_2 >  6.50
|   |   |   |   |   |   |   |   |   |   |   |--- truncated branch of depth 6
|   |   |   |   |   |--- feature_13 >  7.01
|   |   |   |   |   |   |--- class: positive
|   |   |   |   |--- feature_13 >  8.00
|   |   |   |   |   |--- feature_24 <= 0.01
|   |   |   |   |   |   |--- feature_0 <= 1994.50
|   |   |   |   |   |   |   |--- feature_0 <= 1973.50
|   |   |   |   |   |   |   |   |--- feature_31 <= 0.01
|   |   |   |   |   |   |   |   |   |--- feature_12 <= 35.86
|   |   |   |   |   |   |   |   |   |   |--- feature_12 <= 35.34
|   |   |   |   |   |   |   |   |   |   |   |--- truncated branch of depth 7
|   |   |   |   |   |   |   |   |   |   |--- feature_12 >  35.34
|   |   |   |   |   |   |   |   |   |   |   |--- class: positive
|   |   |   |   |   |   |   |   |   |--- feature_12 >  35.86
|   |   |   |   |   |   |   |   |   |   |--- feature_11 <= 6.05
|   |   |   |   |   |   |   |   |   |   |   |--- class: negative
|   |   |   |   |   |   |   |   |   |   |--- feature_11 >  6.05
|   |   |   |   |   |   |   |   |   |   |   |--- truncated branch of depth 7
|   |   |   |   |   |   |   |   |--- feature_31 >  0.01
|   |   |   |   |   |   |   |   |   |--- feature_31 <= 0.98
|   |   |   |   |   |   |   |   |   |   |--- class: positive
|   |   |   |   |   |   |   |   |   |--- feature_31 >  0.98
|   |   |   |   |   |   |   |   |   |   |--- feature_12 <= 34.20
|   |   |   |   |   |   |   |   |   |   |   |--- truncated branch of depth 3
|   |   |   |   |   |   |   |   |   |   |--- feature_12 >  34.20
|   |   |   |   |   |   |   |   |   |   |   |--- truncated branch of depth 3
|   |   |   |   |   |   |   |--- feature_0 >  1973.50
|   |   |   |   |   |   |   |   |--- feature_35 <= 0.02
|   |   |   |   |   |   |   |   |   |--- feature_11 <= 6.70
|   |   |   |   |   |   |   |   |   |   |--- feature_10 <= 8.95
|   |   |   |   |   |   |   |   |   |   |   |--- truncated branch of depth 4
|   |   |   |   |   |   |   |   |   |   |--- feature_10 >  8.95
|   |   |   |   |   |   |   |   |   |   |   |--- truncated branch of depth 7
|   |   |   |   |   |   |   |   |   |--- feature_11 >  6.70
|   |   |   |   |   |   |   |   |   |   |--- feature_21 <= 0.07
|   |   |   |   |   |   |   |   |   |   |   |--- truncated branch of depth 7
|   |   |   |   |   |   |   |   |   |   |--- feature_21 >  0.07
|   |   |   |   |   |   |   |   |   |   |   |--- truncated branch of depth 4
|   |   |   |   |   |   |   |   |--- feature_35 >  0.02
|   |   |   |   |   |   |   |   |   |--- feature_11 <= 6.40
|   |   |   |   |   |   |   |   |   |   |--- class: negative
|   |   |   |   |   |   |   |   |   |--- feature_11 >  6.40
|   |   |   |   |   |   |   |   |   |   |--- feature_14 <= 1.50
|   |   |   |   |   |   |   |   |   |   |   |--- class: negative
|   |   |   |   |   |   |   |   |   |   |--- feature_14 >  1.50
|   |   |   |   |   |   |   |   |   |   |   |--- truncated branch of depth 3
|   |   |   |   |   |   |--- feature_0 >  1994.50
|   |   |   |   |   |   |   |--- feature_9 <= 31.10
|   |   |   |   |   |   |   |   |--- class: negative
|   |   |   |   |   |   |   |--- feature_9 >  31.10
|   |   |   |   |   |   |   |   |--- feature_9 <= 31.85
|   |   |   |   |   |   |   |   |   |--- feature_0 <= 1999.50
|   |   |   |   |   |   |   |   |   |   |--- class: negative
|   |   |   |   |   |   |   |   |   |--- feature_0 >  1999.50
|   |   |   |   |   |   |   |   |   |   |--- class: positive
|   |   |   |   |   |   |   |   |--- feature_9 >  31.85
|   |   |   |   |   |   |   |   |   |--- class: negative
|   |   |   |   |   |--- feature_24 >  0.01
|   |   |   |   |   |   |--- feature_12 <= 40.49
|   |   |   |   |   |   |   |--- feature_12 <= 33.40
|   |   |   |   |   |   |   |   |--- feature_7 <= 16.00
|   |   |   |   |   |   |   |   |   |--- feature_14 <= 1.50
|   |   |   |   |   |   |   |   |   |   |--- class: positive
|   |   |   |   |   |   |   |   |   |--- feature_14 >  1.50
|   |   |   |   |   |   |   |   |   |   |--- feature_12 <= 32.85
|   |   |   |   |   |   |   |   |   |   |   |--- class: negative
|   |   |   |   |   |   |   |   |   |   |--- feature_12 >  32.85
|   |   |   |   |   |   |   |   |   |   |   |--- truncated branch of depth 7
|   |   |   |   |   |   |   |   |--- feature_7 >  16.00
|   |   |   |   |   |   |   |   |   |--- feature_0 <= 1956.50
|   |   |   |   |   |   |   |   |   |   |--- feature_1 <= 10215.00
|   |   |   |   |   |   |   |   |   |   |   |--- class: negative
|   |   |   |   |   |   |   |   |   |   |--- feature_1 >  10215.00
|   |   |   |   |   |   |   |   |   |   |   |--- truncated branch of depth 2
|   |   |   |   |   |   |   |   |   |--- feature_0 >  1956.50
|   |   |   |   |   |   |   |   |   |   |--- feature_11 <= 13.20
|   |   |   |   |   |   |   |   |   |   |   |--- truncated branch of depth 7
|   |   |   |   |   |   |   |   |   |   |--- feature_11 >  13.20
|   |   |   |   |   |   |   |   |   |   |   |--- truncated branch of depth 3
|   |   |   |   |   |   |   |--- feature_12 >  33.40
|   |   |   |   |   |   |   |   |--- feature_2 <= 6.50
|   |   |   |   |   |   |   |   |   |--- feature_33 <= 0.07
|   |   |   |   |   |   |   |   |   |   |--- feature_1 <= 1391.50
|   |   |   |   |   |   |   |   |   |   |   |--- truncated branch of depth 3
|   |   |   |   |   |   |   |   |   |   |--- feature_1 >  1391.50
|   |   |   |   |   |   |   |   |   |   |   |--- class: negative
|   |   |   |   |   |   |   |   |   |--- feature_33 >  0.07
|   |   |   |   |   |   |   |   |   |   |--- feature_7 <= 17.00
|   |   |   |   |   |   |   |   |   |   |   |--- class: negative
|   |   |   |   |   |   |   |   |   |   |--- feature_7 >  17.00
|   |   |   |   |   |   |   |   |   |   |   |--- class: positive
|   |   |   |   |   |   |   |   |--- feature_2 >  6.50
|   |   |   |   |   |   |   |   |   |--- feature_32 <= 0.00
|   |   |   |   |   |   |   |   |   |   |--- feature_0 <= 1962.50
|   |   |   |   |   |   |   |   |   |   |   |--- truncated branch of depth 4
|   |   |   |   |   |   |   |   |   |   |--- feature_0 >  1962.50
|   |   |   |   |   |   |   |   |   |   |   |--- truncated branch of depth 2
|   |   |   |   |   |   |   |   |   |--- feature_32 >  0.00
|   |   |   |   |   |   |   |   |   |   |--- class: positive
|   |   |   |   |   |   |--- feature_12 >  40.49
|   |   |   |   |   |   |   |--- feature_32 <= 0.00
|   |   |   |   |   |   |   |   |--- feature_24 <= 0.72
|   |   |   |   |   |   |   |   |   |--- class: positive
|   |   |   |   |   |   |   |   |--- feature_24 >  0.72
|   |   |   |   |   |   |   |   |   |--- feature_29 <= 0.03
|   |   |   |   |   |   |   |   |   |   |--- feature_1 <= 37235.00
|   |   |   |   |   |   |   |   |   |   |   |--- truncated branch of depth 7
|   |   |   |   |   |   |   |   |   |   |--- feature_1 >  37235.00
|   |   |   |   |   |   |   |   |   |   |   |--- truncated branch of depth 2
|   |   |   |   |   |   |   |   |   |--- feature_29 >  0.03
|   |   |   |   |   |   |   |   |   |   |--- feature_9 <= 22.60
|   |   |   |   |   |   |   |   |   |   |   |--- truncated branch of depth 4
|   |   |   |   |   |   |   |   |   |   |--- feature_9 >  22.60
|   |   |   |   |   |   |   |   |   |   |   |--- truncated branch of depth 3
|   |   |   |   |   |   |   |--- feature_32 >  0.00
|   |   |   |   |   |   |   |   |--- feature_32 <= 0.99
|   |   |   |   |   |   |   |   |   |--- class: positive
|   |   |   |   |   |   |   |   |--- feature_32 >  0.99
|   |   |   |   |   |   |   |   |   |--- feature_2 <= 5.50
|   |   |   |   |   |   |   |   |   |   |--- feature_11 <= 12.85
|   |   |   |   |   |   |   |   |   |   |   |--- class: negative
|   |   |   |   |   |   |   |   |   |   |--- feature_11 >  12.85
|   |   |   |   |   |   |   |   |   |   |   |--- truncated branch of depth 3
|   |   |   |   |   |   |   |   |   |--- feature_2 >  5.50
|   |   |   |   |   |   |   |   |   |   |--- feature_1 <= 7372.50
|   |   |   |   |   |   |   |   |   |   |   |--- truncated branch of depth 5
|   |   |   |   |   |   |   |   |   |   |--- feature_1 >  7372.50
|   |   |   |   |   |   |   |   |   |   |   |--- truncated branch of depth 5
|   |   |   |--- feature_30 >  0.00
|   |   |   |   |--- feature_30 <= 1.00
|   |   |   |   |   |--- class: positive
|   |   |   |   |--- feature_30 >  1.00
|   |   |   |   |   |--- feature_1 <= 14.50
|   |   |   |   |   |   |--- feature_7 <= 39.00
|   |   |   |   |   |   |   |--- feature_12 <= 37.80
|   |   |   |   |   |   |   |   |--- feature_7 <= 14.00
|   |   |   |   |   |   |   |   |   |--- feature_9 <= 17.25
|   |   |   |   |   |   |   |   |   |   |--- feature_11 <= 4.90
|   |   |   |   |   |   |   |   |   |   |   |--- truncated branch of depth 2
|   |   |   |   |   |   |   |   |   |   |--- feature_11 >  4.90
|   |   |   |   |   |   |   |   |   |   |   |--- class: positive
|   |   |   |   |   |   |   |   |   |--- feature_9 >  17.25
|   |   |   |   |   |   |   |   |   |   |--- class: negative
|   |   |   |   |   |   |   |   |--- feature_7 >  14.00
|   |   |   |   |   |   |   |   |   |--- class: negative
|   |   |   |   |   |   |   |--- feature_12 >  37.80
|   |   |   |   |   |   |   |   |--- class: negative
|   |   |   |   |   |   |--- feature_7 >  39.00
|   |   |   |   |   |   |   |--- class: positive
|   |   |   |   |   |--- feature_1 >  14.50
|   |   |   |   |   |   |--- feature_0 <= 1954.50
|   |   |   |   |   |   |   |--- feature_0 <= 1903.00
|   |   |   |   |   |   |   |   |--- feature_7 <= 2.50
|   |   |   |   |   |   |   |   |   |--- feature_1 <= 410.00
|   |   |   |   |   |   |   |   |   |   |--- feature_11 <= 7.31
|   |   |   |   |   |   |   |   |   |   |   |--- truncated branch of depth 7
|   |   |   |   |   |   |   |   |   |   |--- feature_11 >  7.31
|   |   |   |   |   |   |   |   |   |   |   |--- class: positive
|   |   |   |   |   |   |   |   |   |--- feature_1 >  410.00
|   |   |   |   |   |   |   |   |   |   |--- class: negative
|   |   |   |   |   |   |   |   |--- feature_7 >  2.50
|   |   |   |   |   |   |   |   |   |--- class: negative
|   |   |   |   |   |   |   |--- feature_0 >  1903.00
|   |   |   |   |   |   |   |   |--- feature_2 <= 56.50
|   |   |   |   |   |   |   |   |   |--- feature_7 <= 31.00
|   |   |   |   |   |   |   |   |   |   |--- class: negative
|   |   |   |   |   |   |   |   |   |--- feature_7 >  31.00
|   |   |   |   |   |   |   |   |   |   |--- feature_7 <= 34.00
|   |   |   |   |   |   |   |   |   |   |   |--- class: positive
|   |   |   |   |   |   |   |   |   |   |--- feature_7 >  34.00
|   |   |   |   |   |   |   |   |   |   |   |--- class: negative
|   |   |   |   |   |   |   |   |--- feature_2 >  56.50
|   |   |   |   |   |   |   |   |   |--- class: positive
|   |   |   |   |   |   |--- feature_0 >  1954.50
|   |   |   |   |   |   |   |--- feature_2 <= 6.50
|   |   |   |   |   |   |   |   |--- feature_0 <= 1970.50
|   |   |   |   |   |   |   |   |   |--- feature_0 <= 1960.50
|   |   |   |   |   |   |   |   |   |   |--- feature_1 <= 85.00
|   |   |   |   |   |   |   |   |   |   |   |--- truncated branch of depth 2
|   |   |   |   |   |   |   |   |   |   |--- feature_1 >  85.00
|   |   |   |   |   |   |   |   |   |   |   |--- class: negative
|   |   |   |   |   |   |   |   |   |--- feature_0 >  1960.50
|   |   |   |   |   |   |   |   |   |   |--- feature_7 <= 19.50
|   |   |   |   |   |   |   |   |   |   |   |--- truncated branch of depth 7
|   |   |   |   |   |   |   |   |   |   |--- feature_7 >  19.50
|   |   |   |   |   |   |   |   |   |   |   |--- truncated branch of depth 2
|   |   |   |   |   |   |   |   |--- feature_0 >  1970.50
|   |   |   |   |   |   |   |   |   |--- feature_7 <= 52.00
|   |   |   |   |   |   |   |   |   |   |--- feature_0 <= 1977.50
|   |   |   |   |   |   |   |   |   |   |   |--- truncated branch of depth 7
|   |   |   |   |   |   |   |   |   |   |--- feature_0 >  1977.50
|   |   |   |   |   |   |   |   |   |   |   |--- truncated branch of depth 5
|   |   |   |   |   |   |   |   |   |--- feature_7 >  52.00
|   |   |   |   |   |   |   |   |   |   |--- class: positive
|   |   |   |   |   |   |   |--- feature_2 >  6.50
|   |   |   |   |   |   |   |   |--- feature_0 <= 1989.50
|   |   |   |   |   |   |   |   |   |--- feature_1 <= 209.50
|   |   |   |   |   |   |   |   |   |   |--- feature_7 <= 5.00
|   |   |   |   |   |   |   |   |   |   |   |--- truncated branch of depth 4
|   |   |   |   |   |   |   |   |   |   |--- feature_7 >  5.00
|   |   |   |   |   |   |   |   |   |   |   |--- truncated branch of depth 2
|   |   |   |   |   |   |   |   |   |--- feature_1 >  209.50
|   |   |   |   |   |   |   |   |   |   |--- feature_1 <= 10390.00
|   |   |   |   |   |   |   |   |   |   |   |--- truncated branch of depth 5
|   |   |   |   |   |   |   |   |   |   |--- feature_1 >  10390.00
|   |   |   |   |   |   |   |   |   |   |   |--- truncated branch of depth 2
|   |   |   |   |   |   |   |   |--- feature_0 >  1989.50
|   |   |   |   |   |   |   |   |   |--- class: negative
|--- feature_46 >  0.00
|   |--- feature_46 <= 1.00
|   |   |--- class: positive
|   |--- feature_46 >  1.00
|   |   |--- feature_11 <= 11.10
|   |   |   |--- feature_0 <= 1989.50
|   |   |   |   |--- feature_0 <= 1941.50
|   |   |   |   |   |--- feature_1 <= 1491.00
|   |   |   |   |   |   |--- feature_1 <= 1217.50
|   |   |   |   |   |   |   |--- feature_7 <= 0.50
|   |   |   |   |   |   |   |   |--- feature_9 <= 8.05
|   |   |   |   |   |   |   |   |   |--- feature_2 <= 8.50
|   |   |   |   |   |   |   |   |   |   |--- feature_21 <= 0.25
|   |   |   |   |   |   |   |   |   |   |   |--- truncated branch of depth 6
|   |   |   |   |   |   |   |   |   |   |--- feature_21 >  0.25
|   |   |   |   |   |   |   |   |   |   |   |--- truncated branch of depth 2
|   |   |   |   |   |   |   |   |   |--- feature_2 >  8.50
|   |   |   |   |   |   |   |   |   |   |--- feature_1 <= 350.00
|   |   |   |   |   |   |   |   |   |   |   |--- class: negative
|   |   |   |   |   |   |   |   |   |   |--- feature_1 >  350.00
|   |   |   |   |   |   |   |   |   |   |   |--- truncated branch of depth 3
|   |   |   |   |   |   |   |   |--- feature_9 >  8.05
|   |   |   |   |   |   |   |   |   |--- feature_1 <= 145.00
|   |   |   |   |   |   |   |   |   |   |--- feature_11 <= 5.21
|   |   |   |   |   |   |   |   |   |   |   |--- truncated branch of depth 3
|   |   |   |   |   |   |   |   |   |   |--- feature_11 >  5.21
|   |   |   |   |   |   |   |   |   |   |   |--- class: positive
|   |   |   |   |   |   |   |   |   |--- feature_1 >  145.00
|   |   |   |   |   |   |   |   |   |   |--- class: negative
|   |   |   |   |   |   |   |--- feature_7 >  0.50
|   |   |   |   |   |   |   |   |--- feature_9 <= 7.23
|   |   |   |   |   |   |   |   |   |--- feature_10 <= 7.01
|   |   |   |   |   |   |   |   |   |   |--- feature_1 <= 29.50
|   |   |   |   |   |   |   |   |   |   |   |--- truncated branch of depth 3
|   |   |   |   |   |   |   |   |   |   |--- feature_1 >  29.50
|   |   |   |   |   |   |   |   |   |   |   |--- truncated branch of depth 5
|   |   |   |   |   |   |   |   |   |--- feature_10 >  7.01
|   |   |   |   |   |   |   |   |   |   |--- feature_2 <= 5.50
|   |   |   |   |   |   |   |   |   |   |   |--- truncated branch of depth 7
|   |   |   |   |   |   |   |   |   |   |--- feature_2 >  5.50
|   |   |   |   |   |   |   |   |   |   |   |--- truncated branch of depth 2
|   |   |   |   |   |   |   |   |--- feature_9 >  7.23
|   |   |   |   |   |   |   |   |   |--- feature_7 <= 13.00
|   |   |   |   |   |   |   |   |   |   |--- feature_9 <= 8.65
|   |   |   |   |   |   |   |   |   |   |   |--- class: negative
|   |   |   |   |   |   |   |   |   |   |--- feature_9 >  8.65
|   |   |   |   |   |   |   |   |   |   |   |--- class: positive
|   |   |   |   |   |   |   |   |   |--- feature_7 >  13.00
|   |   |   |   |   |   |   |   |   |   |--- feature_2 <= 3.50
|   |   |   |   |   |   |   |   |   |   |   |--- class: negative
|   |   |   |   |   |   |   |   |   |   |--- feature_2 >  3.50
|   |   |   |   |   |   |   |   |   |   |   |--- truncated branch of depth 3
|   |   |   |   |   |   |--- feature_1 >  1217.50
|   |   |   |   |   |   |   |--- feature_11 <= 7.33
|   |   |   |   |   |   |   |   |--- class: negative
|   |   |   |   |   |   |   |--- feature_11 >  7.33
|   |   |   |   |   |   |   |   |--- feature_12 <= 37.44
|   |   |   |   |   |   |   |   |   |--- feature_7 <= 0.50
|   |   |   |   |   |   |   |   |   |   |--- feature_12 <= 31.36
|   |   |   |   |   |   |   |   |   |   |   |--- truncated branch of depth 3
|   |   |   |   |   |   |   |   |   |   |--- feature_12 >  31.36
|   |   |   |   |   |   |   |   |   |   |   |--- class: negative
|   |   |   |   |   |   |   |   |   |--- feature_7 >  0.50
|   |   |   |   |   |   |   |   |   |   |--- class: positive
|   |   |   |   |   |   |   |   |--- feature_12 >  37.44
|   |   |   |   |   |   |   |   |   |--- class: negative
|   |   |   |   |   |--- feature_1 >  1491.00
|   |   |   |   |   |   |--- feature_2 <= 0.50
|   |   |   |   |   |   |   |--- feature_0 <= 1932.50
|   |   |   |   |   |   |   |   |--- class: negative
|   |   |   |   |   |   |   |--- feature_0 >  1932.50
|   |   |   |   |   |   |   |   |--- feature_10 <= 8.05
|   |   |   |   |   |   |   |   |   |--- class: negative
|   |   |   |   |   |   |   |   |--- feature_10 >  8.05
|   |   |   |   |   |   |   |   |   |--- class: positive
|   |   |   |   |   |   |--- feature_2 >  0.50
|   |   |   |   |   |   |   |--- class: negative
|   |   |   |   |--- feature_0 >  1941.50
|   |   |   |   |   |--- feature_32 <= 1.00
|   |   |   |   |   |   |--- feature_32 <= 0.00
|   |   |   |   |   |   |   |--- feature_1 <= 228.00
|   |   |   |   |   |   |   |   |--- feature_31 <= 0.00
|   |   |   |   |   |   |   |   |   |--- feature_1 <= 220.50
|   |   |   |   |   |   |   |   |   |   |--- feature_18 <= 0.02
|   |   |   |   |   |   |   |   |   |   |   |--- truncated branch of depth 7
|   |   |   |   |   |   |   |   |   |   |--- feature_18 >  0.02
|   |   |   |   |   |   |   |   |   |   |   |--- truncated branch of depth 5
|   |   |   |   |   |   |   |   |   |--- feature_1 >  220.50
|   |   |   |   |   |   |   |   |   |   |--- class: positive
|   |   |   |   |   |   |   |   |--- feature_31 >  0.00
|   |   |   |   |   |   |   |   |   |--- feature_12 <= 25.20
|   |   |   |   |   |   |   |   |   |   |--- feature_0 <= 1949.00
|   |   |   |   |   |   |   |   |   |   |   |--- class: positive
|   |   |   |   |   |   |   |   |   |   |--- feature_0 >  1949.00
|   |   |   |   |   |   |   |   |   |   |   |--- class: negative
|   |   |   |   |   |   |   |   |   |--- feature_12 >  25.20
|   |   |   |   |   |   |   |   |   |   |--- feature_13 <= 7.99
|   |   |   |   |   |   |   |   |   |   |   |--- truncated branch of depth 2
|   |   |   |   |   |   |   |   |   |   |--- feature_13 >  7.99
|   |   |   |   |   |   |   |   |   |   |   |--- class: negative
|   |   |   |   |   |   |   |--- feature_1 >  228.00
|   |   |   |   |   |   |   |   |--- feature_1 <= 974.50
|   |   |   |   |   |   |   |   |   |--- feature_0 <= 1985.50
|   |   |   |   |   |   |   |   |   |   |--- feature_1 <= 786.50
|   |   |   |   |   |   |   |   |   |   |   |--- truncated branch of depth 7
|   |   |   |   |   |   |   |   |   |   |--- feature_1 >  786.50
|   |   |   |   |   |   |   |   |   |   |   |--- class: negative
|   |   |   |   |   |   |   |   |   |--- feature_0 >  1985.50
|   |   |   |   |   |   |   |   |   |   |--- feature_10 <= 15.23
|   |   |   |   |   |   |   |   |   |   |   |--- class: negative
|   |   |   |   |   |   |   |   |   |   |--- feature_10 >  15.23
|   |   |   |   |   |   |   |   |   |   |   |--- truncated branch of depth 4
|   |   |   |   |   |   |   |   |--- feature_1 >  974.50
|   |   |   |   |   |   |   |   |   |--- feature_9 <= 6.14
|   |   |   |   |   |   |   |   |   |   |--- feature_1 <= 1990.00
|   |   |   |   |   |   |   |   |   |   |   |--- class: negative
|   |   |   |   |   |   |   |   |   |   |--- feature_1 >  1990.00
|   |   |   |   |   |   |   |   |   |   |   |--- truncated branch of depth 6
|   |   |   |   |   |   |   |   |   |--- feature_9 >  6.14
|   |   |   |   |   |   |   |   |   |   |--- feature_13 <= 5.02
|   |   |   |   |   |   |   |   |   |   |   |--- truncated branch of depth 7
|   |   |   |   |   |   |   |   |   |   |--- feature_13 >  5.02
|   |   |   |   |   |   |   |   |   |   |   |--- truncated branch of depth 7
|   |   |   |   |   |   |--- feature_32 >  0.00
|   |   |   |   |   |   |   |--- class: positive
|   |   |   |   |   |--- feature_32 >  1.00
|   |   |   |   |   |   |--- feature_1 <= 1459.50
|   |   |   |   |   |   |   |--- feature_2 <= 1.50
|   |   |   |   |   |   |   |   |--- class: negative
|   |   |   |   |   |   |   |--- feature_2 >  1.50
|   |   |   |   |   |   |   |   |--- feature_1 <= 113.50
|   |   |   |   |   |   |   |   |   |--- class: positive
|   |   |   |   |   |   |   |   |--- feature_1 >  113.50
|   |   |   |   |   |   |   |   |   |--- feature_11 <= 9.65
|   |   |   |   |   |   |   |   |   |   |--- feature_2 <= 2.50
|   |   |   |   |   |   |   |   |   |   |   |--- truncated branch of depth 2
|   |   |   |   |   |   |   |   |   |   |--- feature_2 >  2.50
|   |   |   |   |   |   |   |   |   |   |   |--- class: negative
|   |   |   |   |   |   |   |   |   |--- feature_11 >  9.65
|   |   |   |   |   |   |   |   |   |   |--- feature_2 <= 9.50
|   |   |   |   |   |   |   |   |   |   |   |--- truncated branch of depth 3
|   |   |   |   |   |   |   |   |   |   |--- feature_2 >  9.50
|   |   |   |   |   |   |   |   |   |   |   |--- class: positive
|   |   |   |   |   |   |--- feature_1 >  1459.50
|   |   |   |   |   |   |   |--- feature_10 <= 23.95
|   |   |   |   |   |   |   |   |--- feature_18 <= 0.04
|   |   |   |   |   |   |   |   |   |--- feature_0 <= 1953.50
|   |   |   |   |   |   |   |   |   |   |--- feature_2 <= 3.50
|   |   |   |   |   |   |   |   |   |   |   |--- class: positive
|   |   |   |   |   |   |   |   |   |   |--- feature_2 >  3.50
|   |   |   |   |   |   |   |   |   |   |   |--- class: negative
|   |   |   |   |   |   |   |   |   |--- feature_0 >  1953.50
|   |   |   |   |   |   |   |   |   |   |--- class: negative
|   |   |   |   |   |   |   |   |--- feature_18 >  0.04
|   |   |   |   |   |   |   |   |   |--- feature_11 <= 7.60
|   |   |   |   |   |   |   |   |   |   |--- class: negative
|   |   |   |   |   |   |   |   |   |--- feature_11 >  7.60
|   |   |   |   |   |   |   |   |   |   |--- feature_11 <= 9.94
|   |   |   |   |   |   |   |   |   |   |   |--- class: positive
|   |   |   |   |   |   |   |   |   |   |--- feature_11 >  9.94
|   |   |   |   |   |   |   |   |   |   |   |--- class: negative
|   |   |   |   |   |   |   |--- feature_10 >  23.95
|   |   |   |   |   |   |   |   |--- class: negative
|   |   |   |--- feature_0 >  1989.50
|   |   |   |   |--- feature_11 <= 5.55
|   |   |   |   |   |--- class: positive
|   |   |   |   |--- feature_11 >  5.55
|   |   |   |   |   |--- feature_10 <= 30.35
|   |   |   |   |   |   |--- class: negative
|   |   |   |   |   |--- feature_10 >  30.35
|   |   |   |   |   |   |--- feature_9 <= 11.45
|   |   |   |   |   |   |   |--- feature_1 <= 2446.50
|   |   |   |   |   |   |   |   |--- class: positive
|   |   |   |   |   |   |   |--- feature_1 >  2446.50
|   |   |   |   |   |   |   |   |--- class: negative
|   |   |   |   |   |   |--- feature_9 >  11.45
|   |   |   |   |   |   |   |--- feature_0 <= 2002.50
|   |   |   |   |   |   |   |   |--- class: negative
|   |   |   |   |   |   |   |--- feature_0 >  2002.50
|   |   |   |   |   |   |   |   |--- feature_0 <= 2003.50
|   |   |   |   |   |   |   |   |   |--- feature_9 <= 16.00
|   |   |   |   |   |   |   |   |   |   |--- class: positive
|   |   |   |   |   |   |   |   |   |--- feature_9 >  16.00
|   |   |   |   |   |   |   |   |   |   |--- class: negative
|   |   |   |   |   |   |   |   |--- feature_0 >  2003.50
|   |   |   |   |   |   |   |   |   |--- class: negative
|   |   |--- feature_11 >  11.10
|   |   |   |--- feature_33 <= 0.99
|   |   |   |   |--- feature_33 <= 0.00
|   |   |   |   |   |--- feature_11 <= 13.40
|   |   |   |   |   |   |--- feature_18 <= 0.00
|   |   |   |   |   |   |   |--- feature_1 <= 6970.50
|   |   |   |   |   |   |   |   |--- feature_29 <= 0.01
|   |   |   |   |   |   |   |   |   |--- feature_9 <= 3.56
|   |   |   |   |   |   |   |   |   |   |--- class: positive
|   |   |   |   |   |   |   |   |   |--- feature_9 >  3.56
|   |   |   |   |   |   |   |   |   |   |--- feature_1 <= 6100.00
|   |   |   |   |   |   |   |   |   |   |   |--- class: negative
|   |   |   |   |   |   |   |   |   |   |--- feature_1 >  6100.00
|   |   |   |   |   |   |   |   |   |   |   |--- truncated branch of depth 2
|   |   |   |   |   |   |   |   |--- feature_29 >  0.01
|   |   |   |   |   |   |   |   |   |--- feature_29 <= 0.85
|   |   |   |   |   |   |   |   |   |   |--- class: positive
|   |   |   |   |   |   |   |   |   |--- feature_29 >  0.85
|   |   |   |   |   |   |   |   |   |   |--- feature_1 <= 710.00
|   |   |   |   |   |   |   |   |   |   |   |--- truncated branch of depth 2
|   |   |   |   |   |   |   |   |   |   |--- feature_1 >  710.00
|   |   |   |   |   |   |   |   |   |   |   |--- class: negative
|   |   |   |   |   |   |   |--- feature_1 >  6970.50
|   |   |   |   |   |   |   |   |--- feature_0 <= 1917.00
|   |   |   |   |   |   |   |   |   |--- class: negative
|   |   |   |   |   |   |   |   |--- feature_0 >  1917.00
|   |   |   |   |   |   |   |   |   |--- class: positive
|   |   |   |   |   |   |--- feature_18 >  0.00
|   |   |   |   |   |   |   |--- feature_18 <= 1.00
|   |   |   |   |   |   |   |   |--- class: positive
|   |   |   |   |   |   |   |--- feature_18 >  1.00
|   |   |   |   |   |   |   |   |--- feature_1 <= 4596.50
|   |   |   |   |   |   |   |   |   |--- feature_1 <= 1488.50
|   |   |   |   |   |   |   |   |   |   |--- feature_10 <= 25.00
|   |   |   |   |   |   |   |   |   |   |   |--- class: negative
|   |   |   |   |   |   |   |   |   |   |--- feature_10 >  25.00
|   |   |   |   |   |   |   |   |   |   |   |--- truncated branch of depth 2
|   |   |   |   |   |   |   |   |   |--- feature_1 >  1488.50
|   |   |   |   |   |   |   |   |   |   |--- feature_13 <= 5.05
|   |   |   |   |   |   |   |   |   |   |   |--- truncated branch of depth 5
|   |   |   |   |   |   |   |   |   |   |--- feature_13 >  5.05
|   |   |   |   |   |   |   |   |   |   |   |--- truncated branch of depth 7
|   |   |   |   |   |   |   |   |--- feature_1 >  4596.50
|   |   |   |   |   |   |   |   |   |--- feature_11 <= 13.15
|   |   |   |   |   |   |   |   |   |   |--- feature_32 <= 0.01
|   |   |   |   |   |   |   |   |   |   |   |--- truncated branch of depth 5
|   |   |   |   |   |   |   |   |   |   |--- feature_32 >  0.01
|   |   |   |   |   |   |   |   |   |   |   |--- truncated branch of depth 7
|   |   |   |   |   |   |   |   |   |--- feature_11 >  13.15
|   |   |   |   |   |   |   |   |   |   |--- class: positive
|   |   |   |   |   |--- feature_11 >  13.40
|   |   |   |   |   |   |--- feature_7 <= 0.50
|   |   |   |   |   |   |   |--- feature_10 <= 7.15
|   |   |   |   |   |   |   |   |--- class: positive
|   |   |   |   |   |   |   |--- feature_10 >  7.15
|   |   |   |   |   |   |   |   |--- feature_0 <= 1958.50
|   |   |   |   |   |   |   |   |   |--- class: negative
|   |   |   |   |   |   |   |   |--- feature_0 >  1958.50
|   |   |   |   |   |   |   |   |   |--- feature_10 <= 16.28
|   |   |   |   |   |   |   |   |   |   |--- feature_1 <= 10675.00
|   |   |   |   |   |   |   |   |   |   |   |--- class: negative
|   |   |   |   |   |   |   |   |   |   |--- feature_1 >  10675.00
|   |   |   |   |   |   |   |   |   |   |   |--- truncated branch of depth 2
|   |   |   |   |   |   |   |   |   |--- feature_10 >  16.28
|   |   |   |   |   |   |   |   |   |   |--- feature_2 <= 9.50
|   |   |   |   |   |   |   |   |   |   |   |--- truncated branch of depth 7
|   |   |   |   |   |   |   |   |   |   |--- feature_2 >  9.50
|   |   |   |   |   |   |   |   |   |   |   |--- class: negative
|   |   |   |   |   |   |--- feature_7 >  0.50
|   |   |   |   |   |   |   |--- feature_0 <= 1969.50
|   |   |   |   |   |   |   |   |--- feature_1 <= 12515.00
|   |   |   |   |   |   |   |   |   |--- feature_29 <= 0.07
|   |   |   |   |   |   |   |   |   |   |--- feature_9 <= 9.17
|   |   |   |   |   |   |   |   |   |   |   |--- truncated branch of depth 6
|   |   |   |   |   |   |   |   |   |   |--- feature_9 >  9.17
|   |   |   |   |   |   |   |   |   |   |   |--- truncated branch of depth 5
|   |   |   |   |   |   |   |   |   |--- feature_29 >  0.07
|   |   |   |   |   |   |   |   |   |   |--- feature_9 <= 7.25
|   |   |   |   |   |   |   |   |   |   |   |--- truncated branch of depth 2
|   |   |   |   |   |   |   |   |   |   |--- feature_9 >  7.25
|   |   |   |   |   |   |   |   |   |   |   |--- truncated branch of depth 5
|   |   |   |   |   |   |   |   |--- feature_1 >  12515.00
|   |   |   |   |   |   |   |   |   |--- feature_0 <= 1965.50
|   |   |   |   |   |   |   |   |   |   |--- feature_2 <= 6.50
|   |   |   |   |   |   |   |   |   |   |   |--- truncated branch of depth 4
|   |   |   |   |   |   |   |   |   |   |--- feature_2 >  6.50
|   |   |   |   |   |   |   |   |   |   |   |--- truncated branch of depth 4
|   |   |   |   |   |   |   |   |   |--- feature_0 >  1965.50
|   |   |   |   |   |   |   |   |   |   |--- class: negative
|   |   |   |   |   |   |   |--- feature_0 >  1969.50
|   |   |   |   |   |   |   |   |--- feature_13 <= 7.80
|   |   |   |   |   |   |   |   |   |--- feature_10 <= 31.99
|   |   |   |   |   |   |   |   |   |   |--- feature_29 <= 0.05
|   |   |   |   |   |   |   |   |   |   |   |--- truncated branch of depth 5
|   |   |   |   |   |   |   |   |   |   |--- feature_29 >  0.05
|   |   |   |   |   |   |   |   |   |   |   |--- class: positive
|   |   |   |   |   |   |   |   |   |--- feature_10 >  31.99
|   |   |   |   |   |   |   |   |   |   |--- class: positive
|   |   |   |   |   |   |   |   |--- feature_13 >  7.80
|   |   |   |   |   |   |   |   |   |--- feature_1 <= 2225.00
|   |   |   |   |   |   |   |   |   |   |--- feature_1 <= 2010.00
|   |   |   |   |   |   |   |   |   |   |   |--- class: negative
|   |   |   |   |   |   |   |   |   |   |--- feature_1 >  2010.00
|   |   |   |   |   |   |   |   |   |   |   |--- class: positive
|   |   |   |   |   |   |   |   |   |--- feature_1 >  2225.00
|   |   |   |   |   |   |   |   |   |   |--- class: negative
|   |   |   |   |--- feature_33 >  0.00
|   |   |   |   |   |--- class: positive
|   |   |   |--- feature_33 >  0.99
|   |   |   |   |--- feature_1 <= 21342.00
|   |   |   |   |   |--- feature_13 <= 4.99
|   |   |   |   |   |   |--- class: positive
|   |   |   |   |   |--- feature_13 >  4.99
|   |   |   |   |   |   |--- feature_7 <= 30.50
|   |   |   |   |   |   |   |--- feature_2 <= 47.00
|   |   |   |   |   |   |   |   |--- feature_0 <= 1963.50
|   |   |   |   |   |   |   |   |   |--- class: negative
|   |   |   |   |   |   |   |   |--- feature_0 >  1963.50
|   |   |   |   |   |   |   |   |   |--- feature_0 <= 1997.50
|   |   |   |   |   |   |   |   |   |   |--- feature_9 <= 6.85
|   |   |   |   |   |   |   |   |   |   |   |--- class: negative
|   |   |   |   |   |   |   |   |   |   |--- feature_9 >  6.85
|   |   |   |   |   |   |   |   |   |   |   |--- truncated branch of depth 7
|   |   |   |   |   |   |   |   |   |--- feature_0 >  1997.50
|   |   |   |   |   |   |   |   |   |   |--- class: negative
|   |   |   |   |   |   |   |--- feature_2 >  47.00
|   |   |   |   |   |   |   |   |--- feature_1 <= 11855.00
|   |   |   |   |   |   |   |   |   |--- class: positive
|   |   |   |   |   |   |   |   |--- feature_1 >  11855.00
|   |   |   |   |   |   |   |   |   |--- class: negative
|   |   |   |   |   |   |--- feature_7 >  30.50
|   |   |   |   |   |   |   |--- feature_18 <= 0.25
|   |   |   |   |   |   |   |   |--- feature_2 <= 2.50
|   |   |   |   |   |   |   |   |   |--- class: positive
|   |   |   |   |   |   |   |   |--- feature_2 >  2.50
|   |   |   |   |   |   |   |   |   |--- class: negative
|   |   |   |   |   |   |   |--- feature_18 >  0.25
|   |   |   |   |   |   |   |   |--- feature_9 <= 11.19
|   |   |   |   |   |   |   |   |   |--- class: positive
|   |   |   |   |   |   |   |   |--- feature_9 >  11.19
|   |   |   |   |   |   |   |   |   |--- class: negative
|   |   |   |   |--- feature_1 >  21342.00
|   |   |   |   |   |--- feature_7 <= 13.50
|   |   |   |   |   |   |--- feature_1 <= 27788.50
|   |   |   |   |   |   |   |--- feature_7 <= 6.00
|   |   |   |   |   |   |   |   |--- class: positive
|   |   |   |   |   |   |   |--- feature_7 >  6.00
|   |   |   |   |   |   |   |   |--- class: negative
|   |   |   |   |   |   |--- feature_1 >  27788.50
|   |   |   |   |   |   |   |--- class: negative
|   |   |   |   |   |--- feature_7 >  13.50
|   |   |   |   |   |   |--- feature_10 <= 30.15
|   |   |   |   |   |   |   |--- feature_7 <= 29.00
|   |   |   |   |   |   |   |   |--- class: positive
|   |   |   |   |   |   |   |--- feature_7 >  29.00
|   |   |   |   |   |   |   |   |--- class: negative
|   |   |   |   |   |   |--- feature_10 >  30.15
|   |   |   |   |   |   |   |--- feature_11 <= 13.65
|   |   |   |   |   |   |   |   |--- class: positive
|   |   |   |   |   |   |   |--- feature_11 >  13.65
|   |   |   |   |   |   |   |   |--- class: negative
