|--- feature_4 <= 5.50
|   |--- feature_13 <= 9.80
|   |   |--- feature_15 <= 8.00
|   |   |   |--- feature_15 <= 5.00
|   |   |   |   |--- feature_15 <= 5.00
|   |   |   |   |   |--- feature_15 <= 4.00
|   |   |   |   |   |   |--- feature_14 <= 18.09
|   |   |   |   |   |   |   |--- feature_9 <= 49.00
|   |   |   |   |   |   |   |   |--- feature_13 <= 8.55
|   |   |   |   |   |   |   |   |   |--- feature_1 <= 5.50
|   |   |   |   |   |   |   |   |   |   |--- feature_11 <= 6.55
|   |   |   |   |   |   |   |   |   |   |   |--- class: positive
|   |   |   |   |   |   |   |   |   |   |--- feature_11 >  6.55
|   |   |   |   |   |   |   |   |   |   |   |--- class: negative
|   |   |   |   |   |   |   |   |   |--- feature_1 >  5.50
|   |   |   |   |   |   |   |   |   |   |--- class: negative
|   |   |   |   |   |   |   |   |--- feature_13 >  8.55
|   |   |   |   |   |   |   |   |   |--- feature_13 <= 8.95
|   |   |   |   |   |   |   |   |   |   |--- class: positive
|   |   |   |   |   |   |   |   |   |--- feature_13 >  8.95
|   |   |   |   |   |   |   |   |   |   |--- class: negative
|   |   |   |   |   |   |   |--- feature_9 >  49.00
|   |   |   |   |   |   |   |   |--- feature_0 <= 1941.00
|   |   |   |   |   |   |   |   |   |--- class: negative
|   |   |   |   |   |   |   |   |--- feature_0 >  1941.00
|   |   |   |   |   |   |   |   |   |--- class: positive
|   |   |   |   |   |   |--- feature_14 >  18.09
|   |   |   |   |   |   |   |--- feature_14 <= 40.26
|   |   |   |   |   |   |   |   |--- feature_14 <= 36.91
|   |   |   |   |   |   |   |   |   |--- feature_11 <= 16.45
|   |   |   |   |   |   |   |   |   |   |--- feature_9 <= 0.50
|   |   |   |   |   |   |   |   |   |   |   |--- truncated branch of depth 8
|   |   |   |   |   |   |   |   |   |   |--- feature_9 >  0.50
|   |   |   |   |   |   |   |   |   |   |   |--- truncated branch of depth 6
|   |   |   |   |   |   |   |   |   |--- feature_11 >  16.45
|   |   |   |   |   |   |   |   |   |   |--- feature_1 <= 960.00
|   |   |   |   |   |   |   |   |   |   |   |--- class: negative
|   |   |   |   |   |   |   |   |   |   |--- feature_1 >  960.00
|   |   |   |   |   |   |   |   |   |   |   |--- truncated branch of depth 2
|   |   |   |   |   |   |   |   |--- feature_14 >  36.91
|   |   |   |   |   |   |   |   |   |--- feature_19 <= 8.00
|   |   |   |   |   |   |   |   |   |   |--- feature_0 <= 1904.50
|   |   |   |   |   |   |   |   |   |   |   |--- truncated branch of depth 2
|   |   |   |   |   |   |   |   |   |   |--- feature_0 >  1904.50
|   |   |   |   |   |   |   |   |   |   |   |--- class: positive
|   |   |   |   |   |   |   |   |   |--- feature_19 >  8.00
|   |   |   |   |   |   |   |   |   |   |--- feature_10 <= 1.50
|   |   |   |   |   |   |   |   |   |   |   |--- class: negative
|   |   |   |   |   |   |   |   |   |   |--- feature_10 >  1.50
|   |   |   |   |   |   |   |   |   |   |   |--- class: positive
|   |   |   |   |   |   |   |--- feature_14 >  40.26
|   |   |   |   |   |   |   |   |--- feature_11 <= 10.85
|   |   |   |   |   |   |   |   |   |--- class: negative
|   |   |   |   |   |   |   |   |--- feature_11 >  10.85
|   |   |   |   |   |   |   |   |   |--- feature_12 <= 19.80
|   |   |   |   |   |   |   |   |   |   |--- feature_1 <= 86.50
|   |   |   |   |   |   |   |   |   |   |   |--- class: negative
|   |   |   |   |   |   |   |   |   |   |--- feature_1 >  86.50
|   |   |   |   |   |   |   |   |   |   |   |--- truncated branch of depth 3
|   |   |   |   |   |   |   |   |   |--- feature_12 >  19.80
|   |   |   |   |   |   |   |   |   |   |--- class: negative
|   |   |   |   |   |--- feature_15 >  4.00
|   |   |   |   |   |   |--- class: positive
|   |   |   |   |--- feature_15 >  5.00
|   |   |   |   |   |--- feature_14 <= 33.33
|   |   |   |   |   |   |--- feature_14 <= 33.27
|   |   |   |   |   |   |   |--- feature_14 <= 32.47
|   |   |   |   |   |   |   |   |--- feature_9 <= 1.00
|   |   |   |   |   |   |   |   |   |--- feature_19 <= 1.38
|   |   |   |   |   |   |   |   |   |   |--- feature_2 <= 3.50
|   |   |   |   |   |   |   |   |   |   |   |--- class: negative
|   |   |   |   |   |   |   |   |   |   |--- feature_2 >  3.50
|   |   |   |   |   |   |   |   |   |   |   |--- truncated branch of depth 5
|   |   |   |   |   |   |   |   |   |--- feature_19 >  1.38
|   |   |   |   |   |   |   |   |   |   |--- feature_19 <= 5.99
|   |   |   |   |   |   |   |   |   |   |   |--- truncated branch of depth 2
|   |   |   |   |   |   |   |   |   |   |--- feature_19 >  5.99
|   |   |   |   |   |   |   |   |   |   |   |--- truncated branch of depth 11
|   |   |   |   |   |   |   |   |--- feature_9 >  1.00
|   |   |   |   |   |   |   |   |   |--- feature_0 <= 1979.50
|   |   |   |   |   |   |   |   |   |   |--- feature_13 <= 8.48
|   |   |   |   |   |   |   |   |   |   |   |--- truncated branch of depth 10
|   |   |   |   |   |   |   |   |   |   |--- feature_13 >  8.48
|   |   |   |   |   |   |   |   |   |   |   |--- truncated branch of depth 6
|   |   |   |   |   |   |   |   |   |--- feature_0 >  1979.50
|   |   |   |   |   |   |   |   |   |   |--- feature_20 <= 7.50
|   |   |   |   |   |   |   |   |   |   |   |--- class: negative
|   |   |   |   |   |   |   |   |   |   |--- feature_20 >  7.50
|   |   |   |   |   |   |   |   |   |   |   |--- truncated branch of depth 2
|   |   |   |   |   |   |   |--- feature_14 >  32.47
|   |   |   |   |   |   |   |   |--- class: positive
|   |   |   |   |   |   |--- feature_14 >  33.27
|   |   |   |   |   |   |   |--- feature_12 <= 14.75
|   |   |   |   |   |   |   |   |--- feature_1 <= 7.50
|   |   |   |   |   |   |   |   |   |--- class: positive
|   |   |   |   |   |   |   |   |--- feature_1 >  7.50
|   |   |   |   |   |   |   |   |   |--- feature_11 <= 4.45
|   |   |   |   |   |   |   |   |   |   |--- class: positive
|   |   |   |   |   |   |   |   |   |--- feature_11 >  4.45
|   |   |   |   |   |   |   |   |   |   |--- class: negative
|   |   |   |   |   |   |   |--- feature_12 >  14.75
|   |   |   |   |   |   |   |   |--- feature_9 <= 40.50
|   |   |   |   |   |   |   |   |   |--- feature_1 <= 90.00
|   |   |   |   |   |   |   |   |   |   |--- feature_13 <= 7.90
|   |   |   |   |   |   |   |   |   |   |   |--- class: negative
|   |   |   |   |   |   |   |   |   |   |--- feature_13 >  7.90
|   |   |   |   |   |   |   |   |   |   |   |--- class: positive
|   |   |   |   |   |   |   |   |   |--- feature_1 >  90.00
|   |   |   |   |   |   |   |   |   |   |--- feature_13 <= 7.55
|   |   |   |   |   |   |   |   |   |   |   |--- truncated branch of depth 7
|   |   |   |   |   |   |   |   |   |   |--- feature_13 >  7.55
|   |   |   |   |   |   |   |   |   |   |   |--- truncated branch of depth 3
|   |   |   |   |   |   |   |   |--- feature_9 >  40.50
|   |   |   |   |   |   |   |   |   |--- feature_1 <= 1882.00
|   |   |   |   |   |   |   |   |   |   |--- class: positive
|   |   |   |   |   |   |   |   |   |--- feature_1 >  1882.00
|   |   |   |   |   |   |   |   |   |   |--- class: negative
|   |   |   |   |   |--- feature_14 >  33.33
|   |   |   |   |   |   |--- feature_19 <= 5.97
|   |   |   |   |   |   |   |--- feature_19 <= 1.01
|   |   |   |   |   |   |   |   |--- feature_9 <= 0.50
|   |   |   |   |   |   |   |   |   |--- feature_12 <= 22.15
|   |   |   |   |   |   |   |   |   |   |--- feature_0 <= 1984.50
|   |   |   |   |   |   |   |   |   |   |   |--- truncated branch of depth 13
|   |   |   |   |   |   |   |   |   |   |--- feature_0 >  1984.50
|   |   |   |   |   |   |   |   |   |   |   |--- class: negative
|   |   |   |   |   |   |   |   |   |--- feature_12 >  22.15
|   |   |   |   |   |   |   |   |   |   |--- feature_0 <= 1957.50
|   |   |   |   |   |   |   |   |   |   |   |--- class: negative
|   |   |   |   |   |   |   |   |   |   |--- feature_0 >  1957.50
|   |   |   |   |   |   |   |   |   |   |   |--- truncated branch of depth 9
|   |   |   |   |   |   |   |   |--- feature_9 >  0.50
|   |   |   |   |   |   |   |   |   |--- feature_14 <= 40.40
|   |   |   |   |   |   |   |   |   |   |--- feature_14 <= 36.95
|   |   |   |   |   |   |   |   |   |   |   |--- truncated branch of depth 10
|   |   |   |   |   |   |   |   |   |   |--- feature_14 >  36.95
|   |   |   |   |   |   |   |   |   |   |   |--- truncated branch of depth 4
|   |   |   |   |   |   |   |   |   |--- feature_14 >  40.40
|   |   |   |   |   |   |   |   |   |   |--- feature_20 <= 4.50
|   |   |   |   |   |   |   |   |   |   |   |--- truncated branch of depth 13
|   |   |   |   |   |   |   |   |   |   |--- feature_20 >  4.50
|   |   |   |   |   |   |   |   |   |   |   |--- truncated branch of depth 9
|   |   |   |   |   |   |   |--- feature_19 >  1.01
|   |   |   |   |   |   |   |   |--- feature_12 <= 9.80
|   |   |   |   |   |   |   |   |   |--- feature_2 <= 4.50
|   |   |   |   |   |   |   |   |   |   |--- class: positive
|   |   |   |   |   |   |   |   |   |--- feature_2 >  4.50
|   |   |   |   |   |   |   |   |   |   |--- feature_20 <= 2.50
|   |   |   |   |   |   |   |   |   |   |   |--- class: negative
|   |   |   |   |   |   |   |   |   |   |--- feature_20 >  2.50
|   |   |   |   |   |   |   |   |   |   |   |--- class: positive
|   |   |   |   |   |   |   |   |--- feature_12 >  9.80
|   |   |   |   |   |   |   |   |   |--- feature_20 <= 9.50
|   |   |   |   |   |   |   |   |   |   |--- class: positive
|   |   |   |   |   |   |   |   |   |--- feature_20 >  9.50
|   |   |   |   |   |   |   |   |   |   |--- class: negative
|   |   |   |   |   |   |--- feature_19 >  5.97
|   |   |   |   |   |   |   |--- feature_12 <= 10.71
|   |   |   |   |   |   |   |   |--- feature_2 <= 14.00
|   |   |   |   |   |   |   |   |   |--- feature_13 <= 4.85
|   |   |   |   |   |   |   |   |   |   |--- feature_19 <= 7.55
|   |   |   |   |   |   |   |   |   |   |   |--- truncated branch of depth 2
|   |   |   |   |   |   |   |   |   |   |--- feature_19 >  7.55
|   |   |   |   |   |   |   |   |   |   |   |--- class: negative
|   |   |   |   |   |   |   |   |   |--- feature_13 >  4.85
|   |   |   |   |   |   |   |   |   |   |--- feature_3 <= 2.50
|   |   |   |   |   |   |   |   |   |   |   |--- class: positive
|   |   |   |   |   |   |   |   |   |   |--- feature_3 >  2.50
|   |   |   |   |   |   |   |   |   |   |   |--- truncated branch of depth 5
|   |   |   |   |   |   |   |   |--- feature_2 >  14.00
|   |   |   |   |   |   |   |   |   |--- feature_1 <= 167.50
|   |   |   |   |   |   |   |   |   |   |--- class: positive
|   |   |   |   |   |   |   |   |   |--- feature_1 >  167.50
|   |   |   |   |   |   |   |   |   |   |--- class: negative
|   |   |   |   |   |   |   |--- feature_12 >  10.71
|   |   |   |   |   |   |   |   |--- feature_19 <= 6.04
|   |   |   |   |   |   |   |   |   |--- feature_11 <= 25.77
|   |   |   |   |   |   |   |   |   |   |--- feature_2 <= 2.50
|   |   |   |   |   |   |   |   |   |   |   |--- truncated branch of depth 8
|   |   |   |   |   |   |   |   |   |   |--- feature_2 >  2.50
|   |   |   |   |   |   |   |   |   |   |   |--- truncated branch of depth 6
|   |   |   |   |   |   |   |   |   |--- feature_11 >  25.77
|   |   |   |   |   |   |   |   |   |   |--- feature_12 <= 33.65
|   |   |   |   |   |   |   |   |   |   |   |--- truncated branch of depth 5
|   |   |   |   |   |   |   |   |   |   |--- feature_12 >  33.65
|   |   |   |   |   |   |   |   |   |   |   |--- class: negative
|   |   |   |   |   |   |   |   |--- feature_19 >  6.04
|   |   |   |   |   |   |   |   |   |--- feature_19 <= 7.95
|   |   |   |   |   |   |   |   |   |   |--- class: positive
|   |   |   |   |   |   |   |   |   |--- feature_19 >  7.95
|   |   |   |   |   |   |   |   |   |   |--- feature_20 <= 2.50
|   |   |   |   |   |   |   |   |   |   |   |--- truncated branch of depth 7
|   |   |   |   |   |   |   |   |   |   |--- feature_20 >  2.50
|   |   |   |   |   |   |   |   |   |   |   |--- class: negative
|   |   |   |--- feature_15 >  5.00
|   |   |   |   |--- feature_15 <= 6.00
|   |   |   |   |   |--- class: positive
|   |   |   |   |--- feature_15 >  6.00
|   |   |   |   |   |--- feature_15 <= 6.00
|   |   |   |   |   |   |--- feature_20 <= 1.50
|   |   |   |   |   |   |   |--- feature_0 <= 1950.50
|   |   |   |   |   |   |   |   |--- feature_19 <= 1.09
|   |   |   |   |   |   |   |   |   |--- feature_2 <= 7.50
|   |   |   |   |   |   |   |   |   |   |--- feature_4 <= 2.50
|   |   |   |   |   |   |   |   |   |   |   |--- truncated branch of depth 5
|   |   |   |   |   |   |   |   |   |   |--- feature_4 >  2.50
|   |   |   |   |   |   |   |   |   |   |   |--- truncated branch of depth 5
|   |   |   |   |   |   |   |   |   |--- feature_2 >  7.50
|   |   |   |   |   |   |   |   |   |   |--- feature_4 <= 1.50
|   |   |   |   |   |   |   |   |   |   |   |--- truncated branch of depth 4
|   |   |   |   |   |   |   |   |   |   |--- feature_4 >  1.50
|   |   |   |   |   |   |   |   |   |   |   |--- class: negative
|   |   |   |   |   |   |   |   |--- feature_19 >  1.09
|   |   |   |   |   |   |   |   |   |--- feature_19 <= 7.82
|   |   |   |   |   |   |   |   |   |   |--- feature_12 <= 25.90
|   |   |   |   |   |   |   |   |   |   |   |--- class: positive
|   |   |   |   |   |   |   |   |   |   |--- feature_12 >  25.90
|   |   |   |   |   |   |   |   |   |   |   |--- class: negative
|   |   |   |   |   |   |   |   |   |--- feature_19 >  7.82
|   |   |   |   |   |   |   |   |   |   |--- class: negative
|   |   |   |   |   |   |   |--- feature_0 >  1950.50
|   |   |   |   |   |   |   |   |--- feature_1 <= 210.00
|   |   |   |   |   |   |   |   |   |--- feature_4 <= 1.00
|   |   |   |   |   |   |   |   |   |   |--- feature_19 <= 4.50
|   |   |   |   |   |   |   |   |   |   |   |--- class: negative
|   |   |   |   |   |   |   |   |   |   |--- feature_19 >  4.50
|   |   |   |   |   |   |   |   |   |   |   |--- class: positive
|   |   |   |   |   |   |   |   |   |--- feature_4 >  1.00
|   |   |   |   |   |   |   |   |   |   |--- feature_2 <= 2.00
|   |   |   |   |   |   |   |   |   |   |   |--- truncated branch of depth 2
|   |   |   |   |   |   |   |   |   |   |--- feature_2 >  2.00
|   |   |   |   |   |   |   |   |   |   |   |--- truncated branch of depth 2
|   |   |   |   |   |   |   |   |--- feature_1 >  210.00
|   |   |   |   |   |   |   |   |   |--- feature_1 <= 971.00
|   |   |   |   |   |   |   |   |   |   |--- feature_13 <= 8.60
|   |   |   |   |   |   |   |   |   |   |   |--- class: negative
|   |   |   |   |   |   |   |   |   |   |--- feature_13 >  8.60
|   |   |   |   |   |   |   |   |   |   |   |--- truncated branch of depth 2
|   |   |   |   |   |   |   |   |   |--- feature_1 >  971.00
|   |   |   |   |   |   |   |   |   |   |--- feature_1 <= 1004.50
|   |   |   |   |   |   |   |   |   |   |   |--- class: positive
|   |   |   |   |   |   |   |   |   |   |--- feature_1 >  1004.50
|   |   |   |   |   |   |   |   |   |   |   |--- truncated branch of depth 3
|   |   |   |   |   |   |--- feature_20 >  1.50
|   |   |   |   |   |   |   |--- feature_16 <= 1.50
|   |   |   |   |   |   |   |   |--- feature_13 <= 6.50
|   |   |   |   |   |   |   |   |   |--- feature_20 <= 9.50
|   |   |   |   |   |   |   |   |   |   |--- feature_20 <= 5.50
|   |   |   |   |   |   |   |   |   |   |   |--- truncated branch of depth 12
|   |   |   |   |   |   |   |   |   |   |--- feature_20 >  5.50
|   |   |   |   |   |   |   |   |   |   |   |--- class: positive
|   |   |   |   |   |   |   |   |   |--- feature_20 >  9.50
|   |   |   |   |   |   |   |   |   |   |--- feature_12 <= 11.30
|   |   |   |   |   |   |   |   |   |   |   |--- class: positive
|   |   |   |   |   |   |   |   |   |   |--- feature_12 >  11.30
|   |   |   |   |   |   |   |   |   |   |   |--- truncated branch of depth 3
|   |   |   |   |   |   |   |   |--- feature_13 >  6.50
|   |   |   |   |   |   |   |   |   |--- feature_1 <= 205.00
|   |   |   |   |   |   |   |   |   |   |--- feature_1 <= 101.00
|   |   |   |   |   |   |   |   |   |   |   |--- truncated branch of depth 2
|   |   |   |   |   |   |   |   |   |   |--- feature_1 >  101.00
|   |   |   |   |   |   |   |   |   |   |   |--- class: positive
|   |   |   |   |   |   |   |   |   |--- feature_1 >  205.00
|   |   |   |   |   |   |   |   |   |   |--- feature_1 <= 741.00
|   |   |   |   |   |   |   |   |   |   |   |--- class: negative
|   |   |   |   |   |   |   |   |   |   |--- feature_1 >  741.00
|   |   |   |   |   |   |   |   |   |   |   |--- truncated branch of depth 2
|   |   |   |   |   |   |   |--- feature_16 >  1.50
|   |   |   |   |   |   |   |   |--- feature_0 <= 1943.50
|   |   |   |   |   |   |   |   |   |--- feature_1 <= 385.00
|   |   |   |   |   |   |   |   |   |   |--- feature_1 <= 298.50
|   |   |   |   |   |   |   |   |   |   |   |--- truncated branch of depth 8
|   |   |   |   |   |   |   |   |   |   |--- feature_1 >  298.50
|   |   |   |   |   |   |   |   |   |   |   |--- truncated branch of depth 5
|   |   |   |   |   |   |   |   |   |--- feature_1 >  385.00
|   |   |   |   |   |   |   |   |   |   |--- class: negative
|   |   |   |   |   |   |   |   |--- feature_0 >  1943.50
|   |   |   |   |   |   |   |   |   |--- feature_4 <= 1.50
|   |   |   |   |   |   |   |   |   |   |--- class: negative
|   |   |   |   |   |   |   |   |   |--- feature_4 >  1.50
|   |   |   |   |   |   |   |   |   |   |--- feature_20 <= 4.50
|   |   |   |   |   |   |   |   |   |   |   |--- truncated branch of depth 13
|   |   |   |   |   |   |   |   |   |   |--- feature_20 >  4.50
|   |   |   |   |   |   |   |   |   |   |   |--- truncated branch of depth 13
|   |   |   |   |   |--- feature_15 >  6.00
|   |   |   |   |   |   |--- feature_15 <= 7.00
|   |   |   |   |   |   |   |--- feature_15 <= 7.00
|   |   |   |   |   |   |   |   |--- class: positive
|   |   |   |   |   |   |   |--- feature_15 >  7.00
|   |   |   |   |   |   |   |   |--- feature_0 <= 1967.50
|   |   |   |   |   |   |   |   |   |--- feature_14 <= 7.04
|   |   |   |   |   |   |   |   |   |   |--- feature_11 <= 5.95
|   |   |   |   |   |   |   |   |   |   |   |--- class: negative
|   |   |   |   |   |   |   |   |   |   |--- feature_11 >  5.95
|   |   |   |   |   |   |   |   |   |   |   |--- class: positive
|   |   |   |   |   |   |   |   |   |--- feature_14 >  7.04
|   |   |   |   |   |   |   |   |   |   |--- feature_4 <= 2.50
|   |   |   |   |   |   |   |   |   |   |   |--- truncated branch of depth 6
|   |   |   |   |   |   |   |   |   |   |--- feature_4 >  2.50
|   |   |   |   |   |   |   |   |   |   |   |--- class: negative
|   |   |   |   |   |   |   |   |--- feature_0 >  1967.50
|   |   |   |   |   |   |   |   |   |--- feature_0 <= 1988.00
|   |   |   |   |   |   |   |   |   |   |--- feature_9 <= 11.50
|   |   |   |   |   |   |   |   |   |   |   |--- truncated branch of depth 7
|   |   |   |   |   |   |   |   |   |   |--- feature_9 >  11.50
|   |   |   |   |   |   |   |   |   |   |   |--- class: negative
|   |   |   |   |   |   |   |   |   |--- feature_0 >  1988.00
|   |   |   |   |   |   |   |   |   |   |--- feature_20 <= 0.50
|   |   |   |   |   |   |   |   |   |   |   |--- class: positive
|   |   |   |   |   |   |   |   |   |   |--- feature_20 >  0.50
|   |   |   |   |   |   |   |   |   |   |   |--- truncated branch of depth 4
|   |   |   |   |   |   |--- feature_15 >  7.00
|   |   |   |   |   |   |   |--- class: positive
|   |   |--- feature_15 >  8.00
|   |   |   |--- feature_19 <= 8.00
|   |   |   |   |--- feature_19 <= 6.00
|   |   |   |   |   |--- feature_4 <= 4.50
|   |   |   |   |   |   |--- feature_0 <= 1954.50
|   |   |   |   |   |   |   |--- feature_14 <= 17.35
|   |   |   |   |   |   |   |   |--- feature_1 <= 54.00
|   |   |   |   |   |   |   |   |   |--- feature_1 <= 45.00
|   |   |   |   |   |   |   |   |   |   |--- class: negative
|   |   |   |   |   |   |   |   |   |--- feature_1 >  45.00
|   |   |   |   |   |   |   |   |   |   |--- class: positive
|   |   |   |   |   |   |   |   |--- feature_1 >  54.00
|   |   |   |   |   |   |   |   |   |--- class: negative
|   |   |   |   |   |   |   |--- feature_14 >  17.35
|   |   |   |   |   |   |   |   |--- feature_1 <= 52.50
|   |   |   |   |   |   |   |   |   |--- feature_13 <= 5.38
|   |   |   |   |   |   |   |   |   |   |--- feature_4 <= 3.50
|   |   |   |   |   |   |   |   |   |   |   |--- truncated branch of depth 5
|   |   |   |   |   |   |   |   |   |   |--- feature_4 >  3.50
|   |   |   |   |   |   |   |   |   |   |   |--- class: negative
|   |   |   |   |   |   |   |   |   |--- feature_13 >  5.38
|   |   |   |   |   |   |   |   |   |   |--- feature_0 <= 1940.50
|   |   |   |   |   |   |   |   |   |   |   |--- truncated branch of depth 5
|   |   |   |   |   |   |   |   |   |   |--- feature_0 >  1940.50
|   |   |   |   |   |   |   |   |   |   |   |--- truncated branch of depth 3
|   |   |   |   |   |   |   |   |--- feature_1 >  52.50
|   |   |   |   |   |   |   |   |   |--- feature_13 <= 7.30
|   |   |   |   |   |   |   |   |   |   |--- feature_19 <= 1.11
|   |   |   |   |   |   |   |   |   |   |   |--- truncated branch of depth 12
|   |   |   |   |   |   |   |   |   |   |--- feature_19 >  1.11
|   |   |   |   |   |   |   |   |   |   |   |--- truncated branch of depth 5
|   |   |   |   |   |   |   |   |   |--- feature_13 >  7.30
|   |   |   |   |   |   |   |   |   |   |--- feature_14 <= 40.43
|   |   |   |   |   |   |   |   |   |   |   |--- truncated branch of depth 13
|   |   |   |   |   |   |   |   |   |   |--- feature_14 >  40.43
|   |   |   |   |   |   |   |   |   |   |   |--- truncated branch of depth 8
|   |   |   |   |   |   |--- feature_0 >  1954.50
|   |   |   |   |   |   |   |--- feature_19 <= 5.99
|   |   |   |   |   |   |   |   |--- feature_19 <= 1.02
|   |   |   |   |   |   |   |   |   |--- feature_20 <= 4.50
|   |   |   |   |   |   |   |   |   |   |--- feature_20 <= 2.50
|   |   |   |   |   |   |   |   |   |   |   |--- truncated branch of depth 13
|   |   |   |   |   |   |   |   |   |   |--- feature_20 >  2.50
|   |   |   |   |   |   |   |   |   |   |   |--- truncated branch of depth 8
|   |   |   |   |   |   |   |   |   |--- feature_20 >  4.50
|   |   |   |   |   |   |   |   |   |   |--- feature_1 <= 493.50
|   |   |   |   |   |   |   |   |   |   |   |--- truncated branch of depth 6
|   |   |   |   |   |   |   |   |   |   |--- feature_1 >  493.50
|   |   |   |   |   |   |   |   |   |   |   |--- truncated branch of depth 9
|   |   |   |   |   |   |   |   |--- feature_19 >  1.02
|   |   |   |   |   |   |   |   |   |--- feature_20 <= 9.50
|   |   |   |   |   |   |   |   |   |   |--- feature_12 <= 6.75
|   |   |   |   |   |   |   |   |   |   |   |--- truncated branch of depth 2
|   |   |   |   |   |   |   |   |   |   |--- feature_12 >  6.75
|   |   |   |   |   |   |   |   |   |   |   |--- truncated branch of depth 4
|   |   |   |   |   |   |   |   |   |--- feature_20 >  9.50
|   |   |   |   |   |   |   |   |   |   |--- class: negative
|   |   |   |   |   |   |   |--- feature_19 >  5.99
|   |   |   |   |   |   |   |   |--- feature_14 <= 36.93
|   |   |   |   |   |   |   |   |   |--- feature_4 <= 0.50
|   |   |   |   |   |   |   |   |   |   |--- class: negative
|   |   |   |   |   |   |   |   |   |--- feature_4 >  0.50
|   |   |   |   |   |   |   |   |   |   |--- feature_13 <= 5.43
|   |   |   |   |   |   |   |   |   |   |   |--- class: positive
|   |   |   |   |   |   |   |   |   |   |--- feature_13 >  5.43
|   |   |   |   |   |   |   |   |   |   |   |--- truncated branch of depth 10
|   |   |   |   |   |   |   |   |--- feature_14 >  36.93
|   |   |   |   |   |   |   |   |   |--- feature_2 <= 7.00
|   |   |   |   |   |   |   |   |   |   |--- feature_13 <= 7.90
|   |   |   |   |   |   |   |   |   |   |   |--- truncated branch of depth 8
|   |   |   |   |   |   |   |   |   |   |--- feature_13 >  7.90
|   |   |   |   |   |   |   |   |   |   |   |--- truncated branch of depth 3
|   |   |   |   |   |   |   |   |   |--- feature_2 >  7.00
|   |   |   |   |   |   |   |   |   |   |--- class: negative
|   |   |   |   |   |--- feature_4 >  4.50
|   |   |   |   |   |   |--- feature_15 <= 9.00
|   |   |   |   |   |   |   |--- feature_15 <= 8.01
|   |   |   |   |   |   |   |   |--- feature_19 <= 5.99
|   |   |   |   |   |   |   |   |   |--- feature_2 <= 5.50
|   |   |   |   |   |   |   |   |   |   |--- feature_19 <= 1.11
|   |   |   |   |   |   |   |   |   |   |   |--- truncated branch of depth 13
|   |   |   |   |   |   |   |   |   |   |--- feature_19 >  1.11
|   |   |   |   |   |   |   |   |   |   |   |--- truncated branch of depth 4
|   |   |   |   |   |   |   |   |   |--- feature_2 >  5.50
|   |   |   |   |   |   |   |   |   |   |--- feature_12 <= 9.14
|   |   |   |   |   |   |   |   |   |   |   |--- truncated branch of depth 5
|   |   |   |   |   |   |   |   |   |   |--- feature_12 >  9.14
|   |   |   |   |   |   |   |   |   |   |   |--- truncated branch of depth 13
|   |   |   |   |   |   |   |   |--- feature_19 >  5.99
|   |   |   |   |   |   |   |   |   |--- feature_0 <= 1993.50
|   |   |   |   |   |   |   |   |   |   |--- feature_14 <= 8.55
|   |   |   |   |   |   |   |   |   |   |   |--- class: positive
|   |   |   |   |   |   |   |   |   |   |--- feature_14 >  8.55
|   |   |   |   |   |   |   |   |   |   |   |--- truncated branch of depth 8
|   |   |   |   |   |   |   |   |   |--- feature_0 >  1993.50
|   |   |   |   |   |   |   |   |   |   |--- class: negative
|   |   |   |   |   |   |   |--- feature_15 >  8.01
|   |   |   |   |   |   |   |   |--- class: positive
|   |   |   |   |   |   |--- feature_15 >  9.00
|   |   |   |   |   |   |   |--- feature_19 <= 3.50
|   |   |   |   |   |   |   |   |--- feature_1 <= 6630.50
|   |   |   |   |   |   |   |   |   |--- class: negative
|   |   |   |   |   |   |   |   |--- feature_1 >  6630.50
|   |   |   |   |   |   |   |   |   |--- feature_2 <= 2.00
|   |   |   |   |   |   |   |   |   |   |--- class: negative
|   |   |   |   |   |   |   |   |   |--- feature_2 >  2.00
|   |   |   |   |   |   |   |   |   |   |--- class: positive
|   |   |   |   |   |   |   |--- feature_19 >  3.50
|   |   |   |   |   |   |   |   |--- feature_12 <= 9.60
|   |   |   |   |   |   |   |   |   |--- feature_12 <= 8.65
|   |   |   |   |   |   |   |   |   |   |--- class: negative
|   |   |   |   |   |   |   |   |   |--- feature_12 >  8.65
|   |   |   |   |   |   |   |   |   |   |--- class: positive
|   |   |   |   |   |   |   |   |--- feature_12 >  9.60
|   |   |   |   |   |   |   |   |   |--- feature_1 <= 102.00
|   |   |   |   |   |   |   |   |   |   |--- feature_1 <= 97.50
|   |   |   |   |   |   |   |   |   |   |   |--- truncated branch of depth 3
|   |   |   |   |   |   |   |   |   |   |--- feature_1 >  97.50
|   |   |   |   |   |   |   |   |   |   |   |--- truncated branch of depth 2
|   |   |   |   |   |   |   |   |   |--- feature_1 >  102.00
|   |   |   |   |   |   |   |   |   |   |--- class: negative
|   |   |   |   |--- feature_19 >  6.00
|   |   |   |   |   |--- class: positive
|   |   |   |--- feature_19 >  8.00
|   |   |   |   |--- feature_11 <= 6.25
|   |   |   |   |   |--- class: negative
|   |   |   |   |--- feature_11 >  6.25
|   |   |   |   |   |--- feature_1 <= 23.50
|   |   |   |   |   |   |--- feature_10 <= 1.50
|   |   |   |   |   |   |   |--- feature_0 <= 1978.50
|   |   |   |   |   |   |   |   |--- feature_11 <= 6.85
|   |   |   |   |   |   |   |   |   |--- feature_0 <= 1949.50
|   |   |   |   |   |   |   |   |   |   |--- class: positive
|   |   |   |   |   |   |   |   |   |--- feature_0 >  1949.50
|   |   |   |   |   |   |   |   |   |   |--- class: negative
|   |   |   |   |   |   |   |   |--- feature_11 >  6.85
|   |   |   |   |   |   |   |   |   |--- class: negative
|   |   |   |   |   |   |   |--- feature_0 >  1978.50
|   |   |   |   |   |   |   |   |--- feature_0 <= 1986.00
|   |   |   |   |   |   |   |   |   |--- feature_12 <= 9.00
|   |   |   |   |   |   |   |   |   |   |--- class: negative
|   |   |   |   |   |   |   |   |   |--- feature_12 >  9.00
|   |   |   |   |   |   |   |   |   |   |--- class: positive
|   |   |   |   |   |   |   |   |--- feature_0 >  1986.00
|   |   |   |   |   |   |   |   |   |--- feature_11 <= 7.00
|   |   |   |   |   |   |   |   |   |   |--- feature_13 <= 4.60
|   |   |   |   |   |   |   |   |   |   |   |--- class: positive
|   |   |   |   |   |   |   |   |   |   |--- feature_13 >  4.60
|   |   |   |   |   |   |   |   |   |   |   |--- class: negative
|   |   |   |   |   |   |   |   |   |--- feature_11 >  7.00
|   |   |   |   |   |   |   |   |   |   |--- class: negative
|   |   |   |   |   |   |--- feature_10 >  1.50
|   |   |   |   |   |   |   |--- feature_0 <= 1962.50
|   |   |   |   |   |   |   |   |--- class: negative
|   |   |   |   |   |   |   |--- feature_0 >  1962.50
|   |   |   |   |   |   |   |   |--- class: positive
|   |   |   |   |   |--- feature_1 >  23.50
|   |   |   |   |   |   |--- feature_0 <= 1991.50
|   |   |   |   |   |   |   |--- feature_2 <= 6.50
|   |   |   |   |   |   |   |   |--- feature_1 <= 149.00
|   |   |   |   |   |   |   |   |   |--- feature_13 <= 6.05
|   |   |   |   |   |   |   |   |   |   |--- feature_12 <= 15.35
|   |   |   |   |   |   |   |   |   |   |   |--- truncated branch of depth 11
|   |   |   |   |   |   |   |   |   |   |--- feature_12 >  15.35
|   |   |   |   |   |   |   |   |   |   |   |--- class: negative
|   |   |   |   |   |   |   |   |   |--- feature_13 >  6.05
|   |   |   |   |   |   |   |   |   |   |--- class: negative
|   |   |   |   |   |   |   |   |--- feature_1 >  149.00
|   |   |   |   |   |   |   |   |   |--- feature_1 <= 150.50
|   |   |   |   |   |   |   |   |   |   |--- feature_12 <= 8.65
|   |   |   |   |   |   |   |   |   |   |   |--- class: positive
|   |   |   |   |   |   |   |   |   |   |--- feature_12 >  8.65
|   |   |   |   |   |   |   |   |   |   |   |--- truncated branch of depth 3
|   |   |   |   |   |   |   |   |   |--- feature_1 >  150.50
|   |   |   |   |   |   |   |   |   |   |--- feature_11 <= 9.65
|   |   |   |   |   |   |   |   |   |   |   |--- class: negative
|   |   |   |   |   |   |   |   |   |   |--- feature_11 >  9.65
|   |   |   |   |   |   |   |   |   |   |   |--- truncated branch of depth 9
|   |   |   |   |   |   |   |--- feature_2 >  6.50
|   |   |   |   |   |   |   |   |--- feature_1 <= 205.50
|   |   |   |   |   |   |   |   |   |--- feature_11 <= 11.75
|   |   |   |   |   |   |   |   |   |   |--- feature_11 <= 7.75
|   |   |   |   |   |   |   |   |   |   |   |--- truncated branch of depth 2
|   |   |   |   |   |   |   |   |   |   |--- feature_11 >  7.75
|   |   |   |   |   |   |   |   |   |   |   |--- truncated branch of depth 4
|   |   |   |   |   |   |   |   |   |--- feature_11 >  11.75
|   |   |   |   |   |   |   |   |   |   |--- feature_0 <= 1979.00
|   |   |   |   |   |   |   |   |   |   |   |--- class: negative
|   |   |   |   |   |   |   |   |   |   |--- feature_0 >  1979.00
|   |   |   |   |   |   |   |   |   |   |   |--- class: positive
|   |   |   |   |   |   |   |   |--- feature_1 >  205.50
|   |   |   |   |   |   |   |   |   |--- feature_13 <= 8.65
|   |   |   |   |   |   |   |   |   |   |--- feature_10 <= 1.50
|   |   |   |   |   |   |   |   |   |   |   |--- class: negative
|   |   |   |   |   |   |   |   |   |   |--- feature_10 >  1.50
|   |   |   |   |   |   |   |   |   |   |   |--- truncated branch of depth 3
|   |   |   |   |   |   |   |   |   |--- feature_13 >  8.65
|   |   |   |   |   |   |   |   |   |   |--- class: positive
|   |   |   |   |   |   |--- feature_0 >  1991.50
|   |   |   |   |   |   |   |--- class: negative
|   |--- feature_13 >  9.80
|   |   |--- feature_9 <= 0.50
|   |   |   |--- feature_15 <= 5.00
|   |   |   |   |--- feature_15 <= 5.00
|   |   |   |   |   |--- feature_15 <= 4.01
|   |   |   |   |   |   |--- feature_0 <= 1973.00
|   |   |   |   |   |   |   |--- feature_13 <= 25.65
|   |   |   |   |   |   |   |   |--- class: negative
|   |   |   |   |   |   |   |--- feature_13 >  25.65
|   |   |   |   |   |   |   |   |--- class: positive
|   |   |   |   |   |   |--- feature_0 >  1973.00
|   |   |   |   |   |   |   |--- class: positive
|   |   |   |   |   |--- feature_15 >  4.01
|   |   |   |   |   |   |--- class: positive
|   |   |   |   |--- feature_15 >  5.00
|   |   |   |   |   |--- feature_12 <= 32.48
|   |   |   |   |   |   |--- feature_10 <= 2.50
|   |   |   |   |   |   |   |--- feature_20 <= 1.50
|   |   |   |   |   |   |   |   |--- feature_0 <= 1958.00
|   |   |   |   |   |   |   |   |   |--- feature_13 <= 10.49
|   |   |   |   |   |   |   |   |   |   |--- class: positive
|   |   |   |   |   |   |   |   |   |--- feature_13 >  10.49
|   |   |   |   |   |   |   |   |   |   |--- class: negative
|   |   |   |   |   |   |   |   |--- feature_0 >  1958.00
|   |   |   |   |   |   |   |   |   |--- class: positive
|   |   |   |   |   |   |   |--- feature_20 >  1.50
|   |   |   |   |   |   |   |   |--- class: negative
|   |   |   |   |   |   |--- feature_10 >  2.50
|   |   |   |   |   |   |   |--- feature_2 <= 4.50
|   |   |   |   |   |   |   |   |--- feature_13 <= 12.80
|   |   |   |   |   |   |   |   |   |--- class: negative
|   |   |   |   |   |   |   |   |--- feature_13 >  12.80
|   |   |   |   |   |   |   |   |   |--- feature_11 <= 10.20
|   |   |   |   |   |   |   |   |   |   |--- class: positive
|   |   |   |   |   |   |   |   |   |--- feature_11 >  10.20
|   |   |   |   |   |   |   |   |   |   |--- class: negative
|   |   |   |   |   |   |   |--- feature_2 >  4.50
|   |   |   |   |   |   |   |   |--- class: negative
|   |   |   |   |   |--- feature_12 >  32.48
|   |   |   |   |   |   |--- feature_1 <= 14714.00
|   |   |   |   |   |   |   |--- feature_12 <= 37.87
|   |   |   |   |   |   |   |   |--- feature_13 <= 13.25
|   |   |   |   |   |   |   |   |   |--- class: positive
|   |   |   |   |   |   |   |   |--- feature_13 >  13.25
|   |   |   |   |   |   |   |   |   |--- class: negative
|   |   |   |   |   |   |   |--- feature_12 >  37.87
|   |   |   |   |   |   |   |   |--- feature_11 <= 18.42
|   |   |   |   |   |   |   |   |   |--- class: negative
|   |   |   |   |   |   |   |   |--- feature_11 >  18.42
|   |   |   |   |   |   |   |   |   |--- feature_2 <= 12.50
|   |   |   |   |   |   |   |   |   |   |--- feature_13 <= 10.95
|   |   |   |   |   |   |   |   |   |   |   |--- class: positive
|   |   |   |   |   |   |   |   |   |   |--- feature_13 >  10.95
|   |   |   |   |   |   |   |   |   |   |   |--- truncated branch of depth 2
|   |   |   |   |   |   |   |   |   |--- feature_2 >  12.50
|   |   |   |   |   |   |   |   |   |   |--- class: negative
|   |   |   |   |   |   |--- feature_1 >  14714.00
|   |   |   |   |   |   |   |--- feature_0 <= 1942.50
|   |   |   |   |   |   |   |   |--- class: negative
|   |   |   |   |   |   |   |--- feature_0 >  1942.50
|   |   |   |   |   |   |   |   |--- feature_2 <= 34.00
|   |   |   |   |   |   |   |   |   |--- class: positive
|   |   |   |   |   |   |   |   |--- feature_2 >  34.00
|   |   |   |   |   |   |   |   |   |--- class: negative
|   |   |   |--- feature_15 >  5.00
|   |   |   |   |--- feature_15 <= 7.99
|   |   |   |   |   |--- feature_0 <= 1943.00
|   |   |   |   |   |   |--- feature_4 <= 1.50
|   |   |   |   |   |   |   |--- class: negative
|   |   |   |   |   |   |--- feature_4 >  1.50
|   |   |   |   |   |   |   |--- feature_20 <= 3.50
|   |   |   |   |   |   |   |   |--- feature_13 <= 11.83
|   |   |   |   |   |   |   |   |   |--- class: positive
|   |   |   |   |   |   |   |   |--- feature_13 >  11.83
|   |   |   |   |   |   |   |   |   |--- class: negative
|   |   |   |   |   |   |   |--- feature_20 >  3.50
|   |   |   |   |   |   |   |   |--- feature_2 <= 5.50
|   |   |   |   |   |   |   |   |   |--- class: negative
|   |   |   |   |   |   |   |   |--- feature_2 >  5.50
|   |   |   |   |   |   |   |   |   |--- feature_20 <= 10.00
|   |   |   |   |   |   |   |   |   |   |--- class: positive
|   |   |   |   |   |   |   |   |   |--- feature_20 >  10.00
|   |   |   |   |   |   |   |   |   |   |--- class: negative
|   |   |   |   |   |--- feature_0 >  1943.00
|   |   |   |   |   |   |--- feature_15 <= 7.00
|   |   |   |   |   |   |   |--- feature_15 <= 5.99
|   |   |   |   |   |   |   |   |--- class: positive
|   |   |   |   |   |   |   |--- feature_15 >  5.99
|   |   |   |   |   |   |   |   |--- feature_15 <= 6.00
|   |   |   |   |   |   |   |   |   |--- feature_12 <= 13.25
|   |   |   |   |   |   |   |   |   |   |--- feature_11 <= 6.25
|   |   |   |   |   |   |   |   |   |   |   |--- truncated branch of depth 2
|   |   |   |   |   |   |   |   |   |   |--- feature_11 >  6.25
|   |   |   |   |   |   |   |   |   |   |   |--- truncated branch of depth 2
|   |   |   |   |   |   |   |   |   |--- feature_12 >  13.25
|   |   |   |   |   |   |   |   |   |   |--- class: negative
|   |   |   |   |   |   |   |   |--- feature_15 >  6.00
|   |   |   |   |   |   |   |   |   |--- feature_15 <= 7.00
|   |   |   |   |   |   |   |   |   |   |--- class: positive
|   |   |   |   |   |   |   |   |   |--- feature_15 >  7.00
|   |   |   |   |   |   |   |   |   |   |--- feature_13 <= 14.45
|   |   |   |   |   |   |   |   |   |   |   |--- truncated branch of depth 3
|   |   |   |   |   |   |   |   |   |   |--- feature_13 >  14.45
|   |   |   |   |   |   |   |   |   |   |   |--- class: positive
|   |   |   |   |   |   |--- feature_15 >  7.00
|   |   |   |   |   |   |   |--- class: positive
|   |   |   |   |--- feature_15 >  7.99
|   |   |   |   |   |--- feature_10 <= 2.50
|   |   |   |   |   |   |--- feature_20 <= 4.50
|   |   |   |   |   |   |   |--- feature_0 <= 1954.50
|   |   |   |   |   |   |   |   |--- feature_12 <= 19.18
|   |   |   |   |   |   |   |   |   |--- feature_1 <= 5721.50
|   |   |   |   |   |   |   |   |   |   |--- feature_2 <= 21.50
|   |   |   |   |   |   |   |   |   |   |   |--- class: negative
|   |   |   |   |   |   |   |   |   |   |--- feature_2 >  21.50
|   |   |   |   |   |   |   |   |   |   |   |--- class: positive
|   |   |   |   |   |   |   |   |   |--- feature_1 >  5721.50
|   |   |   |   |   |   |   |   |   |   |--- feature_1 <= 8937.00
|   |   |   |   |   |   |   |   |   |   |   |--- truncated branch of depth 3
|   |   |   |   |   |   |   |   |   |   |--- feature_1 >  8937.00
|   |   |   |   |   |   |   |   |   |   |   |--- class: negative
|   |   |   |   |   |   |   |   |--- feature_12 >  19.18
|   |   |   |   |   |   |   |   |   |--- feature_11 <= 22.13
|   |   |   |   |   |   |   |   |   |   |--- class: positive
|   |   |   |   |   |   |   |   |   |--- feature_11 >  22.13
|   |   |   |   |   |   |   |   |   |   |--- class: negative
|   |   |   |   |   |   |   |--- feature_0 >  1954.50
|   |   |   |   |   |   |   |   |--- feature_12 <= 8.82
|   |   |   |   |   |   |   |   |   |--- feature_0 <= 1967.50
|   |   |   |   |   |   |   |   |   |   |--- feature_12 <= 7.22
|   |   |   |   |   |   |   |   |   |   |   |--- class: positive
|   |   |   |   |   |   |   |   |   |   |--- feature_12 >  7.22
|   |   |   |   |   |   |   |   |   |   |   |--- truncated branch of depth 2
|   |   |   |   |   |   |   |   |   |--- feature_0 >  1967.50
|   |   |   |   |   |   |   |   |   |   |--- class: negative
|   |   |   |   |   |   |   |   |--- feature_12 >  8.82
|   |   |   |   |   |   |   |   |   |--- feature_16 <= 3.50
|   |   |   |   |   |   |   |   |   |   |--- feature_14 <= 33.43
|   |   |   |   |   |   |   |   |   |   |   |--- truncated branch of depth 4
|   |   |   |   |   |   |   |   |   |   |--- feature_14 >  33.43
|   |   |   |   |   |   |   |   |   |   |   |--- class: positive
|   |   |   |   |   |   |   |   |   |--- feature_16 >  3.50
|   |   |   |   |   |   |   |   |   |   |--- class: negative
|   |   |   |   |   |   |--- feature_20 >  4.50
|   |   |   |   |   |   |   |--- feature_0 <= 1987.00
|   |   |   |   |   |   |   |   |--- feature_11 <= 22.73
|   |   |   |   |   |   |   |   |   |--- feature_12 <= 22.39
|   |   |   |   |   |   |   |   |   |   |--- feature_16 <= 2.50
|   |   |   |   |   |   |   |   |   |   |   |--- truncated branch of depth 3
|   |   |   |   |   |   |   |   |   |   |--- feature_16 >  2.50
|   |   |   |   |   |   |   |   |   |   |   |--- truncated branch of depth 2
|   |   |   |   |   |   |   |   |   |--- feature_12 >  22.39
|   |   |   |   |   |   |   |   |   |   |--- feature_1 <= 6862.00
|   |   |   |   |   |   |   |   |   |   |   |--- class: positive
|   |   |   |   |   |   |   |   |   |   |--- feature_1 >  6862.00
|   |   |   |   |   |   |   |   |   |   |   |--- truncated branch of depth 2
|   |   |   |   |   |   |   |   |--- feature_11 >  22.73
|   |   |   |   |   |   |   |   |   |--- class: negative
|   |   |   |   |   |   |   |--- feature_0 >  1987.00
|   |   |   |   |   |   |   |   |--- class: negative
|   |   |   |   |   |--- feature_10 >  2.50
|   |   |   |   |   |   |--- feature_1 <= 1587.00
|   |   |   |   |   |   |   |--- feature_0 <= 1965.50
|   |   |   |   |   |   |   |   |--- class: negative
|   |   |   |   |   |   |   |--- feature_0 >  1965.50
|   |   |   |   |   |   |   |   |--- feature_0 <= 1972.00
|   |   |   |   |   |   |   |   |   |--- feature_12 <= 28.50
|   |   |   |   |   |   |   |   |   |   |--- feature_11 <= 7.90
|   |   |   |   |   |   |   |   |   |   |   |--- class: positive
|   |   |   |   |   |   |   |   |   |   |--- feature_11 >  7.90
|   |   |   |   |   |   |   |   |   |   |   |--- class: negative
|   |   |   |   |   |   |   |   |   |--- feature_12 >  28.50
|   |   |   |   |   |   |   |   |   |   |--- class: positive
|   |   |   |   |   |   |   |   |--- feature_0 >  1972.00
|   |   |   |   |   |   |   |   |   |--- class: negative
|   |   |   |   |   |   |--- feature_1 >  1587.00
|   |   |   |   |   |   |   |--- feature_13 <= 13.40
|   |   |   |   |   |   |   |   |--- feature_13 <= 12.50
|   |   |   |   |   |   |   |   |   |--- feature_1 <= 8201.50
|   |   |   |   |   |   |   |   |   |   |--- feature_0 <= 1987.50
|   |   |   |   |   |   |   |   |   |   |   |--- truncated branch of depth 10
|   |   |   |   |   |   |   |   |   |   |--- feature_0 >  1987.50
|   |   |   |   |   |   |   |   |   |   |   |--- class: negative
|   |   |   |   |   |   |   |   |   |--- feature_1 >  8201.50
|   |   |   |   |   |   |   |   |   |   |--- feature_11 <= 19.05
|   |   |   |   |   |   |   |   |   |   |   |--- truncated branch of depth 4
|   |   |   |   |   |   |   |   |   |   |--- feature_11 >  19.05
|   |   |   |   |   |   |   |   |   |   |   |--- class: negative
|   |   |   |   |   |   |   |   |--- feature_13 >  12.50
|   |   |   |   |   |   |   |   |   |--- feature_1 <= 5083.50
|   |   |   |   |   |   |   |   |   |   |--- feature_12 <= 35.16
|   |   |   |   |   |   |   |   |   |   |   |--- class: positive
|   |   |   |   |   |   |   |   |   |   |--- feature_12 >  35.16
|   |   |   |   |   |   |   |   |   |   |   |--- truncated branch of depth 2
|   |   |   |   |   |   |   |   |   |--- feature_1 >  5083.50
|   |   |   |   |   |   |   |   |   |   |--- class: positive
|   |   |   |   |   |   |   |--- feature_13 >  13.40
|   |   |   |   |   |   |   |   |--- feature_11 <= 11.85
|   |   |   |   |   |   |   |   |   |--- feature_1 <= 1615.00
|   |   |   |   |   |   |   |   |   |   |--- class: positive
|   |   |   |   |   |   |   |   |   |--- feature_1 >  1615.00
|   |   |   |   |   |   |   |   |   |   |--- class: negative
|   |   |   |   |   |   |   |   |--- feature_11 >  11.85
|   |   |   |   |   |   |   |   |   |--- feature_0 <= 1957.50
|   |   |   |   |   |   |   |   |   |   |--- class: negative
|   |   |   |   |   |   |   |   |   |--- feature_0 >  1957.50
|   |   |   |   |   |   |   |   |   |   |--- feature_1 <= 4816.00
|   |   |   |   |   |   |   |   |   |   |   |--- class: negative
|   |   |   |   |   |   |   |   |   |   |--- feature_1 >  4816.00
|   |   |   |   |   |   |   |   |   |   |   |--- truncated branch of depth 4
|   |   |--- feature_9 >  0.50
|   |   |   |--- feature_9 <= 29.50
|   |   |   |   |--- feature_12 <= 8.80
|   |   |   |   |   |--- feature_4 <= 4.50
|   |   |   |   |   |   |--- feature_0 <= 1951.50
|   |   |   |   |   |   |   |--- feature_2 <= 9.50
|   |   |   |   |   |   |   |   |--- feature_0 <= 1933.00
|   |   |   |   |   |   |   |   |   |--- feature_11 <= 6.07
|   |   |   |   |   |   |   |   |   |   |--- class: positive
|   |   |   |   |   |   |   |   |   |--- feature_11 >  6.07
|   |   |   |   |   |   |   |   |   |   |--- feature_15 <= 8.06
|   |   |   |   |   |   |   |   |   |   |   |--- class: negative
|   |   |   |   |   |   |   |   |   |   |--- feature_15 >  8.06
|   |   |   |   |   |   |   |   |   |   |   |--- class: positive
|   |   |   |   |   |   |   |   |--- feature_0 >  1933.00
|   |   |   |   |   |   |   |   |   |--- feature_2 <= 1.50
|   |   |   |   |   |   |   |   |   |   |--- feature_20 <= 2.50
|   |   |   |   |   |   |   |   |   |   |   |--- class: negative
|   |   |   |   |   |   |   |   |   |   |--- feature_20 >  2.50
|   |   |   |   |   |   |   |   |   |   |   |--- class: positive
|   |   |   |   |   |   |   |   |   |--- feature_2 >  1.50
|   |   |   |   |   |   |   |   |   |   |--- feature_13 <= 18.91
|   |   |   |   |   |   |   |   |   |   |   |--- class: positive
|   |   |   |   |   |   |   |   |   |   |--- feature_13 >  18.91
|   |   |   |   |   |   |   |   |   |   |   |--- class: negative
|   |   |   |   |   |   |   |--- feature_2 >  9.50
|   |   |   |   |   |   |   |   |--- class: negative
|   |   |   |   |   |   |--- feature_0 >  1951.50
|   |   |   |   |   |   |   |--- feature_11 <= 5.65
|   |   |   |   |   |   |   |   |--- class: negative
|   |   |   |   |   |   |   |--- feature_11 >  5.65
|   |   |   |   |   |   |   |   |--- feature_14 <= 33.35
|   |   |   |   |   |   |   |   |   |--- feature_11 <= 6.40
|   |   |   |   |   |   |   |   |   |   |--- class: positive
|   |   |   |   |   |   |   |   |   |--- feature_11 >  6.40
|   |   |   |   |   |   |   |   |   |   |--- class: negative
|   |   |   |   |   |   |   |   |--- feature_14 >  33.35
|   |   |   |   |   |   |   |   |   |--- feature_13 <= 12.57
|   |   |   |   |   |   |   |   |   |   |--- class: positive
|   |   |   |   |   |   |   |   |   |--- feature_13 >  12.57
|   |   |   |   |   |   |   |   |   |   |--- feature_13 <= 13.42
|   |   |   |   |   |   |   |   |   |   |   |--- truncated branch of depth 2
|   |   |   |   |   |   |   |   |   |   |--- feature_13 >  13.42
|   |   |   |   |   |   |   |   |   |   |   |--- class: positive
|   |   |   |   |   |--- feature_4 >  4.50
|   |   |   |   |   |   |--- feature_11 <= 7.93
|   |   |   |   |   |   |   |--- class: negative
|   |   |   |   |   |   |--- feature_11 >  7.93
|   |   |   |   |   |   |   |--- feature_0 <= 1959.00
|   |   |   |   |   |   |   |   |--- class: negative
|   |   |   |   |   |   |   |--- feature_0 >  1959.00
|   |   |   |   |   |   |   |   |--- class: positive
|   |   |   |   |--- feature_12 >  8.80
|   |   |   |   |   |--- feature_10 <= 2.50
|   |   |   |   |   |   |--- feature_15 <= 7.98
|   |   |   |   |   |   |   |--- feature_2 <= 0.50
|   |   |   |   |   |   |   |   |--- feature_15 <= 5.06
|   |   |   |   |   |   |   |   |   |--- class: negative
|   |   |   |   |   |   |   |   |--- feature_15 >  5.06
|   |   |   |   |   |   |   |   |   |--- feature_0 <= 1974.50
|   |   |   |   |   |   |   |   |   |   |--- class: positive
|   |   |   |   |   |   |   |   |   |--- feature_0 >  1974.50
|   |   |   |   |   |   |   |   |   |   |--- class: negative
|   |   |   |   |   |   |   |--- feature_2 >  0.50
|   |   |   |   |   |   |   |   |--- feature_15 <= 6.00
|   |   |   |   |   |   |   |   |   |--- feature_15 <= 6.00
|   |   |   |   |   |   |   |   |   |   |--- feature_10 <= 1.50
|   |   |   |   |   |   |   |   |   |   |   |--- truncated branch of depth 6
|   |   |   |   |   |   |   |   |   |   |--- feature_10 >  1.50
|   |   |   |   |   |   |   |   |   |   |   |--- class: positive
|   |   |   |   |   |   |   |   |   |--- feature_15 >  6.00
|   |   |   |   |   |   |   |   |   |   |--- feature_16 <= 4.50
|   |   |   |   |   |   |   |   |   |   |   |--- class: negative
|   |   |   |   |   |   |   |   |   |   |--- feature_16 >  4.50
|   |   |   |   |   |   |   |   |   |   |   |--- class: positive
|   |   |   |   |   |   |   |   |--- feature_15 >  6.00
|   |   |   |   |   |   |   |   |   |--- class: positive
|   |   |   |   |   |   |--- feature_15 >  7.98
|   |   |   |   |   |   |   |--- feature_12 <= 18.95
|   |   |   |   |   |   |   |   |--- feature_11 <= 10.39
|   |   |   |   |   |   |   |   |   |--- feature_12 <= 10.13
|   |   |   |   |   |   |   |   |   |   |--- feature_0 <= 1977.00
|   |   |   |   |   |   |   |   |   |   |   |--- truncated branch of depth 3
|   |   |   |   |   |   |   |   |   |   |--- feature_0 >  1977.00
|   |   |   |   |   |   |   |   |   |   |   |--- class: negative
|   |   |   |   |   |   |   |   |   |--- feature_12 >  10.13
|   |   |   |   |   |   |   |   |   |   |--- feature_2 <= 1.50
|   |   |   |   |   |   |   |   |   |   |   |--- class: negative
|   |   |   |   |   |   |   |   |   |   |--- feature_2 >  1.50
|   |   |   |   |   |   |   |   |   |   |   |--- class: positive
|   |   |   |   |   |   |   |   |--- feature_11 >  10.39
|   |   |   |   |   |   |   |   |   |--- feature_20 <= 2.50
|   |   |   |   |   |   |   |   |   |   |--- feature_13 <= 18.59
|   |   |   |   |   |   |   |   |   |   |   |--- truncated branch of depth 2
|   |   |   |   |   |   |   |   |   |   |--- feature_13 >  18.59
|   |   |   |   |   |   |   |   |   |   |   |--- class: positive
|   |   |   |   |   |   |   |   |   |--- feature_20 >  2.50
|   |   |   |   |   |   |   |   |   |   |--- feature_20 <= 4.50
|   |   |   |   |   |   |   |   |   |   |   |--- class: positive
|   |   |   |   |   |   |   |   |   |   |--- feature_20 >  4.50
|   |   |   |   |   |   |   |   |   |   |   |--- truncated branch of depth 4
|   |   |   |   |   |   |   |--- feature_12 >  18.95
|   |   |   |   |   |   |   |   |--- feature_0 <= 1934.00
|   |   |   |   |   |   |   |   |   |--- class: negative
|   |   |   |   |   |   |   |   |--- feature_0 >  1934.00
|   |   |   |   |   |   |   |   |   |--- feature_15 <= 8.98
|   |   |   |   |   |   |   |   |   |   |--- feature_11 <= 24.77
|   |   |   |   |   |   |   |   |   |   |   |--- truncated branch of depth 4
|   |   |   |   |   |   |   |   |   |   |--- feature_11 >  24.77
|   |   |   |   |   |   |   |   |   |   |   |--- truncated branch of depth 3
|   |   |   |   |   |   |   |   |   |--- feature_15 >  8.98
|   |   |   |   |   |   |   |   |   |   |--- class: negative
|   |   |   |   |   |--- feature_10 >  2.50
|   |   |   |   |   |   |--- feature_15 <= 5.01
|   |   |   |   |   |   |   |--- feature_1 <= 981.00
|   |   |   |   |   |   |   |   |--- feature_15 <= 4.90
|   |   |   |   |   |   |   |   |   |--- class: positive
|   |   |   |   |   |   |   |   |--- feature_15 >  4.90
|   |   |   |   |   |   |   |   |   |--- feature_14 <= 24.75
|   |   |   |   |   |   |   |   |   |   |--- feature_1 <= 515.00
|   |   |   |   |   |   |   |   |   |   |   |--- class: positive
|   |   |   |   |   |   |   |   |   |   |--- feature_1 >  515.00
|   |   |   |   |   |   |   |   |   |   |   |--- class: negative
|   |   |   |   |   |   |   |   |   |--- feature_14 >  24.75
|   |   |   |   |   |   |   |   |   |   |--- class: negative
|   |   |   |   |   |   |   |--- feature_1 >  981.00
|   |   |   |   |   |   |   |   |--- feature_1 <= 31432.50
|   |   |   |   |   |   |   |   |   |--- feature_14 <= 40.50
|   |   |   |   |   |   |   |   |   |   |--- feature_14 <= 33.58
|   |   |   |   |   |   |   |   |   |   |   |--- truncated branch of depth 7
|   |   |   |   |   |   |   |   |   |   |--- feature_14 >  33.58
|   |   |   |   |   |   |   |   |   |   |   |--- truncated branch of depth 9
|   |   |   |   |   |   |   |   |   |--- feature_14 >  40.50
|   |   |   |   |   |   |   |   |   |   |--- feature_2 <= 12.50
|   |   |   |   |   |   |   |   |   |   |   |--- truncated branch of depth 7
|   |   |   |   |   |   |   |   |   |   |--- feature_2 >  12.50
|   |   |   |   |   |   |   |   |   |   |   |--- truncated branch of depth 7
|   |   |   |   |   |   |   |   |--- feature_1 >  31432.50
|   |   |   |   |   |   |   |   |   |--- feature_11 <= 13.70
|   |   |   |   |   |   |   |   |   |   |--- feature_13 <= 14.75
|   |   |   |   |   |   |   |   |   |   |   |--- class: positive
|   |   |   |   |   |   |   |   |   |   |--- feature_13 >  14.75
|   |   |   |   |   |   |   |   |   |   |   |--- class: negative
|   |   |   |   |   |   |   |   |   |--- feature_11 >  13.70
|   |   |   |   |   |   |   |   |   |   |--- class: positive
|   |   |   |   |   |   |--- feature_15 >  5.01
|   |   |   |   |   |   |   |--- feature_15 <= 8.00
|   |   |   |   |   |   |   |   |--- feature_2 <= 5.50
|   |   |   |   |   |   |   |   |   |--- feature_1 <= 10694.50
|   |   |   |   |   |   |   |   |   |   |--- feature_9 <= 19.50
|   |   |   |   |   |   |   |   |   |   |   |--- class: positive
|   |   |   |   |   |   |   |   |   |   |--- feature_9 >  19.50
|   |   |   |   |   |   |   |   |   |   |   |--- truncated branch of depth 3
|   |   |   |   |   |   |   |   |   |--- feature_1 >  10694.50
|   |   |   |   |   |   |   |   |   |   |--- feature_15 <= 5.95
|   |   |   |   |   |   |   |   |   |   |   |--- class: positive
|   |   |   |   |   |   |   |   |   |   |--- feature_15 >  5.95
|   |   |   |   |   |   |   |   |   |   |   |--- truncated branch of depth 4
|   |   |   |   |   |   |   |   |--- feature_2 >  5.50
|   |   |   |   |   |   |   |   |   |--- feature_15 <= 6.98
|   |   |   |   |   |   |   |   |   |   |--- class: positive
|   |   |   |   |   |   |   |   |   |--- feature_15 >  6.98
|   |   |   |   |   |   |   |   |   |   |--- feature_15 <= 7.00
|   |   |   |   |   |   |   |   |   |   |   |--- truncated branch of depth 2
|   |   |   |   |   |   |   |   |   |   |--- feature_15 >  7.00
|   |   |   |   |   |   |   |   |   |   |   |--- class: positive
|   |   |   |   |   |   |   |--- feature_15 >  8.00
|   |   |   |   |   |   |   |   |--- feature_1 <= 1782.50
|   |   |   |   |   |   |   |   |   |--- feature_14 <= 39.02
|   |   |   |   |   |   |   |   |   |   |--- feature_11 <= 9.46
|   |   |   |   |   |   |   |   |   |   |   |--- class: negative
|   |   |   |   |   |   |   |   |   |   |--- feature_11 >  9.46
|   |   |   |   |   |   |   |   |   |   |   |--- truncated branch of depth 3
|   |   |   |   |   |   |   |   |   |--- feature_14 >  39.02
|   |   |   |   |   |   |   |   |   |   |--- feature_9 <= 4.00
|   |   |   |   |   |   |   |   |   |   |   |--- class: positive
|   |   |   |   |   |   |   |   |   |   |--- feature_9 >  4.00
|   |   |   |   |   |   |   |   |   |   |   |--- class: negative
|   |   |   |   |   |   |   |   |--- feature_1 >  1782.50
|   |   |   |   |   |   |   |   |   |--- feature_13 <= 13.40
|   |   |   |   |   |   |   |   |   |   |--- feature_3 <= 3.50
|   |   |   |   |   |   |   |   |   |   |   |--- truncated branch of depth 10
|   |   |   |   |   |   |   |   |   |   |--- feature_3 >  3.50
|   |   |   |   |   |   |   |   |   |   |   |--- truncated branch of depth 8
|   |   |   |   |   |   |   |   |   |--- feature_13 >  13.40
|   |   |   |   |   |   |   |   |   |   |--- feature_14 <= 40.46
|   |   |   |   |   |   |   |   |   |   |   |--- truncated branch of depth 6
|   |   |   |   |   |   |   |   |   |   |--- feature_14 >  40.46
|   |   |   |   |   |   |   |   |   |   |   |--- truncated branch of depth 10
|   |   |   |--- feature_9 >  29.50
|   |   |   |   |--- feature_1 <= 11649.00
|   |   |   |   |   |--- feature_14 <= 33.32
|   |   |   |   |   |   |--- feature_14 <= 33.22
|   |   |   |   |   |   |   |--- feature_13 <= 12.84
|   |   |   |   |   |   |   |   |--- feature_11 <= 11.27
|   |   |   |   |   |   |   |   |   |--- feature_15 <= 6.05
|   |   |   |   |   |   |   |   |   |   |--- class: negative
|   |   |   |   |   |   |   |   |   |--- feature_15 >  6.05
|   |   |   |   |   |   |   |   |   |   |--- feature_0 <= 1935.50
|   |   |   |   |   |   |   |   |   |   |   |--- class: negative
|   |   |   |   |   |   |   |   |   |   |--- feature_0 >  1935.50
|   |   |   |   |   |   |   |   |   |   |   |--- class: positive
|   |   |   |   |   |   |   |   |--- feature_11 >  11.27
|   |   |   |   |   |   |   |   |   |--- feature_13 <= 10.39
|   |   |   |   |   |   |   |   |   |   |--- class: positive
|   |   |   |   |   |   |   |   |   |--- feature_13 >  10.39
|   |   |   |   |   |   |   |   |   |   |--- feature_14 <= 32.61
|   |   |   |   |   |   |   |   |   |   |   |--- truncated branch of depth 2
|   |   |   |   |   |   |   |   |   |   |--- feature_14 >  32.61
|   |   |   |   |   |   |   |   |   |   |   |--- class: positive
|   |   |   |   |   |   |   |--- feature_13 >  12.84
|   |   |   |   |   |   |   |   |--- class: negative
|   |   |   |   |   |   |--- feature_14 >  33.22
|   |   |   |   |   |   |   |--- feature_0 <= 1932.00
|   |   |   |   |   |   |   |   |--- feature_1 <= 673.50
|   |   |   |   |   |   |   |   |   |--- class: positive
|   |   |   |   |   |   |   |   |--- feature_1 >  673.50
|   |   |   |   |   |   |   |   |   |--- class: negative
|   |   |   |   |   |   |   |--- feature_0 >  1932.00
|   |   |   |   |   |   |   |   |--- feature_9 <= 49.00
|   |   |   |   |   |   |   |   |   |--- feature_2 <= 15.50
|   |   |   |   |   |   |   |   |   |   |--- feature_19 <= 3.50
|   |   |   |   |   |   |   |   |   |   |   |--- class: negative
|   |   |   |   |   |   |   |   |   |   |--- feature_19 >  3.50
|   |   |   |   |   |   |   |   |   |   |   |--- class: positive
|   |   |   |   |   |   |   |   |   |--- feature_2 >  15.50
|   |   |   |   |   |   |   |   |   |   |--- feature_1 <= 6717.50
|   |   |   |   |   |   |   |   |   |   |   |--- class: positive
|   |   |   |   |   |   |   |   |   |   |--- feature_1 >  6717.50
|   |   |   |   |   |   |   |   |   |   |   |--- class: negative
|   |   |   |   |   |   |   |   |--- feature_9 >  49.00
|   |   |   |   |   |   |   |   |   |--- class: positive
|   |   |   |   |   |--- feature_14 >  33.32
|   |   |   |   |   |   |--- feature_14 <= 40.49
|   |   |   |   |   |   |   |--- feature_14 <= 37.80
|   |   |   |   |   |   |   |   |--- feature_13 <= 11.57
|   |   |   |   |   |   |   |   |   |--- feature_10 <= 2.50
|   |   |   |   |   |   |   |   |   |   |--- class: positive
|   |   |   |   |   |   |   |   |   |--- feature_10 >  2.50
|   |   |   |   |   |   |   |   |   |   |--- feature_13 <= 11.05
|   |   |   |   |   |   |   |   |   |   |   |--- truncated branch of depth 3
|   |   |   |   |   |   |   |   |   |   |--- feature_13 >  11.05
|   |   |   |   |   |   |   |   |   |   |   |--- class: positive
|   |   |   |   |   |   |   |   |--- feature_13 >  11.57
|   |   |   |   |   |   |   |   |   |--- feature_3 <= 1.50
|   |   |   |   |   |   |   |   |   |   |--- class: negative
|   |   |   |   |   |   |   |   |   |--- feature_3 >  1.50
|   |   |   |   |   |   |   |   |   |   |--- feature_14 <= 37.78
|   |   |   |   |   |   |   |   |   |   |   |--- truncated branch of depth 3
|   |   |   |   |   |   |   |   |   |   |--- feature_14 >  37.78
|   |   |   |   |   |   |   |   |   |   |   |--- class: negative
|   |   |   |   |   |   |   |--- feature_14 >  37.80
|   |   |   |   |   |   |   |   |--- feature_12 <= 9.30
|   |   |   |   |   |   |   |   |   |--- feature_12 <= 7.97
|   |   |   |   |   |   |   |   |   |   |--- class: positive
|   |   |   |   |   |   |   |   |   |--- feature_12 >  7.97
|   |   |   |   |   |   |   |   |   |   |--- class: negative
|   |   |   |   |   |   |   |   |--- feature_12 >  9.30
|   |   |   |   |   |   |   |   |   |--- class: positive
|   |   |   |   |   |   |--- feature_14 >  40.49
|   |   |   |   |   |   |   |--- feature_9 <= 39.50
|   |   |   |   |   |   |   |   |--- feature_9 <= 30.50
|   |   |   |   |   |   |   |   |   |--- feature_1 <= 990.00
|   |   |   |   |   |   |   |   |   |   |--- class: negative
|   |   |   |   |   |   |   |   |   |--- feature_1 >  990.00
|   |   |   |   |   |   |   |   |   |   |--- feature_0 <= 1948.50
|   |   |   |   |   |   |   |   |   |   |   |--- class: positive
|   |   |   |   |   |   |   |   |   |   |--- feature_0 >  1948.50
|   |   |   |   |   |   |   |   |   |   |   |--- truncated branch of depth 13
|   |   |   |   |   |   |   |   |--- feature_9 >  30.50
|   |   |   |   |   |   |   |   |   |--- feature_12 <= 80.14
|   |   |   |   |   |   |   |   |   |   |--- feature_1 <= 3614.50
|   |   |   |   |   |   |   |   |   |   |   |--- truncated branch of depth 5
|   |   |   |   |   |   |   |   |   |   |--- feature_1 >  3614.50
|   |   |   |   |   |   |   |   |   |   |   |--- truncated branch of depth 3
|   |   |   |   |   |   |   |   |   |--- feature_12 >  80.14
|   |   |   |   |   |   |   |   |   |   |--- class: negative
|   |   |   |   |   |   |   |--- feature_9 >  39.50
|   |   |   |   |   |   |   |   |--- feature_2 <= 8.50
|   |   |   |   |   |   |   |   |   |--- feature_11 <= 10.85
|   |   |   |   |   |   |   |   |   |   |--- class: negative
|   |   |   |   |   |   |   |   |   |--- feature_11 >  10.85
|   |   |   |   |   |   |   |   |   |   |--- feature_1 <= 2113.50
|   |   |   |   |   |   |   |   |   |   |   |--- class: negative
|   |   |   |   |   |   |   |   |   |   |--- feature_1 >  2113.50
|   |   |   |   |   |   |   |   |   |   |   |--- truncated branch of depth 5
|   |   |   |   |   |   |   |   |--- feature_2 >  8.50
|   |   |   |   |   |   |   |   |   |--- class: negative
|   |   |   |   |--- feature_1 >  11649.00
|   |   |   |   |   |--- feature_14 <= 32.41
|   |   |   |   |   |   |--- feature_2 <= 14.00
|   |   |   |   |   |   |   |--- class: negative
|   |   |   |   |   |   |--- feature_2 >  14.00
|   |   |   |   |   |   |   |--- class: positive
|   |   |   |   |   |--- feature_14 >  32.41
|   |   |   |   |   |   |--- feature_2 <= 5.50
|   |   |   |   |   |   |   |--- feature_3 <= 4.50
|   |   |   |   |   |   |   |   |--- feature_10 <= 2.50
|   |   |   |   |   |   |   |   |   |--- class: positive
|   |   |   |   |   |   |   |   |--- feature_10 >  2.50
|   |   |   |   |   |   |   |   |   |--- feature_13 <= 16.32
|   |   |   |   |   |   |   |   |   |   |--- feature_12 <= 63.09
|   |   |   |   |   |   |   |   |   |   |   |--- truncated branch of depth 3
|   |   |   |   |   |   |   |   |   |   |--- feature_12 >  63.09
|   |   |   |   |   |   |   |   |   |   |   |--- class: positive
|   |   |   |   |   |   |   |   |   |--- feature_13 >  16.32
|   |   |   |   |   |   |   |   |   |   |--- class: negative
|   |   |   |   |   |   |   |--- feature_3 >  4.50
|   |   |   |   |   |   |   |   |--- class: negative
|   |   |   |   |   |   |--- feature_2 >  5.50
|   |   |   |   |   |   |   |--- feature_13 <= 16.90
|   |   |   |   |   |   |   |   |--- feature_0 <= 1976.50
|   |   |   |   |   |   |   |   |   |--- class: positive
|   |   |   |   |   |   |   |   |--- feature_0 >  1976.50
|   |   |   |   |   |   |   |   |   |--- class: negative
|   |   |   |   |   |   |   |--- feature_13 >  16.90
|   |   |   |   |   |   |   |   |--- feature_15 <= 5.03
|   |   |   |   |   |   |   |   |   |--- feature_12 <= 82.42
|   |   |   |   |   |   |   |   |   |   |--- class: negative
|   |   |   |   |   |   |   |   |   |--- feature_12 >  82.42
|   |   |   |   |   |   |   |   |   |   |--- feature_0 <= 1972.00
|   |   |   |   |   |   |   |   |   |   |   |--- class: positive
|   |   |   |   |   |   |   |   |   |   |--- feature_0 >  1972.00
|   |   |   |   |   |   |   |   |   |   |   |--- class: negative
|   |   |   |   |   |   |   |   |--- feature_15 >  5.03
|   |   |   |   |   |   |   |   |   |--- feature_2 <= 47.00
|   |   |   |   |   |   |   |   |   |   |--- class: positive
|   |   |   |   |   |   |   |   |   |--- feature_2 >  47.00
|   |   |   |   |   |   |   |   |   |   |--- feature_10 <= 2.00
|   |   |   |   |   |   |   |   |   |   |   |--- class: positive
|   |   |   |   |   |   |   |   |   |   |--- feature_10 >  2.00
|   |   |   |   |   |   |   |   |   |   |   |--- class: negative
|--- feature_4 >  5.50
|   |--- feature_0 <= 1990.50
|   |   |--- feature_13 <= 9.80
|   |   |   |--- feature_0 <= 1960.50
|   |   |   |   |--- feature_1 <= 10262.00
|   |   |   |   |   |--- feature_9 <= 9.50
|   |   |   |   |   |   |--- feature_3 <= 1.50
|   |   |   |   |   |   |   |--- feature_19 <= 4.50
|   |   |   |   |   |   |   |   |--- feature_15 <= 5.50
|   |   |   |   |   |   |   |   |   |--- feature_14 <= 38.25
|   |   |   |   |   |   |   |   |   |   |--- class: negative
|   |   |   |   |   |   |   |   |   |--- feature_14 >  38.25
|   |   |   |   |   |   |   |   |   |   |--- class: positive
|   |   |   |   |   |   |   |   |--- feature_15 >  5.50
|   |   |   |   |   |   |   |   |   |--- class: negative
|   |   |   |   |   |   |   |--- feature_19 >  4.50
|   |   |   |   |   |   |   |   |--- class: positive
|   |   |   |   |   |   |--- feature_3 >  1.50
|   |   |   |   |   |   |   |--- feature_2 <= 14.00
|   |   |   |   |   |   |   |   |--- class: negative
|   |   |   |   |   |   |   |--- feature_2 >  14.00
|   |   |   |   |   |   |   |   |--- feature_0 <= 1956.00
|   |   |   |   |   |   |   |   |   |--- class: negative
|   |   |   |   |   |   |   |   |--- feature_0 >  1956.00
|   |   |   |   |   |   |   |   |   |--- feature_13 <= 9.45
|   |   |   |   |   |   |   |   |   |   |--- class: positive
|   |   |   |   |   |   |   |   |   |--- feature_13 >  9.45
|   |   |   |   |   |   |   |   |   |   |--- class: negative
|   |   |   |   |   |--- feature_9 >  9.50
|   |   |   |   |   |   |--- feature_9 <= 30.50
|   |   |   |   |   |   |   |--- feature_3 <= 3.50
|   |   |   |   |   |   |   |   |--- class: negative
|   |   |   |   |   |   |   |--- feature_3 >  3.50
|   |   |   |   |   |   |   |   |--- feature_1 <= 1995.00
|   |   |   |   |   |   |   |   |   |--- feature_1 <= 1390.00
|   |   |   |   |   |   |   |   |   |   |--- feature_13 <= 5.80
|   |   |   |   |   |   |   |   |   |   |   |--- class: positive
|   |   |   |   |   |   |   |   |   |   |--- feature_13 >  5.80
|   |   |   |   |   |   |   |   |   |   |   |--- truncated branch of depth 3
|   |   |   |   |   |   |   |   |   |--- feature_1 >  1390.00
|   |   |   |   |   |   |   |   |   |   |--- feature_0 <= 1954.50
|   |   |   |   |   |   |   |   |   |   |   |--- truncated branch of depth 3
|   |   |   |   |   |   |   |   |   |   |--- feature_0 >  1954.50
|   |   |   |   |   |   |   |   |   |   |   |--- class: positive
|   |   |   |   |   |   |   |   |--- feature_1 >  1995.00
|   |   |   |   |   |   |   |   |   |--- class: negative
|   |   |   |   |   |   |--- feature_9 >  30.50
|   |   |   |   |   |   |   |--- class: negative
|   |   |   |   |--- feature_1 >  10262.00
|   |   |   |   |   |--- feature_0 <= 1939.00
|   |   |   |   |   |   |--- feature_0 <= 1931.00
|   |   |   |   |   |   |   |--- class: negative
|   |   |   |   |   |   |--- feature_0 >  1931.00
|   |   |   |   |   |   |   |--- class: positive
|   |   |   |   |   |--- feature_0 >  1939.00
|   |   |   |   |   |   |--- class: negative
|   |   |   |--- feature_0 >  1960.50
|   |   |   |   |--- feature_3 <= 4.50
|   |   |   |   |   |--- feature_15 <= 8.00
|   |   |   |   |   |   |--- feature_13 <= 9.80
|   |   |   |   |   |   |   |--- feature_2 <= 4.50
|   |   |   |   |   |   |   |   |--- feature_1 <= 161.00
|   |   |   |   |   |   |   |   |   |--- feature_12 <= 71.67
|   |   |   |   |   |   |   |   |   |   |--- feature_12 <= 18.60
|   |   |   |   |   |   |   |   |   |   |   |--- class: negative
|   |   |   |   |   |   |   |   |   |   |--- feature_12 >  18.60
|   |   |   |   |   |   |   |   |   |   |   |--- truncated branch of depth 3
|   |   |   |   |   |   |   |   |   |--- feature_12 >  71.67
|   |   |   |   |   |   |   |   |   |   |--- class: positive
|   |   |   |   |   |   |   |   |--- feature_1 >  161.00
|   |   |   |   |   |   |   |   |   |--- feature_12 <= 9.52
|   |   |   |   |   |   |   |   |   |   |--- feature_14 <= 36.90
|   |   |   |   |   |   |   |   |   |   |   |--- class: positive
|   |   |   |   |   |   |   |   |   |   |--- feature_14 >  36.90
|   |   |   |   |   |   |   |   |   |   |   |--- truncated branch of depth 4
|   |   |   |   |   |   |   |   |   |--- feature_12 >  9.52
|   |   |   |   |   |   |   |   |   |   |--- feature_1 <= 1565.00
|   |   |   |   |   |   |   |   |   |   |   |--- truncated branch of depth 7
|   |   |   |   |   |   |   |   |   |   |--- feature_1 >  1565.00
|   |   |   |   |   |   |   |   |   |   |   |--- truncated branch of depth 2
|   |   |   |   |   |   |   |--- feature_2 >  4.50
|   |   |   |   |   |   |   |   |--- feature_13 <= 9.12
|   |   |   |   |   |   |   |   |   |--- feature_14 <= 19.00
|   |   |   |   |   |   |   |   |   |   |--- class: positive
|   |   |   |   |   |   |   |   |   |--- feature_14 >  19.00
|   |   |   |   |   |   |   |   |   |   |--- feature_12 <= 22.70
|   |   |   |   |   |   |   |   |   |   |   |--- class: negative
|   |   |   |   |   |   |   |   |   |   |--- feature_12 >  22.70
|   |   |   |   |   |   |   |   |   |   |   |--- truncated branch of depth 5
|   |   |   |   |   |   |   |   |--- feature_13 >  9.12
|   |   |   |   |   |   |   |   |   |--- feature_20 <= 2.00
|   |   |   |   |   |   |   |   |   |   |--- class: negative
|   |   |   |   |   |   |   |   |   |--- feature_20 >  2.00
|   |   |   |   |   |   |   |   |   |   |--- class: positive
|   |   |   |   |   |   |--- feature_13 >  9.80
|   |   |   |   |   |   |   |--- class: negative
|   |   |   |   |   |--- feature_15 >  8.00
|   |   |   |   |   |   |--- feature_12 <= 15.24
|   |   |   |   |   |   |   |--- class: negative
|   |   |   |   |   |   |--- feature_12 >  15.24
|   |   |   |   |   |   |   |--- feature_1 <= 681.50
|   |   |   |   |   |   |   |   |--- feature_2 <= 9.50
|   |   |   |   |   |   |   |   |   |--- feature_0 <= 1977.50
|   |   |   |   |   |   |   |   |   |   |--- class: positive
|   |   |   |   |   |   |   |   |   |--- feature_0 >  1977.50
|   |   |   |   |   |   |   |   |   |   |--- feature_1 <= 291.00
|   |   |   |   |   |   |   |   |   |   |   |--- class: negative
|   |   |   |   |   |   |   |   |   |   |--- feature_1 >  291.00
|   |   |   |   |   |   |   |   |   |   |   |--- truncated branch of depth 5
|   |   |   |   |   |   |   |   |--- feature_2 >  9.50
|   |   |   |   |   |   |   |   |   |--- class: negative
|   |   |   |   |   |   |   |--- feature_1 >  681.50
|   |   |   |   |   |   |   |   |--- feature_20 <= 1.50
|   |   |   |   |   |   |   |   |   |--- feature_1 <= 2103.00
|   |   |   |   |   |   |   |   |   |   |--- class: negative
|   |   |   |   |   |   |   |   |   |--- feature_1 >  2103.00
|   |   |   |   |   |   |   |   |   |   |--- feature_12 <= 26.80
|   |   |   |   |   |   |   |   |   |   |   |--- class: negative
|   |   |   |   |   |   |   |   |   |   |--- feature_12 >  26.80
|   |   |   |   |   |   |   |   |   |   |   |--- truncated branch of depth 2
|   |   |   |   |   |   |   |   |--- feature_20 >  1.50
|   |   |   |   |   |   |   |   |   |--- class: negative
|   |   |   |   |--- feature_3 >  4.50
|   |   |   |   |   |--- feature_1 <= 198.50
|   |   |   |   |   |   |--- feature_15 <= 4.50
|   |   |   |   |   |   |   |--- class: positive
|   |   |   |   |   |   |--- feature_15 >  4.50
|   |   |   |   |   |   |   |--- feature_11 <= 25.45
|   |   |   |   |   |   |   |   |--- feature_11 <= 12.35
|   |   |   |   |   |   |   |   |   |--- class: negative
|   |   |   |   |   |   |   |   |--- feature_11 >  12.35
|   |   |   |   |   |   |   |   |   |--- feature_11 <= 12.65
|   |   |   |   |   |   |   |   |   |   |--- feature_0 <= 1983.50
|   |   |   |   |   |   |   |   |   |   |   |--- class: positive
|   |   |   |   |   |   |   |   |   |   |--- feature_0 >  1983.50
|   |   |   |   |   |   |   |   |   |   |   |--- class: negative
|   |   |   |   |   |   |   |   |   |--- feature_11 >  12.65
|   |   |   |   |   |   |   |   |   |   |--- feature_2 <= 7.50
|   |   |   |   |   |   |   |   |   |   |   |--- class: negative
|   |   |   |   |   |   |   |   |   |   |--- feature_2 >  7.50
|   |   |   |   |   |   |   |   |   |   |   |--- truncated branch of depth 2
|   |   |   |   |   |   |   |--- feature_11 >  25.45
|   |   |   |   |   |   |   |   |--- class: positive
|   |   |   |   |   |--- feature_1 >  198.50
|   |   |   |   |   |   |--- feature_15 <= 5.05
|   |   |   |   |   |   |   |--- feature_2 <= 14.50
|   |   |   |   |   |   |   |   |--- feature_0 <= 1981.50
|   |   |   |   |   |   |   |   |   |--- feature_0 <= 1976.50
|   |   |   |   |   |   |   |   |   |   |--- class: negative
|   |   |   |   |   |   |   |   |   |--- feature_0 >  1976.50
|   |   |   |   |   |   |   |   |   |   |--- feature_13 <= 8.35
|   |   |   |   |   |   |   |   |   |   |   |--- truncated branch of depth 2
|   |   |   |   |   |   |   |   |   |   |--- feature_13 >  8.35
|   |   |   |   |   |   |   |   |   |   |   |--- class: negative
|   |   |   |   |   |   |   |   |--- feature_0 >  1981.50
|   |   |   |   |   |   |   |   |   |--- class: negative
|   |   |   |   |   |   |   |--- feature_2 >  14.50
|   |   |   |   |   |   |   |   |--- feature_0 <= 1986.00
|   |   |   |   |   |   |   |   |   |--- class: positive
|   |   |   |   |   |   |   |   |--- feature_0 >  1986.00
|   |   |   |   |   |   |   |   |   |--- class: negative
|   |   |   |   |   |   |--- feature_15 >  5.05
|   |   |   |   |   |   |   |--- feature_15 <= 5.97
|   |   |   |   |   |   |   |   |--- class: positive
|   |   |   |   |   |   |   |--- feature_15 >  5.97
|   |   |   |   |   |   |   |   |--- feature_2 <= 9.50
|   |   |   |   |   |   |   |   |   |--- feature_11 <= 13.25
|   |   |   |   |   |   |   |   |   |   |--- feature_15 <= 6.69
|   |   |   |   |   |   |   |   |   |   |   |--- truncated branch of depth 5
|   |   |   |   |   |   |   |   |   |   |--- feature_15 >  6.69
|   |   |   |   |   |   |   |   |   |   |   |--- truncated branch of depth 3
|   |   |   |   |   |   |   |   |   |--- feature_11 >  13.25
|   |   |   |   |   |   |   |   |   |   |--- feature_12 <= 87.50
|   |   |   |   |   |   |   |   |   |   |   |--- truncated branch of depth 10
|   |   |   |   |   |   |   |   |   |   |--- feature_12 >  87.50
|   |   |   |   |   |   |   |   |   |   |   |--- class: positive
|   |   |   |   |   |   |   |   |--- feature_2 >  9.50
|   |   |   |   |   |   |   |   |   |--- class: negative
|   |   |--- feature_13 >  9.80
|   |   |   |--- feature_14 <= 40.49
|   |   |   |   |--- feature_14 <= 33.30
|   |   |   |   |   |--- feature_1 <= 18820.00
|   |   |   |   |   |   |--- feature_15 <= 5.82
|   |   |   |   |   |   |   |--- feature_11 <= 11.90
|   |   |   |   |   |   |   |   |--- feature_13 <= 10.60
|   |   |   |   |   |   |   |   |   |--- class: positive
|   |   |   |   |   |   |   |   |--- feature_13 >  10.60
|   |   |   |   |   |   |   |   |   |--- class: negative
|   |   |   |   |   |   |   |--- feature_11 >  11.90
|   |   |   |   |   |   |   |   |--- feature_0 <= 1983.50
|   |   |   |   |   |   |   |   |   |--- class: positive
|   |   |   |   |   |   |   |   |--- feature_0 >  1983.50
|   |   |   |   |   |   |   |   |   |--- feature_2 <= 12.00
|   |   |   |   |   |   |   |   |   |   |--- class: negative
|   |   |   |   |   |   |   |   |   |--- feature_2 >  12.00
|   |   |   |   |   |   |   |   |   |   |--- class: positive
|   |   |   |   |   |   |--- feature_15 >  5.82
|   |   |   |   |   |   |   |--- feature_14 <= 32.42
|   |   |   |   |   |   |   |   |--- feature_11 <= 21.20
|   |   |   |   |   |   |   |   |   |--- class: negative
|   |   |   |   |   |   |   |   |--- feature_11 >  21.20
|   |   |   |   |   |   |   |   |   |--- feature_12 <= 27.00
|   |   |   |   |   |   |   |   |   |   |--- class: positive
|   |   |   |   |   |   |   |   |   |--- feature_12 >  27.00
|   |   |   |   |   |   |   |   |   |   |--- class: negative
|   |   |   |   |   |   |   |--- feature_14 >  32.42
|   |   |   |   |   |   |   |   |--- feature_0 <= 1984.50
|   |   |   |   |   |   |   |   |   |--- class: negative
|   |   |   |   |   |   |   |   |--- feature_0 >  1984.50
|   |   |   |   |   |   |   |   |   |--- feature_0 <= 1988.50
|   |   |   |   |   |   |   |   |   |   |--- class: positive
|   |   |   |   |   |   |   |   |   |--- feature_0 >  1988.50
|   |   |   |   |   |   |   |   |   |   |--- class: negative
|   |   |   |   |   |--- feature_1 >  18820.00
|   |   |   |   |   |   |--- feature_1 <= 41597.50
|   |   |   |   |   |   |   |--- feature_10 <= 3.50
|   |   |   |   |   |   |   |   |--- feature_12 <= 56.85
|   |   |   |   |   |   |   |   |   |--- feature_11 <= 9.60
|   |   |   |   |   |   |   |   |   |   |--- class: negative
|   |   |   |   |   |   |   |   |   |--- feature_11 >  9.60
|   |   |   |   |   |   |   |   |   |   |--- feature_2 <= 9.00
|   |   |   |   |   |   |   |   |   |   |   |--- truncated branch of depth 2
|   |   |   |   |   |   |   |   |   |   |--- feature_2 >  9.00
|   |   |   |   |   |   |   |   |   |   |   |--- class: positive
|   |   |   |   |   |   |   |   |--- feature_12 >  56.85
|   |   |   |   |   |   |   |   |   |--- feature_0 <= 1952.50
|   |   |   |   |   |   |   |   |   |   |--- class: positive
|   |   |   |   |   |   |   |   |   |--- feature_0 >  1952.50
|   |   |   |   |   |   |   |   |   |   |--- feature_9 <= 40.50
|   |   |   |   |   |   |   |   |   |   |   |--- class: negative
|   |   |   |   |   |   |   |   |   |   |--- feature_9 >  40.50
|   |   |   |   |   |   |   |   |   |   |   |--- class: positive
|   |   |   |   |   |   |   |--- feature_10 >  3.50
|   |   |   |   |   |   |   |   |--- class: negative
|   |   |   |   |   |   |--- feature_1 >  41597.50
|   |   |   |   |   |   |   |--- feature_3 <= 1.50
|   |   |   |   |   |   |   |   |--- class: positive
|   |   |   |   |   |   |   |--- feature_3 >  1.50
|   |   |   |   |   |   |   |   |--- feature_2 <= 4.50
|   |   |   |   |   |   |   |   |   |--- class: positive
|   |   |   |   |   |   |   |   |--- feature_2 >  4.50
|   |   |   |   |   |   |   |   |   |--- class: negative
|   |   |   |   |--- feature_14 >  33.30
|   |   |   |   |   |--- feature_2 <= 1.50
|   |   |   |   |   |   |--- feature_12 <= 41.04
|   |   |   |   |   |   |   |--- class: negative
|   |   |   |   |   |   |--- feature_12 >  41.04
|   |   |   |   |   |   |   |--- class: positive
|   |   |   |   |   |--- feature_2 >  1.50
|   |   |   |   |   |   |--- feature_13 <= 13.37
|   |   |   |   |   |   |   |--- class: positive
|   |   |   |   |   |   |--- feature_13 >  13.37
|   |   |   |   |   |   |   |--- feature_12 <= 12.09
|   |   |   |   |   |   |   |   |--- class: negative
|   |   |   |   |   |   |   |--- feature_12 >  12.09
|   |   |   |   |   |   |   |   |--- feature_0 <= 1952.50
|   |   |   |   |   |   |   |   |   |--- feature_12 <= 94.81
|   |   |   |   |   |   |   |   |   |   |--- class: negative
|   |   |   |   |   |   |   |   |   |--- feature_12 >  94.81
|   |   |   |   |   |   |   |   |   |   |--- class: positive
|   |   |   |   |   |   |   |   |--- feature_0 >  1952.50
|   |   |   |   |   |   |   |   |   |--- class: positive
|   |   |   |--- feature_14 >  40.49
|   |   |   |   |--- feature_2 <= 47.00
|   |   |   |   |   |--- feature_15 <= 4.99
|   |   |   |   |   |   |--- feature_0 <= 1986.50
|   |   |   |   |   |   |   |--- class: positive
|   |   |   |   |   |   |--- feature_0 >  1986.50
|   |   |   |   |   |   |   |--- class: negative
|   |   |   |   |   |--- feature_15 >  4.99
|   |   |   |   |   |   |--- feature_0 <= 1953.50
|   |   |   |   |   |   |   |--- feature_12 <= 25.87
|   |   |   |   |   |   |   |   |--- feature_4 <= 6.50
|   |   |   |   |   |   |   |   |   |--- feature_0 <= 1943.00
|   |   |   |   |   |   |   |   |   |   |--- feature_2 <= 13.50
|   |   |   |   |   |   |   |   |   |   |   |--- class: negative
|   |   |   |   |   |   |   |   |   |   |--- feature_2 >  13.50
|   |   |   |   |   |   |   |   |   |   |   |--- truncated branch of depth 2
|   |   |   |   |   |   |   |   |   |--- feature_0 >  1943.00
|   |   |   |   |   |   |   |   |   |   |--- feature_11 <= 10.75
|   |   |   |   |   |   |   |   |   |   |   |--- class: negative
|   |   |   |   |   |   |   |   |   |   |--- feature_11 >  10.75
|   |   |   |   |   |   |   |   |   |   |   |--- truncated branch of depth 2
|   |   |   |   |   |   |   |   |--- feature_4 >  6.50
|   |   |   |   |   |   |   |   |   |--- feature_9 <= 17.00
|   |   |   |   |   |   |   |   |   |   |--- class: positive
|   |   |   |   |   |   |   |   |   |--- feature_9 >  17.00
|   |   |   |   |   |   |   |   |   |   |--- class: negative
|   |   |   |   |   |   |   |--- feature_12 >  25.87
|   |   |   |   |   |   |   |   |--- class: negative
|   |   |   |   |   |   |--- feature_0 >  1953.50
|   |   |   |   |   |   |   |--- feature_2 <= 30.00
|   |   |   |   |   |   |   |   |--- feature_11 <= 8.95
|   |   |   |   |   |   |   |   |   |--- feature_1 <= 24347.50
|   |   |   |   |   |   |   |   |   |   |--- feature_9 <= 2.50
|   |   |   |   |   |   |   |   |   |   |   |--- truncated branch of depth 5
|   |   |   |   |   |   |   |   |   |   |--- feature_9 >  2.50
|   |   |   |   |   |   |   |   |   |   |   |--- truncated branch of depth 3
|   |   |   |   |   |   |   |   |   |--- feature_1 >  24347.50
|   |   |   |   |   |   |   |   |   |   |--- feature_13 <= 16.15
|   |   |   |   |   |   |   |   |   |   |   |--- class: positive
|   |   |   |   |   |   |   |   |   |   |--- feature_13 >  16.15
|   |   |   |   |   |   |   |   |   |   |   |--- truncated branch of depth 2
|   |   |   |   |   |   |   |   |--- feature_11 >  8.95
|   |   |   |   |   |   |   |   |   |--- feature_15 <= 5.00
|   |   |   |   |   |   |   |   |   |   |--- feature_11 <= 25.10
|   |   |   |   |   |   |   |   |   |   |   |--- truncated branch of depth 9
|   |   |   |   |   |   |   |   |   |   |--- feature_11 >  25.10
|   |   |   |   |   |   |   |   |   |   |   |--- truncated branch of depth 4
|   |   |   |   |   |   |   |   |   |--- feature_15 >  5.00
|   |   |   |   |   |   |   |   |   |   |--- feature_15 <= 7.99
|   |   |   |   |   |   |   |   |   |   |   |--- truncated branch of depth 6
|   |   |   |   |   |   |   |   |   |   |--- feature_15 >  7.99
|   |   |   |   |   |   |   |   |   |   |   |--- truncated branch of depth 11
|   |   |   |   |   |   |   |--- feature_2 >  30.00
|   |   |   |   |   |   |   |   |--- feature_1 <= 3621.50
|   |   |   |   |   |   |   |   |   |--- class: positive
|   |   |   |   |   |   |   |   |--- feature_1 >  3621.50
|   |   |   |   |   |   |   |   |   |--- feature_12 <= 25.75
|   |   |   |   |   |   |   |   |   |   |--- feature_13 <= 12.45
|   |   |   |   |   |   |   |   |   |   |   |--- class: negative
|   |   |   |   |   |   |   |   |   |   |--- feature_13 >  12.45
|   |   |   |   |   |   |   |   |   |   |   |--- truncated branch of depth 3
|   |   |   |   |   |   |   |   |   |--- feature_12 >  25.75
|   |   |   |   |   |   |   |   |   |   |--- class: negative
|   |   |   |   |--- feature_2 >  47.00
|   |   |   |   |   |--- feature_15 <= 7.69
|   |   |   |   |   |   |--- feature_2 <= 59.00
|   |   |   |   |   |   |   |--- class: positive
|   |   |   |   |   |   |--- feature_2 >  59.00
|   |   |   |   |   |   |   |--- class: negative
|   |   |   |   |   |--- feature_15 >  7.69
|   |   |   |   |   |   |--- class: negative
|   |--- feature_0 >  1990.50
|   |   |--- feature_20 <= 4.50
|   |   |   |--- feature_15 <= 8.00
|   |   |   |   |--- feature_15 <= 7.01
|   |   |   |   |   |--- feature_15 <= 5.26
|   |   |   |   |   |   |--- feature_0 <= 1992.50
|   |   |   |   |   |   |   |--- feature_11 <= 11.73
|   |   |   |   |   |   |   |   |--- class: negative
|   |   |   |   |   |   |   |--- feature_11 >  11.73
|   |   |   |   |   |   |   |   |--- feature_11 <= 23.30
|   |   |   |   |   |   |   |   |   |--- class: positive
|   |   |   |   |   |   |   |   |--- feature_11 >  23.30
|   |   |   |   |   |   |   |   |   |--- class: negative
|   |   |   |   |   |   |--- feature_0 >  1992.50
|   |   |   |   |   |   |   |--- feature_13 <= 6.65
|   |   |   |   |   |   |   |   |--- feature_19 <= 4.50
|   |   |   |   |   |   |   |   |   |--- class: positive
|   |   |   |   |   |   |   |   |--- feature_19 >  4.50
|   |   |   |   |   |   |   |   |   |--- class: negative
|   |   |   |   |   |   |   |--- feature_13 >  6.65
|   |   |   |   |   |   |   |   |--- class: negative
|   |   |   |   |   |--- feature_15 >  5.26
|   |   |   |   |   |   |--- feature_11 <= 17.29
|   |   |   |   |   |   |   |--- feature_3 <= 3.50
|   |   |   |   |   |   |   |   |--- feature_20 <= 2.50
|   |   |   |   |   |   |   |   |   |--- feature_9 <= 1.50
|   |   |   |   |   |   |   |   |   |   |--- feature_0 <= 2002.50
|   |   |   |   |   |   |   |   |   |   |   |--- truncated branch of depth 2
|   |   |   |   |   |   |   |   |   |   |--- feature_0 >  2002.50
|   |   |   |   |   |   |   |   |   |   |   |--- class: negative
|   |   |   |   |   |   |   |   |   |--- feature_9 >  1.50
|   |   |   |   |   |   |   |   |   |   |--- class: negative
|   |   |   |   |   |   |   |   |--- feature_20 >  2.50
|   |   |   |   |   |   |   |   |   |--- feature_13 <= 8.66
|   |   |   |   |   |   |   |   |   |   |--- class: negative
|   |   |   |   |   |   |   |   |   |--- feature_13 >  8.66
|   |   |   |   |   |   |   |   |   |   |--- class: positive
|   |   |   |   |   |   |   |--- feature_3 >  3.50
|   |   |   |   |   |   |   |   |--- feature_0 <= 2005.50
|   |   |   |   |   |   |   |   |   |--- class: positive
|   |   |   |   |   |   |   |   |--- feature_0 >  2005.50
|   |   |   |   |   |   |   |   |   |--- class: negative
|   |   |   |   |   |   |--- feature_11 >  17.29
|   |   |   |   |   |   |   |--- class: negative
|   |   |   |   |--- feature_15 >  7.01
|   |   |   |   |   |--- class: positive
|   |   |   |--- feature_15 >  8.00
|   |   |   |   |--- feature_11 <= 31.85
|   |   |   |   |   |--- feature_11 <= 24.73
|   |   |   |   |   |   |--- feature_0 <= 2003.50
|   |   |   |   |   |   |   |--- feature_1 <= 60.00
|   |   |   |   |   |   |   |   |--- feature_12 <= 7.85
|   |   |   |   |   |   |   |   |   |--- feature_14 <= 38.70
|   |   |   |   |   |   |   |   |   |   |--- class: positive
|   |   |   |   |   |   |   |   |   |--- feature_14 >  38.70
|   |   |   |   |   |   |   |   |   |   |--- class: negative
|   |   |   |   |   |   |   |   |--- feature_12 >  7.85
|   |   |   |   |   |   |   |   |   |--- class: negative
|   |   |   |   |   |   |   |--- feature_1 >  60.00
|   |   |   |   |   |   |   |   |--- feature_12 <= 12.35
|   |   |   |   |   |   |   |   |   |--- class: negative
|   |   |   |   |   |   |   |   |--- feature_12 >  12.35
|   |   |   |   |   |   |   |   |   |--- feature_20 <= 3.00
|   |   |   |   |   |   |   |   |   |   |--- feature_12 <= 12.90
|   |   |   |   |   |   |   |   |   |   |   |--- class: positive
|   |   |   |   |   |   |   |   |   |   |--- feature_12 >  12.90
|   |   |   |   |   |   |   |   |   |   |   |--- truncated branch of depth 8
|   |   |   |   |   |   |   |   |   |--- feature_20 >  3.00
|   |   |   |   |   |   |   |   |   |   |--- feature_13 <= 12.50
|   |   |   |   |   |   |   |   |   |   |   |--- class: positive
|   |   |   |   |   |   |   |   |   |   |--- feature_13 >  12.50
|   |   |   |   |   |   |   |   |   |   |   |--- class: negative
|   |   |   |   |   |   |--- feature_0 >  2003.50
|   |   |   |   |   |   |   |--- class: negative
|   |   |   |   |   |--- feature_11 >  24.73
|   |   |   |   |   |   |--- feature_0 <= 1993.50
|   |   |   |   |   |   |   |--- feature_11 <= 27.98
|   |   |   |   |   |   |   |   |--- class: positive
|   |   |   |   |   |   |   |--- feature_11 >  27.98
|   |   |   |   |   |   |   |   |--- class: negative
|   |   |   |   |   |   |--- feature_0 >  1993.50
|   |   |   |   |   |   |   |--- feature_12 <= 141.12
|   |   |   |   |   |   |   |   |--- feature_11 <= 28.74
|   |   |   |   |   |   |   |   |   |--- class: negative
|   |   |   |   |   |   |   |   |--- feature_11 >  28.74
|   |   |   |   |   |   |   |   |   |--- feature_1 <= 2299.50
|   |   |   |   |   |   |   |   |   |   |--- feature_1 <= 2048.50
|   |   |   |   |   |   |   |   |   |   |   |--- truncated branch of depth 2
|   |   |   |   |   |   |   |   |   |   |--- feature_1 >  2048.50
|   |   |   |   |   |   |   |   |   |   |   |--- class: positive
|   |   |   |   |   |   |   |   |   |--- feature_1 >  2299.50
|   |   |   |   |   |   |   |   |   |   |--- class: negative
|   |   |   |   |   |   |   |--- feature_12 >  141.12
|   |   |   |   |   |   |   |   |--- class: positive
|   |   |   |   |--- feature_11 >  31.85
|   |   |   |   |   |--- class: negative
|   |   |--- feature_20 >  4.50
|   |   |   |--- feature_20 <= 10.50
|   |   |   |   |--- feature_12 <= 43.90
|   |   |   |   |   |--- feature_13 <= 7.15
|   |   |   |   |   |   |--- feature_9 <= 1.00
|   |   |   |   |   |   |   |--- class: negative
|   |   |   |   |   |   |--- feature_9 >  1.00
|   |   |   |   |   |   |   |--- feature_13 <= 6.13
|   |   |   |   |   |   |   |   |--- feature_4 <= 6.50
|   |   |   |   |   |   |   |   |   |--- feature_9 <= 4.50
|   |   |   |   |   |   |   |   |   |   |--- class: positive
|   |   |   |   |   |   |   |   |   |--- feature_9 >  4.50
|   |   |   |   |   |   |   |   |   |   |--- class: negative
|   |   |   |   |   |   |   |   |--- feature_4 >  6.50
|   |   |   |   |   |   |   |   |   |--- feature_1 <= 168.50
|   |   |   |   |   |   |   |   |   |   |--- class: negative
|   |   |   |   |   |   |   |   |   |--- feature_1 >  168.50
|   |   |   |   |   |   |   |   |   |   |--- class: positive
|   |   |   |   |   |   |   |--- feature_13 >  6.13
|   |   |   |   |   |   |   |   |--- feature_11 <= 15.66
|   |   |   |   |   |   |   |   |   |--- feature_15 <= 5.65
|   |   |   |   |   |   |   |   |   |   |--- class: negative
|   |   |   |   |   |   |   |   |   |--- feature_15 >  5.65
|   |   |   |   |   |   |   |   |   |   |--- class: positive
|   |   |   |   |   |   |   |   |--- feature_11 >  15.66
|   |   |   |   |   |   |   |   |   |--- class: negative
|   |   |   |   |   |--- feature_13 >  7.15
|   |   |   |   |   |   |--- feature_0 <= 1993.50
|   |   |   |   |   |   |   |--- feature_1 <= 865.00
|   |   |   |   |   |   |   |   |--- feature_2 <= 18.50
|   |   |   |   |   |   |   |   |   |--- class: negative
|   |   |   |   |   |   |   |   |--- feature_2 >  18.50
|   |   |   |   |   |   |   |   |   |--- feature_11 <= 14.60
|   |   |   |   |   |   |   |   |   |   |--- class: negative
|   |   |   |   |   |   |   |   |   |--- feature_11 >  14.60
|   |   |   |   |   |   |   |   |   |   |--- feature_2 <= 29.00
|   |   |   |   |   |   |   |   |   |   |   |--- class: positive
|   |   |   |   |   |   |   |   |   |   |--- feature_2 >  29.00
|   |   |   |   |   |   |   |   |   |   |   |--- class: negative
|   |   |   |   |   |   |   |--- feature_1 >  865.00
|   |   |   |   |   |   |   |   |--- feature_9 <= 51.00
|   |   |   |   |   |   |   |   |   |--- feature_9 <= 26.00
|   |   |   |   |   |   |   |   |   |   |--- feature_11 <= 18.90
|   |   |   |   |   |   |   |   |   |   |   |--- truncated branch of depth 9
|   |   |   |   |   |   |   |   |   |   |--- feature_11 >  18.90
|   |   |   |   |   |   |   |   |   |   |   |--- class: negative
|   |   |   |   |   |   |   |   |   |--- feature_9 >  26.00
|   |   |   |   |   |   |   |   |   |   |--- class: negative
|   |   |   |   |   |   |   |   |--- feature_9 >  51.00
|   |   |   |   |   |   |   |   |   |--- class: positive
|   |   |   |   |   |   |--- feature_0 >  1993.50
|   |   |   |   |   |   |   |--- feature_12 <= 18.90
|   |   |   |   |   |   |   |   |--- feature_12 <= 18.80
|   |   |   |   |   |   |   |   |   |--- feature_15 <= 8.50
|   |   |   |   |   |   |   |   |   |   |--- feature_14 <= 39.73
|   |   |   |   |   |   |   |   |   |   |   |--- truncated branch of depth 5
|   |   |   |   |   |   |   |   |   |   |--- feature_14 >  39.73
|   |   |   |   |   |   |   |   |   |   |   |--- truncated branch of depth 10
|   |   |   |   |   |   |   |   |   |--- feature_15 >  8.50
|   |   |   |   |   |   |   |   |   |   |--- class: negative
|   |   |   |   |   |   |   |   |--- feature_12 >  18.80
|   |   |   |   |   |   |   |   |   |--- class: positive
|   |   |   |   |   |   |   |--- feature_12 >  18.90
|   |   |   |   |   |   |   |   |--- class: negative
|   |   |   |   |--- feature_12 >  43.90
|   |   |   |   |   |--- feature_0 <= 1995.50
|   |   |   |   |   |   |--- feature_9 <= 20.50
|   |   |   |   |   |   |   |--- feature_11 <= 14.83
|   |   |   |   |   |   |   |   |--- class: positive
|   |   |   |   |   |   |   |--- feature_11 >  14.83
|   |   |   |   |   |   |   |   |--- feature_11 <= 18.01
|   |   |   |   |   |   |   |   |   |--- class: negative
|   |   |   |   |   |   |   |   |--- feature_11 >  18.01
|   |   |   |   |   |   |   |   |   |--- feature_12 <= 55.65
|   |   |   |   |   |   |   |   |   |   |--- class: positive
|   |   |   |   |   |   |   |   |   |--- feature_12 >  55.65
|   |   |   |   |   |   |   |   |   |   |--- feature_1 <= 1909.00
|   |   |   |   |   |   |   |   |   |   |   |--- truncated branch of depth 3
|   |   |   |   |   |   |   |   |   |   |--- feature_1 >  1909.00
|   |   |   |   |   |   |   |   |   |   |   |--- truncated branch of depth 2
|   |   |   |   |   |   |--- feature_9 >  20.50
|   |   |   |   |   |   |   |--- class: negative
|   |   |   |   |   |--- feature_0 >  1995.50
|   |   |   |   |   |   |--- feature_13 <= 12.10
|   |   |   |   |   |   |   |--- class: negative
|   |   |   |   |   |   |--- feature_13 >  12.10
|   |   |   |   |   |   |   |--- feature_13 <= 12.51
|   |   |   |   |   |   |   |   |--- feature_11 <= 43.85
|   |   |   |   |   |   |   |   |   |--- class: positive
|   |   |   |   |   |   |   |   |--- feature_11 >  43.85
|   |   |   |   |   |   |   |   |   |--- class: negative
|   |   |   |   |   |   |   |--- feature_13 >  12.51
|   |   |   |   |   |   |   |   |--- class: negative
|   |   |   |--- feature_20 >  10.50
|   |   |   |   |--- feature_12 <= 29.40
|   |   |   |   |   |--- class: positive
|   |   |   |   |--- feature_12 >  29.40
|   |   |   |   |   |--- class: negative
