|--- feature_4 <= 5.50
|   |--- feature_13 <= 9.80
|   |   |--- feature_15 <= 8.00
|   |   |   |--- feature_15 <= 5.00
|   |   |   |   |--- feature_15 <= 5.00
|   |   |   |   |   |--- feature_15 <= 4.00
|   |   |   |   |   |   |--- feature_14 <= 19.27
|   |   |   |   |   |   |   |--- feature_11 <= 6.55
|   |   |   |   |   |   |   |   |--- feature_1 <= 5.50
|   |   |   |   |   |   |   |   |   |--- class: positive
|   |   |   |   |   |   |   |   |--- feature_1 >  5.50
|   |   |   |   |   |   |   |   |   |--- feature_9 <= 52.50
|   |   |   |   |   |   |   |   |   |   |--- class: negative
|   |   |   |   |   |   |   |   |   |--- feature_9 >  52.50
|   |   |   |   |   |   |   |   |   |   |--- feature_4 <= 1.00
|   |   |   |   |   |   |   |   |   |   |   |--- class: negative
|   |   |   |   |   |   |   |   |   |   |--- feature_4 >  1.00
|   |   |   |   |   |   |   |   |   |   |   |--- class: positive
|   |   |   |   |   |   |   |--- feature_11 >  6.55
|   |   |   |   |   |   |   |   |--- feature_13 <= 8.55
|   |   |   |   |   |   |   |   |   |--- class: negative
|   |   |   |   |   |   |   |   |--- feature_13 >  8.55
|   |   |   |   |   |   |   |   |   |--- feature_0 <= 1955.00
|   |   |   |   |   |   |   |   |   |   |--- class: negative
|   |   |   |   |   |   |   |   |   |--- feature_0 >  1955.00
|   |   |   |   |   |   |   |   |   |   |--- class: positive
|   |   |   |   |   |   |--- feature_14 >  19.27
|   |   |   |   |   |   |   |--- feature_14 <= 40.43
|   |   |   |   |   |   |   |   |--- feature_14 <= 36.90
|   |   |   |   |   |   |   |   |   |--- feature_1 <= 391.50
|   |   |   |   |   |   |   |   |   |   |--- feature_20 <= 1.50
|   |   |   |   |   |   |   |   |   |   |   |--- truncated branch of depth 5
|   |   |   |   |   |   |   |   |   |   |--- feature_20 >  1.50
|   |   |   |   |   |   |   |   |   |   |   |--- truncated branch of depth 9
|   |   |   |   |   |   |   |   |   |--- feature_1 >  391.50
|   |   |   |   |   |   |   |   |   |   |--- feature_12 <= 27.30
|   |   |   |   |   |   |   |   |   |   |   |--- class: negative
|   |   |   |   |   |   |   |   |   |   |--- feature_12 >  27.30
|   |   |   |   |   |   |   |   |   |   |   |--- truncated branch of depth 2
|   |   |   |   |   |   |   |   |--- feature_14 >  36.90
|   |   |   |   |   |   |   |   |   |--- feature_19 <= 7.98
|   |   |   |   |   |   |   |   |   |   |--- feature_14 <= 39.54
|   |   |   |   |   |   |   |   |   |   |   |--- class: positive
|   |   |   |   |   |   |   |   |   |   |--- feature_14 >  39.54
|   |   |   |   |   |   |   |   |   |   |   |--- truncated branch of depth 2
|   |   |   |   |   |   |   |   |   |--- feature_19 >  7.98
|   |   |   |   |   |   |   |   |   |   |--- feature_10 <= 1.50
|   |   |   |   |   |   |   |   |   |   |   |--- class: negative
|   |   |   |   |   |   |   |   |   |   |--- feature_10 >  1.50
|   |   |   |   |   |   |   |   |   |   |   |--- class: positive
|   |   |   |   |   |   |   |--- feature_14 >  40.43
|   |   |   |   |   |   |   |   |--- feature_11 <= 10.85
|   |   |   |   |   |   |   |   |   |--- class: negative
|   |   |   |   |   |   |   |   |--- feature_11 >  10.85
|   |   |   |   |   |   |   |   |   |--- feature_1 <= 112.50
|   |   |   |   |   |   |   |   |   |   |--- feature_1 <= 80.50
|   |   |   |   |   |   |   |   |   |   |   |--- class: negative
|   |   |   |   |   |   |   |   |   |   |--- feature_1 >  80.50
|   |   |   |   |   |   |   |   |   |   |   |--- truncated branch of depth 3
|   |   |   |   |   |   |   |   |   |--- feature_1 >  112.50
|   |   |   |   |   |   |   |   |   |   |--- feature_13 <= 5.80
|   |   |   |   |   |   |   |   |   |   |   |--- class: positive
|   |   |   |   |   |   |   |   |   |   |--- feature_13 >  5.80
|   |   |   |   |   |   |   |   |   |   |   |--- class: negative
|   |   |   |   |   |--- feature_15 >  4.00
|   |   |   |   |   |   |--- class: positive
|   |   |   |   |--- feature_15 >  5.00
|   |   |   |   |   |--- feature_12 <= 9.41
|   |   |   |   |   |   |--- feature_14 <= 33.34
|   |   |   |   |   |   |   |--- feature_1 <= 71.00
|   |   |   |   |   |   |   |   |--- feature_9 <= 7.50
|   |   |   |   |   |   |   |   |   |--- feature_1 <= 65.50
|   |   |   |   |   |   |   |   |   |   |--- feature_9 <= 1.50
|   |   |   |   |   |   |   |   |   |   |   |--- truncated branch of depth 4
|   |   |   |   |   |   |   |   |   |   |--- feature_9 >  1.50
|   |   |   |   |   |   |   |   |   |   |   |--- truncated branch of depth 3
|   |   |   |   |   |   |   |   |   |--- feature_1 >  65.50
|   |   |   |   |   |   |   |   |   |   |--- class: positive
|   |   |   |   |   |   |   |   |--- feature_9 >  7.50
|   |   |   |   |   |   |   |   |   |--- feature_1 <= 7.50
|   |   |   |   |   |   |   |   |   |   |--- feature_11 <= 6.55
|   |   |   |   |   |   |   |   |   |   |   |--- class: positive
|   |   |   |   |   |   |   |   |   |   |--- feature_11 >  6.55
|   |   |   |   |   |   |   |   |   |   |   |--- class: negative
|   |   |   |   |   |   |   |   |   |--- feature_1 >  7.50
|   |   |   |   |   |   |   |   |   |   |--- class: negative
|   |   |   |   |   |   |   |--- feature_1 >  71.00
|   |   |   |   |   |   |   |   |--- feature_9 <= 8.50
|   |   |   |   |   |   |   |   |   |--- class: negative
|   |   |   |   |   |   |   |   |--- feature_9 >  8.50
|   |   |   |   |   |   |   |   |   |--- feature_2 <= 2.50
|   |   |   |   |   |   |   |   |   |   |--- feature_2 <= 0.50
|   |   |   |   |   |   |   |   |   |   |   |--- class: negative
|   |   |   |   |   |   |   |   |   |   |--- feature_2 >  0.50
|   |   |   |   |   |   |   |   |   |   |   |--- truncated branch of depth 2
|   |   |   |   |   |   |   |   |   |--- feature_2 >  2.50
|   |   |   |   |   |   |   |   |   |   |--- class: negative
|   |   |   |   |   |   |--- feature_14 >  33.34
|   |   |   |   |   |   |   |--- feature_19 <= 5.80
|   |   |   |   |   |   |   |   |--- feature_19 <= 1.17
|   |   |   |   |   |   |   |   |   |--- feature_13 <= 5.99
|   |   |   |   |   |   |   |   |   |   |--- feature_1 <= 130.50
|   |   |   |   |   |   |   |   |   |   |   |--- truncated branch of depth 3
|   |   |   |   |   |   |   |   |   |   |--- feature_1 >  130.50
|   |   |   |   |   |   |   |   |   |   |   |--- class: negative
|   |   |   |   |   |   |   |   |   |--- feature_13 >  5.99
|   |   |   |   |   |   |   |   |   |   |--- feature_3 <= 3.50
|   |   |   |   |   |   |   |   |   |   |   |--- truncated branch of depth 12
|   |   |   |   |   |   |   |   |   |   |--- feature_3 >  3.50
|   |   |   |   |   |   |   |   |   |   |   |--- truncated branch of depth 7
|   |   |   |   |   |   |   |   |--- feature_19 >  1.17
|   |   |   |   |   |   |   |   |   |--- feature_2 <= 4.50
|   |   |   |   |   |   |   |   |   |   |--- class: positive
|   |   |   |   |   |   |   |   |   |--- feature_2 >  4.50
|   |   |   |   |   |   |   |   |   |   |--- class: negative
|   |   |   |   |   |   |   |--- feature_19 >  5.80
|   |   |   |   |   |   |   |   |--- feature_13 <= 5.95
|   |   |   |   |   |   |   |   |   |--- feature_9 <= 1.50
|   |   |   |   |   |   |   |   |   |   |--- feature_14 <= 34.34
|   |   |   |   |   |   |   |   |   |   |   |--- class: positive
|   |   |   |   |   |   |   |   |   |   |--- feature_14 >  34.34
|   |   |   |   |   |   |   |   |   |   |   |--- class: negative
|   |   |   |   |   |   |   |   |   |--- feature_9 >  1.50
|   |   |   |   |   |   |   |   |   |   |--- feature_9 <= 7.50
|   |   |   |   |   |   |   |   |   |   |   |--- class: positive
|   |   |   |   |   |   |   |   |   |   |--- feature_9 >  7.50
|   |   |   |   |   |   |   |   |   |   |   |--- truncated branch of depth 5
|   |   |   |   |   |   |   |   |--- feature_13 >  5.95
|   |   |   |   |   |   |   |   |   |--- feature_2 <= 14.00
|   |   |   |   |   |   |   |   |   |   |--- class: negative
|   |   |   |   |   |   |   |   |   |--- feature_2 >  14.00
|   |   |   |   |   |   |   |   |   |   |--- feature_19 <= 7.00
|   |   |   |   |   |   |   |   |   |   |   |--- class: negative
|   |   |   |   |   |   |   |   |   |   |--- feature_19 >  7.00
|   |   |   |   |   |   |   |   |   |   |   |--- class: positive
|   |   |   |   |   |--- feature_12 >  9.41
|   |   |   |   |   |   |--- feature_0 <= 1984.50
|   |   |   |   |   |   |   |--- feature_14 <= 33.31
|   |   |   |   |   |   |   |   |--- feature_14 <= 33.30
|   |   |   |   |   |   |   |   |   |--- feature_9 <= 0.50
|   |   |   |   |   |   |   |   |   |   |--- feature_1 <= 26.00
|   |   |   |   |   |   |   |   |   |   |   |--- truncated branch of depth 4
|   |   |   |   |   |   |   |   |   |   |--- feature_1 >  26.00
|   |   |   |   |   |   |   |   |   |   |   |--- truncated branch of depth 9
|   |   |   |   |   |   |   |   |   |--- feature_9 >  0.50
|   |   |   |   |   |   |   |   |   |   |--- feature_14 <= 32.48
|   |   |   |   |   |   |   |   |   |   |   |--- truncated branch of depth 10
|   |   |   |   |   |   |   |   |   |   |--- feature_14 >  32.48
|   |   |   |   |   |   |   |   |   |   |   |--- class: positive
|   |   |   |   |   |   |   |   |--- feature_14 >  33.30
|   |   |   |   |   |   |   |   |   |--- feature_12 <= 14.75
|   |   |   |   |   |   |   |   |   |   |--- class: negative
|   |   |   |   |   |   |   |   |   |--- feature_12 >  14.75
|   |   |   |   |   |   |   |   |   |   |--- feature_1 <= 90.00
|   |   |   |   |   |   |   |   |   |   |   |--- truncated branch of depth 2
|   |   |   |   |   |   |   |   |   |   |--- feature_1 >  90.00
|   |   |   |   |   |   |   |   |   |   |   |--- truncated branch of depth 9
|   |   |   |   |   |   |   |--- feature_14 >  33.31
|   |   |   |   |   |   |   |   |--- feature_19 <= 5.98
|   |   |   |   |   |   |   |   |   |--- feature_19 <= 1.01
|   |   |   |   |   |   |   |   |   |   |--- feature_0 <= 1949.50
|   |   |   |   |   |   |   |   |   |   |   |--- truncated branch of depth 6
|   |   |   |   |   |   |   |   |   |   |--- feature_0 >  1949.50
|   |   |   |   |   |   |   |   |   |   |   |--- truncated branch of depth 12
|   |   |   |   |   |   |   |   |   |--- feature_19 >  1.01
|   |   |   |   |   |   |   |   |   |   |--- feature_12 <= 9.83
|   |   |   |   |   |   |   |   |   |   |   |--- truncated branch of depth 2
|   |   |   |   |   |   |   |   |   |   |--- feature_12 >  9.83
|   |   |   |   |   |   |   |   |   |   |   |--- truncated branch of depth 2
|   |   |   |   |   |   |   |   |--- feature_19 >  5.98
|   |   |   |   |   |   |   |   |   |--- feature_0 <= 1980.50
|   |   |   |   |   |   |   |   |   |   |--- feature_14 <= 40.17
|   |   |   |   |   |   |   |   |   |   |   |--- truncated branch of depth 12
|   |   |   |   |   |   |   |   |   |   |--- feature_14 >  40.17
|   |   |   |   |   |   |   |   |   |   |   |--- truncated branch of depth 7
|   |   |   |   |   |   |   |   |   |--- feature_0 >  1980.50
|   |   |   |   |   |   |   |   |   |   |--- feature_9 <= 4.50
|   |   |   |   |   |   |   |   |   |   |   |--- truncated branch of depth 4
|   |   |   |   |   |   |   |   |   |   |--- feature_9 >  4.50
|   |   |   |   |   |   |   |   |   |   |   |--- class: negative
|   |   |   |   |   |   |--- feature_0 >  1984.50
|   |   |   |   |   |   |   |--- feature_3 <= 4.50
|   |   |   |   |   |   |   |   |--- feature_14 <= 29.70
|   |   |   |   |   |   |   |   |   |--- class: negative
|   |   |   |   |   |   |   |   |--- feature_14 >  29.70
|   |   |   |   |   |   |   |   |   |--- feature_20 <= 2.50
|   |   |   |   |   |   |   |   |   |   |--- feature_19 <= 6.04
|   |   |   |   |   |   |   |   |   |   |   |--- truncated branch of depth 8
|   |   |   |   |   |   |   |   |   |   |--- feature_19 >  6.04
|   |   |   |   |   |   |   |   |   |   |   |--- truncated branch of depth 2
|   |   |   |   |   |   |   |   |   |--- feature_20 >  2.50
|   |   |   |   |   |   |   |   |   |   |--- feature_1 <= 350.00
|   |   |   |   |   |   |   |   |   |   |   |--- truncated branch of depth 5
|   |   |   |   |   |   |   |   |   |   |--- feature_1 >  350.00
|   |   |   |   |   |   |   |   |   |   |   |--- truncated branch of depth 2
|   |   |   |   |   |   |   |--- feature_3 >  4.50
|   |   |   |   |   |   |   |   |--- feature_0 <= 1993.50
|   |   |   |   |   |   |   |   |   |--- class: negative
|   |   |   |   |   |   |   |   |--- feature_0 >  1993.50
|   |   |   |   |   |   |   |   |   |--- feature_19 <= 1.12
|   |   |   |   |   |   |   |   |   |   |--- feature_12 <= 36.56
|   |   |   |   |   |   |   |   |   |   |   |--- class: negative
|   |   |   |   |   |   |   |   |   |   |--- feature_12 >  36.56
|   |   |   |   |   |   |   |   |   |   |   |--- truncated branch of depth 2
|   |   |   |   |   |   |   |   |   |--- feature_19 >  1.12
|   |   |   |   |   |   |   |   |   |   |--- class: positive
|   |   |   |--- feature_15 >  5.00
|   |   |   |   |--- feature_15 <= 6.00
|   |   |   |   |   |--- class: positive
|   |   |   |   |--- feature_15 >  6.00
|   |   |   |   |   |--- feature_15 <= 6.00
|   |   |   |   |   |   |--- feature_20 <= 1.50
|   |   |   |   |   |   |   |--- feature_0 <= 1952.50
|   |   |   |   |   |   |   |   |--- feature_19 <= 1.27
|   |   |   |   |   |   |   |   |   |--- feature_2 <= 5.50
|   |   |   |   |   |   |   |   |   |   |--- feature_14 <= 35.90
|   |   |   |   |   |   |   |   |   |   |   |--- truncated branch of depth 8
|   |   |   |   |   |   |   |   |   |   |--- feature_14 >  35.90
|   |   |   |   |   |   |   |   |   |   |   |--- class: negative
|   |   |   |   |   |   |   |   |   |--- feature_2 >  5.50
|   |   |   |   |   |   |   |   |   |   |--- feature_0 <= 1930.50
|   |   |   |   |   |   |   |   |   |   |   |--- truncated branch of depth 3
|   |   |   |   |   |   |   |   |   |   |--- feature_0 >  1930.50
|   |   |   |   |   |   |   |   |   |   |   |--- truncated branch of depth 3
|   |   |   |   |   |   |   |   |--- feature_19 >  1.27
|   |   |   |   |   |   |   |   |   |--- feature_19 <= 4.97
|   |   |   |   |   |   |   |   |   |   |--- class: positive
|   |   |   |   |   |   |   |   |   |--- feature_19 >  4.97
|   |   |   |   |   |   |   |   |   |   |--- feature_19 <= 7.35
|   |   |   |   |   |   |   |   |   |   |   |--- truncated branch of depth 2
|   |   |   |   |   |   |   |   |   |   |--- feature_19 >  7.35
|   |   |   |   |   |   |   |   |   |   |   |--- class: negative
|   |   |   |   |   |   |   |--- feature_0 >  1952.50
|   |   |   |   |   |   |   |   |--- feature_1 <= 207.50
|   |   |   |   |   |   |   |   |   |--- feature_4 <= 1.00
|   |   |   |   |   |   |   |   |   |   |--- feature_1 <= 175.00
|   |   |   |   |   |   |   |   |   |   |   |--- class: negative
|   |   |   |   |   |   |   |   |   |   |--- feature_1 >  175.00
|   |   |   |   |   |   |   |   |   |   |   |--- class: positive
|   |   |   |   |   |   |   |   |   |--- feature_4 >  1.00
|   |   |   |   |   |   |   |   |   |   |--- feature_2 <= 1.50
|   |   |   |   |   |   |   |   |   |   |   |--- truncated branch of depth 2
|   |   |   |   |   |   |   |   |   |   |--- feature_2 >  1.50
|   |   |   |   |   |   |   |   |   |   |   |--- class: negative
|   |   |   |   |   |   |   |   |--- feature_1 >  207.50
|   |   |   |   |   |   |   |   |   |--- feature_1 <= 971.00
|   |   |   |   |   |   |   |   |   |   |--- feature_9 <= 27.00
|   |   |   |   |   |   |   |   |   |   |   |--- class: negative
|   |   |   |   |   |   |   |   |   |   |--- feature_9 >  27.00
|   |   |   |   |   |   |   |   |   |   |   |--- truncated branch of depth 2
|   |   |   |   |   |   |   |   |   |--- feature_1 >  971.00
|   |   |   |   |   |   |   |   |   |   |--- feature_1 <= 1004.50
|   |   |   |   |   |   |   |   |   |   |   |--- class: positive
|   |   |   |   |   |   |   |   |   |   |--- feature_1 >  1004.50
|   |   |   |   |   |   |   |   |   |   |   |--- truncated branch of depth 3
|   |   |   |   |   |   |--- feature_20 >  1.50
|   |   |   |   |   |   |   |--- feature_1 <= 374.00
|   |   |   |   |   |   |   |   |--- feature_20 <= 4.50
|   |   |   |   |   |   |   |   |   |--- feature_1 <= 184.50
|   |   |   |   |   |   |   |   |   |   |--- feature_19 <= 1.15
|   |   |   |   |   |   |   |   |   |   |   |--- truncated branch of depth 5
|   |   |   |   |   |   |   |   |   |   |--- feature_19 >  1.15
|   |   |   |   |   |   |   |   |   |   |   |--- truncated branch of depth 10
|   |   |   |   |   |   |   |   |   |--- feature_1 >  184.50
|   |   |   |   |   |   |   |   |   |   |--- feature_14 <= 18.41
|   |   |   |   |   |   |   |   |   |   |   |--- truncated branch of depth 3
|   |   |   |   |   |   |   |   |   |   |--- feature_14 >  18.41
|   |   |   |   |   |   |   |   |   |   |   |--- truncated branch of depth 9
|   |   |   |   |   |   |   |   |--- feature_20 >  4.50
|   |   |   |   |   |   |   |   |   |--- feature_14 <= 26.01
|   |   |   |   |   |   |   |   |   |   |--- feature_11 <= 16.64
|   |   |   |   |   |   |   |   |   |   |   |--- truncated branch of depth 3
|   |   |   |   |   |   |   |   |   |   |--- feature_11 >  16.64
|   |   |   |   |   |   |   |   |   |   |   |--- truncated branch of depth 3
|   |   |   |   |   |   |   |   |   |--- feature_14 >  26.01
|   |   |   |   |   |   |   |   |   |   |--- feature_19 <= 3.00
|   |   |   |   |   |   |   |   |   |   |   |--- truncated branch of depth 8
|   |   |   |   |   |   |   |   |   |   |--- feature_19 >  3.00
|   |   |   |   |   |   |   |   |   |   |   |--- class: negative
|   |   |   |   |   |   |   |--- feature_1 >  374.00
|   |   |   |   |   |   |   |   |--- feature_0 <= 1929.00
|   |   |   |   |   |   |   |   |   |--- class: negative
|   |   |   |   |   |   |   |   |--- feature_0 >  1929.00
|   |   |   |   |   |   |   |   |   |--- feature_12 <= 16.50
|   |   |   |   |   |   |   |   |   |   |--- feature_14 <= 37.04
|   |   |   |   |   |   |   |   |   |   |   |--- class: negative
|   |   |   |   |   |   |   |   |   |   |--- feature_14 >  37.04
|   |   |   |   |   |   |   |   |   |   |   |--- truncated branch of depth 5
|   |   |   |   |   |   |   |   |   |--- feature_12 >  16.50
|   |   |   |   |   |   |   |   |   |   |--- feature_4 <= 3.50
|   |   |   |   |   |   |   |   |   |   |   |--- class: negative
|   |   |   |   |   |   |   |   |   |   |--- feature_4 >  3.50
|   |   |   |   |   |   |   |   |   |   |   |--- truncated branch of depth 6
|   |   |   |   |   |--- feature_15 >  6.00
|   |   |   |   |   |   |--- feature_15 <= 7.00
|   |   |   |   |   |   |   |--- class: positive
|   |   |   |   |   |   |--- feature_15 >  7.00
|   |   |   |   |   |   |   |--- feature_15 <= 7.00
|   |   |   |   |   |   |   |   |--- feature_0 <= 1967.50
|   |   |   |   |   |   |   |   |   |--- feature_4 <= 1.50
|   |   |   |   |   |   |   |   |   |   |--- feature_14 <= 6.86
|   |   |   |   |   |   |   |   |   |   |   |--- truncated branch of depth 2
|   |   |   |   |   |   |   |   |   |   |--- feature_14 >  6.86
|   |   |   |   |   |   |   |   |   |   |   |--- truncated branch of depth 6
|   |   |   |   |   |   |   |   |   |--- feature_4 >  1.50
|   |   |   |   |   |   |   |   |   |   |--- feature_3 <= 4.50
|   |   |   |   |   |   |   |   |   |   |   |--- class: negative
|   |   |   |   |   |   |   |   |   |   |--- feature_3 >  4.50
|   |   |   |   |   |   |   |   |   |   |   |--- truncated branch of depth 3
|   |   |   |   |   |   |   |   |--- feature_0 >  1967.50
|   |   |   |   |   |   |   |   |   |--- feature_0 <= 1988.00
|   |   |   |   |   |   |   |   |   |   |--- feature_2 <= 6.50
|   |   |   |   |   |   |   |   |   |   |   |--- truncated branch of depth 4
|   |   |   |   |   |   |   |   |   |   |--- feature_2 >  6.50
|   |   |   |   |   |   |   |   |   |   |   |--- truncated branch of depth 3
|   |   |   |   |   |   |   |   |   |--- feature_0 >  1988.00
|   |   |   |   |   |   |   |   |   |   |--- feature_3 <= 0.50
|   |   |   |   |   |   |   |   |   |   |   |--- class: positive
|   |   |   |   |   |   |   |   |   |   |--- feature_3 >  0.50
|   |   |   |   |   |   |   |   |   |   |   |--- truncated branch of depth 4
|   |   |   |   |   |   |   |--- feature_15 >  7.00
|   |   |   |   |   |   |   |   |--- class: positive
|   |   |--- feature_15 >  8.00
|   |   |   |--- feature_19 <= 7.99
|   |   |   |   |--- feature_19 <= 6.00
|   |   |   |   |   |--- feature_4 <= 4.50
|   |   |   |   |   |   |--- feature_0 <= 1954.50
|   |   |   |   |   |   |   |--- feature_20 <= 3.50
|   |   |   |   |   |   |   |   |--- feature_12 <= 6.72
|   |   |   |   |   |   |   |   |   |--- feature_13 <= 9.20
|   |   |   |   |   |   |   |   |   |   |--- class: negative
|   |   |   |   |   |   |   |   |   |--- feature_13 >  9.20
|   |   |   |   |   |   |   |   |   |   |--- feature_1 <= 1190.00
|   |   |   |   |   |   |   |   |   |   |   |--- class: positive
|   |   |   |   |   |   |   |   |   |   |--- feature_1 >  1190.00
|   |   |   |   |   |   |   |   |   |   |   |--- truncated branch of depth 2
|   |   |   |   |   |   |   |   |--- feature_12 >  6.72
|   |   |   |   |   |   |   |   |   |--- feature_0 <= 1900.50
|   |   |   |   |   |   |   |   |   |   |--- feature_2 <= 14.50
|   |   |   |   |   |   |   |   |   |   |   |--- truncated branch of depth 9
|   |   |   |   |   |   |   |   |   |   |--- feature_2 >  14.50
|   |   |   |   |   |   |   |   |   |   |   |--- class: positive
|   |   |   |   |   |   |   |   |   |--- feature_0 >  1900.50
|   |   |   |   |   |   |   |   |   |   |--- feature_16 <= 1.50
|   |   |   |   |   |   |   |   |   |   |   |--- truncated branch of depth 9
|   |   |   |   |   |   |   |   |   |   |--- feature_16 >  1.50
|   |   |   |   |   |   |   |   |   |   |   |--- truncated branch of depth 12
|   |   |   |   |   |   |   |--- feature_20 >  3.50
|   |   |   |   |   |   |   |   |--- feature_13 <= 9.16
|   |   |   |   |   |   |   |   |   |--- feature_19 <= 1.76
|   |   |   |   |   |   |   |   |   |   |--- feature_1 <= 55.00
|   |   |   |   |   |   |   |   |   |   |   |--- truncated branch of depth 4
|   |   |   |   |   |   |   |   |   |   |--- feature_1 >  55.00
|   |   |   |   |   |   |   |   |   |   |   |--- truncated branch of depth 5
|   |   |   |   |   |   |   |   |   |--- feature_19 >  1.76
|   |   |   |   |   |   |   |   |   |   |--- feature_20 <= 9.00
|   |   |   |   |   |   |   |   |   |   |   |--- truncated branch of depth 2
|   |   |   |   |   |   |   |   |   |   |--- feature_20 >  9.00
|   |   |   |   |   |   |   |   |   |   |   |--- truncated branch of depth 2
|   |   |   |   |   |   |   |   |--- feature_13 >  9.16
|   |   |   |   |   |   |   |   |   |--- feature_1 <= 1274.50
|   |   |   |   |   |   |   |   |   |   |--- class: negative
|   |   |   |   |   |   |   |   |   |--- feature_1 >  1274.50
|   |   |   |   |   |   |   |   |   |   |--- feature_20 <= 8.00
|   |   |   |   |   |   |   |   |   |   |   |--- class: positive
|   |   |   |   |   |   |   |   |   |   |--- feature_20 >  8.00
|   |   |   |   |   |   |   |   |   |   |   |--- class: negative
|   |   |   |   |   |   |--- feature_0 >  1954.50
|   |   |   |   |   |   |   |--- feature_19 <= 5.99
|   |   |   |   |   |   |   |   |--- feature_19 <= 1.01
|   |   |   |   |   |   |   |   |   |--- feature_20 <= 4.50
|   |   |   |   |   |   |   |   |   |   |--- feature_20 <= 2.50
|   |   |   |   |   |   |   |   |   |   |   |--- truncated branch of depth 12
|   |   |   |   |   |   |   |   |   |   |--- feature_20 >  2.50
|   |   |   |   |   |   |   |   |   |   |   |--- truncated branch of depth 7
|   |   |   |   |   |   |   |   |   |--- feature_20 >  4.50
|   |   |   |   |   |   |   |   |   |   |--- feature_1 <= 493.50
|   |   |   |   |   |   |   |   |   |   |   |--- truncated branch of depth 6
|   |   |   |   |   |   |   |   |   |   |--- feature_1 >  493.50
|   |   |   |   |   |   |   |   |   |   |   |--- truncated branch of depth 9
|   |   |   |   |   |   |   |   |--- feature_19 >  1.01
|   |   |   |   |   |   |   |   |   |--- feature_20 <= 9.50
|   |   |   |   |   |   |   |   |   |   |--- feature_12 <= 6.71
|   |   |   |   |   |   |   |   |   |   |   |--- truncated branch of depth 2
|   |   |   |   |   |   |   |   |   |   |--- feature_12 >  6.71
|   |   |   |   |   |   |   |   |   |   |   |--- truncated branch of depth 4
|   |   |   |   |   |   |   |   |   |--- feature_20 >  9.50
|   |   |   |   |   |   |   |   |   |   |--- class: negative
|   |   |   |   |   |   |   |--- feature_19 >  5.99
|   |   |   |   |   |   |   |   |--- feature_14 <= 36.94
|   |   |   |   |   |   |   |   |   |--- feature_11 <= 14.60
|   |   |   |   |   |   |   |   |   |   |--- feature_14 <= 11.25
|   |   |   |   |   |   |   |   |   |   |   |--- truncated branch of depth 2
|   |   |   |   |   |   |   |   |   |   |--- feature_14 >  11.25
|   |   |   |   |   |   |   |   |   |   |   |--- truncated branch of depth 3
|   |   |   |   |   |   |   |   |   |--- feature_11 >  14.60
|   |   |   |   |   |   |   |   |   |   |--- feature_13 <= 5.98
|   |   |   |   |   |   |   |   |   |   |   |--- class: positive
|   |   |   |   |   |   |   |   |   |   |--- feature_13 >  5.98
|   |   |   |   |   |   |   |   |   |   |   |--- truncated branch of depth 6
|   |   |   |   |   |   |   |   |--- feature_14 >  36.94
|   |   |   |   |   |   |   |   |   |--- feature_2 <= 3.50
|   |   |   |   |   |   |   |   |   |   |--- feature_13 <= 7.90
|   |   |   |   |   |   |   |   |   |   |   |--- truncated branch of depth 5
|   |   |   |   |   |   |   |   |   |   |--- feature_13 >  7.90
|   |   |   |   |   |   |   |   |   |   |   |--- truncated branch of depth 3
|   |   |   |   |   |   |   |   |   |--- feature_2 >  3.50
|   |   |   |   |   |   |   |   |   |   |--- feature_14 <= 38.71
|   |   |   |   |   |   |   |   |   |   |   |--- class: positive
|   |   |   |   |   |   |   |   |   |   |--- feature_14 >  38.71
|   |   |   |   |   |   |   |   |   |   |   |--- truncated branch of depth 3
|   |   |   |   |   |--- feature_4 >  4.50
|   |   |   |   |   |   |--- feature_12 <= 11.01
|   |   |   |   |   |   |   |--- feature_13 <= 7.26
|   |   |   |   |   |   |   |   |--- feature_15 <= 8.06
|   |   |   |   |   |   |   |   |   |--- feature_1 <= 180.00
|   |   |   |   |   |   |   |   |   |   |--- feature_19 <= 4.81
|   |   |   |   |   |   |   |   |   |   |   |--- truncated branch of depth 8
|   |   |   |   |   |   |   |   |   |   |--- feature_19 >  4.81
|   |   |   |   |   |   |   |   |   |   |   |--- truncated branch of depth 3
|   |   |   |   |   |   |   |   |   |--- feature_1 >  180.00
|   |   |   |   |   |   |   |   |   |   |--- class: negative
|   |   |   |   |   |   |   |   |--- feature_15 >  8.06
|   |   |   |   |   |   |   |   |   |--- feature_19 <= 1.68
|   |   |   |   |   |   |   |   |   |   |--- feature_15 <= 8.72
|   |   |   |   |   |   |   |   |   |   |   |--- class: positive
|   |   |   |   |   |   |   |   |   |   |--- feature_15 >  8.72
|   |   |   |   |   |   |   |   |   |   |   |--- class: negative
|   |   |   |   |   |   |   |   |   |--- feature_19 >  1.68
|   |   |   |   |   |   |   |   |   |   |--- class: positive
|   |   |   |   |   |   |   |--- feature_13 >  7.26
|   |   |   |   |   |   |   |   |--- feature_1 <= 1943.50
|   |   |   |   |   |   |   |   |   |--- feature_9 <= 1.50
|   |   |   |   |   |   |   |   |   |   |--- feature_20 <= 3.50
|   |   |   |   |   |   |   |   |   |   |   |--- truncated branch of depth 6
|   |   |   |   |   |   |   |   |   |   |--- feature_20 >  3.50
|   |   |   |   |   |   |   |   |   |   |   |--- class: negative
|   |   |   |   |   |   |   |   |   |--- feature_9 >  1.50
|   |   |   |   |   |   |   |   |   |   |--- feature_11 <= 8.13
|   |   |   |   |   |   |   |   |   |   |   |--- truncated branch of depth 6
|   |   |   |   |   |   |   |   |   |   |--- feature_11 >  8.13
|   |   |   |   |   |   |   |   |   |   |   |--- truncated branch of depth 4
|   |   |   |   |   |   |   |   |--- feature_1 >  1943.50
|   |   |   |   |   |   |   |   |   |--- feature_1 <= 1998.50
|   |   |   |   |   |   |   |   |   |   |--- class: positive
|   |   |   |   |   |   |   |   |   |--- feature_1 >  1998.50
|   |   |   |   |   |   |   |   |   |   |--- feature_1 <= 2305.00
|   |   |   |   |   |   |   |   |   |   |   |--- truncated branch of depth 2
|   |   |   |   |   |   |   |   |   |   |--- feature_1 >  2305.00
|   |   |   |   |   |   |   |   |   |   |   |--- class: negative
|   |   |   |   |   |   |--- feature_12 >  11.01
|   |   |   |   |   |   |   |--- feature_15 <= 8.99
|   |   |   |   |   |   |   |   |--- feature_15 <= 8.01
|   |   |   |   |   |   |   |   |   |--- feature_19 <= 5.96
|   |   |   |   |   |   |   |   |   |   |--- feature_19 <= 1.11
|   |   |   |   |   |   |   |   |   |   |   |--- truncated branch of depth 12
|   |   |   |   |   |   |   |   |   |   |--- feature_19 >  1.11
|   |   |   |   |   |   |   |   |   |   |   |--- truncated branch of depth 4
|   |   |   |   |   |   |   |   |   |--- feature_19 >  5.96
|   |   |   |   |   |   |   |   |   |   |--- feature_20 <= 1.00
|   |   |   |   |   |   |   |   |   |   |   |--- class: positive
|   |   |   |   |   |   |   |   |   |   |--- feature_20 >  1.00
|   |   |   |   |   |   |   |   |   |   |   |--- truncated branch of depth 10
|   |   |   |   |   |   |   |   |--- feature_15 >  8.01
|   |   |   |   |   |   |   |   |   |--- class: positive
|   |   |   |   |   |   |   |--- feature_15 >  8.99
|   |   |   |   |   |   |   |   |--- feature_19 <= 3.50
|   |   |   |   |   |   |   |   |   |--- feature_1 <= 6630.50
|   |   |   |   |   |   |   |   |   |   |--- class: negative
|   |   |   |   |   |   |   |   |   |--- feature_1 >  6630.50
|   |   |   |   |   |   |   |   |   |   |--- feature_12 <= 24.80
|   |   |   |   |   |   |   |   |   |   |   |--- class: positive
|   |   |   |   |   |   |   |   |   |   |--- feature_12 >  24.80
|   |   |   |   |   |   |   |   |   |   |   |--- class: negative
|   |   |   |   |   |   |   |   |--- feature_19 >  3.50
|   |   |   |   |   |   |   |   |   |--- feature_1 <= 102.00
|   |   |   |   |   |   |   |   |   |   |--- feature_1 <= 97.50
|   |   |   |   |   |   |   |   |   |   |   |--- truncated branch of depth 3
|   |   |   |   |   |   |   |   |   |   |--- feature_1 >  97.50
|   |   |   |   |   |   |   |   |   |   |   |--- class: positive
|   |   |   |   |   |   |   |   |   |--- feature_1 >  102.00
|   |   |   |   |   |   |   |   |   |   |--- class: negative
|   |   |   |   |--- feature_19 >  6.00
|   |   |   |   |   |--- class: positive
|   |   |   |--- feature_19 >  7.99
|   |   |   |   |--- feature_11 <= 6.25
|   |   |   |   |   |--- class: negative
|   |   |   |   |--- feature_11 >  6.25
|   |   |   |   |   |--- feature_1 <= 11.00
|   |   |   |   |   |   |--- feature_12 <= 13.71
|   |   |   |   |   |   |   |--- class: negative
|   |   |   |   |   |   |--- feature_12 >  13.71
|   |   |   |   |   |   |   |--- feature_0 <= 1962.50
|   |   |   |   |   |   |   |   |--- class: negative
|   |   |   |   |   |   |   |--- feature_0 >  1962.50
|   |   |   |   |   |   |   |   |--- feature_11 <= 17.99
|   |   |   |   |   |   |   |   |   |--- class: positive
|   |   |   |   |   |   |   |   |--- feature_11 >  17.99
|   |   |   |   |   |   |   |   |   |--- feature_14 <= 35.10
|   |   |   |   |   |   |   |   |   |   |--- class: negative
|   |   |   |   |   |   |   |   |   |--- feature_14 >  35.10
|   |   |   |   |   |   |   |   |   |   |--- class: positive
|   |   |   |   |   |--- feature_1 >  11.00
|   |   |   |   |   |   |--- feature_2 <= 5.50
|   |   |   |   |   |   |   |--- feature_1 <= 2331.50
|   |   |   |   |   |   |   |   |--- feature_1 <= 407.00
|   |   |   |   |   |   |   |   |   |--- feature_1 <= 149.00
|   |   |   |   |   |   |   |   |   |   |--- feature_12 <= 15.35
|   |   |   |   |   |   |   |   |   |   |   |--- truncated branch of depth 11
|   |   |   |   |   |   |   |   |   |   |--- feature_12 >  15.35
|   |   |   |   |   |   |   |   |   |   |   |--- class: negative
|   |   |   |   |   |   |   |   |   |--- feature_1 >  149.00
|   |   |   |   |   |   |   |   |   |   |--- feature_13 <= 4.95
|   |   |   |   |   |   |   |   |   |   |   |--- class: negative
|   |   |   |   |   |   |   |   |   |   |--- feature_13 >  4.95
|   |   |   |   |   |   |   |   |   |   |   |--- truncated branch of depth 8
|   |   |   |   |   |   |   |   |--- feature_1 >  407.00
|   |   |   |   |   |   |   |   |   |--- class: negative
|   |   |   |   |   |   |   |--- feature_1 >  2331.50
|   |   |   |   |   |   |   |   |--- class: positive
|   |   |   |   |   |   |--- feature_2 >  5.50
|   |   |   |   |   |   |   |--- feature_1 <= 207.50
|   |   |   |   |   |   |   |   |--- feature_11 <= 11.75
|   |   |   |   |   |   |   |   |   |--- feature_4 <= 4.50
|   |   |   |   |   |   |   |   |   |   |--- feature_14 <= 35.55
|   |   |   |   |   |   |   |   |   |   |   |--- truncated branch of depth 2
|   |   |   |   |   |   |   |   |   |   |--- feature_14 >  35.55
|   |   |   |   |   |   |   |   |   |   |   |--- truncated branch of depth 3
|   |   |   |   |   |   |   |   |   |--- feature_4 >  4.50
|   |   |   |   |   |   |   |   |   |   |--- feature_14 <= 38.25
|   |   |   |   |   |   |   |   |   |   |   |--- class: negative
|   |   |   |   |   |   |   |   |   |   |--- feature_14 >  38.25
|   |   |   |   |   |   |   |   |   |   |   |--- truncated branch of depth 3
|   |   |   |   |   |   |   |   |--- feature_11 >  11.75
|   |   |   |   |   |   |   |   |   |--- feature_9 <= 35.50
|   |   |   |   |   |   |   |   |   |   |--- class: negative
|   |   |   |   |   |   |   |   |   |--- feature_9 >  35.50
|   |   |   |   |   |   |   |   |   |   |--- class: positive
|   |   |   |   |   |   |   |--- feature_1 >  207.50
|   |   |   |   |   |   |   |   |--- feature_14 <= 19.35
|   |   |   |   |   |   |   |   |   |--- feature_11 <= 9.90
|   |   |   |   |   |   |   |   |   |   |--- feature_13 <= 5.05
|   |   |   |   |   |   |   |   |   |   |   |--- class: positive
|   |   |   |   |   |   |   |   |   |   |--- feature_13 >  5.05
|   |   |   |   |   |   |   |   |   |   |   |--- truncated branch of depth 2
|   |   |   |   |   |   |   |   |   |--- feature_11 >  9.90
|   |   |   |   |   |   |   |   |   |   |--- class: negative
|   |   |   |   |   |   |   |   |--- feature_14 >  19.35
|   |   |   |   |   |   |   |   |   |--- class: negative
|   |--- feature_13 >  9.80
|   |   |--- feature_9 <= 0.50
|   |   |   |--- feature_15 <= 5.00
|   |   |   |   |--- feature_0 <= 1953.50
|   |   |   |   |   |--- feature_3 <= 5.50
|   |   |   |   |   |   |--- feature_1 <= 16142.50
|   |   |   |   |   |   |   |--- class: negative
|   |   |   |   |   |   |--- feature_1 >  16142.50
|   |   |   |   |   |   |   |--- feature_11 <= 14.14
|   |   |   |   |   |   |   |   |--- class: positive
|   |   |   |   |   |   |   |--- feature_11 >  14.14
|   |   |   |   |   |   |   |   |--- class: negative
|   |   |   |   |   |--- feature_3 >  5.50
|   |   |   |   |   |   |--- class: positive
|   |   |   |   |--- feature_0 >  1953.50
|   |   |   |   |   |--- feature_10 <= 2.50
|   |   |   |   |   |   |--- feature_3 <= 4.50
|   |   |   |   |   |   |   |--- feature_0 <= 1957.50
|   |   |   |   |   |   |   |   |--- class: negative
|   |   |   |   |   |   |   |--- feature_0 >  1957.50
|   |   |   |   |   |   |   |   |--- class: positive
|   |   |   |   |   |   |--- feature_3 >  4.50
|   |   |   |   |   |   |   |--- feature_15 <= 4.76
|   |   |   |   |   |   |   |   |--- feature_0 <= 1968.50
|   |   |   |   |   |   |   |   |   |--- class: negative
|   |   |   |   |   |   |   |   |--- feature_0 >  1968.50
|   |   |   |   |   |   |   |   |   |--- class: positive
|   |   |   |   |   |   |   |--- feature_15 >  4.76
|   |   |   |   |   |   |   |   |--- class: negative
|   |   |   |   |   |--- feature_10 >  2.50
|   |   |   |   |   |   |--- feature_1 <= 19682.50
|   |   |   |   |   |   |   |--- feature_12 <= 32.35
|   |   |   |   |   |   |   |   |--- feature_2 <= 4.50
|   |   |   |   |   |   |   |   |   |--- feature_13 <= 12.80
|   |   |   |   |   |   |   |   |   |   |--- class: negative
|   |   |   |   |   |   |   |   |   |--- feature_13 >  12.80
|   |   |   |   |   |   |   |   |   |   |--- class: positive
|   |   |   |   |   |   |   |   |--- feature_2 >  4.50
|   |   |   |   |   |   |   |   |   |--- class: negative
|   |   |   |   |   |   |   |--- feature_12 >  32.35
|   |   |   |   |   |   |   |   |--- feature_2 <= 11.50
|   |   |   |   |   |   |   |   |   |--- feature_11 <= 13.40
|   |   |   |   |   |   |   |   |   |   |--- class: positive
|   |   |   |   |   |   |   |   |   |--- feature_11 >  13.40
|   |   |   |   |   |   |   |   |   |   |--- feature_12 <= 55.52
|   |   |   |   |   |   |   |   |   |   |   |--- class: negative
|   |   |   |   |   |   |   |   |   |   |--- feature_12 >  55.52
|   |   |   |   |   |   |   |   |   |   |   |--- truncated branch of depth 2
|   |   |   |   |   |   |   |   |--- feature_2 >  11.50
|   |   |   |   |   |   |   |   |   |--- class: negative
|   |   |   |   |   |   |--- feature_1 >  19682.50
|   |   |   |   |   |   |   |--- feature_0 <= 1963.00
|   |   |   |   |   |   |   |   |--- class: positive
|   |   |   |   |   |   |   |--- feature_0 >  1963.00
|   |   |   |   |   |   |   |   |--- class: negative
|   |   |   |--- feature_15 >  5.00
|   |   |   |   |--- feature_15 <= 8.00
|   |   |   |   |   |--- feature_0 <= 1942.50
|   |   |   |   |   |   |--- feature_1 <= 4792.00
|   |   |   |   |   |   |   |--- feature_1 <= 3330.00
|   |   |   |   |   |   |   |   |--- feature_20 <= 3.00
|   |   |   |   |   |   |   |   |   |--- feature_12 <= 7.97
|   |   |   |   |   |   |   |   |   |   |--- class: negative
|   |   |   |   |   |   |   |   |   |--- feature_12 >  7.97
|   |   |   |   |   |   |   |   |   |   |--- class: positive
|   |   |   |   |   |   |   |   |--- feature_20 >  3.00
|   |   |   |   |   |   |   |   |   |--- class: negative
|   |   |   |   |   |   |   |--- feature_1 >  3330.00
|   |   |   |   |   |   |   |   |--- class: positive
|   |   |   |   |   |   |--- feature_1 >  4792.00
|   |   |   |   |   |   |   |--- class: negative
|   |   |   |   |   |--- feature_0 >  1942.50
|   |   |   |   |   |   |--- feature_11 <= 6.12
|   |   |   |   |   |   |   |--- feature_1 <= 646.00
|   |   |   |   |   |   |   |   |--- class: positive
|   |   |   |   |   |   |   |--- feature_1 >  646.00
|   |   |   |   |   |   |   |   |--- feature_1 <= 5585.50
|   |   |   |   |   |   |   |   |   |--- class: negative
|   |   |   |   |   |   |   |   |--- feature_1 >  5585.50
|   |   |   |   |   |   |   |   |   |--- class: positive
|   |   |   |   |   |   |--- feature_11 >  6.12
|   |   |   |   |   |   |   |--- feature_1 <= 246.00
|   |   |   |   |   |   |   |   |--- feature_11 <= 12.80
|   |   |   |   |   |   |   |   |   |--- class: negative
|   |   |   |   |   |   |   |   |--- feature_11 >  12.80
|   |   |   |   |   |   |   |   |   |--- class: positive
|   |   |   |   |   |   |   |--- feature_1 >  246.00
|   |   |   |   |   |   |   |   |--- feature_0 <= 1992.00
|   |   |   |   |   |   |   |   |   |--- feature_0 <= 1967.50
|   |   |   |   |   |   |   |   |   |   |--- feature_15 <= 7.00
|   |   |   |   |   |   |   |   |   |   |   |--- truncated branch of depth 5
|   |   |   |   |   |   |   |   |   |   |--- feature_15 >  7.00
|   |   |   |   |   |   |   |   |   |   |   |--- class: positive
|   |   |   |   |   |   |   |   |   |--- feature_0 >  1967.50
|   |   |   |   |   |   |   |   |   |   |--- class: positive
|   |   |   |   |   |   |   |   |--- feature_0 >  1992.00
|   |   |   |   |   |   |   |   |   |--- feature_0 <= 1997.00
|   |   |   |   |   |   |   |   |   |   |--- class: negative
|   |   |   |   |   |   |   |   |   |--- feature_0 >  1997.00
|   |   |   |   |   |   |   |   |   |   |--- class: positive
|   |   |   |   |--- feature_15 >  8.00
|   |   |   |   |   |--- feature_13 <= 10.98
|   |   |   |   |   |   |--- feature_0 <= 1940.50
|   |   |   |   |   |   |   |--- class: negative
|   |   |   |   |   |   |--- feature_0 >  1940.50
|   |   |   |   |   |   |   |--- feature_11 <= 6.56
|   |   |   |   |   |   |   |   |--- feature_4 <= 3.00
|   |   |   |   |   |   |   |   |   |--- class: negative
|   |   |   |   |   |   |   |   |--- feature_4 >  3.00
|   |   |   |   |   |   |   |   |   |--- feature_14 <= 32.64
|   |   |   |   |   |   |   |   |   |   |--- class: negative
|   |   |   |   |   |   |   |   |   |--- feature_14 >  32.64
|   |   |   |   |   |   |   |   |   |   |--- class: positive
|   |   |   |   |   |   |   |--- feature_11 >  6.56
|   |   |   |   |   |   |   |   |--- feature_12 <= 64.37
|   |   |   |   |   |   |   |   |   |--- feature_20 <= 4.50
|   |   |   |   |   |   |   |   |   |   |--- feature_11 <= 27.36
|   |   |   |   |   |   |   |   |   |   |   |--- class: positive
|   |   |   |   |   |   |   |   |   |   |--- feature_11 >  27.36
|   |   |   |   |   |   |   |   |   |   |   |--- class: negative
|   |   |   |   |   |   |   |   |   |--- feature_20 >  4.50
|   |   |   |   |   |   |   |   |   |   |--- feature_2 <= 4.50
|   |   |   |   |   |   |   |   |   |   |   |--- class: negative
|   |   |   |   |   |   |   |   |   |   |--- feature_2 >  4.50
|   |   |   |   |   |   |   |   |   |   |   |--- truncated branch of depth 2
|   |   |   |   |   |   |   |   |--- feature_12 >  64.37
|   |   |   |   |   |   |   |   |   |--- feature_12 <= 164.43
|   |   |   |   |   |   |   |   |   |   |--- class: negative
|   |   |   |   |   |   |   |   |   |--- feature_12 >  164.43
|   |   |   |   |   |   |   |   |   |   |--- class: positive
|   |   |   |   |   |--- feature_13 >  10.98
|   |   |   |   |   |   |--- feature_13 <= 11.01
|   |   |   |   |   |   |   |--- feature_1 <= 4015.00
|   |   |   |   |   |   |   |   |--- feature_1 <= 685.00
|   |   |   |   |   |   |   |   |   |--- feature_0 <= 1973.00
|   |   |   |   |   |   |   |   |   |   |--- feature_0 <= 1964.00
|   |   |   |   |   |   |   |   |   |   |   |--- class: negative
|   |   |   |   |   |   |   |   |   |   |--- feature_0 >  1964.00
|   |   |   |   |   |   |   |   |   |   |   |--- class: positive
|   |   |   |   |   |   |   |   |   |--- feature_0 >  1973.00
|   |   |   |   |   |   |   |   |   |   |--- class: negative
|   |   |   |   |   |   |   |   |--- feature_1 >  685.00
|   |   |   |   |   |   |   |   |   |--- feature_2 <= 2.50
|   |   |   |   |   |   |   |   |   |   |--- feature_14 <= 40.05
|   |   |   |   |   |   |   |   |   |   |   |--- class: negative
|   |   |   |   |   |   |   |   |   |   |--- feature_14 >  40.05
|   |   |   |   |   |   |   |   |   |   |   |--- class: positive
|   |   |   |   |   |   |   |   |   |--- feature_2 >  2.50
|   |   |   |   |   |   |   |   |   |   |--- class: negative
|   |   |   |   |   |   |   |--- feature_1 >  4015.00
|   |   |   |   |   |   |   |   |--- feature_3 <= 4.50
|   |   |   |   |   |   |   |   |   |--- feature_1 <= 14082.00
|   |   |   |   |   |   |   |   |   |   |--- feature_2 <= 6.50
|   |   |   |   |   |   |   |   |   |   |   |--- class: positive
|   |   |   |   |   |   |   |   |   |   |--- feature_2 >  6.50
|   |   |   |   |   |   |   |   |   |   |   |--- class: negative
|   |   |   |   |   |   |   |   |   |--- feature_1 >  14082.00
|   |   |   |   |   |   |   |   |   |   |--- class: negative
|   |   |   |   |   |   |   |   |--- feature_3 >  4.50
|   |   |   |   |   |   |   |   |   |--- class: negative
|   |   |   |   |   |   |--- feature_13 >  11.01
|   |   |   |   |   |   |   |--- feature_0 <= 1956.50
|   |   |   |   |   |   |   |   |--- feature_13 <= 13.20
|   |   |   |   |   |   |   |   |   |--- feature_1 <= 3636.50
|   |   |   |   |   |   |   |   |   |   |--- class: negative
|   |   |   |   |   |   |   |   |   |--- feature_1 >  3636.50
|   |   |   |   |   |   |   |   |   |   |--- feature_11 <= 18.98
|   |   |   |   |   |   |   |   |   |   |   |--- truncated branch of depth 6
|   |   |   |   |   |   |   |   |   |   |--- feature_11 >  18.98
|   |   |   |   |   |   |   |   |   |   |   |--- class: negative
|   |   |   |   |   |   |   |   |--- feature_13 >  13.20
|   |   |   |   |   |   |   |   |   |--- class: negative
|   |   |   |   |   |   |   |--- feature_0 >  1956.50
|   |   |   |   |   |   |   |   |--- feature_3 <= 4.50
|   |   |   |   |   |   |   |   |   |--- feature_10 <= 2.50
|   |   |   |   |   |   |   |   |   |   |--- feature_12 <= 10.59
|   |   |   |   |   |   |   |   |   |   |   |--- truncated branch of depth 4
|   |   |   |   |   |   |   |   |   |   |--- feature_12 >  10.59
|   |   |   |   |   |   |   |   |   |   |   |--- truncated branch of depth 3
|   |   |   |   |   |   |   |   |   |--- feature_10 >  2.50
|   |   |   |   |   |   |   |   |   |   |--- feature_1 <= 1270.00
|   |   |   |   |   |   |   |   |   |   |   |--- class: negative
|   |   |   |   |   |   |   |   |   |   |--- feature_1 >  1270.00
|   |   |   |   |   |   |   |   |   |   |   |--- truncated branch of depth 8
|   |   |   |   |   |   |   |   |--- feature_3 >  4.50
|   |   |   |   |   |   |   |   |   |--- feature_4 <= 4.50
|   |   |   |   |   |   |   |   |   |   |--- class: negative
|   |   |   |   |   |   |   |   |   |--- feature_4 >  4.50
|   |   |   |   |   |   |   |   |   |   |--- feature_1 <= 2470.50
|   |   |   |   |   |   |   |   |   |   |   |--- class: negative
|   |   |   |   |   |   |   |   |   |   |--- feature_1 >  2470.50
|   |   |   |   |   |   |   |   |   |   |   |--- truncated branch of depth 3
|   |   |--- feature_9 >  0.50
|   |   |   |--- feature_9 <= 29.50
|   |   |   |   |--- feature_12 <= 8.81
|   |   |   |   |   |--- feature_0 <= 1952.50
|   |   |   |   |   |   |--- feature_15 <= 6.08
|   |   |   |   |   |   |   |--- class: negative
|   |   |   |   |   |   |--- feature_15 >  6.08
|   |   |   |   |   |   |   |--- feature_4 <= 3.50
|   |   |   |   |   |   |   |   |--- feature_15 <= 7.91
|   |   |   |   |   |   |   |   |   |--- class: positive
|   |   |   |   |   |   |   |   |--- feature_15 >  7.91
|   |   |   |   |   |   |   |   |   |--- feature_13 <= 14.23
|   |   |   |   |   |   |   |   |   |   |--- feature_0 <= 1926.50
|   |   |   |   |   |   |   |   |   |   |   |--- class: negative
|   |   |   |   |   |   |   |   |   |   |--- feature_0 >  1926.50
|   |   |   |   |   |   |   |   |   |   |   |--- truncated branch of depth 4
|   |   |   |   |   |   |   |   |   |--- feature_13 >  14.23
|   |   |   |   |   |   |   |   |   |   |--- class: positive
|   |   |   |   |   |   |   |--- feature_4 >  3.50
|   |   |   |   |   |   |   |   |--- class: negative
|   |   |   |   |   |--- feature_0 >  1952.50
|   |   |   |   |   |   |--- feature_4 <= 3.50
|   |   |   |   |   |   |   |--- feature_0 <= 1964.50
|   |   |   |   |   |   |   |   |--- class: positive
|   |   |   |   |   |   |   |--- feature_0 >  1964.50
|   |   |   |   |   |   |   |   |--- feature_15 <= 7.63
|   |   |   |   |   |   |   |   |   |--- feature_9 <= 22.50
|   |   |   |   |   |   |   |   |   |   |--- class: positive
|   |   |   |   |   |   |   |   |   |--- feature_9 >  22.50
|   |   |   |   |   |   |   |   |   |   |--- class: negative
|   |   |   |   |   |   |   |   |--- feature_15 >  7.63
|   |   |   |   |   |   |   |   |   |--- class: negative
|   |   |   |   |   |   |--- feature_4 >  3.50
|   |   |   |   |   |   |   |--- feature_9 <= 4.50
|   |   |   |   |   |   |   |   |--- class: positive
|   |   |   |   |   |   |   |--- feature_9 >  4.50
|   |   |   |   |   |   |   |   |--- feature_9 <= 28.50
|   |   |   |   |   |   |   |   |   |--- feature_15 <= 5.50
|   |   |   |   |   |   |   |   |   |   |--- feature_9 <= 19.50
|   |   |   |   |   |   |   |   |   |   |   |--- class: positive
|   |   |   |   |   |   |   |   |   |   |--- feature_9 >  19.50
|   |   |   |   |   |   |   |   |   |   |   |--- truncated branch of depth 2
|   |   |   |   |   |   |   |   |   |--- feature_15 >  5.50
|   |   |   |   |   |   |   |   |   |   |--- feature_1 <= 41592.50
|   |   |   |   |   |   |   |   |   |   |   |--- truncated branch of depth 3
|   |   |   |   |   |   |   |   |   |   |--- feature_1 >  41592.50
|   |   |   |   |   |   |   |   |   |   |   |--- class: positive
|   |   |   |   |   |   |   |   |--- feature_9 >  28.50
|   |   |   |   |   |   |   |   |   |--- class: positive
|   |   |   |   |--- feature_12 >  8.81
|   |   |   |   |   |--- feature_10 <= 2.50
|   |   |   |   |   |   |--- feature_15 <= 8.00
|   |   |   |   |   |   |   |--- feature_2 <= 0.50
|   |   |   |   |   |   |   |   |--- feature_15 <= 5.13
|   |   |   |   |   |   |   |   |   |--- class: negative
|   |   |   |   |   |   |   |   |--- feature_15 >  5.13
|   |   |   |   |   |   |   |   |   |--- feature_12 <= 26.70
|   |   |   |   |   |   |   |   |   |   |--- class: positive
|   |   |   |   |   |   |   |   |   |--- feature_12 >  26.70
|   |   |   |   |   |   |   |   |   |   |--- class: negative
|   |   |   |   |   |   |   |--- feature_2 >  0.50
|   |   |   |   |   |   |   |   |--- feature_15 <= 6.00
|   |   |   |   |   |   |   |   |   |--- feature_12 <= 13.16
|   |   |   |   |   |   |   |   |   |   |--- feature_0 <= 1961.50
|   |   |   |   |   |   |   |   |   |   |   |--- truncated branch of depth 5
|   |   |   |   |   |   |   |   |   |   |--- feature_0 >  1961.50
|   |   |   |   |   |   |   |   |   |   |   |--- class: positive
|   |   |   |   |   |   |   |   |   |--- feature_12 >  13.16
|   |   |   |   |   |   |   |   |   |   |--- feature_0 <= 1994.00
|   |   |   |   |   |   |   |   |   |   |   |--- truncated branch of depth 5
|   |   |   |   |   |   |   |   |   |   |--- feature_0 >  1994.00
|   |   |   |   |   |   |   |   |   |   |   |--- class: negative
|   |   |   |   |   |   |   |   |--- feature_15 >  6.00
|   |   |   |   |   |   |   |   |   |--- class: positive
|   |   |   |   |   |   |--- feature_15 >  8.00
|   |   |   |   |   |   |   |--- feature_0 <= 1989.50
|   |   |   |   |   |   |   |   |--- feature_0 <= 1934.00
|   |   |   |   |   |   |   |   |   |--- class: negative
|   |   |   |   |   |   |   |   |--- feature_0 >  1934.00
|   |   |   |   |   |   |   |   |   |--- feature_12 <= 18.63
|   |   |   |   |   |   |   |   |   |   |--- feature_11 <= 13.25
|   |   |   |   |   |   |   |   |   |   |   |--- truncated branch of depth 6
|   |   |   |   |   |   |   |   |   |   |--- feature_11 >  13.25
|   |   |   |   |   |   |   |   |   |   |   |--- truncated branch of depth 3
|   |   |   |   |   |   |   |   |   |--- feature_12 >  18.63
|   |   |   |   |   |   |   |   |   |   |--- feature_16 <= 3.50
|   |   |   |   |   |   |   |   |   |   |   |--- truncated branch of depth 4
|   |   |   |   |   |   |   |   |   |   |--- feature_16 >  3.50
|   |   |   |   |   |   |   |   |   |   |   |--- truncated branch of depth 3
|   |   |   |   |   |   |   |--- feature_0 >  1989.50
|   |   |   |   |   |   |   |   |--- feature_13 <= 17.20
|   |   |   |   |   |   |   |   |   |--- feature_12 <= 31.10
|   |   |   |   |   |   |   |   |   |   |--- class: negative
|   |   |   |   |   |   |   |   |   |--- feature_12 >  31.10
|   |   |   |   |   |   |   |   |   |   |--- class: positive
|   |   |   |   |   |   |   |   |--- feature_13 >  17.20
|   |   |   |   |   |   |   |   |   |--- class: positive
|   |   |   |   |   |--- feature_10 >  2.50
|   |   |   |   |   |   |--- feature_15 <= 5.01
|   |   |   |   |   |   |   |--- feature_1 <= 28576.00
|   |   |   |   |   |   |   |   |--- feature_2 <= 33.50
|   |   |   |   |   |   |   |   |   |--- feature_15 <= 4.94
|   |   |   |   |   |   |   |   |   |   |--- feature_15 <= 4.00
|   |   |   |   |   |   |   |   |   |   |   |--- truncated branch of depth 2
|   |   |   |   |   |   |   |   |   |   |--- feature_15 >  4.00
|   |   |   |   |   |   |   |   |   |   |   |--- class: positive
|   |   |   |   |   |   |   |   |   |--- feature_15 >  4.94
|   |   |   |   |   |   |   |   |   |   |--- feature_1 <= 980.50
|   |   |   |   |   |   |   |   |   |   |   |--- truncated branch of depth 3
|   |   |   |   |   |   |   |   |   |   |--- feature_1 >  980.50
|   |   |   |   |   |   |   |   |   |   |   |--- truncated branch of depth 12
|   |   |   |   |   |   |   |   |--- feature_2 >  33.50
|   |   |   |   |   |   |   |   |   |--- class: positive
|   |   |   |   |   |   |   |--- feature_1 >  28576.00
|   |   |   |   |   |   |   |   |--- feature_0 <= 1977.50
|   |   |   |   |   |   |   |   |   |--- feature_9 <= 25.50
|   |   |   |   |   |   |   |   |   |   |--- class: positive
|   |   |   |   |   |   |   |   |   |--- feature_9 >  25.50
|   |   |   |   |   |   |   |   |   |   |--- feature_14 <= 40.49
|   |   |   |   |   |   |   |   |   |   |   |--- class: positive
|   |   |   |   |   |   |   |   |   |   |--- feature_14 >  40.49
|   |   |   |   |   |   |   |   |   |   |   |--- truncated branch of depth 2
|   |   |   |   |   |   |   |   |--- feature_0 >  1977.50
|   |   |   |   |   |   |   |   |   |--- class: negative
|   |   |   |   |   |   |--- feature_15 >  5.01
|   |   |   |   |   |   |   |--- feature_15 <= 7.99
|   |   |   |   |   |   |   |   |--- feature_2 <= 5.50
|   |   |   |   |   |   |   |   |   |--- feature_1 <= 10690.50
|   |   |   |   |   |   |   |   |   |   |--- feature_9 <= 19.50
|   |   |   |   |   |   |   |   |   |   |   |--- class: positive
|   |   |   |   |   |   |   |   |   |   |--- feature_9 >  19.50
|   |   |   |   |   |   |   |   |   |   |   |--- truncated branch of depth 3
|   |   |   |   |   |   |   |   |   |--- feature_1 >  10690.50
|   |   |   |   |   |   |   |   |   |   |--- feature_15 <= 5.96
|   |   |   |   |   |   |   |   |   |   |   |--- class: positive
|   |   |   |   |   |   |   |   |   |   |--- feature_15 >  5.96
|   |   |   |   |   |   |   |   |   |   |   |--- truncated branch of depth 5
|   |   |   |   |   |   |   |   |--- feature_2 >  5.50
|   |   |   |   |   |   |   |   |   |--- feature_15 <= 6.99
|   |   |   |   |   |   |   |   |   |   |--- class: positive
|   |   |   |   |   |   |   |   |   |--- feature_15 >  6.99
|   |   |   |   |   |   |   |   |   |   |--- feature_15 <= 7.00
|   |   |   |   |   |   |   |   |   |   |   |--- truncated branch of depth 2
|   |   |   |   |   |   |   |   |   |   |--- feature_15 >  7.00
|   |   |   |   |   |   |   |   |   |   |   |--- class: positive
|   |   |   |   |   |   |   |--- feature_15 >  7.99
|   |   |   |   |   |   |   |   |--- feature_2 <= 6.50
|   |   |   |   |   |   |   |   |   |--- feature_14 <= 40.18
|   |   |   |   |   |   |   |   |   |   |--- feature_14 <= 35.12
|   |   |   |   |   |   |   |   |   |   |   |--- truncated branch of depth 9
|   |   |   |   |   |   |   |   |   |   |--- feature_14 >  35.12
|   |   |   |   |   |   |   |   |   |   |   |--- class: positive
|   |   |   |   |   |   |   |   |   |--- feature_14 >  40.18
|   |   |   |   |   |   |   |   |   |   |--- feature_1 <= 1601.00
|   |   |   |   |   |   |   |   |   |   |   |--- class: negative
|   |   |   |   |   |   |   |   |   |   |--- feature_1 >  1601.00
|   |   |   |   |   |   |   |   |   |   |   |--- truncated branch of depth 8
|   |   |   |   |   |   |   |   |--- feature_2 >  6.50
|   |   |   |   |   |   |   |   |   |--- feature_3 <= 5.50
|   |   |   |   |   |   |   |   |   |   |--- feature_1 <= 477.00
|   |   |   |   |   |   |   |   |   |   |   |--- class: negative
|   |   |   |   |   |   |   |   |   |   |--- feature_1 >  477.00
|   |   |   |   |   |   |   |   |   |   |   |--- truncated branch of depth 11
|   |   |   |   |   |   |   |   |   |--- feature_3 >  5.50
|   |   |   |   |   |   |   |   |   |   |--- class: negative
|   |   |   |--- feature_9 >  29.50
|   |   |   |   |--- feature_1 <= 11195.00
|   |   |   |   |   |--- feature_14 <= 33.35
|   |   |   |   |   |   |--- feature_1 <= 803.50
|   |   |   |   |   |   |   |--- feature_13 <= 10.39
|   |   |   |   |   |   |   |   |--- class: positive
|   |   |   |   |   |   |   |--- feature_13 >  10.39
|   |   |   |   |   |   |   |   |--- feature_1 <= 755.00
|   |   |   |   |   |   |   |   |   |--- feature_0 <= 1944.50
|   |   |   |   |   |   |   |   |   |   |--- feature_12 <= 8.84
|   |   |   |   |   |   |   |   |   |   |   |--- truncated branch of depth 2
|   |   |   |   |   |   |   |   |   |   |--- feature_12 >  8.84
|   |   |   |   |   |   |   |   |   |   |   |--- class: positive
|   |   |   |   |   |   |   |   |   |--- feature_0 >  1944.50
|   |   |   |   |   |   |   |   |   |   |--- class: negative
|   |   |   |   |   |   |   |   |--- feature_1 >  755.00
|   |   |   |   |   |   |   |   |   |--- class: positive
|   |   |   |   |   |   |--- feature_1 >  803.50
|   |   |   |   |   |   |   |--- feature_10 <= 2.50
|   |   |   |   |   |   |   |   |--- feature_12 <= 12.65
|   |   |   |   |   |   |   |   |   |--- class: negative
|   |   |   |   |   |   |   |   |--- feature_12 >  12.65
|   |   |   |   |   |   |   |   |   |--- feature_20 <= 3.00
|   |   |   |   |   |   |   |   |   |   |--- feature_14 <= 25.25
|   |   |   |   |   |   |   |   |   |   |   |--- class: negative
|   |   |   |   |   |   |   |   |   |   |--- feature_14 >  25.25
|   |   |   |   |   |   |   |   |   |   |   |--- class: positive
|   |   |   |   |   |   |   |   |   |--- feature_20 >  3.00
|   |   |   |   |   |   |   |   |   |   |--- class: negative
|   |   |   |   |   |   |   |--- feature_10 >  2.50
|   |   |   |   |   |   |   |   |--- feature_2 <= 8.50
|   |   |   |   |   |   |   |   |   |--- class: negative
|   |   |   |   |   |   |   |   |--- feature_2 >  8.50
|   |   |   |   |   |   |   |   |   |--- feature_0 <= 1969.50
|   |   |   |   |   |   |   |   |   |   |--- feature_9 <= 47.50
|   |   |   |   |   |   |   |   |   |   |   |--- truncated branch of depth 3
|   |   |   |   |   |   |   |   |   |   |--- feature_9 >  47.50
|   |   |   |   |   |   |   |   |   |   |   |--- class: positive
|   |   |   |   |   |   |   |   |   |--- feature_0 >  1969.50
|   |   |   |   |   |   |   |   |   |   |--- class: positive
|   |   |   |   |   |--- feature_14 >  33.35
|   |   |   |   |   |   |--- feature_14 <= 40.47
|   |   |   |   |   |   |   |--- feature_14 <= 37.80
|   |   |   |   |   |   |   |   |--- feature_13 <= 12.05
|   |   |   |   |   |   |   |   |   |--- feature_10 <= 2.50
|   |   |   |   |   |   |   |   |   |   |--- class: positive
|   |   |   |   |   |   |   |   |   |--- feature_10 >  2.50
|   |   |   |   |   |   |   |   |   |   |--- feature_15 <= 7.50
|   |   |   |   |   |   |   |   |   |   |   |--- truncated branch of depth 2
|   |   |   |   |   |   |   |   |   |   |--- feature_15 >  7.50
|   |   |   |   |   |   |   |   |   |   |   |--- class: negative
|   |   |   |   |   |   |   |   |--- feature_13 >  12.05
|   |   |   |   |   |   |   |   |   |--- feature_12 <= 21.41
|   |   |   |   |   |   |   |   |   |   |--- class: negative
|   |   |   |   |   |   |   |   |   |--- feature_12 >  21.41
|   |   |   |   |   |   |   |   |   |   |--- feature_9 <= 31.00
|   |   |   |   |   |   |   |   |   |   |   |--- truncated branch of depth 3
|   |   |   |   |   |   |   |   |   |   |--- feature_9 >  31.00
|   |   |   |   |   |   |   |   |   |   |   |--- class: positive
|   |   |   |   |   |   |   |--- feature_14 >  37.80
|   |   |   |   |   |   |   |   |--- feature_11 <= 8.54
|   |   |   |   |   |   |   |   |   |--- feature_0 <= 1956.00
|   |   |   |   |   |   |   |   |   |   |--- class: negative
|   |   |   |   |   |   |   |   |   |--- feature_0 >  1956.00
|   |   |   |   |   |   |   |   |   |   |--- class: positive
|   |   |   |   |   |   |   |   |--- feature_11 >  8.54
|   |   |   |   |   |   |   |   |   |--- class: positive
|   |   |   |   |   |   |--- feature_14 >  40.47
|   |   |   |   |   |   |   |--- feature_12 <= 78.55
|   |   |   |   |   |   |   |   |--- feature_15 <= 8.00
|   |   |   |   |   |   |   |   |   |--- feature_15 <= 6.04
|   |   |   |   |   |   |   |   |   |   |--- feature_1 <= 1770.00
|   |   |   |   |   |   |   |   |   |   |   |--- class: negative
|   |   |   |   |   |   |   |   |   |   |--- feature_1 >  1770.00
|   |   |   |   |   |   |   |   |   |   |   |--- truncated branch of depth 8
|   |   |   |   |   |   |   |   |   |--- feature_15 >  6.04
|   |   |   |   |   |   |   |   |   |   |--- feature_2 <= 20.50
|   |   |   |   |   |   |   |   |   |   |   |--- class: positive
|   |   |   |   |   |   |   |   |   |   |--- feature_2 >  20.50
|   |   |   |   |   |   |   |   |   |   |   |--- truncated branch of depth 2
|   |   |   |   |   |   |   |   |--- feature_15 >  8.00
|   |   |   |   |   |   |   |   |   |--- feature_3 <= 4.50
|   |   |   |   |   |   |   |   |   |   |--- feature_0 <= 1973.50
|   |   |   |   |   |   |   |   |   |   |   |--- truncated branch of depth 8
|   |   |   |   |   |   |   |   |   |   |--- feature_0 >  1973.50
|   |   |   |   |   |   |   |   |   |   |   |--- truncated branch of depth 6
|   |   |   |   |   |   |   |   |   |--- feature_3 >  4.50
|   |   |   |   |   |   |   |   |   |   |--- class: negative
|   |   |   |   |   |   |   |--- feature_12 >  78.55
|   |   |   |   |   |   |   |   |--- class: negative
|   |   |   |   |--- feature_1 >  11195.00
|   |   |   |   |   |--- feature_14 <= 32.41
|   |   |   |   |   |   |--- feature_2 <= 14.00
|   |   |   |   |   |   |   |--- class: negative
|   |   |   |   |   |   |--- feature_2 >  14.00
|   |   |   |   |   |   |   |--- class: positive
|   |   |   |   |   |--- feature_14 >  32.41
|   |   |   |   |   |   |--- feature_2 <= 5.50
|   |   |   |   |   |   |   |--- feature_11 <= 24.70
|   |   |   |   |   |   |   |   |--- feature_3 <= 3.50
|   |   |   |   |   |   |   |   |   |--- feature_9 <= 30.50
|   |   |   |   |   |   |   |   |   |   |--- feature_10 <= 2.50
|   |   |   |   |   |   |   |   |   |   |   |--- class: positive
|   |   |   |   |   |   |   |   |   |   |--- feature_10 >  2.50
|   |   |   |   |   |   |   |   |   |   |   |--- class: negative
|   |   |   |   |   |   |   |   |   |--- feature_9 >  30.50
|   |   |   |   |   |   |   |   |   |   |--- class: positive
|   |   |   |   |   |   |   |   |--- feature_3 >  3.50
|   |   |   |   |   |   |   |   |   |--- feature_13 <= 12.25
|   |   |   |   |   |   |   |   |   |   |--- feature_2 <= 3.50
|   |   |   |   |   |   |   |   |   |   |   |--- class: negative
|   |   |   |   |   |   |   |   |   |   |--- feature_2 >  3.50
|   |   |   |   |   |   |   |   |   |   |   |--- class: positive
|   |   |   |   |   |   |   |   |   |--- feature_13 >  12.25
|   |   |   |   |   |   |   |   |   |   |--- class: negative
|   |   |   |   |   |   |   |--- feature_11 >  24.70
|   |   |   |   |   |   |   |   |--- class: positive
|   |   |   |   |   |   |--- feature_2 >  5.50
|   |   |   |   |   |   |   |--- feature_0 <= 1973.50
|   |   |   |   |   |   |   |   |--- feature_13 <= 16.94
|   |   |   |   |   |   |   |   |   |--- class: positive
|   |   |   |   |   |   |   |   |--- feature_13 >  16.94
|   |   |   |   |   |   |   |   |   |--- feature_12 <= 80.32
|   |   |   |   |   |   |   |   |   |   |--- feature_10 <= 2.50
|   |   |   |   |   |   |   |   |   |   |   |--- class: positive
|   |   |   |   |   |   |   |   |   |   |--- feature_10 >  2.50
|   |   |   |   |   |   |   |   |   |   |   |--- truncated branch of depth 4
|   |   |   |   |   |   |   |   |   |--- feature_12 >  80.32
|   |   |   |   |   |   |   |   |   |   |--- class: positive
|   |   |   |   |   |   |   |--- feature_0 >  1973.50
|   |   |   |   |   |   |   |   |--- feature_13 <= 12.88
|   |   |   |   |   |   |   |   |   |--- class: positive
|   |   |   |   |   |   |   |   |--- feature_13 >  12.88
|   |   |   |   |   |   |   |   |   |--- feature_3 <= 2.00
|   |   |   |   |   |   |   |   |   |   |--- class: positive
|   |   |   |   |   |   |   |   |   |--- feature_3 >  2.00
|   |   |   |   |   |   |   |   |   |   |--- class: negative
|--- feature_4 >  5.50
|   |--- feature_0 <= 1993.50
|   |   |--- feature_13 <= 11.00
|   |   |   |--- feature_15 <= 8.00
|   |   |   |   |--- feature_3 <= 4.50
|   |   |   |   |   |--- feature_0 <= 1960.00
|   |   |   |   |   |   |--- feature_20 <= 2.50
|   |   |   |   |   |   |   |--- feature_2 <= 12.50
|   |   |   |   |   |   |   |   |--- class: negative
|   |   |   |   |   |   |   |--- feature_2 >  12.50
|   |   |   |   |   |   |   |   |--- feature_0 <= 1954.50
|   |   |   |   |   |   |   |   |   |--- class: negative
|   |   |   |   |   |   |   |   |--- feature_0 >  1954.50
|   |   |   |   |   |   |   |   |   |--- feature_16 <= 3.00
|   |   |   |   |   |   |   |   |   |   |--- class: positive
|   |   |   |   |   |   |   |   |   |--- feature_16 >  3.00
|   |   |   |   |   |   |   |   |   |   |--- class: negative
|   |   |   |   |   |   |--- feature_20 >  2.50
|   |   |   |   |   |   |   |--- feature_3 <= 3.50
|   |   |   |   |   |   |   |   |--- feature_12 <= 10.70
|   |   |   |   |   |   |   |   |   |--- class: positive
|   |   |   |   |   |   |   |   |--- feature_12 >  10.70
|   |   |   |   |   |   |   |   |   |--- feature_0 <= 1934.50
|   |   |   |   |   |   |   |   |   |   |--- class: negative
|   |   |   |   |   |   |   |   |   |--- feature_0 >  1934.50
|   |   |   |   |   |   |   |   |   |   |--- feature_0 <= 1945.50
|   |   |   |   |   |   |   |   |   |   |   |--- class: positive
|   |   |   |   |   |   |   |   |   |   |--- feature_0 >  1945.50
|   |   |   |   |   |   |   |   |   |   |   |--- class: negative
|   |   |   |   |   |   |   |--- feature_3 >  3.50
|   |   |   |   |   |   |   |   |--- class: positive
|   |   |   |   |   |--- feature_0 >  1960.00
|   |   |   |   |   |   |--- feature_2 <= 1.50
|   |   |   |   |   |   |   |--- feature_1 <= 145.00
|   |   |   |   |   |   |   |   |--- feature_3 <= 3.50
|   |   |   |   |   |   |   |   |   |--- feature_10 <= 1.50
|   |   |   |   |   |   |   |   |   |   |--- class: negative
|   |   |   |   |   |   |   |   |   |--- feature_10 >  1.50
|   |   |   |   |   |   |   |   |   |   |--- feature_10 <= 2.50
|   |   |   |   |   |   |   |   |   |   |   |--- truncated branch of depth 2
|   |   |   |   |   |   |   |   |   |   |--- feature_10 >  2.50
|   |   |   |   |   |   |   |   |   |   |   |--- class: negative
|   |   |   |   |   |   |   |   |--- feature_3 >  3.50
|   |   |   |   |   |   |   |   |   |--- feature_13 <= 8.32
|   |   |   |   |   |   |   |   |   |   |--- class: positive
|   |   |   |   |   |   |   |   |   |--- feature_13 >  8.32
|   |   |   |   |   |   |   |   |   |   |--- class: negative
|   |   |   |   |   |   |   |--- feature_1 >  145.00
|   |   |   |   |   |   |   |   |--- feature_13 <= 9.45
|   |   |   |   |   |   |   |   |   |--- feature_19 <= 7.76
|   |   |   |   |   |   |   |   |   |   |--- feature_3 <= 1.50
|   |   |   |   |   |   |   |   |   |   |   |--- truncated branch of depth 5
|   |   |   |   |   |   |   |   |   |   |--- feature_3 >  1.50
|   |   |   |   |   |   |   |   |   |   |   |--- truncated branch of depth 7
|   |   |   |   |   |   |   |   |   |--- feature_19 >  7.76
|   |   |   |   |   |   |   |   |   |   |--- feature_0 <= 1975.00
|   |   |   |   |   |   |   |   |   |   |   |--- class: positive
|   |   |   |   |   |   |   |   |   |   |--- feature_0 >  1975.00
|   |   |   |   |   |   |   |   |   |   |   |--- class: negative
|   |   |   |   |   |   |   |   |--- feature_13 >  9.45
|   |   |   |   |   |   |   |   |   |--- class: negative
|   |   |   |   |   |   |--- feature_2 >  1.50
|   |   |   |   |   |   |   |--- feature_20 <= 2.50
|   |   |   |   |   |   |   |   |--- feature_15 <= 7.22
|   |   |   |   |   |   |   |   |   |--- feature_0 <= 1976.50
|   |   |   |   |   |   |   |   |   |   |--- feature_15 <= 5.88
|   |   |   |   |   |   |   |   |   |   |   |--- truncated branch of depth 4
|   |   |   |   |   |   |   |   |   |   |--- feature_15 >  5.88
|   |   |   |   |   |   |   |   |   |   |   |--- class: negative
|   |   |   |   |   |   |   |   |   |--- feature_0 >  1976.50
|   |   |   |   |   |   |   |   |   |   |--- feature_15 <= 4.77
|   |   |   |   |   |   |   |   |   |   |   |--- truncated branch of depth 2
|   |   |   |   |   |   |   |   |   |   |--- feature_15 >  4.77
|   |   |   |   |   |   |   |   |   |   |   |--- truncated branch of depth 7
|   |   |   |   |   |   |   |   |--- feature_15 >  7.22
|   |   |   |   |   |   |   |   |   |--- class: positive
|   |   |   |   |   |   |   |--- feature_20 >  2.50
|   |   |   |   |   |   |   |   |--- feature_20 <= 6.50
|   |   |   |   |   |   |   |   |   |--- feature_13 <= 7.42
|   |   |   |   |   |   |   |   |   |   |--- feature_2 <= 6.00
|   |   |   |   |   |   |   |   |   |   |   |--- class: positive
|   |   |   |   |   |   |   |   |   |   |--- feature_2 >  6.00
|   |   |   |   |   |   |   |   |   |   |   |--- class: negative
|   |   |   |   |   |   |   |   |   |--- feature_13 >  7.42
|   |   |   |   |   |   |   |   |   |   |--- class: positive
|   |   |   |   |   |   |   |   |--- feature_20 >  6.50
|   |   |   |   |   |   |   |   |   |--- feature_9 <= 6.00
|   |   |   |   |   |   |   |   |   |   |--- feature_1 <= 395.00
|   |   |   |   |   |   |   |   |   |   |   |--- class: negative
|   |   |   |   |   |   |   |   |   |   |--- feature_1 >  395.00
|   |   |   |   |   |   |   |   |   |   |   |--- class: positive
|   |   |   |   |   |   |   |   |   |--- feature_9 >  6.00
|   |   |   |   |   |   |   |   |   |   |--- class: negative
|   |   |   |   |--- feature_3 >  4.50
|   |   |   |   |   |--- feature_15 <= 7.05
|   |   |   |   |   |   |--- feature_0 <= 1975.50
|   |   |   |   |   |   |   |--- feature_1 <= 1593.00
|   |   |   |   |   |   |   |   |--- feature_13 <= 7.05
|   |   |   |   |   |   |   |   |   |--- feature_9 <= 12.50
|   |   |   |   |   |   |   |   |   |   |--- class: negative
|   |   |   |   |   |   |   |   |   |--- feature_9 >  12.50
|   |   |   |   |   |   |   |   |   |   |--- feature_1 <= 70.00
|   |   |   |   |   |   |   |   |   |   |   |--- class: negative
|   |   |   |   |   |   |   |   |   |   |--- feature_1 >  70.00
|   |   |   |   |   |   |   |   |   |   |   |--- truncated branch of depth 2
|   |   |   |   |   |   |   |   |--- feature_13 >  7.05
|   |   |   |   |   |   |   |   |   |--- class: negative
|   |   |   |   |   |   |   |--- feature_1 >  1593.00
|   |   |   |   |   |   |   |   |--- feature_1 <= 1840.00
|   |   |   |   |   |   |   |   |   |--- feature_12 <= 13.25
|   |   |   |   |   |   |   |   |   |   |--- feature_0 <= 1928.50
|   |   |   |   |   |   |   |   |   |   |   |--- class: negative
|   |   |   |   |   |   |   |   |   |   |--- feature_0 >  1928.50
|   |   |   |   |   |   |   |   |   |   |   |--- class: positive
|   |   |   |   |   |   |   |   |   |--- feature_12 >  13.25
|   |   |   |   |   |   |   |   |   |   |--- class: negative
|   |   |   |   |   |   |   |   |--- feature_1 >  1840.00
|   |   |   |   |   |   |   |   |   |--- feature_15 <= 4.50
|   |   |   |   |   |   |   |   |   |   |--- feature_2 <= 3.00
|   |   |   |   |   |   |   |   |   |   |   |--- class: negative
|   |   |   |   |   |   |   |   |   |   |--- feature_2 >  3.00
|   |   |   |   |   |   |   |   |   |   |   |--- class: positive
|   |   |   |   |   |   |   |   |   |--- feature_15 >  4.50
|   |   |   |   |   |   |   |   |   |   |--- feature_0 <= 1967.00
|   |   |   |   |   |   |   |   |   |   |   |--- class: negative
|   |   |   |   |   |   |   |   |   |   |--- feature_0 >  1967.00
|   |   |   |   |   |   |   |   |   |   |   |--- truncated branch of depth 2
|   |   |   |   |   |   |--- feature_0 >  1975.50
|   |   |   |   |   |   |   |--- feature_15 <= 5.01
|   |   |   |   |   |   |   |   |--- feature_2 <= 11.50
|   |   |   |   |   |   |   |   |   |--- feature_0 <= 1981.50
|   |   |   |   |   |   |   |   |   |   |--- feature_13 <= 8.35
|   |   |   |   |   |   |   |   |   |   |   |--- truncated branch of depth 4
|   |   |   |   |   |   |   |   |   |   |--- feature_13 >  8.35
|   |   |   |   |   |   |   |   |   |   |   |--- class: negative
|   |   |   |   |   |   |   |   |   |--- feature_0 >  1981.50
|   |   |   |   |   |   |   |   |   |   |--- feature_15 <= 3.50
|   |   |   |   |   |   |   |   |   |   |   |--- class: positive
|   |   |   |   |   |   |   |   |   |   |--- feature_15 >  3.50
|   |   |   |   |   |   |   |   |   |   |   |--- truncated branch of depth 8
|   |   |   |   |   |   |   |   |--- feature_2 >  11.50
|   |   |   |   |   |   |   |   |   |--- feature_1 <= 3770.00
|   |   |   |   |   |   |   |   |   |   |--- feature_11 <= 12.95
|   |   |   |   |   |   |   |   |   |   |   |--- truncated branch of depth 4
|   |   |   |   |   |   |   |   |   |   |--- feature_11 >  12.95
|   |   |   |   |   |   |   |   |   |   |   |--- class: negative
|   |   |   |   |   |   |   |   |   |--- feature_1 >  3770.00
|   |   |   |   |   |   |   |   |   |   |--- class: positive
|   |   |   |   |   |   |   |--- feature_15 >  5.01
|   |   |   |   |   |   |   |   |--- feature_15 <= 5.95
|   |   |   |   |   |   |   |   |   |--- class: positive
|   |   |   |   |   |   |   |   |--- feature_15 >  5.95
|   |   |   |   |   |   |   |   |   |--- feature_1 <= 2479.50
|   |   |   |   |   |   |   |   |   |   |--- feature_11 <= 9.05
|   |   |   |   |   |   |   |   |   |   |   |--- truncated branch of depth 4
|   |   |   |   |   |   |   |   |   |   |--- feature_11 >  9.05
|   |   |   |   |   |   |   |   |   |   |   |--- class: negative
|   |   |   |   |   |   |   |   |   |--- feature_1 >  2479.50
|   |   |   |   |   |   |   |   |   |   |--- feature_1 <= 3790.50
|   |   |   |   |   |   |   |   |   |   |   |--- class: positive
|   |   |   |   |   |   |   |   |   |   |--- feature_1 >  3790.50
|   |   |   |   |   |   |   |   |   |   |   |--- class: negative
|   |   |   |   |   |--- feature_15 >  7.05
|   |   |   |   |   |   |--- class: positive
|   |   |   |--- feature_15 >  8.00
|   |   |   |   |--- feature_11 <= 13.10
|   |   |   |   |   |--- feature_2 <= 7.50
|   |   |   |   |   |   |--- feature_13 <= 8.54
|   |   |   |   |   |   |   |--- feature_9 <= 5.50
|   |   |   |   |   |   |   |   |--- class: negative
|   |   |   |   |   |   |   |--- feature_9 >  5.50
|   |   |   |   |   |   |   |   |--- feature_9 <= 6.50
|   |   |   |   |   |   |   |   |   |--- class: positive
|   |   |   |   |   |   |   |   |--- feature_9 >  6.50
|   |   |   |   |   |   |   |   |   |--- feature_12 <= 8.05
|   |   |   |   |   |   |   |   |   |   |--- feature_12 <= 7.73
|   |   |   |   |   |   |   |   |   |   |   |--- class: negative
|   |   |   |   |   |   |   |   |   |   |--- feature_12 >  7.73
|   |   |   |   |   |   |   |   |   |   |   |--- truncated branch of depth 3
|   |   |   |   |   |   |   |   |   |--- feature_12 >  8.05
|   |   |   |   |   |   |   |   |   |   |--- feature_11 <= 12.05
|   |   |   |   |   |   |   |   |   |   |   |--- class: negative
|   |   |   |   |   |   |   |   |   |   |--- feature_11 >  12.05
|   |   |   |   |   |   |   |   |   |   |   |--- truncated branch of depth 3
|   |   |   |   |   |   |--- feature_13 >  8.54
|   |   |   |   |   |   |   |--- feature_1 <= 2684.50
|   |   |   |   |   |   |   |   |--- feature_11 <= 10.74
|   |   |   |   |   |   |   |   |   |--- feature_9 <= 1.00
|   |   |   |   |   |   |   |   |   |   |--- feature_20 <= 1.50
|   |   |   |   |   |   |   |   |   |   |   |--- truncated branch of depth 2
|   |   |   |   |   |   |   |   |   |   |--- feature_20 >  1.50
|   |   |   |   |   |   |   |   |   |   |   |--- class: negative
|   |   |   |   |   |   |   |   |   |--- feature_9 >  1.00
|   |   |   |   |   |   |   |   |   |   |--- class: negative
|   |   |   |   |   |   |   |   |--- feature_11 >  10.74
|   |   |   |   |   |   |   |   |   |--- feature_3 <= 3.50
|   |   |   |   |   |   |   |   |   |   |--- feature_9 <= 1.00
|   |   |   |   |   |   |   |   |   |   |   |--- class: negative
|   |   |   |   |   |   |   |   |   |   |--- feature_9 >  1.00
|   |   |   |   |   |   |   |   |   |   |   |--- class: positive
|   |   |   |   |   |   |   |   |   |--- feature_3 >  3.50
|   |   |   |   |   |   |   |   |   |   |--- feature_9 <= 54.00
|   |   |   |   |   |   |   |   |   |   |   |--- truncated branch of depth 5
|   |   |   |   |   |   |   |   |   |   |--- feature_9 >  54.00
|   |   |   |   |   |   |   |   |   |   |   |--- class: positive
|   |   |   |   |   |   |   |--- feature_1 >  2684.50
|   |   |   |   |   |   |   |   |--- class: negative
|   |   |   |   |   |--- feature_2 >  7.50
|   |   |   |   |   |   |--- class: negative
|   |   |   |   |--- feature_11 >  13.10
|   |   |   |   |   |--- feature_1 <= 193.50
|   |   |   |   |   |   |--- feature_12 <= 43.75
|   |   |   |   |   |   |   |--- class: negative
|   |   |   |   |   |   |--- feature_12 >  43.75
|   |   |   |   |   |   |   |--- feature_11 <= 17.05
|   |   |   |   |   |   |   |   |--- class: positive
|   |   |   |   |   |   |   |--- feature_11 >  17.05
|   |   |   |   |   |   |   |   |--- class: negative
|   |   |   |   |   |--- feature_1 >  193.50
|   |   |   |   |   |   |--- feature_0 <= 1933.00
|   |   |   |   |   |   |   |--- class: negative
|   |   |   |   |   |   |--- feature_0 >  1933.00
|   |   |   |   |   |   |   |--- feature_2 <= 7.50
|   |   |   |   |   |   |   |   |--- feature_14 <= 32.42
|   |   |   |   |   |   |   |   |   |--- feature_2 <= 0.50
|   |   |   |   |   |   |   |   |   |   |--- class: positive
|   |   |   |   |   |   |   |   |   |--- feature_2 >  0.50
|   |   |   |   |   |   |   |   |   |   |--- feature_9 <= 5.00
|   |   |   |   |   |   |   |   |   |   |   |--- truncated branch of depth 3
|   |   |   |   |   |   |   |   |   |   |--- feature_9 >  5.00
|   |   |   |   |   |   |   |   |   |   |   |--- class: negative
|   |   |   |   |   |   |   |   |--- feature_14 >  32.42
|   |   |   |   |   |   |   |   |   |--- feature_14 <= 39.91
|   |   |   |   |   |   |   |   |   |   |--- feature_9 <= 0.50
|   |   |   |   |   |   |   |   |   |   |   |--- truncated branch of depth 3
|   |   |   |   |   |   |   |   |   |   |--- feature_9 >  0.50
|   |   |   |   |   |   |   |   |   |   |   |--- truncated branch of depth 2
|   |   |   |   |   |   |   |   |   |--- feature_14 >  39.91
|   |   |   |   |   |   |   |   |   |   |--- feature_10 <= 1.50
|   |   |   |   |   |   |   |   |   |   |   |--- truncated branch of depth 8
|   |   |   |   |   |   |   |   |   |   |--- feature_10 >  1.50
|   |   |   |   |   |   |   |   |   |   |   |--- truncated branch of depth 5
|   |   |   |   |   |   |   |--- feature_2 >  7.50
|   |   |   |   |   |   |   |   |--- feature_20 <= 1.50
|   |   |   |   |   |   |   |   |   |--- class: positive
|   |   |   |   |   |   |   |   |--- feature_20 >  1.50
|   |   |   |   |   |   |   |   |   |--- feature_9 <= 2.00
|   |   |   |   |   |   |   |   |   |   |--- feature_11 <= 24.34
|   |   |   |   |   |   |   |   |   |   |   |--- truncated branch of depth 7
|   |   |   |   |   |   |   |   |   |   |--- feature_11 >  24.34
|   |   |   |   |   |   |   |   |   |   |   |--- class: negative
|   |   |   |   |   |   |   |   |   |--- feature_9 >  2.00
|   |   |   |   |   |   |   |   |   |   |--- feature_0 <= 1948.50
|   |   |   |   |   |   |   |   |   |   |   |--- truncated branch of depth 2
|   |   |   |   |   |   |   |   |   |   |--- feature_0 >  1948.50
|   |   |   |   |   |   |   |   |   |   |   |--- truncated branch of depth 3
|   |   |--- feature_13 >  11.00
|   |   |   |--- feature_1 <= 18823.00
|   |   |   |   |--- feature_13 <= 12.09
|   |   |   |   |   |--- feature_1 <= 1785.50
|   |   |   |   |   |   |--- feature_12 <= 27.02
|   |   |   |   |   |   |   |--- class: negative
|   |   |   |   |   |   |--- feature_12 >  27.02
|   |   |   |   |   |   |   |--- feature_15 <= 7.13
|   |   |   |   |   |   |   |   |--- class: positive
|   |   |   |   |   |   |   |--- feature_15 >  7.13
|   |   |   |   |   |   |   |   |--- class: negative
|   |   |   |   |   |--- feature_1 >  1785.50
|   |   |   |   |   |   |--- feature_12 <= 10.32
|   |   |   |   |   |   |   |--- class: negative
|   |   |   |   |   |   |--- feature_12 >  10.32
|   |   |   |   |   |   |   |--- feature_10 <= 2.50
|   |   |   |   |   |   |   |   |--- feature_0 <= 1934.50
|   |   |   |   |   |   |   |   |   |--- class: negative
|   |   |   |   |   |   |   |   |--- feature_0 >  1934.50
|   |   |   |   |   |   |   |   |   |--- feature_12 <= 20.47
|   |   |   |   |   |   |   |   |   |   |--- feature_0 <= 1988.50
|   |   |   |   |   |   |   |   |   |   |   |--- truncated branch of depth 4
|   |   |   |   |   |   |   |   |   |   |--- feature_0 >  1988.50
|   |   |   |   |   |   |   |   |   |   |   |--- class: negative
|   |   |   |   |   |   |   |   |   |--- feature_12 >  20.47
|   |   |   |   |   |   |   |   |   |   |--- class: positive
|   |   |   |   |   |   |   |--- feature_10 >  2.50
|   |   |   |   |   |   |   |   |--- feature_2 <= 38.50
|   |   |   |   |   |   |   |   |   |--- feature_2 <= 11.50
|   |   |   |   |   |   |   |   |   |   |--- feature_9 <= 22.50
|   |   |   |   |   |   |   |   |   |   |   |--- truncated branch of depth 3
|   |   |   |   |   |   |   |   |   |   |--- feature_9 >  22.50
|   |   |   |   |   |   |   |   |   |   |   |--- class: negative
|   |   |   |   |   |   |   |   |   |--- feature_2 >  11.50
|   |   |   |   |   |   |   |   |   |   |--- class: negative
|   |   |   |   |   |   |   |   |--- feature_2 >  38.50
|   |   |   |   |   |   |   |   |   |--- class: positive
|   |   |   |   |--- feature_13 >  12.09
|   |   |   |   |   |--- feature_13 <= 12.20
|   |   |   |   |   |   |--- feature_1 <= 3324.00
|   |   |   |   |   |   |   |--- feature_1 <= 3290.00
|   |   |   |   |   |   |   |   |--- feature_2 <= 5.50
|   |   |   |   |   |   |   |   |   |--- class: negative
|   |   |   |   |   |   |   |   |--- feature_2 >  5.50
|   |   |   |   |   |   |   |   |   |--- feature_1 <= 1980.00
|   |   |   |   |   |   |   |   |   |   |--- feature_12 <= 17.85
|   |   |   |   |   |   |   |   |   |   |   |--- truncated branch of depth 2
|   |   |   |   |   |   |   |   |   |   |--- feature_12 >  17.85
|   |   |   |   |   |   |   |   |   |   |   |--- truncated branch of depth 3
|   |   |   |   |   |   |   |   |   |--- feature_1 >  1980.00
|   |   |   |   |   |   |   |   |   |   |--- feature_9 <= 46.50
|   |   |   |   |   |   |   |   |   |   |   |--- truncated branch of depth 4
|   |   |   |   |   |   |   |   |   |   |--- feature_9 >  46.50
|   |   |   |   |   |   |   |   |   |   |   |--- class: positive
|   |   |   |   |   |   |   |--- feature_1 >  3290.00
|   |   |   |   |   |   |   |   |--- class: positive
|   |   |   |   |   |   |--- feature_1 >  3324.00
|   |   |   |   |   |   |   |--- feature_15 <= 8.50
|   |   |   |   |   |   |   |   |--- feature_2 <= 47.00
|   |   |   |   |   |   |   |   |   |--- feature_2 <= 12.50
|   |   |   |   |   |   |   |   |   |   |--- feature_1 <= 6482.50
|   |   |   |   |   |   |   |   |   |   |   |--- truncated branch of depth 5
|   |   |   |   |   |   |   |   |   |   |--- feature_1 >  6482.50
|   |   |   |   |   |   |   |   |   |   |   |--- class: negative
|   |   |   |   |   |   |   |   |   |--- feature_2 >  12.50
|   |   |   |   |   |   |   |   |   |   |--- class: negative
|   |   |   |   |   |   |   |   |--- feature_2 >  47.00
|   |   |   |   |   |   |   |   |   |--- class: positive
|   |   |   |   |   |   |   |--- feature_15 >  8.50
|   |   |   |   |   |   |   |   |--- class: positive
|   |   |   |   |   |--- feature_13 >  12.20
|   |   |   |   |   |   |--- feature_15 <= 7.98
|   |   |   |   |   |   |   |--- feature_1 <= 2775.00
|   |   |   |   |   |   |   |   |--- class: negative
|   |   |   |   |   |   |   |--- feature_1 >  2775.00
|   |   |   |   |   |   |   |   |--- feature_0 <= 1952.00
|   |   |   |   |   |   |   |   |   |--- class: negative
|   |   |   |   |   |   |   |   |--- feature_0 >  1952.00
|   |   |   |   |   |   |   |   |   |--- feature_15 <= 5.00
|   |   |   |   |   |   |   |   |   |   |--- feature_11 <= 17.87
|   |   |   |   |   |   |   |   |   |   |   |--- truncated branch of depth 9
|   |   |   |   |   |   |   |   |   |   |--- feature_11 >  17.87
|   |   |   |   |   |   |   |   |   |   |   |--- truncated branch of depth 3
|   |   |   |   |   |   |   |   |   |--- feature_15 >  5.00
|   |   |   |   |   |   |   |   |   |   |--- feature_0 <= 1963.50
|   |   |   |   |   |   |   |   |   |   |   |--- truncated branch of depth 4
|   |   |   |   |   |   |   |   |   |   |--- feature_0 >  1963.50
|   |   |   |   |   |   |   |   |   |   |   |--- truncated branch of depth 3
|   |   |   |   |   |   |--- feature_15 >  7.98
|   |   |   |   |   |   |   |--- feature_13 <= 13.39
|   |   |   |   |   |   |   |   |--- feature_15 <= 8.01
|   |   |   |   |   |   |   |   |   |--- feature_0 <= 1984.50
|   |   |   |   |   |   |   |   |   |   |--- feature_13 <= 12.26
|   |   |   |   |   |   |   |   |   |   |   |--- class: positive
|   |   |   |   |   |   |   |   |   |   |--- feature_13 >  12.26
|   |   |   |   |   |   |   |   |   |   |   |--- truncated branch of depth 3
|   |   |   |   |   |   |   |   |   |--- feature_0 >  1984.50
|   |   |   |   |   |   |   |   |   |   |--- feature_11 <= 15.28
|   |   |   |   |   |   |   |   |   |   |   |--- truncated branch of depth 3
|   |   |   |   |   |   |   |   |   |   |--- feature_11 >  15.28
|   |   |   |   |   |   |   |   |   |   |   |--- class: positive
|   |   |   |   |   |   |   |   |--- feature_15 >  8.01
|   |   |   |   |   |   |   |   |   |--- class: positive
|   |   |   |   |   |   |   |--- feature_13 >  13.39
|   |   |   |   |   |   |   |   |--- feature_0 <= 1967.50
|   |   |   |   |   |   |   |   |   |--- feature_12 <= 10.85
|   |   |   |   |   |   |   |   |   |   |--- feature_0 <= 1940.50
|   |   |   |   |   |   |   |   |   |   |   |--- class: positive
|   |   |   |   |   |   |   |   |   |   |--- feature_0 >  1940.50
|   |   |   |   |   |   |   |   |   |   |   |--- class: negative
|   |   |   |   |   |   |   |   |   |--- feature_12 >  10.85
|   |   |   |   |   |   |   |   |   |   |--- class: negative
|   |   |   |   |   |   |   |   |--- feature_0 >  1967.50
|   |   |   |   |   |   |   |   |   |--- feature_0 <= 1969.50
|   |   |   |   |   |   |   |   |   |   |--- class: positive
|   |   |   |   |   |   |   |   |   |--- feature_0 >  1969.50
|   |   |   |   |   |   |   |   |   |   |--- feature_9 <= 21.00
|   |   |   |   |   |   |   |   |   |   |   |--- truncated branch of depth 8
|   |   |   |   |   |   |   |   |   |   |--- feature_9 >  21.00
|   |   |   |   |   |   |   |   |   |   |   |--- truncated branch of depth 3
|   |   |   |--- feature_1 >  18823.00
|   |   |   |   |--- feature_14 <= 40.47
|   |   |   |   |   |--- feature_14 <= 33.35
|   |   |   |   |   |   |--- feature_1 <= 41597.50
|   |   |   |   |   |   |   |--- feature_10 <= 3.50
|   |   |   |   |   |   |   |   |--- feature_11 <= 21.05
|   |   |   |   |   |   |   |   |   |--- feature_12 <= 25.30
|   |   |   |   |   |   |   |   |   |   |--- class: negative
|   |   |   |   |   |   |   |   |   |--- feature_12 >  25.30
|   |   |   |   |   |   |   |   |   |   |--- feature_2 <= 10.50
|   |   |   |   |   |   |   |   |   |   |   |--- truncated branch of depth 2
|   |   |   |   |   |   |   |   |   |   |--- feature_2 >  10.50
|   |   |   |   |   |   |   |   |   |   |   |--- class: positive
|   |   |   |   |   |   |   |   |--- feature_11 >  21.05
|   |   |   |   |   |   |   |   |   |--- feature_1 <= 20255.50
|   |   |   |   |   |   |   |   |   |   |--- class: positive
|   |   |   |   |   |   |   |   |   |--- feature_1 >  20255.50
|   |   |   |   |   |   |   |   |   |   |--- feature_9 <= 39.00
|   |   |   |   |   |   |   |   |   |   |   |--- class: negative
|   |   |   |   |   |   |   |   |   |   |--- feature_9 >  39.00
|   |   |   |   |   |   |   |   |   |   |   |--- class: positive
|   |   |   |   |   |   |   |--- feature_10 >  3.50
|   |   |   |   |   |   |   |   |--- class: negative
|   |   |   |   |   |   |--- feature_1 >  41597.50
|   |   |   |   |   |   |   |--- feature_12 <= 521.16
|   |   |   |   |   |   |   |   |--- feature_3 <= 1.50
|   |   |   |   |   |   |   |   |   |--- class: positive
|   |   |   |   |   |   |   |   |--- feature_3 >  1.50
|   |   |   |   |   |   |   |   |   |--- class: negative
|   |   |   |   |   |   |   |--- feature_12 >  521.16
|   |   |   |   |   |   |   |   |--- feature_12 <= 826.15
|   |   |   |   |   |   |   |   |   |--- class: positive
|   |   |   |   |   |   |   |   |--- feature_12 >  826.15
|   |   |   |   |   |   |   |   |   |--- class: negative
|   |   |   |   |   |--- feature_14 >  33.35
|   |   |   |   |   |   |--- feature_0 <= 1953.00
|   |   |   |   |   |   |   |--- feature_15 <= 6.50
|   |   |   |   |   |   |   |   |--- class: positive
|   |   |   |   |   |   |   |--- feature_15 >  6.50
|   |   |   |   |   |   |   |   |--- class: negative
|   |   |   |   |   |   |--- feature_0 >  1953.00
|   |   |   |   |   |   |   |--- class: positive
|   |   |   |   |--- feature_14 >  40.47
|   |   |   |   |   |--- feature_2 <= 32.00
|   |   |   |   |   |   |--- feature_2 <= 14.50
|   |   |   |   |   |   |   |--- feature_20 <= 1.50
|   |   |   |   |   |   |   |   |--- feature_1 <= 27788.50
|   |   |   |   |   |   |   |   |   |--- feature_15 <= 5.11
|   |   |   |   |   |   |   |   |   |   |--- class: negative
|   |   |   |   |   |   |   |   |   |--- feature_15 >  5.11
|   |   |   |   |   |   |   |   |   |   |--- class: positive
|   |   |   |   |   |   |   |   |--- feature_1 >  27788.50
|   |   |   |   |   |   |   |   |   |--- class: negative
|   |   |   |   |   |   |   |--- feature_20 >  1.50
|   |   |   |   |   |   |   |   |--- feature_0 <= 1959.00
|   |   |   |   |   |   |   |   |   |--- feature_11 <= 25.15
|   |   |   |   |   |   |   |   |   |   |--- class: negative
|   |   |   |   |   |   |   |   |   |--- feature_11 >  25.15
|   |   |   |   |   |   |   |   |   |   |--- feature_3 <= 4.50
|   |   |   |   |   |   |   |   |   |   |   |--- class: positive
|   |   |   |   |   |   |   |   |   |   |--- feature_3 >  4.50
|   |   |   |   |   |   |   |   |   |   |   |--- class: negative
|   |   |   |   |   |   |   |   |--- feature_0 >  1959.00
|   |   |   |   |   |   |   |   |   |--- class: negative
|   |   |   |   |   |   |--- feature_2 >  14.50
|   |   |   |   |   |   |   |--- feature_2 <= 26.00
|   |   |   |   |   |   |   |   |--- feature_2 <= 15.50
|   |   |   |   |   |   |   |   |   |--- class: positive
|   |   |   |   |   |   |   |   |--- feature_2 >  15.50
|   |   |   |   |   |   |   |   |   |--- feature_15 <= 5.68
|   |   |   |   |   |   |   |   |   |   |--- class: negative
|   |   |   |   |   |   |   |   |   |--- feature_15 >  5.68
|   |   |   |   |   |   |   |   |   |   |--- feature_9 <= 3.00
|   |   |   |   |   |   |   |   |   |   |   |--- class: negative
|   |   |   |   |   |   |   |   |   |   |--- feature_9 >  3.00
|   |   |   |   |   |   |   |   |   |   |   |--- truncated branch of depth 2
|   |   |   |   |   |   |   |--- feature_2 >  26.00
|   |   |   |   |   |   |   |   |--- class: positive
|   |   |   |   |   |--- feature_2 >  32.00
|   |   |   |   |   |   |--- class: negative
|   |--- feature_0 >  1993.50
|   |   |--- feature_13 <= 7.28
|   |   |   |--- feature_13 <= 6.19
|   |   |   |   |--- feature_20 <= 6.00
|   |   |   |   |   |--- feature_1 <= 28.50
|   |   |   |   |   |   |--- feature_1 <= 26.50
|   |   |   |   |   |   |   |--- class: negative
|   |   |   |   |   |   |--- feature_1 >  26.50
|   |   |   |   |   |   |   |--- class: positive
|   |   |   |   |   |--- feature_1 >  28.50
|   |   |   |   |   |   |--- class: negative
|   |   |   |   |--- feature_20 >  6.00
|   |   |   |   |   |--- feature_1 <= 155.00
|   |   |   |   |   |   |--- class: negative
|   |   |   |   |   |--- feature_1 >  155.00
|   |   |   |   |   |   |--- class: positive
|   |   |   |--- feature_13 >  6.19
|   |   |   |   |--- feature_9 <= 1.00
|   |   |   |   |   |--- feature_11 <= 16.50
|   |   |   |   |   |   |--- class: negative
|   |   |   |   |   |--- feature_11 >  16.50
|   |   |   |   |   |   |--- feature_20 <= 4.50
|   |   |   |   |   |   |   |--- class: positive
|   |   |   |   |   |   |--- feature_20 >  4.50
|   |   |   |   |   |   |   |--- class: negative
|   |   |   |   |--- feature_9 >  1.00
|   |   |   |   |   |--- feature_12 <= 16.38
|   |   |   |   |   |   |--- feature_16 <= 1.50
|   |   |   |   |   |   |   |--- class: negative
|   |   |   |   |   |   |--- feature_16 >  1.50
|   |   |   |   |   |   |   |--- class: positive
|   |   |   |   |   |--- feature_12 >  16.38
|   |   |   |   |   |   |--- feature_0 <= 1999.50
|   |   |   |   |   |   |   |--- feature_10 <= 2.50
|   |   |   |   |   |   |   |   |--- class: positive
|   |   |   |   |   |   |   |--- feature_10 >  2.50
|   |   |   |   |   |   |   |   |--- class: negative
|   |   |   |   |   |   |--- feature_0 >  1999.50
|   |   |   |   |   |   |   |--- class: negative
|   |   |--- feature_13 >  7.28
|   |   |   |--- feature_20 <= 4.50
|   |   |   |   |--- feature_11 <= 31.85
|   |   |   |   |   |--- feature_12 <= 137.48
|   |   |   |   |   |   |--- feature_0 <= 2004.50
|   |   |   |   |   |   |   |--- feature_15 <= 7.98
|   |   |   |   |   |   |   |   |--- feature_15 <= 5.39
|   |   |   |   |   |   |   |   |   |--- class: negative
|   |   |   |   |   |   |   |   |--- feature_15 >  5.39
|   |   |   |   |   |   |   |   |   |--- feature_15 <= 7.17
|   |   |   |   |   |   |   |   |   |   |--- feature_9 <= 11.00
|   |   |   |   |   |   |   |   |   |   |   |--- truncated branch of depth 3
|   |   |   |   |   |   |   |   |   |   |--- feature_9 >  11.00
|   |   |   |   |   |   |   |   |   |   |   |--- class: negative
|   |   |   |   |   |   |   |   |   |--- feature_15 >  7.17
|   |   |   |   |   |   |   |   |   |   |--- class: positive
|   |   |   |   |   |   |   |--- feature_15 >  7.98
|   |   |   |   |   |   |   |   |--- feature_11 <= 28.16
|   |   |   |   |   |   |   |   |   |--- feature_11 <= 8.45
|   |   |   |   |   |   |   |   |   |   |--- feature_12 <= 22.25
|   |   |   |   |   |   |   |   |   |   |   |--- truncated branch of depth 4
|   |   |   |   |   |   |   |   |   |   |--- feature_12 >  22.25
|   |   |   |   |   |   |   |   |   |   |   |--- class: positive
|   |   |   |   |   |   |   |   |   |--- feature_11 >  8.45
|   |   |   |   |   |   |   |   |   |   |--- feature_12 <= 33.65
|   |   |   |   |   |   |   |   |   |   |   |--- truncated branch of depth 2
|   |   |   |   |   |   |   |   |   |   |--- feature_12 >  33.65
|   |   |   |   |   |   |   |   |   |   |   |--- truncated branch of depth 4
|   |   |   |   |   |   |   |   |--- feature_11 >  28.16
|   |   |   |   |   |   |   |   |   |--- feature_20 <= 1.50
|   |   |   |   |   |   |   |   |   |   |--- class: positive
|   |   |   |   |   |   |   |   |   |--- feature_20 >  1.50
|   |   |   |   |   |   |   |   |   |   |--- feature_14 <= 39.77
|   |   |   |   |   |   |   |   |   |   |   |--- class: positive
|   |   |   |   |   |   |   |   |   |   |--- feature_14 >  39.77
|   |   |   |   |   |   |   |   |   |   |   |--- truncated branch of depth 3
|   |   |   |   |   |   |--- feature_0 >  2004.50
|   |   |   |   |   |   |   |--- class: negative
|   |   |   |   |   |--- feature_12 >  137.48
|   |   |   |   |   |   |--- feature_1 <= 10463.50
|   |   |   |   |   |   |   |--- class: positive
|   |   |   |   |   |   |--- feature_1 >  10463.50
|   |   |   |   |   |   |   |--- class: negative
|   |   |   |   |--- feature_11 >  31.85
|   |   |   |   |   |--- class: negative
|   |   |   |--- feature_20 >  4.50
|   |   |   |   |--- feature_14 <= 40.37
|   |   |   |   |   |--- feature_14 <= 36.31
|   |   |   |   |   |   |--- feature_3 <= 4.00
|   |   |   |   |   |   |   |--- feature_1 <= 555.00
|   |   |   |   |   |   |   |   |--- class: negative
|   |   |   |   |   |   |   |--- feature_1 >  555.00
|   |   |   |   |   |   |   |   |--- feature_1 <= 1593.50
|   |   |   |   |   |   |   |   |   |--- class: positive
|   |   |   |   |   |   |   |   |--- feature_1 >  1593.50
|   |   |   |   |   |   |   |   |   |--- feature_1 <= 8777.00
|   |   |   |   |   |   |   |   |   |   |--- class: negative
|   |   |   |   |   |   |   |   |   |--- feature_1 >  8777.00
|   |   |   |   |   |   |   |   |   |   |--- class: positive
|   |   |   |   |   |   |--- feature_3 >  4.00
|   |   |   |   |   |   |   |--- class: negative
|   |   |   |   |   |--- feature_14 >  36.31
|   |   |   |   |   |   |--- feature_11 <= 12.28
|   |   |   |   |   |   |   |--- class: negative
|   |   |   |   |   |   |--- feature_11 >  12.28
|   |   |   |   |   |   |   |--- feature_12 <= 52.69
|   |   |   |   |   |   |   |   |--- class: positive
|   |   |   |   |   |   |   |--- feature_12 >  52.69
|   |   |   |   |   |   |   |   |--- class: negative
|   |   |   |   |--- feature_14 >  40.37
|   |   |   |   |   |--- feature_12 <= 46.45
|   |   |   |   |   |   |--- feature_12 <= 15.75
|   |   |   |   |   |   |   |--- feature_12 <= 15.55
|   |   |   |   |   |   |   |   |--- feature_9 <= 6.50
|   |   |   |   |   |   |   |   |   |--- class: negative
|   |   |   |   |   |   |   |   |--- feature_9 >  6.50
|   |   |   |   |   |   |   |   |   |--- feature_9 <= 19.50
|   |   |   |   |   |   |   |   |   |   |--- feature_1 <= 1071.00
|   |   |   |   |   |   |   |   |   |   |   |--- truncated branch of depth 6
|   |   |   |   |   |   |   |   |   |   |--- feature_1 >  1071.00
|   |   |   |   |   |   |   |   |   |   |   |--- class: negative
|   |   |   |   |   |   |   |   |   |--- feature_9 >  19.50
|   |   |   |   |   |   |   |   |   |   |--- feature_13 <= 11.05
|   |   |   |   |   |   |   |   |   |   |   |--- class: negative
|   |   |   |   |   |   |   |   |   |   |--- feature_13 >  11.05
|   |   |   |   |   |   |   |   |   |   |   |--- truncated branch of depth 3
|   |   |   |   |   |   |   |--- feature_12 >  15.55
|   |   |   |   |   |   |   |   |--- class: positive
|   |   |   |   |   |   |--- feature_12 >  15.75
|   |   |   |   |   |   |   |--- class: negative
|   |   |   |   |   |--- feature_12 >  46.45
|   |   |   |   |   |   |--- feature_13 <= 12.10
|   |   |   |   |   |   |   |--- class: negative
|   |   |   |   |   |   |--- feature_13 >  12.10
|   |   |   |   |   |   |   |--- feature_1 <= 5550.00
|   |   |   |   |   |   |   |   |--- feature_15 <= 7.76
|   |   |   |   |   |   |   |   |   |--- class: positive
|   |   |   |   |   |   |   |   |--- feature_15 >  7.76
|   |   |   |   |   |   |   |   |   |--- feature_2 <= 8.50
|   |   |   |   |   |   |   |   |   |   |--- class: negative
|   |   |   |   |   |   |   |   |   |--- feature_2 >  8.50
|   |   |   |   |   |   |   |   |   |   |--- feature_2 <= 15.50
|   |   |   |   |   |   |   |   |   |   |   |--- class: positive
|   |   |   |   |   |   |   |   |   |   |--- feature_2 >  15.50
|   |   |   |   |   |   |   |   |   |   |   |--- class: negative
|   |   |   |   |   |   |   |--- feature_1 >  5550.00
|   |   |   |   |   |   |   |   |--- class: negative
