|--- feature_0 <= 1989.50
|   |--- feature_46 <= 0.00
|   |   |--- feature_48 <= 0.00
|   |   |   |--- feature_32 <= 0.00
|   |   |   |   |--- feature_39 <= 0.00
|   |   |   |   |   |--- feature_11 <= 4.60
|   |   |   |   |   |   |--- feature_1 <= 88.50
|   |   |   |   |   |   |   |--- feature_41 <= 0.00
|   |   |   |   |   |   |   |   |--- feature_11 <= 4.21
|   |   |   |   |   |   |   |   |   |--- feature_10 <= 32.31
|   |   |   |   |   |   |   |   |   |   |--- class: negative
|   |   |   |   |   |   |   |   |   |--- feature_10 >  32.31
|   |   |   |   |   |   |   |   |   |   |--- feature_1 <= 33.00
|   |   |   |   |   |   |   |   |   |   |   |--- class: positive
|   |   |   |   |   |   |   |   |   |   |--- feature_1 >  33.00
|   |   |   |   |   |   |   |   |   |   |   |--- class: negative
|   |   |   |   |   |   |   |   |--- feature_11 >  4.21
|   |   |   |   |   |   |   |   |   |--- feature_13 <= 6.28
|   |   |   |   |   |   |   |   |   |   |--- feature_7 <= 5.00
|   |   |   |   |   |   |   |   |   |   |   |--- class: negative
|   |   |   |   |   |   |   |   |   |   |--- feature_7 >  5.00
|   |   |   |   |   |   |   |   |   |   |   |--- class: positive
|   |   |   |   |   |   |   |   |   |--- feature_13 >  6.28
|   |   |   |   |   |   |   |   |   |   |--- feature_12 <= 15.75
|   |   |   |   |   |   |   |   |   |   |   |--- class: negative
|   |   |   |   |   |   |   |   |   |   |--- feature_12 >  15.75
|   |   |   |   |   |   |   |   |   |   |   |--- class: positive
|   |   |   |   |   |   |   |--- feature_41 >  0.00
|   |   |   |   |   |   |   |   |--- feature_41 <= 0.97
|   |   |   |   |   |   |   |   |   |--- class: positive
|   |   |   |   |   |   |   |   |--- feature_41 >  0.97
|   |   |   |   |   |   |   |   |   |--- feature_30 <= 0.68
|   |   |   |   |   |   |   |   |   |   |--- feature_0 <= 1935.00
|   |   |   |   |   |   |   |   |   |   |   |--- truncated branch of depth 4
|   |   |   |   |   |   |   |   |   |   |--- feature_0 >  1935.00
|   |   |   |   |   |   |   |   |   |   |   |--- class: negative
|   |   |   |   |   |   |   |   |   |--- feature_30 >  0.68
|   |   |   |   |   |   |   |   |   |   |--- class: negative
|   |   |   |   |   |   |--- feature_1 >  88.50
|   |   |   |   |   |   |   |--- feature_1 <= 269.00
|   |   |   |   |   |   |   |   |--- class: negative
|   |   |   |   |   |   |   |--- feature_1 >  269.00
|   |   |   |   |   |   |   |   |--- feature_52 <= 0.50
|   |   |   |   |   |   |   |   |   |--- class: negative
|   |   |   |   |   |   |   |   |--- feature_52 >  0.50
|   |   |   |   |   |   |   |   |   |--- feature_1 <= 336.00
|   |   |   |   |   |   |   |   |   |   |--- feature_1 <= 294.00
|   |   |   |   |   |   |   |   |   |   |   |--- class: positive
|   |   |   |   |   |   |   |   |   |   |--- feature_1 >  294.00
|   |   |   |   |   |   |   |   |   |   |   |--- class: negative
|   |   |   |   |   |   |   |   |   |--- feature_1 >  336.00
|   |   |   |   |   |   |   |   |   |   |--- feature_0 <= 1906.50
|   |   |   |   |   |   |   |   |   |   |   |--- class: positive
|   |   |   |   |   |   |   |   |   |   |--- feature_0 >  1906.50
|   |   |   |   |   |   |   |   |   |   |   |--- class: negative
|   |   |   |   |   |--- feature_11 >  4.60
|   |   |   |   |   |   |--- feature_0 <= 1956.50
|   |   |   |   |   |   |   |--- feature_13 <= 7.93
|   |   |   |   |   |   |   |   |--- feature_11 <= 17.85
|   |   |   |   |   |   |   |   |   |--- feature_2 <= 8.50
|   |   |   |   |   |   |   |   |   |   |--- feature_16 <= 0.17
|   |   |   |   |   |   |   |   |   |   |   |--- truncated branch of depth 7
|   |   |   |   |   |   |   |   |   |   |--- feature_16 >  0.17
|   |   |   |   |   |   |   |   |   |   |   |--- truncated branch of depth 2
|   |   |   |   |   |   |   |   |   |--- feature_2 >  8.50
|   |   |   |   |   |   |   |   |   |   |--- class: negative
|   |   |   |   |   |   |   |   |--- feature_11 >  17.85
|   |   |   |   |   |   |   |   |   |--- feature_11 <= 20.65
|   |   |   |   |   |   |   |   |   |   |--- class: positive
|   |   |   |   |   |   |   |   |   |--- feature_11 >  20.65
|   |   |   |   |   |   |   |   |   |   |--- class: negative
|   |   |   |   |   |   |   |--- feature_13 >  7.93
|   |   |   |   |   |   |   |   |--- feature_10 <= 12.05
|   |   |   |   |   |   |   |   |   |--- feature_1 <= 3590.00
|   |   |   |   |   |   |   |   |   |   |--- feature_7 <= 27.50
|   |   |   |   |   |   |   |   |   |   |   |--- class: negative
|   |   |   |   |   |   |   |   |   |   |--- feature_7 >  27.50
|   |   |   |   |   |   |   |   |   |   |   |--- truncated branch of depth 4
|   |   |   |   |   |   |   |   |   |--- feature_1 >  3590.00
|   |   |   |   |   |   |   |   |   |   |--- feature_0 <= 1934.00
|   |   |   |   |   |   |   |   |   |   |   |--- class: negative
|   |   |   |   |   |   |   |   |   |   |--- feature_0 >  1934.00
|   |   |   |   |   |   |   |   |   |   |   |--- truncated branch of depth 2
|   |   |   |   |   |   |   |   |--- feature_10 >  12.05
|   |   |   |   |   |   |   |   |   |--- class: negative
|   |   |   |   |   |   |--- feature_0 >  1956.50
|   |   |   |   |   |   |   |--- feature_1 <= 152.50
|   |   |   |   |   |   |   |   |--- feature_0 <= 1972.00
|   |   |   |   |   |   |   |   |   |--- feature_12 <= 22.05
|   |   |   |   |   |   |   |   |   |   |--- class: negative
|   |   |   |   |   |   |   |   |   |--- feature_12 >  22.05
|   |   |   |   |   |   |   |   |   |   |--- feature_2 <= 4.50
|   |   |   |   |   |   |   |   |   |   |   |--- truncated branch of depth 7
|   |   |   |   |   |   |   |   |   |   |--- feature_2 >  4.50
|   |   |   |   |   |   |   |   |   |   |   |--- class: negative
|   |   |   |   |   |   |   |   |--- feature_0 >  1972.00
|   |   |   |   |   |   |   |   |   |--- class: negative
|   |   |   |   |   |   |   |--- feature_1 >  152.50
|   |   |   |   |   |   |   |   |--- feature_9 <= 35.55
|   |   |   |   |   |   |   |   |   |--- feature_1 <= 784.50
|   |   |   |   |   |   |   |   |   |   |--- feature_31 <= 0.50
|   |   |   |   |   |   |   |   |   |   |   |--- truncated branch of depth 5
|   |   |   |   |   |   |   |   |   |   |--- feature_31 >  0.50
|   |   |   |   |   |   |   |   |   |   |   |--- truncated branch of depth 3
|   |   |   |   |   |   |   |   |   |--- feature_1 >  784.50
|   |   |   |   |   |   |   |   |   |   |--- feature_33 <= 0.50
|   |   |   |   |   |   |   |   |   |   |   |--- truncated branch of depth 7
|   |   |   |   |   |   |   |   |   |   |--- feature_33 >  0.50
|   |   |   |   |   |   |   |   |   |   |   |--- class: negative
|   |   |   |   |   |   |   |   |--- feature_9 >  35.55
|   |   |   |   |   |   |   |   |   |--- class: negative
|   |   |   |   |--- feature_39 >  0.00
|   |   |   |   |   |--- feature_39 <= 0.99
|   |   |   |   |   |   |--- class: positive
|   |   |   |   |   |--- feature_39 >  0.99
|   |   |   |   |   |   |--- feature_9 <= 11.94
|   |   |   |   |   |   |   |--- feature_13 <= 8.50
|   |   |   |   |   |   |   |   |--- feature_1 <= 1418.00
|   |   |   |   |   |   |   |   |   |--- feature_10 <= 7.62
|   |   |   |   |   |   |   |   |   |   |--- class: negative
|   |   |   |   |   |   |   |   |   |--- feature_10 >  7.62
|   |   |   |   |   |   |   |   |   |   |--- feature_17 <= 0.20
|   |   |   |   |   |   |   |   |   |   |   |--- truncated branch of depth 7
|   |   |   |   |   |   |   |   |   |   |--- feature_17 >  0.20
|   |   |   |   |   |   |   |   |   |   |   |--- truncated branch of depth 3
|   |   |   |   |   |   |   |   |--- feature_1 >  1418.00
|   |   |   |   |   |   |   |   |   |--- feature_1 <= 1680.00
|   |   |   |   |   |   |   |   |   |   |--- feature_2 <= 4.50
|   |   |   |   |   |   |   |   |   |   |   |--- truncated branch of depth 2
|   |   |   |   |   |   |   |   |   |   |--- feature_2 >  4.50
|   |   |   |   |   |   |   |   |   |   |   |--- truncated branch of depth 2
|   |   |   |   |   |   |   |   |   |--- feature_1 >  1680.00
|   |   |   |   |   |   |   |   |   |   |--- feature_2 <= 11.50
|   |   |   |   |   |   |   |   |   |   |   |--- truncated branch of depth 5
|   |   |   |   |   |   |   |   |   |   |--- feature_2 >  11.50
|   |   |   |   |   |   |   |   |   |   |   |--- truncated branch of depth 3
|   |   |   |   |   |   |   |--- feature_13 >  8.50
|   |   |   |   |   |   |   |   |--- feature_30 <= 0.50
|   |   |   |   |   |   |   |   |   |--- class: negative
|   |   |   |   |   |   |   |   |--- feature_30 >  0.50
|   |   |   |   |   |   |   |   |   |--- class: positive
|   |   |   |   |   |   |--- feature_9 >  11.94
|   |   |   |   |   |   |   |--- feature_11 <= 8.62
|   |   |   |   |   |   |   |   |--- feature_21 <= 0.96
|   |   |   |   |   |   |   |   |   |--- feature_21 <= 0.07
|   |   |   |   |   |   |   |   |   |   |--- feature_13 <= 7.00
|   |   |   |   |   |   |   |   |   |   |   |--- truncated branch of depth 4
|   |   |   |   |   |   |   |   |   |   |--- feature_13 >  7.00
|   |   |   |   |   |   |   |   |   |   |   |--- class: negative
|   |   |   |   |   |   |   |   |   |--- feature_21 >  0.07
|   |   |   |   |   |   |   |   |   |   |--- class: positive
|   |   |   |   |   |   |   |   |--- feature_21 >  0.96
|   |   |   |   |   |   |   |   |   |--- feature_12 <= 40.06
|   |   |   |   |   |   |   |   |   |   |--- feature_12 <= 32.48
|   |   |   |   |   |   |   |   |   |   |   |--- truncated branch of depth 7
|   |   |   |   |   |   |   |   |   |   |--- feature_12 >  32.48
|   |   |   |   |   |   |   |   |   |   |   |--- truncated branch of depth 7
|   |   |   |   |   |   |   |   |   |--- feature_12 >  40.06
|   |   |   |   |   |   |   |   |   |   |--- feature_2 <= 8.50
|   |   |   |   |   |   |   |   |   |   |   |--- truncated branch of depth 7
|   |   |   |   |   |   |   |   |   |   |--- feature_2 >  8.50
|   |   |   |   |   |   |   |   |   |   |   |--- class: negative
|   |   |   |   |   |   |   |--- feature_11 >  8.62
|   |   |   |   |   |   |   |   |--- feature_12 <= 40.42
|   |   |   |   |   |   |   |   |   |--- feature_12 <= 33.40
|   |   |   |   |   |   |   |   |   |   |--- feature_0 <= 1986.50
|   |   |   |   |   |   |   |   |   |   |   |--- truncated branch of depth 5
|   |   |   |   |   |   |   |   |   |   |--- feature_0 >  1986.50
|   |   |   |   |   |   |   |   |   |   |   |--- truncated branch of depth 3
|   |   |   |   |   |   |   |   |   |--- feature_12 >  33.40
|   |   |   |   |   |   |   |   |   |   |--- feature_8 <= 2.50
|   |   |   |   |   |   |   |   |   |   |   |--- class: positive
|   |   |   |   |   |   |   |   |   |   |--- feature_8 >  2.50
|   |   |   |   |   |   |   |   |   |   |   |--- truncated branch of depth 2
|   |   |   |   |   |   |   |   |--- feature_12 >  40.42
|   |   |   |   |   |   |   |   |   |--- feature_1 <= 5253.00
|   |   |   |   |   |   |   |   |   |   |--- feature_2 <= 3.50
|   |   |   |   |   |   |   |   |   |   |   |--- truncated branch of depth 3
|   |   |   |   |   |   |   |   |   |   |--- feature_2 >  3.50
|   |   |   |   |   |   |   |   |   |   |   |--- truncated branch of depth 7
|   |   |   |   |   |   |   |   |   |--- feature_1 >  5253.00
|   |   |   |   |   |   |   |   |   |   |--- feature_7 <= 11.00
|   |   |   |   |   |   |   |   |   |   |   |--- truncated branch of depth 4
|   |   |   |   |   |   |   |   |   |   |--- feature_7 >  11.00
|   |   |   |   |   |   |   |   |   |   |   |--- class: negative
|   |   |   |--- feature_32 >  0.00
|   |   |   |   |--- feature_32 <= 1.00
|   |   |   |   |   |--- class: positive
|   |   |   |   |--- feature_32 >  1.00
|   |   |   |   |   |--- feature_0 <= 1931.50
|   |   |   |   |   |   |--- feature_9 <= 12.35
|   |   |   |   |   |   |   |--- class: negative
|   |   |   |   |   |   |--- feature_9 >  12.35
|   |   |   |   |   |   |   |--- feature_10 <= 13.85
|   |   |   |   |   |   |   |   |--- feature_10 <= 13.25
|   |   |   |   |   |   |   |   |   |--- class: negative
|   |   |   |   |   |   |   |   |--- feature_10 >  13.25
|   |   |   |   |   |   |   |   |   |--- class: positive
|   |   |   |   |   |   |   |--- feature_10 >  13.85
|   |   |   |   |   |   |   |   |--- feature_10 <= 22.75
|   |   |   |   |   |   |   |   |   |--- class: negative
|   |   |   |   |   |   |   |   |--- feature_10 >  22.75
|   |   |   |   |   |   |   |   |   |--- feature_10 <= 23.05
|   |   |   |   |   |   |   |   |   |   |--- class: positive
|   |   |   |   |   |   |   |   |   |--- feature_10 >  23.05
|   |   |   |   |   |   |   |   |   |   |--- feature_0 <= 1910.00
|   |   |   |   |   |   |   |   |   |   |   |--- class: negative
|   |   |   |   |   |   |   |   |   |   |--- feature_0 >  1910.00
|   |   |   |   |   |   |   |   |   |   |   |--- truncated branch of depth 4
|   |   |   |   |   |--- feature_0 >  1931.50
|   |   |   |   |   |   |--- feature_2 <= 0.50
|   |   |   |   |   |   |   |--- feature_52 <= 0.03
|   |   |   |   |   |   |   |   |--- feature_1 <= 2011.50
|   |   |   |   |   |   |   |   |   |--- feature_11 <= 10.48
|   |   |   |   |   |   |   |   |   |   |--- feature_12 <= 36.45
|   |   |   |   |   |   |   |   |   |   |   |--- class: negative
|   |   |   |   |   |   |   |   |   |   |--- feature_12 >  36.45
|   |   |   |   |   |   |   |   |   |   |   |--- truncated branch of depth 7
|   |   |   |   |   |   |   |   |   |--- feature_11 >  10.48
|   |   |   |   |   |   |   |   |   |   |--- feature_10 <= 11.95
|   |   |   |   |   |   |   |   |   |   |   |--- truncated branch of depth 2
|   |   |   |   |   |   |   |   |   |   |--- feature_10 >  11.95
|   |   |   |   |   |   |   |   |   |   |   |--- class: positive
|   |   |   |   |   |   |   |   |--- feature_1 >  2011.50
|   |   |   |   |   |   |   |   |   |--- feature_0 <= 1976.50
|   |   |   |   |   |   |   |   |   |   |--- feature_7 <= 30.00
|   |   |   |   |   |   |   |   |   |   |   |--- truncated branch of depth 3
|   |   |   |   |   |   |   |   |   |   |--- feature_7 >  30.00
|   |   |   |   |   |   |   |   |   |   |   |--- class: negative
|   |   |   |   |   |   |   |   |   |--- feature_0 >  1976.50
|   |   |   |   |   |   |   |   |   |   |--- class: negative
|   |   |   |   |   |   |   |--- feature_52 >  0.03
|   |   |   |   |   |   |   |   |--- feature_52 <= 0.97
|   |   |   |   |   |   |   |   |   |--- class: positive
|   |   |   |   |   |   |   |   |--- feature_52 >  0.97
|   |   |   |   |   |   |   |   |   |--- feature_7 <= 2.50
|   |   |   |   |   |   |   |   |   |   |--- feature_10 <= 26.05
|   |   |   |   |   |   |   |   |   |   |   |--- truncated branch of depth 4
|   |   |   |   |   |   |   |   |   |   |--- feature_10 >  26.05
|   |   |   |   |   |   |   |   |   |   |   |--- truncated branch of depth 3
|   |   |   |   |   |   |   |   |   |--- feature_7 >  2.50
|   |   |   |   |   |   |   |   |   |   |--- class: negative
|   |   |   |   |   |   |--- feature_2 >  0.50
|   |   |   |   |   |   |   |--- feature_21 <= 0.02
|   |   |   |   |   |   |   |   |--- feature_13 <= 6.71
|   |   |   |   |   |   |   |   |   |--- feature_9 <= 26.65
|   |   |   |   |   |   |   |   |   |   |--- feature_7 <= 32.50
|   |   |   |   |   |   |   |   |   |   |   |--- truncated branch of depth 5
|   |   |   |   |   |   |   |   |   |   |--- feature_7 >  32.50
|   |   |   |   |   |   |   |   |   |   |   |--- class: positive
|   |   |   |   |   |   |   |   |   |--- feature_9 >  26.65
|   |   |   |   |   |   |   |   |   |   |--- feature_7 <= 5.00
|   |   |   |   |   |   |   |   |   |   |   |--- truncated branch of depth 3
|   |   |   |   |   |   |   |   |   |   |--- feature_7 >  5.00
|   |   |   |   |   |   |   |   |   |   |   |--- class: negative
|   |   |   |   |   |   |   |   |--- feature_13 >  6.71
|   |   |   |   |   |   |   |   |   |--- feature_10 <= 14.30
|   |   |   |   |   |   |   |   |   |   |--- class: negative
|   |   |   |   |   |   |   |   |   |--- feature_10 >  14.30
|   |   |   |   |   |   |   |   |   |   |--- feature_12 <= 39.60
|   |   |   |   |   |   |   |   |   |   |   |--- class: negative
|   |   |   |   |   |   |   |   |   |   |--- feature_12 >  39.60
|   |   |   |   |   |   |   |   |   |   |   |--- truncated branch of depth 7
|   |   |   |   |   |   |   |--- feature_21 >  0.02
|   |   |   |   |   |   |   |   |--- feature_21 <= 0.99
|   |   |   |   |   |   |   |   |   |--- class: positive
|   |   |   |   |   |   |   |   |--- feature_21 >  0.99
|   |   |   |   |   |   |   |   |   |--- feature_0 <= 1983.50
|   |   |   |   |   |   |   |   |   |   |--- feature_1 <= 5575.00
|   |   |   |   |   |   |   |   |   |   |   |--- truncated branch of depth 7
|   |   |   |   |   |   |   |   |   |   |--- feature_1 >  5575.00
|   |   |   |   |   |   |   |   |   |   |   |--- truncated branch of depth 7
|   |   |   |   |   |   |   |   |   |--- feature_0 >  1983.50
|   |   |   |   |   |   |   |   |   |   |--- feature_13 <= 5.50
|   |   |   |   |   |   |   |   |   |   |   |--- class: negative
|   |   |   |   |   |   |   |   |   |   |--- feature_13 >  5.50
|   |   |   |   |   |   |   |   |   |   |   |--- truncated branch of depth 7
|   |   |--- feature_48 >  0.00
|   |   |   |--- feature_48 <= 1.00
|   |   |   |   |--- class: positive
|   |   |   |--- feature_48 >  1.00
|   |   |   |   |--- feature_30 <= 0.00
|   |   |   |   |   |--- feature_1 <= 32792.50
|   |   |   |   |   |   |--- feature_29 <= 0.00
|   |   |   |   |   |   |   |--- feature_13 <= 8.00
|   |   |   |   |   |   |   |   |--- feature_13 <= 7.00
|   |   |   |   |   |   |   |   |   |--- feature_13 <= 5.00
|   |   |   |   |   |   |   |   |   |   |--- feature_1 <= 14420.00
|   |   |   |   |   |   |   |   |   |   |   |--- truncated branch of depth 7
|   |   |   |   |   |   |   |   |   |   |--- feature_1 >  14420.00
|   |   |   |   |   |   |   |   |   |   |   |--- truncated branch of depth 5
|   |   |   |   |   |   |   |   |   |--- feature_13 >  5.00
|   |   |   |   |   |   |   |   |   |   |--- feature_13 <= 6.00
|   |   |   |   |   |   |   |   |   |   |   |--- class: positive
|   |   |   |   |   |   |   |   |   |   |--- feature_13 >  6.00
|   |   |   |   |   |   |   |   |   |   |   |--- truncated branch of depth 7
|   |   |   |   |   |   |   |   |--- feature_13 >  7.00
|   |   |   |   |   |   |   |   |   |--- class: positive
|   |   |   |   |   |   |   |--- feature_13 >  8.00
|   |   |   |   |   |   |   |   |--- feature_0 <= 1946.50
|   |   |   |   |   |   |   |   |   |--- feature_2 <= 6.50
|   |   |   |   |   |   |   |   |   |   |--- feature_28 <= 0.02
|   |   |   |   |   |   |   |   |   |   |   |--- truncated branch of depth 3
|   |   |   |   |   |   |   |   |   |   |--- feature_28 >  0.02
|   |   |   |   |   |   |   |   |   |   |   |--- truncated branch of depth 5
|   |   |   |   |   |   |   |   |   |--- feature_2 >  6.50
|   |   |   |   |   |   |   |   |   |   |--- feature_1 <= 205.50
|   |   |   |   |   |   |   |   |   |   |   |--- truncated branch of depth 4
|   |   |   |   |   |   |   |   |   |   |--- feature_1 >  205.50
|   |   |   |   |   |   |   |   |   |   |   |--- class: negative
|   |   |   |   |   |   |   |   |--- feature_0 >  1946.50
|   |   |   |   |   |   |   |   |   |--- feature_32 <= 0.03
|   |   |   |   |   |   |   |   |   |   |--- feature_31 <= 0.01
|   |   |   |   |   |   |   |   |   |   |   |--- truncated branch of depth 7
|   |   |   |   |   |   |   |   |   |   |--- feature_31 >  0.01
|   |   |   |   |   |   |   |   |   |   |   |--- truncated branch of depth 7
|   |   |   |   |   |   |   |   |   |--- feature_32 >  0.03
|   |   |   |   |   |   |   |   |   |   |--- feature_32 <= 0.99
|   |   |   |   |   |   |   |   |   |   |   |--- class: positive
|   |   |   |   |   |   |   |   |   |   |--- feature_32 >  0.99
|   |   |   |   |   |   |   |   |   |   |   |--- truncated branch of depth 7
|   |   |   |   |   |   |--- feature_29 >  0.00
|   |   |   |   |   |   |   |--- feature_29 <= 1.00
|   |   |   |   |   |   |   |   |--- class: positive
|   |   |   |   |   |   |   |--- feature_29 >  1.00
|   |   |   |   |   |   |   |   |--- feature_10 <= 57.44
|   |   |   |   |   |   |   |   |   |--- feature_13 <= 5.92
|   |   |   |   |   |   |   |   |   |   |--- feature_13 <= 5.12
|   |   |   |   |   |   |   |   |   |   |   |--- truncated branch of depth 7
|   |   |   |   |   |   |   |   |   |   |--- feature_13 >  5.12
|   |   |   |   |   |   |   |   |   |   |   |--- class: positive
|   |   |   |   |   |   |   |   |   |--- feature_13 >  5.92
|   |   |   |   |   |   |   |   |   |   |--- feature_10 <= 12.05
|   |   |   |   |   |   |   |   |   |   |   |--- truncated branch of depth 5
|   |   |   |   |   |   |   |   |   |   |--- feature_10 >  12.05
|   |   |   |   |   |   |   |   |   |   |   |--- truncated branch of depth 7
|   |   |   |   |   |   |   |   |--- feature_10 >  57.44
|   |   |   |   |   |   |   |   |   |--- feature_10 <= 60.85
|   |   |   |   |   |   |   |   |   |   |--- feature_11 <= 12.20
|   |   |   |   |   |   |   |   |   |   |   |--- class: positive
|   |   |   |   |   |   |   |   |   |   |--- feature_11 >  12.20
|   |   |   |   |   |   |   |   |   |   |   |--- class: negative
|   |   |   |   |   |   |   |   |   |--- feature_10 >  60.85
|   |   |   |   |   |   |   |   |   |   |--- feature_11 <= 7.57
|   |   |   |   |   |   |   |   |   |   |   |--- truncated branch of depth 3
|   |   |   |   |   |   |   |   |   |   |--- feature_11 >  7.57
|   |   |   |   |   |   |   |   |   |   |   |--- truncated branch of depth 7
|   |   |   |   |   |--- feature_1 >  32792.50
|   |   |   |   |   |   |--- feature_2 <= 11.50
|   |   |   |   |   |   |   |--- feature_9 <= 22.06
|   |   |   |   |   |   |   |   |--- class: negative
|   |   |   |   |   |   |   |--- feature_9 >  22.06
|   |   |   |   |   |   |   |   |--- feature_11 <= 24.83
|   |   |   |   |   |   |   |   |   |--- feature_32 <= 0.50
|   |   |   |   |   |   |   |   |   |   |--- class: negative
|   |   |   |   |   |   |   |   |   |--- feature_32 >  0.50
|   |   |   |   |   |   |   |   |   |   |--- feature_7 <= 44.50
|   |   |   |   |   |   |   |   |   |   |   |--- class: negative
|   |   |   |   |   |   |   |   |   |   |--- feature_7 >  44.50
|   |   |   |   |   |   |   |   |   |   |   |--- class: positive
|   |   |   |   |   |   |   |   |--- feature_11 >  24.83
|   |   |   |   |   |   |   |   |   |--- feature_11 <= 34.25
|   |   |   |   |   |   |   |   |   |   |--- feature_7 <= 7.00
|   |   |   |   |   |   |   |   |   |   |   |--- class: negative
|   |   |   |   |   |   |   |   |   |   |--- feature_7 >  7.00
|   |   |   |   |   |   |   |   |   |   |   |--- class: positive
|   |   |   |   |   |   |   |   |   |--- feature_11 >  34.25
|   |   |   |   |   |   |   |   |   |   |--- class: negative
|   |   |   |   |   |   |--- feature_2 >  11.50
|   |   |   |   |   |   |   |--- feature_33 <= 0.98
|   |   |   |   |   |   |   |   |--- feature_0 <= 1968.50
|   |   |   |   |   |   |   |   |   |--- class: positive
|   |   |   |   |   |   |   |   |--- feature_0 >  1968.50
|   |   |   |   |   |   |   |   |   |--- feature_11 <= 24.10
|   |   |   |   |   |   |   |   |   |   |--- class: positive
|   |   |   |   |   |   |   |   |   |--- feature_11 >  24.10
|   |   |   |   |   |   |   |   |   |   |--- class: negative
|   |   |   |   |   |   |   |--- feature_33 >  0.98
|   |   |   |   |   |   |   |   |--- feature_0 <= 1963.00
|   |   |   |   |   |   |   |   |   |--- feature_2 <= 23.50
|   |   |   |   |   |   |   |   |   |   |--- class: positive
|   |   |   |   |   |   |   |   |   |--- feature_2 >  23.50
|   |   |   |   |   |   |   |   |   |   |--- feature_11 <= 31.44
|   |   |   |   |   |   |   |   |   |   |   |--- class: negative
|   |   |   |   |   |   |   |   |   |   |--- feature_11 >  31.44
|   |   |   |   |   |   |   |   |   |   |   |--- class: positive
|   |   |   |   |   |   |   |   |--- feature_0 >  1963.00
|   |   |   |   |   |   |   |   |   |--- feature_1 <= 34252.50
|   |   |   |   |   |   |   |   |   |   |--- class: positive
|   |   |   |   |   |   |   |   |   |--- feature_1 >  34252.50
|   |   |   |   |   |   |   |   |   |   |--- class: negative
|   |   |   |   |--- feature_30 >  0.00
|   |   |   |   |   |--- feature_30 <= 1.00
|   |   |   |   |   |   |--- class: positive
|   |   |   |   |   |--- feature_30 >  1.00
|   |   |   |   |   |   |--- feature_0 <= 1960.50
|   |   |   |   |   |   |   |--- feature_2 <= 10.50
|   |   |   |   |   |   |   |   |--- feature_0 <= 1903.00
|   |   |   |   |   |   |   |   |   |--- feature_7 <= 2.50
|   |   |   |   |   |   |   |   |   |   |--- feature_1 <= 410.00
|   |   |   |   |   |   |   |   |   |   |   |--- truncated branch of depth 7
|   |   |   |   |   |   |   |   |   |   |--- feature_1 >  410.00
|   |   |   |   |   |   |   |   |   |   |   |--- class: negative
|   |   |   |   |   |   |   |   |   |--- feature_7 >  2.50
|   |   |   |   |   |   |   |   |   |   |--- class: negative
|   |   |   |   |   |   |   |   |--- feature_0 >  1903.00
|   |   |   |   |   |   |   |   |   |--- feature_1 <= 77.50
|   |   |   |   |   |   |   |   |   |   |--- feature_13 <= 5.50
|   |   |   |   |   |   |   |   |   |   |   |--- truncated branch of depth 3
|   |   |   |   |   |   |   |   |   |   |--- feature_13 >  5.50
|   |   |   |   |   |   |   |   |   |   |   |--- class: negative
|   |   |   |   |   |   |   |   |   |--- feature_1 >  77.50
|   |   |   |   |   |   |   |   |   |   |--- feature_7 <= 31.50
|   |   |   |   |   |   |   |   |   |   |   |--- class: negative
|   |   |   |   |   |   |   |   |   |   |--- feature_7 >  31.50
|   |   |   |   |   |   |   |   |   |   |   |--- truncated branch of depth 3
|   |   |   |   |   |   |   |--- feature_2 >  10.50
|   |   |   |   |   |   |   |   |--- feature_10 <= 14.65
|   |   |   |   |   |   |   |   |   |--- class: negative
|   |   |   |   |   |   |   |   |--- feature_10 >  14.65
|   |   |   |   |   |   |   |   |   |--- feature_7 <= 22.00
|   |   |   |   |   |   |   |   |   |   |--- feature_11 <= 10.72
|   |   |   |   |   |   |   |   |   |   |   |--- truncated branch of depth 2
|   |   |   |   |   |   |   |   |   |   |--- feature_11 >  10.72
|   |   |   |   |   |   |   |   |   |   |   |--- class: positive
|   |   |   |   |   |   |   |   |   |--- feature_7 >  22.00
|   |   |   |   |   |   |   |   |   |   |--- feature_11 <= 11.35
|   |   |   |   |   |   |   |   |   |   |   |--- class: positive
|   |   |   |   |   |   |   |   |   |   |--- feature_11 >  11.35
|   |   |   |   |   |   |   |   |   |   |   |--- class: negative
|   |   |   |   |   |   |--- feature_0 >  1960.50
|   |   |   |   |   |   |   |--- feature_1 <= 13.50
|   |   |   |   |   |   |   |   |--- feature_23 <= 0.89
|   |   |   |   |   |   |   |   |   |--- class: positive
|   |   |   |   |   |   |   |   |--- feature_23 >  0.89
|   |   |   |   |   |   |   |   |   |--- feature_11 <= 5.64
|   |   |   |   |   |   |   |   |   |   |--- class: negative
|   |   |   |   |   |   |   |   |   |--- feature_11 >  5.64
|   |   |   |   |   |   |   |   |   |   |--- feature_9 <= 7.30
|   |   |   |   |   |   |   |   |   |   |   |--- class: negative
|   |   |   |   |   |   |   |   |   |   |--- feature_9 >  7.30
|   |   |   |   |   |   |   |   |   |   |   |--- truncated branch of depth 2
|   |   |   |   |   |   |   |--- feature_1 >  13.50
|   |   |   |   |   |   |   |   |--- feature_0 <= 1970.50
|   |   |   |   |   |   |   |   |   |--- feature_1 <= 209.00
|   |   |   |   |   |   |   |   |   |   |--- feature_1 <= 98.50
|   |   |   |   |   |   |   |   |   |   |   |--- class: negative
|   |   |   |   |   |   |   |   |   |   |--- feature_1 >  98.50
|   |   |   |   |   |   |   |   |   |   |   |--- truncated branch of depth 6
|   |   |   |   |   |   |   |   |   |--- feature_1 >  209.00
|   |   |   |   |   |   |   |   |   |   |--- feature_11 <= 14.90
|   |   |   |   |   |   |   |   |   |   |   |--- truncated branch of depth 7
|   |   |   |   |   |   |   |   |   |   |--- feature_11 >  14.90
|   |   |   |   |   |   |   |   |   |   |   |--- truncated branch of depth 5
|   |   |   |   |   |   |   |   |--- feature_0 >  1970.50
|   |   |   |   |   |   |   |   |   |--- feature_2 <= 7.00
|   |   |   |   |   |   |   |   |   |   |--- feature_0 <= 1977.50
|   |   |   |   |   |   |   |   |   |   |   |--- truncated branch of depth 7
|   |   |   |   |   |   |   |   |   |   |--- feature_0 >  1977.50
|   |   |   |   |   |   |   |   |   |   |   |--- class: negative
|   |   |   |   |   |   |   |   |   |--- feature_2 >  7.00
|   |   |   |   |   |   |   |   |   |   |--- feature_1 <= 208.50
|   |   |   |   |   |   |   |   |   |   |   |--- truncated branch of depth 3
|   |   |   |   |   |   |   |   |   |   |--- feature_1 >  208.50
|   |   |   |   |   |   |   |   |   |   |   |--- truncated branch of depth 3
|   |--- feature_46 >  0.00
|   |   |--- feature_46 <= 1.00
|   |   |   |--- class: positive
|   |   |--- feature_46 >  1.00
|   |   |   |--- feature_0 <= 1941.50
|   |   |   |   |--- feature_7 <= 0.50
|   |   |   |   |   |--- feature_9 <= 10.09
|   |   |   |   |   |   |--- feature_2 <= 9.50
|   |   |   |   |   |   |   |--- feature_2 <= 1.50
|   |   |   |   |   |   |   |   |--- feature_21 <= 0.10
|   |   |   |   |   |   |   |   |   |--- feature_9 <= 8.05
|   |   |   |   |   |   |   |   |   |   |--- feature_13 <= 3.50
|   |   |   |   |   |   |   |   |   |   |   |--- class: positive
|   |   |   |   |   |   |   |   |   |   |--- feature_13 >  3.50
|   |   |   |   |   |   |   |   |   |   |   |--- truncated branch of depth 7
|   |   |   |   |   |   |   |   |   |--- feature_9 >  8.05
|   |   |   |   |   |   |   |   |   |   |--- feature_1 <= 145.00
|   |   |   |   |   |   |   |   |   |   |   |--- truncated branch of depth 4
|   |   |   |   |   |   |   |   |   |   |--- feature_1 >  145.00
|   |   |   |   |   |   |   |   |   |   |   |--- class: negative
|   |   |   |   |   |   |   |   |--- feature_21 >  0.10
|   |   |   |   |   |   |   |   |   |--- feature_1 <= 30.00
|   |   |   |   |   |   |   |   |   |   |--- class: negative
|   |   |   |   |   |   |   |   |   |--- feature_1 >  30.00
|   |   |   |   |   |   |   |   |   |   |--- class: positive
|   |   |   |   |   |   |   |--- feature_2 >  1.50
|   |   |   |   |   |   |   |   |--- class: negative
|   |   |   |   |   |   |--- feature_2 >  9.50
|   |   |   |   |   |   |   |--- feature_1 <= 1175.00
|   |   |   |   |   |   |   |   |--- feature_1 <= 350.00
|   |   |   |   |   |   |   |   |   |--- class: negative
|   |   |   |   |   |   |   |   |--- feature_1 >  350.00
|   |   |   |   |   |   |   |   |   |--- feature_1 <= 690.00
|   |   |   |   |   |   |   |   |   |   |--- feature_35 <= 0.50
|   |   |   |   |   |   |   |   |   |   |   |--- class: negative
|   |   |   |   |   |   |   |   |   |   |--- feature_35 >  0.50
|   |   |   |   |   |   |   |   |   |   |   |--- class: positive
|   |   |   |   |   |   |   |   |   |--- feature_1 >  690.00
|   |   |   |   |   |   |   |   |   |   |--- class: positive
|   |   |   |   |   |   |   |--- feature_1 >  1175.00
|   |   |   |   |   |   |   |   |--- class: negative
|   |   |   |   |   |--- feature_9 >  10.09
|   |   |   |   |   |   |--- feature_12 <= 33.24
|   |   |   |   |   |   |   |--- feature_9 <= 14.42
|   |   |   |   |   |   |   |   |--- class: positive
|   |   |   |   |   |   |   |--- feature_9 >  14.42
|   |   |   |   |   |   |   |   |--- class: negative
|   |   |   |   |   |   |--- feature_12 >  33.24
|   |   |   |   |   |   |   |--- class: negative
|   |   |   |   |--- feature_7 >  0.50
|   |   |   |   |   |--- feature_0 <= 1901.00
|   |   |   |   |   |   |--- feature_2 <= 9.00
|   |   |   |   |   |   |   |--- feature_1 <= 20.00
|   |   |   |   |   |   |   |   |--- feature_12 <= 35.10
|   |   |   |   |   |   |   |   |   |--- feature_11 <= 5.95
|   |   |   |   |   |   |   |   |   |   |--- class: positive
|   |   |   |   |   |   |   |   |   |--- feature_11 >  5.95
|   |   |   |   |   |   |   |   |   |   |--- class: negative
|   |   |   |   |   |   |   |   |--- feature_12 >  35.10
|   |   |   |   |   |   |   |   |   |--- class: negative
|   |   |   |   |   |   |   |--- feature_1 >  20.00
|   |   |   |   |   |   |   |   |--- class: negative
|   |   |   |   |   |   |--- feature_2 >  9.00
|   |   |   |   |   |   |   |--- feature_12 <= 26.10
|   |   |   |   |   |   |   |   |--- class: positive
|   |   |   |   |   |   |   |--- feature_12 >  26.10
|   |   |   |   |   |   |   |   |--- class: negative
|   |   |   |   |   |--- feature_0 >  1901.00
|   |   |   |   |   |   |--- feature_28 <= 0.01
|   |   |   |   |   |   |   |--- feature_14 <= 1.50
|   |   |   |   |   |   |   |   |--- feature_0 <= 1926.00
|   |   |   |   |   |   |   |   |   |--- class: positive
|   |   |   |   |   |   |   |   |--- feature_0 >  1926.00
|   |   |   |   |   |   |   |   |   |--- feature_17 <= 1.00
|   |   |   |   |   |   |   |   |   |   |--- class: positive
|   |   |   |   |   |   |   |   |   |--- feature_17 >  1.00
|   |   |   |   |   |   |   |   |   |   |--- feature_9 <= 6.89
|   |   |   |   |   |   |   |   |   |   |   |--- truncated branch of depth 5
|   |   |   |   |   |   |   |   |   |   |--- feature_9 >  6.89
|   |   |   |   |   |   |   |   |   |   |   |--- class: negative
|   |   |   |   |   |   |   |--- feature_14 >  1.50
|   |   |   |   |   |   |   |   |--- feature_35 <= 0.99
|   |   |   |   |   |   |   |   |   |--- feature_35 <= 0.08
|   |   |   |   |   |   |   |   |   |   |--- feature_12 <= 36.40
|   |   |   |   |   |   |   |   |   |   |   |--- truncated branch of depth 7
|   |   |   |   |   |   |   |   |   |   |--- feature_12 >  36.40
|   |   |   |   |   |   |   |   |   |   |   |--- class: negative
|   |   |   |   |   |   |   |   |   |--- feature_35 >  0.08
|   |   |   |   |   |   |   |   |   |   |--- class: positive
|   |   |   |   |   |   |   |   |--- feature_35 >  0.99
|   |   |   |   |   |   |   |   |   |--- feature_0 <= 1912.00
|   |   |   |   |   |   |   |   |   |   |--- class: positive
|   |   |   |   |   |   |   |   |   |--- feature_0 >  1912.00
|   |   |   |   |   |   |   |   |   |   |--- feature_7 <= 22.50
|   |   |   |   |   |   |   |   |   |   |   |--- truncated branch of depth 4
|   |   |   |   |   |   |   |   |   |   |--- feature_7 >  22.50
|   |   |   |   |   |   |   |   |   |   |   |--- class: negative
|   |   |   |   |   |   |--- feature_28 >  0.01
|   |   |   |   |   |   |   |--- feature_28 <= 0.95
|   |   |   |   |   |   |   |   |--- class: positive
|   |   |   |   |   |   |   |--- feature_28 >  0.95
|   |   |   |   |   |   |   |   |--- feature_1 <= 339.00
|   |   |   |   |   |   |   |   |   |--- class: positive
|   |   |   |   |   |   |   |   |--- feature_1 >  339.00
|   |   |   |   |   |   |   |   |   |--- class: negative
|   |   |   |--- feature_0 >  1941.50
|   |   |   |   |--- feature_13 <= 5.00
|   |   |   |   |   |--- feature_13 <= 4.98
|   |   |   |   |   |   |--- feature_13 <= 4.00
|   |   |   |   |   |   |   |--- feature_7 <= 16.00
|   |   |   |   |   |   |   |   |--- feature_0 <= 1974.00
|   |   |   |   |   |   |   |   |   |--- class: negative
|   |   |   |   |   |   |   |   |--- feature_0 >  1974.00
|   |   |   |   |   |   |   |   |   |--- class: positive
|   |   |   |   |   |   |   |--- feature_7 >  16.00
|   |   |   |   |   |   |   |   |--- feature_11 <= 12.80
|   |   |   |   |   |   |   |   |   |--- feature_30 <= 0.50
|   |   |   |   |   |   |   |   |   |   |--- feature_10 <= 7.75
|   |   |   |   |   |   |   |   |   |   |   |--- class: positive
|   |   |   |   |   |   |   |   |   |   |--- feature_10 >  7.75
|   |   |   |   |   |   |   |   |   |   |   |--- truncated branch of depth 3
|   |   |   |   |   |   |   |   |   |--- feature_30 >  0.50
|   |   |   |   |   |   |   |   |   |   |--- class: negative
|   |   |   |   |   |   |   |   |--- feature_11 >  12.80
|   |   |   |   |   |   |   |   |   |--- class: positive
|   |   |   |   |   |   |--- feature_13 >  4.00
|   |   |   |   |   |   |   |--- class: positive
|   |   |   |   |   |--- feature_13 >  4.98
|   |   |   |   |   |   |--- feature_1 <= 5885.00
|   |   |   |   |   |   |   |--- feature_12 <= 35.18
|   |   |   |   |   |   |   |   |--- feature_11 <= 11.83
|   |   |   |   |   |   |   |   |   |--- feature_1 <= 225.50
|   |   |   |   |   |   |   |   |   |   |--- feature_0 <= 1971.50
|   |   |   |   |   |   |   |   |   |   |   |--- truncated branch of depth 6
|   |   |   |   |   |   |   |   |   |   |--- feature_0 >  1971.50
|   |   |   |   |   |   |   |   |   |   |   |--- class: negative
|   |   |   |   |   |   |   |   |   |--- feature_1 >  225.50
|   |   |   |   |   |   |   |   |   |   |--- feature_9 <= 10.52
|   |   |   |   |   |   |   |   |   |   |   |--- truncated branch of depth 3
|   |   |   |   |   |   |   |   |   |   |--- feature_9 >  10.52
|   |   |   |   |   |   |   |   |   |   |   |--- truncated branch of depth 6
|   |   |   |   |   |   |   |   |--- feature_11 >  11.83
|   |   |   |   |   |   |   |   |   |--- feature_11 <= 12.19
|   |   |   |   |   |   |   |   |   |   |--- class: positive
|   |   |   |   |   |   |   |   |   |--- feature_11 >  12.19
|   |   |   |   |   |   |   |   |   |   |--- feature_2 <= 15.50
|   |   |   |   |   |   |   |   |   |   |   |--- truncated branch of depth 5
|   |   |   |   |   |   |   |   |   |   |--- feature_2 >  15.50
|   |   |   |   |   |   |   |   |   |   |   |--- class: positive
|   |   |   |   |   |   |   |--- feature_12 >  35.18
|   |   |   |   |   |   |   |   |--- feature_1 <= 4494.50
|   |   |   |   |   |   |   |   |   |--- feature_7 <= 1.00
|   |   |   |   |   |   |   |   |   |   |--- feature_2 <= 0.50
|   |   |   |   |   |   |   |   |   |   |   |--- truncated branch of depth 4
|   |   |   |   |   |   |   |   |   |   |--- feature_2 >  0.50
|   |   |   |   |   |   |   |   |   |   |   |--- truncated branch of depth 6
|   |   |   |   |   |   |   |   |   |--- feature_7 >  1.00
|   |   |   |   |   |   |   |   |   |   |--- feature_1 <= 3493.00
|   |   |   |   |   |   |   |   |   |   |   |--- truncated branch of depth 7
|   |   |   |   |   |   |   |   |   |   |--- feature_1 >  3493.00
|   |   |   |   |   |   |   |   |   |   |   |--- truncated branch of depth 5
|   |   |   |   |   |   |   |   |--- feature_1 >  4494.50
|   |   |   |   |   |   |   |   |   |--- feature_11 <= 9.45
|   |   |   |   |   |   |   |   |   |   |--- feature_2 <= 6.00
|   |   |   |   |   |   |   |   |   |   |   |--- class: negative
|   |   |   |   |   |   |   |   |   |   |--- feature_2 >  6.00
|   |   |   |   |   |   |   |   |   |   |   |--- class: positive
|   |   |   |   |   |   |   |   |   |--- feature_11 >  9.45
|   |   |   |   |   |   |   |   |   |   |--- class: negative
|   |   |   |   |   |   |--- feature_1 >  5885.00
|   |   |   |   |   |   |   |--- feature_29 <= 0.00
|   |   |   |   |   |   |   |   |--- feature_1 <= 6052.50
|   |   |   |   |   |   |   |   |   |--- class: positive
|   |   |   |   |   |   |   |   |--- feature_1 >  6052.50
|   |   |   |   |   |   |   |   |   |--- feature_2 <= 35.50
|   |   |   |   |   |   |   |   |   |   |--- feature_9 <= 13.40
|   |   |   |   |   |   |   |   |   |   |   |--- truncated branch of depth 7
|   |   |   |   |   |   |   |   |   |   |--- feature_9 >  13.40
|   |   |   |   |   |   |   |   |   |   |   |--- truncated branch of depth 3
|   |   |   |   |   |   |   |   |   |--- feature_2 >  35.50
|   |   |   |   |   |   |   |   |   |   |--- class: negative
|   |   |   |   |   |   |   |--- feature_29 >  0.00
|   |   |   |   |   |   |   |   |--- feature_0 <= 1958.00
|   |   |   |   |   |   |   |   |   |--- feature_0 <= 1955.00
|   |   |   |   |   |   |   |   |   |   |--- class: positive
|   |   |   |   |   |   |   |   |   |--- feature_0 >  1955.00
|   |   |   |   |   |   |   |   |   |   |--- class: negative
|   |   |   |   |   |   |   |   |--- feature_0 >  1958.00
|   |   |   |   |   |   |   |   |   |--- class: positive
|   |   |   |   |--- feature_13 >  5.00
|   |   |   |   |   |--- feature_13 <= 8.00
|   |   |   |   |   |   |--- feature_13 <= 6.00
|   |   |   |   |   |   |   |--- class: positive
|   |   |   |   |   |   |--- feature_13 >  6.00
|   |   |   |   |   |   |   |--- feature_13 <= 7.00
|   |   |   |   |   |   |   |   |--- feature_13 <= 7.00
|   |   |   |   |   |   |   |   |   |--- feature_13 <= 6.00
|   |   |   |   |   |   |   |   |   |   |--- feature_31 <= 0.01
|   |   |   |   |   |   |   |   |   |   |   |--- truncated branch of depth 7
|   |   |   |   |   |   |   |   |   |   |--- feature_31 >  0.01
|   |   |   |   |   |   |   |   |   |   |   |--- truncated branch of depth 3
|   |   |   |   |   |   |   |   |   |--- feature_13 >  6.00
|   |   |   |   |   |   |   |   |   |   |--- class: positive
|   |   |   |   |   |   |   |   |--- feature_13 >  7.00
|   |   |   |   |   |   |   |   |   |--- feature_1 <= 2055.00
|   |   |   |   |   |   |   |   |   |   |--- class: negative
|   |   |   |   |   |   |   |   |   |--- feature_1 >  2055.00
|   |   |   |   |   |   |   |   |   |   |--- feature_12 <= 39.96
|   |   |   |   |   |   |   |   |   |   |   |--- class: positive
|   |   |   |   |   |   |   |   |   |   |--- feature_12 >  39.96
|   |   |   |   |   |   |   |   |   |   |   |--- truncated branch of depth 2
|   |   |   |   |   |   |   |--- feature_13 >  7.00
|   |   |   |   |   |   |   |   |--- class: positive
|   |   |   |   |   |--- feature_13 >  8.00
|   |   |   |   |   |   |--- feature_1 <= 995.00
|   |   |   |   |   |   |   |--- feature_11 <= 5.13
|   |   |   |   |   |   |   |   |--- feature_18 <= 0.18
|   |   |   |   |   |   |   |   |   |--- class: negative
|   |   |   |   |   |   |   |   |--- feature_18 >  0.18
|   |   |   |   |   |   |   |   |   |--- class: positive
|   |   |   |   |   |   |   |--- feature_11 >  5.13
|   |   |   |   |   |   |   |   |--- feature_2 <= 14.50
|   |   |   |   |   |   |   |   |   |--- feature_1 <= 816.00
|   |   |   |   |   |   |   |   |   |   |--- feature_0 <= 1988.50
|   |   |   |   |   |   |   |   |   |   |   |--- truncated branch of depth 7
|   |   |   |   |   |   |   |   |   |   |--- feature_0 >  1988.50
|   |   |   |   |   |   |   |   |   |   |   |--- class: positive
|   |   |   |   |   |   |   |   |   |--- feature_1 >  816.00
|   |   |   |   |   |   |   |   |   |   |--- class: negative
|   |   |   |   |   |   |   |   |--- feature_2 >  14.50
|   |   |   |   |   |   |   |   |   |--- feature_32 <= 0.27
|   |   |   |   |   |   |   |   |   |   |--- feature_1 <= 750.50
|   |   |   |   |   |   |   |   |   |   |   |--- class: negative
|   |   |   |   |   |   |   |   |   |   |--- feature_1 >  750.50
|   |   |   |   |   |   |   |   |   |   |   |--- truncated branch of depth 2
|   |   |   |   |   |   |   |   |   |--- feature_32 >  0.27
|   |   |   |   |   |   |   |   |   |   |--- class: positive
|   |   |   |   |   |   |--- feature_1 >  995.00
|   |   |   |   |   |   |   |--- feature_33 <= 0.99
|   |   |   |   |   |   |   |   |--- feature_33 <= 0.00
|   |   |   |   |   |   |   |   |   |--- feature_0 <= 1969.50
|   |   |   |   |   |   |   |   |   |   |--- feature_0 <= 1968.50
|   |   |   |   |   |   |   |   |   |   |   |--- truncated branch of depth 7
|   |   |   |   |   |   |   |   |   |   |--- feature_0 >  1968.50
|   |   |   |   |   |   |   |   |   |   |   |--- truncated branch of depth 4
|   |   |   |   |   |   |   |   |   |--- feature_0 >  1969.50
|   |   |   |   |   |   |   |   |   |   |--- feature_0 <= 1977.50
|   |   |   |   |   |   |   |   |   |   |   |--- truncated branch of depth 7
|   |   |   |   |   |   |   |   |   |   |--- feature_0 >  1977.50
|   |   |   |   |   |   |   |   |   |   |   |--- class: negative
|   |   |   |   |   |   |   |   |--- feature_33 >  0.00
|   |   |   |   |   |   |   |   |   |--- class: positive
|   |   |   |   |   |   |   |--- feature_33 >  0.99
|   |   |   |   |   |   |   |   |--- feature_1 <= 21226.50
|   |   |   |   |   |   |   |   |   |--- feature_0 <= 1970.50
|   |   |   |   |   |   |   |   |   |   |--- class: negative
|   |   |   |   |   |   |   |   |   |--- feature_0 >  1970.50
|   |   |   |   |   |   |   |   |   |   |--- feature_11 <= 16.95
|   |   |   |   |   |   |   |   |   |   |   |--- truncated branch of depth 7
|   |   |   |   |   |   |   |   |   |   |--- feature_11 >  16.95
|   |   |   |   |   |   |   |   |   |   |   |--- truncated branch of depth 2
|   |   |   |   |   |   |   |   |--- feature_1 >  21226.50
|   |   |   |   |   |   |   |   |   |--- feature_2 <= 14.00
|   |   |   |   |   |   |   |   |   |   |--- feature_2 <= 6.00
|   |   |   |   |   |   |   |   |   |   |   |--- truncated branch of depth 2
|   |   |   |   |   |   |   |   |   |   |--- feature_2 >  6.00
|   |   |   |   |   |   |   |   |   |   |   |--- class: negative
|   |   |   |   |   |   |   |   |   |--- feature_2 >  14.00
|   |   |   |   |   |   |   |   |   |   |--- feature_12 <= 29.70
|   |   |   |   |   |   |   |   |   |   |   |--- class: negative
|   |   |   |   |   |   |   |   |   |   |--- feature_12 >  29.70
|   |   |   |   |   |   |   |   |   |   |   |--- truncated branch of depth 2
|--- feature_0 >  1989.50
|   |--- feature_23 <= 0.00
|   |   |--- feature_35 <= 0.01
|   |   |   |--- feature_13 <= 8.00
|   |   |   |   |--- feature_13 <= 7.00
|   |   |   |   |   |--- feature_13 <= 5.00
|   |   |   |   |   |   |--- feature_0 <= 1992.50
|   |   |   |   |   |   |   |--- feature_1 <= 8564.50
|   |   |   |   |   |   |   |   |--- feature_13 <= 5.00
|   |   |   |   |   |   |   |   |   |--- feature_1 <= 162.50
|   |   |   |   |   |   |   |   |   |   |--- class: positive
|   |   |   |   |   |   |   |   |   |--- feature_1 >  162.50
|   |   |   |   |   |   |   |   |   |   |--- class: negative
|   |   |   |   |   |   |   |   |--- feature_13 >  5.00
|   |   |   |   |   |   |   |   |   |--- feature_10 <= 29.60
|   |   |   |   |   |   |   |   |   |   |--- feature_11 <= 13.30
|   |   |   |   |   |   |   |   |   |   |   |--- class: negative
|   |   |   |   |   |   |   |   |   |   |--- feature_11 >  13.30
|   |   |   |   |   |   |   |   |   |   |   |--- truncated branch of depth 2
|   |   |   |   |   |   |   |   |   |--- feature_10 >  29.60
|   |   |   |   |   |   |   |   |   |   |--- feature_39 <= 0.97
|   |   |   |   |   |   |   |   |   |   |   |--- truncated branch of depth 3
|   |   |   |   |   |   |   |   |   |   |--- feature_39 >  0.97
|   |   |   |   |   |   |   |   |   |   |   |--- truncated branch of depth 2
|   |   |   |   |   |   |   |--- feature_1 >  8564.50
|   |   |   |   |   |   |   |   |--- feature_1 <= 9187.50
|   |   |   |   |   |   |   |   |   |--- class: positive
|   |   |   |   |   |   |   |   |--- feature_1 >  9187.50
|   |   |   |   |   |   |   |   |   |--- feature_9 <= 17.10
|   |   |   |   |   |   |   |   |   |   |--- class: positive
|   |   |   |   |   |   |   |   |   |--- feature_9 >  17.10
|   |   |   |   |   |   |   |   |   |   |--- class: negative
|   |   |   |   |   |   |--- feature_0 >  1992.50
|   |   |   |   |   |   |   |--- feature_50 <= 0.16
|   |   |   |   |   |   |   |   |--- feature_0 <= 1997.50
|   |   |   |   |   |   |   |   |   |--- feature_7 <= 17.00
|   |   |   |   |   |   |   |   |   |   |--- class: negative
|   |   |   |   |   |   |   |   |   |--- feature_7 >  17.00
|   |   |   |   |   |   |   |   |   |   |--- feature_7 <= 31.00
|   |   |   |   |   |   |   |   |   |   |   |--- truncated branch of depth 6
|   |   |   |   |   |   |   |   |   |   |--- feature_7 >  31.00
|   |   |   |   |   |   |   |   |   |   |   |--- class: negative
|   |   |   |   |   |   |   |   |--- feature_0 >  1997.50
|   |   |   |   |   |   |   |   |   |--- class: negative
|   |   |   |   |   |   |   |--- feature_50 >  0.16
|   |   |   |   |   |   |   |   |--- feature_0 <= 2002.50
|   |   |   |   |   |   |   |   |   |--- feature_11 <= 7.60
|   |   |   |   |   |   |   |   |   |   |--- class: positive
|   |   |   |   |   |   |   |   |   |--- feature_11 >  7.60
|   |   |   |   |   |   |   |   |   |   |--- class: negative
|   |   |   |   |   |   |   |   |--- feature_0 >  2002.50
|   |   |   |   |   |   |   |   |   |--- class: negative
|   |   |   |   |   |--- feature_13 >  5.00
|   |   |   |   |   |   |--- feature_13 <= 5.99
|   |   |   |   |   |   |   |--- class: positive
|   |   |   |   |   |   |--- feature_13 >  5.99
|   |   |   |   |   |   |   |--- feature_13 <= 6.99
|   |   |   |   |   |   |   |   |--- feature_13 <= 6.02
|   |   |   |   |   |   |   |   |   |--- feature_1 <= 210.00
|   |   |   |   |   |   |   |   |   |   |--- feature_10 <= 21.95
|   |   |   |   |   |   |   |   |   |   |   |--- truncated branch of depth 5
|   |   |   |   |   |   |   |   |   |   |--- feature_10 >  21.95
|   |   |   |   |   |   |   |   |   |   |   |--- truncated branch of depth 3
|   |   |   |   |   |   |   |   |   |--- feature_1 >  210.00
|   |   |   |   |   |   |   |   |   |   |--- feature_18 <= 0.50
|   |   |   |   |   |   |   |   |   |   |   |--- truncated branch of depth 4
|   |   |   |   |   |   |   |   |   |   |--- feature_18 >  0.50
|   |   |   |   |   |   |   |   |   |   |   |--- class: positive
|   |   |   |   |   |   |   |   |--- feature_13 >  6.02
|   |   |   |   |   |   |   |   |   |--- class: positive
|   |   |   |   |   |   |   |--- feature_13 >  6.99
|   |   |   |   |   |   |   |   |--- feature_39 <= 0.50
|   |   |   |   |   |   |   |   |   |--- feature_11 <= 7.45
|   |   |   |   |   |   |   |   |   |   |--- feature_1 <= 144.50
|   |   |   |   |   |   |   |   |   |   |   |--- class: negative
|   |   |   |   |   |   |   |   |   |   |--- feature_1 >  144.50
|   |   |   |   |   |   |   |   |   |   |   |--- class: positive
|   |   |   |   |   |   |   |   |   |--- feature_11 >  7.45
|   |   |   |   |   |   |   |   |   |   |--- feature_1 <= 6779.50
|   |   |   |   |   |   |   |   |   |   |   |--- class: negative
|   |   |   |   |   |   |   |   |   |   |--- feature_1 >  6779.50
|   |   |   |   |   |   |   |   |   |   |   |--- truncated branch of depth 2
|   |   |   |   |   |   |   |   |--- feature_39 >  0.50
|   |   |   |   |   |   |   |   |   |--- feature_0 <= 2001.50
|   |   |   |   |   |   |   |   |   |   |--- class: negative
|   |   |   |   |   |   |   |   |   |--- feature_0 >  2001.50
|   |   |   |   |   |   |   |   |   |   |--- feature_0 <= 2002.50
|   |   |   |   |   |   |   |   |   |   |   |--- truncated branch of depth 2
|   |   |   |   |   |   |   |   |   |   |--- feature_0 >  2002.50
|   |   |   |   |   |   |   |   |   |   |   |--- class: negative
|   |   |   |   |--- feature_13 >  7.00
|   |   |   |   |   |--- class: positive
|   |   |   |--- feature_13 >  8.00
|   |   |   |   |--- feature_0 <= 1993.50
|   |   |   |   |   |--- feature_9 <= 9.55
|   |   |   |   |   |   |--- feature_7 <= 29.00
|   |   |   |   |   |   |   |--- class: negative
|   |   |   |   |   |   |--- feature_7 >  29.00
|   |   |   |   |   |   |   |--- feature_17 <= 0.55
|   |   |   |   |   |   |   |   |--- feature_39 <= 0.95
|   |   |   |   |   |   |   |   |   |--- feature_9 <= 6.40
|   |   |   |   |   |   |   |   |   |   |--- class: negative
|   |   |   |   |   |   |   |   |   |--- feature_9 >  6.40
|   |   |   |   |   |   |   |   |   |   |--- feature_33 <= 0.50
|   |   |   |   |   |   |   |   |   |   |   |--- class: negative
|   |   |   |   |   |   |   |   |   |   |--- feature_33 >  0.50
|   |   |   |   |   |   |   |   |   |   |   |--- class: positive
|   |   |   |   |   |   |   |   |--- feature_39 >  0.95
|   |   |   |   |   |   |   |   |   |--- class: negative
|   |   |   |   |   |   |   |--- feature_17 >  0.55
|   |   |   |   |   |   |   |   |--- class: negative
|   |   |   |   |   |--- feature_9 >  9.55
|   |   |   |   |   |   |--- feature_39 <= 1.00
|   |   |   |   |   |   |   |--- feature_21 <= 0.02
|   |   |   |   |   |   |   |   |--- feature_39 <= 0.17
|   |   |   |   |   |   |   |   |   |--- feature_11 <= 26.41
|   |   |   |   |   |   |   |   |   |   |--- feature_9 <= 19.20
|   |   |   |   |   |   |   |   |   |   |   |--- class: negative
|   |   |   |   |   |   |   |   |   |   |--- feature_9 >  19.20
|   |   |   |   |   |   |   |   |   |   |   |--- truncated branch of depth 5
|   |   |   |   |   |   |   |   |   |--- feature_11 >  26.41
|   |   |   |   |   |   |   |   |   |   |--- class: positive
|   |   |   |   |   |   |   |   |--- feature_39 >  0.17
|   |   |   |   |   |   |   |   |   |--- class: positive
|   |   |   |   |   |   |   |--- feature_21 >  0.02
|   |   |   |   |   |   |   |   |--- feature_21 <= 1.00
|   |   |   |   |   |   |   |   |   |--- class: positive
|   |   |   |   |   |   |   |   |--- feature_21 >  1.00
|   |   |   |   |   |   |   |   |   |--- feature_2 <= 17.00
|   |   |   |   |   |   |   |   |   |   |--- feature_7 <= 14.00
|   |   |   |   |   |   |   |   |   |   |   |--- class: negative
|   |   |   |   |   |   |   |   |   |   |--- feature_7 >  14.00
|   |   |   |   |   |   |   |   |   |   |   |--- truncated branch of depth 2
|   |   |   |   |   |   |   |   |   |--- feature_2 >  17.00
|   |   |   |   |   |   |   |   |   |   |--- class: positive
|   |   |   |   |   |   |--- feature_39 >  1.00
|   |   |   |   |   |   |   |--- feature_12 <= 32.44
|   |   |   |   |   |   |   |   |--- feature_14 <= 1.50
|   |   |   |   |   |   |   |   |   |--- feature_10 <= 21.65
|   |   |   |   |   |   |   |   |   |   |--- class: positive
|   |   |   |   |   |   |   |   |   |--- feature_10 >  21.65
|   |   |   |   |   |   |   |   |   |   |--- class: negative
|   |   |   |   |   |   |   |   |--- feature_14 >  1.50
|   |   |   |   |   |   |   |   |   |--- feature_10 <= 43.75
|   |   |   |   |   |   |   |   |   |   |--- feature_2 <= 22.50
|   |   |   |   |   |   |   |   |   |   |   |--- class: negative
|   |   |   |   |   |   |   |   |   |   |--- feature_2 >  22.50
|   |   |   |   |   |   |   |   |   |   |   |--- truncated branch of depth 3
|   |   |   |   |   |   |   |   |   |--- feature_10 >  43.75
|   |   |   |   |   |   |   |   |   |   |--- feature_0 <= 1992.50
|   |   |   |   |   |   |   |   |   |   |   |--- class: negative
|   |   |   |   |   |   |   |   |   |   |--- feature_0 >  1992.50
|   |   |   |   |   |   |   |   |   |   |   |--- class: positive
|   |   |   |   |   |   |   |--- feature_12 >  32.44
|   |   |   |   |   |   |   |   |--- feature_7 <= 50.50
|   |   |   |   |   |   |   |   |   |--- feature_7 <= 9.50
|   |   |   |   |   |   |   |   |   |   |--- feature_12 <= 35.13
|   |   |   |   |   |   |   |   |   |   |   |--- class: positive
|   |   |   |   |   |   |   |   |   |   |--- feature_12 >  35.13
|   |   |   |   |   |   |   |   |   |   |   |--- truncated branch of depth 7
|   |   |   |   |   |   |   |   |   |--- feature_7 >  9.50
|   |   |   |   |   |   |   |   |   |   |--- feature_7 <= 25.50
|   |   |   |   |   |   |   |   |   |   |   |--- truncated branch of depth 7
|   |   |   |   |   |   |   |   |   |   |--- feature_7 >  25.50
|   |   |   |   |   |   |   |   |   |   |   |--- class: negative
|   |   |   |   |   |   |   |   |--- feature_7 >  50.50
|   |   |   |   |   |   |   |   |   |--- class: positive
|   |   |   |   |--- feature_0 >  1993.50
|   |   |   |   |   |--- feature_46 <= 0.06
|   |   |   |   |   |   |--- feature_13 <= 8.60
|   |   |   |   |   |   |   |--- feature_11 <= 7.26
|   |   |   |   |   |   |   |   |--- feature_1 <= 508.00
|   |   |   |   |   |   |   |   |   |--- feature_1 <= 87.00
|   |   |   |   |   |   |   |   |   |   |--- feature_11 <= 5.95
|   |   |   |   |   |   |   |   |   |   |   |--- class: negative
|   |   |   |   |   |   |   |   |   |   |--- feature_11 >  5.95
|   |   |   |   |   |   |   |   |   |   |   |--- truncated branch of depth 5
|   |   |   |   |   |   |   |   |   |--- feature_1 >  87.00
|   |   |   |   |   |   |   |   |   |   |--- class: negative
|   |   |   |   |   |   |   |   |--- feature_1 >  508.00
|   |   |   |   |   |   |   |   |   |--- feature_2 <= 5.50
|   |   |   |   |   |   |   |   |   |   |--- class: negative
|   |   |   |   |   |   |   |   |   |--- feature_2 >  5.50
|   |   |   |   |   |   |   |   |   |   |--- feature_2 <= 16.50
|   |   |   |   |   |   |   |   |   |   |   |--- class: positive
|   |   |   |   |   |   |   |   |   |   |--- feature_2 >  16.50
|   |   |   |   |   |   |   |   |   |   |   |--- class: negative
|   |   |   |   |   |   |   |--- feature_11 >  7.26
|   |   |   |   |   |   |   |   |--- feature_24 <= 0.01
|   |   |   |   |   |   |   |   |   |--- feature_12 <= 40.16
|   |   |   |   |   |   |   |   |   |   |--- feature_9 <= 7.24
|   |   |   |   |   |   |   |   |   |   |   |--- truncated branch of depth 5
|   |   |   |   |   |   |   |   |   |   |--- feature_9 >  7.24
|   |   |   |   |   |   |   |   |   |   |   |--- truncated branch of depth 5
|   |   |   |   |   |   |   |   |   |--- feature_12 >  40.16
|   |   |   |   |   |   |   |   |   |   |--- feature_2 <= 8.50
|   |   |   |   |   |   |   |   |   |   |   |--- truncated branch of depth 7
|   |   |   |   |   |   |   |   |   |   |--- feature_2 >  8.50
|   |   |   |   |   |   |   |   |   |   |   |--- truncated branch of depth 7
|   |   |   |   |   |   |   |   |--- feature_24 >  0.01
|   |   |   |   |   |   |   |   |   |--- feature_24 <= 0.89
|   |   |   |   |   |   |   |   |   |   |--- class: positive
|   |   |   |   |   |   |   |   |   |--- feature_24 >  0.89
|   |   |   |   |   |   |   |   |   |   |--- feature_10 <= 39.37
|   |   |   |   |   |   |   |   |   |   |   |--- truncated branch of depth 2
|   |   |   |   |   |   |   |   |   |   |--- feature_10 >  39.37
|   |   |   |   |   |   |   |   |   |   |   |--- truncated branch of depth 3
|   |   |   |   |   |   |--- feature_13 >  8.60
|   |   |   |   |   |   |   |--- class: negative
|   |   |   |   |   |--- feature_46 >  0.06
|   |   |   |   |   |   |--- feature_46 <= 0.99
|   |   |   |   |   |   |   |--- class: positive
|   |   |   |   |   |   |--- feature_46 >  0.99
|   |   |   |   |   |   |   |--- feature_7 <= 39.50
|   |   |   |   |   |   |   |   |--- feature_9 <= 11.15
|   |   |   |   |   |   |   |   |   |--- class: negative
|   |   |   |   |   |   |   |   |--- feature_9 >  11.15
|   |   |   |   |   |   |   |   |   |--- feature_2 <= 11.50
|   |   |   |   |   |   |   |   |   |   |--- feature_1 <= 337.50
|   |   |   |   |   |   |   |   |   |   |   |--- truncated branch of depth 2
|   |   |   |   |   |   |   |   |   |   |--- feature_1 >  337.50
|   |   |   |   |   |   |   |   |   |   |   |--- class: negative
|   |   |   |   |   |   |   |   |   |--- feature_2 >  11.50
|   |   |   |   |   |   |   |   |   |   |--- feature_2 <= 13.50
|   |   |   |   |   |   |   |   |   |   |   |--- truncated branch of depth 2
|   |   |   |   |   |   |   |   |   |   |--- feature_2 >  13.50
|   |   |   |   |   |   |   |   |   |   |   |--- class: negative
|   |   |   |   |   |   |   |--- feature_7 >  39.50
|   |   |   |   |   |   |   |   |--- feature_9 <= 8.45
|   |   |   |   |   |   |   |   |   |--- class: positive
|   |   |   |   |   |   |   |   |--- feature_9 >  8.45
|   |   |   |   |   |   |   |   |   |--- class: negative
|   |   |--- feature_35 >  0.01
|   |   |   |--- feature_35 <= 1.00
|   |   |   |   |--- class: positive
|   |   |   |--- feature_35 >  1.00
|   |   |   |   |--- feature_50 <= 0.50
|   |   |   |   |   |--- feature_1 <= 2140.00
|   |   |   |   |   |   |--- class: negative
|   |   |   |   |   |--- feature_1 >  2140.00
|   |   |   |   |   |   |--- feature_1 <= 2867.00
|   |   |   |   |   |   |   |--- class: positive
|   |   |   |   |   |   |--- feature_1 >  2867.00
|   |   |   |   |   |   |   |--- class: negative
|   |   |   |   |--- feature_50 >  0.50
|   |   |   |   |   |--- feature_9 <= 6.85
|   |   |   |   |   |   |--- class: negative
|   |   |   |   |   |--- feature_9 >  6.85
|   |   |   |   |   |   |--- feature_7 <= 1.00
|   |   |   |   |   |   |   |--- class: negative
|   |   |   |   |   |   |--- feature_7 >  1.00
|   |   |   |   |   |   |   |--- feature_12 <= 40.04
|   |   |   |   |   |   |   |   |--- class: positive
|   |   |   |   |   |   |   |--- feature_12 >  40.04
|   |   |   |   |   |   |   |   |--- feature_0 <= 2002.50
|   |   |   |   |   |   |   |   |   |--- class: negative
|   |   |   |   |   |   |   |   |--- feature_0 >  2002.50
|   |   |   |   |   |   |   |   |   |--- class: positive
|   |--- feature_23 >  0.00
|   |   |--- feature_23 <= 1.00
|   |   |   |--- class: positive
|   |   |--- feature_23 >  1.00
|   |   |   |--- feature_13 <= 7.96
|   |   |   |   |--- feature_13 <= 7.00
|   |   |   |   |   |--- feature_32 <= 0.00
|   |   |   |   |   |   |--- feature_9 <= 5.95
|   |   |   |   |   |   |   |--- feature_33 <= 0.50
|   |   |   |   |   |   |   |   |--- class: positive
|   |   |   |   |   |   |   |--- feature_33 >  0.50
|   |   |   |   |   |   |   |   |--- class: negative
|   |   |   |   |   |   |--- feature_9 >  5.95
|   |   |   |   |   |   |   |--- feature_14 <= 1.50
|   |   |   |   |   |   |   |   |--- feature_11 <= 7.50
|   |   |   |   |   |   |   |   |   |--- class: negative
|   |   |   |   |   |   |   |   |--- feature_11 >  7.50
|   |   |   |   |   |   |   |   |   |--- class: positive
|   |   |   |   |   |   |   |--- feature_14 >  1.50
|   |   |   |   |   |   |   |   |--- class: negative
|   |   |   |   |   |--- feature_32 >  0.00
|   |   |   |   |   |   |--- feature_32 <= 0.99
|   |   |   |   |   |   |   |--- class: positive
|   |   |   |   |   |   |--- feature_32 >  0.99
|   |   |   |   |   |   |   |--- feature_10 <= 14.42
|   |   |   |   |   |   |   |   |--- feature_9 <= 11.15
|   |   |   |   |   |   |   |   |   |--- feature_7 <= 5.00
|   |   |   |   |   |   |   |   |   |   |--- feature_2 <= 1.50
|   |   |   |   |   |   |   |   |   |   |   |--- truncated branch of depth 5
|   |   |   |   |   |   |   |   |   |   |--- feature_2 >  1.50
|   |   |   |   |   |   |   |   |   |   |   |--- truncated branch of depth 2
|   |   |   |   |   |   |   |   |   |--- feature_7 >  5.00
|   |   |   |   |   |   |   |   |   |   |--- class: negative
|   |   |   |   |   |   |   |   |--- feature_9 >  11.15
|   |   |   |   |   |   |   |   |   |--- class: negative
|   |   |   |   |   |   |   |--- feature_10 >  14.42
|   |   |   |   |   |   |   |   |--- feature_9 <= 18.60
|   |   |   |   |   |   |   |   |   |--- feature_1 <= 33.50
|   |   |   |   |   |   |   |   |   |   |--- class: negative
|   |   |   |   |   |   |   |   |   |--- feature_1 >  33.50
|   |   |   |   |   |   |   |   |   |   |--- feature_13 <= 5.01
|   |   |   |   |   |   |   |   |   |   |   |--- truncated branch of depth 5
|   |   |   |   |   |   |   |   |   |   |--- feature_13 >  5.01
|   |   |   |   |   |   |   |   |   |   |   |--- truncated branch of depth 5
|   |   |   |   |   |   |   |   |--- feature_9 >  18.60
|   |   |   |   |   |   |   |   |   |--- feature_1 <= 487.00
|   |   |   |   |   |   |   |   |   |   |--- class: negative
|   |   |   |   |   |   |   |   |   |--- feature_1 >  487.00
|   |   |   |   |   |   |   |   |   |   |--- feature_2 <= 2.00
|   |   |   |   |   |   |   |   |   |   |   |--- class: positive
|   |   |   |   |   |   |   |   |   |   |--- feature_2 >  2.00
|   |   |   |   |   |   |   |   |   |   |   |--- class: negative
|   |   |   |   |--- feature_13 >  7.00
|   |   |   |   |   |--- class: positive
|   |   |   |--- feature_13 >  7.96
|   |   |   |   |--- feature_13 <= 8.03
|   |   |   |   |   |--- feature_1 <= 16.50
|   |   |   |   |   |   |--- feature_30 <= 0.19
|   |   |   |   |   |   |   |--- feature_9 <= 9.95
|   |   |   |   |   |   |   |   |--- feature_0 <= 1993.50
|   |   |   |   |   |   |   |   |   |--- feature_12 <= 36.45
|   |   |   |   |   |   |   |   |   |   |--- class: positive
|   |   |   |   |   |   |   |   |   |--- feature_12 >  36.45
|   |   |   |   |   |   |   |   |   |   |--- class: negative
|   |   |   |   |   |   |   |   |--- feature_0 >  1993.50
|   |   |   |   |   |   |   |   |   |--- class: negative
|   |   |   |   |   |   |   |--- feature_9 >  9.95
|   |   |   |   |   |   |   |   |--- class: negative
|   |   |   |   |   |   |--- feature_30 >  0.19
|   |   |   |   |   |   |   |--- feature_9 <= 11.13
|   |   |   |   |   |   |   |   |--- class: positive
|   |   |   |   |   |   |   |--- feature_9 >  11.13
|   |   |   |   |   |   |   |   |--- class: negative
|   |   |   |   |   |--- feature_1 >  16.50
|   |   |   |   |   |   |--- feature_47 <= 0.50
|   |   |   |   |   |   |   |--- feature_14 <= 6.00
|   |   |   |   |   |   |   |   |--- feature_0 <= 1994.50
|   |   |   |   |   |   |   |   |   |--- feature_11 <= 4.50
|   |   |   |   |   |   |   |   |   |   |--- feature_7 <= 6.00
|   |   |   |   |   |   |   |   |   |   |   |--- class: positive
|   |   |   |   |   |   |   |   |   |   |--- feature_7 >  6.00
|   |   |   |   |   |   |   |   |   |   |   |--- class: negative
|   |   |   |   |   |   |   |   |   |--- feature_11 >  4.50
|   |   |   |   |   |   |   |   |   |   |--- feature_1 <= 162.50
|   |   |   |   |   |   |   |   |   |   |   |--- class: negative
|   |   |   |   |   |   |   |   |   |   |--- feature_1 >  162.50
|   |   |   |   |   |   |   |   |   |   |   |--- truncated branch of depth 4
|   |   |   |   |   |   |   |   |--- feature_0 >  1994.50
|   |   |   |   |   |   |   |   |   |--- class: negative
|   |   |   |   |   |   |   |--- feature_14 >  6.00
|   |   |   |   |   |   |   |   |--- feature_8 <= 16.00
|   |   |   |   |   |   |   |   |   |--- class: positive
|   |   |   |   |   |   |   |   |--- feature_8 >  16.00
|   |   |   |   |   |   |   |   |   |--- class: negative
|   |   |   |   |   |   |--- feature_47 >  0.50
|   |   |   |   |   |   |   |--- class: positive
|   |   |   |   |--- feature_13 >  8.03
|   |   |   |   |   |--- feature_13 <= 8.96
|   |   |   |   |   |   |--- class: positive
|   |   |   |   |   |--- feature_13 >  8.96
|   |   |   |   |   |   |--- feature_11 <= 5.89
|   |   |   |   |   |   |   |--- feature_1 <= 87.50
|   |   |   |   |   |   |   |   |--- class: negative
|   |   |   |   |   |   |   |--- feature_1 >  87.50
|   |   |   |   |   |   |   |   |--- feature_12 <= 36.45
|   |   |   |   |   |   |   |   |   |--- class: negative
|   |   |   |   |   |   |   |   |--- feature_12 >  36.45
|   |   |   |   |   |   |   |   |   |--- class: positive
|   |   |   |   |   |   |--- feature_11 >  5.89
|   |   |   |   |   |   |   |--- feature_32 <= 0.50
|   |   |   |   |   |   |   |   |--- class: negative
|   |   |   |   |   |   |   |--- feature_32 >  0.50
|   |   |   |   |   |   |   |   |--- feature_0 <= 1991.00
|   |   |   |   |   |   |   |   |   |--- class: positive
|   |   |   |   |   |   |   |   |--- feature_0 >  1991.00
|   |   |   |   |   |   |   |   |   |--- feature_12 <= 34.20
|   |   |   |   |   |   |   |   |   |   |--- feature_1 <= 115.00
|   |   |   |   |   |   |   |   |   |   |   |--- class: positive
|   |   |   |   |   |   |   |   |   |   |--- feature_1 >  115.00
|   |   |   |   |   |   |   |   |   |   |   |--- class: negative
|   |   |   |   |   |   |   |   |   |--- feature_12 >  34.20
|   |   |   |   |   |   |   |   |   |   |--- class: negative
