|--- feature_4 <= 5.50
|   |--- feature_13 <= 9.80
|   |   |--- feature_15 <= 8.00
|   |   |   |--- feature_15 <= 5.00
|   |   |   |   |--- feature_15 <= 5.00
|   |   |   |   |   |--- feature_15 <= 4.00
|   |   |   |   |   |   |--- feature_14 <= 19.29
|   |   |   |   |   |   |   |--- feature_11 <= 6.55
|   |   |   |   |   |   |   |   |--- feature_1 <= 5.50
|   |   |   |   |   |   |   |   |   |--- class: positive
|   |   |   |   |   |   |   |   |--- feature_1 >  5.50
|   |   |   |   |   |   |   |   |   |--- feature_9 <= 52.50
|   |   |   |   |   |   |   |   |   |   |--- class: negative
|   |   |   |   |   |   |   |   |   |--- feature_9 >  52.50
|   |   |   |   |   |   |   |   |   |   |--- feature_1 <= 65.00
|   |   |   |   |   |   |   |   |   |   |   |--- class: negative
|   |   |   |   |   |   |   |   |   |   |--- feature_1 >  65.00
|   |   |   |   |   |   |   |   |   |   |   |--- class: positive
|   |   |   |   |   |   |   |--- feature_11 >  6.55
|   |   |   |   |   |   |   |   |--- feature_13 <= 8.55
|   |   |   |   |   |   |   |   |   |--- class: negative
|   |   |   |   |   |   |   |   |--- feature_13 >  8.55
|   |   |   |   |   |   |   |   |   |--- feature_13 <= 8.95
|   |   |   |   |   |   |   |   |   |   |--- class: positive
|   |   |   |   |   |   |   |   |   |--- feature_13 >  8.95
|   |   |   |   |   |   |   |   |   |   |--- class: negative
|   |   |   |   |   |   |--- feature_14 >  19.29
|   |   |   |   |   |   |   |--- feature_15 <= 3.98
|   |   |   |   |   |   |   |   |--- feature_15 <= 3.05
|   |   |   |   |   |   |   |   |   |--- feature_20 <= 1.50
|   |   |   |   |   |   |   |   |   |   |--- class: positive
|   |   |   |   |   |   |   |   |   |--- feature_20 >  1.50
|   |   |   |   |   |   |   |   |   |   |--- class: negative
|   |   |   |   |   |   |   |   |--- feature_15 >  3.05
|   |   |   |   |   |   |   |   |   |--- class: positive
|   |   |   |   |   |   |   |--- feature_15 >  3.98
|   |   |   |   |   |   |   |   |--- feature_1 <= 157.50
|   |   |   |   |   |   |   |   |   |--- feature_0 <= 1923.00
|   |   |   |   |   |   |   |   |   |   |--- feature_1 <= 95.00
|   |   |   |   |   |   |   |   |   |   |   |--- class: negative
|   |   |   |   |   |   |   |   |   |   |--- feature_1 >  95.00
|   |   |   |   |   |   |   |   |   |   |   |--- truncated branch of depth 4
|   |   |   |   |   |   |   |   |   |--- feature_0 >  1923.00
|   |   |   |   |   |   |   |   |   |   |--- feature_4 <= 3.50
|   |   |   |   |   |   |   |   |   |   |   |--- truncated branch of depth 7
|   |   |   |   |   |   |   |   |   |   |--- feature_4 >  3.50
|   |   |   |   |   |   |   |   |   |   |   |--- truncated branch of depth 4
|   |   |   |   |   |   |   |   |--- feature_1 >  157.50
|   |   |   |   |   |   |   |   |   |--- feature_2 <= 2.50
|   |   |   |   |   |   |   |   |   |   |--- feature_19 <= 3.50
|   |   |   |   |   |   |   |   |   |   |   |--- truncated branch of depth 5
|   |   |   |   |   |   |   |   |   |   |--- feature_19 >  3.50
|   |   |   |   |   |   |   |   |   |   |   |--- class: negative
|   |   |   |   |   |   |   |   |   |--- feature_2 >  2.50
|   |   |   |   |   |   |   |   |   |   |--- class: negative
|   |   |   |   |   |--- feature_15 >  4.00
|   |   |   |   |   |   |--- class: positive
|   |   |   |   |--- feature_15 >  5.00
|   |   |   |   |   |--- feature_9 <= 0.50
|   |   |   |   |   |   |--- feature_12 <= 13.83
|   |   |   |   |   |   |   |--- feature_1 <= 148.00
|   |   |   |   |   |   |   |   |--- feature_19 <= 1.06
|   |   |   |   |   |   |   |   |   |--- feature_14 <= 36.45
|   |   |   |   |   |   |   |   |   |   |--- class: negative
|   |   |   |   |   |   |   |   |   |--- feature_14 >  36.45
|   |   |   |   |   |   |   |   |   |   |--- feature_13 <= 5.80
|   |   |   |   |   |   |   |   |   |   |   |--- truncated branch of depth 3
|   |   |   |   |   |   |   |   |   |   |--- feature_13 >  5.80
|   |   |   |   |   |   |   |   |   |   |   |--- truncated branch of depth 5
|   |   |   |   |   |   |   |   |--- feature_19 >  1.06
|   |   |   |   |   |   |   |   |   |--- feature_19 <= 8.00
|   |   |   |   |   |   |   |   |   |   |--- feature_19 <= 6.01
|   |   |   |   |   |   |   |   |   |   |   |--- truncated branch of depth 11
|   |   |   |   |   |   |   |   |   |   |--- feature_19 >  6.01
|   |   |   |   |   |   |   |   |   |   |   |--- class: positive
|   |   |   |   |   |   |   |   |   |--- feature_19 >  8.00
|   |   |   |   |   |   |   |   |   |   |--- feature_11 <= 12.90
|   |   |   |   |   |   |   |   |   |   |   |--- truncated branch of depth 8
|   |   |   |   |   |   |   |   |   |   |--- feature_11 >  12.90
|   |   |   |   |   |   |   |   |   |   |   |--- class: positive
|   |   |   |   |   |   |   |--- feature_1 >  148.00
|   |   |   |   |   |   |   |   |--- feature_2 <= 0.50
|   |   |   |   |   |   |   |   |   |--- class: negative
|   |   |   |   |   |   |   |   |--- feature_2 >  0.50
|   |   |   |   |   |   |   |   |   |--- feature_3 <= 3.50
|   |   |   |   |   |   |   |   |   |   |--- feature_12 <= 9.45
|   |   |   |   |   |   |   |   |   |   |   |--- truncated branch of depth 6
|   |   |   |   |   |   |   |   |   |   |--- feature_12 >  9.45
|   |   |   |   |   |   |   |   |   |   |   |--- truncated branch of depth 11
|   |   |   |   |   |   |   |   |   |--- feature_3 >  3.50
|   |   |   |   |   |   |   |   |   |   |--- feature_3 <= 4.50
|   |   |   |   |   |   |   |   |   |   |   |--- class: positive
|   |   |   |   |   |   |   |   |   |   |--- feature_3 >  4.50
|   |   |   |   |   |   |   |   |   |   |   |--- truncated branch of depth 7
|   |   |   |   |   |   |--- feature_12 >  13.83
|   |   |   |   |   |   |   |--- feature_4 <= 1.50
|   |   |   |   |   |   |   |   |--- feature_1 <= 1470.00
|   |   |   |   |   |   |   |   |   |--- feature_1 <= 14.00
|   |   |   |   |   |   |   |   |   |   |--- feature_0 <= 1907.00
|   |   |   |   |   |   |   |   |   |   |   |--- class: positive
|   |   |   |   |   |   |   |   |   |   |--- feature_0 >  1907.00
|   |   |   |   |   |   |   |   |   |   |   |--- class: negative
|   |   |   |   |   |   |   |   |   |--- feature_1 >  14.00
|   |   |   |   |   |   |   |   |   |   |--- class: negative
|   |   |   |   |   |   |   |   |--- feature_1 >  1470.00
|   |   |   |   |   |   |   |   |   |--- feature_2 <= 3.00
|   |   |   |   |   |   |   |   |   |   |--- class: negative
|   |   |   |   |   |   |   |   |   |--- feature_2 >  3.00
|   |   |   |   |   |   |   |   |   |   |--- feature_1 <= 3257.00
|   |   |   |   |   |   |   |   |   |   |   |--- class: positive
|   |   |   |   |   |   |   |   |   |   |--- feature_1 >  3257.00
|   |   |   |   |   |   |   |   |   |   |   |--- class: negative
|   |   |   |   |   |   |   |--- feature_4 >  1.50
|   |   |   |   |   |   |   |   |--- feature_3 <= 4.50
|   |   |   |   |   |   |   |   |   |--- feature_20 <= 9.50
|   |   |   |   |   |   |   |   |   |   |--- feature_20 <= 2.50
|   |   |   |   |   |   |   |   |   |   |   |--- truncated branch of depth 11
|   |   |   |   |   |   |   |   |   |   |--- feature_20 >  2.50
|   |   |   |   |   |   |   |   |   |   |   |--- truncated branch of depth 5
|   |   |   |   |   |   |   |   |   |--- feature_20 >  9.50
|   |   |   |   |   |   |   |   |   |   |--- feature_11 <= 18.75
|   |   |   |   |   |   |   |   |   |   |   |--- class: negative
|   |   |   |   |   |   |   |   |   |   |--- feature_11 >  18.75
|   |   |   |   |   |   |   |   |   |   |   |--- truncated branch of depth 7
|   |   |   |   |   |   |   |   |--- feature_3 >  4.50
|   |   |   |   |   |   |   |   |   |--- feature_0 <= 1982.50
|   |   |   |   |   |   |   |   |   |   |--- feature_1 <= 251.00
|   |   |   |   |   |   |   |   |   |   |   |--- truncated branch of depth 4
|   |   |   |   |   |   |   |   |   |   |--- feature_1 >  251.00
|   |   |   |   |   |   |   |   |   |   |   |--- truncated branch of depth 8
|   |   |   |   |   |   |   |   |   |--- feature_0 >  1982.50
|   |   |   |   |   |   |   |   |   |   |--- class: negative
|   |   |   |   |   |--- feature_9 >  0.50
|   |   |   |   |   |   |--- feature_9 <= 3.50
|   |   |   |   |   |   |   |--- feature_13 <= 6.44
|   |   |   |   |   |   |   |   |--- feature_4 <= 3.00
|   |   |   |   |   |   |   |   |   |--- feature_14 <= 38.70
|   |   |   |   |   |   |   |   |   |   |--- class: positive
|   |   |   |   |   |   |   |   |   |--- feature_14 >  38.70
|   |   |   |   |   |   |   |   |   |   |--- class: negative
|   |   |   |   |   |   |   |   |--- feature_4 >  3.00
|   |   |   |   |   |   |   |   |   |--- class: negative
|   |   |   |   |   |   |   |--- feature_13 >  6.44
|   |   |   |   |   |   |   |   |--- feature_2 <= 13.50
|   |   |   |   |   |   |   |   |   |--- feature_4 <= 0.50
|   |   |   |   |   |   |   |   |   |   |--- class: negative
|   |   |   |   |   |   |   |   |   |--- feature_4 >  0.50
|   |   |   |   |   |   |   |   |   |   |--- class: positive
|   |   |   |   |   |   |   |   |--- feature_2 >  13.50
|   |   |   |   |   |   |   |   |   |--- class: negative
|   |   |   |   |   |   |--- feature_9 >  3.50
|   |   |   |   |   |   |   |--- feature_19 <= 5.98
|   |   |   |   |   |   |   |   |--- feature_19 <= 1.01
|   |   |   |   |   |   |   |   |   |--- feature_14 <= 33.36
|   |   |   |   |   |   |   |   |   |   |--- feature_0 <= 1970.50
|   |   |   |   |   |   |   |   |   |   |   |--- truncated branch of depth 11
|   |   |   |   |   |   |   |   |   |   |--- feature_0 >  1970.50
|   |   |   |   |   |   |   |   |   |   |   |--- class: negative
|   |   |   |   |   |   |   |   |   |--- feature_14 >  33.36
|   |   |   |   |   |   |   |   |   |   |--- feature_14 <= 40.49
|   |   |   |   |   |   |   |   |   |   |   |--- truncated branch of depth 7
|   |   |   |   |   |   |   |   |   |   |--- feature_14 >  40.49
|   |   |   |   |   |   |   |   |   |   |   |--- truncated branch of depth 15
|   |   |   |   |   |   |   |   |--- feature_19 >  1.01
|   |   |   |   |   |   |   |   |   |--- feature_13 <= 4.74
|   |   |   |   |   |   |   |   |   |   |--- class: negative
|   |   |   |   |   |   |   |   |   |--- feature_13 >  4.74
|   |   |   |   |   |   |   |   |   |   |--- class: positive
|   |   |   |   |   |   |   |--- feature_19 >  5.98
|   |   |   |   |   |   |   |   |--- feature_14 <= 40.23
|   |   |   |   |   |   |   |   |   |--- feature_1 <= 689.50
|   |   |   |   |   |   |   |   |   |   |--- feature_1 <= 58.50
|   |   |   |   |   |   |   |   |   |   |   |--- truncated branch of depth 6
|   |   |   |   |   |   |   |   |   |   |--- feature_1 >  58.50
|   |   |   |   |   |   |   |   |   |   |   |--- truncated branch of depth 7
|   |   |   |   |   |   |   |   |   |--- feature_1 >  689.50
|   |   |   |   |   |   |   |   |   |   |--- feature_9 <= 30.50
|   |   |   |   |   |   |   |   |   |   |   |--- truncated branch of depth 3
|   |   |   |   |   |   |   |   |   |   |--- feature_9 >  30.50
|   |   |   |   |   |   |   |   |   |   |   |--- class: positive
|   |   |   |   |   |   |   |   |--- feature_14 >  40.23
|   |   |   |   |   |   |   |   |   |--- feature_3 <= 2.50
|   |   |   |   |   |   |   |   |   |   |--- class: positive
|   |   |   |   |   |   |   |   |   |--- feature_3 >  2.50
|   |   |   |   |   |   |   |   |   |   |--- feature_12 <= 6.25
|   |   |   |   |   |   |   |   |   |   |   |--- class: positive
|   |   |   |   |   |   |   |   |   |   |--- feature_12 >  6.25
|   |   |   |   |   |   |   |   |   |   |   |--- truncated branch of depth 4
|   |   |   |--- feature_15 >  5.00
|   |   |   |   |--- feature_15 <= 6.00
|   |   |   |   |   |--- class: positive
|   |   |   |   |--- feature_15 >  6.00
|   |   |   |   |   |--- feature_15 <= 6.00
|   |   |   |   |   |   |--- feature_1 <= 218.50
|   |   |   |   |   |   |   |--- feature_3 <= 2.50
|   |   |   |   |   |   |   |   |--- feature_0 <= 1949.00
|   |   |   |   |   |   |   |   |   |--- feature_19 <= 1.17
|   |   |   |   |   |   |   |   |   |   |--- feature_11 <= 4.88
|   |   |   |   |   |   |   |   |   |   |   |--- class: positive
|   |   |   |   |   |   |   |   |   |   |--- feature_11 >  4.88
|   |   |   |   |   |   |   |   |   |   |   |--- truncated branch of depth 11
|   |   |   |   |   |   |   |   |   |--- feature_19 >  1.17
|   |   |   |   |   |   |   |   |   |   |--- feature_12 <= 12.68
|   |   |   |   |   |   |   |   |   |   |   |--- class: positive
|   |   |   |   |   |   |   |   |   |   |--- feature_12 >  12.68
|   |   |   |   |   |   |   |   |   |   |   |--- class: negative
|   |   |   |   |   |   |   |   |--- feature_0 >  1949.00
|   |   |   |   |   |   |   |   |   |--- feature_1 <= 195.00
|   |   |   |   |   |   |   |   |   |   |--- feature_4 <= 4.50
|   |   |   |   |   |   |   |   |   |   |   |--- truncated branch of depth 4
|   |   |   |   |   |   |   |   |   |   |--- feature_4 >  4.50
|   |   |   |   |   |   |   |   |   |   |   |--- class: negative
|   |   |   |   |   |   |   |   |   |--- feature_1 >  195.00
|   |   |   |   |   |   |   |   |   |   |--- class: positive
|   |   |   |   |   |   |   |--- feature_3 >  2.50
|   |   |   |   |   |   |   |   |--- feature_2 <= 3.50
|   |   |   |   |   |   |   |   |   |--- feature_16 <= 1.50
|   |   |   |   |   |   |   |   |   |   |--- feature_20 <= 9.50
|   |   |   |   |   |   |   |   |   |   |   |--- truncated branch of depth 12
|   |   |   |   |   |   |   |   |   |   |--- feature_20 >  9.50
|   |   |   |   |   |   |   |   |   |   |   |--- truncated branch of depth 2
|   |   |   |   |   |   |   |   |   |--- feature_16 >  1.50
|   |   |   |   |   |   |   |   |   |   |--- feature_4 <= 2.50
|   |   |   |   |   |   |   |   |   |   |   |--- truncated branch of depth 4
|   |   |   |   |   |   |   |   |   |   |--- feature_4 >  2.50
|   |   |   |   |   |   |   |   |   |   |   |--- truncated branch of depth 9
|   |   |   |   |   |   |   |   |--- feature_2 >  3.50
|   |   |   |   |   |   |   |   |   |--- class: negative
|   |   |   |   |   |   |--- feature_1 >  218.50
|   |   |   |   |   |   |   |--- feature_2 <= 1.50
|   |   |   |   |   |   |   |   |--- feature_19 <= 1.49
|   |   |   |   |   |   |   |   |   |--- feature_0 <= 1963.50
|   |   |   |   |   |   |   |   |   |   |--- feature_13 <= 9.70
|   |   |   |   |   |   |   |   |   |   |   |--- class: negative
|   |   |   |   |   |   |   |   |   |   |--- feature_13 >  9.70
|   |   |   |   |   |   |   |   |   |   |   |--- truncated branch of depth 2
|   |   |   |   |   |   |   |   |   |--- feature_0 >  1963.50
|   |   |   |   |   |   |   |   |   |   |--- feature_0 <= 1966.50
|   |   |   |   |   |   |   |   |   |   |   |--- truncated branch of depth 3
|   |   |   |   |   |   |   |   |   |   |--- feature_0 >  1966.50
|   |   |   |   |   |   |   |   |   |   |   |--- truncated branch of depth 6
|   |   |   |   |   |   |   |   |--- feature_19 >  1.49
|   |   |   |   |   |   |   |   |   |--- feature_3 <= 2.50
|   |   |   |   |   |   |   |   |   |   |--- class: positive
|   |   |   |   |   |   |   |   |   |--- feature_3 >  2.50
|   |   |   |   |   |   |   |   |   |   |--- feature_19 <= 2.49
|   |   |   |   |   |   |   |   |   |   |   |--- class: positive
|   |   |   |   |   |   |   |   |   |   |--- feature_19 >  2.49
|   |   |   |   |   |   |   |   |   |   |   |--- truncated branch of depth 8
|   |   |   |   |   |   |   |--- feature_2 >  1.50
|   |   |   |   |   |   |   |   |--- feature_3 <= 4.50
|   |   |   |   |   |   |   |   |   |--- feature_19 <= 5.96
|   |   |   |   |   |   |   |   |   |   |--- feature_19 <= 1.45
|   |   |   |   |   |   |   |   |   |   |   |--- truncated branch of depth 9
|   |   |   |   |   |   |   |   |   |   |--- feature_19 >  1.45
|   |   |   |   |   |   |   |   |   |   |   |--- class: positive
|   |   |   |   |   |   |   |   |   |--- feature_19 >  5.96
|   |   |   |   |   |   |   |   |   |   |--- feature_1 <= 550.00
|   |   |   |   |   |   |   |   |   |   |   |--- truncated branch of depth 10
|   |   |   |   |   |   |   |   |   |   |--- feature_1 >  550.00
|   |   |   |   |   |   |   |   |   |   |   |--- class: negative
|   |   |   |   |   |   |   |   |--- feature_3 >  4.50
|   |   |   |   |   |   |   |   |   |--- feature_0 <= 1987.50
|   |   |   |   |   |   |   |   |   |   |--- class: negative
|   |   |   |   |   |   |   |   |   |--- feature_0 >  1987.50
|   |   |   |   |   |   |   |   |   |   |--- feature_0 <= 1989.50
|   |   |   |   |   |   |   |   |   |   |   |--- class: positive
|   |   |   |   |   |   |   |   |   |   |--- feature_0 >  1989.50
|   |   |   |   |   |   |   |   |   |   |   |--- class: negative
|   |   |   |   |   |--- feature_15 >  6.00
|   |   |   |   |   |   |--- feature_15 <= 7.00
|   |   |   |   |   |   |   |--- feature_15 <= 7.00
|   |   |   |   |   |   |   |   |--- class: positive
|   |   |   |   |   |   |   |--- feature_15 >  7.00
|   |   |   |   |   |   |   |   |--- feature_0 <= 1967.50
|   |   |   |   |   |   |   |   |   |--- feature_14 <= 7.10
|   |   |   |   |   |   |   |   |   |   |--- feature_12 <= 7.45
|   |   |   |   |   |   |   |   |   |   |   |--- class: negative
|   |   |   |   |   |   |   |   |   |   |--- feature_12 >  7.45
|   |   |   |   |   |   |   |   |   |   |   |--- class: positive
|   |   |   |   |   |   |   |   |   |--- feature_14 >  7.10
|   |   |   |   |   |   |   |   |   |   |--- feature_4 <= 2.50
|   |   |   |   |   |   |   |   |   |   |   |--- truncated branch of depth 6
|   |   |   |   |   |   |   |   |   |   |--- feature_4 >  2.50
|   |   |   |   |   |   |   |   |   |   |   |--- class: negative
|   |   |   |   |   |   |   |   |--- feature_0 >  1967.50
|   |   |   |   |   |   |   |   |   |--- feature_0 <= 1988.00
|   |   |   |   |   |   |   |   |   |   |--- feature_11 <= 13.55
|   |   |   |   |   |   |   |   |   |   |   |--- truncated branch of depth 4
|   |   |   |   |   |   |   |   |   |   |--- feature_11 >  13.55
|   |   |   |   |   |   |   |   |   |   |   |--- truncated branch of depth 4
|   |   |   |   |   |   |   |   |   |--- feature_0 >  1988.00
|   |   |   |   |   |   |   |   |   |   |--- feature_3 <= 0.50
|   |   |   |   |   |   |   |   |   |   |   |--- class: positive
|   |   |   |   |   |   |   |   |   |   |--- feature_3 >  0.50
|   |   |   |   |   |   |   |   |   |   |   |--- truncated branch of depth 4
|   |   |   |   |   |   |--- feature_15 >  7.00
|   |   |   |   |   |   |   |--- class: positive
|   |   |--- feature_15 >  8.00
|   |   |   |--- feature_19 <= 7.95
|   |   |   |   |--- feature_19 <= 6.00
|   |   |   |   |   |--- feature_4 <= 4.50
|   |   |   |   |   |   |--- feature_0 <= 1954.50
|   |   |   |   |   |   |   |--- feature_20 <= 3.50
|   |   |   |   |   |   |   |   |--- feature_12 <= 6.71
|   |   |   |   |   |   |   |   |   |--- feature_13 <= 9.12
|   |   |   |   |   |   |   |   |   |   |--- class: negative
|   |   |   |   |   |   |   |   |   |--- feature_13 >  9.12
|   |   |   |   |   |   |   |   |   |   |--- feature_9 <= 15.00
|   |   |   |   |   |   |   |   |   |   |   |--- truncated branch of depth 2
|   |   |   |   |   |   |   |   |   |   |--- feature_9 >  15.00
|   |   |   |   |   |   |   |   |   |   |   |--- class: positive
|   |   |   |   |   |   |   |   |--- feature_12 >  6.71
|   |   |   |   |   |   |   |   |   |--- feature_0 <= 1900.50
|   |   |   |   |   |   |   |   |   |   |--- feature_1 <= 186.00
|   |   |   |   |   |   |   |   |   |   |   |--- truncated branch of depth 6
|   |   |   |   |   |   |   |   |   |   |--- feature_1 >  186.00
|   |   |   |   |   |   |   |   |   |   |   |--- truncated branch of depth 3
|   |   |   |   |   |   |   |   |   |--- feature_0 >  1900.50
|   |   |   |   |   |   |   |   |   |   |--- feature_16 <= 1.50
|   |   |   |   |   |   |   |   |   |   |   |--- truncated branch of depth 7
|   |   |   |   |   |   |   |   |   |   |--- feature_16 >  1.50
|   |   |   |   |   |   |   |   |   |   |   |--- truncated branch of depth 12
|   |   |   |   |   |   |   |--- feature_20 >  3.50
|   |   |   |   |   |   |   |   |--- feature_13 <= 9.13
|   |   |   |   |   |   |   |   |   |--- feature_1 <= 75.00
|   |   |   |   |   |   |   |   |   |   |--- feature_11 <= 16.60
|   |   |   |   |   |   |   |   |   |   |   |--- truncated branch of depth 4
|   |   |   |   |   |   |   |   |   |   |--- feature_11 >  16.60
|   |   |   |   |   |   |   |   |   |   |   |--- class: negative
|   |   |   |   |   |   |   |   |   |--- feature_1 >  75.00
|   |   |   |   |   |   |   |   |   |   |--- feature_0 <= 1937.50
|   |   |   |   |   |   |   |   |   |   |   |--- truncated branch of depth 3
|   |   |   |   |   |   |   |   |   |   |--- feature_0 >  1937.50
|   |   |   |   |   |   |   |   |   |   |   |--- truncated branch of depth 5
|   |   |   |   |   |   |   |   |--- feature_13 >  9.13
|   |   |   |   |   |   |   |   |   |--- feature_1 <= 1272.50
|   |   |   |   |   |   |   |   |   |   |--- class: negative
|   |   |   |   |   |   |   |   |   |--- feature_1 >  1272.50
|   |   |   |   |   |   |   |   |   |   |--- feature_20 <= 8.00
|   |   |   |   |   |   |   |   |   |   |   |--- class: positive
|   |   |   |   |   |   |   |   |   |   |--- feature_20 >  8.00
|   |   |   |   |   |   |   |   |   |   |   |--- class: negative
|   |   |   |   |   |   |--- feature_0 >  1954.50
|   |   |   |   |   |   |   |--- feature_20 <= 4.50
|   |   |   |   |   |   |   |   |--- feature_20 <= 2.50
|   |   |   |   |   |   |   |   |   |--- feature_19 <= 6.00
|   |   |   |   |   |   |   |   |   |   |--- feature_19 <= 1.03
|   |   |   |   |   |   |   |   |   |   |   |--- truncated branch of depth 13
|   |   |   |   |   |   |   |   |   |   |--- feature_19 >  1.03
|   |   |   |   |   |   |   |   |   |   |   |--- truncated branch of depth 5
|   |   |   |   |   |   |   |   |   |--- feature_19 >  6.00
|   |   |   |   |   |   |   |   |   |   |--- feature_4 <= 2.50
|   |   |   |   |   |   |   |   |   |   |   |--- truncated branch of depth 4
|   |   |   |   |   |   |   |   |   |   |--- feature_4 >  2.50
|   |   |   |   |   |   |   |   |   |   |   |--- truncated branch of depth 10
|   |   |   |   |   |   |   |   |--- feature_20 >  2.50
|   |   |   |   |   |   |   |   |   |--- feature_3 <= 1.50
|   |   |   |   |   |   |   |   |   |   |--- feature_11 <= 6.80
|   |   |   |   |   |   |   |   |   |   |   |--- class: negative
|   |   |   |   |   |   |   |   |   |   |--- feature_11 >  6.80
|   |   |   |   |   |   |   |   |   |   |   |--- truncated branch of depth 6
|   |   |   |   |   |   |   |   |   |--- feature_3 >  1.50
|   |   |   |   |   |   |   |   |   |   |--- class: positive
|   |   |   |   |   |   |   |--- feature_20 >  4.50
|   |   |   |   |   |   |   |   |--- feature_19 <= 1.16
|   |   |   |   |   |   |   |   |   |--- feature_1 <= 493.50
|   |   |   |   |   |   |   |   |   |   |--- feature_2 <= 16.50
|   |   |   |   |   |   |   |   |   |   |   |--- truncated branch of depth 7
|   |   |   |   |   |   |   |   |   |   |--- feature_2 >  16.50
|   |   |   |   |   |   |   |   |   |   |   |--- class: positive
|   |   |   |   |   |   |   |   |   |--- feature_1 >  493.50
|   |   |   |   |   |   |   |   |   |   |--- feature_10 <= 2.50
|   |   |   |   |   |   |   |   |   |   |   |--- truncated branch of depth 11
|   |   |   |   |   |   |   |   |   |   |--- feature_10 >  2.50
|   |   |   |   |   |   |   |   |   |   |   |--- truncated branch of depth 2
|   |   |   |   |   |   |   |   |--- feature_19 >  1.16
|   |   |   |   |   |   |   |   |   |--- feature_20 <= 9.50
|   |   |   |   |   |   |   |   |   |   |--- feature_2 <= 15.50
|   |   |   |   |   |   |   |   |   |   |   |--- class: positive
|   |   |   |   |   |   |   |   |   |   |--- feature_2 >  15.50
|   |   |   |   |   |   |   |   |   |   |   |--- class: negative
|   |   |   |   |   |   |   |   |   |--- feature_20 >  9.50
|   |   |   |   |   |   |   |   |   |   |--- feature_16 <= 1.50
|   |   |   |   |   |   |   |   |   |   |   |--- truncated branch of depth 2
|   |   |   |   |   |   |   |   |   |   |--- feature_16 >  1.50
|   |   |   |   |   |   |   |   |   |   |   |--- truncated branch of depth 4
|   |   |   |   |   |--- feature_4 >  4.50
|   |   |   |   |   |   |--- feature_15 <= 9.00
|   |   |   |   |   |   |   |--- feature_15 <= 8.01
|   |   |   |   |   |   |   |   |--- feature_19 <= 5.97
|   |   |   |   |   |   |   |   |   |--- feature_19 <= 1.01
|   |   |   |   |   |   |   |   |   |   |--- feature_2 <= 3.50
|   |   |   |   |   |   |   |   |   |   |   |--- truncated branch of depth 17
|   |   |   |   |   |   |   |   |   |   |--- feature_2 >  3.50
|   |   |   |   |   |   |   |   |   |   |   |--- truncated branch of depth 19
|   |   |   |   |   |   |   |   |   |--- feature_19 >  1.01
|   |   |   |   |   |   |   |   |   |   |--- feature_0 <= 1966.50
|   |   |   |   |   |   |   |   |   |   |   |--- truncated branch of depth 2
|   |   |   |   |   |   |   |   |   |   |--- feature_0 >  1966.50
|   |   |   |   |   |   |   |   |   |   |   |--- truncated branch of depth 3
|   |   |   |   |   |   |   |   |--- feature_19 >  5.97
|   |   |   |   |   |   |   |   |   |--- feature_0 <= 1993.50
|   |   |   |   |   |   |   |   |   |   |--- feature_20 <= 1.00
|   |   |   |   |   |   |   |   |   |   |   |--- class: positive
|   |   |   |   |   |   |   |   |   |   |--- feature_20 >  1.00
|   |   |   |   |   |   |   |   |   |   |   |--- truncated branch of depth 8
|   |   |   |   |   |   |   |   |   |--- feature_0 >  1993.50
|   |   |   |   |   |   |   |   |   |   |--- class: negative
|   |   |   |   |   |   |   |--- feature_15 >  8.01
|   |   |   |   |   |   |   |   |--- class: positive
|   |   |   |   |   |   |--- feature_15 >  9.00
|   |   |   |   |   |   |   |--- feature_19 <= 3.50
|   |   |   |   |   |   |   |   |--- feature_1 <= 6630.50
|   |   |   |   |   |   |   |   |   |--- class: negative
|   |   |   |   |   |   |   |   |--- feature_1 >  6630.50
|   |   |   |   |   |   |   |   |   |--- feature_2 <= 2.00
|   |   |   |   |   |   |   |   |   |   |--- class: negative
|   |   |   |   |   |   |   |   |   |--- feature_2 >  2.00
|   |   |   |   |   |   |   |   |   |   |--- class: positive
|   |   |   |   |   |   |   |--- feature_19 >  3.50
|   |   |   |   |   |   |   |   |--- feature_12 <= 9.60
|   |   |   |   |   |   |   |   |   |--- feature_13 <= 7.40
|   |   |   |   |   |   |   |   |   |   |--- class: positive
|   |   |   |   |   |   |   |   |   |--- feature_13 >  7.40
|   |   |   |   |   |   |   |   |   |   |--- class: negative
|   |   |   |   |   |   |   |   |--- feature_12 >  9.60
|   |   |   |   |   |   |   |   |   |--- feature_2 <= 0.50
|   |   |   |   |   |   |   |   |   |   |--- feature_1 <= 97.50
|   |   |   |   |   |   |   |   |   |   |   |--- truncated branch of depth 3
|   |   |   |   |   |   |   |   |   |   |--- feature_1 >  97.50
|   |   |   |   |   |   |   |   |   |   |   |--- truncated branch of depth 2
|   |   |   |   |   |   |   |   |   |--- feature_2 >  0.50
|   |   |   |   |   |   |   |   |   |   |--- class: negative
|   |   |   |   |--- feature_19 >  6.00
|   |   |   |   |   |--- class: positive
|   |   |   |--- feature_19 >  7.95
|   |   |   |   |--- feature_1 <= 11.00
|   |   |   |   |   |--- feature_12 <= 13.85
|   |   |   |   |   |   |--- class: negative
|   |   |   |   |   |--- feature_12 >  13.85
|   |   |   |   |   |   |--- feature_4 <= 3.50
|   |   |   |   |   |   |   |--- class: negative
|   |   |   |   |   |   |--- feature_4 >  3.50
|   |   |   |   |   |   |   |--- feature_11 <= 18.15
|   |   |   |   |   |   |   |   |--- class: positive
|   |   |   |   |   |   |   |--- feature_11 >  18.15
|   |   |   |   |   |   |   |   |--- class: negative
|   |   |   |   |--- feature_1 >  11.00
|   |   |   |   |   |--- feature_2 <= 5.50
|   |   |   |   |   |   |--- feature_1 <= 2331.50
|   |   |   |   |   |   |   |--- feature_1 <= 407.00
|   |   |   |   |   |   |   |   |--- feature_11 <= 6.25
|   |   |   |   |   |   |   |   |   |--- class: negative
|   |   |   |   |   |   |   |   |--- feature_11 >  6.25
|   |   |   |   |   |   |   |   |   |--- feature_0 <= 1994.50
|   |   |   |   |   |   |   |   |   |   |--- feature_10 <= 1.50
|   |   |   |   |   |   |   |   |   |   |   |--- truncated branch of depth 17
|   |   |   |   |   |   |   |   |   |   |--- feature_10 >  1.50
|   |   |   |   |   |   |   |   |   |   |   |--- class: negative
|   |   |   |   |   |   |   |   |   |--- feature_0 >  1994.50
|   |   |   |   |   |   |   |   |   |   |--- class: negative
|   |   |   |   |   |   |   |--- feature_1 >  407.00
|   |   |   |   |   |   |   |   |--- class: negative
|   |   |   |   |   |   |--- feature_1 >  2331.50
|   |   |   |   |   |   |   |--- class: positive
|   |   |   |   |   |--- feature_2 >  5.50
|   |   |   |   |   |   |--- feature_1 <= 207.00
|   |   |   |   |   |   |   |--- feature_13 <= 5.70
|   |   |   |   |   |   |   |   |--- feature_0 <= 1906.50
|   |   |   |   |   |   |   |   |   |--- feature_12 <= 12.95
|   |   |   |   |   |   |   |   |   |   |--- class: negative
|   |   |   |   |   |   |   |   |   |--- feature_12 >  12.95
|   |   |   |   |   |   |   |   |   |   |--- feature_11 <= 11.90
|   |   |   |   |   |   |   |   |   |   |   |--- class: positive
|   |   |   |   |   |   |   |   |   |   |--- feature_11 >  11.90
|   |   |   |   |   |   |   |   |   |   |   |--- class: negative
|   |   |   |   |   |   |   |   |--- feature_0 >  1906.50
|   |   |   |   |   |   |   |   |   |--- class: negative
|   |   |   |   |   |   |   |--- feature_13 >  5.70
|   |   |   |   |   |   |   |   |--- feature_14 <= 33.36
|   |   |   |   |   |   |   |   |   |--- feature_16 <= 1.50
|   |   |   |   |   |   |   |   |   |   |--- class: positive
|   |   |   |   |   |   |   |   |   |--- feature_16 >  1.50
|   |   |   |   |   |   |   |   |   |   |--- class: negative
|   |   |   |   |   |   |   |   |--- feature_14 >  33.36
|   |   |   |   |   |   |   |   |   |--- feature_14 <= 35.67
|   |   |   |   |   |   |   |   |   |   |--- class: positive
|   |   |   |   |   |   |   |   |   |--- feature_14 >  35.67
|   |   |   |   |   |   |   |   |   |   |--- feature_1 <= 187.50
|   |   |   |   |   |   |   |   |   |   |   |--- truncated branch of depth 4
|   |   |   |   |   |   |   |   |   |   |--- feature_1 >  187.50
|   |   |   |   |   |   |   |   |   |   |   |--- class: positive
|   |   |   |   |   |   |--- feature_1 >  207.00
|   |   |   |   |   |   |   |--- feature_14 <= 19.35
|   |   |   |   |   |   |   |   |--- feature_11 <= 9.90
|   |   |   |   |   |   |   |   |   |--- feature_4 <= 2.00
|   |   |   |   |   |   |   |   |   |   |--- feature_13 <= 7.00
|   |   |   |   |   |   |   |   |   |   |   |--- class: negative
|   |   |   |   |   |   |   |   |   |   |--- feature_13 >  7.00
|   |   |   |   |   |   |   |   |   |   |   |--- class: positive
|   |   |   |   |   |   |   |   |   |--- feature_4 >  2.00
|   |   |   |   |   |   |   |   |   |   |--- class: positive
|   |   |   |   |   |   |   |   |--- feature_11 >  9.90
|   |   |   |   |   |   |   |   |   |--- class: negative
|   |   |   |   |   |   |   |--- feature_14 >  19.35
|   |   |   |   |   |   |   |   |--- class: negative
|   |--- feature_13 >  9.80
|   |   |--- feature_9 <= 0.50
|   |   |   |--- feature_10 <= 2.50
|   |   |   |   |--- feature_0 <= 1944.50
|   |   |   |   |   |--- feature_14 <= 33.32
|   |   |   |   |   |   |--- feature_3 <= 3.50
|   |   |   |   |   |   |   |--- class: negative
|   |   |   |   |   |   |--- feature_3 >  3.50
|   |   |   |   |   |   |   |--- feature_3 <= 4.50
|   |   |   |   |   |   |   |   |--- class: positive
|   |   |   |   |   |   |   |--- feature_3 >  4.50
|   |   |   |   |   |   |   |   |--- class: negative
|   |   |   |   |   |--- feature_14 >  33.32
|   |   |   |   |   |   |--- feature_13 <= 12.85
|   |   |   |   |   |   |   |--- feature_12 <= 19.13
|   |   |   |   |   |   |   |   |--- feature_3 <= 4.00
|   |   |   |   |   |   |   |   |   |--- feature_13 <= 10.79
|   |   |   |   |   |   |   |   |   |   |--- feature_4 <= 2.50
|   |   |   |   |   |   |   |   |   |   |   |--- truncated branch of depth 3
|   |   |   |   |   |   |   |   |   |   |--- feature_4 >  2.50
|   |   |   |   |   |   |   |   |   |   |   |--- class: positive
|   |   |   |   |   |   |   |   |   |--- feature_13 >  10.79
|   |   |   |   |   |   |   |   |   |   |--- feature_13 <= 12.45
|   |   |   |   |   |   |   |   |   |   |   |--- class: negative
|   |   |   |   |   |   |   |   |   |   |--- feature_13 >  12.45
|   |   |   |   |   |   |   |   |   |   |   |--- class: positive
|   |   |   |   |   |   |   |   |--- feature_3 >  4.00
|   |   |   |   |   |   |   |   |   |--- class: negative
|   |   |   |   |   |   |   |--- feature_12 >  19.13
|   |   |   |   |   |   |   |   |--- feature_11 <= 35.40
|   |   |   |   |   |   |   |   |   |--- class: positive
|   |   |   |   |   |   |   |   |--- feature_11 >  35.40
|   |   |   |   |   |   |   |   |   |--- class: negative
|   |   |   |   |   |   |--- feature_13 >  12.85
|   |   |   |   |   |   |   |--- class: negative
|   |   |   |   |--- feature_0 >  1944.50
|   |   |   |   |   |--- feature_10 <= 1.50
|   |   |   |   |   |   |--- feature_13 <= 11.00
|   |   |   |   |   |   |   |--- feature_20 <= 6.50
|   |   |   |   |   |   |   |   |--- feature_11 <= 6.10
|   |   |   |   |   |   |   |   |   |--- feature_1 <= 551.50
|   |   |   |   |   |   |   |   |   |   |--- class: positive
|   |   |   |   |   |   |   |   |   |--- feature_1 >  551.50
|   |   |   |   |   |   |   |   |   |   |--- class: negative
|   |   |   |   |   |   |   |   |--- feature_11 >  6.10
|   |   |   |   |   |   |   |   |   |--- feature_2 <= 4.50
|   |   |   |   |   |   |   |   |   |   |--- feature_15 <= 7.72
|   |   |   |   |   |   |   |   |   |   |   |--- truncated branch of depth 2
|   |   |   |   |   |   |   |   |   |   |--- feature_15 >  7.72
|   |   |   |   |   |   |   |   |   |   |   |--- truncated branch of depth 3
|   |   |   |   |   |   |   |   |   |--- feature_2 >  4.50
|   |   |   |   |   |   |   |   |   |   |--- class: positive
|   |   |   |   |   |   |   |--- feature_20 >  6.50
|   |   |   |   |   |   |   |   |--- class: negative
|   |   |   |   |   |   |--- feature_13 >  11.00
|   |   |   |   |   |   |   |--- feature_0 <= 1983.50
|   |   |   |   |   |   |   |   |--- feature_14 <= 34.39
|   |   |   |   |   |   |   |   |   |--- feature_15 <= 7.95
|   |   |   |   |   |   |   |   |   |   |--- feature_20 <= 3.50
|   |   |   |   |   |   |   |   |   |   |   |--- truncated branch of depth 3
|   |   |   |   |   |   |   |   |   |   |--- feature_20 >  3.50
|   |   |   |   |   |   |   |   |   |   |   |--- class: negative
|   |   |   |   |   |   |   |   |   |--- feature_15 >  7.95
|   |   |   |   |   |   |   |   |   |   |--- feature_11 <= 5.51
|   |   |   |   |   |   |   |   |   |   |   |--- class: positive
|   |   |   |   |   |   |   |   |   |   |--- feature_11 >  5.51
|   |   |   |   |   |   |   |   |   |   |   |--- class: negative
|   |   |   |   |   |   |   |   |--- feature_14 >  34.39
|   |   |   |   |   |   |   |   |   |--- feature_1 <= 6099.00
|   |   |   |   |   |   |   |   |   |   |--- feature_14 <= 37.78
|   |   |   |   |   |   |   |   |   |   |   |--- class: positive
|   |   |   |   |   |   |   |   |   |   |--- feature_14 >  37.78
|   |   |   |   |   |   |   |   |   |   |   |--- truncated branch of depth 6
|   |   |   |   |   |   |   |   |   |--- feature_1 >  6099.00
|   |   |   |   |   |   |   |   |   |   |--- feature_11 <= 14.49
|   |   |   |   |   |   |   |   |   |   |   |--- truncated branch of depth 2
|   |   |   |   |   |   |   |   |   |   |--- feature_11 >  14.49
|   |   |   |   |   |   |   |   |   |   |   |--- truncated branch of depth 2
|   |   |   |   |   |   |   |--- feature_0 >  1983.50
|   |   |   |   |   |   |   |   |--- feature_20 <= 4.50
|   |   |   |   |   |   |   |   |   |--- feature_3 <= 3.50
|   |   |   |   |   |   |   |   |   |   |--- class: negative
|   |   |   |   |   |   |   |   |   |--- feature_3 >  3.50
|   |   |   |   |   |   |   |   |   |   |--- class: positive
|   |   |   |   |   |   |   |   |--- feature_20 >  4.50
|   |   |   |   |   |   |   |   |   |--- class: negative
|   |   |   |   |   |--- feature_10 >  1.50
|   |   |   |   |   |   |--- feature_3 <= 4.50
|   |   |   |   |   |   |   |--- feature_15 <= 8.79
|   |   |   |   |   |   |   |   |--- feature_15 <= 5.00
|   |   |   |   |   |   |   |   |   |--- feature_2 <= 13.00
|   |   |   |   |   |   |   |   |   |   |--- class: positive
|   |   |   |   |   |   |   |   |   |--- feature_2 >  13.00
|   |   |   |   |   |   |   |   |   |   |--- class: negative
|   |   |   |   |   |   |   |   |--- feature_15 >  5.00
|   |   |   |   |   |   |   |   |   |--- class: positive
|   |   |   |   |   |   |   |--- feature_15 >  8.79
|   |   |   |   |   |   |   |   |--- class: negative
|   |   |   |   |   |   |--- feature_3 >  4.50
|   |   |   |   |   |   |   |--- feature_1 <= 4728.50
|   |   |   |   |   |   |   |   |--- feature_0 <= 2003.50
|   |   |   |   |   |   |   |   |   |--- class: positive
|   |   |   |   |   |   |   |   |--- feature_0 >  2003.50
|   |   |   |   |   |   |   |   |   |--- class: negative
|   |   |   |   |   |   |   |--- feature_1 >  4728.50
|   |   |   |   |   |   |   |   |--- class: negative
|   |   |   |--- feature_10 >  2.50
|   |   |   |   |--- feature_15 <= 5.01
|   |   |   |   |   |--- feature_1 <= 11414.50
|   |   |   |   |   |   |--- feature_4 <= 1.50
|   |   |   |   |   |   |   |--- feature_11 <= 13.80
|   |   |   |   |   |   |   |   |--- feature_12 <= 30.75
|   |   |   |   |   |   |   |   |   |--- feature_1 <= 3122.00
|   |   |   |   |   |   |   |   |   |   |--- class: negative
|   |   |   |   |   |   |   |   |   |--- feature_1 >  3122.00
|   |   |   |   |   |   |   |   |   |   |--- class: positive
|   |   |   |   |   |   |   |   |--- feature_12 >  30.75
|   |   |   |   |   |   |   |   |   |--- class: positive
|   |   |   |   |   |   |   |--- feature_11 >  13.80
|   |   |   |   |   |   |   |   |--- class: negative
|   |   |   |   |   |   |--- feature_4 >  1.50
|   |   |   |   |   |   |   |--- feature_2 <= 5.50
|   |   |   |   |   |   |   |   |--- feature_1 <= 917.00
|   |   |   |   |   |   |   |   |   |--- class: negative
|   |   |   |   |   |   |   |   |--- feature_1 >  917.00
|   |   |   |   |   |   |   |   |   |--- feature_12 <= 26.70
|   |   |   |   |   |   |   |   |   |   |--- feature_12 <= 20.25
|   |   |   |   |   |   |   |   |   |   |   |--- class: positive
|   |   |   |   |   |   |   |   |   |   |--- feature_12 >  20.25
|   |   |   |   |   |   |   |   |   |   |   |--- class: negative
|   |   |   |   |   |   |   |   |   |--- feature_12 >  26.70
|   |   |   |   |   |   |   |   |   |   |--- feature_1 <= 3969.00
|   |   |   |   |   |   |   |   |   |   |   |--- class: positive
|   |   |   |   |   |   |   |   |   |   |--- feature_1 >  3969.00
|   |   |   |   |   |   |   |   |   |   |   |--- truncated branch of depth 2
|   |   |   |   |   |   |   |--- feature_2 >  5.50
|   |   |   |   |   |   |   |   |--- feature_2 <= 42.50
|   |   |   |   |   |   |   |   |   |--- feature_11 <= 21.65
|   |   |   |   |   |   |   |   |   |   |--- class: negative
|   |   |   |   |   |   |   |   |   |--- feature_11 >  21.65
|   |   |   |   |   |   |   |   |   |   |--- feature_2 <= 10.50
|   |   |   |   |   |   |   |   |   |   |   |--- class: positive
|   |   |   |   |   |   |   |   |   |   |--- feature_2 >  10.50
|   |   |   |   |   |   |   |   |   |   |   |--- class: negative
|   |   |   |   |   |   |   |   |--- feature_2 >  42.50
|   |   |   |   |   |   |   |   |   |--- class: positive
|   |   |   |   |   |--- feature_1 >  11414.50
|   |   |   |   |   |   |--- feature_11 <= 12.12
|   |   |   |   |   |   |   |--- class: negative
|   |   |   |   |   |   |--- feature_11 >  12.12
|   |   |   |   |   |   |   |--- feature_0 <= 1942.50
|   |   |   |   |   |   |   |   |--- class: negative
|   |   |   |   |   |   |   |--- feature_0 >  1942.50
|   |   |   |   |   |   |   |   |--- feature_0 <= 1977.50
|   |   |   |   |   |   |   |   |   |--- class: positive
|   |   |   |   |   |   |   |   |--- feature_0 >  1977.50
|   |   |   |   |   |   |   |   |   |--- class: negative
|   |   |   |   |--- feature_15 >  5.01
|   |   |   |   |   |--- feature_15 <= 8.00
|   |   |   |   |   |   |--- feature_1 <= 2080.50
|   |   |   |   |   |   |   |--- feature_14 <= 40.49
|   |   |   |   |   |   |   |   |--- feature_14 <= 24.97
|   |   |   |   |   |   |   |   |   |--- class: negative
|   |   |   |   |   |   |   |   |--- feature_14 >  24.97
|   |   |   |   |   |   |   |   |   |--- class: positive
|   |   |   |   |   |   |   |--- feature_14 >  40.49
|   |   |   |   |   |   |   |   |--- feature_1 <= 125.00
|   |   |   |   |   |   |   |   |   |--- class: positive
|   |   |   |   |   |   |   |   |--- feature_1 >  125.00
|   |   |   |   |   |   |   |   |   |--- class: negative
|   |   |   |   |   |   |--- feature_1 >  2080.50
|   |   |   |   |   |   |   |--- feature_11 <= 21.00
|   |   |   |   |   |   |   |   |--- class: positive
|   |   |   |   |   |   |   |--- feature_11 >  21.00
|   |   |   |   |   |   |   |   |--- feature_12 <= 57.84
|   |   |   |   |   |   |   |   |   |--- class: negative
|   |   |   |   |   |   |   |   |--- feature_12 >  57.84
|   |   |   |   |   |   |   |   |   |--- class: positive
|   |   |   |   |   |--- feature_15 >  8.00
|   |   |   |   |   |   |--- feature_11 <= 6.13
|   |   |   |   |   |   |   |--- feature_14 <= 36.45
|   |   |   |   |   |   |   |   |--- feature_1 <= 2348.00
|   |   |   |   |   |   |   |   |   |--- class: negative
|   |   |   |   |   |   |   |   |--- feature_1 >  2348.00
|   |   |   |   |   |   |   |   |   |--- class: positive
|   |   |   |   |   |   |   |--- feature_14 >  36.45
|   |   |   |   |   |   |   |   |--- class: negative
|   |   |   |   |   |   |--- feature_11 >  6.13
|   |   |   |   |   |   |   |--- feature_1 <= 28653.50
|   |   |   |   |   |   |   |   |--- feature_1 <= 25115.00
|   |   |   |   |   |   |   |   |   |--- feature_1 <= 11294.50
|   |   |   |   |   |   |   |   |   |   |--- feature_1 <= 10356.00
|   |   |   |   |   |   |   |   |   |   |   |--- truncated branch of depth 12
|   |   |   |   |   |   |   |   |   |   |--- feature_1 >  10356.00
|   |   |   |   |   |   |   |   |   |   |   |--- truncated branch of depth 3
|   |   |   |   |   |   |   |   |   |--- feature_1 >  11294.50
|   |   |   |   |   |   |   |   |   |   |--- feature_2 <= 16.00
|   |   |   |   |   |   |   |   |   |   |   |--- class: negative
|   |   |   |   |   |   |   |   |   |   |--- feature_2 >  16.00
|   |   |   |   |   |   |   |   |   |   |   |--- truncated branch of depth 2
|   |   |   |   |   |   |   |   |--- feature_1 >  25115.00
|   |   |   |   |   |   |   |   |   |--- class: positive
|   |   |   |   |   |   |   |--- feature_1 >  28653.50
|   |   |   |   |   |   |   |   |--- class: negative
|   |   |--- feature_9 >  0.50
|   |   |   |--- feature_9 <= 29.50
|   |   |   |   |--- feature_12 <= 8.81
|   |   |   |   |   |--- feature_0 <= 1933.00
|   |   |   |   |   |   |--- feature_12 <= 6.98
|   |   |   |   |   |   |   |--- feature_15 <= 7.00
|   |   |   |   |   |   |   |   |--- class: negative
|   |   |   |   |   |   |   |--- feature_15 >  7.00
|   |   |   |   |   |   |   |   |--- feature_13 <= 13.73
|   |   |   |   |   |   |   |   |   |--- class: negative
|   |   |   |   |   |   |   |   |--- feature_13 >  13.73
|   |   |   |   |   |   |   |   |   |--- class: positive
|   |   |   |   |   |   |--- feature_12 >  6.98
|   |   |   |   |   |   |   |--- class: negative
|   |   |   |   |   |--- feature_0 >  1933.00
|   |   |   |   |   |   |--- feature_4 <= 2.50
|   |   |   |   |   |   |   |--- feature_2 <= 9.50
|   |   |   |   |   |   |   |   |--- feature_11 <= 4.60
|   |   |   |   |   |   |   |   |   |--- class: negative
|   |   |   |   |   |   |   |   |--- feature_11 >  4.60
|   |   |   |   |   |   |   |   |   |--- feature_0 <= 1970.50
|   |   |   |   |   |   |   |   |   |   |--- feature_14 <= 33.61
|   |   |   |   |   |   |   |   |   |   |   |--- truncated branch of depth 2
|   |   |   |   |   |   |   |   |   |   |--- feature_14 >  33.61
|   |   |   |   |   |   |   |   |   |   |   |--- class: positive
|   |   |   |   |   |   |   |   |   |--- feature_0 >  1970.50
|   |   |   |   |   |   |   |   |   |   |--- class: negative
|   |   |   |   |   |   |   |--- feature_2 >  9.50
|   |   |   |   |   |   |   |   |--- feature_9 <= 3.00
|   |   |   |   |   |   |   |   |   |--- class: positive
|   |   |   |   |   |   |   |   |--- feature_9 >  3.00
|   |   |   |   |   |   |   |   |   |--- feature_13 <= 11.56
|   |   |   |   |   |   |   |   |   |   |--- feature_14 <= 38.24
|   |   |   |   |   |   |   |   |   |   |   |--- class: positive
|   |   |   |   |   |   |   |   |   |   |--- feature_14 >  38.24
|   |   |   |   |   |   |   |   |   |   |   |--- class: negative
|   |   |   |   |   |   |   |   |   |--- feature_13 >  11.56
|   |   |   |   |   |   |   |   |   |   |--- class: negative
|   |   |   |   |   |   |--- feature_4 >  2.50
|   |   |   |   |   |   |   |--- feature_12 <= 6.80
|   |   |   |   |   |   |   |   |--- class: negative
|   |   |   |   |   |   |   |--- feature_12 >  6.80
|   |   |   |   |   |   |   |   |--- feature_13 <= 10.86
|   |   |   |   |   |   |   |   |   |--- class: positive
|   |   |   |   |   |   |   |   |--- feature_13 >  10.86
|   |   |   |   |   |   |   |   |   |--- feature_1 <= 5717.00
|   |   |   |   |   |   |   |   |   |   |--- feature_1 <= 1209.50
|   |   |   |   |   |   |   |   |   |   |   |--- truncated branch of depth 2
|   |   |   |   |   |   |   |   |   |   |--- feature_1 >  1209.50
|   |   |   |   |   |   |   |   |   |   |   |--- class: negative
|   |   |   |   |   |   |   |   |   |--- feature_1 >  5717.00
|   |   |   |   |   |   |   |   |   |   |--- feature_1 <= 8242.50
|   |   |   |   |   |   |   |   |   |   |   |--- class: positive
|   |   |   |   |   |   |   |   |   |   |--- feature_1 >  8242.50
|   |   |   |   |   |   |   |   |   |   |   |--- truncated branch of depth 2
|   |   |   |   |--- feature_12 >  8.81
|   |   |   |   |   |--- feature_10 <= 2.50
|   |   |   |   |   |   |--- feature_15 <= 7.98
|   |   |   |   |   |   |   |--- feature_15 <= 6.00
|   |   |   |   |   |   |   |   |--- feature_2 <= 0.50
|   |   |   |   |   |   |   |   |   |--- feature_15 <= 5.38
|   |   |   |   |   |   |   |   |   |   |--- class: negative
|   |   |   |   |   |   |   |   |   |--- feature_15 >  5.38
|   |   |   |   |   |   |   |   |   |   |--- feature_11 <= 22.02
|   |   |   |   |   |   |   |   |   |   |   |--- class: positive
|   |   |   |   |   |   |   |   |   |   |--- feature_11 >  22.02
|   |   |   |   |   |   |   |   |   |   |   |--- class: negative
|   |   |   |   |   |   |   |   |--- feature_2 >  0.50
|   |   |   |   |   |   |   |   |   |--- feature_12 <= 13.14
|   |   |   |   |   |   |   |   |   |   |--- feature_11 <= 11.55
|   |   |   |   |   |   |   |   |   |   |   |--- truncated branch of depth 4
|   |   |   |   |   |   |   |   |   |   |--- feature_11 >  11.55
|   |   |   |   |   |   |   |   |   |   |   |--- truncated branch of depth 2
|   |   |   |   |   |   |   |   |   |--- feature_12 >  13.14
|   |   |   |   |   |   |   |   |   |   |--- feature_11 <= 25.78
|   |   |   |   |   |   |   |   |   |   |   |--- truncated branch of depth 5
|   |   |   |   |   |   |   |   |   |   |--- feature_11 >  25.78
|   |   |   |   |   |   |   |   |   |   |   |--- class: negative
|   |   |   |   |   |   |   |--- feature_15 >  6.00
|   |   |   |   |   |   |   |   |--- class: positive
|   |   |   |   |   |   |--- feature_15 >  7.98
|   |   |   |   |   |   |   |--- feature_0 <= 1934.00
|   |   |   |   |   |   |   |   |--- feature_9 <= 26.50
|   |   |   |   |   |   |   |   |   |--- class: negative
|   |   |   |   |   |   |   |   |--- feature_9 >  26.50
|   |   |   |   |   |   |   |   |   |--- class: positive
|   |   |   |   |   |   |   |--- feature_0 >  1934.00
|   |   |   |   |   |   |   |   |--- feature_12 <= 20.15
|   |   |   |   |   |   |   |   |   |--- feature_11 <= 13.36
|   |   |   |   |   |   |   |   |   |   |--- feature_12 <= 12.85
|   |   |   |   |   |   |   |   |   |   |   |--- truncated branch of depth 7
|   |   |   |   |   |   |   |   |   |   |--- feature_12 >  12.85
|   |   |   |   |   |   |   |   |   |   |   |--- class: positive
|   |   |   |   |   |   |   |   |   |--- feature_11 >  13.36
|   |   |   |   |   |   |   |   |   |   |--- feature_1 <= 7044.00
|   |   |   |   |   |   |   |   |   |   |   |--- truncated branch of depth 6
|   |   |   |   |   |   |   |   |   |   |--- feature_1 >  7044.00
|   |   |   |   |   |   |   |   |   |   |   |--- truncated branch of depth 2
|   |   |   |   |   |   |   |   |--- feature_12 >  20.15
|   |   |   |   |   |   |   |   |   |--- feature_11 <= 23.17
|   |   |   |   |   |   |   |   |   |   |--- feature_2 <= 3.50
|   |   |   |   |   |   |   |   |   |   |   |--- truncated branch of depth 3
|   |   |   |   |   |   |   |   |   |   |--- feature_2 >  3.50
|   |   |   |   |   |   |   |   |   |   |   |--- class: positive
|   |   |   |   |   |   |   |   |   |--- feature_11 >  23.17
|   |   |   |   |   |   |   |   |   |   |--- feature_1 <= 4712.50
|   |   |   |   |   |   |   |   |   |   |   |--- class: negative
|   |   |   |   |   |   |   |   |   |   |--- feature_1 >  4712.50
|   |   |   |   |   |   |   |   |   |   |   |--- truncated branch of depth 3
|   |   |   |   |   |--- feature_10 >  2.50
|   |   |   |   |   |   |--- feature_15 <= 5.01
|   |   |   |   |   |   |   |--- feature_1 <= 31432.50
|   |   |   |   |   |   |   |   |--- feature_9 <= 3.50
|   |   |   |   |   |   |   |   |   |--- class: positive
|   |   |   |   |   |   |   |   |--- feature_9 >  3.50
|   |   |   |   |   |   |   |   |   |--- feature_12 <= 24.40
|   |   |   |   |   |   |   |   |   |   |--- feature_13 <= 12.28
|   |   |   |   |   |   |   |   |   |   |   |--- truncated branch of depth 6
|   |   |   |   |   |   |   |   |   |   |--- feature_13 >  12.28
|   |   |   |   |   |   |   |   |   |   |   |--- truncated branch of depth 5
|   |   |   |   |   |   |   |   |   |--- feature_12 >  24.40
|   |   |   |   |   |   |   |   |   |   |--- feature_2 <= 4.50
|   |   |   |   |   |   |   |   |   |   |   |--- truncated branch of depth 9
|   |   |   |   |   |   |   |   |   |   |--- feature_2 >  4.50
|   |   |   |   |   |   |   |   |   |   |   |--- truncated branch of depth 8
|   |   |   |   |   |   |   |--- feature_1 >  31432.50
|   |   |   |   |   |   |   |   |--- feature_11 <= 13.84
|   |   |   |   |   |   |   |   |   |--- feature_13 <= 14.75
|   |   |   |   |   |   |   |   |   |   |--- class: positive
|   |   |   |   |   |   |   |   |   |--- feature_13 >  14.75
|   |   |   |   |   |   |   |   |   |   |--- class: negative
|   |   |   |   |   |   |   |   |--- feature_11 >  13.84
|   |   |   |   |   |   |   |   |   |--- class: positive
|   |   |   |   |   |   |--- feature_15 >  5.01
|   |   |   |   |   |   |   |--- feature_15 <= 7.99
|   |   |   |   |   |   |   |   |--- feature_2 <= 5.50
|   |   |   |   |   |   |   |   |   |--- feature_1 <= 10686.00
|   |   |   |   |   |   |   |   |   |   |--- feature_9 <= 19.50
|   |   |   |   |   |   |   |   |   |   |   |--- class: positive
|   |   |   |   |   |   |   |   |   |   |--- feature_9 >  19.50
|   |   |   |   |   |   |   |   |   |   |   |--- truncated branch of depth 3
|   |   |   |   |   |   |   |   |   |--- feature_1 >  10686.00
|   |   |   |   |   |   |   |   |   |   |--- feature_2 <= 4.50
|   |   |   |   |   |   |   |   |   |   |   |--- truncated branch of depth 3
|   |   |   |   |   |   |   |   |   |   |--- feature_2 >  4.50
|   |   |   |   |   |   |   |   |   |   |   |--- class: negative
|   |   |   |   |   |   |   |   |--- feature_2 >  5.50
|   |   |   |   |   |   |   |   |   |--- feature_15 <= 7.00
|   |   |   |   |   |   |   |   |   |   |--- class: positive
|   |   |   |   |   |   |   |   |   |--- feature_15 >  7.00
|   |   |   |   |   |   |   |   |   |   |--- feature_15 <= 7.00
|   |   |   |   |   |   |   |   |   |   |   |--- truncated branch of depth 2
|   |   |   |   |   |   |   |   |   |   |--- feature_15 >  7.00
|   |   |   |   |   |   |   |   |   |   |   |--- class: positive
|   |   |   |   |   |   |   |--- feature_15 >  7.99
|   |   |   |   |   |   |   |   |--- feature_1 <= 1783.00
|   |   |   |   |   |   |   |   |   |--- feature_14 <= 40.40
|   |   |   |   |   |   |   |   |   |   |--- feature_9 <= 20.50
|   |   |   |   |   |   |   |   |   |   |   |--- truncated branch of depth 5
|   |   |   |   |   |   |   |   |   |   |--- feature_9 >  20.50
|   |   |   |   |   |   |   |   |   |   |   |--- class: positive
|   |   |   |   |   |   |   |   |   |--- feature_14 >  40.40
|   |   |   |   |   |   |   |   |   |   |--- feature_9 <= 3.50
|   |   |   |   |   |   |   |   |   |   |   |--- class: positive
|   |   |   |   |   |   |   |   |   |   |--- feature_9 >  3.50
|   |   |   |   |   |   |   |   |   |   |   |--- class: negative
|   |   |   |   |   |   |   |   |--- feature_1 >  1783.00
|   |   |   |   |   |   |   |   |   |--- feature_3 <= 3.50
|   |   |   |   |   |   |   |   |   |   |--- feature_0 <= 1955.50
|   |   |   |   |   |   |   |   |   |   |   |--- truncated branch of depth 4
|   |   |   |   |   |   |   |   |   |   |--- feature_0 >  1955.50
|   |   |   |   |   |   |   |   |   |   |   |--- truncated branch of depth 13
|   |   |   |   |   |   |   |   |   |--- feature_3 >  3.50
|   |   |   |   |   |   |   |   |   |   |--- feature_1 <= 8055.50
|   |   |   |   |   |   |   |   |   |   |   |--- truncated branch of depth 4
|   |   |   |   |   |   |   |   |   |   |--- feature_1 >  8055.50
|   |   |   |   |   |   |   |   |   |   |   |--- truncated branch of depth 6
|   |   |   |--- feature_9 >  29.50
|   |   |   |   |--- feature_1 <= 12955.00
|   |   |   |   |   |--- feature_15 <= 8.00
|   |   |   |   |   |   |--- feature_15 <= 6.02
|   |   |   |   |   |   |   |--- feature_1 <= 1762.00
|   |   |   |   |   |   |   |   |--- feature_0 <= 1954.00
|   |   |   |   |   |   |   |   |   |--- feature_12 <= 11.61
|   |   |   |   |   |   |   |   |   |   |--- class: negative
|   |   |   |   |   |   |   |   |   |--- feature_12 >  11.61
|   |   |   |   |   |   |   |   |   |   |--- feature_11 <= 16.74
|   |   |   |   |   |   |   |   |   |   |   |--- class: positive
|   |   |   |   |   |   |   |   |   |   |--- feature_11 >  16.74
|   |   |   |   |   |   |   |   |   |   |   |--- class: negative
|   |   |   |   |   |   |   |   |--- feature_0 >  1954.00
|   |   |   |   |   |   |   |   |   |--- class: negative
|   |   |   |   |   |   |   |--- feature_1 >  1762.00
|   |   |   |   |   |   |   |   |--- feature_11 <= 23.65
|   |   |   |   |   |   |   |   |   |--- feature_11 <= 7.65
|   |   |   |   |   |   |   |   |   |   |--- feature_4 <= 2.50
|   |   |   |   |   |   |   |   |   |   |   |--- truncated branch of depth 5
|   |   |   |   |   |   |   |   |   |   |--- feature_4 >  2.50
|   |   |   |   |   |   |   |   |   |   |   |--- class: negative
|   |   |   |   |   |   |   |   |   |--- feature_11 >  7.65
|   |   |   |   |   |   |   |   |   |   |--- feature_14 <= 32.53
|   |   |   |   |   |   |   |   |   |   |   |--- class: negative
|   |   |   |   |   |   |   |   |   |   |--- feature_14 >  32.53
|   |   |   |   |   |   |   |   |   |   |   |--- truncated branch of depth 13
|   |   |   |   |   |   |   |   |--- feature_11 >  23.65
|   |   |   |   |   |   |   |   |   |--- class: negative
|   |   |   |   |   |   |--- feature_15 >  6.02
|   |   |   |   |   |   |   |--- feature_15 <= 7.01
|   |   |   |   |   |   |   |   |--- feature_15 <= 7.00
|   |   |   |   |   |   |   |   |   |--- class: positive
|   |   |   |   |   |   |   |   |--- feature_15 >  7.00
|   |   |   |   |   |   |   |   |   |--- feature_0 <= 1958.50
|   |   |   |   |   |   |   |   |   |   |--- feature_9 <= 34.00
|   |   |   |   |   |   |   |   |   |   |   |--- class: positive
|   |   |   |   |   |   |   |   |   |   |--- feature_9 >  34.00
|   |   |   |   |   |   |   |   |   |   |   |--- class: negative
|   |   |   |   |   |   |   |   |   |--- feature_0 >  1958.50
|   |   |   |   |   |   |   |   |   |   |--- class: negative
|   |   |   |   |   |   |   |--- feature_15 >  7.01
|   |   |   |   |   |   |   |   |--- class: positive
|   |   |   |   |   |--- feature_15 >  8.00
|   |   |   |   |   |   |--- feature_10 <= 2.50
|   |   |   |   |   |   |   |--- feature_20 <= 4.50
|   |   |   |   |   |   |   |   |--- feature_9 <= 34.50
|   |   |   |   |   |   |   |   |   |--- feature_12 <= 6.88
|   |   |   |   |   |   |   |   |   |   |--- class: negative
|   |   |   |   |   |   |   |   |   |--- feature_12 >  6.88
|   |   |   |   |   |   |   |   |   |   |--- feature_13 <= 13.28
|   |   |   |   |   |   |   |   |   |   |   |--- class: positive
|   |   |   |   |   |   |   |   |   |   |--- feature_13 >  13.28
|   |   |   |   |   |   |   |   |   |   |   |--- truncated branch of depth 2
|   |   |   |   |   |   |   |   |--- feature_9 >  34.50
|   |   |   |   |   |   |   |   |   |--- feature_12 <= 22.79
|   |   |   |   |   |   |   |   |   |   |--- feature_20 <= 2.50
|   |   |   |   |   |   |   |   |   |   |   |--- class: negative
|   |   |   |   |   |   |   |   |   |   |--- feature_20 >  2.50
|   |   |   |   |   |   |   |   |   |   |   |--- class: positive
|   |   |   |   |   |   |   |   |   |--- feature_12 >  22.79
|   |   |   |   |   |   |   |   |   |   |--- feature_11 <= 19.14
|   |   |   |   |   |   |   |   |   |   |   |--- class: positive
|   |   |   |   |   |   |   |   |   |   |--- feature_11 >  19.14
|   |   |   |   |   |   |   |   |   |   |   |--- class: negative
|   |   |   |   |   |   |   |--- feature_20 >  4.50
|   |   |   |   |   |   |   |   |--- feature_1 <= 375.00
|   |   |   |   |   |   |   |   |   |--- class: positive
|   |   |   |   |   |   |   |   |--- feature_1 >  375.00
|   |   |   |   |   |   |   |   |   |--- feature_19 <= 1.07
|   |   |   |   |   |   |   |   |   |   |--- class: negative
|   |   |   |   |   |   |   |   |   |--- feature_19 >  1.07
|   |   |   |   |   |   |   |   |   |   |--- feature_0 <= 1984.00
|   |   |   |   |   |   |   |   |   |   |   |--- class: negative
|   |   |   |   |   |   |   |   |   |   |--- feature_0 >  1984.00
|   |   |   |   |   |   |   |   |   |   |   |--- class: positive
|   |   |   |   |   |   |--- feature_10 >  2.50
|   |   |   |   |   |   |   |--- feature_2 <= 5.50
|   |   |   |   |   |   |   |   |--- feature_9 <= 36.50
|   |   |   |   |   |   |   |   |   |--- class: negative
|   |   |   |   |   |   |   |   |--- feature_9 >  36.50
|   |   |   |   |   |   |   |   |   |--- feature_0 <= 1965.50
|   |   |   |   |   |   |   |   |   |   |--- class: negative
|   |   |   |   |   |   |   |   |   |--- feature_0 >  1965.50
|   |   |   |   |   |   |   |   |   |   |--- feature_1 <= 2570.50
|   |   |   |   |   |   |   |   |   |   |   |--- class: negative
|   |   |   |   |   |   |   |   |   |   |--- feature_1 >  2570.50
|   |   |   |   |   |   |   |   |   |   |   |--- class: positive
|   |   |   |   |   |   |   |--- feature_2 >  5.50
|   |   |   |   |   |   |   |   |--- feature_2 <= 11.50
|   |   |   |   |   |   |   |   |   |--- feature_9 <= 30.50
|   |   |   |   |   |   |   |   |   |   |--- feature_12 <= 38.15
|   |   |   |   |   |   |   |   |   |   |   |--- truncated branch of depth 3
|   |   |   |   |   |   |   |   |   |   |--- feature_12 >  38.15
|   |   |   |   |   |   |   |   |   |   |   |--- class: negative
|   |   |   |   |   |   |   |   |   |--- feature_9 >  30.50
|   |   |   |   |   |   |   |   |   |   |--- feature_0 <= 1958.00
|   |   |   |   |   |   |   |   |   |   |   |--- truncated branch of depth 2
|   |   |   |   |   |   |   |   |   |   |--- feature_0 >  1958.00
|   |   |   |   |   |   |   |   |   |   |   |--- truncated branch of depth 2
|   |   |   |   |   |   |   |   |--- feature_2 >  11.50
|   |   |   |   |   |   |   |   |   |--- feature_11 <= 11.90
|   |   |   |   |   |   |   |   |   |   |--- feature_2 <= 22.50
|   |   |   |   |   |   |   |   |   |   |   |--- truncated branch of depth 5
|   |   |   |   |   |   |   |   |   |   |--- feature_2 >  22.50
|   |   |   |   |   |   |   |   |   |   |   |--- truncated branch of depth 2
|   |   |   |   |   |   |   |   |   |--- feature_11 >  11.90
|   |   |   |   |   |   |   |   |   |   |--- feature_2 <= 13.00
|   |   |   |   |   |   |   |   |   |   |   |--- truncated branch of depth 2
|   |   |   |   |   |   |   |   |   |   |--- feature_2 >  13.00
|   |   |   |   |   |   |   |   |   |   |   |--- class: negative
|   |   |   |   |--- feature_1 >  12955.00
|   |   |   |   |   |--- feature_14 <= 32.43
|   |   |   |   |   |   |--- feature_1 <= 36246.00
|   |   |   |   |   |   |   |--- class: negative
|   |   |   |   |   |   |--- feature_1 >  36246.00
|   |   |   |   |   |   |   |--- class: positive
|   |   |   |   |   |--- feature_14 >  32.43
|   |   |   |   |   |   |--- feature_15 <= 5.01
|   |   |   |   |   |   |   |--- feature_12 <= 81.63
|   |   |   |   |   |   |   |   |--- feature_13 <= 15.97
|   |   |   |   |   |   |   |   |   |--- feature_2 <= 4.00
|   |   |   |   |   |   |   |   |   |   |--- class: negative
|   |   |   |   |   |   |   |   |   |--- feature_2 >  4.00
|   |   |   |   |   |   |   |   |   |   |--- class: positive
|   |   |   |   |   |   |   |   |--- feature_13 >  15.97
|   |   |   |   |   |   |   |   |   |--- class: negative
|   |   |   |   |   |   |   |--- feature_12 >  81.63
|   |   |   |   |   |   |   |   |--- class: positive
|   |   |   |   |   |   |--- feature_15 >  5.01
|   |   |   |   |   |   |   |--- feature_2 <= 1.00
|   |   |   |   |   |   |   |   |--- class: negative
|   |   |   |   |   |   |   |--- feature_2 >  1.00
|   |   |   |   |   |   |   |   |--- feature_0 <= 1975.50
|   |   |   |   |   |   |   |   |   |--- feature_2 <= 2.50
|   |   |   |   |   |   |   |   |   |   |--- class: negative
|   |   |   |   |   |   |   |   |   |--- feature_2 >  2.50
|   |   |   |   |   |   |   |   |   |   |--- feature_2 <= 47.50
|   |   |   |   |   |   |   |   |   |   |   |--- class: positive
|   |   |   |   |   |   |   |   |   |   |--- feature_2 >  47.50
|   |   |   |   |   |   |   |   |   |   |   |--- truncated branch of depth 2
|   |   |   |   |   |   |   |   |--- feature_0 >  1975.50
|   |   |   |   |   |   |   |   |   |--- feature_20 <= 1.50
|   |   |   |   |   |   |   |   |   |   |--- class: positive
|   |   |   |   |   |   |   |   |   |--- feature_20 >  1.50
|   |   |   |   |   |   |   |   |   |   |--- class: negative
|--- feature_4 >  5.50
|   |--- feature_0 <= 1993.50
|   |   |--- feature_1 <= 18962.50
|   |   |   |--- feature_14 <= 32.42
|   |   |   |   |--- feature_20 <= 11.00
|   |   |   |   |   |--- feature_14 <= 24.17
|   |   |   |   |   |   |--- feature_0 <= 1962.00
|   |   |   |   |   |   |   |--- class: negative
|   |   |   |   |   |   |--- feature_0 >  1962.00
|   |   |   |   |   |   |   |--- feature_12 <= 12.83
|   |   |   |   |   |   |   |   |--- class: positive
|   |   |   |   |   |   |   |--- feature_12 >  12.83
|   |   |   |   |   |   |   |   |--- feature_12 <= 47.37
|   |   |   |   |   |   |   |   |   |--- class: negative
|   |   |   |   |   |   |   |   |--- feature_12 >  47.37
|   |   |   |   |   |   |   |   |   |--- class: positive
|   |   |   |   |   |--- feature_14 >  24.17
|   |   |   |   |   |   |--- feature_10 <= 3.50
|   |   |   |   |   |   |   |--- feature_9 <= 15.50
|   |   |   |   |   |   |   |   |--- feature_1 <= 4475.00
|   |   |   |   |   |   |   |   |   |--- feature_1 <= 1038.00
|   |   |   |   |   |   |   |   |   |   |--- feature_15 <= 5.50
|   |   |   |   |   |   |   |   |   |   |   |--- class: negative
|   |   |   |   |   |   |   |   |   |   |--- feature_15 >  5.50
|   |   |   |   |   |   |   |   |   |   |   |--- truncated branch of depth 9
|   |   |   |   |   |   |   |   |   |--- feature_1 >  1038.00
|   |   |   |   |   |   |   |   |   |   |--- feature_15 <= 5.50
|   |   |   |   |   |   |   |   |   |   |   |--- truncated branch of depth 4
|   |   |   |   |   |   |   |   |   |   |--- feature_15 >  5.50
|   |   |   |   |   |   |   |   |   |   |   |--- truncated branch of depth 3
|   |   |   |   |   |   |   |   |--- feature_1 >  4475.00
|   |   |   |   |   |   |   |   |   |--- class: negative
|   |   |   |   |   |   |   |--- feature_9 >  15.50
|   |   |   |   |   |   |   |   |--- feature_11 <= 20.85
|   |   |   |   |   |   |   |   |   |--- class: negative
|   |   |   |   |   |   |   |   |--- feature_11 >  20.85
|   |   |   |   |   |   |   |   |   |--- feature_12 <= 23.20
|   |   |   |   |   |   |   |   |   |   |--- class: positive
|   |   |   |   |   |   |   |   |   |--- feature_12 >  23.20
|   |   |   |   |   |   |   |   |   |   |--- class: negative
|   |   |   |   |   |   |--- feature_10 >  3.50
|   |   |   |   |   |   |   |--- feature_2 <= 1.50
|   |   |   |   |   |   |   |   |--- feature_0 <= 1981.50
|   |   |   |   |   |   |   |   |   |--- class: positive
|   |   |   |   |   |   |   |   |--- feature_0 >  1981.50
|   |   |   |   |   |   |   |   |   |--- class: negative
|   |   |   |   |   |   |   |--- feature_2 >  1.50
|   |   |   |   |   |   |   |   |--- class: negative
|   |   |   |   |--- feature_20 >  11.00
|   |   |   |   |   |--- class: positive
|   |   |   |--- feature_14 >  32.42
|   |   |   |   |--- feature_14 <= 40.49
|   |   |   |   |   |--- feature_19 <= 5.27
|   |   |   |   |   |   |--- feature_14 <= 33.32
|   |   |   |   |   |   |   |--- feature_14 <= 33.23
|   |   |   |   |   |   |   |   |--- class: positive
|   |   |   |   |   |   |   |--- feature_14 >  33.23
|   |   |   |   |   |   |   |   |--- feature_0 <= 1970.00
|   |   |   |   |   |   |   |   |   |--- class: negative
|   |   |   |   |   |   |   |   |--- feature_0 >  1970.00
|   |   |   |   |   |   |   |   |   |--- feature_0 <= 1988.50
|   |   |   |   |   |   |   |   |   |   |--- feature_13 <= 11.90
|   |   |   |   |   |   |   |   |   |   |   |--- truncated branch of depth 6
|   |   |   |   |   |   |   |   |   |   |--- feature_13 >  11.90
|   |   |   |   |   |   |   |   |   |   |   |--- class: positive
|   |   |   |   |   |   |   |   |   |--- feature_0 >  1988.50
|   |   |   |   |   |   |   |   |   |   |--- class: negative
|   |   |   |   |   |   |--- feature_14 >  33.32
|   |   |   |   |   |   |   |--- feature_13 <= 8.70
|   |   |   |   |   |   |   |   |--- feature_12 <= 28.76
|   |   |   |   |   |   |   |   |   |--- feature_1 <= 921.00
|   |   |   |   |   |   |   |   |   |   |--- class: negative
|   |   |   |   |   |   |   |   |   |--- feature_1 >  921.00
|   |   |   |   |   |   |   |   |   |   |--- feature_1 <= 1718.50
|   |   |   |   |   |   |   |   |   |   |   |--- class: positive
|   |   |   |   |   |   |   |   |   |   |--- feature_1 >  1718.50
|   |   |   |   |   |   |   |   |   |   |   |--- class: negative
|   |   |   |   |   |   |   |   |--- feature_12 >  28.76
|   |   |   |   |   |   |   |   |   |--- feature_9 <= 19.00
|   |   |   |   |   |   |   |   |   |   |--- class: positive
|   |   |   |   |   |   |   |   |   |--- feature_9 >  19.00
|   |   |   |   |   |   |   |   |   |   |--- class: negative
|   |   |   |   |   |   |   |--- feature_13 >  8.70
|   |   |   |   |   |   |   |   |--- feature_3 <= 5.50
|   |   |   |   |   |   |   |   |   |--- feature_9 <= 37.00
|   |   |   |   |   |   |   |   |   |   |--- feature_3 <= 1.50
|   |   |   |   |   |   |   |   |   |   |   |--- truncated branch of depth 2
|   |   |   |   |   |   |   |   |   |   |--- feature_3 >  1.50
|   |   |   |   |   |   |   |   |   |   |   |--- class: positive
|   |   |   |   |   |   |   |   |   |--- feature_9 >  37.00
|   |   |   |   |   |   |   |   |   |   |--- class: negative
|   |   |   |   |   |   |   |   |--- feature_3 >  5.50
|   |   |   |   |   |   |   |   |   |--- class: negative
|   |   |   |   |   |--- feature_19 >  5.27
|   |   |   |   |   |   |--- class: negative
|   |   |   |   |--- feature_14 >  40.49
|   |   |   |   |   |--- feature_15 <= 7.98
|   |   |   |   |   |   |--- feature_15 <= 7.01
|   |   |   |   |   |   |   |--- feature_3 <= 4.50
|   |   |   |   |   |   |   |   |--- feature_20 <= 2.50
|   |   |   |   |   |   |   |   |   |--- feature_0 <= 1953.50
|   |   |   |   |   |   |   |   |   |   |--- class: negative
|   |   |   |   |   |   |   |   |   |--- feature_0 >  1953.50
|   |   |   |   |   |   |   |   |   |   |--- feature_9 <= 34.50
|   |   |   |   |   |   |   |   |   |   |   |--- truncated branch of depth 12
|   |   |   |   |   |   |   |   |   |   |--- feature_9 >  34.50
|   |   |   |   |   |   |   |   |   |   |   |--- class: negative
|   |   |   |   |   |   |   |   |--- feature_20 >  2.50
|   |   |   |   |   |   |   |   |   |--- feature_20 <= 6.50
|   |   |   |   |   |   |   |   |   |   |--- feature_3 <= 1.50
|   |   |   |   |   |   |   |   |   |   |   |--- truncated branch of depth 8
|   |   |   |   |   |   |   |   |   |   |--- feature_3 >  1.50
|   |   |   |   |   |   |   |   |   |   |   |--- class: positive
|   |   |   |   |   |   |   |   |   |--- feature_20 >  6.50
|   |   |   |   |   |   |   |   |   |   |--- feature_9 <= 2.50
|   |   |   |   |   |   |   |   |   |   |   |--- truncated branch of depth 3
|   |   |   |   |   |   |   |   |   |   |--- feature_9 >  2.50
|   |   |   |   |   |   |   |   |   |   |   |--- class: negative
|   |   |   |   |   |   |   |--- feature_3 >  4.50
|   |   |   |   |   |   |   |   |--- feature_1 <= 1414.00
|   |   |   |   |   |   |   |   |   |--- feature_1 <= 251.00
|   |   |   |   |   |   |   |   |   |   |--- feature_1 <= 204.00
|   |   |   |   |   |   |   |   |   |   |   |--- truncated branch of depth 8
|   |   |   |   |   |   |   |   |   |   |--- feature_1 >  204.00
|   |   |   |   |   |   |   |   |   |   |   |--- truncated branch of depth 3
|   |   |   |   |   |   |   |   |   |--- feature_1 >  251.00
|   |   |   |   |   |   |   |   |   |   |--- feature_2 <= 7.50
|   |   |   |   |   |   |   |   |   |   |   |--- class: negative
|   |   |   |   |   |   |   |   |   |   |--- feature_2 >  7.50
|   |   |   |   |   |   |   |   |   |   |   |--- truncated branch of depth 5
|   |   |   |   |   |   |   |   |--- feature_1 >  1414.00
|   |   |   |   |   |   |   |   |   |--- feature_15 <= 6.83
|   |   |   |   |   |   |   |   |   |   |--- feature_15 <= 6.02
|   |   |   |   |   |   |   |   |   |   |   |--- truncated branch of depth 12
|   |   |   |   |   |   |   |   |   |   |--- feature_15 >  6.02
|   |   |   |   |   |   |   |   |   |   |   |--- class: positive
|   |   |   |   |   |   |   |   |   |--- feature_15 >  6.83
|   |   |   |   |   |   |   |   |   |   |--- class: negative
|   |   |   |   |   |   |--- feature_15 >  7.01
|   |   |   |   |   |   |   |--- class: positive
|   |   |   |   |   |--- feature_15 >  7.98
|   |   |   |   |   |   |--- feature_12 <= 13.43
|   |   |   |   |   |   |   |--- feature_13 <= 12.35
|   |   |   |   |   |   |   |   |--- feature_12 <= 12.58
|   |   |   |   |   |   |   |   |   |--- feature_20 <= 1.50
|   |   |   |   |   |   |   |   |   |   |--- feature_1 <= 1701.00
|   |   |   |   |   |   |   |   |   |   |   |--- truncated branch of depth 2
|   |   |   |   |   |   |   |   |   |   |--- feature_1 >  1701.00
|   |   |   |   |   |   |   |   |   |   |   |--- class: negative
|   |   |   |   |   |   |   |   |   |--- feature_20 >  1.50
|   |   |   |   |   |   |   |   |   |   |--- class: negative
|   |   |   |   |   |   |   |   |--- feature_12 >  12.58
|   |   |   |   |   |   |   |   |   |--- feature_12 <= 12.95
|   |   |   |   |   |   |   |   |   |   |--- feature_9 <= 7.50
|   |   |   |   |   |   |   |   |   |   |   |--- class: negative
|   |   |   |   |   |   |   |   |   |   |--- feature_9 >  7.50
|   |   |   |   |   |   |   |   |   |   |   |--- class: positive
|   |   |   |   |   |   |   |   |   |--- feature_12 >  12.95
|   |   |   |   |   |   |   |   |   |   |--- class: negative
|   |   |   |   |   |   |   |--- feature_13 >  12.35
|   |   |   |   |   |   |   |   |--- feature_13 <= 12.60
|   |   |   |   |   |   |   |   |   |--- class: positive
|   |   |   |   |   |   |   |   |--- feature_13 >  12.60
|   |   |   |   |   |   |   |   |   |--- feature_11 <= 8.95
|   |   |   |   |   |   |   |   |   |   |--- class: negative
|   |   |   |   |   |   |   |   |   |--- feature_11 >  8.95
|   |   |   |   |   |   |   |   |   |   |--- feature_12 <= 11.30
|   |   |   |   |   |   |   |   |   |   |   |--- truncated branch of depth 2
|   |   |   |   |   |   |   |   |   |   |--- feature_12 >  11.30
|   |   |   |   |   |   |   |   |   |   |   |--- class: negative
|   |   |   |   |   |   |--- feature_12 >  13.43
|   |   |   |   |   |   |   |--- feature_13 <= 8.52
|   |   |   |   |   |   |   |   |--- feature_1 <= 213.00
|   |   |   |   |   |   |   |   |   |--- class: negative
|   |   |   |   |   |   |   |   |--- feature_1 >  213.00
|   |   |   |   |   |   |   |   |   |--- feature_19 <= 6.55
|   |   |   |   |   |   |   |   |   |   |--- feature_9 <= 29.50
|   |   |   |   |   |   |   |   |   |   |   |--- truncated branch of depth 6
|   |   |   |   |   |   |   |   |   |   |--- feature_9 >  29.50
|   |   |   |   |   |   |   |   |   |   |   |--- truncated branch of depth 4
|   |   |   |   |   |   |   |   |   |--- feature_19 >  6.55
|   |   |   |   |   |   |   |   |   |   |--- feature_11 <= 15.93
|   |   |   |   |   |   |   |   |   |   |   |--- class: negative
|   |   |   |   |   |   |   |   |   |   |--- feature_11 >  15.93
|   |   |   |   |   |   |   |   |   |   |   |--- class: positive
|   |   |   |   |   |   |   |--- feature_13 >  8.52
|   |   |   |   |   |   |   |   |--- feature_10 <= 2.50
|   |   |   |   |   |   |   |   |   |--- feature_0 <= 1940.50
|   |   |   |   |   |   |   |   |   |   |--- feature_4 <= 7.50
|   |   |   |   |   |   |   |   |   |   |   |--- class: negative
|   |   |   |   |   |   |   |   |   |   |--- feature_4 >  7.50
|   |   |   |   |   |   |   |   |   |   |   |--- class: positive
|   |   |   |   |   |   |   |   |   |--- feature_0 >  1940.50
|   |   |   |   |   |   |   |   |   |   |--- feature_20 <= 4.50
|   |   |   |   |   |   |   |   |   |   |   |--- truncated branch of depth 8
|   |   |   |   |   |   |   |   |   |   |--- feature_20 >  4.50
|   |   |   |   |   |   |   |   |   |   |   |--- truncated branch of depth 10
|   |   |   |   |   |   |   |   |--- feature_10 >  2.50
|   |   |   |   |   |   |   |   |   |--- feature_0 <= 1957.50
|   |   |   |   |   |   |   |   |   |   |--- feature_13 <= 9.25
|   |   |   |   |   |   |   |   |   |   |   |--- truncated branch of depth 3
|   |   |   |   |   |   |   |   |   |   |--- feature_13 >  9.25
|   |   |   |   |   |   |   |   |   |   |   |--- class: negative
|   |   |   |   |   |   |   |   |   |--- feature_0 >  1957.50
|   |   |   |   |   |   |   |   |   |   |--- feature_0 <= 1959.50
|   |   |   |   |   |   |   |   |   |   |   |--- truncated branch of depth 3
|   |   |   |   |   |   |   |   |   |   |--- feature_0 >  1959.50
|   |   |   |   |   |   |   |   |   |   |   |--- truncated branch of depth 13
|   |   |--- feature_1 >  18962.50
|   |   |   |--- feature_9 <= 0.50
|   |   |   |   |--- feature_13 <= 13.40
|   |   |   |   |   |--- feature_13 <= 12.15
|   |   |   |   |   |   |--- class: negative
|   |   |   |   |   |--- feature_13 >  12.15
|   |   |   |   |   |   |--- feature_1 <= 21537.50
|   |   |   |   |   |   |   |--- class: negative
|   |   |   |   |   |   |--- feature_1 >  21537.50
|   |   |   |   |   |   |   |--- class: positive
|   |   |   |   |--- feature_13 >  13.40
|   |   |   |   |   |--- feature_14 <= 40.39
|   |   |   |   |   |   |--- feature_15 <= 7.51
|   |   |   |   |   |   |   |--- feature_11 <= 23.60
|   |   |   |   |   |   |   |   |--- class: positive
|   |   |   |   |   |   |   |--- feature_11 >  23.60
|   |   |   |   |   |   |   |   |--- class: negative
|   |   |   |   |   |   |--- feature_15 >  7.51
|   |   |   |   |   |   |   |--- class: negative
|   |   |   |   |   |--- feature_14 >  40.39
|   |   |   |   |   |   |--- class: negative
|   |   |   |--- feature_9 >  0.50
|   |   |   |   |--- feature_20 <= 1.50
|   |   |   |   |   |--- feature_2 <= 34.00
|   |   |   |   |   |   |--- feature_14 <= 29.70
|   |   |   |   |   |   |   |--- class: negative
|   |   |   |   |   |   |--- feature_14 >  29.70
|   |   |   |   |   |   |   |--- feature_16 <= 7.00
|   |   |   |   |   |   |   |   |--- feature_15 <= 5.05
|   |   |   |   |   |   |   |   |   |--- feature_0 <= 1960.50
|   |   |   |   |   |   |   |   |   |   |--- class: negative
|   |   |   |   |   |   |   |   |   |--- feature_0 >  1960.50
|   |   |   |   |   |   |   |   |   |   |--- class: positive
|   |   |   |   |   |   |   |   |--- feature_15 >  5.05
|   |   |   |   |   |   |   |   |   |--- feature_11 <= 8.84
|   |   |   |   |   |   |   |   |   |   |--- feature_2 <= 11.50
|   |   |   |   |   |   |   |   |   |   |   |--- truncated branch of depth 2
|   |   |   |   |   |   |   |   |   |   |--- feature_2 >  11.50
|   |   |   |   |   |   |   |   |   |   |   |--- class: positive
|   |   |   |   |   |   |   |   |   |--- feature_11 >  8.84
|   |   |   |   |   |   |   |   |   |   |--- class: positive
|   |   |   |   |   |   |   |--- feature_16 >  7.00
|   |   |   |   |   |   |   |   |--- class: negative
|   |   |   |   |   |--- feature_2 >  34.00
|   |   |   |   |   |   |--- feature_3 <= 2.50
|   |   |   |   |   |   |   |--- class: negative
|   |   |   |   |   |   |--- feature_3 >  2.50
|   |   |   |   |   |   |   |--- class: positive
|   |   |   |   |--- feature_20 >  1.50
|   |   |   |   |   |--- feature_13 <= 17.35
|   |   |   |   |   |   |--- feature_2 <= 13.50
|   |   |   |   |   |   |   |--- feature_20 <= 3.00
|   |   |   |   |   |   |   |   |--- feature_11 <= 42.85
|   |   |   |   |   |   |   |   |   |--- class: negative
|   |   |   |   |   |   |   |   |--- feature_11 >  42.85
|   |   |   |   |   |   |   |   |   |--- feature_0 <= 1984.00
|   |   |   |   |   |   |   |   |   |   |--- class: positive
|   |   |   |   |   |   |   |   |   |--- feature_0 >  1984.00
|   |   |   |   |   |   |   |   |   |   |--- class: negative
|   |   |   |   |   |   |   |--- feature_20 >  3.00
|   |   |   |   |   |   |   |   |--- class: positive
|   |   |   |   |   |   |--- feature_2 >  13.50
|   |   |   |   |   |   |   |--- feature_0 <= 1963.00
|   |   |   |   |   |   |   |   |--- class: positive
|   |   |   |   |   |   |   |--- feature_0 >  1963.00
|   |   |   |   |   |   |   |   |--- feature_2 <= 15.50
|   |   |   |   |   |   |   |   |   |--- class: positive
|   |   |   |   |   |   |   |   |--- feature_2 >  15.50
|   |   |   |   |   |   |   |   |   |--- class: negative
|   |   |   |   |   |--- feature_13 >  17.35
|   |   |   |   |   |   |--- feature_12 <= 116.05
|   |   |   |   |   |   |   |--- feature_1 <= 20672.50
|   |   |   |   |   |   |   |   |--- feature_14 <= 39.35
|   |   |   |   |   |   |   |   |   |--- class: positive
|   |   |   |   |   |   |   |   |--- feature_14 >  39.35
|   |   |   |   |   |   |   |   |   |--- class: negative
|   |   |   |   |   |   |   |--- feature_1 >  20672.50
|   |   |   |   |   |   |   |   |--- class: negative
|   |   |   |   |   |   |--- feature_12 >  116.05
|   |   |   |   |   |   |   |--- feature_11 <= 40.55
|   |   |   |   |   |   |   |   |--- feature_13 <= 20.10
|   |   |   |   |   |   |   |   |   |--- class: negative
|   |   |   |   |   |   |   |   |--- feature_13 >  20.10
|   |   |   |   |   |   |   |   |   |--- class: positive
|   |   |   |   |   |   |   |--- feature_11 >  40.55
|   |   |   |   |   |   |   |   |--- class: negative
|   |--- feature_0 >  1993.50
|   |   |--- feature_13 <= 7.19
|   |   |   |--- feature_13 <= 6.11
|   |   |   |   |--- feature_20 <= 6.00
|   |   |   |   |   |--- feature_9 <= 42.00
|   |   |   |   |   |   |--- feature_1 <= 28.50
|   |   |   |   |   |   |   |--- feature_1 <= 26.50
|   |   |   |   |   |   |   |   |--- class: negative
|   |   |   |   |   |   |   |--- feature_1 >  26.50
|   |   |   |   |   |   |   |   |--- class: positive
|   |   |   |   |   |   |--- feature_1 >  28.50
|   |   |   |   |   |   |   |--- class: negative
|   |   |   |   |   |--- feature_9 >  42.00
|   |   |   |   |   |   |--- feature_2 <= 1.00
|   |   |   |   |   |   |   |--- class: negative
|   |   |   |   |   |   |--- feature_2 >  1.00
|   |   |   |   |   |   |   |--- class: positive
|   |   |   |   |--- feature_20 >  6.00
|   |   |   |   |   |--- feature_2 <= 1.50
|   |   |   |   |   |   |--- class: negative
|   |   |   |   |   |--- feature_2 >  1.50
|   |   |   |   |   |   |--- class: positive
|   |   |   |--- feature_13 >  6.11
|   |   |   |   |--- feature_9 <= 0.50
|   |   |   |   |   |--- feature_20 <= 4.50
|   |   |   |   |   |   |--- feature_12 <= 14.05
|   |   |   |   |   |   |   |--- class: negative
|   |   |   |   |   |   |--- feature_12 >  14.05
|   |   |   |   |   |   |   |--- class: positive
|   |   |   |   |   |--- feature_20 >  4.50
|   |   |   |   |   |   |--- class: negative
|   |   |   |   |--- feature_9 >  0.50
|   |   |   |   |   |--- feature_0 <= 2006.00
|   |   |   |   |   |   |--- feature_10 <= 2.50
|   |   |   |   |   |   |   |--- feature_13 <= 6.45
|   |   |   |   |   |   |   |   |--- feature_11 <= 14.12
|   |   |   |   |   |   |   |   |   |--- class: positive
|   |   |   |   |   |   |   |   |--- feature_11 >  14.12
|   |   |   |   |   |   |   |   |   |--- class: negative
|   |   |   |   |   |   |   |--- feature_13 >  6.45
|   |   |   |   |   |   |   |   |--- class: positive
|   |   |   |   |   |   |--- feature_10 >  2.50
|   |   |   |   |   |   |   |--- class: negative
|   |   |   |   |   |--- feature_0 >  2006.00
|   |   |   |   |   |   |--- class: negative
|   |   |--- feature_13 >  7.19
|   |   |   |--- feature_0 <= 2002.50
|   |   |   |   |--- feature_20 <= 4.50
|   |   |   |   |   |--- feature_4 <= 6.50
|   |   |   |   |   |   |--- feature_12 <= 75.00
|   |   |   |   |   |   |   |--- feature_15 <= 7.98
|   |   |   |   |   |   |   |   |--- feature_20 <= 2.50
|   |   |   |   |   |   |   |   |   |--- feature_9 <= 9.50
|   |   |   |   |   |   |   |   |   |   |--- feature_15 <= 5.50
|   |   |   |   |   |   |   |   |   |   |   |--- class: negative
|   |   |   |   |   |   |   |   |   |   |--- feature_15 >  5.50
|   |   |   |   |   |   |   |   |   |   |   |--- truncated branch of depth 3
|   |   |   |   |   |   |   |   |   |--- feature_9 >  9.50
|   |   |   |   |   |   |   |   |   |   |--- class: negative
|   |   |   |   |   |   |   |   |--- feature_20 >  2.50
|   |   |   |   |   |   |   |   |   |--- class: positive
|   |   |   |   |   |   |   |--- feature_15 >  7.98
|   |   |   |   |   |   |   |   |--- feature_11 <= 8.45
|   |   |   |   |   |   |   |   |   |--- feature_12 <= 22.25
|   |   |   |   |   |   |   |   |   |   |--- feature_1 <= 67.00
|   |   |   |   |   |   |   |   |   |   |   |--- truncated branch of depth 3
|   |   |   |   |   |   |   |   |   |   |--- feature_1 >  67.00
|   |   |   |   |   |   |   |   |   |   |   |--- class: negative
|   |   |   |   |   |   |   |   |   |--- feature_12 >  22.25
|   |   |   |   |   |   |   |   |   |   |--- class: positive
|   |   |   |   |   |   |   |   |--- feature_11 >  8.45
|   |   |   |   |   |   |   |   |   |--- feature_12 <= 33.75
|   |   |   |   |   |   |   |   |   |   |--- feature_13 <= 24.35
|   |   |   |   |   |   |   |   |   |   |   |--- class: negative
|   |   |   |   |   |   |   |   |   |   |--- feature_13 >  24.35
|   |   |   |   |   |   |   |   |   |   |   |--- class: positive
|   |   |   |   |   |   |   |   |   |--- feature_12 >  33.75
|   |   |   |   |   |   |   |   |   |   |--- feature_0 <= 1995.50
|   |   |   |   |   |   |   |   |   |   |   |--- truncated branch of depth 4
|   |   |   |   |   |   |   |   |   |   |--- feature_0 >  1995.50
|   |   |   |   |   |   |   |   |   |   |   |--- truncated branch of depth 5
|   |   |   |   |   |   |--- feature_12 >  75.00
|   |   |   |   |   |   |   |--- class: negative
|   |   |   |   |   |--- feature_4 >  6.50
|   |   |   |   |   |   |--- feature_4 <= 8.50
|   |   |   |   |   |   |   |--- class: positive
|   |   |   |   |   |   |--- feature_4 >  8.50
|   |   |   |   |   |   |   |--- class: negative
|   |   |   |   |--- feature_20 >  4.50
|   |   |   |   |   |--- feature_14 <= 40.20
|   |   |   |   |   |   |--- feature_14 <= 36.06
|   |   |   |   |   |   |   |--- feature_3 <= 4.00
|   |   |   |   |   |   |   |   |--- feature_1 <= 553.00
|   |   |   |   |   |   |   |   |   |--- class: negative
|   |   |   |   |   |   |   |   |--- feature_1 >  553.00
|   |   |   |   |   |   |   |   |   |--- feature_1 <= 2050.00
|   |   |   |   |   |   |   |   |   |   |--- class: positive
|   |   |   |   |   |   |   |   |   |--- feature_1 >  2050.00
|   |   |   |   |   |   |   |   |   |   |--- feature_1 <= 8777.00
|   |   |   |   |   |   |   |   |   |   |   |--- class: negative
|   |   |   |   |   |   |   |   |   |   |--- feature_1 >  8777.00
|   |   |   |   |   |   |   |   |   |   |   |--- class: positive
|   |   |   |   |   |   |   |--- feature_3 >  4.00
|   |   |   |   |   |   |   |   |--- class: negative
|   |   |   |   |   |   |--- feature_14 >  36.06
|   |   |   |   |   |   |   |--- feature_11 <= 11.22
|   |   |   |   |   |   |   |   |--- class: negative
|   |   |   |   |   |   |   |--- feature_11 >  11.22
|   |   |   |   |   |   |   |   |--- feature_12 <= 54.02
|   |   |   |   |   |   |   |   |   |--- class: positive
|   |   |   |   |   |   |   |   |--- feature_12 >  54.02
|   |   |   |   |   |   |   |   |   |--- feature_10 <= 2.50
|   |   |   |   |   |   |   |   |   |   |--- class: positive
|   |   |   |   |   |   |   |   |   |--- feature_10 >  2.50
|   |   |   |   |   |   |   |   |   |   |--- class: negative
|   |   |   |   |   |--- feature_14 >  40.20
|   |   |   |   |   |   |--- feature_2 <= 6.50
|   |   |   |   |   |   |   |--- class: negative
|   |   |   |   |   |   |--- feature_2 >  6.50
|   |   |   |   |   |   |   |--- feature_1 <= 736.00
|   |   |   |   |   |   |   |   |--- class: negative
|   |   |   |   |   |   |   |--- feature_1 >  736.00
|   |   |   |   |   |   |   |   |--- feature_1 <= 770.00
|   |   |   |   |   |   |   |   |   |--- feature_9 <= 20.00
|   |   |   |   |   |   |   |   |   |   |--- class: positive
|   |   |   |   |   |   |   |   |   |--- feature_9 >  20.00
|   |   |   |   |   |   |   |   |   |   |--- class: negative
|   |   |   |   |   |   |   |   |--- feature_1 >  770.00
|   |   |   |   |   |   |   |   |   |--- feature_12 <= 54.60
|   |   |   |   |   |   |   |   |   |   |--- feature_2 <= 47.50
|   |   |   |   |   |   |   |   |   |   |   |--- truncated branch of depth 3
|   |   |   |   |   |   |   |   |   |   |--- feature_2 >  47.50
|   |   |   |   |   |   |   |   |   |   |   |--- truncated branch of depth 2
|   |   |   |   |   |   |   |   |   |--- feature_12 >  54.60
|   |   |   |   |   |   |   |   |   |   |--- feature_13 <= 12.20
|   |   |   |   |   |   |   |   |   |   |   |--- class: negative
|   |   |   |   |   |   |   |   |   |   |--- feature_13 >  12.20
|   |   |   |   |   |   |   |   |   |   |   |--- truncated branch of depth 2
|   |   |   |--- feature_0 >  2002.50
|   |   |   |   |--- feature_12 <= 32.35
|   |   |   |   |   |--- feature_1 <= 295.00
|   |   |   |   |   |   |--- feature_1 <= 288.50
|   |   |   |   |   |   |   |--- feature_13 <= 11.05
|   |   |   |   |   |   |   |   |--- feature_0 <= 2007.50
|   |   |   |   |   |   |   |   |   |--- class: negative
|   |   |   |   |   |   |   |   |--- feature_0 >  2007.50
|   |   |   |   |   |   |   |   |   |--- feature_1 <= 147.50
|   |   |   |   |   |   |   |   |   |   |--- class: negative
|   |   |   |   |   |   |   |   |   |--- feature_1 >  147.50
|   |   |   |   |   |   |   |   |   |   |--- feature_1 <= 156.50
|   |   |   |   |   |   |   |   |   |   |   |--- class: positive
|   |   |   |   |   |   |   |   |   |   |--- feature_1 >  156.50
|   |   |   |   |   |   |   |   |   |   |   |--- class: negative
|   |   |   |   |   |   |   |--- feature_13 >  11.05
|   |   |   |   |   |   |   |   |--- feature_11 <= 8.05
|   |   |   |   |   |   |   |   |   |--- class: negative
|   |   |   |   |   |   |   |   |--- feature_11 >  8.05
|   |   |   |   |   |   |   |   |   |--- class: positive
|   |   |   |   |   |   |--- feature_1 >  288.50
|   |   |   |   |   |   |   |--- class: positive
|   |   |   |   |   |--- feature_1 >  295.00
|   |   |   |   |   |   |--- class: negative
|   |   |   |   |--- feature_12 >  32.35
|   |   |   |   |   |--- feature_1 <= 3107.50
|   |   |   |   |   |   |--- feature_0 <= 2005.50
|   |   |   |   |   |   |   |--- feature_13 <= 11.60
|   |   |   |   |   |   |   |   |--- feature_12 <= 37.35
|   |   |   |   |   |   |   |   |   |--- feature_2 <= 2.50
|   |   |   |   |   |   |   |   |   |   |--- class: positive
|   |   |   |   |   |   |   |   |   |--- feature_2 >  2.50
|   |   |   |   |   |   |   |   |   |   |--- class: negative
|   |   |   |   |   |   |   |   |--- feature_12 >  37.35
|   |   |   |   |   |   |   |   |   |--- class: negative
|   |   |   |   |   |   |   |--- feature_13 >  11.60
|   |   |   |   |   |   |   |   |--- feature_3 <= 3.00
|   |   |   |   |   |   |   |   |   |--- class: negative
|   |   |   |   |   |   |   |   |--- feature_3 >  3.00
|   |   |   |   |   |   |   |   |   |--- class: positive
|   |   |   |   |   |   |--- feature_0 >  2005.50
|   |   |   |   |   |   |   |--- class: negative
|   |   |   |   |   |--- feature_1 >  3107.50
|   |   |   |   |   |   |--- class: negative
