|--- feature_0 <= 1965.50
|   |--- feature_12 <= 36.90
|   |   |--- feature_1 <= 865.00
|   |   |   |--- feature_11 <= 7.80
|   |   |   |   |--- feature_5 <= 40.56
|   |   |   |   |   |--- class: positive
|   |   |   |   |--- feature_5 >  40.56
|   |   |   |   |   |--- class: positive
|   |   |   |--- feature_11 >  7.80
|   |   |   |   |--- feature_6 <= -97.47
|   |   |   |   |   |--- class: negative
|   |   |   |   |--- feature_6 >  -97.47
|   |   |   |   |   |--- class: negative
|   |   |--- feature_1 >  865.00
|   |   |   |--- class: positive
|   |--- feature_12 >  36.90
|   |   |--- feature_1 <= 16510.00
|   |   |   |--- feature_8 <= 4.00
|   |   |   |   |--- feature_13 <= 4.50
|   |   |   |   |   |--- class: positive
|   |   |   |   |--- feature_13 >  4.50
|   |   |   |   |   |--- class: negative
|   |   |   |--- feature_8 >  4.00
|   |   |   |   |--- class: positive
|   |   |--- feature_1 >  16510.00
|   |   |   |--- class: positive
|--- feature_0 >  1965.50
|   |--- feature_0 <= 1988.50
|   |   |--- feature_12 <= 24.75
|   |   |   |--- feature_12 <= 15.30
|   |   |   |   |--- feature_11 <= 5.50
|   |   |   |   |   |--- class: negative
|   |   |   |   |--- feature_11 >  5.50
|   |   |   |   |   |--- class: positive
|   |   |   |--- feature_12 >  15.30
|   |   |   |   |--- class: positive
|   |   |--- feature_12 >  24.75
|   |   |   |--- feature_6 <= -97.44
|   |   |   |   |--- feature_11 <= 7.25
|   |   |   |   |   |--- class: positive
|   |   |   |   |--- feature_11 >  7.25
|   |   |   |   |   |--- class: negative
|   |   |   |--- feature_6 >  -97.44
|   |   |   |   |--- feature_0 <= 1983.50
|   |   |   |   |   |--- class: negative
|   |   |   |   |--- feature_0 >  1983.50
|   |   |   |   |   |--- class: negative
|   |--- feature_0 >  1988.50
|   |   |--- feature_10 <= 35.35
|   |   |   |--- class: negative
|   |   |--- feature_10 >  35.35
|   |   |   |--- feature_11 <= 9.45
|   |   |   |   |--- feature_10 <= 48.30
|   |   |   |   |   |--- class: positive
|   |   |   |   |--- feature_10 >  48.30
|   |   |   |   |   |--- class: negative
|   |   |   |--- feature_11 >  9.45
|   |   |   |   |--- class: negative
