|--- feature_0 <= 1985.50
|   |--- feature_3 <= 4.50
|   |   |--- feature_15 <= 5.00
|   |   |   |--- feature_15 <= 5.00
|   |   |   |   |--- feature_15 <= 4.00
|   |   |   |   |   |--- feature_15 <= 2.00
|   |   |   |   |   |   |--- feature_0 <= 1959.50
|   |   |   |   |   |   |   |--- feature_12 <= 20.70
|   |   |   |   |   |   |   |   |--- feature_12 <= 7.15
|   |   |   |   |   |   |   |   |   |--- feature_1 <= 135.00
|   |   |   |   |   |   |   |   |   |   |--- class: negative
|   |   |   |   |   |   |   |   |   |--- feature_1 >  135.00
|   |   |   |   |   |   |   |   |   |   |--- feature_9 <= 40.00
|   |   |   |   |   |   |   |   |   |   |   |--- truncated branch of depth 2
|   |   |   |   |   |   |   |   |   |   |--- feature_9 >  40.00
|   |   |   |   |   |   |   |   |   |   |   |--- class: positive
|   |   |   |   |   |   |   |   |--- feature_12 >  7.15
|   |   |   |   |   |   |   |   |   |--- feature_0 <= 1903.50
|   |   |   |   |   |   |   |   |   |   |--- feature_0 <= 1901.00
|   |   |   |   |   |   |   |   |   |   |   |--- class: negative
|   |   |   |   |   |   |   |   |   |   |--- feature_0 >  1901.00
|   |   |   |   |   |   |   |   |   |   |   |--- class: positive
|   |   |   |   |   |   |   |   |   |--- feature_0 >  1903.50
|   |   |   |   |   |   |   |   |   |   |--- class: negative
|   |   |   |   |   |   |   |--- feature_12 >  20.70
|   |   |   |   |   |   |   |   |--- feature_0 <= 1929.50
|   |   |   |   |   |   |   |   |   |--- feature_0 <= 1918.00
|   |   |   |   |   |   |   |   |   |   |--- feature_0 <= 1890.00
|   |   |   |   |   |   |   |   |   |   |   |--- class: positive
|   |   |   |   |   |   |   |   |   |   |--- feature_0 >  1890.00
|   |   |   |   |   |   |   |   |   |   |   |--- class: negative
|   |   |   |   |   |   |   |   |   |--- feature_0 >  1918.00
|   |   |   |   |   |   |   |   |   |   |--- class: positive
|   |   |   |   |   |   |   |   |--- feature_0 >  1929.50
|   |   |   |   |   |   |   |   |   |--- class: negative
|   |   |   |   |   |   |--- feature_0 >  1959.50
|   |   |   |   |   |   |   |--- feature_9 <= 17.50
|   |   |   |   |   |   |   |   |--- feature_0 <= 1961.00
|   |   |   |   |   |   |   |   |   |--- class: positive
|   |   |   |   |   |   |   |   |--- feature_0 >  1961.00
|   |   |   |   |   |   |   |   |   |--- feature_14 <= 28.34
|   |   |   |   |   |   |   |   |   |   |--- feature_13 <= 6.65
|   |   |   |   |   |   |   |   |   |   |   |--- class: positive
|   |   |   |   |   |   |   |   |   |   |--- feature_13 >  6.65
|   |   |   |   |   |   |   |   |   |   |   |--- class: negative
|   |   |   |   |   |   |   |   |   |--- feature_14 >  28.34
|   |   |   |   |   |   |   |   |   |   |--- feature_12 <= 129.35
|   |   |   |   |   |   |   |   |   |   |   |--- class: negative
|   |   |   |   |   |   |   |   |   |   |--- feature_12 >  129.35
|   |   |   |   |   |   |   |   |   |   |   |--- class: positive
|   |   |   |   |   |   |   |--- feature_9 >  17.50
|   |   |   |   |   |   |   |   |--- class: negative
|   |   |   |   |   |--- feature_15 >  2.00
|   |   |   |   |   |   |--- feature_15 <= 4.00
|   |   |   |   |   |   |   |--- feature_15 <= 3.00
|   |   |   |   |   |   |   |   |--- feature_15 <= 3.00
|   |   |   |   |   |   |   |   |   |--- class: positive
|   |   |   |   |   |   |   |   |--- feature_15 >  3.00
|   |   |   |   |   |   |   |   |   |--- feature_10 <= 10.00
|   |   |   |   |   |   |   |   |   |   |--- feature_14 <= 31.05
|   |   |   |   |   |   |   |   |   |   |   |--- truncated branch of depth 8
|   |   |   |   |   |   |   |   |   |   |--- feature_14 >  31.05
|   |   |   |   |   |   |   |   |   |   |   |--- class: negative
|   |   |   |   |   |   |   |   |   |--- feature_10 >  10.00
|   |   |   |   |   |   |   |   |   |   |--- class: positive
|   |   |   |   |   |   |   |--- feature_15 >  3.00
|   |   |   |   |   |   |   |   |--- class: positive
|   |   |   |   |   |   |--- feature_15 >  4.00
|   |   |   |   |   |   |   |--- feature_14 <= 33.21
|   |   |   |   |   |   |   |   |--- feature_0 <= 1923.50
|   |   |   |   |   |   |   |   |   |--- feature_4 <= 1.50
|   |   |   |   |   |   |   |   |   |   |--- feature_13 <= 8.15
|   |   |   |   |   |   |   |   |   |   |   |--- truncated branch of depth 4
|   |   |   |   |   |   |   |   |   |   |--- feature_13 >  8.15
|   |   |   |   |   |   |   |   |   |   |   |--- class: positive
|   |   |   |   |   |   |   |   |   |--- feature_4 >  1.50
|   |   |   |   |   |   |   |   |   |   |--- class: positive
|   |   |   |   |   |   |   |   |--- feature_0 >  1923.50
|   |   |   |   |   |   |   |   |   |--- feature_1 <= 350.50
|   |   |   |   |   |   |   |   |   |   |--- feature_1 <= 120.50
|   |   |   |   |   |   |   |   |   |   |   |--- truncated branch of depth 6
|   |   |   |   |   |   |   |   |   |   |--- feature_1 >  120.50
|   |   |   |   |   |   |   |   |   |   |   |--- truncated branch of depth 10
|   |   |   |   |   |   |   |   |   |--- feature_1 >  350.50
|   |   |   |   |   |   |   |   |   |   |--- class: negative
|   |   |   |   |   |   |   |--- feature_14 >  33.21
|   |   |   |   |   |   |   |   |--- feature_1 <= 127.00
|   |   |   |   |   |   |   |   |   |--- feature_20 <= 2.50
|   |   |   |   |   |   |   |   |   |   |--- feature_1 <= 123.50
|   |   |   |   |   |   |   |   |   |   |   |--- class: negative
|   |   |   |   |   |   |   |   |   |   |--- feature_1 >  123.50
|   |   |   |   |   |   |   |   |   |   |   |--- class: positive
|   |   |   |   |   |   |   |   |   |--- feature_20 >  2.50
|   |   |   |   |   |   |   |   |   |   |--- feature_13 <= 6.40
|   |   |   |   |   |   |   |   |   |   |   |--- class: negative
|   |   |   |   |   |   |   |   |   |   |--- feature_13 >  6.40
|   |   |   |   |   |   |   |   |   |   |   |--- truncated branch of depth 2
|   |   |   |   |   |   |   |   |--- feature_1 >  127.00
|   |   |   |   |   |   |   |   |   |--- feature_14 <= 51.75
|   |   |   |   |   |   |   |   |   |   |--- class: negative
|   |   |   |   |   |   |   |   |   |--- feature_14 >  51.75
|   |   |   |   |   |   |   |   |   |   |--- feature_0 <= 1973.00
|   |   |   |   |   |   |   |   |   |   |   |--- class: negative
|   |   |   |   |   |   |   |   |   |   |--- feature_0 >  1973.00
|   |   |   |   |   |   |   |   |   |   |   |--- class: positive
|   |   |   |   |--- feature_15 >  4.00
|   |   |   |   |   |--- class: positive
|   |   |   |--- feature_15 >  5.00
|   |   |   |   |--- feature_14 <= 40.49
|   |   |   |   |   |--- feature_9 <= 0.50
|   |   |   |   |   |   |--- feature_19 <= 1.01
|   |   |   |   |   |   |   |--- feature_14 <= 30.80
|   |   |   |   |   |   |   |   |--- feature_20 <= 1.50
|   |   |   |   |   |   |   |   |   |--- feature_11 <= 6.45
|   |   |   |   |   |   |   |   |   |   |--- class: negative
|   |   |   |   |   |   |   |   |   |--- feature_11 >  6.45
|   |   |   |   |   |   |   |   |   |   |--- feature_11 <= 7.57
|   |   |   |   |   |   |   |   |   |   |   |--- class: positive
|   |   |   |   |   |   |   |   |   |   |--- feature_11 >  7.57
|   |   |   |   |   |   |   |   |   |   |   |--- truncated branch of depth 3
|   |   |   |   |   |   |   |   |--- feature_20 >  1.50
|   |   |   |   |   |   |   |   |   |--- feature_1 <= 285.50
|   |   |   |   |   |   |   |   |   |   |--- class: negative
|   |   |   |   |   |   |   |   |   |--- feature_1 >  285.50
|   |   |   |   |   |   |   |   |   |   |--- feature_13 <= 6.95
|   |   |   |   |   |   |   |   |   |   |   |--- truncated branch of depth 3
|   |   |   |   |   |   |   |   |   |   |--- feature_13 >  6.95
|   |   |   |   |   |   |   |   |   |   |   |--- class: negative
|   |   |   |   |   |   |   |--- feature_14 >  30.80
|   |   |   |   |   |   |   |   |--- feature_11 <= 7.03
|   |   |   |   |   |   |   |   |   |--- feature_14 <= 31.95
|   |   |   |   |   |   |   |   |   |   |--- feature_10 <= 1.50
|   |   |   |   |   |   |   |   |   |   |   |--- truncated branch of depth 2
|   |   |   |   |   |   |   |   |   |   |--- feature_10 >  1.50
|   |   |   |   |   |   |   |   |   |   |   |--- class: negative
|   |   |   |   |   |   |   |   |   |--- feature_14 >  31.95
|   |   |   |   |   |   |   |   |   |   |--- feature_14 <= 34.65
|   |   |   |   |   |   |   |   |   |   |   |--- class: negative
|   |   |   |   |   |   |   |   |   |   |--- feature_14 >  34.65
|   |   |   |   |   |   |   |   |   |   |   |--- truncated branch of depth 3
|   |   |   |   |   |   |   |   |--- feature_11 >  7.03
|   |   |   |   |   |   |   |   |   |--- feature_2 <= 2.50
|   |   |   |   |   |   |   |   |   |   |--- class: negative
|   |   |   |   |   |   |   |   |   |--- feature_2 >  2.50
|   |   |   |   |   |   |   |   |   |   |--- feature_2 <= 4.50
|   |   |   |   |   |   |   |   |   |   |   |--- truncated branch of depth 6
|   |   |   |   |   |   |   |   |   |   |--- feature_2 >  4.50
|   |   |   |   |   |   |   |   |   |   |   |--- truncated branch of depth 9
|   |   |   |   |   |   |--- feature_19 >  1.01
|   |   |   |   |   |   |   |--- feature_20 <= 9.50
|   |   |   |   |   |   |   |   |--- feature_19 <= 5.96
|   |   |   |   |   |   |   |   |   |--- feature_3 <= 1.50
|   |   |   |   |   |   |   |   |   |   |--- class: negative
|   |   |   |   |   |   |   |   |   |--- feature_3 >  1.50
|   |   |   |   |   |   |   |   |   |   |--- feature_19 <= 2.98
|   |   |   |   |   |   |   |   |   |   |   |--- class: positive
|   |   |   |   |   |   |   |   |   |   |--- feature_19 >  2.98
|   |   |   |   |   |   |   |   |   |   |   |--- truncated branch of depth 4
|   |   |   |   |   |   |   |   |--- feature_19 >  5.96
|   |   |   |   |   |   |   |   |   |--- feature_11 <= 28.27
|   |   |   |   |   |   |   |   |   |   |--- feature_1 <= 1202.00
|   |   |   |   |   |   |   |   |   |   |   |--- class: negative
|   |   |   |   |   |   |   |   |   |   |--- feature_1 >  1202.00
|   |   |   |   |   |   |   |   |   |   |   |--- class: positive
|   |   |   |   |   |   |   |   |   |--- feature_11 >  28.27
|   |   |   |   |   |   |   |   |   |   |--- class: positive
|   |   |   |   |   |   |   |--- feature_20 >  9.50
|   |   |   |   |   |   |   |   |--- feature_13 <= 4.81
|   |   |   |   |   |   |   |   |   |--- class: negative
|   |   |   |   |   |   |   |   |--- feature_13 >  4.81
|   |   |   |   |   |   |   |   |   |--- feature_20 <= 20.50
|   |   |   |   |   |   |   |   |   |   |--- feature_11 <= 17.56
|   |   |   |   |   |   |   |   |   |   |   |--- class: positive
|   |   |   |   |   |   |   |   |   |   |--- feature_11 >  17.56
|   |   |   |   |   |   |   |   |   |   |   |--- truncated branch of depth 2
|   |   |   |   |   |   |   |   |   |--- feature_20 >  20.50
|   |   |   |   |   |   |   |   |   |   |--- feature_13 <= 6.60
|   |   |   |   |   |   |   |   |   |   |   |--- truncated branch of depth 4
|   |   |   |   |   |   |   |   |   |   |--- feature_13 >  6.60
|   |   |   |   |   |   |   |   |   |   |   |--- truncated branch of depth 3
|   |   |   |   |   |--- feature_9 >  0.50
|   |   |   |   |   |   |--- feature_9 <= 9.50
|   |   |   |   |   |   |   |--- feature_13 <= 7.41
|   |   |   |   |   |   |   |   |--- feature_11 <= 10.65
|   |   |   |   |   |   |   |   |   |--- feature_14 <= 34.85
|   |   |   |   |   |   |   |   |   |   |--- class: positive
|   |   |   |   |   |   |   |   |   |--- feature_14 >  34.85
|   |   |   |   |   |   |   |   |   |   |--- class: negative
|   |   |   |   |   |   |   |   |--- feature_11 >  10.65
|   |   |   |   |   |   |   |   |   |--- feature_1 <= 197.50
|   |   |   |   |   |   |   |   |   |   |--- class: positive
|   |   |   |   |   |   |   |   |   |--- feature_1 >  197.50
|   |   |   |   |   |   |   |   |   |   |--- class: negative
|   |   |   |   |   |   |   |--- feature_13 >  7.41
|   |   |   |   |   |   |   |   |--- class: positive
|   |   |   |   |   |   |--- feature_9 >  9.50
|   |   |   |   |   |   |   |--- feature_20 <= 9.50
|   |   |   |   |   |   |   |   |--- feature_19 <= 1.01
|   |   |   |   |   |   |   |   |   |--- feature_20 <= 1.50
|   |   |   |   |   |   |   |   |   |   |--- feature_1 <= 105.50
|   |   |   |   |   |   |   |   |   |   |   |--- truncated branch of depth 5
|   |   |   |   |   |   |   |   |   |   |--- feature_1 >  105.50
|   |   |   |   |   |   |   |   |   |   |   |--- truncated branch of depth 8
|   |   |   |   |   |   |   |   |   |--- feature_20 >  1.50
|   |   |   |   |   |   |   |   |   |   |--- feature_12 <= 16.43
|   |   |   |   |   |   |   |   |   |   |   |--- truncated branch of depth 9
|   |   |   |   |   |   |   |   |   |   |--- feature_12 >  16.43
|   |   |   |   |   |   |   |   |   |   |   |--- truncated branch of depth 7
|   |   |   |   |   |   |   |   |--- feature_19 >  1.01
|   |   |   |   |   |   |   |   |   |--- feature_19 <= 2.00
|   |   |   |   |   |   |   |   |   |   |--- class: positive
|   |   |   |   |   |   |   |   |   |--- feature_19 >  2.00
|   |   |   |   |   |   |   |   |   |   |--- feature_1 <= 551.00
|   |   |   |   |   |   |   |   |   |   |   |--- class: negative
|   |   |   |   |   |   |   |   |   |   |--- feature_1 >  551.00
|   |   |   |   |   |   |   |   |   |   |   |--- class: positive
|   |   |   |   |   |   |   |--- feature_20 >  9.50
|   |   |   |   |   |   |   |   |--- feature_14 <= 35.24
|   |   |   |   |   |   |   |   |   |--- feature_9 <= 17.50
|   |   |   |   |   |   |   |   |   |   |--- feature_4 <= 1.00
|   |   |   |   |   |   |   |   |   |   |   |--- class: negative
|   |   |   |   |   |   |   |   |   |   |--- feature_4 >  1.00
|   |   |   |   |   |   |   |   |   |   |   |--- truncated branch of depth 2
|   |   |   |   |   |   |   |   |   |--- feature_9 >  17.50
|   |   |   |   |   |   |   |   |   |   |--- feature_9 <= 42.50
|   |   |   |   |   |   |   |   |   |   |   |--- class: negative
|   |   |   |   |   |   |   |   |   |   |--- feature_9 >  42.50
|   |   |   |   |   |   |   |   |   |   |   |--- truncated branch of depth 2
|   |   |   |   |   |   |   |   |--- feature_14 >  35.24
|   |   |   |   |   |   |   |   |   |--- feature_11 <= 8.78
|   |   |   |   |   |   |   |   |   |   |--- class: negative
|   |   |   |   |   |   |   |   |   |--- feature_11 >  8.78
|   |   |   |   |   |   |   |   |   |   |--- class: positive
|   |   |   |   |--- feature_14 >  40.49
|   |   |   |   |   |--- feature_1 <= 231.00
|   |   |   |   |   |   |--- class: negative
|   |   |   |   |   |--- feature_1 >  231.00
|   |   |   |   |   |   |--- feature_14 <= 40.57
|   |   |   |   |   |   |   |--- feature_19 <= 1.00
|   |   |   |   |   |   |   |   |--- feature_9 <= 46.50
|   |   |   |   |   |   |   |   |   |--- feature_11 <= 9.55
|   |   |   |   |   |   |   |   |   |   |--- feature_11 <= 8.30
|   |   |   |   |   |   |   |   |   |   |   |--- class: negative
|   |   |   |   |   |   |   |   |   |   |--- feature_11 >  8.30
|   |   |   |   |   |   |   |   |   |   |   |--- truncated branch of depth 4
|   |   |   |   |   |   |   |   |   |--- feature_11 >  9.55
|   |   |   |   |   |   |   |   |   |   |--- class: negative
|   |   |   |   |   |   |   |   |--- feature_9 >  46.50
|   |   |   |   |   |   |   |   |   |--- class: positive
|   |   |   |   |   |   |   |--- feature_19 >  1.00
|   |   |   |   |   |   |   |   |--- feature_20 <= 7.50
|   |   |   |   |   |   |   |   |   |--- feature_19 <= 2.49
|   |   |   |   |   |   |   |   |   |   |--- class: positive
|   |   |   |   |   |   |   |   |   |--- feature_19 >  2.49
|   |   |   |   |   |   |   |   |   |   |--- feature_12 <= 9.25
|   |   |   |   |   |   |   |   |   |   |   |--- class: positive
|   |   |   |   |   |   |   |   |   |   |--- feature_12 >  9.25
|   |   |   |   |   |   |   |   |   |   |   |--- class: negative
|   |   |   |   |   |   |   |   |--- feature_20 >  7.50
|   |   |   |   |   |   |   |   |   |--- class: negative
|   |   |   |   |   |   |--- feature_14 >  40.57
|   |   |   |   |   |   |   |--- feature_14 <= 44.07
|   |   |   |   |   |   |   |   |--- feature_2 <= 7.50
|   |   |   |   |   |   |   |   |   |--- feature_4 <= 0.50
|   |   |   |   |   |   |   |   |   |   |--- feature_1 <= 2225.00
|   |   |   |   |   |   |   |   |   |   |   |--- class: negative
|   |   |   |   |   |   |   |   |   |   |--- feature_1 >  2225.00
|   |   |   |   |   |   |   |   |   |   |   |--- class: positive
|   |   |   |   |   |   |   |   |   |--- feature_4 >  0.50
|   |   |   |   |   |   |   |   |   |   |--- class: positive
|   |   |   |   |   |   |   |   |--- feature_2 >  7.50
|   |   |   |   |   |   |   |   |   |--- class: negative
|   |   |   |   |   |   |   |--- feature_14 >  44.07
|   |   |   |   |   |   |   |   |--- feature_14 <= 44.26
|   |   |   |   |   |   |   |   |   |--- feature_9 <= 41.50
|   |   |   |   |   |   |   |   |   |   |--- class: negative
|   |   |   |   |   |   |   |   |   |--- feature_9 >  41.50
|   |   |   |   |   |   |   |   |   |   |--- feature_11 <= 12.30
|   |   |   |   |   |   |   |   |   |   |   |--- class: negative
|   |   |   |   |   |   |   |   |   |   |--- feature_11 >  12.30
|   |   |   |   |   |   |   |   |   |   |   |--- truncated branch of depth 2
|   |   |   |   |   |   |   |   |--- feature_14 >  44.26
|   |   |   |   |   |   |   |   |   |--- feature_2 <= 9.50
|   |   |   |   |   |   |   |   |   |   |--- feature_10 <= 1.50
|   |   |   |   |   |   |   |   |   |   |   |--- truncated branch of depth 2
|   |   |   |   |   |   |   |   |   |   |--- feature_10 >  1.50
|   |   |   |   |   |   |   |   |   |   |   |--- truncated branch of depth 5
|   |   |   |   |   |   |   |   |   |--- feature_2 >  9.50
|   |   |   |   |   |   |   |   |   |   |--- feature_12 <= 21.60
|   |   |   |   |   |   |   |   |   |   |   |--- class: negative
|   |   |   |   |   |   |   |   |   |   |--- feature_12 >  21.60
|   |   |   |   |   |   |   |   |   |   |   |--- truncated branch of depth 6
|   |   |--- feature_15 >  5.00
|   |   |   |--- feature_15 <= 7.00
|   |   |   |   |--- feature_1 <= 7.50
|   |   |   |   |   |--- class: negative
|   |   |   |   |--- feature_1 >  7.50
|   |   |   |   |   |--- feature_2 <= 19.50
|   |   |   |   |   |   |--- class: positive
|   |   |   |   |   |--- feature_2 >  19.50
|   |   |   |   |   |   |--- feature_2 <= 20.50
|   |   |   |   |   |   |   |--- class: negative
|   |   |   |   |   |   |--- feature_2 >  20.50
|   |   |   |   |   |   |   |--- class: positive
|   |   |   |--- feature_15 >  7.00
|   |   |   |   |--- feature_13 <= 8.50
|   |   |   |   |   |--- feature_19 <= 1.01
|   |   |   |   |   |   |--- feature_0 <= 1969.50
|   |   |   |   |   |   |   |--- feature_1 <= 49.50
|   |   |   |   |   |   |   |   |--- feature_0 <= 1938.00
|   |   |   |   |   |   |   |   |   |--- feature_11 <= 7.32
|   |   |   |   |   |   |   |   |   |   |--- class: negative
|   |   |   |   |   |   |   |   |   |--- feature_11 >  7.32
|   |   |   |   |   |   |   |   |   |   |--- feature_15 <= 7.00
|   |   |   |   |   |   |   |   |   |   |   |--- class: negative
|   |   |   |   |   |   |   |   |   |   |--- feature_15 >  7.00
|   |   |   |   |   |   |   |   |   |   |   |--- class: positive
|   |   |   |   |   |   |   |   |--- feature_0 >  1938.00
|   |   |   |   |   |   |   |   |   |--- class: negative
|   |   |   |   |   |   |   |--- feature_1 >  49.50
|   |   |   |   |   |   |   |   |--- feature_15 <= 7.99
|   |   |   |   |   |   |   |   |   |--- feature_15 <= 7.01
|   |   |   |   |   |   |   |   |   |   |--- feature_1 <= 2183.50
|   |   |   |   |   |   |   |   |   |   |   |--- truncated branch of depth 3
|   |   |   |   |   |   |   |   |   |   |--- feature_1 >  2183.50
|   |   |   |   |   |   |   |   |   |   |   |--- class: positive
|   |   |   |   |   |   |   |   |   |--- feature_15 >  7.01
|   |   |   |   |   |   |   |   |   |   |--- class: positive
|   |   |   |   |   |   |   |   |--- feature_15 >  7.99
|   |   |   |   |   |   |   |   |   |--- feature_11 <= 23.48
|   |   |   |   |   |   |   |   |   |   |--- feature_14 <= 14.02
|   |   |   |   |   |   |   |   |   |   |   |--- truncated branch of depth 2
|   |   |   |   |   |   |   |   |   |   |--- feature_14 >  14.02
|   |   |   |   |   |   |   |   |   |   |   |--- truncated branch of depth 10
|   |   |   |   |   |   |   |   |   |--- feature_11 >  23.48
|   |   |   |   |   |   |   |   |   |   |--- feature_1 <= 1238.50
|   |   |   |   |   |   |   |   |   |   |   |--- truncated branch of depth 3
|   |   |   |   |   |   |   |   |   |   |--- feature_1 >  1238.50
|   |   |   |   |   |   |   |   |   |   |   |--- class: negative
|   |   |   |   |   |   |--- feature_0 >  1969.50
|   |   |   |   |   |   |   |--- feature_4 <= 4.00
|   |   |   |   |   |   |   |   |--- feature_4 <= 2.50
|   |   |   |   |   |   |   |   |   |--- class: negative
|   |   |   |   |   |   |   |   |--- feature_4 >  2.50
|   |   |   |   |   |   |   |   |   |--- class: positive
|   |   |   |   |   |   |   |--- feature_4 >  4.00
|   |   |   |   |   |   |   |   |--- class: negative
|   |   |   |   |   |--- feature_19 >  1.01
|   |   |   |   |   |   |--- feature_19 <= 2.00
|   |   |   |   |   |   |   |--- class: positive
|   |   |   |   |   |   |--- feature_19 >  2.00
|   |   |   |   |   |   |   |--- feature_20 <= 21.50
|   |   |   |   |   |   |   |   |--- feature_19 <= 2.93
|   |   |   |   |   |   |   |   |   |--- feature_12 <= 8.37
|   |   |   |   |   |   |   |   |   |   |--- class: negative
|   |   |   |   |   |   |   |   |   |--- feature_12 >  8.37
|   |   |   |   |   |   |   |   |   |   |--- feature_12 <= 49.60
|   |   |   |   |   |   |   |   |   |   |   |--- class: positive
|   |   |   |   |   |   |   |   |   |   |--- feature_12 >  49.60
|   |   |   |   |   |   |   |   |   |   |   |--- class: negative
|   |   |   |   |   |   |   |   |--- feature_19 >  2.93
|   |   |   |   |   |   |   |   |   |--- feature_14 <= 23.33
|   |   |   |   |   |   |   |   |   |   |--- feature_0 <= 1910.50
|   |   |   |   |   |   |   |   |   |   |   |--- class: negative
|   |   |   |   |   |   |   |   |   |   |--- feature_0 >  1910.50
|   |   |   |   |   |   |   |   |   |   |   |--- truncated branch of depth 4
|   |   |   |   |   |   |   |   |   |--- feature_14 >  23.33
|   |   |   |   |   |   |   |   |   |   |--- feature_13 <= 7.70
|   |   |   |   |   |   |   |   |   |   |   |--- truncated branch of depth 2
|   |   |   |   |   |   |   |   |   |   |--- feature_13 >  7.70
|   |   |   |   |   |   |   |   |   |   |   |--- class: positive
|   |   |   |   |   |   |   |--- feature_20 >  21.50
|   |   |   |   |   |   |   |   |--- feature_4 <= 2.00
|   |   |   |   |   |   |   |   |   |--- feature_0 <= 1962.50
|   |   |   |   |   |   |   |   |   |   |--- feature_12 <= 16.70
|   |   |   |   |   |   |   |   |   |   |   |--- class: negative
|   |   |   |   |   |   |   |   |   |   |--- feature_12 >  16.70
|   |   |   |   |   |   |   |   |   |   |   |--- truncated branch of depth 2
|   |   |   |   |   |   |   |   |   |--- feature_0 >  1962.50
|   |   |   |   |   |   |   |   |   |   |--- feature_1 <= 56.00
|   |   |   |   |   |   |   |   |   |   |   |--- class: positive
|   |   |   |   |   |   |   |   |   |   |--- feature_1 >  56.00
|   |   |   |   |   |   |   |   |   |   |   |--- truncated branch of depth 3
|   |   |   |   |   |   |   |   |--- feature_4 >  2.00
|   |   |   |   |   |   |   |   |   |--- class: negative
|   |   |   |   |--- feature_13 >  8.50
|   |   |   |   |   |--- feature_15 <= 7.00
|   |   |   |   |   |   |--- feature_1 <= 10373.50
|   |   |   |   |   |   |   |--- feature_14 <= 64.60
|   |   |   |   |   |   |   |   |--- feature_14 <= 39.75
|   |   |   |   |   |   |   |   |   |--- class: positive
|   |   |   |   |   |   |   |   |--- feature_14 >  39.75
|   |   |   |   |   |   |   |   |   |--- feature_12 <= 52.85
|   |   |   |   |   |   |   |   |   |   |--- feature_1 <= 9441.00
|   |   |   |   |   |   |   |   |   |   |   |--- class: negative
|   |   |   |   |   |   |   |   |   |   |--- feature_1 >  9441.00
|   |   |   |   |   |   |   |   |   |   |   |--- class: positive
|   |   |   |   |   |   |   |   |   |--- feature_12 >  52.85
|   |   |   |   |   |   |   |   |   |   |--- feature_4 <= 5.50
|   |   |   |   |   |   |   |   |   |   |   |--- class: positive
|   |   |   |   |   |   |   |   |   |   |--- feature_4 >  5.50
|   |   |   |   |   |   |   |   |   |   |   |--- class: negative
|   |   |   |   |   |   |   |--- feature_14 >  64.60
|   |   |   |   |   |   |   |   |--- feature_13 <= 11.85
|   |   |   |   |   |   |   |   |   |--- class: negative
|   |   |   |   |   |   |   |   |--- feature_13 >  11.85
|   |   |   |   |   |   |   |   |   |--- feature_12 <= 28.45
|   |   |   |   |   |   |   |   |   |   |--- feature_12 <= 11.10
|   |   |   |   |   |   |   |   |   |   |   |--- class: positive
|   |   |   |   |   |   |   |   |   |   |--- feature_12 >  11.10
|   |   |   |   |   |   |   |   |   |   |   |--- class: negative
|   |   |   |   |   |   |   |   |   |--- feature_12 >  28.45
|   |   |   |   |   |   |   |   |   |   |--- class: positive
|   |   |   |   |   |   |--- feature_1 >  10373.50
|   |   |   |   |   |   |   |--- class: negative
|   |   |   |   |   |--- feature_15 >  7.00
|   |   |   |   |   |   |--- feature_15 <= 8.00
|   |   |   |   |   |   |   |--- class: positive
|   |   |   |   |   |   |--- feature_15 >  8.00
|   |   |   |   |   |   |   |--- feature_9 <= 0.50
|   |   |   |   |   |   |   |   |--- feature_1 <= 4626.50
|   |   |   |   |   |   |   |   |   |--- feature_11 <= 7.30
|   |   |   |   |   |   |   |   |   |   |--- class: negative
|   |   |   |   |   |   |   |   |   |--- feature_11 >  7.30
|   |   |   |   |   |   |   |   |   |   |--- feature_1 <= 3634.00
|   |   |   |   |   |   |   |   |   |   |   |--- truncated branch of depth 9
|   |   |   |   |   |   |   |   |   |   |--- feature_1 >  3634.00
|   |   |   |   |   |   |   |   |   |   |   |--- truncated branch of depth 7
|   |   |   |   |   |   |   |   |--- feature_1 >  4626.50
|   |   |   |   |   |   |   |   |   |--- feature_1 <= 16477.50
|   |   |   |   |   |   |   |   |   |   |--- feature_1 <= 8493.00
|   |   |   |   |   |   |   |   |   |   |   |--- class: negative
|   |   |   |   |   |   |   |   |   |   |--- feature_1 >  8493.00
|   |   |   |   |   |   |   |   |   |   |   |--- truncated branch of depth 7
|   |   |   |   |   |   |   |   |   |--- feature_1 >  16477.50
|   |   |   |   |   |   |   |   |   |   |--- feature_1 <= 19213.50
|   |   |   |   |   |   |   |   |   |   |   |--- truncated branch of depth 5
|   |   |   |   |   |   |   |   |   |   |--- feature_1 >  19213.50
|   |   |   |   |   |   |   |   |   |   |   |--- truncated branch of depth 5
|   |   |   |   |   |   |   |--- feature_9 >  0.50
|   |   |   |   |   |   |   |   |--- feature_1 <= 25737.00
|   |   |   |   |   |   |   |   |   |--- feature_9 <= 29.50
|   |   |   |   |   |   |   |   |   |   |--- feature_11 <= 9.11
|   |   |   |   |   |   |   |   |   |   |   |--- truncated branch of depth 9
|   |   |   |   |   |   |   |   |   |   |--- feature_11 >  9.11
|   |   |   |   |   |   |   |   |   |   |   |--- truncated branch of depth 18
|   |   |   |   |   |   |   |   |   |--- feature_9 >  29.50
|   |   |   |   |   |   |   |   |   |   |--- feature_1 <= 10849.50
|   |   |   |   |   |   |   |   |   |   |   |--- truncated branch of depth 12
|   |   |   |   |   |   |   |   |   |   |--- feature_1 >  10849.50
|   |   |   |   |   |   |   |   |   |   |   |--- truncated branch of depth 8
|   |   |   |   |   |   |   |   |--- feature_1 >  25737.00
|   |   |   |   |   |   |   |   |   |--- class: negative
|   |--- feature_3 >  4.50
|   |   |--- feature_19 <= 2.03
|   |   |   |--- feature_1 <= 942.00
|   |   |   |   |--- feature_14 <= 40.49
|   |   |   |   |   |--- feature_0 <= 1948.00
|   |   |   |   |   |   |--- feature_1 <= 290.50
|   |   |   |   |   |   |   |--- feature_0 <= 1896.00
|   |   |   |   |   |   |   |   |--- class: positive
|   |   |   |   |   |   |   |--- feature_0 >  1896.00
|   |   |   |   |   |   |   |   |--- class: negative
|   |   |   |   |   |   |--- feature_1 >  290.50
|   |   |   |   |   |   |   |--- feature_1 <= 314.50
|   |   |   |   |   |   |   |   |--- class: positive
|   |   |   |   |   |   |   |--- feature_1 >  314.50
|   |   |   |   |   |   |   |   |--- class: negative
|   |   |   |   |   |--- feature_0 >  1948.00
|   |   |   |   |   |   |--- feature_15 <= 8.00
|   |   |   |   |   |   |   |--- feature_14 <= 36.01
|   |   |   |   |   |   |   |   |--- feature_13 <= 7.10
|   |   |   |   |   |   |   |   |   |--- feature_13 <= 5.95
|   |   |   |   |   |   |   |   |   |   |--- class: negative
|   |   |   |   |   |   |   |   |   |--- feature_13 >  5.95
|   |   |   |   |   |   |   |   |   |   |--- feature_1 <= 233.50
|   |   |   |   |   |   |   |   |   |   |   |--- truncated branch of depth 6
|   |   |   |   |   |   |   |   |   |   |--- feature_1 >  233.50
|   |   |   |   |   |   |   |   |   |   |   |--- truncated branch of depth 4
|   |   |   |   |   |   |   |   |--- feature_13 >  7.10
|   |   |   |   |   |   |   |   |   |--- feature_19 <= 1.98
|   |   |   |   |   |   |   |   |   |   |--- feature_19 <= 1.01
|   |   |   |   |   |   |   |   |   |   |   |--- truncated branch of depth 4
|   |   |   |   |   |   |   |   |   |   |--- feature_19 >  1.01
|   |   |   |   |   |   |   |   |   |   |   |--- class: positive
|   |   |   |   |   |   |   |   |   |--- feature_19 >  1.98
|   |   |   |   |   |   |   |   |   |   |--- feature_4 <= 3.00
|   |   |   |   |   |   |   |   |   |   |   |--- truncated branch of depth 5
|   |   |   |   |   |   |   |   |   |   |--- feature_4 >  3.00
|   |   |   |   |   |   |   |   |   |   |   |--- truncated branch of depth 6
|   |   |   |   |   |   |   |--- feature_14 >  36.01
|   |   |   |   |   |   |   |   |--- feature_2 <= 1.50
|   |   |   |   |   |   |   |   |   |--- feature_2 <= 0.50
|   |   |   |   |   |   |   |   |   |   |--- class: positive
|   |   |   |   |   |   |   |   |   |--- feature_2 >  0.50
|   |   |   |   |   |   |   |   |   |   |--- class: negative
|   |   |   |   |   |   |   |   |--- feature_2 >  1.50
|   |   |   |   |   |   |   |   |   |--- feature_1 <= 243.00
|   |   |   |   |   |   |   |   |   |   |--- class: positive
|   |   |   |   |   |   |   |   |   |--- feature_1 >  243.00
|   |   |   |   |   |   |   |   |   |   |--- feature_4 <= 4.50
|   |   |   |   |   |   |   |   |   |   |   |--- class: positive
|   |   |   |   |   |   |   |   |   |   |--- feature_4 >  4.50
|   |   |   |   |   |   |   |   |   |   |   |--- truncated branch of depth 3
|   |   |   |   |   |   |--- feature_15 >  8.00
|   |   |   |   |   |   |   |--- feature_11 <= 11.10
|   |   |   |   |   |   |   |   |--- class: negative
|   |   |   |   |   |   |   |--- feature_11 >  11.10
|   |   |   |   |   |   |   |   |--- feature_1 <= 48.50
|   |   |   |   |   |   |   |   |   |--- feature_12 <= 179.80
|   |   |   |   |   |   |   |   |   |   |--- class: positive
|   |   |   |   |   |   |   |   |   |--- feature_12 >  179.80
|   |   |   |   |   |   |   |   |   |   |--- class: negative
|   |   |   |   |   |   |   |   |--- feature_1 >  48.50
|   |   |   |   |   |   |   |   |   |--- feature_1 <= 544.50
|   |   |   |   |   |   |   |   |   |   |--- feature_11 <= 11.45
|   |   |   |   |   |   |   |   |   |   |   |--- truncated branch of depth 2
|   |   |   |   |   |   |   |   |   |   |--- feature_11 >  11.45
|   |   |   |   |   |   |   |   |   |   |   |--- class: negative
|   |   |   |   |   |   |   |   |   |--- feature_1 >  544.50
|   |   |   |   |   |   |   |   |   |   |--- feature_1 <= 623.00
|   |   |   |   |   |   |   |   |   |   |   |--- class: positive
|   |   |   |   |   |   |   |   |   |   |--- feature_1 >  623.00
|   |   |   |   |   |   |   |   |   |   |   |--- truncated branch of depth 3
|   |   |   |   |--- feature_14 >  40.49
|   |   |   |   |   |--- feature_16 <= 1.50
|   |   |   |   |   |   |--- feature_13 <= 5.31
|   |   |   |   |   |   |   |--- feature_15 <= 4.50
|   |   |   |   |   |   |   |   |--- feature_12 <= 14.20
|   |   |   |   |   |   |   |   |   |--- class: positive
|   |   |   |   |   |   |   |   |--- feature_12 >  14.20
|   |   |   |   |   |   |   |   |   |--- class: negative
|   |   |   |   |   |   |   |--- feature_15 >  4.50
|   |   |   |   |   |   |   |   |--- class: negative
|   |   |   |   |   |   |--- feature_13 >  5.31
|   |   |   |   |   |   |   |--- feature_4 <= 0.50
|   |   |   |   |   |   |   |   |--- class: negative
|   |   |   |   |   |   |   |--- feature_4 >  0.50
|   |   |   |   |   |   |   |   |--- class: positive
|   |   |   |   |   |--- feature_16 >  1.50
|   |   |   |   |   |   |--- feature_11 <= 13.10
|   |   |   |   |   |   |   |--- feature_1 <= 125.50
|   |   |   |   |   |   |   |   |--- feature_13 <= 7.10
|   |   |   |   |   |   |   |   |   |--- feature_13 <= 6.25
|   |   |   |   |   |   |   |   |   |   |--- class: negative
|   |   |   |   |   |   |   |   |   |--- feature_13 >  6.25
|   |   |   |   |   |   |   |   |   |   |--- feature_15 <= 6.95
|   |   |   |   |   |   |   |   |   |   |   |--- truncated branch of depth 6
|   |   |   |   |   |   |   |   |   |   |--- feature_15 >  6.95
|   |   |   |   |   |   |   |   |   |   |   |--- truncated branch of depth 3
|   |   |   |   |   |   |   |   |--- feature_13 >  7.10
|   |   |   |   |   |   |   |   |   |--- feature_2 <= 5.50
|   |   |   |   |   |   |   |   |   |   |--- feature_12 <= 9.35
|   |   |   |   |   |   |   |   |   |   |   |--- truncated branch of depth 5
|   |   |   |   |   |   |   |   |   |   |--- feature_12 >  9.35
|   |   |   |   |   |   |   |   |   |   |   |--- class: negative
|   |   |   |   |   |   |   |   |   |--- feature_2 >  5.50
|   |   |   |   |   |   |   |   |   |   |--- feature_14 <= 40.99
|   |   |   |   |   |   |   |   |   |   |   |--- class: negative
|   |   |   |   |   |   |   |   |   |   |--- feature_14 >  40.99
|   |   |   |   |   |   |   |   |   |   |   |--- class: positive
|   |   |   |   |   |   |   |--- feature_1 >  125.50
|   |   |   |   |   |   |   |   |--- feature_19 <= 1.62
|   |   |   |   |   |   |   |   |   |--- feature_19 <= 1.08
|   |   |   |   |   |   |   |   |   |   |--- class: negative
|   |   |   |   |   |   |   |   |   |--- feature_19 >  1.08
|   |   |   |   |   |   |   |   |   |   |--- class: positive
|   |   |   |   |   |   |   |   |--- feature_19 >  1.62
|   |   |   |   |   |   |   |   |   |--- class: negative
|   |   |   |   |   |   |--- feature_11 >  13.10
|   |   |   |   |   |   |   |--- feature_14 <= 56.10
|   |   |   |   |   |   |   |   |--- feature_1 <= 199.50
|   |   |   |   |   |   |   |   |   |--- feature_19 <= 1.00
|   |   |   |   |   |   |   |   |   |   |--- feature_2 <= 9.00
|   |   |   |   |   |   |   |   |   |   |   |--- class: negative
|   |   |   |   |   |   |   |   |   |   |--- feature_2 >  9.00
|   |   |   |   |   |   |   |   |   |   |   |--- truncated branch of depth 2
|   |   |   |   |   |   |   |   |   |--- feature_19 >  1.00
|   |   |   |   |   |   |   |   |   |   |--- feature_1 <= 173.50
|   |   |   |   |   |   |   |   |   |   |   |--- truncated branch of depth 11
|   |   |   |   |   |   |   |   |   |   |--- feature_1 >  173.50
|   |   |   |   |   |   |   |   |   |   |   |--- truncated branch of depth 3
|   |   |   |   |   |   |   |   |--- feature_1 >  199.50
|   |   |   |   |   |   |   |   |   |--- feature_12 <= 30.79
|   |   |   |   |   |   |   |   |   |   |--- feature_2 <= 3.50
|   |   |   |   |   |   |   |   |   |   |   |--- truncated branch of depth 5
|   |   |   |   |   |   |   |   |   |   |--- feature_2 >  3.50
|   |   |   |   |   |   |   |   |   |   |   |--- class: negative
|   |   |   |   |   |   |   |   |   |--- feature_12 >  30.79
|   |   |   |   |   |   |   |   |   |   |--- feature_12 <= 39.59
|   |   |   |   |   |   |   |   |   |   |   |--- truncated branch of depth 5
|   |   |   |   |   |   |   |   |   |   |--- feature_12 >  39.59
|   |   |   |   |   |   |   |   |   |   |   |--- truncated branch of depth 7
|   |   |   |   |   |   |   |--- feature_14 >  56.10
|   |   |   |   |   |   |   |   |--- feature_4 <= 4.50
|   |   |   |   |   |   |   |   |   |--- class: positive
|   |   |   |   |   |   |   |   |--- feature_4 >  4.50
|   |   |   |   |   |   |   |   |   |--- feature_12 <= 44.14
|   |   |   |   |   |   |   |   |   |   |--- class: negative
|   |   |   |   |   |   |   |   |   |--- feature_12 >  44.14
|   |   |   |   |   |   |   |   |   |   |--- feature_9 <= 17.00
|   |   |   |   |   |   |   |   |   |   |   |--- class: positive
|   |   |   |   |   |   |   |   |   |   |--- feature_9 >  17.00
|   |   |   |   |   |   |   |   |   |   |   |--- truncated branch of depth 2
|   |   |   |--- feature_1 >  942.00
|   |   |   |   |--- feature_15 <= 5.00
|   |   |   |   |   |--- feature_15 <= 4.95
|   |   |   |   |   |   |--- feature_13 <= 8.76
|   |   |   |   |   |   |   |--- feature_15 <= 4.00
|   |   |   |   |   |   |   |   |--- feature_1 <= 1260.50
|   |   |   |   |   |   |   |   |   |--- feature_4 <= 3.50
|   |   |   |   |   |   |   |   |   |   |--- class: positive
|   |   |   |   |   |   |   |   |   |--- feature_4 >  3.50
|   |   |   |   |   |   |   |   |   |   |--- class: negative
|   |   |   |   |   |   |   |   |--- feature_1 >  1260.50
|   |   |   |   |   |   |   |   |   |--- class: negative
|   |   |   |   |   |   |   |--- feature_15 >  4.00
|   |   |   |   |   |   |   |   |--- class: positive
|   |   |   |   |   |   |--- feature_13 >  8.76
|   |   |   |   |   |   |   |--- feature_0 <= 1972.00
|   |   |   |   |   |   |   |   |--- feature_9 <= 0.50
|   |   |   |   |   |   |   |   |   |--- feature_14 <= 54.45
|   |   |   |   |   |   |   |   |   |   |--- class: negative
|   |   |   |   |   |   |   |   |   |--- feature_14 >  54.45
|   |   |   |   |   |   |   |   |   |   |--- class: positive
|   |   |   |   |   |   |   |   |--- feature_9 >  0.50
|   |   |   |   |   |   |   |   |   |--- class: positive
|   |   |   |   |   |   |   |--- feature_0 >  1972.00
|   |   |   |   |   |   |   |   |--- class: negative
|   |   |   |   |   |--- feature_15 >  4.95
|   |   |   |   |   |   |--- feature_14 <= 37.80
|   |   |   |   |   |   |   |--- feature_14 <= 32.85
|   |   |   |   |   |   |   |   |--- feature_12 <= 20.10
|   |   |   |   |   |   |   |   |   |--- class: negative
|   |   |   |   |   |   |   |   |--- feature_12 >  20.10
|   |   |   |   |   |   |   |   |   |--- feature_1 <= 7335.00
|   |   |   |   |   |   |   |   |   |   |--- feature_0 <= 1965.50
|   |   |   |   |   |   |   |   |   |   |   |--- class: negative
|   |   |   |   |   |   |   |   |   |   |--- feature_0 >  1965.50
|   |   |   |   |   |   |   |   |   |   |   |--- truncated branch of depth 2
|   |   |   |   |   |   |   |   |   |--- feature_1 >  7335.00
|   |   |   |   |   |   |   |   |   |   |--- class: positive
|   |   |   |   |   |   |   |--- feature_14 >  32.85
|   |   |   |   |   |   |   |   |--- feature_2 <= 5.50
|   |   |   |   |   |   |   |   |   |--- feature_1 <= 10631.00
|   |   |   |   |   |   |   |   |   |   |--- class: positive
|   |   |   |   |   |   |   |   |   |--- feature_1 >  10631.00
|   |   |   |   |   |   |   |   |   |   |--- class: negative
|   |   |   |   |   |   |   |   |--- feature_2 >  5.50
|   |   |   |   |   |   |   |   |   |--- class: negative
|   |   |   |   |   |   |--- feature_14 >  37.80
|   |   |   |   |   |   |   |--- feature_9 <= 9.50
|   |   |   |   |   |   |   |   |--- class: negative
|   |   |   |   |   |   |   |--- feature_9 >  9.50
|   |   |   |   |   |   |   |   |--- feature_0 <= 1943.00
|   |   |   |   |   |   |   |   |   |--- feature_9 <= 17.00
|   |   |   |   |   |   |   |   |   |   |--- class: positive
|   |   |   |   |   |   |   |   |   |--- feature_9 >  17.00
|   |   |   |   |   |   |   |   |   |   |--- feature_9 <= 32.50
|   |   |   |   |   |   |   |   |   |   |   |--- class: negative
|   |   |   |   |   |   |   |   |   |   |--- feature_9 >  32.50
|   |   |   |   |   |   |   |   |   |   |   |--- class: positive
|   |   |   |   |   |   |   |   |--- feature_0 >  1943.00
|   |   |   |   |   |   |   |   |   |--- feature_1 <= 5944.00
|   |   |   |   |   |   |   |   |   |   |--- class: negative
|   |   |   |   |   |   |   |   |   |--- feature_1 >  5944.00
|   |   |   |   |   |   |   |   |   |   |--- feature_13 <= 8.25
|   |   |   |   |   |   |   |   |   |   |   |--- class: positive
|   |   |   |   |   |   |   |   |   |   |--- feature_13 >  8.25
|   |   |   |   |   |   |   |   |   |   |   |--- truncated branch of depth 4
|   |   |   |   |--- feature_15 >  5.00
|   |   |   |   |   |--- feature_15 <= 8.00
|   |   |   |   |   |   |--- feature_3 <= 5.50
|   |   |   |   |   |   |   |--- feature_19 <= 1.99
|   |   |   |   |   |   |   |   |--- feature_2 <= 2.50
|   |   |   |   |   |   |   |   |   |--- class: negative
|   |   |   |   |   |   |   |   |--- feature_2 >  2.50
|   |   |   |   |   |   |   |   |   |--- class: positive
|   |   |   |   |   |   |   |--- feature_19 >  1.99
|   |   |   |   |   |   |   |   |--- feature_9 <= 0.50
|   |   |   |   |   |   |   |   |   |--- class: negative
|   |   |   |   |   |   |   |   |--- feature_9 >  0.50
|   |   |   |   |   |   |   |   |   |--- feature_4 <= 2.00
|   |   |   |   |   |   |   |   |   |   |--- class: negative
|   |   |   |   |   |   |   |   |   |--- feature_4 >  2.00
|   |   |   |   |   |   |   |   |   |   |--- class: positive
|   |   |   |   |   |   |--- feature_3 >  5.50
|   |   |   |   |   |   |   |--- feature_14 <= 49.86
|   |   |   |   |   |   |   |   |--- class: negative
|   |   |   |   |   |   |   |--- feature_14 >  49.86
|   |   |   |   |   |   |   |   |--- feature_11 <= 20.55
|   |   |   |   |   |   |   |   |   |--- class: positive
|   |   |   |   |   |   |   |   |--- feature_11 >  20.55
|   |   |   |   |   |   |   |   |   |--- class: negative
|   |   |   |   |   |--- feature_15 >  8.00
|   |   |   |   |   |   |--- feature_3 <= 5.50
|   |   |   |   |   |   |   |--- feature_12 <= 27.11
|   |   |   |   |   |   |   |   |--- feature_14 <= 34.88
|   |   |   |   |   |   |   |   |   |--- feature_1 <= 2466.00
|   |   |   |   |   |   |   |   |   |   |--- feature_1 <= 1740.00
|   |   |   |   |   |   |   |   |   |   |   |--- truncated branch of depth 3
|   |   |   |   |   |   |   |   |   |   |--- feature_1 >  1740.00
|   |   |   |   |   |   |   |   |   |   |   |--- truncated branch of depth 2
|   |   |   |   |   |   |   |   |   |--- feature_1 >  2466.00
|   |   |   |   |   |   |   |   |   |   |--- feature_10 <= 2.00
|   |   |   |   |   |   |   |   |   |   |   |--- class: negative
|   |   |   |   |   |   |   |   |   |   |--- feature_10 >  2.00
|   |   |   |   |   |   |   |   |   |   |   |--- class: positive
|   |   |   |   |   |   |   |   |--- feature_14 >  34.88
|   |   |   |   |   |   |   |   |   |--- feature_11 <= 8.73
|   |   |   |   |   |   |   |   |   |   |--- feature_11 <= 7.93
|   |   |   |   |   |   |   |   |   |   |   |--- class: negative
|   |   |   |   |   |   |   |   |   |   |--- feature_11 >  7.93
|   |   |   |   |   |   |   |   |   |   |   |--- truncated branch of depth 2
|   |   |   |   |   |   |   |   |   |--- feature_11 >  8.73
|   |   |   |   |   |   |   |   |   |   |--- feature_1 <= 3014.00
|   |   |   |   |   |   |   |   |   |   |   |--- class: negative
|   |   |   |   |   |   |   |   |   |   |--- feature_1 >  3014.00
|   |   |   |   |   |   |   |   |   |   |   |--- truncated branch of depth 7
|   |   |   |   |   |   |   |--- feature_12 >  27.11
|   |   |   |   |   |   |   |   |--- feature_14 <= 44.18
|   |   |   |   |   |   |   |   |   |--- feature_12 <= 44.60
|   |   |   |   |   |   |   |   |   |   |--- feature_20 <= 4.50
|   |   |   |   |   |   |   |   |   |   |   |--- class: positive
|   |   |   |   |   |   |   |   |   |   |--- feature_20 >  4.50
|   |   |   |   |   |   |   |   |   |   |   |--- truncated branch of depth 4
|   |   |   |   |   |   |   |   |   |--- feature_12 >  44.60
|   |   |   |   |   |   |   |   |   |   |--- class: negative
|   |   |   |   |   |   |   |   |--- feature_14 >  44.18
|   |   |   |   |   |   |   |   |   |--- feature_1 <= 9509.00
|   |   |   |   |   |   |   |   |   |   |--- feature_13 <= 9.81
|   |   |   |   |   |   |   |   |   |   |   |--- truncated branch of depth 5
|   |   |   |   |   |   |   |   |   |   |--- feature_13 >  9.81
|   |   |   |   |   |   |   |   |   |   |   |--- class: positive
|   |   |   |   |   |   |   |   |   |--- feature_1 >  9509.00
|   |   |   |   |   |   |   |   |   |   |--- feature_0 <= 1967.50
|   |   |   |   |   |   |   |   |   |   |   |--- class: negative
|   |   |   |   |   |   |   |   |   |   |--- feature_0 >  1967.50
|   |   |   |   |   |   |   |   |   |   |   |--- class: positive
|   |   |   |   |   |   |--- feature_3 >  5.50
|   |   |   |   |   |   |   |--- feature_1 <= 9366.00
|   |   |   |   |   |   |   |   |--- feature_1 <= 9027.50
|   |   |   |   |   |   |   |   |   |--- feature_0 <= 1937.00
|   |   |   |   |   |   |   |   |   |   |--- class: positive
|   |   |   |   |   |   |   |   |   |--- feature_0 >  1937.00
|   |   |   |   |   |   |   |   |   |   |--- feature_12 <= 49.15
|   |   |   |   |   |   |   |   |   |   |   |--- truncated branch of depth 7
|   |   |   |   |   |   |   |   |   |   |--- feature_12 >  49.15
|   |   |   |   |   |   |   |   |   |   |   |--- truncated branch of depth 3
|   |   |   |   |   |   |   |   |--- feature_1 >  9027.50
|   |   |   |   |   |   |   |   |   |--- class: positive
|   |   |   |   |   |   |   |--- feature_1 >  9366.00
|   |   |   |   |   |   |   |   |--- class: negative
|   |   |--- feature_19 >  2.03
|   |   |   |--- feature_3 <= 6.50
|   |   |   |   |--- feature_19 <= 8.89
|   |   |   |   |   |--- class: positive
|   |   |   |   |--- feature_19 >  8.89
|   |   |   |   |   |--- class: negative
|   |   |   |--- feature_3 >  6.50
|   |   |   |   |--- feature_0 <= 1907.00
|   |   |   |   |   |--- feature_0 <= 1885.50
|   |   |   |   |   |   |--- feature_1 <= 360.00
|   |   |   |   |   |   |   |--- feature_12 <= 59.95
|   |   |   |   |   |   |   |   |--- class: negative
|   |   |   |   |   |   |   |--- feature_12 >  59.95
|   |   |   |   |   |   |   |   |--- feature_11 <= 38.25
|   |   |   |   |   |   |   |   |   |--- class: negative
|   |   |   |   |   |   |   |   |--- feature_11 >  38.25
|   |   |   |   |   |   |   |   |   |--- class: positive
|   |   |   |   |   |   |--- feature_1 >  360.00
|   |   |   |   |   |   |   |--- class: positive
|   |   |   |   |   |--- feature_0 >  1885.50
|   |   |   |   |   |   |--- feature_3 <= 8.50
|   |   |   |   |   |   |   |--- feature_19 <= 9.00
|   |   |   |   |   |   |   |   |--- feature_11 <= 42.29
|   |   |   |   |   |   |   |   |   |--- feature_14 <= 5.40
|   |   |   |   |   |   |   |   |   |   |--- class: negative
|   |   |   |   |   |   |   |   |   |--- feature_14 >  5.40
|   |   |   |   |   |   |   |   |   |   |--- class: positive
|   |   |   |   |   |   |   |   |--- feature_11 >  42.29
|   |   |   |   |   |   |   |   |   |--- class: negative
|   |   |   |   |   |   |   |--- feature_19 >  9.00
|   |   |   |   |   |   |   |   |--- feature_2 <= 5.50
|   |   |   |   |   |   |   |   |   |--- class: negative
|   |   |   |   |   |   |   |   |--- feature_2 >  5.50
|   |   |   |   |   |   |   |   |   |--- feature_14 <= 27.00
|   |   |   |   |   |   |   |   |   |   |--- class: negative
|   |   |   |   |   |   |   |   |   |--- feature_14 >  27.00
|   |   |   |   |   |   |   |   |   |   |--- class: positive
|   |   |   |   |   |   |--- feature_3 >  8.50
|   |   |   |   |   |   |   |--- class: negative
|   |   |   |   |--- feature_0 >  1907.00
|   |   |   |   |   |--- feature_13 <= 6.20
|   |   |   |   |   |   |--- feature_4 <= 2.50
|   |   |   |   |   |   |   |--- feature_1 <= 16.50
|   |   |   |   |   |   |   |   |--- class: positive
|   |   |   |   |   |   |   |--- feature_1 >  16.50
|   |   |   |   |   |   |   |   |--- class: negative
|   |   |   |   |   |   |--- feature_4 >  2.50
|   |   |   |   |   |   |   |--- class: positive
|   |   |   |   |   |--- feature_13 >  6.20
|   |   |   |   |   |   |--- feature_11 <= 7.94
|   |   |   |   |   |   |   |--- feature_12 <= 7.55
|   |   |   |   |   |   |   |   |--- feature_2 <= 7.00
|   |   |   |   |   |   |   |   |   |--- class: negative
|   |   |   |   |   |   |   |   |--- feature_2 >  7.00
|   |   |   |   |   |   |   |   |   |--- class: positive
|   |   |   |   |   |   |   |--- feature_12 >  7.55
|   |   |   |   |   |   |   |   |--- class: negative
|   |   |   |   |   |   |--- feature_11 >  7.94
|   |   |   |   |   |   |   |--- feature_4 <= 3.00
|   |   |   |   |   |   |   |   |--- feature_14 <= 40.85
|   |   |   |   |   |   |   |   |   |--- feature_0 <= 1978.50
|   |   |   |   |   |   |   |   |   |   |--- feature_10 <= 2.50
|   |   |   |   |   |   |   |   |   |   |   |--- class: positive
|   |   |   |   |   |   |   |   |   |   |--- feature_10 >  2.50
|   |   |   |   |   |   |   |   |   |   |   |--- class: negative
|   |   |   |   |   |   |   |   |   |--- feature_0 >  1978.50
|   |   |   |   |   |   |   |   |   |   |--- class: negative
|   |   |   |   |   |   |   |   |--- feature_14 >  40.85
|   |   |   |   |   |   |   |   |   |--- class: positive
|   |   |   |   |   |   |   |--- feature_4 >  3.00
|   |   |   |   |   |   |   |   |--- feature_9 <= 10.00
|   |   |   |   |   |   |   |   |   |--- class: negative
|   |   |   |   |   |   |   |   |--- feature_9 >  10.00
|   |   |   |   |   |   |   |   |   |--- feature_1 <= 81.00
|   |   |   |   |   |   |   |   |   |   |--- class: positive
|   |   |   |   |   |   |   |   |   |--- feature_1 >  81.00
|   |   |   |   |   |   |   |   |   |   |--- feature_14 <= 44.55
|   |   |   |   |   |   |   |   |   |   |   |--- class: negative
|   |   |   |   |   |   |   |   |   |   |--- feature_14 >  44.55
|   |   |   |   |   |   |   |   |   |   |   |--- truncated branch of depth 2
|--- feature_0 >  1985.50
|   |--- feature_14 <= 54.02
|   |   |--- feature_14 <= 40.46
|   |   |   |--- feature_15 <= 7.91
|   |   |   |   |--- feature_19 <= 4.90
|   |   |   |   |   |--- feature_20 <= 0.50
|   |   |   |   |   |   |--- feature_13 <= 5.94
|   |   |   |   |   |   |   |--- class: negative
|   |   |   |   |   |   |--- feature_13 >  5.94
|   |   |   |   |   |   |   |--- class: positive
|   |   |   |   |   |--- feature_20 >  0.50
|   |   |   |   |   |   |--- feature_19 <= 1.10
|   |   |   |   |   |   |   |--- feature_1 <= 535.00
|   |   |   |   |   |   |   |   |--- feature_14 <= 38.92
|   |   |   |   |   |   |   |   |   |--- class: negative
|   |   |   |   |   |   |   |   |--- feature_14 >  38.92
|   |   |   |   |   |   |   |   |   |--- class: positive
|   |   |   |   |   |   |   |--- feature_1 >  535.00
|   |   |   |   |   |   |   |   |--- feature_11 <= 7.62
|   |   |   |   |   |   |   |   |   |--- class: negative
|   |   |   |   |   |   |   |   |--- feature_11 >  7.62
|   |   |   |   |   |   |   |   |   |--- class: positive
|   |   |   |   |   |   |--- feature_19 >  1.10
|   |   |   |   |   |   |   |--- feature_19 <= 1.99
|   |   |   |   |   |   |   |   |--- class: positive
|   |   |   |   |   |   |   |--- feature_19 >  1.99
|   |   |   |   |   |   |   |   |--- feature_14 <= 28.92
|   |   |   |   |   |   |   |   |   |--- class: positive
|   |   |   |   |   |   |   |   |--- feature_14 >  28.92
|   |   |   |   |   |   |   |   |   |--- feature_14 <= 36.41
|   |   |   |   |   |   |   |   |   |   |--- feature_19 <= 3.90
|   |   |   |   |   |   |   |   |   |   |   |--- truncated branch of depth 3
|   |   |   |   |   |   |   |   |   |   |--- feature_19 >  3.90
|   |   |   |   |   |   |   |   |   |   |   |--- class: positive
|   |   |   |   |   |   |   |   |   |--- feature_14 >  36.41
|   |   |   |   |   |   |   |   |   |   |--- feature_13 <= 8.33
|   |   |   |   |   |   |   |   |   |   |   |--- truncated branch of depth 2
|   |   |   |   |   |   |   |   |   |   |--- feature_13 >  8.33
|   |   |   |   |   |   |   |   |   |   |   |--- class: negative
|   |   |   |   |--- feature_19 >  4.90
|   |   |   |   |   |--- feature_1 <= 43.00
|   |   |   |   |   |   |--- feature_13 <= 6.01
|   |   |   |   |   |   |   |--- feature_0 <= 1994.50
|   |   |   |   |   |   |   |   |--- class: negative
|   |   |   |   |   |   |   |--- feature_0 >  1994.50
|   |   |   |   |   |   |   |   |--- feature_14 <= 33.30
|   |   |   |   |   |   |   |   |   |--- class: positive
|   |   |   |   |   |   |   |   |--- feature_14 >  33.30
|   |   |   |   |   |   |   |   |   |--- class: negative
|   |   |   |   |   |   |--- feature_13 >  6.01
|   |   |   |   |   |   |   |--- class: positive
|   |   |   |   |   |--- feature_1 >  43.00
|   |   |   |   |   |   |--- class: negative
|   |   |   |--- feature_15 >  7.91
|   |   |   |   |--- feature_14 <= 38.22
|   |   |   |   |   |--- class: negative
|   |   |   |   |--- feature_14 >  38.22
|   |   |   |   |   |--- feature_0 <= 1989.00
|   |   |   |   |   |   |--- class: positive
|   |   |   |   |   |--- feature_0 >  1989.00
|   |   |   |   |   |   |--- class: negative
|   |   |--- feature_14 >  40.46
|   |   |   |--- feature_14 <= 40.55
|   |   |   |   |--- feature_19 <= 1.00
|   |   |   |   |   |--- feature_1 <= 1602.50
|   |   |   |   |   |   |--- feature_12 <= 34.25
|   |   |   |   |   |   |   |--- class: negative
|   |   |   |   |   |   |--- feature_12 >  34.25
|   |   |   |   |   |   |   |--- feature_13 <= 6.90
|   |   |   |   |   |   |   |   |--- feature_0 <= 2000.00
|   |   |   |   |   |   |   |   |   |--- class: positive
|   |   |   |   |   |   |   |   |--- feature_0 >  2000.00
|   |   |   |   |   |   |   |   |   |--- class: negative
|   |   |   |   |   |   |   |--- feature_13 >  6.90
|   |   |   |   |   |   |   |   |--- feature_12 <= 34.45
|   |   |   |   |   |   |   |   |   |--- feature_20 <= 1.50
|   |   |   |   |   |   |   |   |   |   |--- class: positive
|   |   |   |   |   |   |   |   |   |--- feature_20 >  1.50
|   |   |   |   |   |   |   |   |   |   |--- class: negative
|   |   |   |   |   |   |   |   |--- feature_12 >  34.45
|   |   |   |   |   |   |   |   |   |--- class: negative
|   |   |   |   |   |--- feature_1 >  1602.50
|   |   |   |   |   |   |--- feature_12 <= 21.75
|   |   |   |   |   |   |   |--- feature_11 <= 6.45
|   |   |   |   |   |   |   |   |--- class: positive
|   |   |   |   |   |   |   |--- feature_11 >  6.45
|   |   |   |   |   |   |   |   |--- feature_0 <= 1992.50
|   |   |   |   |   |   |   |   |   |--- feature_15 <= 6.50
|   |   |   |   |   |   |   |   |   |   |--- class: negative
|   |   |   |   |   |   |   |   |   |--- feature_15 >  6.50
|   |   |   |   |   |   |   |   |   |   |--- class: positive
|   |   |   |   |   |   |   |   |--- feature_0 >  1992.50
|   |   |   |   |   |   |   |   |   |--- class: negative
|   |   |   |   |   |   |--- feature_12 >  21.75
|   |   |   |   |   |   |   |--- class: negative
|   |   |   |   |--- feature_19 >  1.00
|   |   |   |   |   |--- feature_19 <= 1.98
|   |   |   |   |   |   |--- class: positive
|   |   |   |   |   |--- feature_19 >  1.98
|   |   |   |   |   |   |--- feature_11 <= 8.45
|   |   |   |   |   |   |   |--- class: negative
|   |   |   |   |   |   |--- feature_11 >  8.45
|   |   |   |   |   |   |   |--- feature_15 <= 7.88
|   |   |   |   |   |   |   |   |--- feature_11 <= 13.06
|   |   |   |   |   |   |   |   |   |--- feature_12 <= 11.08
|   |   |   |   |   |   |   |   |   |   |--- feature_11 <= 8.93
|   |   |   |   |   |   |   |   |   |   |   |--- truncated branch of depth 3
|   |   |   |   |   |   |   |   |   |   |--- feature_11 >  8.93
|   |   |   |   |   |   |   |   |   |   |   |--- class: negative
|   |   |   |   |   |   |   |   |   |--- feature_12 >  11.08
|   |   |   |   |   |   |   |   |   |   |--- feature_2 <= 3.50
|   |   |   |   |   |   |   |   |   |   |   |--- class: negative
|   |   |   |   |   |   |   |   |   |   |--- feature_2 >  3.50
|   |   |   |   |   |   |   |   |   |   |   |--- truncated branch of depth 6
|   |   |   |   |   |   |   |   |--- feature_11 >  13.06
|   |   |   |   |   |   |   |   |   |--- feature_15 <= 7.09
|   |   |   |   |   |   |   |   |   |   |--- class: negative
|   |   |   |   |   |   |   |   |   |--- feature_15 >  7.09
|   |   |   |   |   |   |   |   |   |   |--- class: positive
|   |   |   |   |   |   |   |--- feature_15 >  7.88
|   |   |   |   |   |   |   |   |--- feature_4 <= 4.50
|   |   |   |   |   |   |   |   |   |--- feature_4 <= 0.50
|   |   |   |   |   |   |   |   |   |   |--- feature_0 <= 2004.50
|   |   |   |   |   |   |   |   |   |   |   |--- class: negative
|   |   |   |   |   |   |   |   |   |   |--- feature_0 >  2004.50
|   |   |   |   |   |   |   |   |   |   |   |--- truncated branch of depth 3
|   |   |   |   |   |   |   |   |   |--- feature_4 >  0.50
|   |   |   |   |   |   |   |   |   |   |--- feature_13 <= 8.69
|   |   |   |   |   |   |   |   |   |   |   |--- class: positive
|   |   |   |   |   |   |   |   |   |   |--- feature_13 >  8.69
|   |   |   |   |   |   |   |   |   |   |   |--- class: negative
|   |   |   |   |   |   |   |   |--- feature_4 >  4.50
|   |   |   |   |   |   |   |   |   |--- feature_0 <= 1986.50
|   |   |   |   |   |   |   |   |   |   |--- feature_12 <= 12.60
|   |   |   |   |   |   |   |   |   |   |   |--- class: positive
|   |   |   |   |   |   |   |   |   |   |--- feature_12 >  12.60
|   |   |   |   |   |   |   |   |   |   |   |--- class: negative
|   |   |   |   |   |   |   |   |   |--- feature_0 >  1986.50
|   |   |   |   |   |   |   |   |   |   |--- class: negative
|   |   |   |--- feature_14 >  40.55
|   |   |   |   |--- feature_13 <= 7.40
|   |   |   |   |   |--- feature_14 <= 41.14
|   |   |   |   |   |   |--- class: positive
|   |   |   |   |   |--- feature_14 >  41.14
|   |   |   |   |   |   |--- feature_19 <= 3.12
|   |   |   |   |   |   |   |--- feature_16 <= 1.50
|   |   |   |   |   |   |   |   |--- feature_0 <= 1991.50
|   |   |   |   |   |   |   |   |   |--- class: negative
|   |   |   |   |   |   |   |   |--- feature_0 >  1991.50
|   |   |   |   |   |   |   |   |   |--- class: positive
|   |   |   |   |   |   |   |--- feature_16 >  1.50
|   |   |   |   |   |   |   |   |--- class: negative
|   |   |   |   |   |   |--- feature_19 >  3.12
|   |   |   |   |   |   |   |--- feature_19 <= 7.02
|   |   |   |   |   |   |   |   |--- feature_10 <= 2.00
|   |   |   |   |   |   |   |   |   |--- class: negative
|   |   |   |   |   |   |   |   |--- feature_10 >  2.00
|   |   |   |   |   |   |   |   |   |--- class: positive
|   |   |   |   |   |   |   |--- feature_19 >  7.02
|   |   |   |   |   |   |   |   |--- class: negative
|   |   |   |   |--- feature_13 >  7.40
|   |   |   |   |   |--- feature_2 <= 5.50
|   |   |   |   |   |   |--- feature_12 <= 204.77
|   |   |   |   |   |   |   |--- feature_19 <= 1.00
|   |   |   |   |   |   |   |   |--- feature_0 <= 1992.50
|   |   |   |   |   |   |   |   |   |--- feature_11 <= 9.64
|   |   |   |   |   |   |   |   |   |   |--- feature_1 <= 1488.00
|   |   |   |   |   |   |   |   |   |   |   |--- class: negative
|   |   |   |   |   |   |   |   |   |   |--- feature_1 >  1488.00
|   |   |   |   |   |   |   |   |   |   |   |--- truncated branch of depth 2
|   |   |   |   |   |   |   |   |   |--- feature_11 >  9.64
|   |   |   |   |   |   |   |   |   |   |--- feature_1 <= 182.50
|   |   |   |   |   |   |   |   |   |   |   |--- truncated branch of depth 2
|   |   |   |   |   |   |   |   |   |   |--- feature_1 >  182.50
|   |   |   |   |   |   |   |   |   |   |   |--- class: negative
|   |   |   |   |   |   |   |   |--- feature_0 >  1992.50
|   |   |   |   |   |   |   |   |   |--- class: negative
|   |   |   |   |   |   |   |--- feature_19 >  1.00
|   |   |   |   |   |   |   |   |--- feature_15 <= 7.46
|   |   |   |   |   |   |   |   |   |--- feature_1 <= 337.50
|   |   |   |   |   |   |   |   |   |   |--- feature_12 <= 10.93
|   |   |   |   |   |   |   |   |   |   |   |--- truncated branch of depth 2
|   |   |   |   |   |   |   |   |   |   |--- feature_12 >  10.93
|   |   |   |   |   |   |   |   |   |   |   |--- truncated branch of depth 3
|   |   |   |   |   |   |   |   |   |--- feature_1 >  337.50
|   |   |   |   |   |   |   |   |   |   |--- class: negative
|   |   |   |   |   |   |   |   |--- feature_15 >  7.46
|   |   |   |   |   |   |   |   |   |--- feature_19 <= 1.61
|   |   |   |   |   |   |   |   |   |   |--- class: positive
|   |   |   |   |   |   |   |   |   |--- feature_19 >  1.61
|   |   |   |   |   |   |   |   |   |   |--- class: negative
|   |   |   |   |   |   |--- feature_12 >  204.77
|   |   |   |   |   |   |   |--- feature_3 <= 5.00
|   |   |   |   |   |   |   |   |--- class: positive
|   |   |   |   |   |   |   |--- feature_3 >  5.00
|   |   |   |   |   |   |   |   |--- class: negative
|   |   |   |   |   |--- feature_2 >  5.50
|   |   |   |   |   |   |--- feature_3 <= 5.50
|   |   |   |   |   |   |   |--- feature_14 <= 53.96
|   |   |   |   |   |   |   |   |--- feature_1 <= 307.50
|   |   |   |   |   |   |   |   |   |--- class: negative
|   |   |   |   |   |   |   |   |--- feature_1 >  307.50
|   |   |   |   |   |   |   |   |   |--- feature_1 <= 4191.00
|   |   |   |   |   |   |   |   |   |   |--- feature_20 <= 5.50
|   |   |   |   |   |   |   |   |   |   |   |--- truncated branch of depth 6
|   |   |   |   |   |   |   |   |   |   |--- feature_20 >  5.50
|   |   |   |   |   |   |   |   |   |   |   |--- truncated branch of depth 2
|   |   |   |   |   |   |   |   |   |--- feature_1 >  4191.00
|   |   |   |   |   |   |   |   |   |   |--- feature_10 <= 2.00
|   |   |   |   |   |   |   |   |   |   |   |--- truncated branch of depth 2
|   |   |   |   |   |   |   |   |   |   |--- feature_10 >  2.00
|   |   |   |   |   |   |   |   |   |   |   |--- truncated branch of depth 3
|   |   |   |   |   |   |   |--- feature_14 >  53.96
|   |   |   |   |   |   |   |   |--- class: negative
|   |   |   |   |   |   |--- feature_3 >  5.50
|   |   |   |   |   |   |   |--- feature_15 <= 7.50
|   |   |   |   |   |   |   |   |--- feature_0 <= 1992.00
|   |   |   |   |   |   |   |   |   |--- class: negative
|   |   |   |   |   |   |   |   |--- feature_0 >  1992.00
|   |   |   |   |   |   |   |   |   |--- class: positive
|   |   |   |   |   |   |   |--- feature_15 >  7.50
|   |   |   |   |   |   |   |   |--- class: negative
|   |--- feature_14 >  54.02
|   |   |--- feature_2 <= 5.50
|   |   |   |--- feature_19 <= 1.30
|   |   |   |   |--- feature_14 <= 79.12
|   |   |   |   |   |--- class: negative
|   |   |   |   |--- feature_14 >  79.12
|   |   |   |   |   |--- feature_14 <= 82.47
|   |   |   |   |   |   |--- class: positive
|   |   |   |   |   |--- feature_14 >  82.47
|   |   |   |   |   |   |--- class: negative
|   |   |   |--- feature_19 >  1.30
|   |   |   |   |--- feature_13 <= 8.59
|   |   |   |   |   |--- class: negative
|   |   |   |   |--- feature_13 >  8.59
|   |   |   |   |   |--- class: positive
|   |   |--- feature_2 >  5.50
|   |   |   |--- feature_3 <= 5.50
|   |   |   |   |--- feature_9 <= 0.50
|   |   |   |   |   |--- feature_11 <= 19.29
|   |   |   |   |   |   |--- feature_13 <= 12.81
|   |   |   |   |   |   |   |--- feature_13 <= 10.09
|   |   |   |   |   |   |   |   |--- feature_12 <= 27.42
|   |   |   |   |   |   |   |   |   |--- class: negative
|   |   |   |   |   |   |   |   |--- feature_12 >  27.42
|   |   |   |   |   |   |   |   |   |--- feature_1 <= 504.00
|   |   |   |   |   |   |   |   |   |   |--- class: negative
|   |   |   |   |   |   |   |   |   |--- feature_1 >  504.00
|   |   |   |   |   |   |   |   |   |   |--- feature_14 <= 69.10
|   |   |   |   |   |   |   |   |   |   |   |--- class: positive
|   |   |   |   |   |   |   |   |   |   |--- feature_14 >  69.10
|   |   |   |   |   |   |   |   |   |   |   |--- truncated branch of depth 2
|   |   |   |   |   |   |   |--- feature_13 >  10.09
|   |   |   |   |   |   |   |   |--- class: negative
|   |   |   |   |   |   |--- feature_13 >  12.81
|   |   |   |   |   |   |   |--- feature_20 <= 1.50
|   |   |   |   |   |   |   |   |--- feature_1 <= 4014.50
|   |   |   |   |   |   |   |   |   |--- feature_12 <= 25.14
|   |   |   |   |   |   |   |   |   |   |--- feature_1 <= 2790.50
|   |   |   |   |   |   |   |   |   |   |   |--- class: positive
|   |   |   |   |   |   |   |   |   |   |--- feature_1 >  2790.50
|   |   |   |   |   |   |   |   |   |   |   |--- truncated branch of depth 2
|   |   |   |   |   |   |   |   |   |--- feature_12 >  25.14
|   |   |   |   |   |   |   |   |   |   |--- feature_0 <= 1986.50
|   |   |   |   |   |   |   |   |   |   |   |--- class: positive
|   |   |   |   |   |   |   |   |   |   |--- feature_0 >  1986.50
|   |   |   |   |   |   |   |   |   |   |   |--- class: negative
|   |   |   |   |   |   |   |   |--- feature_1 >  4014.50
|   |   |   |   |   |   |   |   |   |--- feature_16 <= 2.50
|   |   |   |   |   |   |   |   |   |   |--- class: negative
|   |   |   |   |   |   |   |   |   |--- feature_16 >  2.50
|   |   |   |   |   |   |   |   |   |   |--- feature_14 <= 62.57
|   |   |   |   |   |   |   |   |   |   |   |--- class: positive
|   |   |   |   |   |   |   |   |   |   |--- feature_14 >  62.57
|   |   |   |   |   |   |   |   |   |   |   |--- class: negative
|   |   |   |   |   |   |   |--- feature_20 >  1.50
|   |   |   |   |   |   |   |   |--- class: positive
|   |   |   |   |   |--- feature_11 >  19.29
|   |   |   |   |   |   |--- class: negative
|   |   |   |   |--- feature_9 >  0.50
|   |   |   |   |   |--- feature_12 <= 18.29
|   |   |   |   |   |   |--- class: negative
|   |   |   |   |   |--- feature_12 >  18.29
|   |   |   |   |   |   |--- feature_0 <= 2000.50
|   |   |   |   |   |   |   |--- feature_13 <= 13.39
|   |   |   |   |   |   |   |   |--- feature_10 <= 2.50
|   |   |   |   |   |   |   |   |   |--- feature_11 <= 25.79
|   |   |   |   |   |   |   |   |   |   |--- class: positive
|   |   |   |   |   |   |   |   |   |--- feature_11 >  25.79
|   |   |   |   |   |   |   |   |   |   |--- feature_13 <= 11.60
|   |   |   |   |   |   |   |   |   |   |   |--- class: positive
|   |   |   |   |   |   |   |   |   |   |--- feature_13 >  11.60
|   |   |   |   |   |   |   |   |   |   |   |--- class: negative
|   |   |   |   |   |   |   |   |--- feature_10 >  2.50
|   |   |   |   |   |   |   |   |   |--- feature_2 <= 12.00
|   |   |   |   |   |   |   |   |   |   |--- feature_9 <= 44.50
|   |   |   |   |   |   |   |   |   |   |   |--- truncated branch of depth 12
|   |   |   |   |   |   |   |   |   |   |--- feature_9 >  44.50
|   |   |   |   |   |   |   |   |   |   |   |--- truncated branch of depth 3
|   |   |   |   |   |   |   |   |   |--- feature_2 >  12.00
|   |   |   |   |   |   |   |   |   |   |--- class: negative
|   |   |   |   |   |   |   |--- feature_13 >  13.39
|   |   |   |   |   |   |   |   |--- feature_13 <= 13.43
|   |   |   |   |   |   |   |   |   |--- feature_20 <= 4.00
|   |   |   |   |   |   |   |   |   |   |--- class: negative
|   |   |   |   |   |   |   |   |   |--- feature_20 >  4.00
|   |   |   |   |   |   |   |   |   |   |--- class: positive
|   |   |   |   |   |   |   |   |--- feature_13 >  13.43
|   |   |   |   |   |   |   |   |   |--- feature_13 <= 13.80
|   |   |   |   |   |   |   |   |   |   |--- feature_1 <= 5323.50
|   |   |   |   |   |   |   |   |   |   |   |--- truncated branch of depth 2
|   |   |   |   |   |   |   |   |   |   |--- feature_1 >  5323.50
|   |   |   |   |   |   |   |   |   |   |   |--- class: negative
|   |   |   |   |   |   |   |   |   |--- feature_13 >  13.80
|   |   |   |   |   |   |   |   |   |   |--- feature_13 <= 14.50
|   |   |   |   |   |   |   |   |   |   |   |--- truncated branch of depth 7
|   |   |   |   |   |   |   |   |   |   |--- feature_13 >  14.50
|   |   |   |   |   |   |   |   |   |   |   |--- truncated branch of depth 3
|   |   |   |   |   |   |--- feature_0 >  2000.50
|   |   |   |   |   |   |   |--- class: negative
|   |   |   |--- feature_3 >  5.50
|   |   |   |   |--- feature_0 <= 1986.50
|   |   |   |   |   |--- feature_13 <= 12.85
|   |   |   |   |   |   |--- class: positive
|   |   |   |   |   |--- feature_13 >  12.85
|   |   |   |   |   |   |--- class: negative
|   |   |   |   |--- feature_0 >  1986.50
|   |   |   |   |   |--- feature_14 <= 54.53
|   |   |   |   |   |   |--- class: positive
|   |   |   |   |   |--- feature_14 >  54.53
|   |   |   |   |   |   |--- feature_11 <= 44.35
|   |   |   |   |   |   |   |--- feature_15 <= 7.50
|   |   |   |   |   |   |   |   |--- feature_15 <= 6.00
|   |   |   |   |   |   |   |   |   |--- class: negative
|   |   |   |   |   |   |   |   |--- feature_15 >  6.00
|   |   |   |   |   |   |   |   |   |--- class: positive
|   |   |   |   |   |   |   |--- feature_15 >  7.50
|   |   |   |   |   |   |   |   |--- class: negative
|   |   |   |   |   |   |--- feature_11 >  44.35
|   |   |   |   |   |   |   |--- class: positive
