|--- feature_31 <= 1.00
|   |--- feature_31 <= 0.00
|   |   |--- feature_0 <= 1973.50
|   |   |   |--- feature_17 <= 1.00
|   |   |   |   |--- feature_17 <= 0.00
|   |   |   |   |   |--- feature_32 <= 0.00
|   |   |   |   |   |   |--- feature_12 <= 40.47
|   |   |   |   |   |   |   |--- feature_22 <= 1.00
|   |   |   |   |   |   |   |   |--- feature_22 <= 0.00
|   |   |   |   |   |   |   |   |   |--- feature_29 <= 0.97
|   |   |   |   |   |   |   |   |   |   |--- feature_47 <= 0.00
|   |   |   |   |   |   |   |   |   |   |   |--- truncated branch of depth 10
|   |   |   |   |   |   |   |   |   |   |--- feature_47 >  0.00
|   |   |   |   |   |   |   |   |   |   |   |--- truncated branch of depth 6
|   |   |   |   |   |   |   |   |   |--- feature_29 >  0.97
|   |   |   |   |   |   |   |   |   |   |--- feature_10 <= 141.50
|   |   |   |   |   |   |   |   |   |   |   |--- truncated branch of depth 6
|   |   |   |   |   |   |   |   |   |   |--- feature_10 >  141.50
|   |   |   |   |   |   |   |   |   |   |   |--- class: positive
|   |   |   |   |   |   |   |   |--- feature_22 >  0.00
|   |   |   |   |   |   |   |   |   |--- class: positive
|   |   |   |   |   |   |   |--- feature_22 >  1.00
|   |   |   |   |   |   |   |   |--- feature_13 <= 5.00
|   |   |   |   |   |   |   |   |   |--- feature_13 <= 4.00
|   |   |   |   |   |   |   |   |   |   |--- feature_13 <= 2.00
|   |   |   |   |   |   |   |   |   |   |   |--- truncated branch of depth 4
|   |   |   |   |   |   |   |   |   |   |--- feature_13 >  2.00
|   |   |   |   |   |   |   |   |   |   |   |--- truncated branch of depth 10
|   |   |   |   |   |   |   |   |   |--- feature_13 >  4.00
|   |   |   |   |   |   |   |   |   |   |--- class: positive
|   |   |   |   |   |   |   |   |--- feature_13 >  5.00
|   |   |   |   |   |   |   |   |   |--- feature_1 <= 59.50
|   |   |   |   |   |   |   |   |   |   |--- feature_13 <= 5.01
|   |   |   |   |   |   |   |   |   |   |   |--- truncated branch of depth 3
|   |   |   |   |   |   |   |   |   |   |--- feature_13 >  5.01
|   |   |   |   |   |   |   |   |   |   |   |--- truncated branch of depth 6
|   |   |   |   |   |   |   |   |   |--- feature_1 >  59.50
|   |   |   |   |   |   |   |   |   |   |--- feature_1 <= 147.50
|   |   |   |   |   |   |   |   |   |   |   |--- truncated branch of depth 8
|   |   |   |   |   |   |   |   |   |   |--- feature_1 >  147.50
|   |   |   |   |   |   |   |   |   |   |   |--- truncated branch of depth 8
|   |   |   |   |   |   |--- feature_12 >  40.47
|   |   |   |   |   |   |   |--- feature_23 <= 0.03
|   |   |   |   |   |   |   |   |--- feature_12 <= 48.94
|   |   |   |   |   |   |   |   |   |--- feature_1 <= 864.00
|   |   |   |   |   |   |   |   |   |   |--- feature_13 <= 2.50
|   |   |   |   |   |   |   |   |   |   |   |--- truncated branch of depth 3
|   |   |   |   |   |   |   |   |   |   |--- feature_13 >  2.50
|   |   |   |   |   |   |   |   |   |   |   |--- truncated branch of depth 6
|   |   |   |   |   |   |   |   |   |--- feature_1 >  864.00
|   |   |   |   |   |   |   |   |   |   |--- feature_10 <= 7.95
|   |   |   |   |   |   |   |   |   |   |   |--- truncated branch of depth 2
|   |   |   |   |   |   |   |   |   |   |--- feature_10 >  7.95
|   |   |   |   |   |   |   |   |   |   |   |--- truncated branch of depth 7
|   |   |   |   |   |   |   |   |--- feature_12 >  48.94
|   |   |   |   |   |   |   |   |   |--- feature_1 <= 1235.50
|   |   |   |   |   |   |   |   |   |   |--- feature_49 <= 0.55
|   |   |   |   |   |   |   |   |   |   |   |--- truncated branch of depth 3
|   |   |   |   |   |   |   |   |   |   |--- feature_49 >  0.55
|   |   |   |   |   |   |   |   |   |   |   |--- class: negative
|   |   |   |   |   |   |   |   |   |--- feature_1 >  1235.50
|   |   |   |   |   |   |   |   |   |   |--- feature_14 <= 3.00
|   |   |   |   |   |   |   |   |   |   |   |--- class: negative
|   |   |   |   |   |   |   |   |   |   |--- feature_14 >  3.00
|   |   |   |   |   |   |   |   |   |   |   |--- class: positive
|   |   |   |   |   |   |   |--- feature_23 >  0.03
|   |   |   |   |   |   |   |   |--- feature_23 <= 1.00
|   |   |   |   |   |   |   |   |   |--- class: positive
|   |   |   |   |   |   |   |   |--- feature_23 >  1.00
|   |   |   |   |   |   |   |   |   |--- feature_11 <= 9.40
|   |   |   |   |   |   |   |   |   |   |--- class: negative
|   |   |   |   |   |   |   |   |   |--- feature_11 >  9.40
|   |   |   |   |   |   |   |   |   |   |--- feature_7 <= 47.50
|   |   |   |   |   |   |   |   |   |   |   |--- truncated branch of depth 4
|   |   |   |   |   |   |   |   |   |   |--- feature_7 >  47.50
|   |   |   |   |   |   |   |   |   |   |   |--- class: positive
|   |   |   |   |   |--- feature_32 >  0.00
|   |   |   |   |   |   |--- feature_23 <= 1.00
|   |   |   |   |   |   |   |--- feature_23 <= 0.00
|   |   |   |   |   |   |   |   |--- feature_1 <= 24094.50
|   |   |   |   |   |   |   |   |   |--- feature_1 <= 17118.00
|   |   |   |   |   |   |   |   |   |   |--- feature_12 <= 65.70
|   |   |   |   |   |   |   |   |   |   |   |--- truncated branch of depth 8
|   |   |   |   |   |   |   |   |   |   |--- feature_12 >  65.70
|   |   |   |   |   |   |   |   |   |   |   |--- class: positive
|   |   |   |   |   |   |   |   |   |--- feature_1 >  17118.00
|   |   |   |   |   |   |   |   |   |   |--- feature_7 <= 0.50
|   |   |   |   |   |   |   |   |   |   |   |--- truncated branch of depth 6
|   |   |   |   |   |   |   |   |   |   |--- feature_7 >  0.50
|   |   |   |   |   |   |   |   |   |   |   |--- truncated branch of depth 4
|   |   |   |   |   |   |   |   |--- feature_1 >  24094.50
|   |   |   |   |   |   |   |   |   |--- class: negative
|   |   |   |   |   |   |   |--- feature_23 >  0.00
|   |   |   |   |   |   |   |   |--- class: positive
|   |   |   |   |   |   |--- feature_23 >  1.00
|   |   |   |   |   |   |   |--- feature_12 <= 47.35
|   |   |   |   |   |   |   |   |--- feature_8 <= 4.50
|   |   |   |   |   |   |   |   |   |--- feature_9 <= 22.02
|   |   |   |   |   |   |   |   |   |   |--- class: negative
|   |   |   |   |   |   |   |   |   |--- feature_9 >  22.02
|   |   |   |   |   |   |   |   |   |   |--- class: positive
|   |   |   |   |   |   |   |   |--- feature_8 >  4.50
|   |   |   |   |   |   |   |   |   |--- feature_10 <= 79.65
|   |   |   |   |   |   |   |   |   |   |--- class: positive
|   |   |   |   |   |   |   |   |   |--- feature_10 >  79.65
|   |   |   |   |   |   |   |   |   |   |--- class: negative
|   |   |   |   |   |   |   |--- feature_12 >  47.35
|   |   |   |   |   |   |   |   |--- feature_13 <= 6.53
|   |   |   |   |   |   |   |   |   |--- feature_12 <= 57.15
|   |   |   |   |   |   |   |   |   |   |--- feature_1 <= 14986.50
|   |   |   |   |   |   |   |   |   |   |   |--- class: negative
|   |   |   |   |   |   |   |   |   |   |--- feature_1 >  14986.50
|   |   |   |   |   |   |   |   |   |   |   |--- class: positive
|   |   |   |   |   |   |   |   |   |--- feature_12 >  57.15
|   |   |   |   |   |   |   |   |   |   |--- class: negative
|   |   |   |   |   |   |   |   |--- feature_13 >  6.53
|   |   |   |   |   |   |   |   |   |--- feature_10 <= 55.10
|   |   |   |   |   |   |   |   |   |   |--- feature_1 <= 12694.00
|   |   |   |   |   |   |   |   |   |   |   |--- truncated branch of depth 2
|   |   |   |   |   |   |   |   |   |   |--- feature_1 >  12694.00
|   |   |   |   |   |   |   |   |   |   |   |--- class: negative
|   |   |   |   |   |   |   |   |   |--- feature_10 >  55.10
|   |   |   |   |   |   |   |   |   |   |--- class: negative
|   |   |   |   |--- feature_17 >  0.00
|   |   |   |   |   |--- class: positive
|   |   |   |--- feature_17 >  1.00
|   |   |   |   |--- feature_7 <= 0.50
|   |   |   |   |   |--- feature_13 <= 5.00
|   |   |   |   |   |   |--- feature_49 <= 0.00
|   |   |   |   |   |   |   |--- feature_13 <= 4.02
|   |   |   |   |   |   |   |   |--- feature_10 <= 22.80
|   |   |   |   |   |   |   |   |   |--- feature_43 <= 0.10
|   |   |   |   |   |   |   |   |   |   |--- feature_11 <= 4.85
|   |   |   |   |   |   |   |   |   |   |   |--- truncated branch of depth 3
|   |   |   |   |   |   |   |   |   |   |--- feature_11 >  4.85
|   |   |   |   |   |   |   |   |   |   |   |--- class: negative
|   |   |   |   |   |   |   |   |   |--- feature_43 >  0.10
|   |   |   |   |   |   |   |   |   |   |--- feature_0 <= 1931.50
|   |   |   |   |   |   |   |   |   |   |   |--- class: negative
|   |   |   |   |   |   |   |   |   |   |--- feature_0 >  1931.50
|   |   |   |   |   |   |   |   |   |   |   |--- class: positive
|   |   |   |   |   |   |   |   |--- feature_10 >  22.80
|   |   |   |   |   |   |   |   |   |--- feature_12 <= 23.85
|   |   |   |   |   |   |   |   |   |   |--- class: positive
|   |   |   |   |   |   |   |   |   |--- feature_12 >  23.85
|   |   |   |   |   |   |   |   |   |   |--- class: negative
|   |   |   |   |   |   |   |--- feature_13 >  4.02
|   |   |   |   |   |   |   |   |--- class: positive
|   |   |   |   |   |   |--- feature_49 >  0.00
|   |   |   |   |   |   |   |--- feature_49 <= 1.00
|   |   |   |   |   |   |   |   |--- class: positive
|   |   |   |   |   |   |   |--- feature_49 >  1.00
|   |   |   |   |   |   |   |   |--- feature_14 <= 1.50
|   |   |   |   |   |   |   |   |   |--- feature_1 <= 155.00
|   |   |   |   |   |   |   |   |   |   |--- feature_0 <= 1918.00
|   |   |   |   |   |   |   |   |   |   |   |--- truncated branch of depth 2
|   |   |   |   |   |   |   |   |   |   |--- feature_0 >  1918.00
|   |   |   |   |   |   |   |   |   |   |   |--- class: negative
|   |   |   |   |   |   |   |   |   |--- feature_1 >  155.00
|   |   |   |   |   |   |   |   |   |   |--- class: positive
|   |   |   |   |   |   |   |   |--- feature_14 >  1.50
|   |   |   |   |   |   |   |   |   |--- feature_9 <= 6.45
|   |   |   |   |   |   |   |   |   |   |--- class: positive
|   |   |   |   |   |   |   |   |   |--- feature_9 >  6.45
|   |   |   |   |   |   |   |   |   |   |--- feature_0 <= 1945.00
|   |   |   |   |   |   |   |   |   |   |   |--- class: negative
|   |   |   |   |   |   |   |   |   |   |--- feature_0 >  1945.00
|   |   |   |   |   |   |   |   |   |   |   |--- truncated branch of depth 2
|   |   |   |   |   |--- feature_13 >  5.00
|   |   |   |   |   |   |--- feature_11 <= 15.65
|   |   |   |   |   |   |   |--- feature_0 <= 1964.50
|   |   |   |   |   |   |   |   |--- feature_12 <= 76.50
|   |   |   |   |   |   |   |   |   |--- feature_0 <= 1931.50
|   |   |   |   |   |   |   |   |   |   |--- class: negative
|   |   |   |   |   |   |   |   |   |--- feature_0 >  1931.50
|   |   |   |   |   |   |   |   |   |   |--- feature_12 <= 39.15
|   |   |   |   |   |   |   |   |   |   |   |--- truncated branch of depth 6
|   |   |   |   |   |   |   |   |   |   |--- feature_12 >  39.15
|   |   |   |   |   |   |   |   |   |   |   |--- class: negative
|   |   |   |   |   |   |   |   |--- feature_12 >  76.50
|   |   |   |   |   |   |   |   |   |--- class: positive
|   |   |   |   |   |   |   |--- feature_0 >  1964.50
|   |   |   |   |   |   |   |   |--- feature_12 <= 40.80
|   |   |   |   |   |   |   |   |   |--- feature_1 <= 56.00
|   |   |   |   |   |   |   |   |   |   |--- class: positive
|   |   |   |   |   |   |   |   |   |--- feature_1 >  56.00
|   |   |   |   |   |   |   |   |   |   |--- feature_12 <= 13.50
|   |   |   |   |   |   |   |   |   |   |   |--- class: positive
|   |   |   |   |   |   |   |   |   |   |--- feature_12 >  13.50
|   |   |   |   |   |   |   |   |   |   |   |--- truncated branch of depth 3
|   |   |   |   |   |   |   |   |--- feature_12 >  40.80
|   |   |   |   |   |   |   |   |   |--- feature_12 <= 42.75
|   |   |   |   |   |   |   |   |   |   |--- class: positive
|   |   |   |   |   |   |   |   |   |--- feature_12 >  42.75
|   |   |   |   |   |   |   |   |   |   |--- class: negative
|   |   |   |   |   |   |--- feature_11 >  15.65
|   |   |   |   |   |   |   |--- feature_11 <= 23.55
|   |   |   |   |   |   |   |   |--- class: positive
|   |   |   |   |   |   |   |--- feature_11 >  23.55
|   |   |   |   |   |   |   |   |--- class: negative
|   |   |   |   |--- feature_7 >  0.50
|   |   |   |   |   |--- feature_47 <= 0.00
|   |   |   |   |   |   |--- feature_7 <= 9.50
|   |   |   |   |   |   |   |--- feature_41 <= 0.96
|   |   |   |   |   |   |   |   |--- class: positive
|   |   |   |   |   |   |   |--- feature_41 >  0.96
|   |   |   |   |   |   |   |   |--- class: negative
|   |   |   |   |   |   |--- feature_7 >  9.50
|   |   |   |   |   |   |   |--- feature_12 <= 40.05
|   |   |   |   |   |   |   |   |--- feature_9 <= 9.15
|   |   |   |   |   |   |   |   |   |--- feature_12 <= 35.55
|   |   |   |   |   |   |   |   |   |   |--- class: negative
|   |   |   |   |   |   |   |   |   |--- feature_12 >  35.55
|   |   |   |   |   |   |   |   |   |   |--- feature_2 <= 5.50
|   |   |   |   |   |   |   |   |   |   |   |--- class: negative
|   |   |   |   |   |   |   |   |   |   |--- feature_2 >  5.50
|   |   |   |   |   |   |   |   |   |   |   |--- truncated branch of depth 3
|   |   |   |   |   |   |   |   |--- feature_9 >  9.15
|   |   |   |   |   |   |   |   |   |--- feature_11 <= 11.38
|   |   |   |   |   |   |   |   |   |   |--- feature_9 <= 9.50
|   |   |   |   |   |   |   |   |   |   |   |--- class: positive
|   |   |   |   |   |   |   |   |   |   |--- feature_9 >  9.50
|   |   |   |   |   |   |   |   |   |   |   |--- truncated branch of depth 9
|   |   |   |   |   |   |   |   |   |--- feature_11 >  11.38
|   |   |   |   |   |   |   |   |   |   |--- class: negative
|   |   |   |   |   |   |   |--- feature_12 >  40.05
|   |   |   |   |   |   |   |   |--- feature_13 <= 7.50
|   |   |   |   |   |   |   |   |   |--- class: negative
|   |   |   |   |   |   |   |   |--- feature_13 >  7.50
|   |   |   |   |   |   |   |   |   |--- feature_10 <= 9.85
|   |   |   |   |   |   |   |   |   |   |--- feature_11 <= 10.15
|   |   |   |   |   |   |   |   |   |   |   |--- class: positive
|   |   |   |   |   |   |   |   |   |   |--- feature_11 >  10.15
|   |   |   |   |   |   |   |   |   |   |   |--- class: negative
|   |   |   |   |   |   |   |   |   |--- feature_10 >  9.85
|   |   |   |   |   |   |   |   |   |   |--- feature_9 <= 21.30
|   |   |   |   |   |   |   |   |   |   |   |--- class: negative
|   |   |   |   |   |   |   |   |   |   |--- feature_9 >  21.30
|   |   |   |   |   |   |   |   |   |   |   |--- class: positive
|   |   |   |   |   |--- feature_47 >  0.00
|   |   |   |   |   |   |--- feature_47 <= 0.99
|   |   |   |   |   |   |   |--- class: positive
|   |   |   |   |   |   |--- feature_47 >  0.99
|   |   |   |   |   |   |   |--- feature_1 <= 100.50
|   |   |   |   |   |   |   |   |--- feature_13 <= 3.50
|   |   |   |   |   |   |   |   |   |--- class: negative
|   |   |   |   |   |   |   |   |--- feature_13 >  3.50
|   |   |   |   |   |   |   |   |   |--- feature_10 <= 8.71
|   |   |   |   |   |   |   |   |   |   |--- feature_9 <= 6.15
|   |   |   |   |   |   |   |   |   |   |   |--- truncated branch of depth 2
|   |   |   |   |   |   |   |   |   |   |--- feature_9 >  6.15
|   |   |   |   |   |   |   |   |   |   |   |--- class: positive
|   |   |   |   |   |   |   |   |   |--- feature_10 >  8.71
|   |   |   |   |   |   |   |   |   |   |--- feature_7 <= 7.00
|   |   |   |   |   |   |   |   |   |   |   |--- class: positive
|   |   |   |   |   |   |   |   |   |   |--- feature_7 >  7.00
|   |   |   |   |   |   |   |   |   |   |   |--- class: negative
|   |   |   |   |   |   |   |--- feature_1 >  100.50
|   |   |   |   |   |   |   |   |--- feature_9 <= 6.15
|   |   |   |   |   |   |   |   |   |--- feature_1 <= 1545.00
|   |   |   |   |   |   |   |   |   |   |--- feature_2 <= 5.50
|   |   |   |   |   |   |   |   |   |   |   |--- truncated branch of depth 4
|   |   |   |   |   |   |   |   |   |   |--- feature_2 >  5.50
|   |   |   |   |   |   |   |   |   |   |   |--- class: positive
|   |   |   |   |   |   |   |   |   |--- feature_1 >  1545.00
|   |   |   |   |   |   |   |   |   |   |--- class: negative
|   |   |   |   |   |   |   |   |--- feature_9 >  6.15
|   |   |   |   |   |   |   |   |   |--- class: negative
|   |   |--- feature_0 >  1973.50
|   |   |   |--- feature_12 <= 40.44
|   |   |   |   |--- feature_49 <= 0.90
|   |   |   |   |   |--- feature_49 <= 0.02
|   |   |   |   |   |   |--- feature_13 <= 7.88
|   |   |   |   |   |   |   |--- feature_7 <= 7.50
|   |   |   |   |   |   |   |   |--- feature_13 <= 5.13
|   |   |   |   |   |   |   |   |   |--- feature_11 <= 5.95
|   |   |   |   |   |   |   |   |   |   |--- class: negative
|   |   |   |   |   |   |   |   |   |--- feature_11 >  5.95
|   |   |   |   |   |   |   |   |   |   |--- feature_20 <= 0.92
|   |   |   |   |   |   |   |   |   |   |   |--- truncated branch of depth 4
|   |   |   |   |   |   |   |   |   |   |--- feature_20 >  0.92
|   |   |   |   |   |   |   |   |   |   |   |--- truncated branch of depth 3
|   |   |   |   |   |   |   |   |--- feature_13 >  5.13
|   |   |   |   |   |   |   |   |   |--- feature_11 <= 7.88
|   |   |   |   |   |   |   |   |   |   |--- feature_0 <= 1996.00
|   |   |   |   |   |   |   |   |   |   |   |--- class: positive
|   |   |   |   |   |   |   |   |   |   |--- feature_0 >  1996.00
|   |   |   |   |   |   |   |   |   |   |   |--- class: negative
|   |   |   |   |   |   |   |   |   |--- feature_11 >  7.88
|   |   |   |   |   |   |   |   |   |   |--- class: negative
|   |   |   |   |   |   |   |--- feature_7 >  7.50
|   |   |   |   |   |   |   |   |--- feature_0 <= 1975.50
|   |   |   |   |   |   |   |   |   |--- feature_2 <= 3.50
|   |   |   |   |   |   |   |   |   |   |--- feature_12 <= 11.25
|   |   |   |   |   |   |   |   |   |   |   |--- class: negative
|   |   |   |   |   |   |   |   |   |   |--- feature_12 >  11.25
|   |   |   |   |   |   |   |   |   |   |   |--- class: positive
|   |   |   |   |   |   |   |   |   |--- feature_2 >  3.50
|   |   |   |   |   |   |   |   |   |   |--- class: negative
|   |   |   |   |   |   |   |   |--- feature_0 >  1975.50
|   |   |   |   |   |   |   |   |   |--- class: negative
|   |   |   |   |   |   |--- feature_13 >  7.88
|   |   |   |   |   |   |   |--- feature_12 <= 7.65
|   |   |   |   |   |   |   |   |--- class: positive
|   |   |   |   |   |   |   |--- feature_12 >  7.65
|   |   |   |   |   |   |   |   |--- class: negative
|   |   |   |   |   |--- feature_49 >  0.02
|   |   |   |   |   |   |--- class: positive
|   |   |   |   |--- feature_49 >  0.90
|   |   |   |   |   |--- class: negative
|   |   |   |--- feature_12 >  40.44
|   |   |   |   |--- feature_11 <= 23.25
|   |   |   |   |   |--- feature_24 <= 0.50
|   |   |   |   |   |   |--- class: negative
|   |   |   |   |   |--- feature_24 >  0.50
|   |   |   |   |   |   |--- feature_0 <= 1977.50
|   |   |   |   |   |   |   |--- class: positive
|   |   |   |   |   |   |--- feature_0 >  1977.50
|   |   |   |   |   |   |   |--- class: negative
|   |   |   |   |--- feature_11 >  23.25
|   |   |   |   |   |--- feature_9 <= 56.10
|   |   |   |   |   |   |--- class: positive
|   |   |   |   |   |--- feature_9 >  56.10
|   |   |   |   |   |   |--- class: negative
|   |--- feature_31 >  0.00
|   |   |--- class: positive
|--- feature_31 >  1.00
|   |--- feature_12 <= 44.10
|   |   |--- feature_0 <= 1986.50
|   |   |   |--- feature_39 <= 0.01
|   |   |   |   |--- feature_11 <= 8.51
|   |   |   |   |   |--- feature_10 <= 11.11
|   |   |   |   |   |   |--- feature_11 <= 6.69
|   |   |   |   |   |   |   |--- feature_10 <= 9.04
|   |   |   |   |   |   |   |   |--- feature_7 <= 15.00
|   |   |   |   |   |   |   |   |   |--- class: negative
|   |   |   |   |   |   |   |   |--- feature_7 >  15.00
|   |   |   |   |   |   |   |   |   |--- feature_1 <= 84.00
|   |   |   |   |   |   |   |   |   |   |--- class: negative
|   |   |   |   |   |   |   |   |   |--- feature_1 >  84.00
|   |   |   |   |   |   |   |   |   |   |--- class: positive
|   |   |   |   |   |   |   |--- feature_10 >  9.04
|   |   |   |   |   |   |   |   |--- feature_11 <= 5.95
|   |   |   |   |   |   |   |   |   |--- class: negative
|   |   |   |   |   |   |   |   |--- feature_11 >  5.95
|   |   |   |   |   |   |   |   |   |--- feature_11 <= 6.20
|   |   |   |   |   |   |   |   |   |   |--- class: positive
|   |   |   |   |   |   |   |   |   |--- feature_11 >  6.20
|   |   |   |   |   |   |   |   |   |   |--- feature_12 <= 39.59
|   |   |   |   |   |   |   |   |   |   |   |--- class: positive
|   |   |   |   |   |   |   |   |   |   |--- feature_12 >  39.59
|   |   |   |   |   |   |   |   |   |   |   |--- truncated branch of depth 2
|   |   |   |   |   |   |--- feature_11 >  6.69
|   |   |   |   |   |   |   |--- feature_0 <= 1961.50
|   |   |   |   |   |   |   |   |--- feature_1 <= 230.50
|   |   |   |   |   |   |   |   |   |--- class: negative
|   |   |   |   |   |   |   |   |--- feature_1 >  230.50
|   |   |   |   |   |   |   |   |   |--- feature_1 <= 319.50
|   |   |   |   |   |   |   |   |   |   |--- class: positive
|   |   |   |   |   |   |   |   |   |--- feature_1 >  319.50
|   |   |   |   |   |   |   |   |   |   |--- class: negative
|   |   |   |   |   |   |   |--- feature_0 >  1961.50
|   |   |   |   |   |   |   |   |--- feature_12 <= 42.30
|   |   |   |   |   |   |   |   |   |--- class: negative
|   |   |   |   |   |   |   |   |--- feature_12 >  42.30
|   |   |   |   |   |   |   |   |   |--- feature_0 <= 1977.50
|   |   |   |   |   |   |   |   |   |   |--- feature_7 <= 22.50
|   |   |   |   |   |   |   |   |   |   |   |--- class: positive
|   |   |   |   |   |   |   |   |   |   |--- feature_7 >  22.50
|   |   |   |   |   |   |   |   |   |   |   |--- class: negative
|   |   |   |   |   |   |   |   |   |--- feature_0 >  1977.50
|   |   |   |   |   |   |   |   |   |   |--- class: negative
|   |   |   |   |   |--- feature_10 >  11.11
|   |   |   |   |   |   |--- feature_22 <= 0.04
|   |   |   |   |   |   |   |--- feature_1 <= 581.50
|   |   |   |   |   |   |   |   |--- feature_7 <= 2.50
|   |   |   |   |   |   |   |   |   |--- feature_7 <= 0.50
|   |   |   |   |   |   |   |   |   |   |--- feature_17 <= 0.47
|   |   |   |   |   |   |   |   |   |   |   |--- truncated branch of depth 6
|   |   |   |   |   |   |   |   |   |   |--- feature_17 >  0.47
|   |   |   |   |   |   |   |   |   |   |   |--- truncated branch of depth 4
|   |   |   |   |   |   |   |   |   |--- feature_7 >  0.50
|   |   |   |   |   |   |   |   |   |   |--- class: positive
|   |   |   |   |   |   |   |   |--- feature_7 >  2.50
|   |   |   |   |   |   |   |   |   |--- class: negative
|   |   |   |   |   |   |   |--- feature_1 >  581.50
|   |   |   |   |   |   |   |   |--- feature_1 <= 595.00
|   |   |   |   |   |   |   |   |   |--- feature_10 <= 38.14
|   |   |   |   |   |   |   |   |   |   |--- class: positive
|   |   |   |   |   |   |   |   |   |--- feature_10 >  38.14
|   |   |   |   |   |   |   |   |   |   |--- class: negative
|   |   |   |   |   |   |   |   |--- feature_1 >  595.00
|   |   |   |   |   |   |   |   |   |--- feature_11 <= 7.25
|   |   |   |   |   |   |   |   |   |   |--- feature_1 <= 2135.00
|   |   |   |   |   |   |   |   |   |   |   |--- class: negative
|   |   |   |   |   |   |   |   |   |   |--- feature_1 >  2135.00
|   |   |   |   |   |   |   |   |   |   |   |--- truncated branch of depth 2
|   |   |   |   |   |   |   |   |   |--- feature_11 >  7.25
|   |   |   |   |   |   |   |   |   |   |--- feature_7 <= 28.50
|   |   |   |   |   |   |   |   |   |   |   |--- class: negative
|   |   |   |   |   |   |   |   |   |   |--- feature_7 >  28.50
|   |   |   |   |   |   |   |   |   |   |   |--- truncated branch of depth 3
|   |   |   |   |   |   |--- feature_22 >  0.04
|   |   |   |   |   |   |   |--- feature_22 <= 0.93
|   |   |   |   |   |   |   |   |--- class: positive
|   |   |   |   |   |   |   |--- feature_22 >  0.93
|   |   |   |   |   |   |   |   |--- feature_12 <= 21.60
|   |   |   |   |   |   |   |   |   |--- feature_49 <= 0.50
|   |   |   |   |   |   |   |   |   |   |--- class: negative
|   |   |   |   |   |   |   |   |   |--- feature_49 >  0.50
|   |   |   |   |   |   |   |   |   |   |--- class: positive
|   |   |   |   |   |   |   |   |--- feature_12 >  21.60
|   |   |   |   |   |   |   |   |   |--- class: negative
|   |   |   |   |--- feature_11 >  8.51
|   |   |   |   |   |--- feature_2 <= 6.50
|   |   |   |   |   |   |--- feature_12 <= 25.20
|   |   |   |   |   |   |   |--- feature_0 <= 1954.50
|   |   |   |   |   |   |   |   |--- class: negative
|   |   |   |   |   |   |   |--- feature_0 >  1954.50
|   |   |   |   |   |   |   |   |--- class: positive
|   |   |   |   |   |   |--- feature_12 >  25.20
|   |   |   |   |   |   |   |--- feature_13 <= 3.68
|   |   |   |   |   |   |   |   |--- feature_47 <= 0.50
|   |   |   |   |   |   |   |   |   |--- class: positive
|   |   |   |   |   |   |   |   |--- feature_47 >  0.50
|   |   |   |   |   |   |   |   |   |--- class: negative
|   |   |   |   |   |   |   |--- feature_13 >  3.68
|   |   |   |   |   |   |   |   |--- feature_21 <= 0.07
|   |   |   |   |   |   |   |   |   |--- feature_11 <= 8.56
|   |   |   |   |   |   |   |   |   |   |--- class: positive
|   |   |   |   |   |   |   |   |   |--- feature_11 >  8.56
|   |   |   |   |   |   |   |   |   |   |--- feature_9 <= 38.54
|   |   |   |   |   |   |   |   |   |   |   |--- class: negative
|   |   |   |   |   |   |   |   |   |   |--- feature_9 >  38.54
|   |   |   |   |   |   |   |   |   |   |   |--- truncated branch of depth 2
|   |   |   |   |   |   |   |   |--- feature_21 >  0.07
|   |   |   |   |   |   |   |   |   |--- feature_18 <= 0.02
|   |   |   |   |   |   |   |   |   |   |--- feature_0 <= 1967.00
|   |   |   |   |   |   |   |   |   |   |   |--- truncated branch of depth 2
|   |   |   |   |   |   |   |   |   |   |--- feature_0 >  1967.00
|   |   |   |   |   |   |   |   |   |   |   |--- class: negative
|   |   |   |   |   |   |   |   |   |--- feature_18 >  0.02
|   |   |   |   |   |   |   |   |   |   |--- class: positive
|   |   |   |   |   |--- feature_2 >  6.50
|   |   |   |   |   |   |--- feature_1 <= 9141.50
|   |   |   |   |   |   |   |--- feature_1 <= 877.00
|   |   |   |   |   |   |   |   |--- class: negative
|   |   |   |   |   |   |   |--- feature_1 >  877.00
|   |   |   |   |   |   |   |   |--- feature_21 <= 1.00
|   |   |   |   |   |   |   |   |   |--- feature_10 <= 31.06
|   |   |   |   |   |   |   |   |   |   |--- feature_1 <= 2932.00
|   |   |   |   |   |   |   |   |   |   |   |--- class: negative
|   |   |   |   |   |   |   |   |   |   |--- feature_1 >  2932.00
|   |   |   |   |   |   |   |   |   |   |   |--- truncated branch of depth 4
|   |   |   |   |   |   |   |   |   |--- feature_10 >  31.06
|   |   |   |   |   |   |   |   |   |   |--- feature_23 <= 0.99
|   |   |   |   |   |   |   |   |   |   |   |--- truncated branch of depth 6
|   |   |   |   |   |   |   |   |   |   |--- feature_23 >  0.99
|   |   |   |   |   |   |   |   |   |   |   |--- class: negative
|   |   |   |   |   |   |   |   |--- feature_21 >  1.00
|   |   |   |   |   |   |   |   |   |--- feature_12 <= 31.95
|   |   |   |   |   |   |   |   |   |   |--- class: positive
|   |   |   |   |   |   |   |   |   |--- feature_12 >  31.95
|   |   |   |   |   |   |   |   |   |   |--- class: negative
|   |   |   |   |   |   |--- feature_1 >  9141.50
|   |   |   |   |   |   |   |--- feature_1 <= 30846.00
|   |   |   |   |   |   |   |   |--- class: negative
|   |   |   |   |   |   |   |--- feature_1 >  30846.00
|   |   |   |   |   |   |   |   |--- class: positive
|   |   |   |--- feature_39 >  0.01
|   |   |   |   |--- feature_39 <= 1.00
|   |   |   |   |   |--- class: positive
|   |   |   |   |--- feature_39 >  1.00
|   |   |   |   |   |--- feature_11 <= 7.20
|   |   |   |   |   |   |--- feature_13 <= 7.97
|   |   |   |   |   |   |   |--- feature_1 <= 313.00
|   |   |   |   |   |   |   |   |--- feature_10 <= 10.32
|   |   |   |   |   |   |   |   |   |--- feature_13 <= 7.22
|   |   |   |   |   |   |   |   |   |   |--- feature_1 <= 303.50
|   |   |   |   |   |   |   |   |   |   |   |--- truncated branch of depth 3
|   |   |   |   |   |   |   |   |   |   |--- feature_1 >  303.50
|   |   |   |   |   |   |   |   |   |   |   |--- class: positive
|   |   |   |   |   |   |   |   |   |--- feature_13 >  7.22
|   |   |   |   |   |   |   |   |   |   |--- class: positive
|   |   |   |   |   |   |   |   |--- feature_10 >  10.32
|   |   |   |   |   |   |   |   |   |--- feature_10 <= 22.65
|   |   |   |   |   |   |   |   |   |   |--- feature_13 <= 5.02
|   |   |   |   |   |   |   |   |   |   |   |--- truncated branch of depth 7
|   |   |   |   |   |   |   |   |   |   |--- feature_13 >  5.02
|   |   |   |   |   |   |   |   |   |   |   |--- truncated branch of depth 3
|   |   |   |   |   |   |   |   |   |--- feature_10 >  22.65
|   |   |   |   |   |   |   |   |   |   |--- class: negative
|   |   |   |   |   |   |   |--- feature_1 >  313.00
|   |   |   |   |   |   |   |   |--- feature_2 <= 3.50
|   |   |   |   |   |   |   |   |   |--- feature_1 <= 416.00
|   |   |   |   |   |   |   |   |   |   |--- class: positive
|   |   |   |   |   |   |   |   |   |--- feature_1 >  416.00
|   |   |   |   |   |   |   |   |   |   |--- feature_9 <= 9.10
|   |   |   |   |   |   |   |   |   |   |   |--- truncated branch of depth 2
|   |   |   |   |   |   |   |   |   |   |--- feature_9 >  9.10
|   |   |   |   |   |   |   |   |   |   |   |--- class: negative
|   |   |   |   |   |   |   |   |--- feature_2 >  3.50
|   |   |   |   |   |   |   |   |   |--- class: negative
|   |   |   |   |   |   |--- feature_13 >  7.97
|   |   |   |   |   |   |   |--- feature_10 <= 16.85
|   |   |   |   |   |   |   |   |--- feature_1 <= 215.50
|   |   |   |   |   |   |   |   |   |--- feature_1 <= 123.50
|   |   |   |   |   |   |   |   |   |   |--- feature_10 <= 16.35
|   |   |   |   |   |   |   |   |   |   |   |--- truncated branch of depth 3
|   |   |   |   |   |   |   |   |   |   |--- feature_10 >  16.35
|   |   |   |   |   |   |   |   |   |   |   |--- truncated branch of depth 2
|   |   |   |   |   |   |   |   |   |--- feature_1 >  123.50
|   |   |   |   |   |   |   |   |   |   |--- feature_10 <= 11.35
|   |   |   |   |   |   |   |   |   |   |   |--- class: negative
|   |   |   |   |   |   |   |   |   |   |--- feature_10 >  11.35
|   |   |   |   |   |   |   |   |   |   |   |--- truncated branch of depth 2
|   |   |   |   |   |   |   |   |--- feature_1 >  215.50
|   |   |   |   |   |   |   |   |   |--- class: negative
|   |   |   |   |   |   |   |--- feature_10 >  16.85
|   |   |   |   |   |   |   |   |--- class: negative
|   |   |   |   |   |--- feature_11 >  7.20
|   |   |   |   |   |   |--- feature_13 <= 5.06
|   |   |   |   |   |   |   |--- feature_13 <= 4.97
|   |   |   |   |   |   |   |   |--- feature_13 <= 4.02
|   |   |   |   |   |   |   |   |   |--- feature_0 <= 1985.00
|   |   |   |   |   |   |   |   |   |   |--- feature_11 <= 9.40
|   |   |   |   |   |   |   |   |   |   |   |--- class: negative
|   |   |   |   |   |   |   |   |   |   |--- feature_11 >  9.40
|   |   |   |   |   |   |   |   |   |   |   |--- truncated branch of depth 2
|   |   |   |   |   |   |   |   |   |--- feature_0 >  1985.00
|   |   |   |   |   |   |   |   |   |   |--- class: positive
|   |   |   |   |   |   |   |   |--- feature_13 >  4.02
|   |   |   |   |   |   |   |   |   |--- class: positive
|   |   |   |   |   |   |   |--- feature_13 >  4.97
|   |   |   |   |   |   |   |   |--- feature_12 <= 40.09
|   |   |   |   |   |   |   |   |   |--- feature_0 <= 1969.50
|   |   |   |   |   |   |   |   |   |   |--- feature_1 <= 3844.50
|   |   |   |   |   |   |   |   |   |   |   |--- class: negative
|   |   |   |   |   |   |   |   |   |   |--- feature_1 >  3844.50
|   |   |   |   |   |   |   |   |   |   |   |--- truncated branch of depth 2
|   |   |   |   |   |   |   |   |   |--- feature_0 >  1969.50
|   |   |   |   |   |   |   |   |   |   |--- feature_0 <= 1977.50
|   |   |   |   |   |   |   |   |   |   |   |--- truncated branch of depth 6
|   |   |   |   |   |   |   |   |   |   |--- feature_0 >  1977.50
|   |   |   |   |   |   |   |   |   |   |   |--- class: negative
|   |   |   |   |   |   |   |   |--- feature_12 >  40.09
|   |   |   |   |   |   |   |   |   |--- feature_0 <= 1920.50
|   |   |   |   |   |   |   |   |   |   |--- feature_2 <= 9.00
|   |   |   |   |   |   |   |   |   |   |   |--- class: negative
|   |   |   |   |   |   |   |   |   |   |--- feature_2 >  9.00
|   |   |   |   |   |   |   |   |   |   |   |--- class: positive
|   |   |   |   |   |   |   |   |   |--- feature_0 >  1920.50
|   |   |   |   |   |   |   |   |   |   |--- feature_1 <= 107.50
|   |   |   |   |   |   |   |   |   |   |   |--- truncated branch of depth 4
|   |   |   |   |   |   |   |   |   |   |--- feature_1 >  107.50
|   |   |   |   |   |   |   |   |   |   |   |--- class: negative
|   |   |   |   |   |   |--- feature_13 >  5.06
|   |   |   |   |   |   |   |--- feature_13 <= 6.97
|   |   |   |   |   |   |   |   |--- class: positive
|   |   |   |   |   |   |   |--- feature_13 >  6.97
|   |   |   |   |   |   |   |   |--- feature_9 <= 14.50
|   |   |   |   |   |   |   |   |   |--- feature_1 <= 1177.00
|   |   |   |   |   |   |   |   |   |   |--- feature_12 <= 29.70
|   |   |   |   |   |   |   |   |   |   |   |--- truncated branch of depth 2
|   |   |   |   |   |   |   |   |   |   |--- feature_12 >  29.70
|   |   |   |   |   |   |   |   |   |   |   |--- truncated branch of depth 3
|   |   |   |   |   |   |   |   |   |--- feature_1 >  1177.00
|   |   |   |   |   |   |   |   |   |   |--- feature_1 <= 1192.50
|   |   |   |   |   |   |   |   |   |   |   |--- truncated branch of depth 2
|   |   |   |   |   |   |   |   |   |   |--- feature_1 >  1192.50
|   |   |   |   |   |   |   |   |   |   |   |--- truncated branch of depth 7
|   |   |   |   |   |   |   |   |--- feature_9 >  14.50
|   |   |   |   |   |   |   |   |   |--- feature_13 <= 8.00
|   |   |   |   |   |   |   |   |   |   |--- feature_13 <= 7.06
|   |   |   |   |   |   |   |   |   |   |   |--- truncated branch of depth 2
|   |   |   |   |   |   |   |   |   |   |--- feature_13 >  7.06
|   |   |   |   |   |   |   |   |   |   |   |--- class: positive
|   |   |   |   |   |   |   |   |   |--- feature_13 >  8.00
|   |   |   |   |   |   |   |   |   |   |--- feature_1 <= 126.00
|   |   |   |   |   |   |   |   |   |   |   |--- truncated branch of depth 5
|   |   |   |   |   |   |   |   |   |   |--- feature_1 >  126.00
|   |   |   |   |   |   |   |   |   |   |   |--- truncated branch of depth 5
|   |   |--- feature_0 >  1986.50
|   |   |   |--- feature_13 <= 4.99
|   |   |   |   |--- feature_13 <= 4.01
|   |   |   |   |   |--- feature_2 <= 5.50
|   |   |   |   |   |   |--- class: negative
|   |   |   |   |   |--- feature_2 >  5.50
|   |   |   |   |   |   |--- feature_12 <= 42.30
|   |   |   |   |   |   |   |--- feature_7 <= 29.00
|   |   |   |   |   |   |   |   |--- class: positive
|   |   |   |   |   |   |   |--- feature_7 >  29.00
|   |   |   |   |   |   |   |   |--- class: negative
|   |   |   |   |   |   |--- feature_12 >  42.30
|   |   |   |   |   |   |   |--- class: negative
|   |   |   |   |--- feature_13 >  4.01
|   |   |   |   |   |--- class: positive
|   |   |   |--- feature_13 >  4.99
|   |   |   |   |--- feature_1 <= 316.50
|   |   |   |   |   |--- feature_7 <= 1.50
|   |   |   |   |   |   |--- class: negative
|   |   |   |   |   |--- feature_7 >  1.50
|   |   |   |   |   |   |--- feature_1 <= 52.50
|   |   |   |   |   |   |   |--- feature_18 <= 0.08
|   |   |   |   |   |   |   |   |--- class: negative
|   |   |   |   |   |   |   |--- feature_18 >  0.08
|   |   |   |   |   |   |   |   |--- feature_8 <= 2.50
|   |   |   |   |   |   |   |   |   |--- class: positive
|   |   |   |   |   |   |   |   |--- feature_8 >  2.50
|   |   |   |   |   |   |   |   |   |--- feature_9 <= 12.75
|   |   |   |   |   |   |   |   |   |   |--- class: negative
|   |   |   |   |   |   |   |   |   |--- feature_9 >  12.75
|   |   |   |   |   |   |   |   |   |   |--- class: positive
|   |   |   |   |   |   |--- feature_1 >  52.50
|   |   |   |   |   |   |   |--- feature_11 <= 6.79
|   |   |   |   |   |   |   |   |--- feature_10 <= 40.06
|   |   |   |   |   |   |   |   |   |--- class: negative
|   |   |   |   |   |   |   |   |--- feature_10 >  40.06
|   |   |   |   |   |   |   |   |   |--- class: positive
|   |   |   |   |   |   |   |--- feature_11 >  6.79
|   |   |   |   |   |   |   |   |--- feature_13 <= 7.54
|   |   |   |   |   |   |   |   |   |--- feature_13 <= 7.04
|   |   |   |   |   |   |   |   |   |   |--- feature_12 <= 41.77
|   |   |   |   |   |   |   |   |   |   |   |--- truncated branch of depth 3
|   |   |   |   |   |   |   |   |   |   |--- feature_12 >  41.77
|   |   |   |   |   |   |   |   |   |   |   |--- truncated branch of depth 2
|   |   |   |   |   |   |   |   |   |--- feature_13 >  7.04
|   |   |   |   |   |   |   |   |   |   |--- class: positive
|   |   |   |   |   |   |   |   |--- feature_13 >  7.54
|   |   |   |   |   |   |   |   |   |--- class: negative
|   |   |   |   |--- feature_1 >  316.50
|   |   |   |   |   |--- feature_1 <= 331.50
|   |   |   |   |   |   |--- feature_13 <= 6.28
|   |   |   |   |   |   |   |--- feature_39 <= 0.28
|   |   |   |   |   |   |   |   |--- class: negative
|   |   |   |   |   |   |   |--- feature_39 >  0.28
|   |   |   |   |   |   |   |   |--- feature_11 <= 7.25
|   |   |   |   |   |   |   |   |   |--- class: negative
|   |   |   |   |   |   |   |   |--- feature_11 >  7.25
|   |   |   |   |   |   |   |   |   |--- class: positive
|   |   |   |   |   |   |--- feature_13 >  6.28
|   |   |   |   |   |   |   |--- class: negative
|   |   |   |   |   |--- feature_1 >  331.50
|   |   |   |   |   |   |--- feature_12 <= 40.61
|   |   |   |   |   |   |   |--- feature_2 <= 7.50
|   |   |   |   |   |   |   |   |--- feature_9 <= 7.35
|   |   |   |   |   |   |   |   |   |--- feature_10 <= 18.10
|   |   |   |   |   |   |   |   |   |   |--- class: negative
|   |   |   |   |   |   |   |   |   |--- feature_10 >  18.10
|   |   |   |   |   |   |   |   |   |   |--- feature_10 <= 18.65
|   |   |   |   |   |   |   |   |   |   |   |--- class: positive
|   |   |   |   |   |   |   |   |   |   |--- feature_10 >  18.65
|   |   |   |   |   |   |   |   |   |   |   |--- class: negative
|   |   |   |   |   |   |   |   |--- feature_9 >  7.35
|   |   |   |   |   |   |   |   |   |--- class: negative
|   |   |   |   |   |   |   |--- feature_2 >  7.50
|   |   |   |   |   |   |   |   |--- feature_12 <= 39.97
|   |   |   |   |   |   |   |   |   |--- feature_7 <= 4.00
|   |   |   |   |   |   |   |   |   |   |--- class: positive
|   |   |   |   |   |   |   |   |   |--- feature_7 >  4.00
|   |   |   |   |   |   |   |   |   |   |--- feature_12 <= 20.92
|   |   |   |   |   |   |   |   |   |   |   |--- class: positive
|   |   |   |   |   |   |   |   |   |   |--- feature_12 >  20.92
|   |   |   |   |   |   |   |   |   |   |   |--- class: negative
|   |   |   |   |   |   |   |   |--- feature_12 >  39.97
|   |   |   |   |   |   |   |   |   |--- feature_10 <= 7.15
|   |   |   |   |   |   |   |   |   |   |--- class: positive
|   |   |   |   |   |   |   |   |   |--- feature_10 >  7.15
|   |   |   |   |   |   |   |   |   |   |--- feature_1 <= 8881.50
|   |   |   |   |   |   |   |   |   |   |   |--- class: negative
|   |   |   |   |   |   |   |   |   |   |--- feature_1 >  8881.50
|   |   |   |   |   |   |   |   |   |   |   |--- truncated branch of depth 2
|   |   |   |   |   |   |--- feature_12 >  40.61
|   |   |   |   |   |   |   |--- feature_12 <= 44.05
|   |   |   |   |   |   |   |   |--- feature_17 <= 0.01
|   |   |   |   |   |   |   |   |   |--- feature_12 <= 43.23
|   |   |   |   |   |   |   |   |   |   |--- feature_9 <= 8.95
|   |   |   |   |   |   |   |   |   |   |   |--- truncated branch of depth 2
|   |   |   |   |   |   |   |   |   |   |--- feature_9 >  8.95
|   |   |   |   |   |   |   |   |   |   |   |--- truncated branch of depth 3
|   |   |   |   |   |   |   |   |   |--- feature_12 >  43.23
|   |   |   |   |   |   |   |   |   |   |--- class: positive
|   |   |   |   |   |   |   |   |--- feature_17 >  0.01
|   |   |   |   |   |   |   |   |   |--- class: positive
|   |   |   |   |   |   |   |--- feature_12 >  44.05
|   |   |   |   |   |   |   |   |--- class: negative
|   |--- feature_12 >  44.10
|   |   |--- feature_11 <= 8.50
|   |   |   |--- feature_20 <= 0.99
|   |   |   |   |--- feature_20 <= 0.00
|   |   |   |   |   |--- feature_10 <= 33.80
|   |   |   |   |   |   |--- feature_12 <= 48.16
|   |   |   |   |   |   |   |--- feature_1 <= 232.50
|   |   |   |   |   |   |   |   |--- class: negative
|   |   |   |   |   |   |   |--- feature_1 >  232.50
|   |   |   |   |   |   |   |   |--- feature_10 <= 22.90
|   |   |   |   |   |   |   |   |   |--- feature_0 <= 1981.50
|   |   |   |   |   |   |   |   |   |   |--- class: positive
|   |   |   |   |   |   |   |   |   |--- feature_0 >  1981.50
|   |   |   |   |   |   |   |   |   |   |--- class: negative
|   |   |   |   |   |   |   |   |--- feature_10 >  22.90
|   |   |   |   |   |   |   |   |   |--- class: negative
|   |   |   |   |   |   |--- feature_12 >  48.16
|   |   |   |   |   |   |   |--- feature_24 <= 0.37
|   |   |   |   |   |   |   |   |--- class: negative
|   |   |   |   |   |   |   |--- feature_24 >  0.37
|   |   |   |   |   |   |   |   |--- feature_10 <= 19.94
|   |   |   |   |   |   |   |   |   |--- class: negative
|   |   |   |   |   |   |   |   |--- feature_10 >  19.94
|   |   |   |   |   |   |   |   |   |--- feature_1 <= 167.00
|   |   |   |   |   |   |   |   |   |   |--- class: negative
|   |   |   |   |   |   |   |   |   |--- feature_1 >  167.00
|   |   |   |   |   |   |   |   |   |   |--- class: positive
|   |   |   |   |   |--- feature_10 >  33.80
|   |   |   |   |   |   |--- feature_13 <= 7.72
|   |   |   |   |   |   |   |--- feature_13 <= 5.08
|   |   |   |   |   |   |   |   |--- feature_52 <= 0.41
|   |   |   |   |   |   |   |   |   |--- feature_0 <= 1991.50
|   |   |   |   |   |   |   |   |   |   |--- feature_1 <= 1857.00
|   |   |   |   |   |   |   |   |   |   |   |--- class: negative
|   |   |   |   |   |   |   |   |   |   |--- feature_1 >  1857.00
|   |   |   |   |   |   |   |   |   |   |   |--- truncated branch of depth 2
|   |   |   |   |   |   |   |   |   |--- feature_0 >  1991.50
|   |   |   |   |   |   |   |   |   |   |--- feature_0 <= 1994.00
|   |   |   |   |   |   |   |   |   |   |   |--- class: positive
|   |   |   |   |   |   |   |   |   |   |--- feature_0 >  1994.00
|   |   |   |   |   |   |   |   |   |   |   |--- class: negative
|   |   |   |   |   |   |   |   |--- feature_52 >  0.41
|   |   |   |   |   |   |   |   |   |--- class: positive
|   |   |   |   |   |   |   |--- feature_13 >  5.08
|   |   |   |   |   |   |   |   |--- class: positive
|   |   |   |   |   |   |--- feature_13 >  7.72
|   |   |   |   |   |   |   |--- feature_12 <= 48.59
|   |   |   |   |   |   |   |   |--- feature_7 <= 23.00
|   |   |   |   |   |   |   |   |   |--- class: negative
|   |   |   |   |   |   |   |   |--- feature_7 >  23.00
|   |   |   |   |   |   |   |   |   |--- class: positive
|   |   |   |   |   |   |   |--- feature_12 >  48.59
|   |   |   |   |   |   |   |   |--- feature_1 <= 6117.50
|   |   |   |   |   |   |   |   |   |--- class: negative
|   |   |   |   |   |   |   |   |--- feature_1 >  6117.50
|   |   |   |   |   |   |   |   |   |--- feature_17 <= 0.50
|   |   |   |   |   |   |   |   |   |   |--- class: negative
|   |   |   |   |   |   |   |   |   |--- feature_17 >  0.50
|   |   |   |   |   |   |   |   |   |   |--- class: positive
|   |   |   |   |--- feature_20 >  0.00
|   |   |   |   |   |--- class: positive
|   |   |   |--- feature_20 >  0.99
|   |   |   |   |--- feature_11 <= 7.94
|   |   |   |   |   |--- class: negative
|   |   |   |   |--- feature_11 >  7.94
|   |   |   |   |   |--- feature_13 <= 6.66
|   |   |   |   |   |   |--- feature_12 <= 50.73
|   |   |   |   |   |   |   |--- class: positive
|   |   |   |   |   |   |--- feature_12 >  50.73
|   |   |   |   |   |   |   |--- feature_1 <= 3026.50
|   |   |   |   |   |   |   |   |--- class: negative
|   |   |   |   |   |   |   |--- feature_1 >  3026.50
|   |   |   |   |   |   |   |   |--- class: positive
|   |   |   |   |   |--- feature_13 >  6.66
|   |   |   |   |   |   |--- class: negative
|   |   |--- feature_11 >  8.50
|   |   |   |--- feature_21 <= 1.00
|   |   |   |   |--- feature_21 <= 0.00
|   |   |   |   |   |--- feature_47 <= 1.00
|   |   |   |   |   |   |--- feature_47 <= 0.00
|   |   |   |   |   |   |   |--- feature_10 <= 14.08
|   |   |   |   |   |   |   |   |--- feature_12 <= 53.10
|   |   |   |   |   |   |   |   |   |--- feature_11 <= 8.65
|   |   |   |   |   |   |   |   |   |   |--- feature_7 <= 15.00
|   |   |   |   |   |   |   |   |   |   |   |--- class: positive
|   |   |   |   |   |   |   |   |   |   |--- feature_7 >  15.00
|   |   |   |   |   |   |   |   |   |   |   |--- class: negative
|   |   |   |   |   |   |   |   |   |--- feature_11 >  8.65
|   |   |   |   |   |   |   |   |   |   |--- class: negative
|   |   |   |   |   |   |   |   |--- feature_12 >  53.10
|   |   |   |   |   |   |   |   |   |--- class: negative
|   |   |   |   |   |   |   |--- feature_10 >  14.08
|   |   |   |   |   |   |   |   |--- feature_23 <= 1.00
|   |   |   |   |   |   |   |   |   |--- feature_23 <= 0.00
|   |   |   |   |   |   |   |   |   |   |--- feature_17 <= 0.01
|   |   |   |   |   |   |   |   |   |   |   |--- truncated branch of depth 10
|   |   |   |   |   |   |   |   |   |   |--- feature_17 >  0.01
|   |   |   |   |   |   |   |   |   |   |   |--- truncated branch of depth 6
|   |   |   |   |   |   |   |   |   |--- feature_23 >  0.00
|   |   |   |   |   |   |   |   |   |   |--- class: positive
|   |   |   |   |   |   |   |   |--- feature_23 >  1.00
|   |   |   |   |   |   |   |   |   |--- feature_1 <= 4042.50
|   |   |   |   |   |   |   |   |   |   |--- class: negative
|   |   |   |   |   |   |   |   |   |--- feature_1 >  4042.50
|   |   |   |   |   |   |   |   |   |   |--- feature_1 <= 11874.50
|   |   |   |   |   |   |   |   |   |   |   |--- truncated branch of depth 7
|   |   |   |   |   |   |   |   |   |   |--- feature_1 >  11874.50
|   |   |   |   |   |   |   |   |   |   |   |--- truncated branch of depth 3
|   |   |   |   |   |   |--- feature_47 >  0.00
|   |   |   |   |   |   |   |--- class: positive
|   |   |   |   |   |--- feature_47 >  1.00
|   |   |   |   |   |   |--- feature_1 <= 3032.50
|   |   |   |   |   |   |   |--- feature_1 <= 1280.00
|   |   |   |   |   |   |   |   |--- feature_1 <= 768.50
|   |   |   |   |   |   |   |   |   |--- feature_0 <= 1982.50
|   |   |   |   |   |   |   |   |   |   |--- feature_10 <= 34.37
|   |   |   |   |   |   |   |   |   |   |   |--- truncated branch of depth 3
|   |   |   |   |   |   |   |   |   |   |--- feature_10 >  34.37
|   |   |   |   |   |   |   |   |   |   |   |--- class: negative
|   |   |   |   |   |   |   |   |   |--- feature_0 >  1982.50
|   |   |   |   |   |   |   |   |   |   |--- feature_1 <= 576.50
|   |   |   |   |   |   |   |   |   |   |   |--- truncated branch of depth 3
|   |   |   |   |   |   |   |   |   |   |--- feature_1 >  576.50
|   |   |   |   |   |   |   |   |   |   |   |--- truncated branch of depth 3
|   |   |   |   |   |   |   |   |--- feature_1 >  768.50
|   |   |   |   |   |   |   |   |   |--- feature_0 <= 1990.50
|   |   |   |   |   |   |   |   |   |   |--- class: negative
|   |   |   |   |   |   |   |   |   |--- feature_0 >  1990.50
|   |   |   |   |   |   |   |   |   |   |--- feature_7 <= 8.00
|   |   |   |   |   |   |   |   |   |   |   |--- truncated branch of depth 2
|   |   |   |   |   |   |   |   |   |   |--- feature_7 >  8.00
|   |   |   |   |   |   |   |   |   |   |   |--- truncated branch of depth 3
|   |   |   |   |   |   |   |--- feature_1 >  1280.00
|   |   |   |   |   |   |   |   |--- feature_1 <= 1357.50
|   |   |   |   |   |   |   |   |   |--- feature_11 <= 12.78
|   |   |   |   |   |   |   |   |   |   |--- class: positive
|   |   |   |   |   |   |   |   |   |--- feature_11 >  12.78
|   |   |   |   |   |   |   |   |   |   |--- feature_0 <= 1976.50
|   |   |   |   |   |   |   |   |   |   |   |--- class: positive
|   |   |   |   |   |   |   |   |   |   |--- feature_0 >  1976.50
|   |   |   |   |   |   |   |   |   |   |   |--- class: negative
|   |   |   |   |   |   |   |   |--- feature_1 >  1357.50
|   |   |   |   |   |   |   |   |   |--- feature_1 <= 2909.50
|   |   |   |   |   |   |   |   |   |   |--- feature_9 <= 8.16
|   |   |   |   |   |   |   |   |   |   |   |--- truncated branch of depth 5
|   |   |   |   |   |   |   |   |   |   |--- feature_9 >  8.16
|   |   |   |   |   |   |   |   |   |   |   |--- truncated branch of depth 10
|   |   |   |   |   |   |   |   |   |--- feature_1 >  2909.50
|   |   |   |   |   |   |   |   |   |   |--- feature_10 <= 24.15
|   |   |   |   |   |   |   |   |   |   |   |--- class: negative
|   |   |   |   |   |   |   |   |   |   |--- feature_10 >  24.15
|   |   |   |   |   |   |   |   |   |   |   |--- truncated branch of depth 3
|   |   |   |   |   |   |--- feature_1 >  3032.50
|   |   |   |   |   |   |   |--- feature_11 <= 13.39
|   |   |   |   |   |   |   |   |--- feature_11 <= 12.12
|   |   |   |   |   |   |   |   |   |--- feature_7 <= 22.50
|   |   |   |   |   |   |   |   |   |   |--- feature_10 <= 55.42
|   |   |   |   |   |   |   |   |   |   |   |--- truncated branch of depth 3
|   |   |   |   |   |   |   |   |   |   |--- feature_10 >  55.42
|   |   |   |   |   |   |   |   |   |   |   |--- truncated branch of depth 2
|   |   |   |   |   |   |   |   |   |--- feature_7 >  22.50
|   |   |   |   |   |   |   |   |   |   |--- feature_1 <= 6087.00
|   |   |   |   |   |   |   |   |   |   |   |--- class: negative
|   |   |   |   |   |   |   |   |   |   |--- feature_1 >  6087.00
|   |   |   |   |   |   |   |   |   |   |   |--- truncated branch of depth 4
|   |   |   |   |   |   |   |   |--- feature_11 >  12.12
|   |   |   |   |   |   |   |   |   |--- feature_2 <= 9.50
|   |   |   |   |   |   |   |   |   |   |--- feature_0 <= 1966.50
|   |   |   |   |   |   |   |   |   |   |   |--- truncated branch of depth 2
|   |   |   |   |   |   |   |   |   |   |--- feature_0 >  1966.50
|   |   |   |   |   |   |   |   |   |   |   |--- class: positive
|   |   |   |   |   |   |   |   |   |--- feature_2 >  9.50
|   |   |   |   |   |   |   |   |   |   |--- feature_11 <= 13.30
|   |   |   |   |   |   |   |   |   |   |   |--- truncated branch of depth 7
|   |   |   |   |   |   |   |   |   |   |--- feature_11 >  13.30
|   |   |   |   |   |   |   |   |   |   |   |--- class: positive
|   |   |   |   |   |   |   |--- feature_11 >  13.39
|   |   |   |   |   |   |   |   |--- feature_1 <= 4612.50
|   |   |   |   |   |   |   |   |   |--- feature_1 <= 3685.00
|   |   |   |   |   |   |   |   |   |   |--- class: negative
|   |   |   |   |   |   |   |   |   |--- feature_1 >  3685.00
|   |   |   |   |   |   |   |   |   |   |--- feature_0 <= 1992.50
|   |   |   |   |   |   |   |   |   |   |   |--- truncated branch of depth 5
|   |   |   |   |   |   |   |   |   |   |--- feature_0 >  1992.50
|   |   |   |   |   |   |   |   |   |   |   |--- class: negative
|   |   |   |   |   |   |   |   |--- feature_1 >  4612.50
|   |   |   |   |   |   |   |   |   |--- feature_0 <= 1971.50
|   |   |   |   |   |   |   |   |   |   |--- feature_7 <= 11.50
|   |   |   |   |   |   |   |   |   |   |   |--- class: positive
|   |   |   |   |   |   |   |   |   |   |--- feature_7 >  11.50
|   |   |   |   |   |   |   |   |   |   |   |--- class: negative
|   |   |   |   |   |   |   |   |   |--- feature_0 >  1971.50
|   |   |   |   |   |   |   |   |   |   |--- feature_0 <= 1985.50
|   |   |   |   |   |   |   |   |   |   |   |--- truncated branch of depth 4
|   |   |   |   |   |   |   |   |   |   |--- feature_0 >  1985.50
|   |   |   |   |   |   |   |   |   |   |   |--- class: negative
|   |   |   |   |--- feature_21 >  0.00
|   |   |   |   |   |--- class: positive
|   |   |   |--- feature_21 >  1.00
|   |   |   |   |--- feature_11 <= 11.25
|   |   |   |   |   |--- feature_0 <= 1953.00
|   |   |   |   |   |   |--- class: positive
|   |   |   |   |   |--- feature_0 >  1953.00
|   |   |   |   |   |   |--- feature_10 <= 42.00
|   |   |   |   |   |   |   |--- class: negative
|   |   |   |   |   |   |--- feature_10 >  42.00
|   |   |   |   |   |   |   |--- feature_9 <= 21.80
|   |   |   |   |   |   |   |   |--- feature_1 <= 1493.50
|   |   |   |   |   |   |   |   |   |--- feature_9 <= 19.66
|   |   |   |   |   |   |   |   |   |   |--- feature_10 <= 42.45
|   |   |   |   |   |   |   |   |   |   |   |--- class: positive
|   |   |   |   |   |   |   |   |   |   |--- feature_10 >  42.45
|   |   |   |   |   |   |   |   |   |   |   |--- class: negative
|   |   |   |   |   |   |   |   |   |--- feature_9 >  19.66
|   |   |   |   |   |   |   |   |   |   |--- class: positive
|   |   |   |   |   |   |   |   |--- feature_1 >  1493.50
|   |   |   |   |   |   |   |   |   |--- feature_39 <= 0.86
|   |   |   |   |   |   |   |   |   |   |--- feature_2 <= 7.00
|   |   |   |   |   |   |   |   |   |   |   |--- class: negative
|   |   |   |   |   |   |   |   |   |   |--- feature_2 >  7.00
|   |   |   |   |   |   |   |   |   |   |   |--- class: positive
|   |   |   |   |   |   |   |   |   |--- feature_39 >  0.86
|   |   |   |   |   |   |   |   |   |   |--- class: negative
|   |   |   |   |   |   |   |--- feature_9 >  21.80
|   |   |   |   |   |   |   |   |--- feature_10 <= 187.25
|   |   |   |   |   |   |   |   |   |--- class: negative
|   |   |   |   |   |   |   |   |--- feature_10 >  187.25
|   |   |   |   |   |   |   |   |   |--- class: positive
|   |   |   |   |--- feature_11 >  11.25
|   |   |   |   |   |--- feature_0 <= 1986.50
|   |   |   |   |   |   |--- feature_0 <= 1967.50
|   |   |   |   |   |   |   |--- class: negative
|   |   |   |   |   |   |--- feature_0 >  1967.50
|   |   |   |   |   |   |   |--- feature_9 <= 16.85
|   |   |   |   |   |   |   |   |--- feature_9 <= 13.75
|   |   |   |   |   |   |   |   |   |--- feature_11 <= 11.95
|   |   |   |   |   |   |   |   |   |   |--- class: positive
|   |   |   |   |   |   |   |   |   |--- feature_11 >  11.95
|   |   |   |   |   |   |   |   |   |   |--- class: negative
|   |   |   |   |   |   |   |   |--- feature_9 >  13.75
|   |   |   |   |   |   |   |   |   |--- feature_1 <= 1581.50
|   |   |   |   |   |   |   |   |   |   |--- class: negative
|   |   |   |   |   |   |   |   |   |--- feature_1 >  1581.50
|   |   |   |   |   |   |   |   |   |   |--- feature_1 <= 7536.00
|   |   |   |   |   |   |   |   |   |   |   |--- truncated branch of depth 2
|   |   |   |   |   |   |   |   |   |   |--- feature_1 >  7536.00
|   |   |   |   |   |   |   |   |   |   |   |--- truncated branch of depth 2
|   |   |   |   |   |   |   |--- feature_9 >  16.85
|   |   |   |   |   |   |   |   |--- class: negative
|   |   |   |   |   |--- feature_0 >  1986.50
|   |   |   |   |   |   |--- feature_13 <= 7.50
|   |   |   |   |   |   |   |--- feature_13 <= 6.00
|   |   |   |   |   |   |   |   |--- class: negative
|   |   |   |   |   |   |   |--- feature_13 >  6.00
|   |   |   |   |   |   |   |   |--- class: positive
|   |   |   |   |   |   |--- feature_13 >  7.50
|   |   |   |   |   |   |   |--- class: negative
