|--- feature_20 <= 1.00
|   |--- feature_20 <= 0.00
|   |   |--- feature_0 <= 1977.50
|   |   |   |--- feature_17 <= 1.00
|   |   |   |   |--- feature_17 <= 0.00
|   |   |   |   |   |--- feature_11 <= 8.50
|   |   |   |   |   |   |--- feature_12 <= 40.50
|   |   |   |   |   |   |   |--- feature_22 <= 1.00
|   |   |   |   |   |   |   |   |--- feature_22 <= 0.00
|   |   |   |   |   |   |   |   |   |--- feature_1 <= 183.00
|   |   |   |   |   |   |   |   |   |   |--- feature_18 <= 0.88
|   |   |   |   |   |   |   |   |   |   |   |--- truncated branch of depth 9
|   |   |   |   |   |   |   |   |   |   |--- feature_18 >  0.88
|   |   |   |   |   |   |   |   |   |   |   |--- class: negative
|   |   |   |   |   |   |   |   |   |--- feature_1 >  183.00
|   |   |   |   |   |   |   |   |   |   |--- feature_35 <= 0.01
|   |   |   |   |   |   |   |   |   |   |   |--- truncated branch of depth 7
|   |   |   |   |   |   |   |   |   |   |--- feature_35 >  0.01
|   |   |   |   |   |   |   |   |   |   |   |--- truncated branch of depth 13
|   |   |   |   |   |   |   |   |--- feature_22 >  0.00
|   |   |   |   |   |   |   |   |   |--- class: positive
|   |   |   |   |   |   |   |--- feature_22 >  1.00
|   |   |   |   |   |   |   |   |--- feature_52 <= 1.00
|   |   |   |   |   |   |   |   |   |--- feature_14 <= 1.50
|   |   |   |   |   |   |   |   |   |   |--- feature_11 <= 5.41
|   |   |   |   |   |   |   |   |   |   |   |--- truncated branch of depth 10
|   |   |   |   |   |   |   |   |   |   |--- feature_11 >  5.41
|   |   |   |   |   |   |   |   |   |   |   |--- truncated branch of depth 2
|   |   |   |   |   |   |   |   |   |--- feature_14 >  1.50
|   |   |   |   |   |   |   |   |   |   |--- feature_10 <= 7.42
|   |   |   |   |   |   |   |   |   |   |   |--- class: negative
|   |   |   |   |   |   |   |   |   |   |--- feature_10 >  7.42
|   |   |   |   |   |   |   |   |   |   |   |--- truncated branch of depth 11
|   |   |   |   |   |   |   |   |--- feature_52 >  1.00
|   |   |   |   |   |   |   |   |   |--- feature_1 <= 142.00
|   |   |   |   |   |   |   |   |   |   |--- feature_10 <= 12.25
|   |   |   |   |   |   |   |   |   |   |   |--- truncated branch of depth 3
|   |   |   |   |   |   |   |   |   |   |--- feature_10 >  12.25
|   |   |   |   |   |   |   |   |   |   |   |--- class: negative
|   |   |   |   |   |   |   |   |   |--- feature_1 >  142.00
|   |   |   |   |   |   |   |   |   |   |--- feature_10 <= 36.70
|   |   |   |   |   |   |   |   |   |   |   |--- truncated branch of depth 7
|   |   |   |   |   |   |   |   |   |   |--- feature_10 >  36.70
|   |   |   |   |   |   |   |   |   |   |   |--- class: negative
|   |   |   |   |   |   |--- feature_12 >  40.50
|   |   |   |   |   |   |   |--- feature_1 <= 267.00
|   |   |   |   |   |   |   |   |--- feature_24 <= 0.50
|   |   |   |   |   |   |   |   |   |--- feature_13 <= 2.50
|   |   |   |   |   |   |   |   |   |   |--- feature_0 <= 1922.50
|   |   |   |   |   |   |   |   |   |   |   |--- truncated branch of depth 2
|   |   |   |   |   |   |   |   |   |   |--- feature_0 >  1922.50
|   |   |   |   |   |   |   |   |   |   |   |--- class: negative
|   |   |   |   |   |   |   |   |   |--- feature_13 >  2.50
|   |   |   |   |   |   |   |   |   |   |--- feature_10 <= 7.35
|   |   |   |   |   |   |   |   |   |   |   |--- truncated branch of depth 2
|   |   |   |   |   |   |   |   |   |   |--- feature_10 >  7.35
|   |   |   |   |   |   |   |   |   |   |   |--- class: negative
|   |   |   |   |   |   |   |   |--- feature_24 >  0.50
|   |   |   |   |   |   |   |   |   |--- feature_9 <= 8.95
|   |   |   |   |   |   |   |   |   |   |--- class: positive
|   |   |   |   |   |   |   |   |   |--- feature_9 >  8.95
|   |   |   |   |   |   |   |   |   |   |--- class: negative
|   |   |   |   |   |   |   |--- feature_1 >  267.00
|   |   |   |   |   |   |   |   |--- feature_12 <= 40.53
|   |   |   |   |   |   |   |   |   |--- feature_40 <= 0.20
|   |   |   |   |   |   |   |   |   |   |--- feature_9 <= 8.65
|   |   |   |   |   |   |   |   |   |   |   |--- truncated branch of depth 6
|   |   |   |   |   |   |   |   |   |   |--- feature_9 >  8.65
|   |   |   |   |   |   |   |   |   |   |   |--- truncated branch of depth 3
|   |   |   |   |   |   |   |   |   |--- feature_40 >  0.20
|   |   |   |   |   |   |   |   |   |   |--- feature_11 <= 8.36
|   |   |   |   |   |   |   |   |   |   |   |--- class: positive
|   |   |   |   |   |   |   |   |   |   |--- feature_11 >  8.36
|   |   |   |   |   |   |   |   |   |   |   |--- class: negative
|   |   |   |   |   |   |   |   |--- feature_12 >  40.53
|   |   |   |   |   |   |   |   |   |--- feature_12 <= 44.04
|   |   |   |   |   |   |   |   |   |   |--- feature_22 <= 0.97
|   |   |   |   |   |   |   |   |   |   |   |--- truncated branch of depth 4
|   |   |   |   |   |   |   |   |   |   |--- feature_22 >  0.97
|   |   |   |   |   |   |   |   |   |   |   |--- class: negative
|   |   |   |   |   |   |   |   |   |--- feature_12 >  44.04
|   |   |   |   |   |   |   |   |   |   |--- feature_49 <= 0.98
|   |   |   |   |   |   |   |   |   |   |   |--- truncated branch of depth 7
|   |   |   |   |   |   |   |   |   |   |--- feature_49 >  0.98
|   |   |   |   |   |   |   |   |   |   |   |--- truncated branch of depth 3
|   |   |   |   |   |--- feature_11 >  8.50
|   |   |   |   |   |   |--- feature_18 <= 0.00
|   |   |   |   |   |   |   |--- feature_22 <= 0.01
|   |   |   |   |   |   |   |   |--- feature_1 <= 16874.50
|   |   |   |   |   |   |   |   |   |--- feature_12 <= 40.56
|   |   |   |   |   |   |   |   |   |   |--- feature_31 <= 0.50
|   |   |   |   |   |   |   |   |   |   |   |--- truncated branch of depth 4
|   |   |   |   |   |   |   |   |   |   |--- feature_31 >  0.50
|   |   |   |   |   |   |   |   |   |   |   |--- truncated branch of depth 3
|   |   |   |   |   |   |   |   |   |--- feature_12 >  40.56
|   |   |   |   |   |   |   |   |   |   |--- feature_2 <= 9.50
|   |   |   |   |   |   |   |   |   |   |   |--- truncated branch of depth 7
|   |   |   |   |   |   |   |   |   |   |--- feature_2 >  9.50
|   |   |   |   |   |   |   |   |   |   |   |--- truncated branch of depth 11
|   |   |   |   |   |   |   |   |--- feature_1 >  16874.50
|   |   |   |   |   |   |   |   |   |--- feature_0 <= 1965.50
|   |   |   |   |   |   |   |   |   |   |--- class: negative
|   |   |   |   |   |   |   |   |   |--- feature_0 >  1965.50
|   |   |   |   |   |   |   |   |   |   |--- feature_0 <= 1966.50
|   |   |   |   |   |   |   |   |   |   |   |--- truncated branch of depth 2
|   |   |   |   |   |   |   |   |   |   |--- feature_0 >  1966.50
|   |   |   |   |   |   |   |   |   |   |   |--- truncated branch of depth 2
|   |   |   |   |   |   |   |--- feature_22 >  0.01
|   |   |   |   |   |   |   |   |--- feature_22 <= 0.99
|   |   |   |   |   |   |   |   |   |--- class: positive
|   |   |   |   |   |   |   |   |--- feature_22 >  0.99
|   |   |   |   |   |   |   |   |   |--- feature_25 <= 0.50
|   |   |   |   |   |   |   |   |   |   |--- feature_2 <= 7.50
|   |   |   |   |   |   |   |   |   |   |   |--- class: negative
|   |   |   |   |   |   |   |   |   |   |--- feature_2 >  7.50
|   |   |   |   |   |   |   |   |   |   |   |--- class: positive
|   |   |   |   |   |   |   |   |   |--- feature_25 >  0.50
|   |   |   |   |   |   |   |   |   |   |--- feature_0 <= 1939.50
|   |   |   |   |   |   |   |   |   |   |   |--- class: negative
|   |   |   |   |   |   |   |   |   |   |--- feature_0 >  1939.50
|   |   |   |   |   |   |   |   |   |   |   |--- truncated branch of depth 7
|   |   |   |   |   |   |--- feature_18 >  0.00
|   |   |   |   |   |   |   |--- feature_18 <= 1.00
|   |   |   |   |   |   |   |   |--- class: positive
|   |   |   |   |   |   |   |--- feature_18 >  1.00
|   |   |   |   |   |   |   |   |--- feature_32 <= 0.00
|   |   |   |   |   |   |   |   |   |--- feature_13 <= 5.00
|   |   |   |   |   |   |   |   |   |   |--- feature_2 <= 10.50
|   |   |   |   |   |   |   |   |   |   |   |--- truncated branch of depth 3
|   |   |   |   |   |   |   |   |   |   |--- feature_2 >  10.50
|   |   |   |   |   |   |   |   |   |   |   |--- truncated branch of depth 4
|   |   |   |   |   |   |   |   |   |--- feature_13 >  5.00
|   |   |   |   |   |   |   |   |   |   |--- feature_13 <= 8.00
|   |   |   |   |   |   |   |   |   |   |   |--- truncated branch of depth 5
|   |   |   |   |   |   |   |   |   |   |--- feature_13 >  8.00
|   |   |   |   |   |   |   |   |   |   |   |--- truncated branch of depth 13
|   |   |   |   |   |   |   |   |--- feature_32 >  0.00
|   |   |   |   |   |   |   |   |   |--- feature_7 <= 0.50
|   |   |   |   |   |   |   |   |   |   |--- feature_1 <= 17313.50
|   |   |   |   |   |   |   |   |   |   |   |--- class: negative
|   |   |   |   |   |   |   |   |   |   |--- feature_1 >  17313.50
|   |   |   |   |   |   |   |   |   |   |   |--- truncated branch of depth 5
|   |   |   |   |   |   |   |   |   |--- feature_7 >  0.50
|   |   |   |   |   |   |   |   |   |   |--- feature_1 <= 24447.00
|   |   |   |   |   |   |   |   |   |   |   |--- truncated branch of depth 8
|   |   |   |   |   |   |   |   |   |   |--- feature_1 >  24447.00
|   |   |   |   |   |   |   |   |   |   |   |--- class: negative
|   |   |   |   |--- feature_17 >  0.00
|   |   |   |   |   |--- class: positive
|   |   |   |--- feature_17 >  1.00
|   |   |   |   |--- feature_47 <= 0.00
|   |   |   |   |   |--- feature_10 <= 13.15
|   |   |   |   |   |   |--- feature_14 <= 1.50
|   |   |   |   |   |   |   |--- feature_1 <= 155.00
|   |   |   |   |   |   |   |   |--- class: negative
|   |   |   |   |   |   |   |--- feature_1 >  155.00
|   |   |   |   |   |   |   |   |--- feature_1 <= 165.50
|   |   |   |   |   |   |   |   |   |--- class: positive
|   |   |   |   |   |   |   |   |--- feature_1 >  165.50
|   |   |   |   |   |   |   |   |   |--- class: negative
|   |   |   |   |   |   |--- feature_14 >  1.50
|   |   |   |   |   |   |   |--- feature_0 <= 1933.50
|   |   |   |   |   |   |   |   |--- class: negative
|   |   |   |   |   |   |   |--- feature_0 >  1933.50
|   |   |   |   |   |   |   |   |--- feature_10 <= 9.65
|   |   |   |   |   |   |   |   |   |--- feature_1 <= 221.00
|   |   |   |   |   |   |   |   |   |   |--- feature_1 <= 155.50
|   |   |   |   |   |   |   |   |   |   |   |--- class: negative
|   |   |   |   |   |   |   |   |   |   |--- feature_1 >  155.50
|   |   |   |   |   |   |   |   |   |   |   |--- truncated branch of depth 4
|   |   |   |   |   |   |   |   |   |--- feature_1 >  221.00
|   |   |   |   |   |   |   |   |   |   |--- class: negative
|   |   |   |   |   |   |   |   |--- feature_10 >  9.65
|   |   |   |   |   |   |   |   |   |--- feature_9 <= 8.75
|   |   |   |   |   |   |   |   |   |   |--- feature_29 <= 0.34
|   |   |   |   |   |   |   |   |   |   |   |--- class: negative
|   |   |   |   |   |   |   |   |   |   |--- feature_29 >  0.34
|   |   |   |   |   |   |   |   |   |   |   |--- class: positive
|   |   |   |   |   |   |   |   |   |--- feature_9 >  8.75
|   |   |   |   |   |   |   |   |   |   |--- feature_7 <= 29.00
|   |   |   |   |   |   |   |   |   |   |   |--- truncated branch of depth 9
|   |   |   |   |   |   |   |   |   |   |--- feature_7 >  29.00
|   |   |   |   |   |   |   |   |   |   |   |--- class: negative
|   |   |   |   |   |--- feature_10 >  13.15
|   |   |   |   |   |   |--- feature_7 <= 0.50
|   |   |   |   |   |   |   |--- feature_12 <= 39.72
|   |   |   |   |   |   |   |   |--- feature_1 <= 114.00
|   |   |   |   |   |   |   |   |   |--- feature_10 <= 13.45
|   |   |   |   |   |   |   |   |   |   |--- feature_13 <= 4.50
|   |   |   |   |   |   |   |   |   |   |   |--- class: positive
|   |   |   |   |   |   |   |   |   |   |--- feature_13 >  4.50
|   |   |   |   |   |   |   |   |   |   |   |--- class: negative
|   |   |   |   |   |   |   |   |   |--- feature_10 >  13.45
|   |   |   |   |   |   |   |   |   |   |--- class: negative
|   |   |   |   |   |   |   |   |--- feature_1 >  114.00
|   |   |   |   |   |   |   |   |   |--- feature_1 <= 124.50
|   |   |   |   |   |   |   |   |   |   |--- feature_49 <= 0.50
|   |   |   |   |   |   |   |   |   |   |   |--- class: positive
|   |   |   |   |   |   |   |   |   |   |--- feature_49 >  0.50
|   |   |   |   |   |   |   |   |   |   |   |--- class: negative
|   |   |   |   |   |   |   |   |   |--- feature_1 >  124.50
|   |   |   |   |   |   |   |   |   |   |--- feature_11 <= 11.87
|   |   |   |   |   |   |   |   |   |   |   |--- truncated branch of depth 4
|   |   |   |   |   |   |   |   |   |   |--- feature_11 >  11.87
|   |   |   |   |   |   |   |   |   |   |   |--- truncated branch of depth 2
|   |   |   |   |   |   |   |--- feature_12 >  39.72
|   |   |   |   |   |   |   |   |--- feature_13 <= 4.50
|   |   |   |   |   |   |   |   |   |--- feature_9 <= 8.50
|   |   |   |   |   |   |   |   |   |   |--- class: positive
|   |   |   |   |   |   |   |   |   |--- feature_9 >  8.50
|   |   |   |   |   |   |   |   |   |   |--- feature_10 <= 129.00
|   |   |   |   |   |   |   |   |   |   |   |--- class: negative
|   |   |   |   |   |   |   |   |   |   |--- feature_10 >  129.00
|   |   |   |   |   |   |   |   |   |   |   |--- class: positive
|   |   |   |   |   |   |   |   |--- feature_13 >  4.50
|   |   |   |   |   |   |   |   |   |--- class: negative
|   |   |   |   |   |   |--- feature_7 >  0.50
|   |   |   |   |   |   |   |--- feature_7 <= 9.50
|   |   |   |   |   |   |   |   |--- feature_11 <= 8.59
|   |   |   |   |   |   |   |   |   |--- class: negative
|   |   |   |   |   |   |   |   |--- feature_11 >  8.59
|   |   |   |   |   |   |   |   |   |--- class: positive
|   |   |   |   |   |   |   |--- feature_7 >  9.50
|   |   |   |   |   |   |   |   |--- feature_29 <= 0.97
|   |   |   |   |   |   |   |   |   |--- feature_0 <= 1961.50
|   |   |   |   |   |   |   |   |   |   |--- feature_0 <= 1923.50
|   |   |   |   |   |   |   |   |   |   |   |--- class: negative
|   |   |   |   |   |   |   |   |   |   |--- feature_0 >  1923.50
|   |   |   |   |   |   |   |   |   |   |   |--- truncated branch of depth 7
|   |   |   |   |   |   |   |   |   |--- feature_0 >  1961.50
|   |   |   |   |   |   |   |   |   |   |--- feature_29 <= 0.47
|   |   |   |   |   |   |   |   |   |   |   |--- truncated branch of depth 3
|   |   |   |   |   |   |   |   |   |   |--- feature_29 >  0.47
|   |   |   |   |   |   |   |   |   |   |   |--- class: positive
|   |   |   |   |   |   |   |   |--- feature_29 >  0.97
|   |   |   |   |   |   |   |   |   |--- feature_8 <= 2.50
|   |   |   |   |   |   |   |   |   |   |--- class: negative
|   |   |   |   |   |   |   |   |   |--- feature_8 >  2.50
|   |   |   |   |   |   |   |   |   |   |--- feature_7 <= 28.00
|   |   |   |   |   |   |   |   |   |   |   |--- class: negative
|   |   |   |   |   |   |   |   |   |   |--- feature_7 >  28.00
|   |   |   |   |   |   |   |   |   |   |   |--- truncated branch of depth 4
|   |   |   |   |--- feature_47 >  0.00
|   |   |   |   |   |--- feature_47 <= 1.00
|   |   |   |   |   |   |--- class: positive
|   |   |   |   |   |--- feature_47 >  1.00
|   |   |   |   |   |   |--- feature_7 <= 1.00
|   |   |   |   |   |   |   |--- feature_12 <= 77.40
|   |   |   |   |   |   |   |   |--- feature_11 <= 6.75
|   |   |   |   |   |   |   |   |   |--- feature_11 <= 6.25
|   |   |   |   |   |   |   |   |   |   |--- feature_11 <= 4.85
|   |   |   |   |   |   |   |   |   |   |   |--- truncated branch of depth 3
|   |   |   |   |   |   |   |   |   |   |--- feature_11 >  4.85
|   |   |   |   |   |   |   |   |   |   |   |--- class: negative
|   |   |   |   |   |   |   |   |   |--- feature_11 >  6.25
|   |   |   |   |   |   |   |   |   |   |--- feature_0 <= 1937.00
|   |   |   |   |   |   |   |   |   |   |   |--- class: negative
|   |   |   |   |   |   |   |   |   |   |--- feature_0 >  1937.00
|   |   |   |   |   |   |   |   |   |   |   |--- truncated branch of depth 2
|   |   |   |   |   |   |   |   |--- feature_11 >  6.75
|   |   |   |   |   |   |   |   |   |--- class: negative
|   |   |   |   |   |   |   |--- feature_12 >  77.40
|   |   |   |   |   |   |   |   |--- class: positive
|   |   |   |   |   |   |--- feature_7 >  1.00
|   |   |   |   |   |   |   |--- feature_9 <= 7.18
|   |   |   |   |   |   |   |   |--- feature_13 <= 4.22
|   |   |   |   |   |   |   |   |   |--- feature_10 <= 7.05
|   |   |   |   |   |   |   |   |   |   |--- feature_11 <= 7.45
|   |   |   |   |   |   |   |   |   |   |   |--- class: negative
|   |   |   |   |   |   |   |   |   |   |--- feature_11 >  7.45
|   |   |   |   |   |   |   |   |   |   |   |--- truncated branch of depth 2
|   |   |   |   |   |   |   |   |   |--- feature_10 >  7.05
|   |   |   |   |   |   |   |   |   |   |--- class: negative
|   |   |   |   |   |   |   |   |--- feature_13 >  4.22
|   |   |   |   |   |   |   |   |   |--- feature_1 <= 100.50
|   |   |   |   |   |   |   |   |   |   |--- feature_9 <= 6.15
|   |   |   |   |   |   |   |   |   |   |   |--- class: negative
|   |   |   |   |   |   |   |   |   |   |--- feature_9 >  6.15
|   |   |   |   |   |   |   |   |   |   |   |--- class: positive
|   |   |   |   |   |   |   |   |   |--- feature_1 >  100.50
|   |   |   |   |   |   |   |   |   |   |--- feature_2 <= 5.50
|   |   |   |   |   |   |   |   |   |   |   |--- truncated branch of depth 2
|   |   |   |   |   |   |   |   |   |   |--- feature_2 >  5.50
|   |   |   |   |   |   |   |   |   |   |   |--- truncated branch of depth 4
|   |   |   |   |   |   |   |--- feature_9 >  7.18
|   |   |   |   |   |   |   |   |--- feature_12 <= 18.45
|   |   |   |   |   |   |   |   |   |--- class: positive
|   |   |   |   |   |   |   |   |--- feature_12 >  18.45
|   |   |   |   |   |   |   |   |   |--- feature_12 <= 76.05
|   |   |   |   |   |   |   |   |   |   |--- class: negative
|   |   |   |   |   |   |   |   |   |--- feature_12 >  76.05
|   |   |   |   |   |   |   |   |   |   |--- class: positive
|   |   |--- feature_0 >  1977.50
|   |   |   |--- feature_12 <= 44.16
|   |   |   |   |--- feature_12 <= 40.38
|   |   |   |   |   |--- feature_1 <= 103.00
|   |   |   |   |   |   |--- feature_49 <= 0.96
|   |   |   |   |   |   |   |--- feature_47 <= 0.99
|   |   |   |   |   |   |   |   |--- feature_11 <= 6.34
|   |   |   |   |   |   |   |   |   |--- feature_45 <= 0.99
|   |   |   |   |   |   |   |   |   |   |--- feature_9 <= 10.66
|   |   |   |   |   |   |   |   |   |   |   |--- class: negative
|   |   |   |   |   |   |   |   |   |   |--- feature_9 >  10.66
|   |   |   |   |   |   |   |   |   |   |   |--- class: positive
|   |   |   |   |   |   |   |   |   |--- feature_45 >  0.99
|   |   |   |   |   |   |   |   |   |   |--- feature_0 <= 1994.50
|   |   |   |   |   |   |   |   |   |   |   |--- class: negative
|   |   |   |   |   |   |   |   |   |   |--- feature_0 >  1994.50
|   |   |   |   |   |   |   |   |   |   |   |--- truncated branch of depth 2
|   |   |   |   |   |   |   |   |--- feature_11 >  6.34
|   |   |   |   |   |   |   |   |   |--- feature_10 <= 7.23
|   |   |   |   |   |   |   |   |   |   |--- class: negative
|   |   |   |   |   |   |   |   |   |--- feature_10 >  7.23
|   |   |   |   |   |   |   |   |   |   |--- class: positive
|   |   |   |   |   |   |   |--- feature_47 >  0.99
|   |   |   |   |   |   |   |   |--- class: negative
|   |   |   |   |   |   |--- feature_49 >  0.96
|   |   |   |   |   |   |   |--- feature_10 <= 40.72
|   |   |   |   |   |   |   |   |--- feature_11 <= 7.91
|   |   |   |   |   |   |   |   |   |--- class: negative
|   |   |   |   |   |   |   |   |--- feature_11 >  7.91
|   |   |   |   |   |   |   |   |   |--- class: positive
|   |   |   |   |   |   |   |--- feature_10 >  40.72
|   |   |   |   |   |   |   |   |--- feature_9 <= 19.53
|   |   |   |   |   |   |   |   |   |--- class: positive
|   |   |   |   |   |   |   |   |--- feature_9 >  19.53
|   |   |   |   |   |   |   |   |   |--- class: negative
|   |   |   |   |   |--- feature_1 >  103.00
|   |   |   |   |   |   |--- feature_2 <= 9.50
|   |   |   |   |   |   |   |--- class: negative
|   |   |   |   |   |   |--- feature_2 >  9.50
|   |   |   |   |   |   |   |--- feature_7 <= 6.00
|   |   |   |   |   |   |   |   |--- feature_10 <= 146.90
|   |   |   |   |   |   |   |   |   |--- class: positive
|   |   |   |   |   |   |   |   |--- feature_10 >  146.90
|   |   |   |   |   |   |   |   |   |--- class: negative
|   |   |   |   |   |   |   |--- feature_7 >  6.00
|   |   |   |   |   |   |   |   |--- class: negative
|   |   |   |   |--- feature_12 >  40.38
|   |   |   |   |   |--- feature_12 <= 40.56
|   |   |   |   |   |   |--- feature_11 <= 7.10
|   |   |   |   |   |   |   |--- feature_7 <= 6.50
|   |   |   |   |   |   |   |   |--- class: negative
|   |   |   |   |   |   |   |--- feature_7 >  6.50
|   |   |   |   |   |   |   |   |--- feature_0 <= 1980.50
|   |   |   |   |   |   |   |   |   |--- feature_35 <= 0.50
|   |   |   |   |   |   |   |   |   |   |--- class: positive
|   |   |   |   |   |   |   |   |   |--- feature_35 >  0.50
|   |   |   |   |   |   |   |   |   |   |--- class: negative
|   |   |   |   |   |   |   |   |--- feature_0 >  1980.50
|   |   |   |   |   |   |   |   |   |--- feature_10 <= 34.26
|   |   |   |   |   |   |   |   |   |   |--- class: negative
|   |   |   |   |   |   |   |   |   |--- feature_10 >  34.26
|   |   |   |   |   |   |   |   |   |   |--- class: positive
|   |   |   |   |   |   |--- feature_11 >  7.10
|   |   |   |   |   |   |   |--- feature_47 <= 0.50
|   |   |   |   |   |   |   |   |--- class: negative
|   |   |   |   |   |   |   |--- feature_47 >  0.50
|   |   |   |   |   |   |   |   |--- feature_10 <= 7.05
|   |   |   |   |   |   |   |   |   |--- feature_1 <= 4818.50
|   |   |   |   |   |   |   |   |   |   |--- class: negative
|   |   |   |   |   |   |   |   |   |--- feature_1 >  4818.50
|   |   |   |   |   |   |   |   |   |   |--- class: positive
|   |   |   |   |   |   |   |   |--- feature_10 >  7.05
|   |   |   |   |   |   |   |   |   |--- feature_1 <= 45.50
|   |   |   |   |   |   |   |   |   |   |--- feature_1 <= 43.50
|   |   |   |   |   |   |   |   |   |   |   |--- class: negative
|   |   |   |   |   |   |   |   |   |   |--- feature_1 >  43.50
|   |   |   |   |   |   |   |   |   |   |   |--- class: positive
|   |   |   |   |   |   |   |   |   |--- feature_1 >  45.50
|   |   |   |   |   |   |   |   |   |   |--- feature_0 <= 1988.50
|   |   |   |   |   |   |   |   |   |   |   |--- truncated branch of depth 7
|   |   |   |   |   |   |   |   |   |   |--- feature_0 >  1988.50
|   |   |   |   |   |   |   |   |   |   |   |--- class: negative
|   |   |   |   |   |--- feature_12 >  40.56
|   |   |   |   |   |   |--- feature_12 <= 44.06
|   |   |   |   |   |   |   |--- feature_24 <= 0.71
|   |   |   |   |   |   |   |   |--- feature_47 <= 0.02
|   |   |   |   |   |   |   |   |   |--- feature_10 <= 185.29
|   |   |   |   |   |   |   |   |   |   |--- class: negative
|   |   |   |   |   |   |   |   |   |--- feature_10 >  185.29
|   |   |   |   |   |   |   |   |   |   |--- feature_0 <= 1996.00
|   |   |   |   |   |   |   |   |   |   |   |--- class: positive
|   |   |   |   |   |   |   |   |   |   |--- feature_0 >  1996.00
|   |   |   |   |   |   |   |   |   |   |   |--- class: negative
|   |   |   |   |   |   |   |   |--- feature_47 >  0.02
|   |   |   |   |   |   |   |   |   |--- feature_47 <= 0.98
|   |   |   |   |   |   |   |   |   |   |--- class: positive
|   |   |   |   |   |   |   |   |   |--- feature_47 >  0.98
|   |   |   |   |   |   |   |   |   |   |--- feature_1 <= 1385.50
|   |   |   |   |   |   |   |   |   |   |   |--- class: negative
|   |   |   |   |   |   |   |   |   |   |--- feature_1 >  1385.50
|   |   |   |   |   |   |   |   |   |   |   |--- truncated branch of depth 4
|   |   |   |   |   |   |   |--- feature_24 >  0.71
|   |   |   |   |   |   |   |   |--- feature_12 <= 43.48
|   |   |   |   |   |   |   |   |   |--- class: negative
|   |   |   |   |   |   |   |   |--- feature_12 >  43.48
|   |   |   |   |   |   |   |   |   |--- class: positive
|   |   |   |   |   |   |--- feature_12 >  44.06
|   |   |   |   |   |   |   |--- class: negative
|   |   |   |--- feature_12 >  44.16
|   |   |   |   |--- feature_47 <= 0.00
|   |   |   |   |   |--- feature_0 <= 1993.50
|   |   |   |   |   |   |--- feature_17 <= 0.01
|   |   |   |   |   |   |   |--- feature_2 <= 5.50
|   |   |   |   |   |   |   |   |--- feature_0 <= 1991.50
|   |   |   |   |   |   |   |   |   |--- class: negative
|   |   |   |   |   |   |   |   |--- feature_0 >  1991.50
|   |   |   |   |   |   |   |   |   |--- feature_1 <= 5400.50
|   |   |   |   |   |   |   |   |   |   |--- class: positive
|   |   |   |   |   |   |   |   |   |--- feature_1 >  5400.50
|   |   |   |   |   |   |   |   |   |   |--- class: negative
|   |   |   |   |   |   |   |--- feature_2 >  5.50
|   |   |   |   |   |   |   |   |--- feature_12 <= 66.15
|   |   |   |   |   |   |   |   |   |--- feature_12 <= 64.10
|   |   |   |   |   |   |   |   |   |   |--- feature_11 <= 13.37
|   |   |   |   |   |   |   |   |   |   |   |--- truncated branch of depth 6
|   |   |   |   |   |   |   |   |   |   |--- feature_11 >  13.37
|   |   |   |   |   |   |   |   |   |   |   |--- truncated branch of depth 3
|   |   |   |   |   |   |   |   |   |--- feature_12 >  64.10
|   |   |   |   |   |   |   |   |   |   |--- feature_9 <= 15.55
|   |   |   |   |   |   |   |   |   |   |   |--- class: negative
|   |   |   |   |   |   |   |   |   |   |--- feature_9 >  15.55
|   |   |   |   |   |   |   |   |   |   |   |--- truncated branch of depth 4
|   |   |   |   |   |   |   |   |--- feature_12 >  66.15
|   |   |   |   |   |   |   |   |   |--- feature_0 <= 1981.50
|   |   |   |   |   |   |   |   |   |   |--- feature_13 <= 7.50
|   |   |   |   |   |   |   |   |   |   |   |--- class: positive
|   |   |   |   |   |   |   |   |   |   |--- feature_13 >  7.50
|   |   |   |   |   |   |   |   |   |   |   |--- class: negative
|   |   |   |   |   |   |   |   |   |--- feature_0 >  1981.50
|   |   |   |   |   |   |   |   |   |   |--- class: negative
|   |   |   |   |   |   |--- feature_17 >  0.01
|   |   |   |   |   |   |   |--- class: positive
|   |   |   |   |   |--- feature_0 >  1993.50
|   |   |   |   |   |   |--- feature_9 <= 46.55
|   |   |   |   |   |   |   |--- feature_0 <= 1994.50
|   |   |   |   |   |   |   |   |--- feature_12 <= 53.55
|   |   |   |   |   |   |   |   |   |--- class: positive
|   |   |   |   |   |   |   |   |--- feature_12 >  53.55
|   |   |   |   |   |   |   |   |   |--- class: negative
|   |   |   |   |   |   |   |--- feature_0 >  1994.50
|   |   |   |   |   |   |   |   |--- class: negative
|   |   |   |   |   |   |--- feature_9 >  46.55
|   |   |   |   |   |   |   |--- feature_50 <= 0.50
|   |   |   |   |   |   |   |   |--- class: negative
|   |   |   |   |   |   |   |--- feature_50 >  0.50
|   |   |   |   |   |   |   |   |--- class: positive
|   |   |   |   |--- feature_47 >  0.00
|   |   |   |   |   |--- feature_47 <= 1.00
|   |   |   |   |   |   |--- class: positive
|   |   |   |   |   |--- feature_47 >  1.00
|   |   |   |   |   |   |--- feature_2 <= 5.50
|   |   |   |   |   |   |   |--- feature_24 <= 0.28
|   |   |   |   |   |   |   |   |--- class: negative
|   |   |   |   |   |   |   |--- feature_24 >  0.28
|   |   |   |   |   |   |   |   |--- feature_10 <= 22.59
|   |   |   |   |   |   |   |   |   |--- class: negative
|   |   |   |   |   |   |   |   |--- feature_10 >  22.59
|   |   |   |   |   |   |   |   |   |--- feature_1 <= 82.00
|   |   |   |   |   |   |   |   |   |   |--- class: negative
|   |   |   |   |   |   |   |   |   |--- feature_1 >  82.00
|   |   |   |   |   |   |   |   |   |   |--- class: positive
|   |   |   |   |   |   |--- feature_2 >  5.50
|   |   |   |   |   |   |   |--- feature_1 <= 3951.00
|   |   |   |   |   |   |   |   |--- feature_1 <= 1284.00
|   |   |   |   |   |   |   |   |   |--- feature_2 <= 9.50
|   |   |   |   |   |   |   |   |   |   |--- feature_13 <= 5.86
|   |   |   |   |   |   |   |   |   |   |   |--- class: negative
|   |   |   |   |   |   |   |   |   |   |--- feature_13 >  5.86
|   |   |   |   |   |   |   |   |   |   |   |--- class: positive
|   |   |   |   |   |   |   |   |   |--- feature_2 >  9.50
|   |   |   |   |   |   |   |   |   |   |--- feature_9 <= 8.33
|   |   |   |   |   |   |   |   |   |   |   |--- class: negative
|   |   |   |   |   |   |   |   |   |   |--- feature_9 >  8.33
|   |   |   |   |   |   |   |   |   |   |   |--- truncated branch of depth 7
|   |   |   |   |   |   |   |   |--- feature_1 >  1284.00
|   |   |   |   |   |   |   |   |   |--- feature_1 <= 1580.50
|   |   |   |   |   |   |   |   |   |   |--- feature_11 <= 12.23
|   |   |   |   |   |   |   |   |   |   |   |--- truncated branch of depth 3
|   |   |   |   |   |   |   |   |   |   |--- feature_11 >  12.23
|   |   |   |   |   |   |   |   |   |   |   |--- truncated branch of depth 2
|   |   |   |   |   |   |   |   |   |--- feature_1 >  1580.50
|   |   |   |   |   |   |   |   |   |   |--- feature_10 <= 30.66
|   |   |   |   |   |   |   |   |   |   |   |--- truncated branch of depth 7
|   |   |   |   |   |   |   |   |   |   |--- feature_10 >  30.66
|   |   |   |   |   |   |   |   |   |   |   |--- class: negative
|   |   |   |   |   |   |   |--- feature_1 >  3951.00
|   |   |   |   |   |   |   |   |--- feature_11 <= 13.27
|   |   |   |   |   |   |   |   |   |--- feature_0 <= 1994.50
|   |   |   |   |   |   |   |   |   |   |--- feature_12 <= 61.31
|   |   |   |   |   |   |   |   |   |   |   |--- truncated branch of depth 4
|   |   |   |   |   |   |   |   |   |   |--- feature_12 >  61.31
|   |   |   |   |   |   |   |   |   |   |   |--- truncated branch of depth 2
|   |   |   |   |   |   |   |   |   |--- feature_0 >  1994.50
|   |   |   |   |   |   |   |   |   |   |--- feature_1 <= 6543.00
|   |   |   |   |   |   |   |   |   |   |   |--- class: negative
|   |   |   |   |   |   |   |   |   |   |--- feature_1 >  6543.00
|   |   |   |   |   |   |   |   |   |   |   |--- truncated branch of depth 2
|   |   |   |   |   |   |   |   |--- feature_11 >  13.27
|   |   |   |   |   |   |   |   |   |--- feature_1 <= 4612.50
|   |   |   |   |   |   |   |   |   |   |--- feature_7 <= 13.50
|   |   |   |   |   |   |   |   |   |   |   |--- class: negative
|   |   |   |   |   |   |   |   |   |   |--- feature_7 >  13.50
|   |   |   |   |   |   |   |   |   |   |   |--- truncated branch of depth 4
|   |   |   |   |   |   |   |   |   |--- feature_1 >  4612.50
|   |   |   |   |   |   |   |   |   |   |--- feature_1 <= 9093.00
|   |   |   |   |   |   |   |   |   |   |   |--- class: negative
|   |   |   |   |   |   |   |   |   |   |--- feature_1 >  9093.00
|   |   |   |   |   |   |   |   |   |   |   |--- truncated branch of depth 2
|   |--- feature_20 >  0.00
|   |   |--- class: positive
|--- feature_20 >  1.00
|   |--- feature_12 <= 40.49
|   |   |--- feature_0 <= 1941.00
|   |   |   |--- feature_12 <= 39.68
|   |   |   |   |--- feature_0 <= 1896.00
|   |   |   |   |   |--- class: positive
|   |   |   |   |--- feature_0 >  1896.00
|   |   |   |   |   |--- feature_1 <= 7037.50
|   |   |   |   |   |   |--- feature_0 <= 1917.00
|   |   |   |   |   |   |   |--- feature_9 <= 7.35
|   |   |   |   |   |   |   |   |--- class: positive
|   |   |   |   |   |   |   |--- feature_9 >  7.35
|   |   |   |   |   |   |   |   |--- class: negative
|   |   |   |   |   |   |--- feature_0 >  1917.00
|   |   |   |   |   |   |   |--- class: negative
|   |   |   |   |   |--- feature_1 >  7037.50
|   |   |   |   |   |   |--- feature_35 <= 0.50
|   |   |   |   |   |   |   |--- class: negative
|   |   |   |   |   |   |--- feature_35 >  0.50
|   |   |   |   |   |   |   |--- class: positive
|   |   |   |--- feature_12 >  39.68
|   |   |   |   |--- class: positive
|   |   |--- feature_0 >  1941.00
|   |   |   |--- feature_13 <= 7.98
|   |   |   |   |--- feature_12 <= 36.01
|   |   |   |   |   |--- feature_12 <= 35.99
|   |   |   |   |   |   |--- feature_12 <= 33.36
|   |   |   |   |   |   |   |--- feature_10 <= 9.23
|   |   |   |   |   |   |   |   |--- class: negative
|   |   |   |   |   |   |   |--- feature_10 >  9.23
|   |   |   |   |   |   |   |   |--- feature_35 <= 0.00
|   |   |   |   |   |   |   |   |   |--- feature_13 <= 5.03
|   |   |   |   |   |   |   |   |   |   |--- feature_12 <= 30.15
|   |   |   |   |   |   |   |   |   |   |   |--- class: negative
|   |   |   |   |   |   |   |   |   |   |--- feature_12 >  30.15
|   |   |   |   |   |   |   |   |   |   |   |--- truncated branch of depth 6
|   |   |   |   |   |   |   |   |   |--- feature_13 >  5.03
|   |   |   |   |   |   |   |   |   |   |--- feature_9 <= 10.52
|   |   |   |   |   |   |   |   |   |   |   |--- truncated branch of depth 2
|   |   |   |   |   |   |   |   |   |   |--- feature_9 >  10.52
|   |   |   |   |   |   |   |   |   |   |   |--- truncated branch of depth 2
|   |   |   |   |   |   |   |   |--- feature_35 >  0.00
|   |   |   |   |   |   |   |   |   |--- feature_31 <= 0.01
|   |   |   |   |   |   |   |   |   |   |--- feature_2 <= 3.50
|   |   |   |   |   |   |   |   |   |   |   |--- class: negative
|   |   |   |   |   |   |   |   |   |   |--- feature_2 >  3.50
|   |   |   |   |   |   |   |   |   |   |   |--- truncated branch of depth 6
|   |   |   |   |   |   |   |   |   |--- feature_31 >  0.01
|   |   |   |   |   |   |   |   |   |   |--- class: positive
|   |   |   |   |   |   |--- feature_12 >  33.36
|   |   |   |   |   |   |   |--- feature_0 <= 1987.00
|   |   |   |   |   |   |   |   |--- feature_11 <= 5.90
|   |   |   |   |   |   |   |   |   |--- class: negative
|   |   |   |   |   |   |   |   |--- feature_11 >  5.90
|   |   |   |   |   |   |   |   |   |--- feature_0 <= 1976.50
|   |   |   |   |   |   |   |   |   |   |--- class: positive
|   |   |   |   |   |   |   |   |   |--- feature_0 >  1976.50
|   |   |   |   |   |   |   |   |   |   |--- feature_0 <= 1980.50
|   |   |   |   |   |   |   |   |   |   |   |--- truncated branch of depth 2
|   |   |   |   |   |   |   |   |   |   |--- feature_0 >  1980.50
|   |   |   |   |   |   |   |   |   |   |   |--- class: positive
|   |   |   |   |   |   |   |--- feature_0 >  1987.00
|   |   |   |   |   |   |   |   |--- feature_11 <= 7.38
|   |   |   |   |   |   |   |   |   |--- class: negative
|   |   |   |   |   |   |   |   |--- feature_11 >  7.38
|   |   |   |   |   |   |   |   |   |--- class: positive
|   |   |   |   |   |--- feature_12 >  35.99
|   |   |   |   |   |   |--- feature_10 <= 9.19
|   |   |   |   |   |   |   |--- feature_0 <= 1978.00
|   |   |   |   |   |   |   |   |--- feature_31 <= 0.65
|   |   |   |   |   |   |   |   |   |--- class: positive
|   |   |   |   |   |   |   |   |--- feature_31 >  0.65
|   |   |   |   |   |   |   |   |   |--- feature_0 <= 1974.50
|   |   |   |   |   |   |   |   |   |   |--- class: negative
|   |   |   |   |   |   |   |   |   |--- feature_0 >  1974.50
|   |   |   |   |   |   |   |   |   |   |--- class: positive
|   |   |   |   |   |   |   |--- feature_0 >  1978.00
|   |   |   |   |   |   |   |   |--- class: negative
|   |   |   |   |   |   |--- feature_10 >  9.19
|   |   |   |   |   |   |   |--- feature_11 <= 6.57
|   |   |   |   |   |   |   |   |--- feature_11 <= 6.37
|   |   |   |   |   |   |   |   |   |--- class: negative
|   |   |   |   |   |   |   |   |--- feature_11 >  6.37
|   |   |   |   |   |   |   |   |   |--- class: positive
|   |   |   |   |   |   |   |--- feature_11 >  6.57
|   |   |   |   |   |   |   |   |--- class: negative
|   |   |   |   |--- feature_12 >  36.01
|   |   |   |   |   |--- feature_1 <= 700.00
|   |   |   |   |   |   |--- feature_8 <= 2.50
|   |   |   |   |   |   |   |--- feature_12 <= 39.59
|   |   |   |   |   |   |   |   |--- feature_1 <= 58.00
|   |   |   |   |   |   |   |   |   |--- class: negative
|   |   |   |   |   |   |   |   |--- feature_1 >  58.00
|   |   |   |   |   |   |   |   |   |--- feature_2 <= 1.50
|   |   |   |   |   |   |   |   |   |   |--- feature_2 <= 0.50
|   |   |   |   |   |   |   |   |   |   |   |--- class: positive
|   |   |   |   |   |   |   |   |   |   |--- feature_2 >  0.50
|   |   |   |   |   |   |   |   |   |   |   |--- class: negative
|   |   |   |   |   |   |   |   |   |--- feature_2 >  1.50
|   |   |   |   |   |   |   |   |   |   |--- class: positive
|   |   |   |   |   |   |   |--- feature_12 >  39.59
|   |   |   |   |   |   |   |   |--- feature_12 <= 39.65
|   |   |   |   |   |   |   |   |   |--- class: negative
|   |   |   |   |   |   |   |   |--- feature_12 >  39.65
|   |   |   |   |   |   |   |   |   |--- feature_2 <= 8.50
|   |   |   |   |   |   |   |   |   |   |--- class: positive
|   |   |   |   |   |   |   |   |   |--- feature_2 >  8.50
|   |   |   |   |   |   |   |   |   |   |--- class: negative
|   |   |   |   |   |   |--- feature_8 >  2.50
|   |   |   |   |   |   |   |--- class: negative
|   |   |   |   |   |--- feature_1 >  700.00
|   |   |   |   |   |   |--- feature_10 <= 21.45
|   |   |   |   |   |   |   |--- feature_13 <= 4.72
|   |   |   |   |   |   |   |   |--- class: positive
|   |   |   |   |   |   |   |--- feature_13 >  4.72
|   |   |   |   |   |   |   |   |--- class: negative
|   |   |   |   |   |   |--- feature_10 >  21.45
|   |   |   |   |   |   |   |--- class: positive
|   |   |   |--- feature_13 >  7.98
|   |   |   |   |--- feature_35 <= 0.00
|   |   |   |   |   |--- feature_12 <= 31.28
|   |   |   |   |   |   |--- feature_0 <= 1965.50
|   |   |   |   |   |   |   |--- feature_11 <= 6.51
|   |   |   |   |   |   |   |   |--- class: positive
|   |   |   |   |   |   |   |--- feature_11 >  6.51
|   |   |   |   |   |   |   |   |--- class: negative
|   |   |   |   |   |   |--- feature_0 >  1965.50
|   |   |   |   |   |   |   |--- feature_1 <= 1828.00
|   |   |   |   |   |   |   |   |--- feature_12 <= 28.35
|   |   |   |   |   |   |   |   |   |--- class: negative
|   |   |   |   |   |   |   |   |--- feature_12 >  28.35
|   |   |   |   |   |   |   |   |   |--- class: positive
|   |   |   |   |   |   |   |--- feature_1 >  1828.00
|   |   |   |   |   |   |   |   |--- class: positive
|   |   |   |   |   |--- feature_12 >  31.28
|   |   |   |   |   |   |--- feature_12 <= 39.79
|   |   |   |   |   |   |   |--- feature_9 <= 11.45
|   |   |   |   |   |   |   |   |--- feature_9 <= 11.35
|   |   |   |   |   |   |   |   |   |--- feature_0 <= 1970.50
|   |   |   |   |   |   |   |   |   |   |--- feature_1 <= 1043.00
|   |   |   |   |   |   |   |   |   |   |   |--- class: negative
|   |   |   |   |   |   |   |   |   |   |--- feature_1 >  1043.00
|   |   |   |   |   |   |   |   |   |   |   |--- truncated branch of depth 3
|   |   |   |   |   |   |   |   |   |--- feature_0 >  1970.50
|   |   |   |   |   |   |   |   |   |   |--- class: negative
|   |   |   |   |   |   |   |   |--- feature_9 >  11.35
|   |   |   |   |   |   |   |   |   |--- class: positive
|   |   |   |   |   |   |   |--- feature_9 >  11.45
|   |   |   |   |   |   |   |   |--- class: negative
|   |   |   |   |   |   |--- feature_12 >  39.79
|   |   |   |   |   |   |   |--- class: positive
|   |   |   |   |--- feature_35 >  0.00
|   |   |   |   |   |--- feature_1 <= 522.50
|   |   |   |   |   |   |--- class: negative
|   |   |   |   |   |--- feature_1 >  522.50
|   |   |   |   |   |   |--- feature_9 <= 8.20
|   |   |   |   |   |   |   |--- class: negative
|   |   |   |   |   |   |--- feature_9 >  8.20
|   |   |   |   |   |   |   |--- feature_12 <= 24.75
|   |   |   |   |   |   |   |   |--- class: negative
|   |   |   |   |   |   |   |--- feature_12 >  24.75
|   |   |   |   |   |   |   |   |--- feature_1 <= 1028.50
|   |   |   |   |   |   |   |   |   |--- feature_10 <= 17.26
|   |   |   |   |   |   |   |   |   |   |--- class: negative
|   |   |   |   |   |   |   |   |   |--- feature_10 >  17.26
|   |   |   |   |   |   |   |   |   |   |--- class: positive
|   |   |   |   |   |   |   |   |--- feature_1 >  1028.50
|   |   |   |   |   |   |   |   |   |--- class: positive
|   |--- feature_12 >  40.49
|   |   |--- feature_13 <= 7.99
|   |   |   |--- feature_13 <= 5.03
|   |   |   |   |--- feature_13 <= 4.99
|   |   |   |   |   |--- feature_13 <= 4.03
|   |   |   |   |   |   |--- feature_13 <= 3.99
|   |   |   |   |   |   |   |--- feature_13 <= 3.04
|   |   |   |   |   |   |   |   |--- feature_11 <= 9.00
|   |   |   |   |   |   |   |   |   |--- feature_9 <= 12.30
|   |   |   |   |   |   |   |   |   |   |--- class: negative
|   |   |   |   |   |   |   |   |   |--- feature_9 >  12.30
|   |   |   |   |   |   |   |   |   |   |--- feature_10 <= 16.35
|   |   |   |   |   |   |   |   |   |   |   |--- truncated branch of depth 2
|   |   |   |   |   |   |   |   |   |   |--- feature_10 >  16.35
|   |   |   |   |   |   |   |   |   |   |   |--- class: negative
|   |   |   |   |   |   |   |   |--- feature_11 >  9.00
|   |   |   |   |   |   |   |   |   |--- feature_1 <= 784.50
|   |   |   |   |   |   |   |   |   |   |--- class: negative
|   |   |   |   |   |   |   |   |   |--- feature_1 >  784.50
|   |   |   |   |   |   |   |   |   |   |--- class: positive
|   |   |   |   |   |   |   |--- feature_13 >  3.04
|   |   |   |   |   |   |   |   |--- class: positive
|   |   |   |   |   |   |--- feature_13 >  3.99
|   |   |   |   |   |   |   |--- feature_14 <= 1.50
|   |   |   |   |   |   |   |   |--- class: positive
|   |   |   |   |   |   |   |--- feature_14 >  1.50
|   |   |   |   |   |   |   |   |--- feature_1 <= 103.50
|   |   |   |   |   |   |   |   |   |--- feature_11 <= 6.95
|   |   |   |   |   |   |   |   |   |   |--- feature_0 <= 1946.50
|   |   |   |   |   |   |   |   |   |   |   |--- class: negative
|   |   |   |   |   |   |   |   |   |   |--- feature_0 >  1946.50
|   |   |   |   |   |   |   |   |   |   |   |--- truncated branch of depth 2
|   |   |   |   |   |   |   |   |   |--- feature_11 >  6.95
|   |   |   |   |   |   |   |   |   |   |--- class: negative
|   |   |   |   |   |   |   |   |--- feature_1 >  103.50
|   |   |   |   |   |   |   |   |   |--- class: negative
|   |   |   |   |   |--- feature_13 >  4.03
|   |   |   |   |   |   |--- class: positive
|   |   |   |   |--- feature_13 >  4.99
|   |   |   |   |   |--- feature_0 <= 1996.50
|   |   |   |   |   |   |--- feature_12 <= 70.20
|   |   |   |   |   |   |   |--- feature_7 <= 57.50
|   |   |   |   |   |   |   |   |--- feature_0 <= 1975.50
|   |   |   |   |   |   |   |   |   |--- feature_1 <= 119.00
|   |   |   |   |   |   |   |   |   |   |--- feature_0 <= 1973.50
|   |   |   |   |   |   |   |   |   |   |   |--- truncated branch of depth 4
|   |   |   |   |   |   |   |   |   |   |--- feature_0 >  1973.50
|   |   |   |   |   |   |   |   |   |   |   |--- truncated branch of depth 4
|   |   |   |   |   |   |   |   |   |--- feature_1 >  119.00
|   |   |   |   |   |   |   |   |   |   |--- feature_1 <= 5652.50
|   |   |   |   |   |   |   |   |   |   |   |--- truncated branch of depth 4
|   |   |   |   |   |   |   |   |   |   |--- feature_1 >  5652.50
|   |   |   |   |   |   |   |   |   |   |   |--- truncated branch of depth 3
|   |   |   |   |   |   |   |   |--- feature_0 >  1975.50
|   |   |   |   |   |   |   |   |   |--- class: negative
|   |   |   |   |   |   |   |--- feature_7 >  57.50
|   |   |   |   |   |   |   |   |--- feature_11 <= 7.95
|   |   |   |   |   |   |   |   |   |--- class: positive
|   |   |   |   |   |   |   |   |--- feature_11 >  7.95
|   |   |   |   |   |   |   |   |   |--- class: negative
|   |   |   |   |   |   |--- feature_12 >  70.20
|   |   |   |   |   |   |   |--- feature_31 <= 0.50
|   |   |   |   |   |   |   |   |--- feature_1 <= 2117.50
|   |   |   |   |   |   |   |   |   |--- class: positive
|   |   |   |   |   |   |   |   |--- feature_1 >  2117.50
|   |   |   |   |   |   |   |   |   |--- class: negative
|   |   |   |   |   |   |   |--- feature_31 >  0.50
|   |   |   |   |   |   |   |   |--- class: negative
|   |   |   |   |   |--- feature_0 >  1996.50
|   |   |   |   |   |   |--- feature_1 <= 317.00
|   |   |   |   |   |   |   |--- class: negative
|   |   |   |   |   |   |--- feature_1 >  317.00
|   |   |   |   |   |   |   |--- feature_1 <= 334.00
|   |   |   |   |   |   |   |   |--- feature_10 <= 25.55
|   |   |   |   |   |   |   |   |   |--- class: positive
|   |   |   |   |   |   |   |   |--- feature_10 >  25.55
|   |   |   |   |   |   |   |   |   |--- class: negative
|   |   |   |   |   |   |   |--- feature_1 >  334.00
|   |   |   |   |   |   |   |   |--- class: negative
|   |   |   |--- feature_13 >  5.03
|   |   |   |   |--- feature_13 <= 6.97
|   |   |   |   |   |--- feature_8 <= 2.50
|   |   |   |   |   |   |--- class: positive
|   |   |   |   |   |--- feature_8 >  2.50
|   |   |   |   |   |   |--- class: negative
|   |   |   |   |--- feature_13 >  6.97
|   |   |   |   |   |--- feature_13 <= 7.00
|   |   |   |   |   |   |--- feature_9 <= 15.05
|   |   |   |   |   |   |   |--- class: negative
|   |   |   |   |   |   |--- feature_9 >  15.05
|   |   |   |   |   |   |   |--- feature_7 <= 2.50
|   |   |   |   |   |   |   |   |--- feature_1 <= 221.00
|   |   |   |   |   |   |   |   |   |--- feature_0 <= 1982.50
|   |   |   |   |   |   |   |   |   |   |--- class: positive
|   |   |   |   |   |   |   |   |   |--- feature_0 >  1982.50
|   |   |   |   |   |   |   |   |   |   |--- class: negative
|   |   |   |   |   |   |   |   |--- feature_1 >  221.00
|   |   |   |   |   |   |   |   |   |--- feature_0 <= 2003.50
|   |   |   |   |   |   |   |   |   |   |--- class: negative
|   |   |   |   |   |   |   |   |   |--- feature_0 >  2003.50
|   |   |   |   |   |   |   |   |   |   |--- class: positive
|   |   |   |   |   |   |   |--- feature_7 >  2.50
|   |   |   |   |   |   |   |   |--- class: negative
|   |   |   |   |   |--- feature_13 >  7.00
|   |   |   |   |   |   |--- class: positive
|   |   |--- feature_13 >  7.99
|   |   |   |--- feature_1 <= 1946.50
|   |   |   |   |--- feature_1 <= 126.00
|   |   |   |   |   |--- feature_1 <= 123.00
|   |   |   |   |   |   |--- feature_0 <= 1984.50
|   |   |   |   |   |   |   |--- feature_7 <= 41.00
|   |   |   |   |   |   |   |   |--- feature_1 <= 76.50
|   |   |   |   |   |   |   |   |   |--- feature_0 <= 1974.50
|   |   |   |   |   |   |   |   |   |   |--- class: negative
|   |   |   |   |   |   |   |   |   |--- feature_0 >  1974.50
|   |   |   |   |   |   |   |   |   |   |--- feature_9 <= 13.85
|   |   |   |   |   |   |   |   |   |   |   |--- truncated branch of depth 2
|   |   |   |   |   |   |   |   |   |   |--- feature_9 >  13.85
|   |   |   |   |   |   |   |   |   |   |   |--- truncated branch of depth 3
|   |   |   |   |   |   |   |   |--- feature_1 >  76.50
|   |   |   |   |   |   |   |   |   |--- class: negative
|   |   |   |   |   |   |   |--- feature_7 >  41.00
|   |   |   |   |   |   |   |   |--- feature_2 <= 6.00
|   |   |   |   |   |   |   |   |   |--- class: negative
|   |   |   |   |   |   |   |   |--- feature_2 >  6.00
|   |   |   |   |   |   |   |   |   |--- class: positive
|   |   |   |   |   |   |--- feature_0 >  1984.50
|   |   |   |   |   |   |   |--- class: negative
|   |   |   |   |   |--- feature_1 >  123.00
|   |   |   |   |   |   |--- feature_7 <= 2.50
|   |   |   |   |   |   |   |--- feature_2 <= 6.50
|   |   |   |   |   |   |   |   |--- feature_10 <= 14.77
|   |   |   |   |   |   |   |   |   |--- feature_11 <= 7.41
|   |   |   |   |   |   |   |   |   |   |--- feature_11 <= 7.08
|   |   |   |   |   |   |   |   |   |   |   |--- truncated branch of depth 2
|   |   |   |   |   |   |   |   |   |   |--- feature_11 >  7.08
|   |   |   |   |   |   |   |   |   |   |   |--- class: negative
|   |   |   |   |   |   |   |   |   |--- feature_11 >  7.41
|   |   |   |   |   |   |   |   |   |   |--- class: positive
|   |   |   |   |   |   |   |   |--- feature_10 >  14.77
|   |   |   |   |   |   |   |   |   |--- class: negative
|   |   |   |   |   |   |   |--- feature_2 >  6.50
|   |   |   |   |   |   |   |   |--- class: positive
|   |   |   |   |   |   |--- feature_7 >  2.50
|   |   |   |   |   |   |   |--- class: negative
|   |   |   |   |--- feature_1 >  126.00
|   |   |   |   |   |--- feature_1 <= 942.50
|   |   |   |   |   |   |--- class: negative
|   |   |   |   |   |--- feature_1 >  942.50
|   |   |   |   |   |   |--- feature_1 <= 953.00
|   |   |   |   |   |   |   |--- class: positive
|   |   |   |   |   |   |--- feature_1 >  953.00
|   |   |   |   |   |   |   |--- feature_10 <= 37.90
|   |   |   |   |   |   |   |   |--- class: negative
|   |   |   |   |   |   |   |--- feature_10 >  37.90
|   |   |   |   |   |   |   |   |--- feature_10 <= 39.60
|   |   |   |   |   |   |   |   |   |--- class: positive
|   |   |   |   |   |   |   |   |--- feature_10 >  39.60
|   |   |   |   |   |   |   |   |   |--- class: negative
|   |   |   |--- feature_1 >  1946.50
|   |   |   |   |--- feature_10 <= 43.30
|   |   |   |   |   |--- feature_40 <= 0.08
|   |   |   |   |   |   |--- feature_1 <= 2988.00
|   |   |   |   |   |   |   |--- class: negative
|   |   |   |   |   |   |--- feature_1 >  2988.00
|   |   |   |   |   |   |   |--- feature_1 <= 3143.00
|   |   |   |   |   |   |   |   |--- feature_12 <= 44.10
|   |   |   |   |   |   |   |   |   |--- class: negative
|   |   |   |   |   |   |   |   |--- feature_12 >  44.10
|   |   |   |   |   |   |   |   |   |--- class: positive
|   |   |   |   |   |   |   |--- feature_1 >  3143.00
|   |   |   |   |   |   |   |   |--- feature_1 <= 4222.00
|   |   |   |   |   |   |   |   |   |--- class: negative
|   |   |   |   |   |   |   |   |--- feature_1 >  4222.00
|   |   |   |   |   |   |   |   |   |--- feature_1 <= 4331.00
|   |   |   |   |   |   |   |   |   |   |--- class: positive
|   |   |   |   |   |   |   |   |   |--- feature_1 >  4331.00
|   |   |   |   |   |   |   |   |   |   |--- feature_11 <= 8.75
|   |   |   |   |   |   |   |   |   |   |   |--- truncated branch of depth 4
|   |   |   |   |   |   |   |   |   |   |--- feature_11 >  8.75
|   |   |   |   |   |   |   |   |   |   |   |--- truncated branch of depth 4
|   |   |   |   |   |--- feature_40 >  0.08
|   |   |   |   |   |   |--- feature_1 <= 7065.50
|   |   |   |   |   |   |   |--- class: negative
|   |   |   |   |   |   |--- feature_1 >  7065.50
|   |   |   |   |   |   |   |--- feature_1 <= 15090.00
|   |   |   |   |   |   |   |   |--- class: positive
|   |   |   |   |   |   |   |--- feature_1 >  15090.00
|   |   |   |   |   |   |   |   |--- class: negative
|   |   |   |   |--- feature_10 >  43.30
|   |   |   |   |   |--- feature_12 <= 58.50
|   |   |   |   |   |   |--- feature_1 <= 2158.50
|   |   |   |   |   |   |   |--- class: positive
|   |   |   |   |   |   |--- feature_1 >  2158.50
|   |   |   |   |   |   |   |--- class: negative
|   |   |   |   |   |--- feature_12 >  58.50
|   |   |   |   |   |   |--- class: positive
