|--- feature_31 <= 1.00
|   |--- feature_31 <= 0.00
|   |   |--- feature_0 <= 1972.50
|   |   |   |--- feature_17 <= 1.00
|   |   |   |   |--- feature_17 <= 0.00
|   |   |   |   |   |--- feature_32 <= 0.00
|   |   |   |   |   |   |--- feature_12 <= 40.46
|   |   |   |   |   |   |   |--- feature_22 <= 1.00
|   |   |   |   |   |   |   |   |--- feature_22 <= 0.00
|   |   |   |   |   |   |   |   |   |--- feature_35 <= 0.04
|   |   |   |   |   |   |   |   |   |   |--- feature_12 <= 27.45
|   |   |   |   |   |   |   |   |   |   |   |--- truncated branch of depth 3
|   |   |   |   |   |   |   |   |   |   |--- feature_12 >  27.45
|   |   |   |   |   |   |   |   |   |   |   |--- truncated branch of depth 4
|   |   |   |   |   |   |   |   |   |--- feature_35 >  0.04
|   |   |   |   |   |   |   |   |   |   |--- feature_1 <= 187.00
|   |   |   |   |   |   |   |   |   |   |   |--- truncated branch of depth 7
|   |   |   |   |   |   |   |   |   |   |--- feature_1 >  187.00
|   |   |   |   |   |   |   |   |   |   |   |--- truncated branch of depth 10
|   |   |   |   |   |   |   |   |--- feature_22 >  0.00
|   |   |   |   |   |   |   |   |   |--- class: positive
|   |   |   |   |   |   |   |--- feature_22 >  1.00
|   |   |   |   |   |   |   |   |--- feature_52 <= 0.99
|   |   |   |   |   |   |   |   |   |--- feature_14 <= 1.50
|   |   |   |   |   |   |   |   |   |   |--- feature_9 <= 7.30
|   |   |   |   |   |   |   |   |   |   |   |--- truncated branch of depth 3
|   |   |   |   |   |   |   |   |   |   |--- feature_9 >  7.30
|   |   |   |   |   |   |   |   |   |   |   |--- truncated branch of depth 9
|   |   |   |   |   |   |   |   |   |--- feature_14 >  1.50
|   |   |   |   |   |   |   |   |   |   |--- feature_10 <= 7.55
|   |   |   |   |   |   |   |   |   |   |   |--- class: negative
|   |   |   |   |   |   |   |   |   |   |--- feature_10 >  7.55
|   |   |   |   |   |   |   |   |   |   |   |--- truncated branch of depth 10
|   |   |   |   |   |   |   |   |--- feature_52 >  0.99
|   |   |   |   |   |   |   |   |   |--- feature_1 <= 142.00
|   |   |   |   |   |   |   |   |   |   |--- feature_10 <= 12.25
|   |   |   |   |   |   |   |   |   |   |   |--- truncated branch of depth 3
|   |   |   |   |   |   |   |   |   |   |--- feature_10 >  12.25
|   |   |   |   |   |   |   |   |   |   |   |--- class: negative
|   |   |   |   |   |   |   |   |   |--- feature_1 >  142.00
|   |   |   |   |   |   |   |   |   |   |--- feature_10 <= 36.70
|   |   |   |   |   |   |   |   |   |   |   |--- truncated branch of depth 6
|   |   |   |   |   |   |   |   |   |   |--- feature_10 >  36.70
|   |   |   |   |   |   |   |   |   |   |   |--- class: negative
|   |   |   |   |   |   |--- feature_12 >  40.46
|   |   |   |   |   |   |   |--- feature_23 <= 0.06
|   |   |   |   |   |   |   |   |--- feature_12 <= 59.53
|   |   |   |   |   |   |   |   |   |--- feature_40 <= 0.19
|   |   |   |   |   |   |   |   |   |   |--- feature_9 <= 40.24
|   |   |   |   |   |   |   |   |   |   |   |--- truncated branch of depth 9
|   |   |   |   |   |   |   |   |   |   |--- feature_9 >  40.24
|   |   |   |   |   |   |   |   |   |   |   |--- truncated branch of depth 3
|   |   |   |   |   |   |   |   |   |--- feature_40 >  0.19
|   |   |   |   |   |   |   |   |   |   |--- feature_35 <= 0.30
|   |   |   |   |   |   |   |   |   |   |   |--- class: negative
|   |   |   |   |   |   |   |   |   |   |--- feature_35 >  0.30
|   |   |   |   |   |   |   |   |   |   |   |--- class: positive
|   |   |   |   |   |   |   |   |--- feature_12 >  59.53
|   |   |   |   |   |   |   |   |   |--- feature_1 <= 1294.50
|   |   |   |   |   |   |   |   |   |   |--- feature_49 <= 0.60
|   |   |   |   |   |   |   |   |   |   |   |--- class: positive
|   |   |   |   |   |   |   |   |   |   |--- feature_49 >  0.60
|   |   |   |   |   |   |   |   |   |   |   |--- class: negative
|   |   |   |   |   |   |   |   |   |--- feature_1 >  1294.50
|   |   |   |   |   |   |   |   |   |   |--- feature_1 <= 17027.50
|   |   |   |   |   |   |   |   |   |   |   |--- class: negative
|   |   |   |   |   |   |   |   |   |   |--- feature_1 >  17027.50
|   |   |   |   |   |   |   |   |   |   |   |--- class: positive
|   |   |   |   |   |   |   |--- feature_23 >  0.06
|   |   |   |   |   |   |   |   |--- feature_23 <= 0.98
|   |   |   |   |   |   |   |   |   |--- class: positive
|   |   |   |   |   |   |   |   |--- feature_23 >  0.98
|   |   |   |   |   |   |   |   |   |--- feature_11 <= 9.40
|   |   |   |   |   |   |   |   |   |   |--- class: negative
|   |   |   |   |   |   |   |   |   |--- feature_11 >  9.40
|   |   |   |   |   |   |   |   |   |   |--- feature_7 <= 47.50
|   |   |   |   |   |   |   |   |   |   |   |--- truncated branch of depth 4
|   |   |   |   |   |   |   |   |   |   |--- feature_7 >  47.50
|   |   |   |   |   |   |   |   |   |   |   |--- class: positive
|   |   |   |   |   |--- feature_32 >  0.00
|   |   |   |   |   |   |--- feature_23 <= 1.00
|   |   |   |   |   |   |   |--- feature_1 <= 24375.00
|   |   |   |   |   |   |   |   |--- feature_7 <= 0.50
|   |   |   |   |   |   |   |   |   |--- feature_10 <= 130.17
|   |   |   |   |   |   |   |   |   |   |--- feature_12 <= 42.77
|   |   |   |   |   |   |   |   |   |   |   |--- class: positive
|   |   |   |   |   |   |   |   |   |   |--- feature_12 >  42.77
|   |   |   |   |   |   |   |   |   |   |   |--- truncated branch of depth 4
|   |   |   |   |   |   |   |   |   |--- feature_10 >  130.17
|   |   |   |   |   |   |   |   |   |   |--- class: positive
|   |   |   |   |   |   |   |   |--- feature_7 >  0.50
|   |   |   |   |   |   |   |   |   |--- feature_1 <= 17125.50
|   |   |   |   |   |   |   |   |   |   |--- feature_12 <= 65.70
|   |   |   |   |   |   |   |   |   |   |   |--- truncated branch of depth 8
|   |   |   |   |   |   |   |   |   |   |--- feature_12 >  65.70
|   |   |   |   |   |   |   |   |   |   |   |--- class: positive
|   |   |   |   |   |   |   |   |   |--- feature_1 >  17125.50
|   |   |   |   |   |   |   |   |   |   |--- feature_9 <= 10.02
|   |   |   |   |   |   |   |   |   |   |   |--- truncated branch of depth 2
|   |   |   |   |   |   |   |   |   |   |--- feature_9 >  10.02
|   |   |   |   |   |   |   |   |   |   |   |--- truncated branch of depth 5
|   |   |   |   |   |   |   |--- feature_1 >  24375.00
|   |   |   |   |   |   |   |   |--- feature_32 <= 0.73
|   |   |   |   |   |   |   |   |   |--- class: positive
|   |   |   |   |   |   |   |   |--- feature_32 >  0.73
|   |   |   |   |   |   |   |   |   |--- class: negative
|   |   |   |   |   |   |--- feature_23 >  1.00
|   |   |   |   |   |   |   |--- feature_12 <= 58.05
|   |   |   |   |   |   |   |   |--- feature_7 <= 1.00
|   |   |   |   |   |   |   |   |   |--- class: negative
|   |   |   |   |   |   |   |   |--- feature_7 >  1.00
|   |   |   |   |   |   |   |   |   |--- feature_1 <= 67185.00
|   |   |   |   |   |   |   |   |   |   |--- feature_9 <= 21.75
|   |   |   |   |   |   |   |   |   |   |   |--- truncated branch of depth 2
|   |   |   |   |   |   |   |   |   |   |--- feature_9 >  21.75
|   |   |   |   |   |   |   |   |   |   |   |--- truncated branch of depth 3
|   |   |   |   |   |   |   |   |   |--- feature_1 >  67185.00
|   |   |   |   |   |   |   |   |   |   |--- class: negative
|   |   |   |   |   |   |   |--- feature_12 >  58.05
|   |   |   |   |   |   |   |   |--- feature_10 <= 49.45
|   |   |   |   |   |   |   |   |   |--- feature_9 <= 18.05
|   |   |   |   |   |   |   |   |   |   |--- class: negative
|   |   |   |   |   |   |   |   |   |--- feature_9 >  18.05
|   |   |   |   |   |   |   |   |   |   |--- class: positive
|   |   |   |   |   |   |   |   |--- feature_10 >  49.45
|   |   |   |   |   |   |   |   |   |--- class: negative
|   |   |   |   |--- feature_17 >  0.00
|   |   |   |   |   |--- class: positive
|   |   |   |--- feature_17 >  1.00
|   |   |   |   |--- feature_0 <= 1923.50
|   |   |   |   |   |--- feature_12 <= 20.25
|   |   |   |   |   |   |--- feature_12 <= 19.35
|   |   |   |   |   |   |   |--- class: negative
|   |   |   |   |   |   |--- feature_12 >  19.35
|   |   |   |   |   |   |   |--- class: positive
|   |   |   |   |   |--- feature_12 >  20.25
|   |   |   |   |   |   |--- class: negative
|   |   |   |   |--- feature_0 >  1923.50
|   |   |   |   |   |--- feature_1 <= 1479.00
|   |   |   |   |   |   |--- feature_1 <= 1413.00
|   |   |   |   |   |   |   |--- feature_13 <= 5.00
|   |   |   |   |   |   |   |   |--- feature_13 <= 4.01
|   |   |   |   |   |   |   |   |   |--- feature_47 <= 0.98
|   |   |   |   |   |   |   |   |   |   |--- feature_47 <= 0.02
|   |   |   |   |   |   |   |   |   |   |   |--- truncated branch of depth 8
|   |   |   |   |   |   |   |   |   |   |--- feature_47 >  0.02
|   |   |   |   |   |   |   |   |   |   |   |--- class: positive
|   |   |   |   |   |   |   |   |   |--- feature_47 >  0.98
|   |   |   |   |   |   |   |   |   |   |--- feature_10 <= 7.05
|   |   |   |   |   |   |   |   |   |   |   |--- truncated branch of depth 4
|   |   |   |   |   |   |   |   |   |   |--- feature_10 >  7.05
|   |   |   |   |   |   |   |   |   |   |   |--- class: negative
|   |   |   |   |   |   |   |   |--- feature_13 >  4.01
|   |   |   |   |   |   |   |   |   |--- class: positive
|   |   |   |   |   |   |   |--- feature_13 >  5.00
|   |   |   |   |   |   |   |   |--- feature_7 <= 7.50
|   |   |   |   |   |   |   |   |   |--- feature_1 <= 50.00
|   |   |   |   |   |   |   |   |   |   |--- feature_0 <= 1962.50
|   |   |   |   |   |   |   |   |   |   |   |--- class: negative
|   |   |   |   |   |   |   |   |   |   |--- feature_0 >  1962.50
|   |   |   |   |   |   |   |   |   |   |   |--- class: positive
|   |   |   |   |   |   |   |   |   |--- feature_1 >  50.00
|   |   |   |   |   |   |   |   |   |   |--- feature_0 <= 1937.50
|   |   |   |   |   |   |   |   |   |   |   |--- class: negative
|   |   |   |   |   |   |   |   |   |   |--- feature_0 >  1937.50
|   |   |   |   |   |   |   |   |   |   |   |--- truncated branch of depth 5
|   |   |   |   |   |   |   |   |--- feature_7 >  7.50
|   |   |   |   |   |   |   |   |   |--- feature_12 <= 15.35
|   |   |   |   |   |   |   |   |   |   |--- class: positive
|   |   |   |   |   |   |   |   |   |--- feature_12 >  15.35
|   |   |   |   |   |   |   |   |   |   |--- feature_1 <= 692.00
|   |   |   |   |   |   |   |   |   |   |   |--- truncated branch of depth 9
|   |   |   |   |   |   |   |   |   |   |--- feature_1 >  692.00
|   |   |   |   |   |   |   |   |   |   |   |--- class: negative
|   |   |   |   |   |   |--- feature_1 >  1413.00
|   |   |   |   |   |   |   |--- feature_10 <= 22.73
|   |   |   |   |   |   |   |   |--- feature_49 <= 0.50
|   |   |   |   |   |   |   |   |   |--- class: positive
|   |   |   |   |   |   |   |   |--- feature_49 >  0.50
|   |   |   |   |   |   |   |   |   |--- class: negative
|   |   |   |   |   |   |   |--- feature_10 >  22.73
|   |   |   |   |   |   |   |   |--- class: negative
|   |   |   |   |   |--- feature_1 >  1479.00
|   |   |   |   |   |   |--- feature_0 <= 1937.50
|   |   |   |   |   |   |   |--- feature_12 <= 38.25
|   |   |   |   |   |   |   |   |--- feature_11 <= 11.00
|   |   |   |   |   |   |   |   |   |--- feature_7 <= 37.50
|   |   |   |   |   |   |   |   |   |   |--- feature_13 <= 3.50
|   |   |   |   |   |   |   |   |   |   |   |--- truncated branch of depth 2
|   |   |   |   |   |   |   |   |   |   |--- feature_13 >  3.50
|   |   |   |   |   |   |   |   |   |   |   |--- class: negative
|   |   |   |   |   |   |   |   |   |--- feature_7 >  37.50
|   |   |   |   |   |   |   |   |   |   |--- class: positive
|   |   |   |   |   |   |   |   |--- feature_11 >  11.00
|   |   |   |   |   |   |   |   |   |--- feature_7 <= 17.50
|   |   |   |   |   |   |   |   |   |   |--- feature_13 <= 6.50
|   |   |   |   |   |   |   |   |   |   |   |--- truncated branch of depth 2
|   |   |   |   |   |   |   |   |   |   |--- feature_13 >  6.50
|   |   |   |   |   |   |   |   |   |   |   |--- truncated branch of depth 2
|   |   |   |   |   |   |   |   |   |--- feature_7 >  17.50
|   |   |   |   |   |   |   |   |   |   |--- class: negative
|   |   |   |   |   |   |   |--- feature_12 >  38.25
|   |   |   |   |   |   |   |   |--- feature_12 <= 76.50
|   |   |   |   |   |   |   |   |   |--- feature_7 <= 25.00
|   |   |   |   |   |   |   |   |   |   |--- class: negative
|   |   |   |   |   |   |   |   |   |--- feature_7 >  25.00
|   |   |   |   |   |   |   |   |   |   |--- feature_0 <= 1934.50
|   |   |   |   |   |   |   |   |   |   |   |--- class: negative
|   |   |   |   |   |   |   |   |   |   |--- feature_0 >  1934.50
|   |   |   |   |   |   |   |   |   |   |   |--- truncated branch of depth 3
|   |   |   |   |   |   |   |   |--- feature_12 >  76.50
|   |   |   |   |   |   |   |   |   |--- class: positive
|   |   |   |   |   |   |--- feature_0 >  1937.50
|   |   |   |   |   |   |   |--- feature_7 <= 37.00
|   |   |   |   |   |   |   |   |--- class: negative
|   |   |   |   |   |   |   |--- feature_7 >  37.00
|   |   |   |   |   |   |   |   |--- feature_1 <= 13204.00
|   |   |   |   |   |   |   |   |   |--- class: negative
|   |   |   |   |   |   |   |   |--- feature_1 >  13204.00
|   |   |   |   |   |   |   |   |   |--- class: positive
|   |   |--- feature_0 >  1972.50
|   |   |   |--- feature_12 <= 40.49
|   |   |   |   |--- feature_49 <= 0.92
|   |   |   |   |   |--- feature_49 <= 0.01
|   |   |   |   |   |   |--- feature_13 <= 7.99
|   |   |   |   |   |   |   |--- feature_7 <= 9.00
|   |   |   |   |   |   |   |   |--- feature_12 <= 37.84
|   |   |   |   |   |   |   |   |   |--- feature_13 <= 5.01
|   |   |   |   |   |   |   |   |   |   |--- feature_11 <= 5.95
|   |   |   |   |   |   |   |   |   |   |   |--- class: negative
|   |   |   |   |   |   |   |   |   |   |--- feature_11 >  5.95
|   |   |   |   |   |   |   |   |   |   |   |--- truncated branch of depth 5
|   |   |   |   |   |   |   |   |   |--- feature_13 >  5.01
|   |   |   |   |   |   |   |   |   |   |--- feature_39 <= 0.80
|   |   |   |   |   |   |   |   |   |   |   |--- class: positive
|   |   |   |   |   |   |   |   |   |   |--- feature_39 >  0.80
|   |   |   |   |   |   |   |   |   |   |   |--- class: negative
|   |   |   |   |   |   |   |   |--- feature_12 >  37.84
|   |   |   |   |   |   |   |   |   |--- class: positive
|   |   |   |   |   |   |   |--- feature_7 >  9.00
|   |   |   |   |   |   |   |   |--- feature_0 <= 1975.50
|   |   |   |   |   |   |   |   |   |--- feature_10 <= 12.25
|   |   |   |   |   |   |   |   |   |   |--- class: positive
|   |   |   |   |   |   |   |   |   |--- feature_10 >  12.25
|   |   |   |   |   |   |   |   |   |   |--- class: negative
|   |   |   |   |   |   |   |   |--- feature_0 >  1975.50
|   |   |   |   |   |   |   |   |   |--- class: negative
|   |   |   |   |   |   |--- feature_13 >  7.99
|   |   |   |   |   |   |   |--- feature_12 <= 2.25
|   |   |   |   |   |   |   |   |--- class: positive
|   |   |   |   |   |   |   |--- feature_12 >  2.25
|   |   |   |   |   |   |   |   |--- class: negative
|   |   |   |   |   |--- feature_49 >  0.01
|   |   |   |   |   |   |--- class: positive
|   |   |   |   |--- feature_49 >  0.92
|   |   |   |   |   |--- class: negative
|   |   |   |--- feature_12 >  40.49
|   |   |   |   |--- feature_1 <= 11646.50
|   |   |   |   |   |--- feature_24 <= 0.50
|   |   |   |   |   |   |--- class: negative
|   |   |   |   |   |--- feature_24 >  0.50
|   |   |   |   |   |   |--- feature_0 <= 1977.50
|   |   |   |   |   |   |   |--- class: positive
|   |   |   |   |   |   |--- feature_0 >  1977.50
|   |   |   |   |   |   |   |--- class: negative
|   |   |   |   |--- feature_1 >  11646.50
|   |   |   |   |   |--- feature_12 <= 54.23
|   |   |   |   |   |   |--- class: negative
|   |   |   |   |   |--- feature_12 >  54.23
|   |   |   |   |   |   |--- feature_8 <= 3.50
|   |   |   |   |   |   |   |--- class: positive
|   |   |   |   |   |   |--- feature_8 >  3.50
|   |   |   |   |   |   |   |--- class: negative
|   |--- feature_31 >  0.00
|   |   |--- class: positive
|--- feature_31 >  1.00
|   |--- feature_12 <= 44.10
|   |   |--- feature_0 <= 1986.50
|   |   |   |--- feature_39 <= 0.00
|   |   |   |   |--- feature_11 <= 8.51
|   |   |   |   |   |--- feature_22 <= 0.02
|   |   |   |   |   |   |--- feature_10 <= 11.80
|   |   |   |   |   |   |   |--- feature_1 <= 65.00
|   |   |   |   |   |   |   |   |--- feature_9 <= 8.60
|   |   |   |   |   |   |   |   |   |--- class: negative
|   |   |   |   |   |   |   |   |--- feature_9 >  8.60
|   |   |   |   |   |   |   |   |   |--- class: positive
|   |   |   |   |   |   |   |--- feature_1 >  65.00
|   |   |   |   |   |   |   |   |--- feature_0 <= 1962.00
|   |   |   |   |   |   |   |   |   |--- feature_12 <= 39.94
|   |   |   |   |   |   |   |   |   |   |--- feature_1 <= 497.50
|   |   |   |   |   |   |   |   |   |   |   |--- truncated branch of depth 2
|   |   |   |   |   |   |   |   |   |   |--- feature_1 >  497.50
|   |   |   |   |   |   |   |   |   |   |   |--- class: negative
|   |   |   |   |   |   |   |   |   |--- feature_12 >  39.94
|   |   |   |   |   |   |   |   |   |   |--- class: negative
|   |   |   |   |   |   |   |   |--- feature_0 >  1962.00
|   |   |   |   |   |   |   |   |   |--- feature_12 <= 42.30
|   |   |   |   |   |   |   |   |   |   |--- class: negative
|   |   |   |   |   |   |   |   |   |--- feature_12 >  42.30
|   |   |   |   |   |   |   |   |   |   |--- feature_9 <= 7.30
|   |   |   |   |   |   |   |   |   |   |   |--- truncated branch of depth 2
|   |   |   |   |   |   |   |   |   |   |--- feature_9 >  7.30
|   |   |   |   |   |   |   |   |   |   |   |--- class: negative
|   |   |   |   |   |   |--- feature_10 >  11.80
|   |   |   |   |   |   |   |--- feature_1 <= 581.50
|   |   |   |   |   |   |   |   |--- feature_7 <= 2.00
|   |   |   |   |   |   |   |   |   |--- feature_0 <= 1985.50
|   |   |   |   |   |   |   |   |   |   |--- feature_47 <= 0.50
|   |   |   |   |   |   |   |   |   |   |   |--- truncated branch of depth 7
|   |   |   |   |   |   |   |   |   |   |--- feature_47 >  0.50
|   |   |   |   |   |   |   |   |   |   |   |--- class: negative
|   |   |   |   |   |   |   |   |   |--- feature_0 >  1985.50
|   |   |   |   |   |   |   |   |   |   |--- feature_9 <= 10.02
|   |   |   |   |   |   |   |   |   |   |   |--- truncated branch of depth 2
|   |   |   |   |   |   |   |   |   |   |--- feature_9 >  10.02
|   |   |   |   |   |   |   |   |   |   |   |--- class: negative
|   |   |   |   |   |   |   |   |--- feature_7 >  2.00
|   |   |   |   |   |   |   |   |   |--- class: negative
|   |   |   |   |   |   |   |--- feature_1 >  581.50
|   |   |   |   |   |   |   |   |--- feature_1 <= 595.50
|   |   |   |   |   |   |   |   |   |--- feature_18 <= 0.21
|   |   |   |   |   |   |   |   |   |   |--- class: negative
|   |   |   |   |   |   |   |   |   |--- feature_18 >  0.21
|   |   |   |   |   |   |   |   |   |   |--- class: positive
|   |   |   |   |   |   |   |   |--- feature_1 >  595.50
|   |   |   |   |   |   |   |   |   |--- feature_11 <= 6.60
|   |   |   |   |   |   |   |   |   |   |--- feature_0 <= 1967.00
|   |   |   |   |   |   |   |   |   |   |   |--- class: positive
|   |   |   |   |   |   |   |   |   |   |--- feature_0 >  1967.00
|   |   |   |   |   |   |   |   |   |   |   |--- class: negative
|   |   |   |   |   |   |   |   |   |--- feature_11 >  6.60
|   |   |   |   |   |   |   |   |   |   |--- feature_7 <= 46.00
|   |   |   |   |   |   |   |   |   |   |   |--- truncated branch of depth 4
|   |   |   |   |   |   |   |   |   |   |--- feature_7 >  46.00
|   |   |   |   |   |   |   |   |   |   |   |--- truncated branch of depth 2
|   |   |   |   |   |--- feature_22 >  0.02
|   |   |   |   |   |   |--- feature_22 <= 0.98
|   |   |   |   |   |   |   |--- class: positive
|   |   |   |   |   |   |--- feature_22 >  0.98
|   |   |   |   |   |   |   |--- feature_1 <= 105.00
|   |   |   |   |   |   |   |   |--- feature_1 <= 86.50
|   |   |   |   |   |   |   |   |   |--- class: negative
|   |   |   |   |   |   |   |   |--- feature_1 >  86.50
|   |   |   |   |   |   |   |   |   |--- feature_0 <= 1969.00
|   |   |   |   |   |   |   |   |   |   |--- class: positive
|   |   |   |   |   |   |   |   |   |--- feature_0 >  1969.00
|   |   |   |   |   |   |   |   |   |   |--- class: negative
|   |   |   |   |   |   |   |--- feature_1 >  105.00
|   |   |   |   |   |   |   |   |--- class: negative
|   |   |   |   |--- feature_11 >  8.51
|   |   |   |   |   |--- feature_2 <= 6.50
|   |   |   |   |   |   |--- feature_12 <= 25.20
|   |   |   |   |   |   |   |--- feature_0 <= 1954.50
|   |   |   |   |   |   |   |   |--- class: negative
|   |   |   |   |   |   |   |--- feature_0 >  1954.50
|   |   |   |   |   |   |   |   |--- class: positive
|   |   |   |   |   |   |--- feature_12 >  25.20
|   |   |   |   |   |   |   |--- feature_13 <= 3.54
|   |   |   |   |   |   |   |   |--- feature_10 <= 69.67
|   |   |   |   |   |   |   |   |   |--- class: negative
|   |   |   |   |   |   |   |   |--- feature_10 >  69.67
|   |   |   |   |   |   |   |   |   |--- class: positive
|   |   |   |   |   |   |   |--- feature_13 >  3.54
|   |   |   |   |   |   |   |   |--- feature_11 <= 8.76
|   |   |   |   |   |   |   |   |   |--- feature_18 <= 0.04
|   |   |   |   |   |   |   |   |   |   |--- feature_0 <= 1967.50
|   |   |   |   |   |   |   |   |   |   |   |--- truncated branch of depth 2
|   |   |   |   |   |   |   |   |   |   |--- feature_0 >  1967.50
|   |   |   |   |   |   |   |   |   |   |   |--- class: negative
|   |   |   |   |   |   |   |   |   |--- feature_18 >  0.04
|   |   |   |   |   |   |   |   |   |   |--- feature_7 <= 17.50
|   |   |   |   |   |   |   |   |   |   |   |--- class: positive
|   |   |   |   |   |   |   |   |   |   |--- feature_7 >  17.50
|   |   |   |   |   |   |   |   |   |   |   |--- class: negative
|   |   |   |   |   |   |   |   |--- feature_11 >  8.76
|   |   |   |   |   |   |   |   |   |--- feature_21 <= 0.20
|   |   |   |   |   |   |   |   |   |   |--- class: negative
|   |   |   |   |   |   |   |   |   |--- feature_21 >  0.20
|   |   |   |   |   |   |   |   |   |   |--- feature_18 <= 0.11
|   |   |   |   |   |   |   |   |   |   |   |--- class: negative
|   |   |   |   |   |   |   |   |   |   |--- feature_18 >  0.11
|   |   |   |   |   |   |   |   |   |   |   |--- class: positive
|   |   |   |   |   |--- feature_2 >  6.50
|   |   |   |   |   |   |--- feature_1 <= 6443.00
|   |   |   |   |   |   |   |--- feature_1 <= 2516.00
|   |   |   |   |   |   |   |   |--- feature_12 <= 40.95
|   |   |   |   |   |   |   |   |   |--- class: negative
|   |   |   |   |   |   |   |   |--- feature_12 >  40.95
|   |   |   |   |   |   |   |   |   |--- feature_7 <= 15.00
|   |   |   |   |   |   |   |   |   |   |--- class: negative
|   |   |   |   |   |   |   |   |   |--- feature_7 >  15.00
|   |   |   |   |   |   |   |   |   |   |--- feature_12 <= 43.92
|   |   |   |   |   |   |   |   |   |   |   |--- class: positive
|   |   |   |   |   |   |   |   |   |   |--- feature_12 >  43.92
|   |   |   |   |   |   |   |   |   |   |   |--- class: negative
|   |   |   |   |   |   |   |--- feature_1 >  2516.00
|   |   |   |   |   |   |   |   |--- feature_47 <= 1.00
|   |   |   |   |   |   |   |   |   |--- feature_0 <= 1942.00
|   |   |   |   |   |   |   |   |   |   |--- class: negative
|   |   |   |   |   |   |   |   |   |--- feature_0 >  1942.00
|   |   |   |   |   |   |   |   |   |   |--- feature_23 <= 0.79
|   |   |   |   |   |   |   |   |   |   |   |--- truncated branch of depth 5
|   |   |   |   |   |   |   |   |   |   |--- feature_23 >  0.79
|   |   |   |   |   |   |   |   |   |   |   |--- class: negative
|   |   |   |   |   |   |   |   |--- feature_47 >  1.00
|   |   |   |   |   |   |   |   |   |--- feature_12 <= 42.42
|   |   |   |   |   |   |   |   |   |   |--- feature_11 <= 10.76
|   |   |   |   |   |   |   |   |   |   |   |--- class: positive
|   |   |   |   |   |   |   |   |   |   |--- feature_11 >  10.76
|   |   |   |   |   |   |   |   |   |   |   |--- truncated branch of depth 3
|   |   |   |   |   |   |   |   |   |--- feature_12 >  42.42
|   |   |   |   |   |   |   |   |   |   |--- class: positive
|   |   |   |   |   |   |--- feature_1 >  6443.00
|   |   |   |   |   |   |   |--- feature_1 <= 30979.00
|   |   |   |   |   |   |   |   |--- feature_12 <= 42.26
|   |   |   |   |   |   |   |   |   |--- class: negative
|   |   |   |   |   |   |   |   |--- feature_12 >  42.26
|   |   |   |   |   |   |   |   |   |--- feature_13 <= 4.56
|   |   |   |   |   |   |   |   |   |   |--- class: positive
|   |   |   |   |   |   |   |   |   |--- feature_13 >  4.56
|   |   |   |   |   |   |   |   |   |   |--- feature_12 <= 43.16
|   |   |   |   |   |   |   |   |   |   |   |--- class: positive
|   |   |   |   |   |   |   |   |   |   |--- feature_12 >  43.16
|   |   |   |   |   |   |   |   |   |   |   |--- class: negative
|   |   |   |   |   |   |   |--- feature_1 >  30979.00
|   |   |   |   |   |   |   |   |--- class: positive
|   |   |   |--- feature_39 >  0.00
|   |   |   |   |--- feature_39 <= 1.00
|   |   |   |   |   |--- class: positive
|   |   |   |   |--- feature_39 >  1.00
|   |   |   |   |   |--- feature_11 <= 7.09
|   |   |   |   |   |   |--- feature_1 <= 314.00
|   |   |   |   |   |   |   |--- feature_13 <= 7.99
|   |   |   |   |   |   |   |   |--- feature_11 <= 6.00
|   |   |   |   |   |   |   |   |   |--- feature_14 <= 1.50
|   |   |   |   |   |   |   |   |   |   |--- feature_1 <= 115.50
|   |   |   |   |   |   |   |   |   |   |   |--- truncated branch of depth 2
|   |   |   |   |   |   |   |   |   |   |--- feature_1 >  115.50
|   |   |   |   |   |   |   |   |   |   |   |--- class: positive
|   |   |   |   |   |   |   |   |   |--- feature_14 >  1.50
|   |   |   |   |   |   |   |   |   |   |--- feature_10 <= 19.65
|   |   |   |   |   |   |   |   |   |   |   |--- class: negative
|   |   |   |   |   |   |   |   |   |   |--- feature_10 >  19.65
|   |   |   |   |   |   |   |   |   |   |   |--- truncated branch of depth 2
|   |   |   |   |   |   |   |   |--- feature_11 >  6.00
|   |   |   |   |   |   |   |   |   |--- feature_10 <= 22.65
|   |   |   |   |   |   |   |   |   |   |--- feature_0 <= 1945.00
|   |   |   |   |   |   |   |   |   |   |   |--- truncated branch of depth 3
|   |   |   |   |   |   |   |   |   |   |--- feature_0 >  1945.00
|   |   |   |   |   |   |   |   |   |   |   |--- truncated branch of depth 7
|   |   |   |   |   |   |   |   |   |--- feature_10 >  22.65
|   |   |   |   |   |   |   |   |   |   |--- class: negative
|   |   |   |   |   |   |   |--- feature_13 >  7.99
|   |   |   |   |   |   |   |   |--- feature_7 <= 42.00
|   |   |   |   |   |   |   |   |   |--- feature_1 <= 118.00
|   |   |   |   |   |   |   |   |   |   |--- class: negative
|   |   |   |   |   |   |   |   |   |--- feature_1 >  118.00
|   |   |   |   |   |   |   |   |   |   |--- feature_10 <= 12.75
|   |   |   |   |   |   |   |   |   |   |   |--- truncated branch of depth 2
|   |   |   |   |   |   |   |   |   |   |--- feature_10 >  12.75
|   |   |   |   |   |   |   |   |   |   |   |--- class: negative
|   |   |   |   |   |   |   |   |--- feature_7 >  42.00
|   |   |   |   |   |   |   |   |   |--- feature_12 <= 32.40
|   |   |   |   |   |   |   |   |   |   |--- class: negative
|   |   |   |   |   |   |   |   |   |--- feature_12 >  32.40
|   |   |   |   |   |   |   |   |   |   |--- class: positive
|   |   |   |   |   |   |--- feature_1 >  314.00
|   |   |   |   |   |   |   |--- feature_2 <= 3.50
|   |   |   |   |   |   |   |   |--- feature_9 <= 15.95
|   |   |   |   |   |   |   |   |   |--- feature_9 <= 9.10
|   |   |   |   |   |   |   |   |   |   |--- feature_1 <= 592.50
|   |   |   |   |   |   |   |   |   |   |   |--- class: negative
|   |   |   |   |   |   |   |   |   |   |--- feature_1 >  592.50
|   |   |   |   |   |   |   |   |   |   |   |--- class: positive
|   |   |   |   |   |   |   |   |   |--- feature_9 >  9.10
|   |   |   |   |   |   |   |   |   |   |--- class: negative
|   |   |   |   |   |   |   |   |--- feature_9 >  15.95
|   |   |   |   |   |   |   |   |   |--- class: positive
|   |   |   |   |   |   |   |--- feature_2 >  3.50
|   |   |   |   |   |   |   |   |--- class: negative
|   |   |   |   |   |--- feature_11 >  7.09
|   |   |   |   |   |   |--- feature_13 <= 5.00
|   |   |   |   |   |   |   |--- feature_13 <= 4.91
|   |   |   |   |   |   |   |   |--- feature_13 <= 4.01
|   |   |   |   |   |   |   |   |   |--- feature_13 <= 3.95
|   |   |   |   |   |   |   |   |   |   |--- feature_13 <= 3.06
|   |   |   |   |   |   |   |   |   |   |   |--- truncated branch of depth 4
|   |   |   |   |   |   |   |   |   |   |--- feature_13 >  3.06
|   |   |   |   |   |   |   |   |   |   |   |--- class: positive
|   |   |   |   |   |   |   |   |   |--- feature_13 >  3.95
|   |   |   |   |   |   |   |   |   |   |--- feature_0 <= 1918.00
|   |   |   |   |   |   |   |   |   |   |   |--- truncated branch of depth 2
|   |   |   |   |   |   |   |   |   |   |--- feature_0 >  1918.00
|   |   |   |   |   |   |   |   |   |   |   |--- class: negative
|   |   |   |   |   |   |   |   |--- feature_13 >  4.01
|   |   |   |   |   |   |   |   |   |--- class: positive
|   |   |   |   |   |   |   |--- feature_13 >  4.91
|   |   |   |   |   |   |   |   |--- feature_12 <= 39.15
|   |   |   |   |   |   |   |   |   |--- feature_0 <= 1969.50
|   |   |   |   |   |   |   |   |   |   |--- feature_1 <= 3844.50
|   |   |   |   |   |   |   |   |   |   |   |--- class: negative
|   |   |   |   |   |   |   |   |   |   |--- feature_1 >  3844.50
|   |   |   |   |   |   |   |   |   |   |   |--- truncated branch of depth 2
|   |   |   |   |   |   |   |   |   |--- feature_0 >  1969.50
|   |   |   |   |   |   |   |   |   |   |--- feature_7 <= 31.50
|   |   |   |   |   |   |   |   |   |   |   |--- truncated branch of depth 6
|   |   |   |   |   |   |   |   |   |   |--- feature_7 >  31.50
|   |   |   |   |   |   |   |   |   |   |   |--- class: positive
|   |   |   |   |   |   |   |   |--- feature_12 >  39.15
|   |   |   |   |   |   |   |   |   |--- feature_10 <= 14.20
|   |   |   |   |   |   |   |   |   |   |--- feature_9 <= 13.25
|   |   |   |   |   |   |   |   |   |   |   |--- truncated branch of depth 3
|   |   |   |   |   |   |   |   |   |   |--- feature_9 >  13.25
|   |   |   |   |   |   |   |   |   |   |   |--- truncated branch of depth 2
|   |   |   |   |   |   |   |   |   |--- feature_10 >  14.20
|   |   |   |   |   |   |   |   |   |   |--- class: negative
|   |   |   |   |   |   |--- feature_13 >  5.00
|   |   |   |   |   |   |   |--- feature_13 <= 7.00
|   |   |   |   |   |   |   |   |--- class: positive
|   |   |   |   |   |   |   |--- feature_13 >  7.00
|   |   |   |   |   |   |   |   |--- feature_10 <= 16.15
|   |   |   |   |   |   |   |   |   |--- feature_12 <= 19.82
|   |   |   |   |   |   |   |   |   |   |--- feature_1 <= 1865.00
|   |   |   |   |   |   |   |   |   |   |   |--- class: negative
|   |   |   |   |   |   |   |   |   |   |--- feature_1 >  1865.00
|   |   |   |   |   |   |   |   |   |   |   |--- truncated branch of depth 2
|   |   |   |   |   |   |   |   |   |--- feature_12 >  19.82
|   |   |   |   |   |   |   |   |   |   |--- feature_10 <= 9.15
|   |   |   |   |   |   |   |   |   |   |   |--- truncated branch of depth 4
|   |   |   |   |   |   |   |   |   |   |--- feature_10 >  9.15
|   |   |   |   |   |   |   |   |   |   |   |--- class: negative
|   |   |   |   |   |   |   |   |--- feature_10 >  16.15
|   |   |   |   |   |   |   |   |   |--- feature_13 <= 7.99
|   |   |   |   |   |   |   |   |   |   |--- feature_13 <= 7.01
|   |   |   |   |   |   |   |   |   |   |   |--- truncated branch of depth 3
|   |   |   |   |   |   |   |   |   |   |--- feature_13 >  7.01
|   |   |   |   |   |   |   |   |   |   |   |--- class: positive
|   |   |   |   |   |   |   |   |   |--- feature_13 >  7.99
|   |   |   |   |   |   |   |   |   |   |--- feature_10 <= 17.26
|   |   |   |   |   |   |   |   |   |   |   |--- truncated branch of depth 5
|   |   |   |   |   |   |   |   |   |   |--- feature_10 >  17.26
|   |   |   |   |   |   |   |   |   |   |   |--- truncated branch of depth 8
|   |   |--- feature_0 >  1986.50
|   |   |   |--- feature_2 <= 5.50
|   |   |   |   |--- feature_12 <= 40.72
|   |   |   |   |   |--- feature_0 <= 1997.50
|   |   |   |   |   |   |--- feature_2 <= 2.50
|   |   |   |   |   |   |   |--- class: negative
|   |   |   |   |   |   |--- feature_2 >  2.50
|   |   |   |   |   |   |   |--- feature_1 <= 135.50
|   |   |   |   |   |   |   |   |--- feature_7 <= 2.00
|   |   |   |   |   |   |   |   |   |--- class: negative
|   |   |   |   |   |   |   |   |--- feature_7 >  2.00
|   |   |   |   |   |   |   |   |   |--- feature_24 <= 0.10
|   |   |   |   |   |   |   |   |   |   |--- feature_1 <= 124.50
|   |   |   |   |   |   |   |   |   |   |   |--- truncated branch of depth 5
|   |   |   |   |   |   |   |   |   |   |--- feature_1 >  124.50
|   |   |   |   |   |   |   |   |   |   |   |--- truncated branch of depth 4
|   |   |   |   |   |   |   |   |   |--- feature_24 >  0.10
|   |   |   |   |   |   |   |   |   |   |--- feature_9 <= 10.43
|   |   |   |   |   |   |   |   |   |   |   |--- class: negative
|   |   |   |   |   |   |   |   |   |   |--- feature_9 >  10.43
|   |   |   |   |   |   |   |   |   |   |   |--- class: positive
|   |   |   |   |   |   |   |--- feature_1 >  135.50
|   |   |   |   |   |   |   |   |--- feature_2 <= 3.50
|   |   |   |   |   |   |   |   |   |--- feature_9 <= 8.99
|   |   |   |   |   |   |   |   |   |   |--- feature_24 <= 0.50
|   |   |   |   |   |   |   |   |   |   |   |--- truncated branch of depth 3
|   |   |   |   |   |   |   |   |   |   |--- feature_24 >  0.50
|   |   |   |   |   |   |   |   |   |   |   |--- class: negative
|   |   |   |   |   |   |   |   |   |--- feature_9 >  8.99
|   |   |   |   |   |   |   |   |   |   |--- class: negative
|   |   |   |   |   |   |   |   |--- feature_2 >  3.50
|   |   |   |   |   |   |   |   |   |--- class: negative
|   |   |   |   |   |--- feature_0 >  1997.50
|   |   |   |   |   |   |--- feature_1 <= 47.50
|   |   |   |   |   |   |   |--- feature_1 <= 43.50
|   |   |   |   |   |   |   |   |--- class: negative
|   |   |   |   |   |   |   |--- feature_1 >  43.50
|   |   |   |   |   |   |   |   |--- class: positive
|   |   |   |   |   |   |--- feature_1 >  47.50
|   |   |   |   |   |   |   |--- class: negative
|   |   |   |   |--- feature_12 >  40.72
|   |   |   |   |   |--- feature_12 <= 44.04
|   |   |   |   |   |   |--- feature_12 <= 43.23
|   |   |   |   |   |   |   |--- feature_7 <= 1.00
|   |   |   |   |   |   |   |   |--- feature_10 <= 10.85
|   |   |   |   |   |   |   |   |   |--- feature_0 <= 1996.50
|   |   |   |   |   |   |   |   |   |   |--- class: negative
|   |   |   |   |   |   |   |   |   |--- feature_0 >  1996.50
|   |   |   |   |   |   |   |   |   |   |--- class: positive
|   |   |   |   |   |   |   |   |--- feature_10 >  10.85
|   |   |   |   |   |   |   |   |   |--- class: negative
|   |   |   |   |   |   |   |--- feature_7 >  1.00
|   |   |   |   |   |   |   |   |--- feature_24 <= 0.70
|   |   |   |   |   |   |   |   |   |--- feature_47 <= 0.02
|   |   |   |   |   |   |   |   |   |   |--- feature_10 <= 162.00
|   |   |   |   |   |   |   |   |   |   |   |--- class: negative
|   |   |   |   |   |   |   |   |   |   |--- feature_10 >  162.00
|   |   |   |   |   |   |   |   |   |   |   |--- class: positive
|   |   |   |   |   |   |   |   |   |--- feature_47 >  0.02
|   |   |   |   |   |   |   |   |   |   |--- feature_47 <= 0.98
|   |   |   |   |   |   |   |   |   |   |   |--- class: positive
|   |   |   |   |   |   |   |   |   |   |--- feature_47 >  0.98
|   |   |   |   |   |   |   |   |   |   |   |--- truncated branch of depth 2
|   |   |   |   |   |   |   |   |--- feature_24 >  0.70
|   |   |   |   |   |   |   |   |   |--- class: negative
|   |   |   |   |   |   |--- feature_12 >  43.23
|   |   |   |   |   |   |   |--- class: positive
|   |   |   |   |   |--- feature_12 >  44.04
|   |   |   |   |   |   |--- class: negative
|   |   |   |--- feature_2 >  5.50
|   |   |   |   |--- feature_13 <= 7.99
|   |   |   |   |   |--- feature_20 <= 0.25
|   |   |   |   |   |   |--- feature_13 <= 7.49
|   |   |   |   |   |   |   |--- class: negative
|   |   |   |   |   |   |--- feature_13 >  7.49
|   |   |   |   |   |   |   |--- class: positive
|   |   |   |   |   |--- feature_20 >  0.25
|   |   |   |   |   |   |--- feature_20 <= 0.98
|   |   |   |   |   |   |   |--- class: positive
|   |   |   |   |   |   |--- feature_20 >  0.98
|   |   |   |   |   |   |   |--- feature_1 <= 102.00
|   |   |   |   |   |   |   |   |--- class: negative
|   |   |   |   |   |   |   |--- feature_1 >  102.00
|   |   |   |   |   |   |   |   |--- feature_2 <= 9.50
|   |   |   |   |   |   |   |   |   |--- feature_11 <= 7.30
|   |   |   |   |   |   |   |   |   |   |--- feature_39 <= 0.69
|   |   |   |   |   |   |   |   |   |   |   |--- class: positive
|   |   |   |   |   |   |   |   |   |   |--- feature_39 >  0.69
|   |   |   |   |   |   |   |   |   |   |   |--- truncated branch of depth 2
|   |   |   |   |   |   |   |   |   |--- feature_11 >  7.30
|   |   |   |   |   |   |   |   |   |   |--- feature_11 <= 8.25
|   |   |   |   |   |   |   |   |   |   |   |--- class: positive
|   |   |   |   |   |   |   |   |   |   |--- feature_11 >  8.25
|   |   |   |   |   |   |   |   |   |   |   |--- truncated branch of depth 4
|   |   |   |   |   |   |   |   |--- feature_2 >  9.50
|   |   |   |   |   |   |   |   |   |--- feature_0 <= 2003.50
|   |   |   |   |   |   |   |   |   |   |--- class: negative
|   |   |   |   |   |   |   |   |   |--- feature_0 >  2003.50
|   |   |   |   |   |   |   |   |   |   |--- class: positive
|   |   |   |   |--- feature_13 >  7.99
|   |   |   |   |   |--- feature_11 <= 12.77
|   |   |   |   |   |   |--- feature_1 <= 48.50
|   |   |   |   |   |   |   |--- feature_7 <= 35.50
|   |   |   |   |   |   |   |   |--- class: negative
|   |   |   |   |   |   |   |--- feature_7 >  35.50
|   |   |   |   |   |   |   |   |--- class: positive
|   |   |   |   |   |   |--- feature_1 >  48.50
|   |   |   |   |   |   |   |--- class: negative
|   |   |   |   |   |--- feature_11 >  12.77
|   |   |   |   |   |   |--- feature_9 <= 9.04
|   |   |   |   |   |   |   |--- feature_12 <= 39.14
|   |   |   |   |   |   |   |   |--- feature_7 <= 4.00
|   |   |   |   |   |   |   |   |   |--- class: positive
|   |   |   |   |   |   |   |   |--- feature_7 >  4.00
|   |   |   |   |   |   |   |   |   |--- class: negative
|   |   |   |   |   |   |   |--- feature_12 >  39.14
|   |   |   |   |   |   |   |   |--- class: positive
|   |   |   |   |   |   |--- feature_9 >  9.04
|   |   |   |   |   |   |   |--- feature_0 <= 1992.50
|   |   |   |   |   |   |   |   |--- feature_7 <= 6.00
|   |   |   |   |   |   |   |   |   |--- class: positive
|   |   |   |   |   |   |   |   |--- feature_7 >  6.00
|   |   |   |   |   |   |   |   |   |--- class: negative
|   |   |   |   |   |   |   |--- feature_0 >  1992.50
|   |   |   |   |   |   |   |   |--- class: negative
|   |--- feature_12 >  44.10
|   |   |--- feature_11 <= 8.50
|   |   |   |--- feature_10 <= 26.85
|   |   |   |   |--- feature_12 <= 48.59
|   |   |   |   |   |--- feature_17 <= 0.33
|   |   |   |   |   |   |--- feature_12 <= 46.19
|   |   |   |   |   |   |   |--- feature_12 <= 44.97
|   |   |   |   |   |   |   |   |--- class: positive
|   |   |   |   |   |   |   |--- feature_12 >  44.97
|   |   |   |   |   |   |   |   |--- class: negative
|   |   |   |   |   |   |--- feature_12 >  46.19
|   |   |   |   |   |   |   |--- feature_0 <= 1989.00
|   |   |   |   |   |   |   |   |--- class: positive
|   |   |   |   |   |   |   |--- feature_0 >  1989.00
|   |   |   |   |   |   |   |   |--- feature_12 <= 46.68
|   |   |   |   |   |   |   |   |   |--- class: positive
|   |   |   |   |   |   |   |   |--- feature_12 >  46.68
|   |   |   |   |   |   |   |   |   |--- class: negative
|   |   |   |   |   |--- feature_17 >  0.33
|   |   |   |   |   |   |--- class: positive
|   |   |   |   |--- feature_12 >  48.59
|   |   |   |   |   |--- feature_1 <= 4336.00
|   |   |   |   |   |   |--- feature_24 <= 0.25
|   |   |   |   |   |   |   |--- class: negative
|   |   |   |   |   |   |--- feature_24 >  0.25
|   |   |   |   |   |   |   |--- feature_10 <= 23.75
|   |   |   |   |   |   |   |   |--- class: negative
|   |   |   |   |   |   |   |--- feature_10 >  23.75
|   |   |   |   |   |   |   |   |--- feature_1 <= 76.50
|   |   |   |   |   |   |   |   |   |--- class: negative
|   |   |   |   |   |   |   |   |--- feature_1 >  76.50
|   |   |   |   |   |   |   |   |   |--- class: positive
|   |   |   |   |   |--- feature_1 >  4336.00
|   |   |   |   |   |   |--- feature_7 <= 2.50
|   |   |   |   |   |   |   |--- class: positive
|   |   |   |   |   |   |--- feature_7 >  2.50
|   |   |   |   |   |   |   |--- class: negative
|   |   |   |--- feature_10 >  26.85
|   |   |   |   |--- feature_13 <= 7.92
|   |   |   |   |   |--- feature_13 <= 5.00
|   |   |   |   |   |   |--- feature_52 <= 0.26
|   |   |   |   |   |   |   |--- feature_1 <= 194.50
|   |   |   |   |   |   |   |   |--- feature_0 <= 1980.00
|   |   |   |   |   |   |   |   |   |--- class: negative
|   |   |   |   |   |   |   |   |--- feature_0 >  1980.00
|   |   |   |   |   |   |   |   |   |--- feature_0 <= 1993.50
|   |   |   |   |   |   |   |   |   |   |--- feature_13 <= 4.04
|   |   |   |   |   |   |   |   |   |   |   |--- class: negative
|   |   |   |   |   |   |   |   |   |   |--- feature_13 >  4.04
|   |   |   |   |   |   |   |   |   |   |   |--- class: positive
|   |   |   |   |   |   |   |   |   |--- feature_0 >  1993.50
|   |   |   |   |   |   |   |   |   |   |--- class: negative
|   |   |   |   |   |   |   |--- feature_1 >  194.50
|   |   |   |   |   |   |   |   |--- feature_12 <= 44.66
|   |   |   |   |   |   |   |   |   |--- class: positive
|   |   |   |   |   |   |   |   |--- feature_12 >  44.66
|   |   |   |   |   |   |   |   |   |--- feature_1 <= 1857.00
|   |   |   |   |   |   |   |   |   |   |--- class: negative
|   |   |   |   |   |   |   |   |   |--- feature_1 >  1857.00
|   |   |   |   |   |   |   |   |   |   |--- feature_1 <= 2328.00
|   |   |   |   |   |   |   |   |   |   |   |--- class: positive
|   |   |   |   |   |   |   |   |   |   |--- feature_1 >  2328.00
|   |   |   |   |   |   |   |   |   |   |   |--- class: negative
|   |   |   |   |   |   |--- feature_52 >  0.26
|   |   |   |   |   |   |   |--- class: positive
|   |   |   |   |   |--- feature_13 >  5.00
|   |   |   |   |   |   |--- feature_11 <= 8.50
|   |   |   |   |   |   |   |--- class: positive
|   |   |   |   |   |   |--- feature_11 >  8.50
|   |   |   |   |   |   |   |--- feature_0 <= 1960.00
|   |   |   |   |   |   |   |   |--- class: positive
|   |   |   |   |   |   |   |--- feature_0 >  1960.00
|   |   |   |   |   |   |   |   |--- class: negative
|   |   |   |   |--- feature_13 >  7.92
|   |   |   |   |   |--- feature_1 <= 727.00
|   |   |   |   |   |   |--- class: negative
|   |   |   |   |   |--- feature_1 >  727.00
|   |   |   |   |   |   |--- feature_20 <= 0.05
|   |   |   |   |   |   |   |--- feature_1 <= 6117.50
|   |   |   |   |   |   |   |   |--- class: negative
|   |   |   |   |   |   |   |--- feature_1 >  6117.50
|   |   |   |   |   |   |   |   |--- feature_17 <= 0.50
|   |   |   |   |   |   |   |   |   |--- class: negative
|   |   |   |   |   |   |   |   |--- feature_17 >  0.50
|   |   |   |   |   |   |   |   |   |--- class: positive
|   |   |   |   |   |   |--- feature_20 >  0.05
|   |   |   |   |   |   |   |--- feature_21 <= 0.02
|   |   |   |   |   |   |   |   |--- class: negative
|   |   |   |   |   |   |   |--- feature_21 >  0.02
|   |   |   |   |   |   |   |   |--- class: positive
|   |   |--- feature_11 >  8.50
|   |   |   |--- feature_21 <= 1.00
|   |   |   |   |--- feature_21 <= 0.00
|   |   |   |   |   |--- feature_47 <= 1.00
|   |   |   |   |   |   |--- feature_47 <= 0.00
|   |   |   |   |   |   |   |--- feature_10 <= 22.55
|   |   |   |   |   |   |   |   |--- feature_39 <= 0.07
|   |   |   |   |   |   |   |   |   |--- feature_11 <= 13.12
|   |   |   |   |   |   |   |   |   |   |--- feature_41 <= 0.50
|   |   |   |   |   |   |   |   |   |   |   |--- class: negative
|   |   |   |   |   |   |   |   |   |   |--- feature_41 >  0.50
|   |   |   |   |   |   |   |   |   |   |   |--- truncated branch of depth 2
|   |   |   |   |   |   |   |   |   |--- feature_11 >  13.12
|   |   |   |   |   |   |   |   |   |   |--- feature_0 <= 1984.00
|   |   |   |   |   |   |   |   |   |   |   |--- truncated branch of depth 4
|   |   |   |   |   |   |   |   |   |   |--- feature_0 >  1984.00
|   |   |   |   |   |   |   |   |   |   |   |--- class: negative
|   |   |   |   |   |   |   |   |--- feature_39 >  0.07
|   |   |   |   |   |   |   |   |   |--- feature_39 <= 1.00
|   |   |   |   |   |   |   |   |   |   |--- class: positive
|   |   |   |   |   |   |   |   |   |--- feature_39 >  1.00
|   |   |   |   |   |   |   |   |   |   |--- feature_0 <= 1996.50
|   |   |   |   |   |   |   |   |   |   |   |--- truncated branch of depth 4
|   |   |   |   |   |   |   |   |   |   |--- feature_0 >  1996.50
|   |   |   |   |   |   |   |   |   |   |   |--- truncated branch of depth 2
|   |   |   |   |   |   |   |--- feature_10 >  22.55
|   |   |   |   |   |   |   |   |--- feature_23 <= 1.00
|   |   |   |   |   |   |   |   |   |--- feature_23 <= 0.00
|   |   |   |   |   |   |   |   |   |   |--- feature_7 <= 0.50
|   |   |   |   |   |   |   |   |   |   |   |--- truncated branch of depth 5
|   |   |   |   |   |   |   |   |   |   |--- feature_7 >  0.50
|   |   |   |   |   |   |   |   |   |   |   |--- truncated branch of depth 8
|   |   |   |   |   |   |   |   |   |--- feature_23 >  0.00
|   |   |   |   |   |   |   |   |   |   |--- class: positive
|   |   |   |   |   |   |   |   |--- feature_23 >  1.00
|   |   |   |   |   |   |   |   |   |--- feature_1 <= 4042.50
|   |   |   |   |   |   |   |   |   |   |--- class: negative
|   |   |   |   |   |   |   |   |   |--- feature_1 >  4042.50
|   |   |   |   |   |   |   |   |   |   |--- feature_1 <= 11874.50
|   |   |   |   |   |   |   |   |   |   |   |--- truncated branch of depth 7
|   |   |   |   |   |   |   |   |   |   |--- feature_1 >  11874.50
|   |   |   |   |   |   |   |   |   |   |   |--- truncated branch of depth 3
|   |   |   |   |   |   |--- feature_47 >  0.00
|   |   |   |   |   |   |   |--- class: positive
|   |   |   |   |   |--- feature_47 >  1.00
|   |   |   |   |   |   |--- feature_11 <= 13.40
|   |   |   |   |   |   |   |--- feature_13 <= 7.01
|   |   |   |   |   |   |   |   |--- feature_1 <= 734.50
|   |   |   |   |   |   |   |   |   |--- feature_12 <= 50.85
|   |   |   |   |   |   |   |   |   |   |--- class: positive
|   |   |   |   |   |   |   |   |   |--- feature_12 >  50.85
|   |   |   |   |   |   |   |   |   |   |--- feature_1 <= 603.00
|   |   |   |   |   |   |   |   |   |   |   |--- class: negative
|   |   |   |   |   |   |   |   |   |   |--- feature_1 >  603.00
|   |   |   |   |   |   |   |   |   |   |   |--- class: positive
|   |   |   |   |   |   |   |   |--- feature_1 >  734.50
|   |   |   |   |   |   |   |   |   |--- class: negative
|   |   |   |   |   |   |   |--- feature_13 >  7.01
|   |   |   |   |   |   |   |   |--- feature_13 <= 7.98
|   |   |   |   |   |   |   |   |   |--- class: positive
|   |   |   |   |   |   |   |   |--- feature_13 >  7.98
|   |   |   |   |   |   |   |   |   |--- feature_11 <= 13.30
|   |   |   |   |   |   |   |   |   |   |--- feature_7 <= 0.50
|   |   |   |   |   |   |   |   |   |   |   |--- truncated branch of depth 9
|   |   |   |   |   |   |   |   |   |   |--- feature_7 >  0.50
|   |   |   |   |   |   |   |   |   |   |   |--- truncated branch of depth 10
|   |   |   |   |   |   |   |   |   |--- feature_11 >  13.30
|   |   |   |   |   |   |   |   |   |   |--- class: positive
|   |   |   |   |   |   |--- feature_11 >  13.40
|   |   |   |   |   |   |   |--- feature_1 <= 4612.50
|   |   |   |   |   |   |   |   |--- feature_11 <= 13.40
|   |   |   |   |   |   |   |   |   |--- feature_1 <= 3685.00
|   |   |   |   |   |   |   |   |   |   |--- feature_9 <= 8.05
|   |   |   |   |   |   |   |   |   |   |   |--- truncated branch of depth 2
|   |   |   |   |   |   |   |   |   |   |--- feature_9 >  8.05
|   |   |   |   |   |   |   |   |   |   |   |--- class: negative
|   |   |   |   |   |   |   |   |   |--- feature_1 >  3685.00
|   |   |   |   |   |   |   |   |   |   |--- feature_10 <= 21.59
|   |   |   |   |   |   |   |   |   |   |   |--- class: positive
|   |   |   |   |   |   |   |   |   |   |--- feature_10 >  21.59
|   |   |   |   |   |   |   |   |   |   |   |--- truncated branch of depth 4
|   |   |   |   |   |   |   |   |--- feature_11 >  13.40
|   |   |   |   |   |   |   |   |   |--- feature_11 <= 13.78
|   |   |   |   |   |   |   |   |   |   |--- feature_0 <= 1992.50
|   |   |   |   |   |   |   |   |   |   |   |--- class: positive
|   |   |   |   |   |   |   |   |   |   |--- feature_0 >  1992.50
|   |   |   |   |   |   |   |   |   |   |   |--- truncated branch of depth 2
|   |   |   |   |   |   |   |   |   |--- feature_11 >  13.78
|   |   |   |   |   |   |   |   |   |   |--- feature_11 <= 14.19
|   |   |   |   |   |   |   |   |   |   |   |--- truncated branch of depth 5
|   |   |   |   |   |   |   |   |   |   |--- feature_11 >  14.19
|   |   |   |   |   |   |   |   |   |   |   |--- truncated branch of depth 2
|   |   |   |   |   |   |   |--- feature_1 >  4612.50
|   |   |   |   |   |   |   |   |--- feature_0 <= 1971.50
|   |   |   |   |   |   |   |   |   |--- feature_7 <= 11.50
|   |   |   |   |   |   |   |   |   |   |--- class: positive
|   |   |   |   |   |   |   |   |   |--- feature_7 >  11.50
|   |   |   |   |   |   |   |   |   |   |--- class: negative
|   |   |   |   |   |   |   |   |--- feature_0 >  1971.50
|   |   |   |   |   |   |   |   |   |--- feature_0 <= 1985.50
|   |   |   |   |   |   |   |   |   |   |--- feature_7 <= 3.50
|   |   |   |   |   |   |   |   |   |   |   |--- truncated branch of depth 3
|   |   |   |   |   |   |   |   |   |   |--- feature_7 >  3.50
|   |   |   |   |   |   |   |   |   |   |   |--- class: negative
|   |   |   |   |   |   |   |   |   |--- feature_0 >  1985.50
|   |   |   |   |   |   |   |   |   |   |--- class: negative
|   |   |   |   |--- feature_21 >  0.00
|   |   |   |   |   |--- class: positive
|   |   |   |--- feature_21 >  1.00
|   |   |   |   |--- feature_11 <= 12.35
|   |   |   |   |   |--- feature_9 <= 14.05
|   |   |   |   |   |   |--- feature_9 <= 11.25
|   |   |   |   |   |   |   |--- feature_9 <= 11.15
|   |   |   |   |   |   |   |   |--- class: negative
|   |   |   |   |   |   |   |--- feature_9 >  11.15
|   |   |   |   |   |   |   |   |--- class: positive
|   |   |   |   |   |   |--- feature_9 >  11.25
|   |   |   |   |   |   |   |--- class: negative
|   |   |   |   |   |--- feature_9 >  14.05
|   |   |   |   |   |   |--- feature_9 <= 21.80
|   |   |   |   |   |   |   |--- feature_0 <= 1990.50
|   |   |   |   |   |   |   |   |--- feature_1 <= 9775.50
|   |   |   |   |   |   |   |   |   |--- feature_8 <= 4.00
|   |   |   |   |   |   |   |   |   |   |--- feature_39 <= 0.99
|   |   |   |   |   |   |   |   |   |   |   |--- truncated branch of depth 2
|   |   |   |   |   |   |   |   |   |   |--- feature_39 >  0.99
|   |   |   |   |   |   |   |   |   |   |   |--- truncated branch of depth 3
|   |   |   |   |   |   |   |   |   |--- feature_8 >  4.00
|   |   |   |   |   |   |   |   |   |   |--- feature_9 <= 19.85
|   |   |   |   |   |   |   |   |   |   |   |--- class: negative
|   |   |   |   |   |   |   |   |   |   |--- feature_9 >  19.85
|   |   |   |   |   |   |   |   |   |   |   |--- class: positive
|   |   |   |   |   |   |   |   |--- feature_1 >  9775.50
|   |   |   |   |   |   |   |   |   |--- class: negative
|   |   |   |   |   |   |   |--- feature_0 >  1990.50
|   |   |   |   |   |   |   |   |--- feature_13 <= 7.50
|   |   |   |   |   |   |   |   |   |--- class: positive
|   |   |   |   |   |   |   |   |--- feature_13 >  7.50
|   |   |   |   |   |   |   |   |   |--- class: negative
|   |   |   |   |   |   |--- feature_9 >  21.80
|   |   |   |   |   |   |   |--- feature_9 <= 41.50
|   |   |   |   |   |   |   |   |--- class: negative
|   |   |   |   |   |   |   |--- feature_9 >  41.50
|   |   |   |   |   |   |   |   |--- class: positive
|   |   |   |   |--- feature_11 >  12.35
|   |   |   |   |   |--- feature_12 <= 46.35
|   |   |   |   |   |   |--- feature_0 <= 1978.00
|   |   |   |   |   |   |   |--- class: positive
|   |   |   |   |   |   |--- feature_0 >  1978.00
|   |   |   |   |   |   |   |--- class: negative
|   |   |   |   |   |--- feature_12 >  46.35
|   |   |   |   |   |   |--- feature_1 <= 4793.50
|   |   |   |   |   |   |   |--- feature_1 <= 4741.50
|   |   |   |   |   |   |   |   |--- feature_7 <= 43.50
|   |   |   |   |   |   |   |   |   |--- class: negative
|   |   |   |   |   |   |   |   |--- feature_7 >  43.50
|   |   |   |   |   |   |   |   |   |--- feature_0 <= 1985.00
|   |   |   |   |   |   |   |   |   |   |--- class: positive
|   |   |   |   |   |   |   |   |   |--- feature_0 >  1985.00
|   |   |   |   |   |   |   |   |   |   |--- class: negative
|   |   |   |   |   |   |   |--- feature_1 >  4741.50
|   |   |   |   |   |   |   |   |--- class: positive
|   |   |   |   |   |   |--- feature_1 >  4793.50
|   |   |   |   |   |   |   |--- class: negative
