|--- feature_31 <= 1.00
|   |--- feature_31 <= 0.00
|   |   |--- feature_0 <= 1973.50
|   |   |   |--- feature_17 <= 1.00
|   |   |   |   |--- feature_17 <= 0.00
|   |   |   |   |   |--- feature_32 <= 0.00
|   |   |   |   |   |   |--- feature_12 <= 40.50
|   |   |   |   |   |   |   |--- feature_22 <= 1.00
|   |   |   |   |   |   |   |   |--- feature_22 <= 0.00
|   |   |   |   |   |   |   |   |   |--- feature_29 <= 0.93
|   |   |   |   |   |   |   |   |   |   |--- feature_47 <= 0.01
|   |   |   |   |   |   |   |   |   |   |   |--- truncated branch of depth 13
|   |   |   |   |   |   |   |   |   |   |--- feature_47 >  0.01
|   |   |   |   |   |   |   |   |   |   |   |--- truncated branch of depth 6
|   |   |   |   |   |   |   |   |   |--- feature_29 >  0.93
|   |   |   |   |   |   |   |   |   |   |--- feature_10 <= 141.50
|   |   |   |   |   |   |   |   |   |   |   |--- truncated branch of depth 6
|   |   |   |   |   |   |   |   |   |   |--- feature_10 >  141.50
|   |   |   |   |   |   |   |   |   |   |   |--- class: positive
|   |   |   |   |   |   |   |   |--- feature_22 >  0.00
|   |   |   |   |   |   |   |   |   |--- class: positive
|   |   |   |   |   |   |   |--- feature_22 >  1.00
|   |   |   |   |   |   |   |   |--- feature_52 <= 0.99
|   |   |   |   |   |   |   |   |   |--- feature_12 <= 31.38
|   |   |   |   |   |   |   |   |   |   |--- feature_9 <= 7.30
|   |   |   |   |   |   |   |   |   |   |   |--- truncated branch of depth 9
|   |   |   |   |   |   |   |   |   |   |--- feature_9 >  7.30
|   |   |   |   |   |   |   |   |   |   |   |--- truncated branch of depth 13
|   |   |   |   |   |   |   |   |   |--- feature_12 >  31.38
|   |   |   |   |   |   |   |   |   |   |--- feature_52 <= 0.02
|   |   |   |   |   |   |   |   |   |   |   |--- truncated branch of depth 8
|   |   |   |   |   |   |   |   |   |   |--- feature_52 >  0.02
|   |   |   |   |   |   |   |   |   |   |   |--- class: positive
|   |   |   |   |   |   |   |   |--- feature_52 >  0.99
|   |   |   |   |   |   |   |   |   |--- feature_1 <= 142.00
|   |   |   |   |   |   |   |   |   |   |--- feature_10 <= 12.25
|   |   |   |   |   |   |   |   |   |   |   |--- truncated branch of depth 3
|   |   |   |   |   |   |   |   |   |   |--- feature_10 >  12.25
|   |   |   |   |   |   |   |   |   |   |   |--- class: negative
|   |   |   |   |   |   |   |   |   |--- feature_1 >  142.00
|   |   |   |   |   |   |   |   |   |   |--- feature_10 <= 36.70
|   |   |   |   |   |   |   |   |   |   |   |--- truncated branch of depth 5
|   |   |   |   |   |   |   |   |   |   |--- feature_10 >  36.70
|   |   |   |   |   |   |   |   |   |   |   |--- class: negative
|   |   |   |   |   |   |--- feature_12 >  40.50
|   |   |   |   |   |   |   |--- feature_23 <= 0.06
|   |   |   |   |   |   |   |   |--- feature_9 <= 39.19
|   |   |   |   |   |   |   |   |   |--- feature_40 <= 0.22
|   |   |   |   |   |   |   |   |   |   |--- feature_11 <= 26.80
|   |   |   |   |   |   |   |   |   |   |   |--- truncated branch of depth 11
|   |   |   |   |   |   |   |   |   |   |--- feature_11 >  26.80
|   |   |   |   |   |   |   |   |   |   |   |--- class: positive
|   |   |   |   |   |   |   |   |   |--- feature_40 >  0.22
|   |   |   |   |   |   |   |   |   |   |--- feature_8 <= 2.00
|   |   |   |   |   |   |   |   |   |   |   |--- truncated branch of depth 2
|   |   |   |   |   |   |   |   |   |   |--- feature_8 >  2.00
|   |   |   |   |   |   |   |   |   |   |   |--- class: negative
|   |   |   |   |   |   |   |   |--- feature_9 >  39.19
|   |   |   |   |   |   |   |   |   |--- feature_52 <= 0.96
|   |   |   |   |   |   |   |   |   |   |--- class: positive
|   |   |   |   |   |   |   |   |   |--- feature_52 >  0.96
|   |   |   |   |   |   |   |   |   |   |--- feature_9 <= 60.60
|   |   |   |   |   |   |   |   |   |   |   |--- truncated branch of depth 3
|   |   |   |   |   |   |   |   |   |   |--- feature_9 >  60.60
|   |   |   |   |   |   |   |   |   |   |   |--- class: positive
|   |   |   |   |   |   |   |--- feature_23 >  0.06
|   |   |   |   |   |   |   |   |--- feature_23 <= 0.97
|   |   |   |   |   |   |   |   |   |--- class: positive
|   |   |   |   |   |   |   |   |--- feature_23 >  0.97
|   |   |   |   |   |   |   |   |   |--- feature_11 <= 9.40
|   |   |   |   |   |   |   |   |   |   |--- class: negative
|   |   |   |   |   |   |   |   |   |--- feature_11 >  9.40
|   |   |   |   |   |   |   |   |   |   |--- feature_7 <= 47.50
|   |   |   |   |   |   |   |   |   |   |   |--- truncated branch of depth 4
|   |   |   |   |   |   |   |   |   |   |--- feature_7 >  47.50
|   |   |   |   |   |   |   |   |   |   |   |--- class: positive
|   |   |   |   |   |--- feature_32 >  0.00
|   |   |   |   |   |   |--- feature_23 <= 1.00
|   |   |   |   |   |   |   |--- feature_1 <= 24225.50
|   |   |   |   |   |   |   |   |--- feature_1 <= 17103.50
|   |   |   |   |   |   |   |   |   |--- feature_12 <= 65.74
|   |   |   |   |   |   |   |   |   |   |--- feature_23 <= 0.00
|   |   |   |   |   |   |   |   |   |   |   |--- truncated branch of depth 9
|   |   |   |   |   |   |   |   |   |   |--- feature_23 >  0.00
|   |   |   |   |   |   |   |   |   |   |   |--- class: positive
|   |   |   |   |   |   |   |   |   |--- feature_12 >  65.74
|   |   |   |   |   |   |   |   |   |   |--- class: positive
|   |   |   |   |   |   |   |   |--- feature_1 >  17103.50
|   |   |   |   |   |   |   |   |   |--- feature_7 <= 0.50
|   |   |   |   |   |   |   |   |   |   |--- feature_12 <= 56.07
|   |   |   |   |   |   |   |   |   |   |   |--- truncated branch of depth 4
|   |   |   |   |   |   |   |   |   |   |--- feature_12 >  56.07
|   |   |   |   |   |   |   |   |   |   |   |--- class: negative
|   |   |   |   |   |   |   |   |   |--- feature_7 >  0.50
|   |   |   |   |   |   |   |   |   |   |--- feature_9 <= 10.10
|   |   |   |   |   |   |   |   |   |   |   |--- truncated branch of depth 2
|   |   |   |   |   |   |   |   |   |   |--- feature_9 >  10.10
|   |   |   |   |   |   |   |   |   |   |   |--- truncated branch of depth 5
|   |   |   |   |   |   |   |--- feature_1 >  24225.50
|   |   |   |   |   |   |   |   |--- feature_23 <= 0.02
|   |   |   |   |   |   |   |   |   |--- class: negative
|   |   |   |   |   |   |   |   |--- feature_23 >  0.02
|   |   |   |   |   |   |   |   |   |--- class: positive
|   |   |   |   |   |   |--- feature_23 >  1.00
|   |   |   |   |   |   |   |--- feature_12 <= 58.05
|   |   |   |   |   |   |   |   |--- feature_13 <= 3.95
|   |   |   |   |   |   |   |   |   |--- feature_2 <= 8.00
|   |   |   |   |   |   |   |   |   |   |--- class: positive
|   |   |   |   |   |   |   |   |   |--- feature_2 >  8.00
|   |   |   |   |   |   |   |   |   |   |--- class: negative
|   |   |   |   |   |   |   |   |--- feature_13 >  3.95
|   |   |   |   |   |   |   |   |   |--- feature_8 <= 4.50
|   |   |   |   |   |   |   |   |   |   |--- feature_12 <= 47.36
|   |   |   |   |   |   |   |   |   |   |   |--- truncated branch of depth 3
|   |   |   |   |   |   |   |   |   |   |--- feature_12 >  47.36
|   |   |   |   |   |   |   |   |   |   |   |--- truncated branch of depth 3
|   |   |   |   |   |   |   |   |   |--- feature_8 >  4.50
|   |   |   |   |   |   |   |   |   |   |--- class: negative
|   |   |   |   |   |   |   |--- feature_12 >  58.05
|   |   |   |   |   |   |   |   |--- feature_10 <= 49.45
|   |   |   |   |   |   |   |   |   |--- feature_7 <= 10.00
|   |   |   |   |   |   |   |   |   |   |--- class: negative
|   |   |   |   |   |   |   |   |   |--- feature_7 >  10.00
|   |   |   |   |   |   |   |   |   |   |--- class: positive
|   |   |   |   |   |   |   |   |--- feature_10 >  49.45
|   |   |   |   |   |   |   |   |   |--- class: negative
|   |   |   |   |--- feature_17 >  0.00
|   |   |   |   |   |--- class: positive
|   |   |   |--- feature_17 >  1.00
|   |   |   |   |--- feature_7 <= 0.50
|   |   |   |   |   |--- feature_13 <= 4.95
|   |   |   |   |   |   |--- feature_49 <= 0.05
|   |   |   |   |   |   |   |--- feature_43 <= 0.05
|   |   |   |   |   |   |   |   |--- feature_10 <= 31.35
|   |   |   |   |   |   |   |   |   |--- feature_11 <= 4.85
|   |   |   |   |   |   |   |   |   |   |--- feature_1 <= 162.50
|   |   |   |   |   |   |   |   |   |   |   |--- class: negative
|   |   |   |   |   |   |   |   |   |   |--- feature_1 >  162.50
|   |   |   |   |   |   |   |   |   |   |   |--- truncated branch of depth 2
|   |   |   |   |   |   |   |   |   |--- feature_11 >  4.85
|   |   |   |   |   |   |   |   |   |   |--- class: negative
|   |   |   |   |   |   |   |   |--- feature_10 >  31.35
|   |   |   |   |   |   |   |   |   |--- feature_12 <= 23.85
|   |   |   |   |   |   |   |   |   |   |--- class: positive
|   |   |   |   |   |   |   |   |   |--- feature_12 >  23.85
|   |   |   |   |   |   |   |   |   |   |--- class: negative
|   |   |   |   |   |   |   |--- feature_43 >  0.05
|   |   |   |   |   |   |   |   |--- feature_0 <= 1930.50
|   |   |   |   |   |   |   |   |   |--- class: negative
|   |   |   |   |   |   |   |   |--- feature_0 >  1930.50
|   |   |   |   |   |   |   |   |   |--- class: positive
|   |   |   |   |   |   |--- feature_49 >  0.05
|   |   |   |   |   |   |   |--- feature_49 <= 0.99
|   |   |   |   |   |   |   |   |--- class: positive
|   |   |   |   |   |   |   |--- feature_49 >  0.99
|   |   |   |   |   |   |   |   |--- feature_14 <= 1.50
|   |   |   |   |   |   |   |   |   |--- feature_12 <= 25.20
|   |   |   |   |   |   |   |   |   |   |--- feature_12 <= 19.35
|   |   |   |   |   |   |   |   |   |   |   |--- class: negative
|   |   |   |   |   |   |   |   |   |   |--- feature_12 >  19.35
|   |   |   |   |   |   |   |   |   |   |   |--- truncated branch of depth 2
|   |   |   |   |   |   |   |   |   |--- feature_12 >  25.20
|   |   |   |   |   |   |   |   |   |   |--- class: positive
|   |   |   |   |   |   |   |   |--- feature_14 >  1.50
|   |   |   |   |   |   |   |   |   |--- feature_10 <= 7.45
|   |   |   |   |   |   |   |   |   |   |--- class: positive
|   |   |   |   |   |   |   |   |   |--- feature_10 >  7.45
|   |   |   |   |   |   |   |   |   |   |--- feature_0 <= 1945.00
|   |   |   |   |   |   |   |   |   |   |   |--- class: negative
|   |   |   |   |   |   |   |   |   |   |--- feature_0 >  1945.00
|   |   |   |   |   |   |   |   |   |   |   |--- truncated branch of depth 2
|   |   |   |   |   |--- feature_13 >  4.95
|   |   |   |   |   |   |--- feature_0 <= 1964.50
|   |   |   |   |   |   |   |--- feature_11 <= 12.05
|   |   |   |   |   |   |   |   |--- feature_0 <= 1937.50
|   |   |   |   |   |   |   |   |   |--- class: negative
|   |   |   |   |   |   |   |   |--- feature_0 >  1937.50
|   |   |   |   |   |   |   |   |   |--- feature_0 <= 1938.50
|   |   |   |   |   |   |   |   |   |   |--- feature_9 <= 7.45
|   |   |   |   |   |   |   |   |   |   |   |--- class: positive
|   |   |   |   |   |   |   |   |   |   |--- feature_9 >  7.45
|   |   |   |   |   |   |   |   |   |   |   |--- class: negative
|   |   |   |   |   |   |   |   |   |--- feature_0 >  1938.50
|   |   |   |   |   |   |   |   |   |   |--- feature_8 <= 2.50
|   |   |   |   |   |   |   |   |   |   |   |--- class: negative
|   |   |   |   |   |   |   |   |   |   |--- feature_8 >  2.50
|   |   |   |   |   |   |   |   |   |   |   |--- truncated branch of depth 5
|   |   |   |   |   |   |   |--- feature_11 >  12.05
|   |   |   |   |   |   |   |   |--- feature_12 <= 37.80
|   |   |   |   |   |   |   |   |   |--- feature_13 <= 6.50
|   |   |   |   |   |   |   |   |   |   |--- class: positive
|   |   |   |   |   |   |   |   |   |--- feature_13 >  6.50
|   |   |   |   |   |   |   |   |   |   |--- feature_11 <= 14.70
|   |   |   |   |   |   |   |   |   |   |   |--- class: negative
|   |   |   |   |   |   |   |   |   |   |--- feature_11 >  14.70
|   |   |   |   |   |   |   |   |   |   |   |--- class: positive
|   |   |   |   |   |   |   |   |--- feature_12 >  37.80
|   |   |   |   |   |   |   |   |   |--- feature_12 <= 75.60
|   |   |   |   |   |   |   |   |   |   |--- class: negative
|   |   |   |   |   |   |   |   |   |--- feature_12 >  75.60
|   |   |   |   |   |   |   |   |   |   |--- class: positive
|   |   |   |   |   |   |--- feature_0 >  1964.50
|   |   |   |   |   |   |   |--- feature_1 <= 56.50
|   |   |   |   |   |   |   |   |--- class: positive
|   |   |   |   |   |   |   |--- feature_1 >  56.50
|   |   |   |   |   |   |   |   |--- feature_12 <= 40.84
|   |   |   |   |   |   |   |   |   |--- feature_12 <= 13.50
|   |   |   |   |   |   |   |   |   |   |--- class: positive
|   |   |   |   |   |   |   |   |   |--- feature_12 >  13.50
|   |   |   |   |   |   |   |   |   |   |--- feature_11 <= 5.80
|   |   |   |   |   |   |   |   |   |   |   |--- truncated branch of depth 2
|   |   |   |   |   |   |   |   |   |   |--- feature_11 >  5.80
|   |   |   |   |   |   |   |   |   |   |   |--- class: negative
|   |   |   |   |   |   |   |   |--- feature_12 >  40.84
|   |   |   |   |   |   |   |   |   |--- feature_12 <= 42.75
|   |   |   |   |   |   |   |   |   |   |--- class: positive
|   |   |   |   |   |   |   |   |   |--- feature_12 >  42.75
|   |   |   |   |   |   |   |   |   |   |--- class: negative
|   |   |   |   |--- feature_7 >  0.50
|   |   |   |   |   |--- feature_1 <= 1479.00
|   |   |   |   |   |   |--- feature_1 <= 1410.50
|   |   |   |   |   |   |   |--- feature_1 <= 679.50
|   |   |   |   |   |   |   |   |--- feature_37 <= 0.02
|   |   |   |   |   |   |   |   |   |--- feature_1 <= 669.50
|   |   |   |   |   |   |   |   |   |   |--- feature_1 <= 219.50
|   |   |   |   |   |   |   |   |   |   |   |--- truncated branch of depth 10
|   |   |   |   |   |   |   |   |   |   |--- feature_1 >  219.50
|   |   |   |   |   |   |   |   |   |   |   |--- truncated branch of depth 4
|   |   |   |   |   |   |   |   |   |--- feature_1 >  669.50
|   |   |   |   |   |   |   |   |   |   |--- class: positive
|   |   |   |   |   |   |   |   |--- feature_37 >  0.02
|   |   |   |   |   |   |   |   |   |--- feature_37 <= 0.99
|   |   |   |   |   |   |   |   |   |   |--- class: positive
|   |   |   |   |   |   |   |   |   |--- feature_37 >  0.99
|   |   |   |   |   |   |   |   |   |   |--- feature_7 <= 26.50
|   |   |   |   |   |   |   |   |   |   |   |--- truncated branch of depth 2
|   |   |   |   |   |   |   |   |   |   |--- feature_7 >  26.50
|   |   |   |   |   |   |   |   |   |   |   |--- class: negative
|   |   |   |   |   |   |   |--- feature_1 >  679.50
|   |   |   |   |   |   |   |   |--- class: negative
|   |   |   |   |   |   |--- feature_1 >  1410.50
|   |   |   |   |   |   |   |--- feature_10 <= 22.77
|   |   |   |   |   |   |   |   |--- class: positive
|   |   |   |   |   |   |   |--- feature_10 >  22.77
|   |   |   |   |   |   |   |   |--- class: negative
|   |   |   |   |   |--- feature_1 >  1479.00
|   |   |   |   |   |   |--- feature_7 <= 9.00
|   |   |   |   |   |   |   |--- class: positive
|   |   |   |   |   |   |--- feature_7 >  9.00
|   |   |   |   |   |   |   |--- feature_0 <= 1933.50
|   |   |   |   |   |   |   |   |--- class: negative
|   |   |   |   |   |   |   |--- feature_0 >  1933.50
|   |   |   |   |   |   |   |   |--- feature_29 <= 0.50
|   |   |   |   |   |   |   |   |   |--- class: negative
|   |   |   |   |   |   |   |   |--- feature_29 >  0.50
|   |   |   |   |   |   |   |   |   |--- feature_7 <= 36.00
|   |   |   |   |   |   |   |   |   |   |--- feature_11 <= 10.85
|   |   |   |   |   |   |   |   |   |   |   |--- class: negative
|   |   |   |   |   |   |   |   |   |   |--- feature_11 >  10.85
|   |   |   |   |   |   |   |   |   |   |   |--- truncated branch of depth 5
|   |   |   |   |   |   |   |   |   |--- feature_7 >  36.00
|   |   |   |   |   |   |   |   |   |   |--- feature_7 <= 47.50
|   |   |   |   |   |   |   |   |   |   |   |--- class: positive
|   |   |   |   |   |   |   |   |   |   |--- feature_7 >  47.50
|   |   |   |   |   |   |   |   |   |   |   |--- class: negative
|   |   |--- feature_0 >  1973.50
|   |   |   |--- feature_12 <= 40.41
|   |   |   |   |--- feature_49 <= 0.93
|   |   |   |   |   |--- feature_49 <= 0.02
|   |   |   |   |   |   |--- feature_13 <= 7.99
|   |   |   |   |   |   |   |--- feature_7 <= 12.50
|   |   |   |   |   |   |   |   |--- feature_12 <= 37.94
|   |   |   |   |   |   |   |   |   |--- feature_13 <= 5.15
|   |   |   |   |   |   |   |   |   |   |--- feature_11 <= 5.95
|   |   |   |   |   |   |   |   |   |   |   |--- class: negative
|   |   |   |   |   |   |   |   |   |   |--- feature_11 >  5.95
|   |   |   |   |   |   |   |   |   |   |   |--- truncated branch of depth 5
|   |   |   |   |   |   |   |   |   |--- feature_13 >  5.15
|   |   |   |   |   |   |   |   |   |   |--- feature_39 <= 0.87
|   |   |   |   |   |   |   |   |   |   |   |--- class: positive
|   |   |   |   |   |   |   |   |   |   |--- feature_39 >  0.87
|   |   |   |   |   |   |   |   |   |   |   |--- class: negative
|   |   |   |   |   |   |   |   |--- feature_12 >  37.94
|   |   |   |   |   |   |   |   |   |--- class: positive
|   |   |   |   |   |   |   |--- feature_7 >  12.50
|   |   |   |   |   |   |   |   |--- feature_7 <= 47.50
|   |   |   |   |   |   |   |   |   |--- class: negative
|   |   |   |   |   |   |   |   |--- feature_7 >  47.50
|   |   |   |   |   |   |   |   |   |--- feature_10 <= 10.95
|   |   |   |   |   |   |   |   |   |   |--- class: positive
|   |   |   |   |   |   |   |   |   |--- feature_10 >  10.95
|   |   |   |   |   |   |   |   |   |   |--- class: negative
|   |   |   |   |   |   |--- feature_13 >  7.99
|   |   |   |   |   |   |   |--- feature_11 <= 3.85
|   |   |   |   |   |   |   |   |--- class: positive
|   |   |   |   |   |   |   |--- feature_11 >  3.85
|   |   |   |   |   |   |   |   |--- class: negative
|   |   |   |   |   |--- feature_49 >  0.02
|   |   |   |   |   |   |--- class: positive
|   |   |   |   |--- feature_49 >  0.93
|   |   |   |   |   |--- class: negative
|   |   |   |--- feature_12 >  40.41
|   |   |   |   |--- feature_11 <= 23.25
|   |   |   |   |   |--- feature_24 <= 0.50
|   |   |   |   |   |   |--- class: negative
|   |   |   |   |   |--- feature_24 >  0.50
|   |   |   |   |   |   |--- feature_0 <= 1977.50
|   |   |   |   |   |   |   |--- class: positive
|   |   |   |   |   |   |--- feature_0 >  1977.50
|   |   |   |   |   |   |   |--- class: negative
|   |   |   |   |--- feature_11 >  23.25
|   |   |   |   |   |--- feature_11 <= 28.60
|   |   |   |   |   |   |--- class: positive
|   |   |   |   |   |--- feature_11 >  28.60
|   |   |   |   |   |   |--- class: negative
|   |--- feature_31 >  0.00
|   |   |--- class: positive
|--- feature_31 >  1.00
|   |--- feature_12 <= 44.11
|   |   |--- feature_0 <= 1987.50
|   |   |   |--- feature_39 <= 0.00
|   |   |   |   |--- feature_1 <= 1328.00
|   |   |   |   |   |--- feature_8 <= 1.50
|   |   |   |   |   |   |--- feature_12 <= 40.46
|   |   |   |   |   |   |   |--- feature_49 <= 0.09
|   |   |   |   |   |   |   |   |--- feature_9 <= 6.20
|   |   |   |   |   |   |   |   |   |--- class: positive
|   |   |   |   |   |   |   |   |--- feature_9 >  6.20
|   |   |   |   |   |   |   |   |   |--- feature_43 <= 0.50
|   |   |   |   |   |   |   |   |   |   |--- feature_2 <= 1.50
|   |   |   |   |   |   |   |   |   |   |   |--- truncated branch of depth 2
|   |   |   |   |   |   |   |   |   |   |--- feature_2 >  1.50
|   |   |   |   |   |   |   |   |   |   |   |--- class: negative
|   |   |   |   |   |   |   |   |   |--- feature_43 >  0.50
|   |   |   |   |   |   |   |   |   |   |--- class: positive
|   |   |   |   |   |   |   |--- feature_49 >  0.09
|   |   |   |   |   |   |   |   |--- feature_22 <= 1.00
|   |   |   |   |   |   |   |   |   |--- feature_20 <= 1.00
|   |   |   |   |   |   |   |   |   |   |--- feature_0 <= 1958.50
|   |   |   |   |   |   |   |   |   |   |   |--- class: negative
|   |   |   |   |   |   |   |   |   |   |--- feature_0 >  1958.50
|   |   |   |   |   |   |   |   |   |   |   |--- class: positive
|   |   |   |   |   |   |   |   |   |--- feature_20 >  1.00
|   |   |   |   |   |   |   |   |   |   |--- class: negative
|   |   |   |   |   |   |   |   |--- feature_22 >  1.00
|   |   |   |   |   |   |   |   |   |--- feature_10 <= 33.90
|   |   |   |   |   |   |   |   |   |   |--- class: negative
|   |   |   |   |   |   |   |   |   |--- feature_10 >  33.90
|   |   |   |   |   |   |   |   |   |   |--- class: positive
|   |   |   |   |   |   |--- feature_12 >  40.46
|   |   |   |   |   |   |   |--- feature_9 <= 12.20
|   |   |   |   |   |   |   |   |--- feature_0 <= 1979.50
|   |   |   |   |   |   |   |   |   |--- feature_47 <= 0.04
|   |   |   |   |   |   |   |   |   |   |--- feature_13 <= 5.87
|   |   |   |   |   |   |   |   |   |   |   |--- class: negative
|   |   |   |   |   |   |   |   |   |   |--- feature_13 >  5.87
|   |   |   |   |   |   |   |   |   |   |   |--- truncated branch of depth 3
|   |   |   |   |   |   |   |   |   |--- feature_47 >  0.04
|   |   |   |   |   |   |   |   |   |   |--- feature_9 <= 8.65
|   |   |   |   |   |   |   |   |   |   |   |--- truncated branch of depth 3
|   |   |   |   |   |   |   |   |   |   |--- feature_9 >  8.65
|   |   |   |   |   |   |   |   |   |   |   |--- truncated branch of depth 3
|   |   |   |   |   |   |   |   |--- feature_0 >  1979.50
|   |   |   |   |   |   |   |   |   |--- class: negative
|   |   |   |   |   |   |   |--- feature_9 >  12.20
|   |   |   |   |   |   |   |   |--- class: negative
|   |   |   |   |   |--- feature_8 >  1.50
|   |   |   |   |   |   |--- feature_1 <= 566.00
|   |   |   |   |   |   |   |--- feature_7 <= 2.00
|   |   |   |   |   |   |   |   |--- feature_13 <= 6.00
|   |   |   |   |   |   |   |   |   |--- feature_2 <= 4.50
|   |   |   |   |   |   |   |   |   |   |--- class: negative
|   |   |   |   |   |   |   |   |   |--- feature_2 >  4.50
|   |   |   |   |   |   |   |   |   |   |--- feature_18 <= 0.50
|   |   |   |   |   |   |   |   |   |   |   |--- truncated branch of depth 7
|   |   |   |   |   |   |   |   |   |   |--- feature_18 >  0.50
|   |   |   |   |   |   |   |   |   |   |   |--- class: negative
|   |   |   |   |   |   |   |   |--- feature_13 >  6.00
|   |   |   |   |   |   |   |   |   |--- class: negative
|   |   |   |   |   |   |   |--- feature_7 >  2.00
|   |   |   |   |   |   |   |   |--- class: negative
|   |   |   |   |   |   |--- feature_1 >  566.00
|   |   |   |   |   |   |   |--- feature_1 <= 595.00
|   |   |   |   |   |   |   |   |--- feature_49 <= 0.50
|   |   |   |   |   |   |   |   |   |--- feature_11 <= 7.60
|   |   |   |   |   |   |   |   |   |   |--- class: negative
|   |   |   |   |   |   |   |   |   |--- feature_11 >  7.60
|   |   |   |   |   |   |   |   |   |   |--- class: positive
|   |   |   |   |   |   |   |   |--- feature_49 >  0.50
|   |   |   |   |   |   |   |   |   |--- class: negative
|   |   |   |   |   |   |   |--- feature_1 >  595.00
|   |   |   |   |   |   |   |   |--- feature_23 <= 0.40
|   |   |   |   |   |   |   |   |   |--- feature_9 <= 24.80
|   |   |   |   |   |   |   |   |   |   |--- class: negative
|   |   |   |   |   |   |   |   |   |--- feature_9 >  24.80
|   |   |   |   |   |   |   |   |   |   |--- feature_9 <= 26.65
|   |   |   |   |   |   |   |   |   |   |   |--- class: positive
|   |   |   |   |   |   |   |   |   |   |--- feature_9 >  26.65
|   |   |   |   |   |   |   |   |   |   |   |--- class: negative
|   |   |   |   |   |   |   |   |--- feature_23 >  0.40
|   |   |   |   |   |   |   |   |   |--- feature_0 <= 1972.00
|   |   |   |   |   |   |   |   |   |   |--- class: negative
|   |   |   |   |   |   |   |   |   |--- feature_0 >  1972.00
|   |   |   |   |   |   |   |   |   |   |--- class: positive
|   |   |   |   |--- feature_1 >  1328.00
|   |   |   |   |   |--- feature_18 <= 0.00
|   |   |   |   |   |   |--- feature_37 <= 0.29
|   |   |   |   |   |   |   |--- feature_2 <= 6.50
|   |   |   |   |   |   |   |   |--- class: negative
|   |   |   |   |   |   |   |--- feature_2 >  6.50
|   |   |   |   |   |   |   |   |--- feature_12 <= 40.08
|   |   |   |   |   |   |   |   |   |--- feature_11 <= 11.10
|   |   |   |   |   |   |   |   |   |   |--- class: negative
|   |   |   |   |   |   |   |   |   |--- feature_11 >  11.10
|   |   |   |   |   |   |   |   |   |   |--- feature_10 <= 41.85
|   |   |   |   |   |   |   |   |   |   |   |--- class: negative
|   |   |   |   |   |   |   |   |   |   |--- feature_10 >  41.85
|   |   |   |   |   |   |   |   |   |   |   |--- class: positive
|   |   |   |   |   |   |   |   |--- feature_12 >  40.08
|   |   |   |   |   |   |   |   |   |--- feature_2 <= 7.50
|   |   |   |   |   |   |   |   |   |   |--- class: positive
|   |   |   |   |   |   |   |   |   |--- feature_2 >  7.50
|   |   |   |   |   |   |   |   |   |   |--- feature_17 <= 0.23
|   |   |   |   |   |   |   |   |   |   |   |--- class: negative
|   |   |   |   |   |   |   |   |   |   |--- feature_17 >  0.23
|   |   |   |   |   |   |   |   |   |   |   |--- truncated branch of depth 2
|   |   |   |   |   |   |--- feature_37 >  0.29
|   |   |   |   |   |   |   |--- feature_37 <= 1.00
|   |   |   |   |   |   |   |   |--- class: positive
|   |   |   |   |   |   |   |--- feature_37 >  1.00
|   |   |   |   |   |   |   |   |--- feature_10 <= 95.05
|   |   |   |   |   |   |   |   |   |--- class: negative
|   |   |   |   |   |   |   |   |--- feature_10 >  95.05
|   |   |   |   |   |   |   |   |   |--- feature_8 <= 3.50
|   |   |   |   |   |   |   |   |   |   |--- class: positive
|   |   |   |   |   |   |   |   |   |--- feature_8 >  3.50
|   |   |   |   |   |   |   |   |   |   |--- feature_13 <= 3.50
|   |   |   |   |   |   |   |   |   |   |   |--- class: positive
|   |   |   |   |   |   |   |   |   |   |--- feature_13 >  3.50
|   |   |   |   |   |   |   |   |   |   |   |--- class: negative
|   |   |   |   |   |--- feature_18 >  0.00
|   |   |   |   |   |   |--- feature_18 <= 1.00
|   |   |   |   |   |   |   |--- class: positive
|   |   |   |   |   |   |--- feature_18 >  1.00
|   |   |   |   |   |   |   |--- feature_1 <= 4176.50
|   |   |   |   |   |   |   |   |--- feature_13 <= 5.12
|   |   |   |   |   |   |   |   |   |--- class: negative
|   |   |   |   |   |   |   |   |--- feature_13 >  5.12
|   |   |   |   |   |   |   |   |   |--- feature_13 <= 7.90
|   |   |   |   |   |   |   |   |   |   |--- class: positive
|   |   |   |   |   |   |   |   |   |--- feature_13 >  7.90
|   |   |   |   |   |   |   |   |   |   |--- feature_1 <= 3711.50
|   |   |   |   |   |   |   |   |   |   |   |--- truncated branch of depth 5
|   |   |   |   |   |   |   |   |   |   |--- feature_1 >  3711.50
|   |   |   |   |   |   |   |   |   |   |   |--- class: positive
|   |   |   |   |   |   |   |--- feature_1 >  4176.50
|   |   |   |   |   |   |   |   |--- feature_12 <= 25.20
|   |   |   |   |   |   |   |   |   |--- class: positive
|   |   |   |   |   |   |   |   |--- feature_12 >  25.20
|   |   |   |   |   |   |   |   |   |--- feature_2 <= 10.50
|   |   |   |   |   |   |   |   |   |   |--- class: negative
|   |   |   |   |   |   |   |   |   |--- feature_2 >  10.50
|   |   |   |   |   |   |   |   |   |   |--- feature_7 <= 7.00
|   |   |   |   |   |   |   |   |   |   |   |--- class: negative
|   |   |   |   |   |   |   |   |   |   |--- feature_7 >  7.00
|   |   |   |   |   |   |   |   |   |   |   |--- class: positive
|   |   |   |--- feature_39 >  0.00
|   |   |   |   |--- feature_39 <= 1.00
|   |   |   |   |   |--- class: positive
|   |   |   |   |--- feature_39 >  1.00
|   |   |   |   |   |--- feature_13 <= 8.00
|   |   |   |   |   |   |--- feature_13 <= 5.02
|   |   |   |   |   |   |   |--- feature_13 <= 4.99
|   |   |   |   |   |   |   |   |--- feature_13 <= 4.01
|   |   |   |   |   |   |   |   |   |--- feature_13 <= 3.99
|   |   |   |   |   |   |   |   |   |   |--- feature_13 <= 3.01
|   |   |   |   |   |   |   |   |   |   |   |--- truncated branch of depth 9
|   |   |   |   |   |   |   |   |   |   |--- feature_13 >  3.01
|   |   |   |   |   |   |   |   |   |   |   |--- class: positive
|   |   |   |   |   |   |   |   |   |--- feature_13 >  3.99
|   |   |   |   |   |   |   |   |   |   |--- feature_11 <= 7.15
|   |   |   |   |   |   |   |   |   |   |   |--- truncated branch of depth 5
|   |   |   |   |   |   |   |   |   |   |--- feature_11 >  7.15
|   |   |   |   |   |   |   |   |   |   |   |--- class: negative
|   |   |   |   |   |   |   |   |--- feature_13 >  4.01
|   |   |   |   |   |   |   |   |   |--- class: positive
|   |   |   |   |   |   |   |--- feature_13 >  4.99
|   |   |   |   |   |   |   |   |--- feature_1 <= 119.00
|   |   |   |   |   |   |   |   |   |--- feature_10 <= 13.85
|   |   |   |   |   |   |   |   |   |   |--- class: negative
|   |   |   |   |   |   |   |   |   |--- feature_10 >  13.85
|   |   |   |   |   |   |   |   |   |   |--- feature_11 <= 7.29
|   |   |   |   |   |   |   |   |   |   |   |--- truncated branch of depth 5
|   |   |   |   |   |   |   |   |   |   |--- feature_11 >  7.29
|   |   |   |   |   |   |   |   |   |   |   |--- truncated branch of depth 3
|   |   |   |   |   |   |   |   |--- feature_1 >  119.00
|   |   |   |   |   |   |   |   |   |--- feature_12 <= 39.15
|   |   |   |   |   |   |   |   |   |   |--- feature_12 <= 32.85
|   |   |   |   |   |   |   |   |   |   |   |--- truncated branch of depth 3
|   |   |   |   |   |   |   |   |   |   |--- feature_12 >  32.85
|   |   |   |   |   |   |   |   |   |   |   |--- truncated branch of depth 6
|   |   |   |   |   |   |   |   |   |--- feature_12 >  39.15
|   |   |   |   |   |   |   |   |   |   |--- feature_0 <= 1920.50
|   |   |   |   |   |   |   |   |   |   |   |--- truncated branch of depth 2
|   |   |   |   |   |   |   |   |   |   |--- feature_0 >  1920.50
|   |   |   |   |   |   |   |   |   |   |   |--- truncated branch of depth 4
|   |   |   |   |   |   |--- feature_13 >  5.02
|   |   |   |   |   |   |   |--- feature_13 <= 7.00
|   |   |   |   |   |   |   |   |--- class: positive
|   |   |   |   |   |   |   |--- feature_13 >  7.00
|   |   |   |   |   |   |   |   |--- feature_13 <= 7.01
|   |   |   |   |   |   |   |   |   |--- feature_9 <= 14.45
|   |   |   |   |   |   |   |   |   |   |--- class: negative
|   |   |   |   |   |   |   |   |   |--- feature_9 >  14.45
|   |   |   |   |   |   |   |   |   |   |--- feature_2 <= 3.50
|   |   |   |   |   |   |   |   |   |   |   |--- truncated branch of depth 2
|   |   |   |   |   |   |   |   |   |   |--- feature_2 >  3.50
|   |   |   |   |   |   |   |   |   |   |   |--- truncated branch of depth 3
|   |   |   |   |   |   |   |   |--- feature_13 >  7.01
|   |   |   |   |   |   |   |   |   |--- class: positive
|   |   |   |   |   |--- feature_13 >  8.00
|   |   |   |   |   |   |--- feature_0 <= 1965.50
|   |   |   |   |   |   |   |--- class: negative
|   |   |   |   |   |   |--- feature_0 >  1965.50
|   |   |   |   |   |   |   |--- feature_12 <= 31.05
|   |   |   |   |   |   |   |   |--- feature_9 <= 17.05
|   |   |   |   |   |   |   |   |   |--- feature_1 <= 1940.50
|   |   |   |   |   |   |   |   |   |   |--- feature_9 <= 11.65
|   |   |   |   |   |   |   |   |   |   |   |--- truncated branch of depth 2
|   |   |   |   |   |   |   |   |   |   |--- feature_9 >  11.65
|   |   |   |   |   |   |   |   |   |   |   |--- class: negative
|   |   |   |   |   |   |   |   |   |--- feature_1 >  1940.50
|   |   |   |   |   |   |   |   |   |   |--- class: positive
|   |   |   |   |   |   |   |   |--- feature_9 >  17.05
|   |   |   |   |   |   |   |   |   |--- class: positive
|   |   |   |   |   |   |   |--- feature_12 >  31.05
|   |   |   |   |   |   |   |   |--- feature_1 <= 126.00
|   |   |   |   |   |   |   |   |   |--- feature_1 <= 123.50
|   |   |   |   |   |   |   |   |   |   |--- feature_12 <= 41.47
|   |   |   |   |   |   |   |   |   |   |   |--- truncated branch of depth 4
|   |   |   |   |   |   |   |   |   |   |--- feature_12 >  41.47
|   |   |   |   |   |   |   |   |   |   |   |--- truncated branch of depth 4
|   |   |   |   |   |   |   |   |   |--- feature_1 >  123.50
|   |   |   |   |   |   |   |   |   |   |--- feature_7 <= 20.00
|   |   |   |   |   |   |   |   |   |   |   |--- truncated branch of depth 3
|   |   |   |   |   |   |   |   |   |   |--- feature_7 >  20.00
|   |   |   |   |   |   |   |   |   |   |   |--- class: negative
|   |   |   |   |   |   |   |   |--- feature_1 >  126.00
|   |   |   |   |   |   |   |   |   |--- feature_1 <= 1169.00
|   |   |   |   |   |   |   |   |   |   |--- feature_11 <= 6.05
|   |   |   |   |   |   |   |   |   |   |   |--- truncated branch of depth 3
|   |   |   |   |   |   |   |   |   |   |--- feature_11 >  6.05
|   |   |   |   |   |   |   |   |   |   |   |--- class: negative
|   |   |   |   |   |   |   |   |   |--- feature_1 >  1169.00
|   |   |   |   |   |   |   |   |   |   |--- feature_11 <= 8.30
|   |   |   |   |   |   |   |   |   |   |   |--- truncated branch of depth 4
|   |   |   |   |   |   |   |   |   |   |--- feature_11 >  8.30
|   |   |   |   |   |   |   |   |   |   |   |--- truncated branch of depth 3
|   |   |--- feature_0 >  1987.50
|   |   |   |--- feature_2 <= 2.50
|   |   |   |   |--- class: negative
|   |   |   |--- feature_2 >  2.50
|   |   |   |   |--- feature_13 <= 7.99
|   |   |   |   |   |--- feature_13 <= 7.02
|   |   |   |   |   |   |--- feature_20 <= 0.22
|   |   |   |   |   |   |   |--- feature_1 <= 53.50
|   |   |   |   |   |   |   |   |--- feature_2 <= 4.50
|   |   |   |   |   |   |   |   |   |--- class: positive
|   |   |   |   |   |   |   |   |--- feature_2 >  4.50
|   |   |   |   |   |   |   |   |   |--- class: negative
|   |   |   |   |   |   |   |--- feature_1 >  53.50
|   |   |   |   |   |   |   |   |--- class: negative
|   |   |   |   |   |   |--- feature_20 >  0.22
|   |   |   |   |   |   |   |--- feature_20 <= 0.93
|   |   |   |   |   |   |   |   |--- class: positive
|   |   |   |   |   |   |   |--- feature_20 >  0.93
|   |   |   |   |   |   |   |   |--- feature_1 <= 306.00
|   |   |   |   |   |   |   |   |   |--- feature_13 <= 4.96
|   |   |   |   |   |   |   |   |   |   |--- feature_11 <= 7.36
|   |   |   |   |   |   |   |   |   |   |   |--- class: negative
|   |   |   |   |   |   |   |   |   |   |--- feature_11 >  7.36
|   |   |   |   |   |   |   |   |   |   |   |--- truncated branch of depth 2
|   |   |   |   |   |   |   |   |   |--- feature_13 >  4.96
|   |   |   |   |   |   |   |   |   |   |--- feature_7 <= 52.50
|   |   |   |   |   |   |   |   |   |   |   |--- class: negative
|   |   |   |   |   |   |   |   |   |   |--- feature_7 >  52.50
|   |   |   |   |   |   |   |   |   |   |   |--- class: positive
|   |   |   |   |   |   |   |   |--- feature_1 >  306.00
|   |   |   |   |   |   |   |   |   |--- feature_1 <= 324.50
|   |   |   |   |   |   |   |   |   |   |--- class: positive
|   |   |   |   |   |   |   |   |   |--- feature_1 >  324.50
|   |   |   |   |   |   |   |   |   |   |--- feature_2 <= 6.50
|   |   |   |   |   |   |   |   |   |   |   |--- class: negative
|   |   |   |   |   |   |   |   |   |   |--- feature_2 >  6.50
|   |   |   |   |   |   |   |   |   |   |   |--- truncated branch of depth 4
|   |   |   |   |   |--- feature_13 >  7.02
|   |   |   |   |   |   |--- class: positive
|   |   |   |   |--- feature_13 >  7.99
|   |   |   |   |   |--- feature_1 <= 48.50
|   |   |   |   |   |   |--- feature_18 <= 0.11
|   |   |   |   |   |   |   |--- class: negative
|   |   |   |   |   |   |--- feature_18 >  0.11
|   |   |   |   |   |   |   |--- feature_11 <= 8.45
|   |   |   |   |   |   |   |   |--- class: positive
|   |   |   |   |   |   |   |--- feature_11 >  8.45
|   |   |   |   |   |   |   |   |--- class: negative
|   |   |   |   |   |--- feature_1 >  48.50
|   |   |   |   |   |   |--- feature_1 <= 1595.00
|   |   |   |   |   |   |   |--- feature_11 <= 6.75
|   |   |   |   |   |   |   |   |--- feature_21 <= 0.50
|   |   |   |   |   |   |   |   |   |--- class: negative
|   |   |   |   |   |   |   |   |--- feature_21 >  0.50
|   |   |   |   |   |   |   |   |   |--- class: positive
|   |   |   |   |   |   |   |--- feature_11 >  6.75
|   |   |   |   |   |   |   |   |--- class: negative
|   |   |   |   |   |   |--- feature_1 >  1595.00
|   |   |   |   |   |   |   |--- feature_0 <= 1992.50
|   |   |   |   |   |   |   |   |--- feature_10 <= 222.52
|   |   |   |   |   |   |   |   |   |--- feature_10 <= 22.35
|   |   |   |   |   |   |   |   |   |   |--- feature_1 <= 3922.00
|   |   |   |   |   |   |   |   |   |   |   |--- class: positive
|   |   |   |   |   |   |   |   |   |   |--- feature_1 >  3922.00
|   |   |   |   |   |   |   |   |   |   |   |--- truncated branch of depth 2
|   |   |   |   |   |   |   |   |   |--- feature_10 >  22.35
|   |   |   |   |   |   |   |   |   |   |--- class: negative
|   |   |   |   |   |   |   |   |--- feature_10 >  222.52
|   |   |   |   |   |   |   |   |   |--- class: positive
|   |   |   |   |   |   |   |--- feature_0 >  1992.50
|   |   |   |   |   |   |   |   |--- feature_9 <= 7.98
|   |   |   |   |   |   |   |   |   |--- feature_7 <= 32.00
|   |   |   |   |   |   |   |   |   |   |--- class: negative
|   |   |   |   |   |   |   |   |   |--- feature_7 >  32.00
|   |   |   |   |   |   |   |   |   |   |--- class: positive
|   |   |   |   |   |   |   |   |--- feature_9 >  7.98
|   |   |   |   |   |   |   |   |   |--- class: negative
|   |--- feature_12 >  44.11
|   |   |--- feature_11 <= 8.50
|   |   |   |--- feature_20 <= 0.97
|   |   |   |   |--- feature_20 <= 0.02
|   |   |   |   |   |--- feature_24 <= 0.04
|   |   |   |   |   |   |--- feature_1 <= 1972.50
|   |   |   |   |   |   |   |--- feature_12 <= 47.25
|   |   |   |   |   |   |   |   |--- feature_1 <= 245.50
|   |   |   |   |   |   |   |   |   |--- class: negative
|   |   |   |   |   |   |   |   |--- feature_1 >  245.50
|   |   |   |   |   |   |   |   |   |--- class: positive
|   |   |   |   |   |   |   |--- feature_12 >  47.25
|   |   |   |   |   |   |   |   |--- feature_10 <= 64.30
|   |   |   |   |   |   |   |   |   |--- class: negative
|   |   |   |   |   |   |   |   |--- feature_10 >  64.30
|   |   |   |   |   |   |   |   |   |--- feature_10 <= 65.65
|   |   |   |   |   |   |   |   |   |   |--- class: positive
|   |   |   |   |   |   |   |   |   |--- feature_10 >  65.65
|   |   |   |   |   |   |   |   |   |   |--- class: negative
|   |   |   |   |   |   |--- feature_1 >  1972.50
|   |   |   |   |   |   |   |--- feature_18 <= 0.15
|   |   |   |   |   |   |   |   |--- feature_1 <= 2590.00
|   |   |   |   |   |   |   |   |   |--- feature_10 <= 36.65
|   |   |   |   |   |   |   |   |   |   |--- class: negative
|   |   |   |   |   |   |   |   |   |--- feature_10 >  36.65
|   |   |   |   |   |   |   |   |   |   |--- class: positive
|   |   |   |   |   |   |   |   |--- feature_1 >  2590.00
|   |   |   |   |   |   |   |   |   |--- feature_1 <= 6117.50
|   |   |   |   |   |   |   |   |   |   |--- class: negative
|   |   |   |   |   |   |   |   |   |--- feature_1 >  6117.50
|   |   |   |   |   |   |   |   |   |   |--- feature_1 <= 7222.00
|   |   |   |   |   |   |   |   |   |   |   |--- class: positive
|   |   |   |   |   |   |   |   |   |   |--- feature_1 >  7222.00
|   |   |   |   |   |   |   |   |   |   |   |--- class: negative
|   |   |   |   |   |   |   |--- feature_18 >  0.15
|   |   |   |   |   |   |   |   |--- feature_0 <= 1951.00
|   |   |   |   |   |   |   |   |   |--- class: negative
|   |   |   |   |   |   |   |   |--- feature_0 >  1951.00
|   |   |   |   |   |   |   |   |   |--- class: positive
|   |   |   |   |   |--- feature_24 >  0.04
|   |   |   |   |   |   |--- feature_24 <= 1.00
|   |   |   |   |   |   |   |--- class: positive
|   |   |   |   |   |   |--- feature_24 >  1.00
|   |   |   |   |   |   |   |--- feature_10 <= 23.75
|   |   |   |   |   |   |   |   |--- class: negative
|   |   |   |   |   |   |   |--- feature_10 >  23.75
|   |   |   |   |   |   |   |   |--- feature_1 <= 80.00
|   |   |   |   |   |   |   |   |   |--- class: negative
|   |   |   |   |   |   |   |   |--- feature_1 >  80.00
|   |   |   |   |   |   |   |   |   |--- class: positive
|   |   |   |   |--- feature_20 >  0.02
|   |   |   |   |   |--- class: positive
|   |   |   |--- feature_20 >  0.97
|   |   |   |   |--- feature_11 <= 8.20
|   |   |   |   |   |--- class: negative
|   |   |   |   |--- feature_11 >  8.20
|   |   |   |   |   |--- feature_11 <= 8.49
|   |   |   |   |   |   |--- feature_12 <= 52.88
|   |   |   |   |   |   |   |--- class: positive
|   |   |   |   |   |   |--- feature_12 >  52.88
|   |   |   |   |   |   |   |--- class: negative
|   |   |   |   |   |--- feature_11 >  8.49
|   |   |   |   |   |   |--- class: negative
|   |   |--- feature_11 >  8.50
|   |   |   |--- feature_21 <= 1.00
|   |   |   |   |--- feature_21 <= 0.00
|   |   |   |   |   |--- feature_47 <= 1.00
|   |   |   |   |   |   |--- feature_47 <= 0.00
|   |   |   |   |   |   |   |--- feature_23 <= 1.00
|   |   |   |   |   |   |   |   |--- feature_23 <= 0.00
|   |   |   |   |   |   |   |   |   |--- feature_10 <= 22.20
|   |   |   |   |   |   |   |   |   |   |--- feature_49 <= 1.00
|   |   |   |   |   |   |   |   |   |   |   |--- truncated branch of depth 7
|   |   |   |   |   |   |   |   |   |   |--- feature_49 >  1.00
|   |   |   |   |   |   |   |   |   |   |   |--- truncated branch of depth 6
|   |   |   |   |   |   |   |   |   |--- feature_10 >  22.20
|   |   |   |   |   |   |   |   |   |   |--- feature_7 <= 0.50
|   |   |   |   |   |   |   |   |   |   |   |--- truncated branch of depth 6
|   |   |   |   |   |   |   |   |   |   |--- feature_7 >  0.50
|   |   |   |   |   |   |   |   |   |   |   |--- truncated branch of depth 9
|   |   |   |   |   |   |   |   |--- feature_23 >  0.00
|   |   |   |   |   |   |   |   |   |--- class: positive
|   |   |   |   |   |   |   |--- feature_23 >  1.00
|   |   |   |   |   |   |   |   |--- feature_1 <= 4042.50
|   |   |   |   |   |   |   |   |   |--- class: negative
|   |   |   |   |   |   |   |   |--- feature_1 >  4042.50
|   |   |   |   |   |   |   |   |   |--- feature_1 <= 11874.50
|   |   |   |   |   |   |   |   |   |   |--- feature_1 <= 11240.50
|   |   |   |   |   |   |   |   |   |   |   |--- truncated branch of depth 7
|   |   |   |   |   |   |   |   |   |   |--- feature_1 >  11240.50
|   |   |   |   |   |   |   |   |   |   |   |--- truncated branch of depth 3
|   |   |   |   |   |   |   |   |   |--- feature_1 >  11874.50
|   |   |   |   |   |   |   |   |   |   |--- feature_9 <= 44.45
|   |   |   |   |   |   |   |   |   |   |   |--- class: negative
|   |   |   |   |   |   |   |   |   |   |--- feature_9 >  44.45
|   |   |   |   |   |   |   |   |   |   |   |--- truncated branch of depth 2
|   |   |   |   |   |   |--- feature_47 >  0.00
|   |   |   |   |   |   |   |--- class: positive
|   |   |   |   |   |--- feature_47 >  1.00
|   |   |   |   |   |   |--- feature_11 <= 13.40
|   |   |   |   |   |   |   |--- feature_13 <= 7.01
|   |   |   |   |   |   |   |   |--- feature_1 <= 744.50
|   |   |   |   |   |   |   |   |   |--- feature_1 <= 551.00
|   |   |   |   |   |   |   |   |   |   |--- feature_7 <= 40.00
|   |   |   |   |   |   |   |   |   |   |   |--- class: negative
|   |   |   |   |   |   |   |   |   |   |--- feature_7 >  40.00
|   |   |   |   |   |   |   |   |   |   |   |--- class: positive
|   |   |   |   |   |   |   |   |   |--- feature_1 >  551.00
|   |   |   |   |   |   |   |   |   |   |--- class: positive
|   |   |   |   |   |   |   |   |--- feature_1 >  744.50
|   |   |   |   |   |   |   |   |   |--- class: negative
|   |   |   |   |   |   |   |--- feature_13 >  7.01
|   |   |   |   |   |   |   |   |--- feature_13 <= 8.00
|   |   |   |   |   |   |   |   |   |--- class: positive
|   |   |   |   |   |   |   |   |--- feature_13 >  8.00
|   |   |   |   |   |   |   |   |   |--- feature_7 <= 10.50
|   |   |   |   |   |   |   |   |   |   |--- feature_11 <= 13.30
|   |   |   |   |   |   |   |   |   |   |   |--- truncated branch of depth 14
|   |   |   |   |   |   |   |   |   |   |--- feature_11 >  13.30
|   |   |   |   |   |   |   |   |   |   |   |--- class: positive
|   |   |   |   |   |   |   |   |   |--- feature_7 >  10.50
|   |   |   |   |   |   |   |   |   |   |--- feature_7 <= 29.50
|   |   |   |   |   |   |   |   |   |   |   |--- truncated branch of depth 10
|   |   |   |   |   |   |   |   |   |   |--- feature_7 >  29.50
|   |   |   |   |   |   |   |   |   |   |   |--- truncated branch of depth 6
|   |   |   |   |   |   |--- feature_11 >  13.40
|   |   |   |   |   |   |   |--- feature_1 <= 4612.50
|   |   |   |   |   |   |   |   |--- feature_11 <= 14.03
|   |   |   |   |   |   |   |   |   |--- feature_1 <= 3685.00
|   |   |   |   |   |   |   |   |   |   |--- feature_0 <= 1995.50
|   |   |   |   |   |   |   |   |   |   |   |--- truncated branch of depth 6
|   |   |   |   |   |   |   |   |   |   |--- feature_0 >  1995.50
|   |   |   |   |   |   |   |   |   |   |   |--- class: positive
|   |   |   |   |   |   |   |   |   |--- feature_1 >  3685.00
|   |   |   |   |   |   |   |   |   |   |--- feature_0 <= 1992.50
|   |   |   |   |   |   |   |   |   |   |   |--- truncated branch of depth 5
|   |   |   |   |   |   |   |   |   |   |--- feature_0 >  1992.50
|   |   |   |   |   |   |   |   |   |   |   |--- class: negative
|   |   |   |   |   |   |   |   |--- feature_11 >  14.03
|   |   |   |   |   |   |   |   |   |--- feature_3 <= 52.43
|   |   |   |   |   |   |   |   |   |   |--- class: positive
|   |   |   |   |   |   |   |   |   |--- feature_3 >  52.43
|   |   |   |   |   |   |   |   |   |   |--- class: negative
|   |   |   |   |   |   |   |--- feature_1 >  4612.50
|   |   |   |   |   |   |   |   |--- feature_0 <= 1971.50
|   |   |   |   |   |   |   |   |   |--- feature_7 <= 11.50
|   |   |   |   |   |   |   |   |   |   |--- class: positive
|   |   |   |   |   |   |   |   |   |--- feature_7 >  11.50
|   |   |   |   |   |   |   |   |   |   |--- class: negative
|   |   |   |   |   |   |   |   |--- feature_0 >  1971.50
|   |   |   |   |   |   |   |   |   |--- feature_0 <= 1985.50
|   |   |   |   |   |   |   |   |   |   |--- feature_7 <= 3.50
|   |   |   |   |   |   |   |   |   |   |   |--- truncated branch of depth 3
|   |   |   |   |   |   |   |   |   |   |--- feature_7 >  3.50
|   |   |   |   |   |   |   |   |   |   |   |--- class: negative
|   |   |   |   |   |   |   |   |   |--- feature_0 >  1985.50
|   |   |   |   |   |   |   |   |   |   |--- class: negative
|   |   |   |   |--- feature_21 >  0.00
|   |   |   |   |   |--- class: positive
|   |   |   |--- feature_21 >  1.00
|   |   |   |   |--- feature_11 <= 12.35
|   |   |   |   |   |--- feature_9 <= 14.05
|   |   |   |   |   |   |--- feature_9 <= 11.25
|   |   |   |   |   |   |   |--- feature_12 <= 57.60
|   |   |   |   |   |   |   |   |--- class: positive
|   |   |   |   |   |   |   |--- feature_12 >  57.60
|   |   |   |   |   |   |   |   |--- class: negative
|   |   |   |   |   |   |--- feature_9 >  11.25
|   |   |   |   |   |   |   |--- class: negative
|   |   |   |   |   |--- feature_9 >  14.05
|   |   |   |   |   |   |--- feature_9 <= 21.80
|   |   |   |   |   |   |   |--- feature_0 <= 1987.00
|   |   |   |   |   |   |   |   |--- feature_39 <= 0.99
|   |   |   |   |   |   |   |   |   |--- feature_10 <= 70.95
|   |   |   |   |   |   |   |   |   |   |--- feature_7 <= 38.50
|   |   |   |   |   |   |   |   |   |   |   |--- class: positive
|   |   |   |   |   |   |   |   |   |   |--- feature_7 >  38.50
|   |   |   |   |   |   |   |   |   |   |   |--- class: negative
|   |   |   |   |   |   |   |   |   |--- feature_10 >  70.95
|   |   |   |   |   |   |   |   |   |   |--- class: negative
|   |   |   |   |   |   |   |   |--- feature_39 >  0.99
|   |   |   |   |   |   |   |   |   |--- feature_11 <= 9.15
|   |   |   |   |   |   |   |   |   |   |--- feature_1 <= 1202.50
|   |   |   |   |   |   |   |   |   |   |   |--- truncated branch of depth 2
|   |   |   |   |   |   |   |   |   |   |--- feature_1 >  1202.50
|   |   |   |   |   |   |   |   |   |   |   |--- class: positive
|   |   |   |   |   |   |   |   |   |--- feature_11 >  9.15
|   |   |   |   |   |   |   |   |   |   |--- class: negative
|   |   |   |   |   |   |   |--- feature_0 >  1987.00
|   |   |   |   |   |   |   |   |--- feature_13 <= 7.50
|   |   |   |   |   |   |   |   |   |--- class: positive
|   |   |   |   |   |   |   |   |--- feature_13 >  7.50
|   |   |   |   |   |   |   |   |   |--- class: negative
|   |   |   |   |   |   |--- feature_9 >  21.80
|   |   |   |   |   |   |   |--- feature_10 <= 187.25
|   |   |   |   |   |   |   |   |--- class: negative
|   |   |   |   |   |   |   |--- feature_10 >  187.25
|   |   |   |   |   |   |   |   |--- class: positive
|   |   |   |   |--- feature_11 >  12.35
|   |   |   |   |   |--- feature_12 <= 46.35
|   |   |   |   |   |   |--- feature_0 <= 1978.00
|   |   |   |   |   |   |   |--- class: positive
|   |   |   |   |   |   |--- feature_0 >  1978.00
|   |   |   |   |   |   |   |--- class: negative
|   |   |   |   |   |--- feature_12 >  46.35
|   |   |   |   |   |   |--- feature_0 <= 1933.00
|   |   |   |   |   |   |   |--- class: positive
|   |   |   |   |   |   |--- feature_0 >  1933.00
|   |   |   |   |   |   |   |--- feature_1 <= 1629.50
|   |   |   |   |   |   |   |   |--- feature_1 <= 1587.50
|   |   |   |   |   |   |   |   |   |--- class: negative
|   |   |   |   |   |   |   |   |--- feature_1 >  1587.50
|   |   |   |   |   |   |   |   |   |--- feature_11 <= 12.60
|   |   |   |   |   |   |   |   |   |   |--- class: negative
|   |   |   |   |   |   |   |   |   |--- feature_11 >  12.60
|   |   |   |   |   |   |   |   |   |   |--- class: positive
|   |   |   |   |   |   |   |--- feature_1 >  1629.50
|   |   |   |   |   |   |   |   |--- feature_13 <= 7.50
|   |   |   |   |   |   |   |   |   |--- feature_13 <= 6.00
|   |   |   |   |   |   |   |   |   |   |--- class: negative
|   |   |   |   |   |   |   |   |   |--- feature_13 >  6.00
|   |   |   |   |   |   |   |   |   |   |--- feature_9 <= 21.20
|   |   |   |   |   |   |   |   |   |   |   |--- class: positive
|   |   |   |   |   |   |   |   |   |   |--- feature_9 >  21.20
|   |   |   |   |   |   |   |   |   |   |   |--- class: negative
|   |   |   |   |   |   |   |   |--- feature_13 >  7.50
|   |   |   |   |   |   |   |   |   |--- class: negative
