|--- feature_0 <= 1985.50
|   |--- feature_3 <= 4.50
|   |   |--- feature_15 <= 5.00
|   |   |   |--- feature_15 <= 5.00
|   |   |   |   |--- feature_15 <= 4.00
|   |   |   |   |   |--- feature_15 <= 2.00
|   |   |   |   |   |   |--- feature_0 <= 1959.50
|   |   |   |   |   |   |   |--- feature_12 <= 20.70
|   |   |   |   |   |   |   |   |--- feature_12 <= 7.15
|   |   |   |   |   |   |   |   |   |--- feature_1 <= 135.00
|   |   |   |   |   |   |   |   |   |   |--- class: negative
|   |   |   |   |   |   |   |   |   |--- feature_1 >  135.00
|   |   |   |   |   |   |   |   |   |   |--- feature_1 <= 208.00
|   |   |   |   |   |   |   |   |   |   |   |--- class: positive
|   |   |   |   |   |   |   |   |   |   |--- feature_1 >  208.00
|   |   |   |   |   |   |   |   |   |   |   |--- truncated branch of depth 2
|   |   |   |   |   |   |   |   |--- feature_12 >  7.15
|   |   |   |   |   |   |   |   |   |--- feature_0 <= 1903.50
|   |   |   |   |   |   |   |   |   |   |--- feature_14 <= 33.30
|   |   |   |   |   |   |   |   |   |   |   |--- class: negative
|   |   |   |   |   |   |   |   |   |   |--- feature_14 >  33.30
|   |   |   |   |   |   |   |   |   |   |   |--- class: positive
|   |   |   |   |   |   |   |   |   |--- feature_0 >  1903.50
|   |   |   |   |   |   |   |   |   |   |--- class: negative
|   |   |   |   |   |   |   |--- feature_12 >  20.70
|   |   |   |   |   |   |   |   |--- feature_0 <= 1929.50
|   |   |   |   |   |   |   |   |   |--- feature_0 <= 1918.00
|   |   |   |   |   |   |   |   |   |   |--- feature_0 <= 1890.00
|   |   |   |   |   |   |   |   |   |   |   |--- class: positive
|   |   |   |   |   |   |   |   |   |   |--- feature_0 >  1890.00
|   |   |   |   |   |   |   |   |   |   |   |--- class: negative
|   |   |   |   |   |   |   |   |   |--- feature_0 >  1918.00
|   |   |   |   |   |   |   |   |   |   |--- class: positive
|   |   |   |   |   |   |   |   |--- feature_0 >  1929.50
|   |   |   |   |   |   |   |   |   |--- class: negative
|   |   |   |   |   |   |--- feature_0 >  1959.50
|   |   |   |   |   |   |   |--- feature_14 <= 28.42
|   |   |   |   |   |   |   |   |--- feature_13 <= 6.65
|   |   |   |   |   |   |   |   |   |--- feature_2 <= 2.00
|   |   |   |   |   |   |   |   |   |   |--- class: negative
|   |   |   |   |   |   |   |   |   |--- feature_2 >  2.00
|   |   |   |   |   |   |   |   |   |   |--- class: positive
|   |   |   |   |   |   |   |   |--- feature_13 >  6.65
|   |   |   |   |   |   |   |   |   |--- class: negative
|   |   |   |   |   |   |   |--- feature_14 >  28.42
|   |   |   |   |   |   |   |   |--- feature_0 <= 1963.50
|   |   |   |   |   |   |   |   |   |--- feature_13 <= 10.90
|   |   |   |   |   |   |   |   |   |   |--- class: negative
|   |   |   |   |   |   |   |   |   |--- feature_13 >  10.90
|   |   |   |   |   |   |   |   |   |   |--- class: positive
|   |   |   |   |   |   |   |   |--- feature_0 >  1963.50
|   |   |   |   |   |   |   |   |   |--- class: negative
|   |   |   |   |   |--- feature_15 >  2.00
|   |   |   |   |   |   |--- feature_15 <= 4.00
|   |   |   |   |   |   |   |--- feature_15 <= 3.00
|   |   |   |   |   |   |   |   |--- feature_15 <= 3.00
|   |   |   |   |   |   |   |   |   |--- class: positive
|   |   |   |   |   |   |   |   |--- feature_15 >  3.00
|   |   |   |   |   |   |   |   |   |--- feature_10 <= 10.00
|   |   |   |   |   |   |   |   |   |   |--- feature_14 <= 31.05
|   |   |   |   |   |   |   |   |   |   |   |--- truncated branch of depth 5
|   |   |   |   |   |   |   |   |   |   |--- feature_14 >  31.05
|   |   |   |   |   |   |   |   |   |   |   |--- class: negative
|   |   |   |   |   |   |   |   |   |--- feature_10 >  10.00
|   |   |   |   |   |   |   |   |   |   |--- class: positive
|   |   |   |   |   |   |   |--- feature_15 >  3.00
|   |   |   |   |   |   |   |   |--- class: positive
|   |   |   |   |   |   |--- feature_15 >  4.00
|   |   |   |   |   |   |   |--- feature_14 <= 32.40
|   |   |   |   |   |   |   |   |--- feature_0 <= 1925.50
|   |   |   |   |   |   |   |   |   |--- feature_14 <= 30.81
|   |   |   |   |   |   |   |   |   |   |--- feature_13 <= 6.46
|   |   |   |   |   |   |   |   |   |   |   |--- truncated branch of depth 3
|   |   |   |   |   |   |   |   |   |   |--- feature_13 >  6.46
|   |   |   |   |   |   |   |   |   |   |   |--- truncated branch of depth 2
|   |   |   |   |   |   |   |   |   |--- feature_14 >  30.81
|   |   |   |   |   |   |   |   |   |   |--- feature_20 <= 8.00
|   |   |   |   |   |   |   |   |   |   |   |--- class: positive
|   |   |   |   |   |   |   |   |   |   |--- feature_20 >  8.00
|   |   |   |   |   |   |   |   |   |   |   |--- class: negative
|   |   |   |   |   |   |   |   |--- feature_0 >  1925.50
|   |   |   |   |   |   |   |   |   |--- feature_1 <= 350.50
|   |   |   |   |   |   |   |   |   |   |--- feature_11 <= 7.30
|   |   |   |   |   |   |   |   |   |   |   |--- truncated branch of depth 5
|   |   |   |   |   |   |   |   |   |   |--- feature_11 >  7.30
|   |   |   |   |   |   |   |   |   |   |   |--- truncated branch of depth 8
|   |   |   |   |   |   |   |   |   |--- feature_1 >  350.50
|   |   |   |   |   |   |   |   |   |   |--- class: negative
|   |   |   |   |   |   |   |--- feature_14 >  32.40
|   |   |   |   |   |   |   |   |--- feature_1 <= 127.50
|   |   |   |   |   |   |   |   |   |--- feature_1 <= 123.00
|   |   |   |   |   |   |   |   |   |   |--- feature_20 <= 2.50
|   |   |   |   |   |   |   |   |   |   |   |--- class: negative
|   |   |   |   |   |   |   |   |   |   |--- feature_20 >  2.50
|   |   |   |   |   |   |   |   |   |   |   |--- truncated branch of depth 5
|   |   |   |   |   |   |   |   |   |--- feature_1 >  123.00
|   |   |   |   |   |   |   |   |   |   |--- class: positive
|   |   |   |   |   |   |   |   |--- feature_1 >  127.50
|   |   |   |   |   |   |   |   |   |--- feature_14 <= 32.85
|   |   |   |   |   |   |   |   |   |   |--- feature_12 <= 7.15
|   |   |   |   |   |   |   |   |   |   |   |--- class: positive
|   |   |   |   |   |   |   |   |   |   |--- feature_12 >  7.15
|   |   |   |   |   |   |   |   |   |   |   |--- truncated branch of depth 4
|   |   |   |   |   |   |   |   |   |--- feature_14 >  32.85
|   |   |   |   |   |   |   |   |   |   |--- feature_14 <= 51.75
|   |   |   |   |   |   |   |   |   |   |   |--- class: negative
|   |   |   |   |   |   |   |   |   |   |--- feature_14 >  51.75
|   |   |   |   |   |   |   |   |   |   |   |--- truncated branch of depth 2
|   |   |   |   |--- feature_15 >  4.00
|   |   |   |   |   |--- class: positive
|   |   |   |--- feature_15 >  5.00
|   |   |   |   |--- feature_14 <= 40.40
|   |   |   |   |   |--- feature_19 <= 1.00
|   |   |   |   |   |   |--- feature_9 <= 0.50
|   |   |   |   |   |   |   |--- feature_0 <= 1930.50
|   |   |   |   |   |   |   |   |--- feature_13 <= 14.60
|   |   |   |   |   |   |   |   |   |--- feature_3 <= 1.50
|   |   |   |   |   |   |   |   |   |   |--- class: negative
|   |   |   |   |   |   |   |   |   |--- feature_3 >  1.50
|   |   |   |   |   |   |   |   |   |   |--- feature_14 <= 26.55
|   |   |   |   |   |   |   |   |   |   |   |--- class: negative
|   |   |   |   |   |   |   |   |   |   |--- feature_14 >  26.55
|   |   |   |   |   |   |   |   |   |   |   |--- truncated branch of depth 7
|   |   |   |   |   |   |   |   |--- feature_13 >  14.60
|   |   |   |   |   |   |   |   |   |--- class: positive
|   |   |   |   |   |   |   |--- feature_0 >  1930.50
|   |   |   |   |   |   |   |   |--- feature_11 <= 8.18
|   |   |   |   |   |   |   |   |   |--- feature_11 <= 7.01
|   |   |   |   |   |   |   |   |   |   |--- feature_0 <= 1949.00
|   |   |   |   |   |   |   |   |   |   |   |--- truncated branch of depth 3
|   |   |   |   |   |   |   |   |   |   |--- feature_0 >  1949.00
|   |   |   |   |   |   |   |   |   |   |   |--- truncated branch of depth 6
|   |   |   |   |   |   |   |   |   |--- feature_11 >  7.01
|   |   |   |   |   |   |   |   |   |   |--- feature_13 <= 6.45
|   |   |   |   |   |   |   |   |   |   |   |--- truncated branch of depth 4
|   |   |   |   |   |   |   |   |   |   |--- feature_13 >  6.45
|   |   |   |   |   |   |   |   |   |   |   |--- class: negative
|   |   |   |   |   |   |   |   |--- feature_11 >  8.18
|   |   |   |   |   |   |   |   |   |--- feature_1 <= 270.00
|   |   |   |   |   |   |   |   |   |   |--- class: negative
|   |   |   |   |   |   |   |   |   |--- feature_1 >  270.00
|   |   |   |   |   |   |   |   |   |   |--- feature_1 <= 591.50
|   |   |   |   |   |   |   |   |   |   |   |--- truncated branch of depth 3
|   |   |   |   |   |   |   |   |   |   |--- feature_1 >  591.50
|   |   |   |   |   |   |   |   |   |   |   |--- truncated branch of depth 4
|   |   |   |   |   |   |--- feature_9 >  0.50
|   |   |   |   |   |   |   |--- feature_20 <= 1.50
|   |   |   |   |   |   |   |   |--- feature_1 <= 105.50
|   |   |   |   |   |   |   |   |   |--- feature_1 <= 65.00
|   |   |   |   |   |   |   |   |   |   |--- class: negative
|   |   |   |   |   |   |   |   |   |--- feature_1 >  65.00
|   |   |   |   |   |   |   |   |   |   |--- feature_0 <= 1922.50
|   |   |   |   |   |   |   |   |   |   |   |--- class: negative
|   |   |   |   |   |   |   |   |   |   |--- feature_0 >  1922.50
|   |   |   |   |   |   |   |   |   |   |   |--- truncated branch of depth 3
|   |   |   |   |   |   |   |   |--- feature_1 >  105.50
|   |   |   |   |   |   |   |   |   |--- feature_9 <= 14.50
|   |   |   |   |   |   |   |   |   |   |--- class: positive
|   |   |   |   |   |   |   |   |   |--- feature_9 >  14.50
|   |   |   |   |   |   |   |   |   |   |--- feature_2 <= 5.50
|   |   |   |   |   |   |   |   |   |   |   |--- truncated branch of depth 3
|   |   |   |   |   |   |   |   |   |   |--- feature_2 >  5.50
|   |   |   |   |   |   |   |   |   |   |   |--- truncated branch of depth 3
|   |   |   |   |   |   |   |--- feature_20 >  1.50
|   |   |   |   |   |   |   |   |--- feature_12 <= 16.60
|   |   |   |   |   |   |   |   |   |--- feature_9 <= 23.50
|   |   |   |   |   |   |   |   |   |   |--- feature_1 <= 5117.00
|   |   |   |   |   |   |   |   |   |   |   |--- class: negative
|   |   |   |   |   |   |   |   |   |   |--- feature_1 >  5117.00
|   |   |   |   |   |   |   |   |   |   |   |--- class: positive
|   |   |   |   |   |   |   |   |   |--- feature_9 >  23.50
|   |   |   |   |   |   |   |   |   |   |--- feature_9 <= 29.50
|   |   |   |   |   |   |   |   |   |   |   |--- truncated branch of depth 3
|   |   |   |   |   |   |   |   |   |   |--- feature_9 >  29.50
|   |   |   |   |   |   |   |   |   |   |   |--- truncated branch of depth 5
|   |   |   |   |   |   |   |   |--- feature_12 >  16.60
|   |   |   |   |   |   |   |   |   |--- feature_20 <= 9.50
|   |   |   |   |   |   |   |   |   |   |--- feature_20 <= 2.50
|   |   |   |   |   |   |   |   |   |   |   |--- truncated branch of depth 4
|   |   |   |   |   |   |   |   |   |   |--- feature_20 >  2.50
|   |   |   |   |   |   |   |   |   |   |   |--- truncated branch of depth 3
|   |   |   |   |   |   |   |   |   |--- feature_20 >  9.50
|   |   |   |   |   |   |   |   |   |   |--- feature_9 <= 42.50
|   |   |   |   |   |   |   |   |   |   |   |--- class: negative
|   |   |   |   |   |   |   |   |   |   |--- feature_9 >  42.50
|   |   |   |   |   |   |   |   |   |   |   |--- truncated branch of depth 2
|   |   |   |   |   |--- feature_19 >  1.00
|   |   |   |   |   |   |--- feature_19 <= 2.00
|   |   |   |   |   |   |   |--- class: positive
|   |   |   |   |   |   |--- feature_19 >  2.00
|   |   |   |   |   |   |   |--- feature_13 <= 4.71
|   |   |   |   |   |   |   |   |--- class: negative
|   |   |   |   |   |   |   |--- feature_13 >  4.71
|   |   |   |   |   |   |   |   |--- feature_20 <= 21.50
|   |   |   |   |   |   |   |   |   |--- feature_19 <= 7.83
|   |   |   |   |   |   |   |   |   |   |--- feature_11 <= 18.38
|   |   |   |   |   |   |   |   |   |   |   |--- truncated branch of depth 5
|   |   |   |   |   |   |   |   |   |   |--- feature_11 >  18.38
|   |   |   |   |   |   |   |   |   |   |   |--- truncated branch of depth 2
|   |   |   |   |   |   |   |   |   |--- feature_19 >  7.83
|   |   |   |   |   |   |   |   |   |   |--- feature_1 <= 148.00
|   |   |   |   |   |   |   |   |   |   |   |--- class: negative
|   |   |   |   |   |   |   |   |   |   |--- feature_1 >  148.00
|   |   |   |   |   |   |   |   |   |   |   |--- truncated branch of depth 2
|   |   |   |   |   |   |   |   |--- feature_20 >  21.50
|   |   |   |   |   |   |   |   |   |--- feature_13 <= 6.60
|   |   |   |   |   |   |   |   |   |   |--- feature_14 <= 31.50
|   |   |   |   |   |   |   |   |   |   |   |--- truncated branch of depth 3
|   |   |   |   |   |   |   |   |   |   |--- feature_14 >  31.50
|   |   |   |   |   |   |   |   |   |   |   |--- class: negative
|   |   |   |   |   |   |   |   |   |--- feature_13 >  6.60
|   |   |   |   |   |   |   |   |   |   |--- feature_14 <= 37.80
|   |   |   |   |   |   |   |   |   |   |   |--- truncated branch of depth 3
|   |   |   |   |   |   |   |   |   |   |--- feature_14 >  37.80
|   |   |   |   |   |   |   |   |   |   |   |--- class: positive
|   |   |   |   |--- feature_14 >  40.40
|   |   |   |   |   |--- feature_1 <= 241.50
|   |   |   |   |   |   |--- class: negative
|   |   |   |   |   |--- feature_1 >  241.50
|   |   |   |   |   |   |--- feature_19 <= 1.01
|   |   |   |   |   |   |   |--- feature_14 <= 40.51
|   |   |   |   |   |   |   |   |--- feature_9 <= 46.50
|   |   |   |   |   |   |   |   |   |--- feature_11 <= 9.55
|   |   |   |   |   |   |   |   |   |   |--- feature_11 <= 8.30
|   |   |   |   |   |   |   |   |   |   |   |--- class: negative
|   |   |   |   |   |   |   |   |   |   |--- feature_11 >  8.30
|   |   |   |   |   |   |   |   |   |   |   |--- truncated branch of depth 4
|   |   |   |   |   |   |   |   |   |--- feature_11 >  9.55
|   |   |   |   |   |   |   |   |   |   |--- class: negative
|   |   |   |   |   |   |   |   |--- feature_9 >  46.50
|   |   |   |   |   |   |   |   |   |--- class: positive
|   |   |   |   |   |   |   |--- feature_14 >  40.51
|   |   |   |   |   |   |   |   |--- feature_14 <= 44.06
|   |   |   |   |   |   |   |   |   |--- feature_2 <= 7.50
|   |   |   |   |   |   |   |   |   |   |--- feature_13 <= 10.24
|   |   |   |   |   |   |   |   |   |   |   |--- truncated branch of depth 3
|   |   |   |   |   |   |   |   |   |   |--- feature_13 >  10.24
|   |   |   |   |   |   |   |   |   |   |   |--- class: negative
|   |   |   |   |   |   |   |   |   |--- feature_2 >  7.50
|   |   |   |   |   |   |   |   |   |   |--- class: negative
|   |   |   |   |   |   |   |   |--- feature_14 >  44.06
|   |   |   |   |   |   |   |   |   |--- feature_14 <= 44.21
|   |   |   |   |   |   |   |   |   |   |--- feature_9 <= 41.50
|   |   |   |   |   |   |   |   |   |   |   |--- class: negative
|   |   |   |   |   |   |   |   |   |   |--- feature_9 >  41.50
|   |   |   |   |   |   |   |   |   |   |   |--- truncated branch of depth 3
|   |   |   |   |   |   |   |   |   |--- feature_14 >  44.21
|   |   |   |   |   |   |   |   |   |   |--- feature_0 <= 1971.00
|   |   |   |   |   |   |   |   |   |   |   |--- truncated branch of depth 7
|   |   |   |   |   |   |   |   |   |   |--- feature_0 >  1971.00
|   |   |   |   |   |   |   |   |   |   |   |--- class: negative
|   |   |   |   |   |   |--- feature_19 >  1.01
|   |   |   |   |   |   |   |--- feature_20 <= 7.50
|   |   |   |   |   |   |   |   |--- feature_19 <= 2.93
|   |   |   |   |   |   |   |   |   |--- class: positive
|   |   |   |   |   |   |   |   |--- feature_19 >  2.93
|   |   |   |   |   |   |   |   |   |--- feature_4 <= 4.00
|   |   |   |   |   |   |   |   |   |   |--- feature_19 <= 3.14
|   |   |   |   |   |   |   |   |   |   |   |--- truncated branch of depth 2
|   |   |   |   |   |   |   |   |   |   |--- feature_19 >  3.14
|   |   |   |   |   |   |   |   |   |   |   |--- class: positive
|   |   |   |   |   |   |   |   |   |--- feature_4 >  4.00
|   |   |   |   |   |   |   |   |   |   |--- class: negative
|   |   |   |   |   |   |   |--- feature_20 >  7.50
|   |   |   |   |   |   |   |   |--- class: negative
|   |   |--- feature_15 >  5.00
|   |   |   |--- feature_15 <= 7.00
|   |   |   |   |--- feature_1 <= 7.50
|   |   |   |   |   |--- class: negative
|   |   |   |   |--- feature_1 >  7.50
|   |   |   |   |   |--- feature_2 <= 19.50
|   |   |   |   |   |   |--- class: positive
|   |   |   |   |   |--- feature_2 >  19.50
|   |   |   |   |   |   |--- feature_10 <= 1.50
|   |   |   |   |   |   |   |--- class: negative
|   |   |   |   |   |   |--- feature_10 >  1.50
|   |   |   |   |   |   |   |--- class: positive
|   |   |   |--- feature_15 >  7.00
|   |   |   |   |--- feature_13 <= 8.50
|   |   |   |   |   |--- feature_4 <= 4.50
|   |   |   |   |   |   |--- feature_15 <= 7.00
|   |   |   |   |   |   |   |--- feature_9 <= 27.50
|   |   |   |   |   |   |   |   |--- class: negative
|   |   |   |   |   |   |   |--- feature_9 >  27.50
|   |   |   |   |   |   |   |   |--- feature_11 <= 11.65
|   |   |   |   |   |   |   |   |   |--- class: negative
|   |   |   |   |   |   |   |   |--- feature_11 >  11.65
|   |   |   |   |   |   |   |   |   |--- feature_1 <= 409.00
|   |   |   |   |   |   |   |   |   |   |--- class: positive
|   |   |   |   |   |   |   |   |   |--- feature_1 >  409.00
|   |   |   |   |   |   |   |   |   |   |--- class: negative
|   |   |   |   |   |   |--- feature_15 >  7.00
|   |   |   |   |   |   |   |--- feature_15 <= 8.00
|   |   |   |   |   |   |   |   |--- class: positive
|   |   |   |   |   |   |   |--- feature_15 >  8.00
|   |   |   |   |   |   |   |   |--- feature_1 <= 49.50
|   |   |   |   |   |   |   |   |   |--- feature_1 <= 17.00
|   |   |   |   |   |   |   |   |   |   |--- class: negative
|   |   |   |   |   |   |   |   |   |--- feature_1 >  17.00
|   |   |   |   |   |   |   |   |   |   |--- feature_11 <= 7.32
|   |   |   |   |   |   |   |   |   |   |   |--- class: negative
|   |   |   |   |   |   |   |   |   |   |--- feature_11 >  7.32
|   |   |   |   |   |   |   |   |   |   |   |--- truncated branch of depth 3
|   |   |   |   |   |   |   |   |--- feature_1 >  49.50
|   |   |   |   |   |   |   |   |   |--- feature_1 <= 827.00
|   |   |   |   |   |   |   |   |   |   |--- feature_1 <= 270.50
|   |   |   |   |   |   |   |   |   |   |   |--- truncated branch of depth 6
|   |   |   |   |   |   |   |   |   |   |--- feature_1 >  270.50
|   |   |   |   |   |   |   |   |   |   |   |--- class: negative
|   |   |   |   |   |   |   |   |   |--- feature_1 >  827.00
|   |   |   |   |   |   |   |   |   |   |--- feature_0 <= 1941.50
|   |   |   |   |   |   |   |   |   |   |   |--- truncated branch of depth 2
|   |   |   |   |   |   |   |   |   |   |--- feature_0 >  1941.50
|   |   |   |   |   |   |   |   |   |   |   |--- truncated branch of depth 8
|   |   |   |   |   |--- feature_4 >  4.50
|   |   |   |   |   |   |--- feature_19 <= 1.03
|   |   |   |   |   |   |   |--- feature_0 <= 1970.50
|   |   |   |   |   |   |   |   |--- feature_2 <= 4.50
|   |   |   |   |   |   |   |   |   |--- feature_12 <= 18.53
|   |   |   |   |   |   |   |   |   |   |--- feature_0 <= 1959.50
|   |   |   |   |   |   |   |   |   |   |   |--- class: negative
|   |   |   |   |   |   |   |   |   |   |--- feature_0 >  1959.50
|   |   |   |   |   |   |   |   |   |   |   |--- class: positive
|   |   |   |   |   |   |   |   |   |--- feature_12 >  18.53
|   |   |   |   |   |   |   |   |   |   |--- feature_13 <= 7.21
|   |   |   |   |   |   |   |   |   |   |   |--- truncated branch of depth 3
|   |   |   |   |   |   |   |   |   |   |--- feature_13 >  7.21
|   |   |   |   |   |   |   |   |   |   |   |--- class: negative
|   |   |   |   |   |   |   |   |--- feature_2 >  4.50
|   |   |   |   |   |   |   |   |   |--- feature_1 <= 2107.00
|   |   |   |   |   |   |   |   |   |   |--- feature_12 <= 7.35
|   |   |   |   |   |   |   |   |   |   |   |--- truncated branch of depth 2
|   |   |   |   |   |   |   |   |   |   |--- feature_12 >  7.35
|   |   |   |   |   |   |   |   |   |   |   |--- class: negative
|   |   |   |   |   |   |   |   |   |--- feature_1 >  2107.00
|   |   |   |   |   |   |   |   |   |   |--- feature_11 <= 16.80
|   |   |   |   |   |   |   |   |   |   |   |--- truncated branch of depth 4
|   |   |   |   |   |   |   |   |   |   |--- feature_11 >  16.80
|   |   |   |   |   |   |   |   |   |   |   |--- class: negative
|   |   |   |   |   |   |   |--- feature_0 >  1970.50
|   |   |   |   |   |   |   |   |--- class: negative
|   |   |   |   |   |   |--- feature_19 >  1.03
|   |   |   |   |   |   |   |--- feature_19 <= 2.00
|   |   |   |   |   |   |   |   |--- class: positive
|   |   |   |   |   |   |   |--- feature_19 >  2.00
|   |   |   |   |   |   |   |   |--- feature_1 <= 1512.00
|   |   |   |   |   |   |   |   |   |--- class: negative
|   |   |   |   |   |   |   |   |--- feature_1 >  1512.00
|   |   |   |   |   |   |   |   |   |--- feature_11 <= 9.56
|   |   |   |   |   |   |   |   |   |   |--- class: negative
|   |   |   |   |   |   |   |   |   |--- feature_11 >  9.56
|   |   |   |   |   |   |   |   |   |   |--- class: positive
|   |   |   |   |--- feature_13 >  8.50
|   |   |   |   |   |--- feature_15 <= 7.00
|   |   |   |   |   |   |--- feature_1 <= 10373.50
|   |   |   |   |   |   |   |--- feature_12 <= 48.85
|   |   |   |   |   |   |   |   |--- feature_1 <= 8955.00
|   |   |   |   |   |   |   |   |   |--- feature_14 <= 72.90
|   |   |   |   |   |   |   |   |   |   |--- feature_12 <= 39.73
|   |   |   |   |   |   |   |   |   |   |   |--- class: negative
|   |   |   |   |   |   |   |   |   |   |--- feature_12 >  39.73
|   |   |   |   |   |   |   |   |   |   |   |--- truncated branch of depth 2
|   |   |   |   |   |   |   |   |   |--- feature_14 >  72.90
|   |   |   |   |   |   |   |   |   |   |--- feature_13 <= 11.90
|   |   |   |   |   |   |   |   |   |   |   |--- class: negative
|   |   |   |   |   |   |   |   |   |   |--- feature_13 >  11.90
|   |   |   |   |   |   |   |   |   |   |   |--- class: positive
|   |   |   |   |   |   |   |   |--- feature_1 >  8955.00
|   |   |   |   |   |   |   |   |   |--- class: positive
|   |   |   |   |   |   |   |--- feature_12 >  48.85
|   |   |   |   |   |   |   |   |--- feature_1 <= 5140.00
|   |   |   |   |   |   |   |   |   |--- class: positive
|   |   |   |   |   |   |   |   |--- feature_1 >  5140.00
|   |   |   |   |   |   |   |   |   |--- feature_12 <= 71.10
|   |   |   |   |   |   |   |   |   |   |--- class: positive
|   |   |   |   |   |   |   |   |   |--- feature_12 >  71.10
|   |   |   |   |   |   |   |   |   |   |--- class: negative
|   |   |   |   |   |   |--- feature_1 >  10373.50
|   |   |   |   |   |   |   |--- class: negative
|   |   |   |   |   |--- feature_15 >  7.00
|   |   |   |   |   |   |--- feature_15 <= 8.00
|   |   |   |   |   |   |   |--- class: positive
|   |   |   |   |   |   |--- feature_15 >  8.00
|   |   |   |   |   |   |   |--- feature_9 <= 0.50
|   |   |   |   |   |   |   |   |--- feature_1 <= 4626.50
|   |   |   |   |   |   |   |   |   |--- feature_11 <= 7.43
|   |   |   |   |   |   |   |   |   |   |--- feature_12 <= 19.03
|   |   |   |   |   |   |   |   |   |   |   |--- class: negative
|   |   |   |   |   |   |   |   |   |   |--- feature_12 >  19.03
|   |   |   |   |   |   |   |   |   |   |   |--- truncated branch of depth 2
|   |   |   |   |   |   |   |   |   |--- feature_11 >  7.43
|   |   |   |   |   |   |   |   |   |   |--- feature_1 <= 3634.50
|   |   |   |   |   |   |   |   |   |   |   |--- truncated branch of depth 8
|   |   |   |   |   |   |   |   |   |   |--- feature_1 >  3634.50
|   |   |   |   |   |   |   |   |   |   |   |--- truncated branch of depth 6
|   |   |   |   |   |   |   |   |--- feature_1 >  4626.50
|   |   |   |   |   |   |   |   |   |--- feature_1 <= 8493.00
|   |   |   |   |   |   |   |   |   |   |--- class: negative
|   |   |   |   |   |   |   |   |   |--- feature_1 >  8493.00
|   |   |   |   |   |   |   |   |   |   |--- feature_1 <= 16483.50
|   |   |   |   |   |   |   |   |   |   |   |--- truncated branch of depth 5
|   |   |   |   |   |   |   |   |   |   |--- feature_1 >  16483.50
|   |   |   |   |   |   |   |   |   |   |   |--- truncated branch of depth 5
|   |   |   |   |   |   |   |--- feature_9 >  0.50
|   |   |   |   |   |   |   |   |--- feature_1 <= 26420.00
|   |   |   |   |   |   |   |   |   |--- feature_9 <= 29.50
|   |   |   |   |   |   |   |   |   |   |--- feature_11 <= 8.51
|   |   |   |   |   |   |   |   |   |   |   |--- truncated branch of depth 7
|   |   |   |   |   |   |   |   |   |   |--- feature_11 >  8.51
|   |   |   |   |   |   |   |   |   |   |   |--- truncated branch of depth 14
|   |   |   |   |   |   |   |   |   |--- feature_9 >  29.50
|   |   |   |   |   |   |   |   |   |   |--- feature_1 <= 10820.00
|   |   |   |   |   |   |   |   |   |   |   |--- truncated branch of depth 13
|   |   |   |   |   |   |   |   |   |   |--- feature_1 >  10820.00
|   |   |   |   |   |   |   |   |   |   |   |--- truncated branch of depth 8
|   |   |   |   |   |   |   |   |--- feature_1 >  26420.00
|   |   |   |   |   |   |   |   |   |--- class: negative
|   |--- feature_3 >  4.50
|   |   |--- feature_14 <= 40.49
|   |   |   |--- feature_4 <= 4.50
|   |   |   |   |--- feature_14 <= 36.01
|   |   |   |   |   |--- feature_12 <= 10.91
|   |   |   |   |   |   |--- feature_13 <= 6.23
|   |   |   |   |   |   |   |--- class: negative
|   |   |   |   |   |   |--- feature_13 >  6.23
|   |   |   |   |   |   |   |--- feature_13 <= 6.68
|   |   |   |   |   |   |   |   |--- feature_11 <= 7.87
|   |   |   |   |   |   |   |   |   |--- class: negative
|   |   |   |   |   |   |   |   |--- feature_11 >  7.87
|   |   |   |   |   |   |   |   |   |--- class: positive
|   |   |   |   |   |   |   |--- feature_13 >  6.68
|   |   |   |   |   |   |   |   |--- feature_0 <= 1897.50
|   |   |   |   |   |   |   |   |   |--- class: positive
|   |   |   |   |   |   |   |   |--- feature_0 >  1897.50
|   |   |   |   |   |   |   |   |   |--- feature_14 <= 32.77
|   |   |   |   |   |   |   |   |   |   |--- feature_0 <= 1917.00
|   |   |   |   |   |   |   |   |   |   |   |--- class: positive
|   |   |   |   |   |   |   |   |   |   |--- feature_0 >  1917.00
|   |   |   |   |   |   |   |   |   |   |   |--- truncated branch of depth 3
|   |   |   |   |   |   |   |   |   |--- feature_14 >  32.77
|   |   |   |   |   |   |   |   |   |   |--- feature_3 <= 6.00
|   |   |   |   |   |   |   |   |   |   |   |--- truncated branch of depth 4
|   |   |   |   |   |   |   |   |   |   |--- feature_3 >  6.00
|   |   |   |   |   |   |   |   |   |   |   |--- class: negative
|   |   |   |   |   |--- feature_12 >  10.91
|   |   |   |   |   |   |--- feature_10 <= 3.50
|   |   |   |   |   |   |   |--- feature_11 <= 41.91
|   |   |   |   |   |   |   |   |--- feature_19 <= 3.04
|   |   |   |   |   |   |   |   |   |--- feature_13 <= 6.02
|   |   |   |   |   |   |   |   |   |   |--- feature_13 <= 5.95
|   |   |   |   |   |   |   |   |   |   |   |--- class: negative
|   |   |   |   |   |   |   |   |   |   |--- feature_13 >  5.95
|   |   |   |   |   |   |   |   |   |   |   |--- truncated branch of depth 3
|   |   |   |   |   |   |   |   |   |--- feature_13 >  6.02
|   |   |   |   |   |   |   |   |   |   |--- feature_11 <= 14.60
|   |   |   |   |   |   |   |   |   |   |   |--- truncated branch of depth 7
|   |   |   |   |   |   |   |   |   |   |--- feature_11 >  14.60
|   |   |   |   |   |   |   |   |   |   |   |--- truncated branch of depth 6
|   |   |   |   |   |   |   |   |--- feature_19 >  3.04
|   |   |   |   |   |   |   |   |   |--- feature_3 <= 6.50
|   |   |   |   |   |   |   |   |   |   |--- class: positive
|   |   |   |   |   |   |   |   |   |--- feature_3 >  6.50
|   |   |   |   |   |   |   |   |   |   |--- feature_9 <= 12.50
|   |   |   |   |   |   |   |   |   |   |   |--- truncated branch of depth 7
|   |   |   |   |   |   |   |   |   |   |--- feature_9 >  12.50
|   |   |   |   |   |   |   |   |   |   |   |--- class: negative
|   |   |   |   |   |   |   |--- feature_11 >  41.91
|   |   |   |   |   |   |   |   |--- class: negative
|   |   |   |   |   |   |--- feature_10 >  3.50
|   |   |   |   |   |   |   |--- feature_2 <= 3.00
|   |   |   |   |   |   |   |   |--- class: positive
|   |   |   |   |   |   |   |--- feature_2 >  3.00
|   |   |   |   |   |   |   |   |--- class: negative
|   |   |   |   |--- feature_14 >  36.01
|   |   |   |   |   |--- feature_1 <= 2599.00
|   |   |   |   |   |   |--- feature_9 <= 44.50
|   |   |   |   |   |   |   |--- feature_3 <= 6.50
|   |   |   |   |   |   |   |   |--- feature_11 <= 14.47
|   |   |   |   |   |   |   |   |   |--- class: positive
|   |   |   |   |   |   |   |   |--- feature_11 >  14.47
|   |   |   |   |   |   |   |   |   |--- feature_12 <= 17.01
|   |   |   |   |   |   |   |   |   |   |--- class: negative
|   |   |   |   |   |   |   |   |   |--- feature_12 >  17.01
|   |   |   |   |   |   |   |   |   |   |--- class: positive
|   |   |   |   |   |   |   |--- feature_3 >  6.50
|   |   |   |   |   |   |   |   |--- class: negative
|   |   |   |   |   |   |--- feature_9 >  44.50
|   |   |   |   |   |   |   |--- class: negative
|   |   |   |   |   |--- feature_1 >  2599.00
|   |   |   |   |   |   |--- feature_20 <= 4.50
|   |   |   |   |   |   |   |--- class: positive
|   |   |   |   |   |   |--- feature_20 >  4.50
|   |   |   |   |   |   |   |--- class: negative
|   |   |   |--- feature_4 >  4.50
|   |   |   |   |--- feature_14 <= 36.01
|   |   |   |   |   |--- feature_14 <= 35.99
|   |   |   |   |   |   |--- feature_14 <= 32.44
|   |   |   |   |   |   |   |--- feature_1 <= 1995.00
|   |   |   |   |   |   |   |   |--- feature_9 <= 25.50
|   |   |   |   |   |   |   |   |   |--- feature_9 <= 16.50
|   |   |   |   |   |   |   |   |   |   |--- feature_2 <= 5.50
|   |   |   |   |   |   |   |   |   |   |   |--- truncated branch of depth 7
|   |   |   |   |   |   |   |   |   |   |--- feature_2 >  5.50
|   |   |   |   |   |   |   |   |   |   |   |--- class: negative
|   |   |   |   |   |   |   |   |   |--- feature_9 >  16.50
|   |   |   |   |   |   |   |   |   |   |--- feature_11 <= 10.75
|   |   |   |   |   |   |   |   |   |   |   |--- class: negative
|   |   |   |   |   |   |   |   |   |   |--- feature_11 >  10.75
|   |   |   |   |   |   |   |   |   |   |   |--- truncated branch of depth 3
|   |   |   |   |   |   |   |   |--- feature_9 >  25.50
|   |   |   |   |   |   |   |   |   |--- class: negative
|   |   |   |   |   |   |   |--- feature_1 >  1995.00
|   |   |   |   |   |   |   |   |--- feature_15 <= 5.32
|   |   |   |   |   |   |   |   |   |--- class: negative
|   |   |   |   |   |   |   |   |--- feature_15 >  5.32
|   |   |   |   |   |   |   |   |   |--- feature_1 <= 2480.00
|   |   |   |   |   |   |   |   |   |   |--- class: positive
|   |   |   |   |   |   |   |   |   |--- feature_1 >  2480.00
|   |   |   |   |   |   |   |   |   |   |--- feature_0 <= 1973.50
|   |   |   |   |   |   |   |   |   |   |   |--- class: negative
|   |   |   |   |   |   |   |   |   |   |--- feature_0 >  1973.50
|   |   |   |   |   |   |   |   |   |   |   |--- class: positive
|   |   |   |   |   |   |--- feature_14 >  32.44
|   |   |   |   |   |   |   |--- feature_12 <= 14.28
|   |   |   |   |   |   |   |   |--- feature_13 <= 7.05
|   |   |   |   |   |   |   |   |   |--- feature_1 <= 67.50
|   |   |   |   |   |   |   |   |   |   |--- class: negative
|   |   |   |   |   |   |   |   |   |--- feature_1 >  67.50
|   |   |   |   |   |   |   |   |   |   |--- class: positive
|   |   |   |   |   |   |   |   |--- feature_13 >  7.05
|   |   |   |   |   |   |   |   |   |--- class: negative
|   |   |   |   |   |   |   |--- feature_12 >  14.28
|   |   |   |   |   |   |   |   |--- feature_11 <= 13.97
|   |   |   |   |   |   |   |   |   |--- feature_15 <= 7.37
|   |   |   |   |   |   |   |   |   |   |--- class: positive
|   |   |   |   |   |   |   |   |   |--- feature_15 >  7.37
|   |   |   |   |   |   |   |   |   |   |--- feature_0 <= 1978.00
|   |   |   |   |   |   |   |   |   |   |   |--- class: positive
|   |   |   |   |   |   |   |   |   |   |--- feature_0 >  1978.00
|   |   |   |   |   |   |   |   |   |   |   |--- truncated branch of depth 2
|   |   |   |   |   |   |   |   |--- feature_11 >  13.97
|   |   |   |   |   |   |   |   |   |--- feature_19 <= 1.89
|   |   |   |   |   |   |   |   |   |   |--- feature_13 <= 9.27
|   |   |   |   |   |   |   |   |   |   |   |--- class: positive
|   |   |   |   |   |   |   |   |   |   |--- feature_13 >  9.27
|   |   |   |   |   |   |   |   |   |   |   |--- class: negative
|   |   |   |   |   |   |   |   |   |--- feature_19 >  1.89
|   |   |   |   |   |   |   |   |   |   |--- class: negative
|   |   |   |   |   |--- feature_14 >  35.99
|   |   |   |   |   |   |--- feature_0 <= 1896.00
|   |   |   |   |   |   |   |--- class: positive
|   |   |   |   |   |   |--- feature_0 >  1896.00
|   |   |   |   |   |   |   |--- feature_1 <= 179.50
|   |   |   |   |   |   |   |   |--- class: negative
|   |   |   |   |   |   |   |--- feature_1 >  179.50
|   |   |   |   |   |   |   |   |--- feature_1 <= 186.00
|   |   |   |   |   |   |   |   |   |--- class: positive
|   |   |   |   |   |   |   |   |--- feature_1 >  186.00
|   |   |   |   |   |   |   |   |   |--- feature_13 <= 7.95
|   |   |   |   |   |   |   |   |   |   |--- feature_13 <= 7.65
|   |   |   |   |   |   |   |   |   |   |   |--- truncated branch of depth 4
|   |   |   |   |   |   |   |   |   |   |--- feature_13 >  7.65
|   |   |   |   |   |   |   |   |   |   |   |--- truncated branch of depth 2
|   |   |   |   |   |   |   |   |   |--- feature_13 >  7.95
|   |   |   |   |   |   |   |   |   |   |--- class: negative
|   |   |   |   |--- feature_14 >  36.01
|   |   |   |   |   |--- feature_15 <= 7.99
|   |   |   |   |   |   |--- feature_0 <= 1958.50
|   |   |   |   |   |   |   |--- class: negative
|   |   |   |   |   |   |--- feature_0 >  1958.50
|   |   |   |   |   |   |   |--- feature_3 <= 6.50
|   |   |   |   |   |   |   |   |--- feature_2 <= 9.50
|   |   |   |   |   |   |   |   |   |--- feature_2 <= 1.50
|   |   |   |   |   |   |   |   |   |   |--- feature_2 <= 0.50
|   |   |   |   |   |   |   |   |   |   |   |--- class: positive
|   |   |   |   |   |   |   |   |   |   |--- feature_2 >  0.50
|   |   |   |   |   |   |   |   |   |   |   |--- class: negative
|   |   |   |   |   |   |   |   |   |--- feature_2 >  1.50
|   |   |   |   |   |   |   |   |   |   |--- feature_1 <= 234.00
|   |   |   |   |   |   |   |   |   |   |   |--- class: positive
|   |   |   |   |   |   |   |   |   |   |--- feature_1 >  234.00
|   |   |   |   |   |   |   |   |   |   |   |--- truncated branch of depth 4
|   |   |   |   |   |   |   |   |--- feature_2 >  9.50
|   |   |   |   |   |   |   |   |   |--- class: negative
|   |   |   |   |   |   |   |--- feature_3 >  6.50
|   |   |   |   |   |   |   |   |--- class: negative
|   |   |   |   |   |--- feature_15 >  7.99
|   |   |   |   |   |   |--- feature_19 <= 1.99
|   |   |   |   |   |   |   |--- feature_14 <= 38.55
|   |   |   |   |   |   |   |   |--- feature_1 <= 404.50
|   |   |   |   |   |   |   |   |   |--- class: negative
|   |   |   |   |   |   |   |   |--- feature_1 >  404.50
|   |   |   |   |   |   |   |   |   |--- class: positive
|   |   |   |   |   |   |   |--- feature_14 >  38.55
|   |   |   |   |   |   |   |   |--- feature_19 <= 1.01
|   |   |   |   |   |   |   |   |   |--- class: negative
|   |   |   |   |   |   |   |   |--- feature_19 >  1.01
|   |   |   |   |   |   |   |   |   |--- class: positive
|   |   |   |   |   |   |--- feature_19 >  1.99
|   |   |   |   |   |   |   |--- class: negative
|   |   |--- feature_14 >  40.49
|   |   |   |--- feature_14 <= 40.52
|   |   |   |   |--- feature_1 <= 197.50
|   |   |   |   |   |--- feature_19 <= 2.00
|   |   |   |   |   |   |--- feature_11 <= 12.92
|   |   |   |   |   |   |   |--- feature_15 <= 5.32
|   |   |   |   |   |   |   |   |--- feature_2 <= 5.50
|   |   |   |   |   |   |   |   |   |--- class: negative
|   |   |   |   |   |   |   |   |--- feature_2 >  5.50
|   |   |   |   |   |   |   |   |   |--- feature_9 <= 15.00
|   |   |   |   |   |   |   |   |   |   |--- class: negative
|   |   |   |   |   |   |   |   |   |--- feature_9 >  15.00
|   |   |   |   |   |   |   |   |   |   |--- feature_9 <= 40.00
|   |   |   |   |   |   |   |   |   |   |   |--- truncated branch of depth 2
|   |   |   |   |   |   |   |   |   |   |--- feature_9 >  40.00
|   |   |   |   |   |   |   |   |   |   |   |--- class: positive
|   |   |   |   |   |   |   |--- feature_15 >  5.32
|   |   |   |   |   |   |   |   |--- feature_15 <= 6.67
|   |   |   |   |   |   |   |   |   |--- class: positive
|   |   |   |   |   |   |   |   |--- feature_15 >  6.67
|   |   |   |   |   |   |   |   |   |--- feature_12 <= 13.55
|   |   |   |   |   |   |   |   |   |   |--- feature_1 <= 121.00
|   |   |   |   |   |   |   |   |   |   |   |--- truncated branch of depth 5
|   |   |   |   |   |   |   |   |   |   |--- feature_1 >  121.00
|   |   |   |   |   |   |   |   |   |   |   |--- truncated branch of depth 3
|   |   |   |   |   |   |   |   |   |--- feature_12 >  13.55
|   |   |   |   |   |   |   |   |   |   |--- class: negative
|   |   |   |   |   |   |--- feature_11 >  12.92
|   |   |   |   |   |   |   |--- feature_12 <= 22.93
|   |   |   |   |   |   |   |   |--- feature_9 <= 9.50
|   |   |   |   |   |   |   |   |   |--- feature_0 <= 1970.50
|   |   |   |   |   |   |   |   |   |   |--- feature_1 <= 190.00
|   |   |   |   |   |   |   |   |   |   |   |--- class: negative
|   |   |   |   |   |   |   |   |   |   |--- feature_1 >  190.00
|   |   |   |   |   |   |   |   |   |   |   |--- class: positive
|   |   |   |   |   |   |   |   |   |--- feature_0 >  1970.50
|   |   |   |   |   |   |   |   |   |   |--- feature_13 <= 7.85
|   |   |   |   |   |   |   |   |   |   |   |--- truncated branch of depth 9
|   |   |   |   |   |   |   |   |   |   |--- feature_13 >  7.85
|   |   |   |   |   |   |   |   |   |   |   |--- class: negative
|   |   |   |   |   |   |   |   |--- feature_9 >  9.50
|   |   |   |   |   |   |   |   |   |--- feature_13 <= 7.05
|   |   |   |   |   |   |   |   |   |   |--- feature_13 <= 6.75
|   |   |   |   |   |   |   |   |   |   |   |--- class: negative
|   |   |   |   |   |   |   |   |   |   |--- feature_13 >  6.75
|   |   |   |   |   |   |   |   |   |   |   |--- truncated branch of depth 2
|   |   |   |   |   |   |   |   |   |--- feature_13 >  7.05
|   |   |   |   |   |   |   |   |   |   |--- class: negative
|   |   |   |   |   |   |   |--- feature_12 >  22.93
|   |   |   |   |   |   |   |   |--- class: negative
|   |   |   |   |   |--- feature_19 >  2.00
|   |   |   |   |   |   |--- feature_19 <= 7.79
|   |   |   |   |   |   |   |--- class: positive
|   |   |   |   |   |   |--- feature_19 >  7.79
|   |   |   |   |   |   |   |--- feature_1 <= 65.00
|   |   |   |   |   |   |   |   |--- feature_15 <= 6.00
|   |   |   |   |   |   |   |   |   |--- class: positive
|   |   |   |   |   |   |   |   |--- feature_15 >  6.00
|   |   |   |   |   |   |   |   |   |--- class: negative
|   |   |   |   |   |   |   |--- feature_1 >  65.00
|   |   |   |   |   |   |   |   |--- class: negative
|   |   |   |   |--- feature_1 >  197.50
|   |   |   |   |   |--- feature_9 <= 25.50
|   |   |   |   |   |   |--- feature_12 <= 41.70
|   |   |   |   |   |   |   |--- feature_12 <= 36.59
|   |   |   |   |   |   |   |   |--- feature_12 <= 9.81
|   |   |   |   |   |   |   |   |   |--- feature_4 <= 2.00
|   |   |   |   |   |   |   |   |   |   |--- feature_12 <= 9.40
|   |   |   |   |   |   |   |   |   |   |   |--- truncated branch of depth 2
|   |   |   |   |   |   |   |   |   |   |--- feature_12 >  9.40
|   |   |   |   |   |   |   |   |   |   |   |--- class: positive
|   |   |   |   |   |   |   |   |   |--- feature_4 >  2.00
|   |   |   |   |   |   |   |   |   |   |--- feature_0 <= 1920.50
|   |   |   |   |   |   |   |   |   |   |   |--- truncated branch of depth 2
|   |   |   |   |   |   |   |   |   |   |--- feature_0 >  1920.50
|   |   |   |   |   |   |   |   |   |   |   |--- class: negative
|   |   |   |   |   |   |   |   |--- feature_12 >  9.81
|   |   |   |   |   |   |   |   |   |--- feature_12 <= 18.15
|   |   |   |   |   |   |   |   |   |   |--- class: negative
|   |   |   |   |   |   |   |   |   |--- feature_12 >  18.15
|   |   |   |   |   |   |   |   |   |   |--- feature_13 <= 8.00
|   |   |   |   |   |   |   |   |   |   |   |--- truncated branch of depth 7
|   |   |   |   |   |   |   |   |   |   |--- feature_13 >  8.00
|   |   |   |   |   |   |   |   |   |   |   |--- class: negative
|   |   |   |   |   |   |   |--- feature_12 >  36.59
|   |   |   |   |   |   |   |   |--- feature_12 <= 36.75
|   |   |   |   |   |   |   |   |   |--- class: positive
|   |   |   |   |   |   |   |   |--- feature_12 >  36.75
|   |   |   |   |   |   |   |   |   |--- feature_12 <= 38.10
|   |   |   |   |   |   |   |   |   |   |--- class: negative
|   |   |   |   |   |   |   |   |   |--- feature_12 >  38.10
|   |   |   |   |   |   |   |   |   |   |--- feature_20 <= 3.50
|   |   |   |   |   |   |   |   |   |   |   |--- class: negative
|   |   |   |   |   |   |   |   |   |   |--- feature_20 >  3.50
|   |   |   |   |   |   |   |   |   |   |   |--- truncated branch of depth 3
|   |   |   |   |   |   |--- feature_12 >  41.70
|   |   |   |   |   |   |   |--- class: negative
|   |   |   |   |   |--- feature_9 >  25.50
|   |   |   |   |   |   |--- class: negative
|   |   |   |--- feature_14 >  40.52
|   |   |   |   |--- feature_20 <= 4.50
|   |   |   |   |   |--- feature_3 <= 5.50
|   |   |   |   |   |   |--- feature_20 <= 2.50
|   |   |   |   |   |   |   |--- feature_2 <= 6.50
|   |   |   |   |   |   |   |   |--- feature_11 <= 23.03
|   |   |   |   |   |   |   |   |   |--- feature_19 <= 3.65
|   |   |   |   |   |   |   |   |   |   |--- feature_13 <= 21.05
|   |   |   |   |   |   |   |   |   |   |   |--- class: negative
|   |   |   |   |   |   |   |   |   |   |--- feature_13 >  21.05
|   |   |   |   |   |   |   |   |   |   |   |--- class: positive
|   |   |   |   |   |   |   |   |   |--- feature_19 >  3.65
|   |   |   |   |   |   |   |   |   |   |--- class: positive
|   |   |   |   |   |   |   |   |--- feature_11 >  23.03
|   |   |   |   |   |   |   |   |   |--- feature_15 <= 6.34
|   |   |   |   |   |   |   |   |   |   |--- class: negative
|   |   |   |   |   |   |   |   |   |--- feature_15 >  6.34
|   |   |   |   |   |   |   |   |   |   |--- feature_10 <= 1.50
|   |   |   |   |   |   |   |   |   |   |   |--- class: negative
|   |   |   |   |   |   |   |   |   |   |--- feature_10 >  1.50
|   |   |   |   |   |   |   |   |   |   |   |--- class: positive
|   |   |   |   |   |   |   |--- feature_2 >  6.50
|   |   |   |   |   |   |   |   |--- feature_12 <= 27.31
|   |   |   |   |   |   |   |   |   |--- feature_2 <= 9.50
|   |   |   |   |   |   |   |   |   |   |--- class: positive
|   |   |   |   |   |   |   |   |   |--- feature_2 >  9.50
|   |   |   |   |   |   |   |   |   |   |--- feature_15 <= 3.92
|   |   |   |   |   |   |   |   |   |   |   |--- class: positive
|   |   |   |   |   |   |   |   |   |   |--- feature_15 >  3.92
|   |   |   |   |   |   |   |   |   |   |   |--- truncated branch of depth 3
|   |   |   |   |   |   |   |   |--- feature_12 >  27.31
|   |   |   |   |   |   |   |   |   |--- feature_1 <= 931.00
|   |   |   |   |   |   |   |   |   |   |--- class: negative
|   |   |   |   |   |   |   |   |   |--- feature_1 >  931.00
|   |   |   |   |   |   |   |   |   |   |--- feature_12 <= 209.92
|   |   |   |   |   |   |   |   |   |   |   |--- truncated branch of depth 3
|   |   |   |   |   |   |   |   |   |   |--- feature_12 >  209.92
|   |   |   |   |   |   |   |   |   |   |   |--- truncated branch of depth 2
|   |   |   |   |   |   |--- feature_20 >  2.50
|   |   |   |   |   |   |   |--- class: positive
|   |   |   |   |   |--- feature_3 >  5.50
|   |   |   |   |   |   |--- feature_11 <= 11.74
|   |   |   |   |   |   |   |--- feature_3 <= 6.50
|   |   |   |   |   |   |   |   |--- feature_13 <= 12.45
|   |   |   |   |   |   |   |   |   |--- feature_9 <= 38.00
|   |   |   |   |   |   |   |   |   |   |--- feature_11 <= 11.09
|   |   |   |   |   |   |   |   |   |   |   |--- class: positive
|   |   |   |   |   |   |   |   |   |   |--- feature_11 >  11.09
|   |   |   |   |   |   |   |   |   |   |   |--- truncated branch of depth 3
|   |   |   |   |   |   |   |   |   |--- feature_9 >  38.00
|   |   |   |   |   |   |   |   |   |   |--- class: negative
|   |   |   |   |   |   |   |   |--- feature_13 >  12.45
|   |   |   |   |   |   |   |   |   |--- class: negative
|   |   |   |   |   |   |   |--- feature_3 >  6.50
|   |   |   |   |   |   |   |   |--- feature_4 <= 3.50
|   |   |   |   |   |   |   |   |   |--- feature_13 <= 6.80
|   |   |   |   |   |   |   |   |   |   |--- class: negative
|   |   |   |   |   |   |   |   |   |--- feature_13 >  6.80
|   |   |   |   |   |   |   |   |   |   |--- class: positive
|   |   |   |   |   |   |   |   |--- feature_4 >  3.50
|   |   |   |   |   |   |   |   |   |--- feature_12 <= 26.45
|   |   |   |   |   |   |   |   |   |   |--- feature_12 <= 7.60
|   |   |   |   |   |   |   |   |   |   |   |--- truncated branch of depth 2
|   |   |   |   |   |   |   |   |   |   |--- feature_12 >  7.60
|   |   |   |   |   |   |   |   |   |   |   |--- class: negative
|   |   |   |   |   |   |   |   |   |--- feature_12 >  26.45
|   |   |   |   |   |   |   |   |   |   |--- class: positive
|   |   |   |   |   |   |--- feature_11 >  11.74
|   |   |   |   |   |   |   |--- feature_20 <= 2.50
|   |   |   |   |   |   |   |   |--- feature_11 <= 13.70
|   |   |   |   |   |   |   |   |   |--- class: negative
|   |   |   |   |   |   |   |   |--- feature_11 >  13.70
|   |   |   |   |   |   |   |   |   |--- feature_11 <= 14.90
|   |   |   |   |   |   |   |   |   |   |--- feature_1 <= 3200.50
|   |   |   |   |   |   |   |   |   |   |   |--- truncated branch of depth 3
|   |   |   |   |   |   |   |   |   |   |--- feature_1 >  3200.50
|   |   |   |   |   |   |   |   |   |   |   |--- class: negative
|   |   |   |   |   |   |   |   |   |--- feature_11 >  14.90
|   |   |   |   |   |   |   |   |   |   |--- feature_0 <= 1933.50
|   |   |   |   |   |   |   |   |   |   |   |--- class: positive
|   |   |   |   |   |   |   |   |   |   |--- feature_0 >  1933.50
|   |   |   |   |   |   |   |   |   |   |   |--- truncated branch of depth 10
|   |   |   |   |   |   |   |--- feature_20 >  2.50
|   |   |   |   |   |   |   |   |--- class: positive
|   |   |   |   |--- feature_20 >  4.50
|   |   |   |   |   |--- feature_14 <= 44.06
|   |   |   |   |   |   |--- feature_15 <= 7.97
|   |   |   |   |   |   |   |--- feature_15 <= 5.03
|   |   |   |   |   |   |   |   |--- feature_15 <= 4.99
|   |   |   |   |   |   |   |   |   |--- feature_0 <= 1963.50
|   |   |   |   |   |   |   |   |   |   |--- feature_13 <= 7.55
|   |   |   |   |   |   |   |   |   |   |   |--- class: negative
|   |   |   |   |   |   |   |   |   |   |--- feature_13 >  7.55
|   |   |   |   |   |   |   |   |   |   |   |--- class: positive
|   |   |   |   |   |   |   |   |   |--- feature_0 >  1963.50
|   |   |   |   |   |   |   |   |   |   |--- class: positive
|   |   |   |   |   |   |   |   |--- feature_15 >  4.99
|   |   |   |   |   |   |   |   |   |--- feature_0 <= 1975.50
|   |   |   |   |   |   |   |   |   |   |--- class: negative
|   |   |   |   |   |   |   |   |   |--- feature_0 >  1975.50
|   |   |   |   |   |   |   |   |   |   |--- feature_12 <= 24.00
|   |   |   |   |   |   |   |   |   |   |   |--- class: negative
|   |   |   |   |   |   |   |   |   |   |--- feature_12 >  24.00
|   |   |   |   |   |   |   |   |   |   |   |--- class: positive
|   |   |   |   |   |   |   |--- feature_15 >  5.03
|   |   |   |   |   |   |   |   |--- class: positive
|   |   |   |   |   |   |--- feature_15 >  7.97
|   |   |   |   |   |   |   |--- feature_14 <= 43.21
|   |   |   |   |   |   |   |   |--- feature_1 <= 67.50
|   |   |   |   |   |   |   |   |   |--- feature_0 <= 1974.50
|   |   |   |   |   |   |   |   |   |   |--- class: negative
|   |   |   |   |   |   |   |   |   |--- feature_0 >  1974.50
|   |   |   |   |   |   |   |   |   |   |--- class: positive
|   |   |   |   |   |   |   |   |--- feature_1 >  67.50
|   |   |   |   |   |   |   |   |   |--- feature_1 <= 6845.50
|   |   |   |   |   |   |   |   |   |   |--- class: negative
|   |   |   |   |   |   |   |   |   |--- feature_1 >  6845.50
|   |   |   |   |   |   |   |   |   |   |--- feature_11 <= 11.20
|   |   |   |   |   |   |   |   |   |   |   |--- class: positive
|   |   |   |   |   |   |   |   |   |   |--- feature_11 >  11.20
|   |   |   |   |   |   |   |   |   |   |   |--- class: negative
|   |   |   |   |   |   |   |--- feature_14 >  43.21
|   |   |   |   |   |   |   |   |--- class: positive
|   |   |   |   |   |--- feature_14 >  44.06
|   |   |   |   |   |   |--- feature_1 <= 1162.50
|   |   |   |   |   |   |   |--- feature_15 <= 5.00
|   |   |   |   |   |   |   |   |--- feature_15 <= 3.15
|   |   |   |   |   |   |   |   |   |--- class: negative
|   |   |   |   |   |   |   |   |--- feature_15 >  3.15
|   |   |   |   |   |   |   |   |   |--- feature_9 <= 24.50
|   |   |   |   |   |   |   |   |   |   |--- feature_0 <= 1931.50
|   |   |   |   |   |   |   |   |   |   |   |--- class: negative
|   |   |   |   |   |   |   |   |   |   |--- feature_0 >  1931.50
|   |   |   |   |   |   |   |   |   |   |   |--- class: positive
|   |   |   |   |   |   |   |   |   |--- feature_9 >  24.50
|   |   |   |   |   |   |   |   |   |   |--- class: negative
|   |   |   |   |   |   |   |--- feature_15 >  5.00
|   |   |   |   |   |   |   |   |--- feature_14 <= 63.98
|   |   |   |   |   |   |   |   |   |--- feature_11 <= 13.95
|   |   |   |   |   |   |   |   |   |   |--- class: negative
|   |   |   |   |   |   |   |   |   |--- feature_11 >  13.95
|   |   |   |   |   |   |   |   |   |   |--- feature_0 <= 1976.50
|   |   |   |   |   |   |   |   |   |   |   |--- class: negative
|   |   |   |   |   |   |   |   |   |   |--- feature_0 >  1976.50
|   |   |   |   |   |   |   |   |   |   |   |--- truncated branch of depth 4
|   |   |   |   |   |   |   |   |--- feature_14 >  63.98
|   |   |   |   |   |   |   |   |   |--- feature_11 <= 18.32
|   |   |   |   |   |   |   |   |   |   |--- class: negative
|   |   |   |   |   |   |   |   |   |--- feature_11 >  18.32
|   |   |   |   |   |   |   |   |   |   |--- class: positive
|   |   |   |   |   |   |--- feature_1 >  1162.50
|   |   |   |   |   |   |   |--- feature_14 <= 44.46
|   |   |   |   |   |   |   |   |--- feature_11 <= 21.75
|   |   |   |   |   |   |   |   |   |--- feature_9 <= 40.50
|   |   |   |   |   |   |   |   |   |   |--- class: negative
|   |   |   |   |   |   |   |   |   |--- feature_9 >  40.50
|   |   |   |   |   |   |   |   |   |   |--- feature_13 <= 8.30
|   |   |   |   |   |   |   |   |   |   |   |--- class: positive
|   |   |   |   |   |   |   |   |   |   |--- feature_13 >  8.30
|   |   |   |   |   |   |   |   |   |   |   |--- class: negative
|   |   |   |   |   |   |   |   |--- feature_11 >  21.75
|   |   |   |   |   |   |   |   |   |--- class: positive
|   |   |   |   |   |   |   |--- feature_14 >  44.46
|   |   |   |   |   |   |   |   |--- feature_0 <= 1933.50
|   |   |   |   |   |   |   |   |   |--- feature_10 <= 2.50
|   |   |   |   |   |   |   |   |   |   |--- class: negative
|   |   |   |   |   |   |   |   |   |--- feature_10 >  2.50
|   |   |   |   |   |   |   |   |   |   |--- class: positive
|   |   |   |   |   |   |   |   |--- feature_0 >  1933.50
|   |   |   |   |   |   |   |   |   |--- feature_3 <= 5.50
|   |   |   |   |   |   |   |   |   |   |--- feature_12 <= 18.35
|   |   |   |   |   |   |   |   |   |   |   |--- truncated branch of depth 4
|   |   |   |   |   |   |   |   |   |   |--- feature_12 >  18.35
|   |   |   |   |   |   |   |   |   |   |   |--- truncated branch of depth 5
|   |   |   |   |   |   |   |   |   |--- feature_3 >  5.50
|   |   |   |   |   |   |   |   |   |   |--- feature_13 <= 10.25
|   |   |   |   |   |   |   |   |   |   |   |--- truncated branch of depth 5
|   |   |   |   |   |   |   |   |   |   |--- feature_13 >  10.25
|   |   |   |   |   |   |   |   |   |   |   |--- class: negative
|--- feature_0 >  1985.50
|   |--- feature_14 <= 54.03
|   |   |--- feature_14 <= 40.49
|   |   |   |--- feature_15 <= 8.00
|   |   |   |   |--- feature_19 <= 5.00
|   |   |   |   |   |--- feature_11 <= 12.20
|   |   |   |   |   |   |--- feature_19 <= 1.05
|   |   |   |   |   |   |   |--- feature_15 <= 6.42
|   |   |   |   |   |   |   |   |--- class: negative
|   |   |   |   |   |   |   |--- feature_15 >  6.42
|   |   |   |   |   |   |   |   |--- class: positive
|   |   |   |   |   |   |--- feature_19 >  1.05
|   |   |   |   |   |   |   |--- feature_14 <= 26.73
|   |   |   |   |   |   |   |   |--- class: positive
|   |   |   |   |   |   |   |--- feature_14 >  26.73
|   |   |   |   |   |   |   |   |--- feature_19 <= 1.99
|   |   |   |   |   |   |   |   |   |--- class: positive
|   |   |   |   |   |   |   |   |--- feature_19 >  1.99
|   |   |   |   |   |   |   |   |   |--- feature_13 <= 7.23
|   |   |   |   |   |   |   |   |   |   |--- class: negative
|   |   |   |   |   |   |   |   |   |--- feature_13 >  7.23
|   |   |   |   |   |   |   |   |   |   |--- feature_13 <= 8.28
|   |   |   |   |   |   |   |   |   |   |   |--- truncated branch of depth 4
|   |   |   |   |   |   |   |   |   |   |--- feature_13 >  8.28
|   |   |   |   |   |   |   |   |   |   |   |--- class: negative
|   |   |   |   |   |--- feature_11 >  12.20
|   |   |   |   |   |   |--- feature_3 <= 4.50
|   |   |   |   |   |   |   |--- feature_13 <= 6.00
|   |   |   |   |   |   |   |   |--- class: negative
|   |   |   |   |   |   |   |--- feature_13 >  6.00
|   |   |   |   |   |   |   |   |--- class: positive
|   |   |   |   |   |   |--- feature_3 >  4.50
|   |   |   |   |   |   |   |--- feature_14 <= 36.04
|   |   |   |   |   |   |   |   |--- feature_13 <= 8.62
|   |   |   |   |   |   |   |   |   |--- feature_15 <= 7.07
|   |   |   |   |   |   |   |   |   |   |--- class: negative
|   |   |   |   |   |   |   |   |   |--- feature_15 >  7.07
|   |   |   |   |   |   |   |   |   |   |--- class: positive
|   |   |   |   |   |   |   |   |--- feature_13 >  8.62
|   |   |   |   |   |   |   |   |   |--- class: positive
|   |   |   |   |   |   |   |--- feature_14 >  36.04
|   |   |   |   |   |   |   |   |--- class: positive
|   |   |   |   |--- feature_19 >  5.00
|   |   |   |   |   |--- feature_1 <= 42.50
|   |   |   |   |   |   |--- feature_3 <= 3.50
|   |   |   |   |   |   |   |--- feature_0 <= 1994.50
|   |   |   |   |   |   |   |   |--- class: negative
|   |   |   |   |   |   |   |--- feature_0 >  1994.50
|   |   |   |   |   |   |   |   |--- feature_12 <= 21.85
|   |   |   |   |   |   |   |   |   |--- class: negative
|   |   |   |   |   |   |   |   |--- feature_12 >  21.85
|   |   |   |   |   |   |   |   |   |--- class: positive
|   |   |   |   |   |   |--- feature_3 >  3.50
|   |   |   |   |   |   |   |--- class: positive
|   |   |   |   |   |--- feature_1 >  42.50
|   |   |   |   |   |   |--- class: negative
|   |   |   |--- feature_15 >  8.00
|   |   |   |   |--- feature_14 <= 36.26
|   |   |   |   |   |--- class: negative
|   |   |   |   |--- feature_14 >  36.26
|   |   |   |   |   |--- feature_0 <= 1989.50
|   |   |   |   |   |   |--- feature_12 <= 14.05
|   |   |   |   |   |   |   |--- class: negative
|   |   |   |   |   |   |--- feature_12 >  14.05
|   |   |   |   |   |   |   |--- class: positive
|   |   |   |   |   |--- feature_0 >  1989.50
|   |   |   |   |   |   |--- class: negative
|   |   |--- feature_14 >  40.49
|   |   |   |--- feature_14 <= 40.51
|   |   |   |   |--- feature_19 <= 1.06
|   |   |   |   |   |--- feature_1 <= 7453.50
|   |   |   |   |   |   |--- feature_10 <= 2.50
|   |   |   |   |   |   |   |--- class: negative
|   |   |   |   |   |   |--- feature_10 >  2.50
|   |   |   |   |   |   |   |--- feature_13 <= 6.90
|   |   |   |   |   |   |   |   |--- feature_3 <= 5.50
|   |   |   |   |   |   |   |   |   |--- class: negative
|   |   |   |   |   |   |   |   |--- feature_3 >  5.50
|   |   |   |   |   |   |   |   |   |--- class: positive
|   |   |   |   |   |   |   |--- feature_13 >  6.90
|   |   |   |   |   |   |   |   |--- feature_1 <= 47.50
|   |   |   |   |   |   |   |   |   |--- feature_1 <= 43.00
|   |   |   |   |   |   |   |   |   |   |--- class: negative
|   |   |   |   |   |   |   |   |   |--- feature_1 >  43.00
|   |   |   |   |   |   |   |   |   |   |--- class: positive
|   |   |   |   |   |   |   |   |--- feature_1 >  47.50
|   |   |   |   |   |   |   |   |   |--- feature_12 <= 18.60
|   |   |   |   |   |   |   |   |   |   |--- feature_12 <= 18.45
|   |   |   |   |   |   |   |   |   |   |   |--- class: negative
|   |   |   |   |   |   |   |   |   |   |--- feature_12 >  18.45
|   |   |   |   |   |   |   |   |   |   |   |--- class: positive
|   |   |   |   |   |   |   |   |   |--- feature_12 >  18.60
|   |   |   |   |   |   |   |   |   |   |--- class: negative
|   |   |   |   |   |--- feature_1 >  7453.50
|   |   |   |   |   |   |--- feature_1 <= 8927.00
|   |   |   |   |   |   |   |--- feature_0 <= 1994.50
|   |   |   |   |   |   |   |   |--- class: positive
|   |   |   |   |   |   |   |--- feature_0 >  1994.50
|   |   |   |   |   |   |   |   |--- feature_9 <= 34.50
|   |   |   |   |   |   |   |   |   |--- class: negative
|   |   |   |   |   |   |   |   |--- feature_9 >  34.50
|   |   |   |   |   |   |   |   |   |--- class: positive
|   |   |   |   |   |   |--- feature_1 >  8927.00
|   |   |   |   |   |   |   |--- class: negative
|   |   |   |   |--- feature_19 >  1.06
|   |   |   |   |   |--- feature_19 <= 2.00
|   |   |   |   |   |   |--- class: positive
|   |   |   |   |   |--- feature_19 >  2.00
|   |   |   |   |   |   |--- feature_15 <= 7.86
|   |   |   |   |   |   |   |--- feature_11 <= 8.40
|   |   |   |   |   |   |   |   |--- class: negative
|   |   |   |   |   |   |   |--- feature_11 >  8.40
|   |   |   |   |   |   |   |   |--- feature_11 <= 13.69
|   |   |   |   |   |   |   |   |   |--- feature_13 <= 7.44
|   |   |   |   |   |   |   |   |   |   |--- feature_0 <= 1986.50
|   |   |   |   |   |   |   |   |   |   |   |--- truncated branch of depth 3
|   |   |   |   |   |   |   |   |   |   |--- feature_0 >  1986.50
|   |   |   |   |   |   |   |   |   |   |   |--- truncated branch of depth 8
|   |   |   |   |   |   |   |   |   |--- feature_13 >  7.44
|   |   |   |   |   |   |   |   |   |   |--- feature_13 <= 8.40
|   |   |   |   |   |   |   |   |   |   |   |--- truncated branch of depth 4
|   |   |   |   |   |   |   |   |   |   |--- feature_13 >  8.40
|   |   |   |   |   |   |   |   |   |   |   |--- class: negative
|   |   |   |   |   |   |   |   |--- feature_11 >  13.69
|   |   |   |   |   |   |   |   |   |--- class: negative
|   |   |   |   |   |   |--- feature_15 >  7.86
|   |   |   |   |   |   |   |--- feature_0 <= 1986.50
|   |   |   |   |   |   |   |   |--- feature_12 <= 12.00
|   |   |   |   |   |   |   |   |   |--- feature_12 <= 10.75
|   |   |   |   |   |   |   |   |   |   |--- class: negative
|   |   |   |   |   |   |   |   |   |--- feature_12 >  10.75
|   |   |   |   |   |   |   |   |   |   |--- class: positive
|   |   |   |   |   |   |   |   |--- feature_12 >  12.00
|   |   |   |   |   |   |   |   |   |--- class: negative
|   |   |   |   |   |   |   |--- feature_0 >  1986.50
|   |   |   |   |   |   |   |   |--- class: negative
|   |   |   |--- feature_14 >  40.51
|   |   |   |   |--- feature_13 <= 7.52
|   |   |   |   |   |--- feature_10 <= 3.50
|   |   |   |   |   |   |--- feature_14 <= 41.39
|   |   |   |   |   |   |   |--- class: positive
|   |   |   |   |   |   |--- feature_14 >  41.39
|   |   |   |   |   |   |   |--- feature_13 <= 7.10
|   |   |   |   |   |   |   |   |--- feature_13 <= 7.01
|   |   |   |   |   |   |   |   |   |--- feature_16 <= 1.50
|   |   |   |   |   |   |   |   |   |   |--- feature_14 <= 43.80
|   |   |   |   |   |   |   |   |   |   |   |--- class: positive
|   |   |   |   |   |   |   |   |   |   |--- feature_14 >  43.80
|   |   |   |   |   |   |   |   |   |   |   |--- class: negative
|   |   |   |   |   |   |   |   |   |--- feature_16 >  1.50
|   |   |   |   |   |   |   |   |   |   |--- class: negative
|   |   |   |   |   |   |   |   |--- feature_13 >  7.01
|   |   |   |   |   |   |   |   |   |--- class: positive
|   |   |   |   |   |   |   |--- feature_13 >  7.10
|   |   |   |   |   |   |   |   |--- feature_1 <= 32.50
|   |   |   |   |   |   |   |   |   |--- feature_3 <= 4.50
|   |   |   |   |   |   |   |   |   |   |--- class: positive
|   |   |   |   |   |   |   |   |   |--- feature_3 >  4.50
|   |   |   |   |   |   |   |   |   |   |--- class: negative
|   |   |   |   |   |   |   |   |--- feature_1 >  32.50
|   |   |   |   |   |   |   |   |   |--- class: negative
|   |   |   |   |   |--- feature_10 >  3.50
|   |   |   |   |   |   |--- feature_14 <= 45.73
|   |   |   |   |   |   |   |--- class: negative
|   |   |   |   |   |   |--- feature_14 >  45.73
|   |   |   |   |   |   |   |--- class: positive
|   |   |   |   |--- feature_13 >  7.52
|   |   |   |   |   |--- feature_2 <= 7.50
|   |   |   |   |   |   |--- feature_19 <= 1.03
|   |   |   |   |   |   |   |--- feature_0 <= 1992.50
|   |   |   |   |   |   |   |   |--- feature_9 <= 16.50
|   |   |   |   |   |   |   |   |   |--- feature_9 <= 1.00
|   |   |   |   |   |   |   |   |   |   |--- feature_14 <= 42.00
|   |   |   |   |   |   |   |   |   |   |   |--- class: positive
|   |   |   |   |   |   |   |   |   |   |--- feature_14 >  42.00
|   |   |   |   |   |   |   |   |   |   |   |--- class: negative
|   |   |   |   |   |   |   |   |   |--- feature_9 >  1.00
|   |   |   |   |   |   |   |   |   |   |--- feature_13 <= 10.44
|   |   |   |   |   |   |   |   |   |   |   |--- truncated branch of depth 3
|   |   |   |   |   |   |   |   |   |   |--- feature_13 >  10.44
|   |   |   |   |   |   |   |   |   |   |   |--- class: negative
|   |   |   |   |   |   |   |   |--- feature_9 >  16.50
|   |   |   |   |   |   |   |   |   |--- class: negative
|   |   |   |   |   |   |   |--- feature_0 >  1992.50
|   |   |   |   |   |   |   |   |--- class: negative
|   |   |   |   |   |   |--- feature_19 >  1.03
|   |   |   |   |   |   |   |--- feature_19 <= 1.99
|   |   |   |   |   |   |   |   |--- class: positive
|   |   |   |   |   |   |   |--- feature_19 >  1.99
|   |   |   |   |   |   |   |   |--- feature_15 <= 7.23
|   |   |   |   |   |   |   |   |   |--- feature_1 <= 335.00
|   |   |   |   |   |   |   |   |   |   |--- feature_12 <= 11.11
|   |   |   |   |   |   |   |   |   |   |   |--- class: negative
|   |   |   |   |   |   |   |   |   |   |--- feature_12 >  11.11
|   |   |   |   |   |   |   |   |   |   |   |--- truncated branch of depth 3
|   |   |   |   |   |   |   |   |   |--- feature_1 >  335.00
|   |   |   |   |   |   |   |   |   |   |--- class: negative
|   |   |   |   |   |   |   |   |--- feature_15 >  7.23
|   |   |   |   |   |   |   |   |   |--- class: negative
|   |   |   |   |   |--- feature_2 >  7.50
|   |   |   |   |   |   |--- feature_3 <= 5.50
|   |   |   |   |   |   |   |--- feature_14 <= 53.99
|   |   |   |   |   |   |   |   |--- feature_1 <= 489.50
|   |   |   |   |   |   |   |   |   |--- class: negative
|   |   |   |   |   |   |   |   |--- feature_1 >  489.50
|   |   |   |   |   |   |   |   |   |--- feature_1 <= 8942.50
|   |   |   |   |   |   |   |   |   |   |--- feature_20 <= 5.50
|   |   |   |   |   |   |   |   |   |   |   |--- truncated branch of depth 6
|   |   |   |   |   |   |   |   |   |   |--- feature_20 >  5.50
|   |   |   |   |   |   |   |   |   |   |   |--- truncated branch of depth 2
|   |   |   |   |   |   |   |   |   |--- feature_1 >  8942.50
|   |   |   |   |   |   |   |   |   |   |--- class: negative
|   |   |   |   |   |   |   |--- feature_14 >  53.99
|   |   |   |   |   |   |   |   |--- class: negative
|   |   |   |   |   |   |--- feature_3 >  5.50
|   |   |   |   |   |   |   |--- feature_15 <= 7.50
|   |   |   |   |   |   |   |   |--- feature_13 <= 11.75
|   |   |   |   |   |   |   |   |   |--- class: positive
|   |   |   |   |   |   |   |   |--- feature_13 >  11.75
|   |   |   |   |   |   |   |   |   |--- class: negative
|   |   |   |   |   |   |   |--- feature_15 >  7.50
|   |   |   |   |   |   |   |   |--- class: negative
|   |--- feature_14 >  54.03
|   |   |--- feature_3 <= 5.50
|   |   |   |--- feature_1 <= 11929.00
|   |   |   |   |--- feature_0 <= 2000.50
|   |   |   |   |   |--- feature_9 <= 0.50
|   |   |   |   |   |   |--- feature_11 <= 18.96
|   |   |   |   |   |   |   |--- feature_15 <= 7.99
|   |   |   |   |   |   |   |   |--- feature_15 <= 6.33
|   |   |   |   |   |   |   |   |   |--- class: negative
|   |   |   |   |   |   |   |   |--- feature_15 >  6.33
|   |   |   |   |   |   |   |   |   |--- class: positive
|   |   |   |   |   |   |   |--- feature_15 >  7.99
|   |   |   |   |   |   |   |   |--- feature_16 <= 2.50
|   |   |   |   |   |   |   |   |   |--- feature_1 <= 3997.50
|   |   |   |   |   |   |   |   |   |   |--- feature_13 <= 13.00
|   |   |   |   |   |   |   |   |   |   |   |--- truncated branch of depth 5
|   |   |   |   |   |   |   |   |   |   |--- feature_13 >  13.00
|   |   |   |   |   |   |   |   |   |   |   |--- truncated branch of depth 3
|   |   |   |   |   |   |   |   |   |--- feature_1 >  3997.50
|   |   |   |   |   |   |   |   |   |   |--- class: negative
|   |   |   |   |   |   |   |   |--- feature_16 >  2.50
|   |   |   |   |   |   |   |   |   |--- class: positive
|   |   |   |   |   |   |--- feature_11 >  18.96
|   |   |   |   |   |   |   |--- class: negative
|   |   |   |   |   |--- feature_9 >  0.50
|   |   |   |   |   |   |--- feature_12 <= 18.20
|   |   |   |   |   |   |   |--- feature_4 <= 3.50
|   |   |   |   |   |   |   |   |--- class: positive
|   |   |   |   |   |   |   |--- feature_4 >  3.50
|   |   |   |   |   |   |   |   |--- feature_9 <= 40.50
|   |   |   |   |   |   |   |   |   |--- class: negative
|   |   |   |   |   |   |   |   |--- feature_9 >  40.50
|   |   |   |   |   |   |   |   |   |--- class: positive
|   |   |   |   |   |   |--- feature_12 >  18.20
|   |   |   |   |   |   |   |--- feature_10 <= 2.50
|   |   |   |   |   |   |   |   |--- feature_11 <= 21.68
|   |   |   |   |   |   |   |   |   |--- class: positive
|   |   |   |   |   |   |   |   |--- feature_11 >  21.68
|   |   |   |   |   |   |   |   |   |--- feature_13 <= 13.76
|   |   |   |   |   |   |   |   |   |   |--- feature_0 <= 1998.50
|   |   |   |   |   |   |   |   |   |   |   |--- truncated branch of depth 3
|   |   |   |   |   |   |   |   |   |   |--- feature_0 >  1998.50
|   |   |   |   |   |   |   |   |   |   |   |--- truncated branch of depth 2
|   |   |   |   |   |   |   |   |   |--- feature_13 >  13.76
|   |   |   |   |   |   |   |   |   |   |--- feature_1 <= 3406.50
|   |   |   |   |   |   |   |   |   |   |   |--- truncated branch of depth 2
|   |   |   |   |   |   |   |   |   |   |--- feature_1 >  3406.50
|   |   |   |   |   |   |   |   |   |   |   |--- class: negative
|   |   |   |   |   |   |   |--- feature_10 >  2.50
|   |   |   |   |   |   |   |   |--- feature_13 <= 13.13
|   |   |   |   |   |   |   |   |   |--- feature_14 <= 85.59
|   |   |   |   |   |   |   |   |   |   |--- feature_14 <= 62.13
|   |   |   |   |   |   |   |   |   |   |   |--- truncated branch of depth 7
|   |   |   |   |   |   |   |   |   |   |--- feature_14 >  62.13
|   |   |   |   |   |   |   |   |   |   |   |--- truncated branch of depth 8
|   |   |   |   |   |   |   |   |   |--- feature_14 >  85.59
|   |   |   |   |   |   |   |   |   |   |--- class: negative
|   |   |   |   |   |   |   |   |--- feature_13 >  13.13
|   |   |   |   |   |   |   |   |   |--- feature_13 <= 13.45
|   |   |   |   |   |   |   |   |   |   |--- feature_13 <= 13.39
|   |   |   |   |   |   |   |   |   |   |   |--- truncated branch of depth 2
|   |   |   |   |   |   |   |   |   |   |--- feature_13 >  13.39
|   |   |   |   |   |   |   |   |   |   |   |--- class: negative
|   |   |   |   |   |   |   |   |   |--- feature_13 >  13.45
|   |   |   |   |   |   |   |   |   |   |--- feature_14 <= 66.26
|   |   |   |   |   |   |   |   |   |   |   |--- truncated branch of depth 7
|   |   |   |   |   |   |   |   |   |   |--- feature_14 >  66.26
|   |   |   |   |   |   |   |   |   |   |   |--- truncated branch of depth 2
|   |   |   |   |--- feature_0 >  2000.50
|   |   |   |   |   |--- feature_14 <= 56.50
|   |   |   |   |   |   |--- feature_11 <= 11.83
|   |   |   |   |   |   |   |--- class: negative
|   |   |   |   |   |   |--- feature_11 >  11.83
|   |   |   |   |   |   |   |--- class: positive
|   |   |   |   |   |--- feature_14 >  56.50
|   |   |   |   |   |   |--- class: negative
|   |   |   |--- feature_1 >  11929.00
|   |   |   |   |--- class: negative
|   |   |--- feature_3 >  5.50
|   |   |   |--- feature_0 <= 1986.50
|   |   |   |   |--- feature_9 <= 7.50
|   |   |   |   |   |--- class: positive
|   |   |   |   |--- feature_9 >  7.50
|   |   |   |   |   |--- class: negative
|   |   |   |--- feature_0 >  1986.50
|   |   |   |   |--- feature_11 <= 44.60
|   |   |   |   |   |--- feature_15 <= 7.50
|   |   |   |   |   |   |--- feature_15 <= 6.50
|   |   |   |   |   |   |   |--- class: negative
|   |   |   |   |   |   |--- feature_15 >  6.50
|   |   |   |   |   |   |   |--- class: positive
|   |   |   |   |   |--- feature_15 >  7.50
|   |   |   |   |   |   |--- class: negative
|   |   |   |   |--- feature_11 >  44.60
|   |   |   |   |   |--- class: positive
