|--- feature_6 <= -84.75
|   |--- feature_12 <= 40.50
|   |   |--- feature_17 <= 1.00
|   |   |   |--- feature_17 <= 0.00
|   |   |   |   |--- feature_31 <= 1.00
|   |   |   |   |   |--- feature_31 <= 0.00
|   |   |   |   |   |   |--- feature_0 <= 1972.50
|   |   |   |   |   |   |   |--- feature_22 <= 1.00
|   |   |   |   |   |   |   |   |--- feature_22 <= 0.00
|   |   |   |   |   |   |   |   |   |--- feature_29 <= 0.88
|   |   |   |   |   |   |   |   |   |   |--- feature_47 <= 0.00
|   |   |   |   |   |   |   |   |   |   |   |--- truncated branch of depth 11
|   |   |   |   |   |   |   |   |   |   |--- feature_47 >  0.00
|   |   |   |   |   |   |   |   |   |   |   |--- truncated branch of depth 6
|   |   |   |   |   |   |   |   |   |--- feature_29 >  0.88
|   |   |   |   |   |   |   |   |   |   |--- feature_5 <= 38.02
|   |   |   |   |   |   |   |   |   |   |   |--- truncated branch of depth 2
|   |   |   |   |   |   |   |   |   |   |--- feature_5 >  38.02
|   |   |   |   |   |   |   |   |   |   |   |--- truncated branch of depth 4
|   |   |   |   |   |   |   |   |--- feature_22 >  0.00
|   |   |   |   |   |   |   |   |   |--- class: positive
|   |   |   |   |   |   |   |--- feature_22 >  1.00
|   |   |   |   |   |   |   |   |--- feature_52 <= 0.98
|   |   |   |   |   |   |   |   |   |--- feature_14 <= 1.50
|   |   |   |   |   |   |   |   |   |   |--- feature_11 <= 5.40
|   |   |   |   |   |   |   |   |   |   |   |--- truncated branch of depth 9
|   |   |   |   |   |   |   |   |   |   |--- feature_11 >  5.40
|   |   |   |   |   |   |   |   |   |   |   |--- truncated branch of depth 2
|   |   |   |   |   |   |   |   |   |--- feature_14 >  1.50
|   |   |   |   |   |   |   |   |   |   |--- feature_5 <= 39.13
|   |   |   |   |   |   |   |   |   |   |   |--- truncated branch of depth 9
|   |   |   |   |   |   |   |   |   |   |--- feature_5 >  39.13
|   |   |   |   |   |   |   |   |   |   |   |--- truncated branch of depth 9
|   |   |   |   |   |   |   |   |--- feature_52 >  0.98
|   |   |   |   |   |   |   |   |   |--- feature_1 <= 147.00
|   |   |   |   |   |   |   |   |   |   |--- feature_6 <= -87.79
|   |   |   |   |   |   |   |   |   |   |   |--- truncated branch of depth 2
|   |   |   |   |   |   |   |   |   |   |--- feature_6 >  -87.79
|   |   |   |   |   |   |   |   |   |   |   |--- class: negative
|   |   |   |   |   |   |   |   |   |--- feature_1 >  147.00
|   |   |   |   |   |   |   |   |   |   |--- feature_0 <= 1908.50
|   |   |   |   |   |   |   |   |   |   |   |--- class: negative
|   |   |   |   |   |   |   |   |   |   |--- feature_0 >  1908.50
|   |   |   |   |   |   |   |   |   |   |   |--- truncated branch of depth 6
|   |   |   |   |   |   |--- feature_0 >  1972.50
|   |   |   |   |   |   |   |--- feature_11 <= 7.31
|   |   |   |   |   |   |   |   |--- feature_45 <= 0.32
|   |   |   |   |   |   |   |   |   |--- feature_12 <= 39.68
|   |   |   |   |   |   |   |   |   |   |--- class: negative
|   |   |   |   |   |   |   |   |   |--- feature_12 >  39.68
|   |   |   |   |   |   |   |   |   |   |--- class: positive
|   |   |   |   |   |   |   |   |--- feature_45 >  0.32
|   |   |   |   |   |   |   |   |   |--- feature_11 <= 6.86
|   |   |   |   |   |   |   |   |   |   |--- feature_0 <= 1994.50
|   |   |   |   |   |   |   |   |   |   |   |--- class: negative
|   |   |   |   |   |   |   |   |   |   |--- feature_0 >  1994.50
|   |   |   |   |   |   |   |   |   |   |   |--- truncated branch of depth 2
|   |   |   |   |   |   |   |   |   |--- feature_11 >  6.86
|   |   |   |   |   |   |   |   |   |   |--- class: positive
|   |   |   |   |   |   |   |--- feature_11 >  7.31
|   |   |   |   |   |   |   |   |--- feature_11 <= 8.29
|   |   |   |   |   |   |   |   |   |--- feature_24 <= 0.94
|   |   |   |   |   |   |   |   |   |   |--- feature_49 <= 0.94
|   |   |   |   |   |   |   |   |   |   |   |--- truncated branch of depth 3
|   |   |   |   |   |   |   |   |   |   |--- feature_49 >  0.94
|   |   |   |   |   |   |   |   |   |   |   |--- class: negative
|   |   |   |   |   |   |   |   |   |--- feature_24 >  0.94
|   |   |   |   |   |   |   |   |   |   |--- class: negative
|   |   |   |   |   |   |   |   |--- feature_11 >  8.29
|   |   |   |   |   |   |   |   |   |--- class: negative
|   |   |   |   |   |--- feature_31 >  0.00
|   |   |   |   |   |   |--- class: positive
|   |   |   |   |--- feature_31 >  1.00
|   |   |   |   |   |--- feature_13 <= 7.99
|   |   |   |   |   |   |--- feature_13 <= 5.00
|   |   |   |   |   |   |   |--- feature_20 <= 0.01
|   |   |   |   |   |   |   |   |--- feature_39 <= 0.50
|   |   |   |   |   |   |   |   |   |--- feature_43 <= 0.50
|   |   |   |   |   |   |   |   |   |   |--- feature_12 <= 21.60
|   |   |   |   |   |   |   |   |   |   |   |--- truncated branch of depth 2
|   |   |   |   |   |   |   |   |   |   |--- feature_12 >  21.60
|   |   |   |   |   |   |   |   |   |   |   |--- class: negative
|   |   |   |   |   |   |   |   |   |--- feature_43 >  0.50
|   |   |   |   |   |   |   |   |   |   |--- class: positive
|   |   |   |   |   |   |   |   |--- feature_39 >  0.50
|   |   |   |   |   |   |   |   |   |--- class: positive
|   |   |   |   |   |   |   |--- feature_20 >  0.01
|   |   |   |   |   |   |   |   |--- feature_20 <= 1.00
|   |   |   |   |   |   |   |   |   |--- class: positive
|   |   |   |   |   |   |   |   |--- feature_20 >  1.00
|   |   |   |   |   |   |   |   |   |--- feature_11 <= 7.20
|   |   |   |   |   |   |   |   |   |   |--- feature_2 <= 2.50
|   |   |   |   |   |   |   |   |   |   |   |--- class: negative
|   |   |   |   |   |   |   |   |   |   |--- feature_2 >  2.50
|   |   |   |   |   |   |   |   |   |   |   |--- truncated branch of depth 8
|   |   |   |   |   |   |   |   |   |--- feature_11 >  7.20
|   |   |   |   |   |   |   |   |   |   |--- feature_12 <= 34.65
|   |   |   |   |   |   |   |   |   |   |   |--- truncated branch of depth 3
|   |   |   |   |   |   |   |   |   |   |--- feature_12 >  34.65
|   |   |   |   |   |   |   |   |   |   |   |--- truncated branch of depth 6
|   |   |   |   |   |   |--- feature_13 >  5.00
|   |   |   |   |   |   |   |--- feature_0 <= 1947.00
|   |   |   |   |   |   |   |   |--- class: negative
|   |   |   |   |   |   |   |--- feature_0 >  1947.00
|   |   |   |   |   |   |   |   |--- feature_2 <= 4.50
|   |   |   |   |   |   |   |   |   |--- class: positive
|   |   |   |   |   |   |   |   |--- feature_2 >  4.50
|   |   |   |   |   |   |   |   |   |--- feature_7 <= 29.50
|   |   |   |   |   |   |   |   |   |   |--- feature_8 <= 2.50
|   |   |   |   |   |   |   |   |   |   |   |--- truncated branch of depth 4
|   |   |   |   |   |   |   |   |   |   |--- feature_8 >  2.50
|   |   |   |   |   |   |   |   |   |   |   |--- class: negative
|   |   |   |   |   |   |   |   |   |--- feature_7 >  29.50
|   |   |   |   |   |   |   |   |   |   |--- class: negative
|   |   |   |   |   |--- feature_13 >  7.99
|   |   |   |   |   |   |--- feature_1 <= 569.00
|   |   |   |   |   |   |   |--- feature_5 <= 38.74
|   |   |   |   |   |   |   |   |--- feature_5 <= 38.71
|   |   |   |   |   |   |   |   |   |--- class: negative
|   |   |   |   |   |   |   |   |--- feature_5 >  38.71
|   |   |   |   |   |   |   |   |   |--- class: positive
|   |   |   |   |   |   |   |--- feature_5 >  38.74
|   |   |   |   |   |   |   |   |--- class: negative
|   |   |   |   |   |   |--- feature_1 >  569.00
|   |   |   |   |   |   |   |--- feature_1 <= 610.00
|   |   |   |   |   |   |   |   |--- class: positive
|   |   |   |   |   |   |   |--- feature_1 >  610.00
|   |   |   |   |   |   |   |   |--- feature_0 <= 1975.50
|   |   |   |   |   |   |   |   |   |--- feature_24 <= 0.02
|   |   |   |   |   |   |   |   |   |   |--- feature_0 <= 1965.50
|   |   |   |   |   |   |   |   |   |   |   |--- class: negative
|   |   |   |   |   |   |   |   |   |   |--- feature_0 >  1965.50
|   |   |   |   |   |   |   |   |   |   |   |--- truncated branch of depth 6
|   |   |   |   |   |   |   |   |   |--- feature_24 >  0.02
|   |   |   |   |   |   |   |   |   |   |--- class: positive
|   |   |   |   |   |   |   |   |--- feature_0 >  1975.50
|   |   |   |   |   |   |   |   |   |--- class: negative
|   |   |   |--- feature_17 >  0.00
|   |   |   |   |--- class: positive
|   |   |--- feature_17 >  1.00
|   |   |   |--- feature_0 <= 1923.50
|   |   |   |   |--- feature_12 <= 20.25
|   |   |   |   |   |--- feature_12 <= 19.35
|   |   |   |   |   |   |--- class: negative
|   |   |   |   |   |--- feature_12 >  19.35
|   |   |   |   |   |   |--- class: positive
|   |   |   |   |--- feature_12 >  20.25
|   |   |   |   |   |--- class: negative
|   |   |   |--- feature_0 >  1923.50
|   |   |   |   |--- feature_6 <= -85.13
|   |   |   |   |   |--- feature_6 <= -86.78
|   |   |   |   |   |   |--- feature_1 <= 124.50
|   |   |   |   |   |   |   |--- feature_1 <= 111.50
|   |   |   |   |   |   |   |   |--- feature_2 <= 1.50
|   |   |   |   |   |   |   |   |   |--- feature_11 <= 5.00
|   |   |   |   |   |   |   |   |   |   |--- class: negative
|   |   |   |   |   |   |   |   |   |--- feature_11 >  5.00
|   |   |   |   |   |   |   |   |   |   |--- feature_9 <= 12.90
|   |   |   |   |   |   |   |   |   |   |   |--- truncated branch of depth 2
|   |   |   |   |   |   |   |   |   |   |--- feature_9 >  12.90
|   |   |   |   |   |   |   |   |   |   |   |--- class: negative
|   |   |   |   |   |   |   |   |--- feature_2 >  1.50
|   |   |   |   |   |   |   |   |   |--- feature_0 <= 1953.50
|   |   |   |   |   |   |   |   |   |   |--- class: negative
|   |   |   |   |   |   |   |   |   |--- feature_0 >  1953.50
|   |   |   |   |   |   |   |   |   |   |--- feature_0 <= 1958.50
|   |   |   |   |   |   |   |   |   |   |   |--- class: positive
|   |   |   |   |   |   |   |   |   |   |--- feature_0 >  1958.50
|   |   |   |   |   |   |   |   |   |   |   |--- truncated branch of depth 3
|   |   |   |   |   |   |   |--- feature_1 >  111.50
|   |   |   |   |   |   |   |   |--- feature_9 <= 8.80
|   |   |   |   |   |   |   |   |   |--- class: negative
|   |   |   |   |   |   |   |   |--- feature_9 >  8.80
|   |   |   |   |   |   |   |   |   |--- class: positive
|   |   |   |   |   |   |--- feature_1 >  124.50
|   |   |   |   |   |   |   |--- feature_50 <= 0.29
|   |   |   |   |   |   |   |   |--- class: negative
|   |   |   |   |   |   |   |--- feature_50 >  0.29
|   |   |   |   |   |   |   |   |--- feature_5 <= 38.76
|   |   |   |   |   |   |   |   |   |--- feature_7 <= 33.00
|   |   |   |   |   |   |   |   |   |   |--- class: positive
|   |   |   |   |   |   |   |   |   |--- feature_7 >  33.00
|   |   |   |   |   |   |   |   |   |   |--- class: negative
|   |   |   |   |   |   |   |   |--- feature_5 >  38.76
|   |   |   |   |   |   |   |   |   |--- class: negative
|   |   |   |   |   |--- feature_6 >  -86.78
|   |   |   |   |   |   |--- feature_0 <= 1964.50
|   |   |   |   |   |   |   |--- feature_31 <= 0.02
|   |   |   |   |   |   |   |   |--- feature_13 <= 4.93
|   |   |   |   |   |   |   |   |   |--- feature_47 <= 1.00
|   |   |   |   |   |   |   |   |   |   |--- feature_47 <= 0.01
|   |   |   |   |   |   |   |   |   |   |   |--- truncated branch of depth 5
|   |   |   |   |   |   |   |   |   |   |--- feature_47 >  0.01
|   |   |   |   |   |   |   |   |   |   |   |--- class: positive
|   |   |   |   |   |   |   |   |   |--- feature_47 >  1.00
|   |   |   |   |   |   |   |   |   |   |--- feature_6 <= -86.62
|   |   |   |   |   |   |   |   |   |   |   |--- truncated branch of depth 2
|   |   |   |   |   |   |   |   |   |   |--- feature_6 >  -86.62
|   |   |   |   |   |   |   |   |   |   |   |--- truncated branch of depth 2
|   |   |   |   |   |   |   |   |--- feature_13 >  4.93
|   |   |   |   |   |   |   |   |   |--- feature_5 <= 40.02
|   |   |   |   |   |   |   |   |   |   |--- feature_6 <= -85.71
|   |   |   |   |   |   |   |   |   |   |   |--- truncated branch of depth 7
|   |   |   |   |   |   |   |   |   |   |--- feature_6 >  -85.71
|   |   |   |   |   |   |   |   |   |   |   |--- class: negative
|   |   |   |   |   |   |   |   |   |--- feature_5 >  40.02
|   |   |   |   |   |   |   |   |   |   |--- feature_12 <= 34.65
|   |   |   |   |   |   |   |   |   |   |   |--- class: negative
|   |   |   |   |   |   |   |   |   |   |--- feature_12 >  34.65
|   |   |   |   |   |   |   |   |   |   |   |--- truncated branch of depth 2
|   |   |   |   |   |   |   |--- feature_31 >  0.02
|   |   |   |   |   |   |   |   |--- feature_2 <= 2.50
|   |   |   |   |   |   |   |   |   |--- class: negative
|   |   |   |   |   |   |   |   |--- feature_2 >  2.50
|   |   |   |   |   |   |   |   |   |--- feature_13 <= 6.96
|   |   |   |   |   |   |   |   |   |   |--- class: positive
|   |   |   |   |   |   |   |   |   |--- feature_13 >  6.96
|   |   |   |   |   |   |   |   |   |   |--- feature_5 <= 40.09
|   |   |   |   |   |   |   |   |   |   |   |--- class: positive
|   |   |   |   |   |   |   |   |   |   |--- feature_5 >  40.09
|   |   |   |   |   |   |   |   |   |   |   |--- class: negative
|   |   |   |   |   |   |--- feature_0 >  1964.50
|   |   |   |   |   |   |   |--- feature_7 <= 36.00
|   |   |   |   |   |   |   |   |--- feature_5 <= 39.78
|   |   |   |   |   |   |   |   |   |--- class: negative
|   |   |   |   |   |   |   |   |--- feature_5 >  39.78
|   |   |   |   |   |   |   |   |   |--- feature_5 <= 39.89
|   |   |   |   |   |   |   |   |   |   |--- feature_0 <= 1966.50
|   |   |   |   |   |   |   |   |   |   |   |--- class: positive
|   |   |   |   |   |   |   |   |   |   |--- feature_0 >  1966.50
|   |   |   |   |   |   |   |   |   |   |   |--- class: negative
|   |   |   |   |   |   |   |   |   |--- feature_5 >  39.89
|   |   |   |   |   |   |   |   |   |   |--- feature_12 <= 13.50
|   |   |   |   |   |   |   |   |   |   |   |--- class: positive
|   |   |   |   |   |   |   |   |   |   |--- feature_12 >  13.50
|   |   |   |   |   |   |   |   |   |   |   |--- class: negative
|   |   |   |   |   |   |   |--- feature_7 >  36.00
|   |   |   |   |   |   |   |   |--- feature_1 <= 131.50
|   |   |   |   |   |   |   |   |   |--- class: positive
|   |   |   |   |   |   |   |   |--- feature_1 >  131.50
|   |   |   |   |   |   |   |   |   |--- class: negative
|   |   |   |   |--- feature_6 >  -85.13
|   |   |   |   |   |--- class: negative
|   |--- feature_12 >  40.50
|   |   |--- feature_13 <= 8.00
|   |   |   |--- feature_13 <= 5.00
|   |   |   |   |--- feature_39 <= 0.00
|   |   |   |   |   |--- feature_0 <= 1980.50
|   |   |   |   |   |   |--- feature_24 <= 0.27
|   |   |   |   |   |   |   |--- feature_29 <= 0.01
|   |   |   |   |   |   |   |   |--- feature_9 <= 7.35
|   |   |   |   |   |   |   |   |   |--- feature_17 <= 0.50
|   |   |   |   |   |   |   |   |   |   |--- feature_2 <= 11.00
|   |   |   |   |   |   |   |   |   |   |   |--- class: negative
|   |   |   |   |   |   |   |   |   |   |--- feature_2 >  11.00
|   |   |   |   |   |   |   |   |   |   |   |--- class: positive
|   |   |   |   |   |   |   |   |   |--- feature_17 >  0.50
|   |   |   |   |   |   |   |   |   |   |--- feature_12 <= 44.52
|   |   |   |   |   |   |   |   |   |   |   |--- truncated branch of depth 4
|   |   |   |   |   |   |   |   |   |   |--- feature_12 >  44.52
|   |   |   |   |   |   |   |   |   |   |   |--- class: positive
|   |   |   |   |   |   |   |   |--- feature_9 >  7.35
|   |   |   |   |   |   |   |   |   |--- feature_13 <= 2.50
|   |   |   |   |   |   |   |   |   |   |--- feature_49 <= 0.50
|   |   |   |   |   |   |   |   |   |   |   |--- class: positive
|   |   |   |   |   |   |   |   |   |   |--- feature_49 >  0.50
|   |   |   |   |   |   |   |   |   |   |   |--- truncated branch of depth 2
|   |   |   |   |   |   |   |   |   |--- feature_13 >  2.50
|   |   |   |   |   |   |   |   |   |   |--- feature_1 <= 306.00
|   |   |   |   |   |   |   |   |   |   |   |--- class: negative
|   |   |   |   |   |   |   |   |   |   |--- feature_1 >  306.00
|   |   |   |   |   |   |   |   |   |   |   |--- truncated branch of depth 5
|   |   |   |   |   |   |   |--- feature_29 >  0.01
|   |   |   |   |   |   |   |   |--- feature_29 <= 0.97
|   |   |   |   |   |   |   |   |   |--- class: positive
|   |   |   |   |   |   |   |   |--- feature_29 >  0.97
|   |   |   |   |   |   |   |   |   |--- feature_7 <= 42.50
|   |   |   |   |   |   |   |   |   |   |--- class: negative
|   |   |   |   |   |   |   |   |   |--- feature_7 >  42.50
|   |   |   |   |   |   |   |   |   |   |--- feature_9 <= 12.30
|   |   |   |   |   |   |   |   |   |   |   |--- class: negative
|   |   |   |   |   |   |   |   |   |   |--- feature_9 >  12.30
|   |   |   |   |   |   |   |   |   |   |   |--- class: positive
|   |   |   |   |   |   |--- feature_24 >  0.27
|   |   |   |   |   |   |   |--- feature_11 <= 7.01
|   |   |   |   |   |   |   |   |--- class: positive
|   |   |   |   |   |   |   |--- feature_11 >  7.01
|   |   |   |   |   |   |   |   |--- feature_5 <= 39.39
|   |   |   |   |   |   |   |   |   |--- feature_1 <= 282.50
|   |   |   |   |   |   |   |   |   |   |--- class: positive
|   |   |   |   |   |   |   |   |   |--- feature_1 >  282.50
|   |   |   |   |   |   |   |   |   |   |--- class: negative
|   |   |   |   |   |   |   |   |--- feature_5 >  39.39
|   |   |   |   |   |   |   |   |   |--- class: negative
|   |   |   |   |   |--- feature_0 >  1980.50
|   |   |   |   |   |   |--- feature_5 <= 41.73
|   |   |   |   |   |   |   |--- feature_10 <= 24.17
|   |   |   |   |   |   |   |   |--- class: negative
|   |   |   |   |   |   |   |--- feature_10 >  24.17
|   |   |   |   |   |   |   |   |--- feature_10 <= 24.27
|   |   |   |   |   |   |   |   |   |--- class: positive
|   |   |   |   |   |   |   |   |--- feature_10 >  24.27
|   |   |   |   |   |   |   |   |   |--- feature_6 <= -84.96
|   |   |   |   |   |   |   |   |   |   |--- feature_12 <= 51.75
|   |   |   |   |   |   |   |   |   |   |   |--- class: negative
|   |   |   |   |   |   |   |   |   |   |--- feature_12 >  51.75
|   |   |   |   |   |   |   |   |   |   |   |--- truncated branch of depth 3
|   |   |   |   |   |   |   |   |   |--- feature_6 >  -84.96
|   |   |   |   |   |   |   |   |   |   |--- feature_6 <= -84.93
|   |   |   |   |   |   |   |   |   |   |   |--- class: positive
|   |   |   |   |   |   |   |   |   |   |--- feature_6 >  -84.93
|   |   |   |   |   |   |   |   |   |   |   |--- class: negative
|   |   |   |   |   |   |--- feature_5 >  41.73
|   |   |   |   |   |   |   |--- feature_0 <= 1987.50
|   |   |   |   |   |   |   |   |--- class: negative
|   |   |   |   |   |   |   |--- feature_0 >  1987.50
|   |   |   |   |   |   |   |   |--- class: positive
|   |   |   |   |--- feature_39 >  0.00
|   |   |   |   |   |--- feature_39 <= 0.99
|   |   |   |   |   |   |--- class: positive
|   |   |   |   |   |--- feature_39 >  0.99
|   |   |   |   |   |   |--- feature_13 <= 5.00
|   |   |   |   |   |   |   |--- feature_13 <= 4.02
|   |   |   |   |   |   |   |   |--- feature_1 <= 194.00
|   |   |   |   |   |   |   |   |   |--- feature_12 <= 44.56
|   |   |   |   |   |   |   |   |   |   |--- feature_13 <= 3.97
|   |   |   |   |   |   |   |   |   |   |   |--- truncated branch of depth 5
|   |   |   |   |   |   |   |   |   |   |--- feature_13 >  3.97
|   |   |   |   |   |   |   |   |   |   |   |--- truncated branch of depth 4
|   |   |   |   |   |   |   |   |   |--- feature_12 >  44.56
|   |   |   |   |   |   |   |   |   |   |--- feature_11 <= 7.00
|   |   |   |   |   |   |   |   |   |   |   |--- class: positive
|   |   |   |   |   |   |   |   |   |   |--- feature_11 >  7.00
|   |   |   |   |   |   |   |   |   |   |   |--- class: negative
|   |   |   |   |   |   |   |   |--- feature_1 >  194.00
|   |   |   |   |   |   |   |   |   |--- class: negative
|   |   |   |   |   |   |   |--- feature_13 >  4.02
|   |   |   |   |   |   |   |   |--- class: positive
|   |   |   |   |   |   |--- feature_13 >  5.00
|   |   |   |   |   |   |   |--- feature_0 <= 1996.50
|   |   |   |   |   |   |   |   |--- feature_6 <= -85.66
|   |   |   |   |   |   |   |   |   |--- feature_7 <= 3.00
|   |   |   |   |   |   |   |   |   |   |--- class: negative
|   |   |   |   |   |   |   |   |   |--- feature_7 >  3.00
|   |   |   |   |   |   |   |   |   |   |--- feature_31 <= 0.92
|   |   |   |   |   |   |   |   |   |   |   |--- truncated branch of depth 3
|   |   |   |   |   |   |   |   |   |   |--- feature_31 >  0.92
|   |   |   |   |   |   |   |   |   |   |   |--- truncated branch of depth 5
|   |   |   |   |   |   |   |   |--- feature_6 >  -85.66
|   |   |   |   |   |   |   |   |   |--- feature_0 <= 1975.50
|   |   |   |   |   |   |   |   |   |   |--- feature_0 <= 1973.50
|   |   |   |   |   |   |   |   |   |   |   |--- truncated branch of depth 4
|   |   |   |   |   |   |   |   |   |   |--- feature_0 >  1973.50
|   |   |   |   |   |   |   |   |   |   |   |--- truncated branch of depth 3
|   |   |   |   |   |   |   |   |   |--- feature_0 >  1975.50
|   |   |   |   |   |   |   |   |   |   |--- class: negative
|   |   |   |   |   |   |   |--- feature_0 >  1996.50
|   |   |   |   |   |   |   |   |--- feature_1 <= 317.00
|   |   |   |   |   |   |   |   |   |--- class: negative
|   |   |   |   |   |   |   |   |--- feature_1 >  317.00
|   |   |   |   |   |   |   |   |   |--- feature_1 <= 334.50
|   |   |   |   |   |   |   |   |   |   |--- feature_11 <= 7.25
|   |   |   |   |   |   |   |   |   |   |   |--- class: negative
|   |   |   |   |   |   |   |   |   |   |--- feature_11 >  7.25
|   |   |   |   |   |   |   |   |   |   |   |--- class: positive
|   |   |   |   |   |   |   |   |   |--- feature_1 >  334.50
|   |   |   |   |   |   |   |   |   |   |--- class: negative
|   |   |   |--- feature_13 >  5.00
|   |   |   |   |--- feature_13 <= 6.99
|   |   |   |   |   |--- feature_12 <= 53.85
|   |   |   |   |   |   |--- feature_29 <= 1.00
|   |   |   |   |   |   |   |--- class: positive
|   |   |   |   |   |   |--- feature_29 >  1.00
|   |   |   |   |   |   |   |--- class: negative
|   |   |   |   |   |--- feature_12 >  53.85
|   |   |   |   |   |   |--- class: negative
|   |   |   |   |--- feature_13 >  6.99
|   |   |   |   |   |--- feature_13 <= 7.00
|   |   |   |   |   |   |--- feature_9 <= 15.15
|   |   |   |   |   |   |   |--- class: negative
|   |   |   |   |   |   |--- feature_9 >  15.15
|   |   |   |   |   |   |   |--- feature_2 <= 4.50
|   |   |   |   |   |   |   |   |--- feature_6 <= -86.63
|   |   |   |   |   |   |   |   |   |--- class: positive
|   |   |   |   |   |   |   |   |--- feature_6 >  -86.63
|   |   |   |   |   |   |   |   |   |--- feature_11 <= 7.32
|   |   |   |   |   |   |   |   |   |   |--- class: negative
|   |   |   |   |   |   |   |   |   |--- feature_11 >  7.32
|   |   |   |   |   |   |   |   |   |   |--- class: positive
|   |   |   |   |   |   |   |--- feature_2 >  4.50
|   |   |   |   |   |   |   |   |--- feature_0 <= 2006.50
|   |   |   |   |   |   |   |   |   |--- class: negative
|   |   |   |   |   |   |   |   |--- feature_0 >  2006.50
|   |   |   |   |   |   |   |   |   |--- class: positive
|   |   |   |   |   |--- feature_13 >  7.00
|   |   |   |   |   |   |--- class: positive
|   |   |--- feature_13 >  8.00
|   |   |   |--- feature_0 <= 1986.50
|   |   |   |   |--- feature_6 <= -86.07
|   |   |   |   |   |--- feature_5 <= 38.18
|   |   |   |   |   |   |--- feature_0 <= 1982.50
|   |   |   |   |   |   |   |--- class: negative
|   |   |   |   |   |   |--- feature_0 >  1982.50
|   |   |   |   |   |   |   |--- feature_1 <= 127.50
|   |   |   |   |   |   |   |   |--- feature_2 <= 3.50
|   |   |   |   |   |   |   |   |   |--- class: negative
|   |   |   |   |   |   |   |   |--- feature_2 >  3.50
|   |   |   |   |   |   |   |   |   |--- class: positive
|   |   |   |   |   |   |   |--- feature_1 >  127.50
|   |   |   |   |   |   |   |   |--- class: negative
|   |   |   |   |   |--- feature_5 >  38.18
|   |   |   |   |   |   |--- feature_9 <= 15.02
|   |   |   |   |   |   |   |--- feature_6 <= -87.29
|   |   |   |   |   |   |   |   |--- feature_6 <= -87.30
|   |   |   |   |   |   |   |   |   |--- class: negative
|   |   |   |   |   |   |   |   |--- feature_6 >  -87.30
|   |   |   |   |   |   |   |   |   |--- class: positive
|   |   |   |   |   |   |   |--- feature_6 >  -87.29
|   |   |   |   |   |   |   |   |--- class: negative
|   |   |   |   |   |   |--- feature_9 >  15.02
|   |   |   |   |   |   |   |--- feature_10 <= 18.20
|   |   |   |   |   |   |   |   |--- feature_7 <= 32.00
|   |   |   |   |   |   |   |   |   |--- class: negative
|   |   |   |   |   |   |   |   |--- feature_7 >  32.00
|   |   |   |   |   |   |   |   |   |--- class: positive
|   |   |   |   |   |   |   |--- feature_10 >  18.20
|   |   |   |   |   |   |   |   |--- feature_35 <= 0.08
|   |   |   |   |   |   |   |   |   |--- feature_5 <= 41.52
|   |   |   |   |   |   |   |   |   |   |--- class: negative
|   |   |   |   |   |   |   |   |   |--- feature_5 >  41.52
|   |   |   |   |   |   |   |   |   |   |--- feature_21 <= 0.50
|   |   |   |   |   |   |   |   |   |   |   |--- class: negative
|   |   |   |   |   |   |   |   |   |   |--- feature_21 >  0.50
|   |   |   |   |   |   |   |   |   |   |   |--- class: positive
|   |   |   |   |   |   |   |   |--- feature_35 >  0.08
|   |   |   |   |   |   |   |   |   |--- feature_31 <= 0.23
|   |   |   |   |   |   |   |   |   |   |--- feature_6 <= -86.11
|   |   |   |   |   |   |   |   |   |   |   |--- class: negative
|   |   |   |   |   |   |   |   |   |   |--- feature_6 >  -86.11
|   |   |   |   |   |   |   |   |   |   |   |--- truncated branch of depth 2
|   |   |   |   |   |   |   |   |   |--- feature_31 >  0.23
|   |   |   |   |   |   |   |   |   |   |--- class: positive
|   |   |   |   |--- feature_6 >  -86.07
|   |   |   |   |   |--- feature_1 <= 1399.50
|   |   |   |   |   |   |--- feature_12 <= 40.57
|   |   |   |   |   |   |   |--- feature_0 <= 1975.50
|   |   |   |   |   |   |   |   |--- feature_40 <= 0.37
|   |   |   |   |   |   |   |   |   |--- feature_10 <= 9.40
|   |   |   |   |   |   |   |   |   |   |--- feature_11 <= 7.05
|   |   |   |   |   |   |   |   |   |   |   |--- class: positive
|   |   |   |   |   |   |   |   |   |   |--- feature_11 >  7.05
|   |   |   |   |   |   |   |   |   |   |   |--- truncated branch of depth 4
|   |   |   |   |   |   |   |   |   |--- feature_10 >  9.40
|   |   |   |   |   |   |   |   |   |   |--- class: negative
|   |   |   |   |   |   |   |   |--- feature_40 >  0.37
|   |   |   |   |   |   |   |   |   |--- feature_10 <= 32.63
|   |   |   |   |   |   |   |   |   |   |--- class: negative
|   |   |   |   |   |   |   |   |   |--- feature_10 >  32.63
|   |   |   |   |   |   |   |   |   |   |--- class: positive
|   |   |   |   |   |   |   |--- feature_0 >  1975.50
|   |   |   |   |   |   |   |   |--- class: negative
|   |   |   |   |   |   |--- feature_12 >  40.57
|   |   |   |   |   |   |   |--- feature_12 <= 41.40
|   |   |   |   |   |   |   |   |--- class: positive
|   |   |   |   |   |   |   |--- feature_12 >  41.40
|   |   |   |   |   |   |   |   |--- feature_1 <= 33.00
|   |   |   |   |   |   |   |   |   |--- feature_0 <= 1982.00
|   |   |   |   |   |   |   |   |   |   |--- class: negative
|   |   |   |   |   |   |   |   |   |--- feature_0 >  1982.00
|   |   |   |   |   |   |   |   |   |   |--- class: positive
|   |   |   |   |   |   |   |   |--- feature_1 >  33.00
|   |   |   |   |   |   |   |   |   |--- feature_11 <= 8.35
|   |   |   |   |   |   |   |   |   |   |--- feature_10 <= 7.35
|   |   |   |   |   |   |   |   |   |   |   |--- truncated branch of depth 2
|   |   |   |   |   |   |   |   |   |   |--- feature_10 >  7.35
|   |   |   |   |   |   |   |   |   |   |   |--- class: negative
|   |   |   |   |   |   |   |   |   |--- feature_11 >  8.35
|   |   |   |   |   |   |   |   |   |   |--- feature_1 <= 268.00
|   |   |   |   |   |   |   |   |   |   |   |--- truncated branch of depth 3
|   |   |   |   |   |   |   |   |   |   |--- feature_1 >  268.00
|   |   |   |   |   |   |   |   |   |   |   |--- truncated branch of depth 2
|   |   |   |   |   |--- feature_1 >  1399.50
|   |   |   |   |   |   |--- feature_2 <= 4.50
|   |   |   |   |   |   |   |--- feature_11 <= 8.49
|   |   |   |   |   |   |   |   |--- feature_9 <= 6.20
|   |   |   |   |   |   |   |   |   |--- class: negative
|   |   |   |   |   |   |   |   |--- feature_9 >  6.20
|   |   |   |   |   |   |   |   |   |--- feature_1 <= 2513.00
|   |   |   |   |   |   |   |   |   |   |--- class: positive
|   |   |   |   |   |   |   |   |   |--- feature_1 >  2513.00
|   |   |   |   |   |   |   |   |   |   |--- feature_9 <= 11.73
|   |   |   |   |   |   |   |   |   |   |   |--- class: positive
|   |   |   |   |   |   |   |   |   |   |--- feature_9 >  11.73
|   |   |   |   |   |   |   |   |   |   |   |--- class: negative
|   |   |   |   |   |   |   |--- feature_11 >  8.49
|   |   |   |   |   |   |   |   |--- class: negative
|   |   |   |   |   |   |--- feature_2 >  4.50
|   |   |   |   |   |   |   |--- feature_22 <= 0.50
|   |   |   |   |   |   |   |   |--- class: negative
|   |   |   |   |   |   |   |--- feature_22 >  0.50
|   |   |   |   |   |   |   |   |--- class: positive
|   |   |   |--- feature_0 >  1986.50
|   |   |   |   |--- feature_1 <= 47.50
|   |   |   |   |   |--- feature_18 <= 0.12
|   |   |   |   |   |   |--- class: negative
|   |   |   |   |   |--- feature_18 >  0.12
|   |   |   |   |   |   |--- feature_11 <= 8.45
|   |   |   |   |   |   |   |--- class: positive
|   |   |   |   |   |   |--- feature_11 >  8.45
|   |   |   |   |   |   |   |--- class: negative
|   |   |   |   |--- feature_1 >  47.50
|   |   |   |   |   |--- feature_35 <= 0.15
|   |   |   |   |   |   |--- feature_2 <= 13.00
|   |   |   |   |   |   |   |--- feature_5 <= 39.29
|   |   |   |   |   |   |   |   |--- feature_5 <= 39.28
|   |   |   |   |   |   |   |   |   |--- feature_10 <= 51.95
|   |   |   |   |   |   |   |   |   |   |--- class: negative
|   |   |   |   |   |   |   |   |   |--- feature_10 >  51.95
|   |   |   |   |   |   |   |   |   |   |--- feature_11 <= 6.90
|   |   |   |   |   |   |   |   |   |   |   |--- class: positive
|   |   |   |   |   |   |   |   |   |   |--- feature_11 >  6.90
|   |   |   |   |   |   |   |   |   |   |   |--- class: negative
|   |   |   |   |   |   |   |   |--- feature_5 >  39.28
|   |   |   |   |   |   |   |   |   |--- class: positive
|   |   |   |   |   |   |   |--- feature_5 >  39.29
|   |   |   |   |   |   |   |   |--- class: negative
|   |   |   |   |   |   |--- feature_2 >  13.00
|   |   |   |   |   |   |   |--- feature_40 <= 0.50
|   |   |   |   |   |   |   |   |--- class: negative
|   |   |   |   |   |   |   |--- feature_40 >  0.50
|   |   |   |   |   |   |   |   |--- feature_7 <= 10.00
|   |   |   |   |   |   |   |   |   |--- class: positive
|   |   |   |   |   |   |   |   |--- feature_7 >  10.00
|   |   |   |   |   |   |   |   |   |--- class: negative
|   |   |   |   |   |--- feature_35 >  0.15
|   |   |   |   |   |   |--- feature_31 <= 0.09
|   |   |   |   |   |   |   |--- class: negative
|   |   |   |   |   |   |--- feature_31 >  0.09
|   |   |   |   |   |   |   |--- class: positive
|--- feature_6 >  -84.75
|   |--- feature_6 <= -8.94
|   |   |--- feature_5 <= 38.69
|   |   |   |--- feature_0 <= 1978.50
|   |   |   |   |--- feature_47 <= 0.01
|   |   |   |   |   |--- feature_6 <= -10.40
|   |   |   |   |   |   |--- class: positive
|   |   |   |   |   |--- feature_6 >  -10.40
|   |   |   |   |   |   |--- feature_1 <= 4038.00
|   |   |   |   |   |   |   |--- feature_11 <= 9.12
|   |   |   |   |   |   |   |   |--- class: negative
|   |   |   |   |   |   |   |--- feature_11 >  9.12
|   |   |   |   |   |   |   |   |--- feature_1 <= 2838.00
|   |   |   |   |   |   |   |   |   |--- feature_8 <= 5.50
|   |   |   |   |   |   |   |   |   |   |--- class: negative
|   |   |   |   |   |   |   |   |   |--- feature_8 >  5.50
|   |   |   |   |   |   |   |   |   |   |--- class: positive
|   |   |   |   |   |   |   |   |--- feature_1 >  2838.00
|   |   |   |   |   |   |   |   |   |--- feature_0 <= 1964.50
|   |   |   |   |   |   |   |   |   |   |--- class: positive
|   |   |   |   |   |   |   |   |   |--- feature_0 >  1964.50
|   |   |   |   |   |   |   |   |   |   |--- class: negative
|   |   |   |   |   |   |--- feature_1 >  4038.00
|   |   |   |   |   |   |   |--- class: negative
|   |   |   |   |--- feature_47 >  0.01
|   |   |   |   |   |--- feature_47 <= 1.00
|   |   |   |   |   |   |--- class: positive
|   |   |   |   |   |--- feature_47 >  1.00
|   |   |   |   |   |   |--- feature_12 <= 60.02
|   |   |   |   |   |   |   |--- class: negative
|   |   |   |   |   |   |--- feature_12 >  60.02
|   |   |   |   |   |   |   |--- feature_0 <= 1969.00
|   |   |   |   |   |   |   |   |--- feature_7 <= 13.50
|   |   |   |   |   |   |   |   |   |--- class: positive
|   |   |   |   |   |   |   |   |--- feature_7 >  13.50
|   |   |   |   |   |   |   |   |   |--- class: negative
|   |   |   |   |   |   |   |--- feature_0 >  1969.00
|   |   |   |   |   |   |   |   |--- feature_0 <= 1972.50
|   |   |   |   |   |   |   |   |   |--- class: positive
|   |   |   |   |   |   |   |   |--- feature_0 >  1972.50
|   |   |   |   |   |   |   |   |   |--- class: negative
|   |   |   |--- feature_0 >  1978.50
|   |   |   |   |--- feature_12 <= 31.01
|   |   |   |   |   |--- class: positive
|   |   |   |   |--- feature_12 >  31.01
|   |   |   |   |   |--- class: negative
|   |   |--- feature_5 >  38.69
|   |   |   |--- feature_6 <= -9.30
|   |   |   |   |--- class: positive
|   |   |   |--- feature_6 >  -9.30
|   |   |   |   |--- feature_5 <= 40.72
|   |   |   |   |   |--- feature_18 <= 0.00
|   |   |   |   |   |   |--- feature_5 <= 39.20
|   |   |   |   |   |   |   |--- feature_23 <= 0.06
|   |   |   |   |   |   |   |   |--- feature_12 <= 28.83
|   |   |   |   |   |   |   |   |   |--- feature_6 <= -9.21
|   |   |   |   |   |   |   |   |   |   |--- class: positive
|   |   |   |   |   |   |   |   |   |--- feature_6 >  -9.21
|   |   |   |   |   |   |   |   |   |   |--- feature_47 <= 0.41
|   |   |   |   |   |   |   |   |   |   |   |--- class: negative
|   |   |   |   |   |   |   |   |   |   |--- feature_47 >  0.41
|   |   |   |   |   |   |   |   |   |   |   |--- class: positive
|   |   |   |   |   |   |   |   |--- feature_12 >  28.83
|   |   |   |   |   |   |   |   |   |--- feature_6 <= -9.01
|   |   |   |   |   |   |   |   |   |   |--- feature_12 <= 69.75
|   |   |   |   |   |   |   |   |   |   |   |--- truncated branch of depth 2
|   |   |   |   |   |   |   |   |   |   |--- feature_12 >  69.75
|   |   |   |   |   |   |   |   |   |   |   |--- truncated branch of depth 3
|   |   |   |   |   |   |   |   |   |--- feature_6 >  -9.01
|   |   |   |   |   |   |   |   |   |   |--- feature_9 <= 14.80
|   |   |   |   |   |   |   |   |   |   |   |--- class: positive
|   |   |   |   |   |   |   |   |   |   |--- feature_9 >  14.80
|   |   |   |   |   |   |   |   |   |   |   |--- class: negative
|   |   |   |   |   |   |   |--- feature_23 >  0.06
|   |   |   |   |   |   |   |   |--- feature_6 <= -9.21
|   |   |   |   |   |   |   |   |   |--- class: negative
|   |   |   |   |   |   |   |   |--- feature_6 >  -9.21
|   |   |   |   |   |   |   |   |   |--- feature_12 <= 45.58
|   |   |   |   |   |   |   |   |   |   |--- class: negative
|   |   |   |   |   |   |   |   |   |--- feature_12 >  45.58
|   |   |   |   |   |   |   |   |   |   |--- feature_1 <= 2786.00
|   |   |   |   |   |   |   |   |   |   |   |--- truncated branch of depth 2
|   |   |   |   |   |   |   |   |   |   |--- feature_1 >  2786.00
|   |   |   |   |   |   |   |   |   |   |   |--- truncated branch of depth 3
|   |   |   |   |   |   |--- feature_5 >  39.20
|   |   |   |   |   |   |   |--- feature_31 <= 0.00
|   |   |   |   |   |   |   |   |--- feature_6 <= -9.04
|   |   |   |   |   |   |   |   |   |--- feature_11 <= 8.92
|   |   |   |   |   |   |   |   |   |   |--- feature_9 <= 48.27
|   |   |   |   |   |   |   |   |   |   |   |--- truncated branch of depth 3
|   |   |   |   |   |   |   |   |   |   |--- feature_9 >  48.27
|   |   |   |   |   |   |   |   |   |   |   |--- class: positive
|   |   |   |   |   |   |   |   |   |--- feature_11 >  8.92
|   |   |   |   |   |   |   |   |   |   |--- feature_47 <= 0.00
|   |   |   |   |   |   |   |   |   |   |   |--- truncated branch of depth 5
|   |   |   |   |   |   |   |   |   |   |--- feature_47 >  0.00
|   |   |   |   |   |   |   |   |   |   |   |--- class: positive
|   |   |   |   |   |   |   |   |--- feature_6 >  -9.04
|   |   |   |   |   |   |   |   |   |--- feature_13 <= 4.68
|   |   |   |   |   |   |   |   |   |   |--- feature_9 <= 32.52
|   |   |   |   |   |   |   |   |   |   |   |--- class: positive
|   |   |   |   |   |   |   |   |   |   |--- feature_9 >  32.52
|   |   |   |   |   |   |   |   |   |   |   |--- class: negative
|   |   |   |   |   |   |   |   |   |--- feature_13 >  4.68
|   |   |   |   |   |   |   |   |   |   |--- feature_5 <= 39.98
|   |   |   |   |   |   |   |   |   |   |   |--- class: negative
|   |   |   |   |   |   |   |   |   |   |--- feature_5 >  39.98
|   |   |   |   |   |   |   |   |   |   |   |--- truncated branch of depth 2
|   |   |   |   |   |   |   |--- feature_31 >  0.00
|   |   |   |   |   |   |   |   |--- feature_31 <= 1.00
|   |   |   |   |   |   |   |   |   |--- class: positive
|   |   |   |   |   |   |   |   |--- feature_31 >  1.00
|   |   |   |   |   |   |   |   |   |--- feature_1 <= 8056.00
|   |   |   |   |   |   |   |   |   |   |--- feature_1 <= 926.00
|   |   |   |   |   |   |   |   |   |   |   |--- truncated branch of depth 2
|   |   |   |   |   |   |   |   |   |   |--- feature_1 >  926.00
|   |   |   |   |   |   |   |   |   |   |   |--- truncated branch of depth 11
|   |   |   |   |   |   |   |   |   |--- feature_1 >  8056.00
|   |   |   |   |   |   |   |   |   |   |--- feature_1 <= 11339.50
|   |   |   |   |   |   |   |   |   |   |   |--- class: negative
|   |   |   |   |   |   |   |   |   |   |--- feature_1 >  11339.50
|   |   |   |   |   |   |   |   |   |   |   |--- truncated branch of depth 7
|   |   |   |   |   |--- feature_18 >  0.00
|   |   |   |   |   |   |--- feature_18 <= 1.00
|   |   |   |   |   |   |   |--- class: positive
|   |   |   |   |   |   |--- feature_18 >  1.00
|   |   |   |   |   |   |   |--- feature_6 <= -9.04
|   |   |   |   |   |   |   |   |--- feature_5 <= 39.45
|   |   |   |   |   |   |   |   |   |--- feature_9 <= 12.15
|   |   |   |   |   |   |   |   |   |   |--- feature_7 <= 10.50
|   |   |   |   |   |   |   |   |   |   |   |--- class: negative
|   |   |   |   |   |   |   |   |   |   |--- feature_7 >  10.50
|   |   |   |   |   |   |   |   |   |   |   |--- truncated branch of depth 6
|   |   |   |   |   |   |   |   |   |--- feature_9 >  12.15
|   |   |   |   |   |   |   |   |   |   |--- feature_1 <= 2454.50
|   |   |   |   |   |   |   |   |   |   |   |--- class: negative
|   |   |   |   |   |   |   |   |   |   |--- feature_1 >  2454.50
|   |   |   |   |   |   |   |   |   |   |   |--- class: positive
|   |   |   |   |   |   |   |   |--- feature_5 >  39.45
|   |   |   |   |   |   |   |   |   |--- feature_6 <= -9.19
|   |   |   |   |   |   |   |   |   |   |--- feature_10 <= 31.91
|   |   |   |   |   |   |   |   |   |   |   |--- truncated branch of depth 6
|   |   |   |   |   |   |   |   |   |   |--- feature_10 >  31.91
|   |   |   |   |   |   |   |   |   |   |   |--- truncated branch of depth 2
|   |   |   |   |   |   |   |   |   |--- feature_6 >  -9.19
|   |   |   |   |   |   |   |   |   |   |--- feature_5 <= 40.42
|   |   |   |   |   |   |   |   |   |   |   |--- truncated branch of depth 7
|   |   |   |   |   |   |   |   |   |   |--- feature_5 >  40.42
|   |   |   |   |   |   |   |   |   |   |   |--- truncated branch of depth 4
|   |   |   |   |   |   |   |--- feature_6 >  -9.04
|   |   |   |   |   |   |   |   |--- feature_6 <= -9.00
|   |   |   |   |   |   |   |   |   |--- feature_2 <= 6.50
|   |   |   |   |   |   |   |   |   |   |--- class: negative
|   |   |   |   |   |   |   |   |   |--- feature_2 >  6.50
|   |   |   |   |   |   |   |   |   |   |--- feature_32 <= 0.28
|   |   |   |   |   |   |   |   |   |   |   |--- truncated branch of depth 6
|   |   |   |   |   |   |   |   |   |   |--- feature_32 >  0.28
|   |   |   |   |   |   |   |   |   |   |   |--- class: positive
|   |   |   |   |   |   |   |   |--- feature_6 >  -9.00
|   |   |   |   |   |   |   |   |   |--- class: positive
|   |   |   |   |--- feature_5 >  40.72
|   |   |   |   |   |--- feature_0 <= 1981.50
|   |   |   |   |   |   |--- feature_10 <= 23.23
|   |   |   |   |   |   |   |--- feature_1 <= 22638.50
|   |   |   |   |   |   |   |   |--- class: negative
|   |   |   |   |   |   |   |--- feature_1 >  22638.50
|   |   |   |   |   |   |   |   |--- class: positive
|   |   |   |   |   |   |--- feature_10 >  23.23
|   |   |   |   |   |   |   |--- feature_1 <= 21555.00
|   |   |   |   |   |   |   |   |--- feature_5 <= 41.57
|   |   |   |   |   |   |   |   |   |--- feature_6 <= -9.00
|   |   |   |   |   |   |   |   |   |   |--- feature_29 <= 0.00
|   |   |   |   |   |   |   |   |   |   |   |--- truncated branch of depth 8
|   |   |   |   |   |   |   |   |   |   |--- feature_29 >  0.00
|   |   |   |   |   |   |   |   |   |   |   |--- truncated branch of depth 3
|   |   |   |   |   |   |   |   |   |--- feature_6 >  -9.00
|   |   |   |   |   |   |   |   |   |   |--- class: positive
|   |   |   |   |   |   |   |   |--- feature_5 >  41.57
|   |   |   |   |   |   |   |   |   |--- class: negative
|   |   |   |   |   |   |   |--- feature_1 >  21555.00
|   |   |   |   |   |   |   |   |--- feature_1 <= 54219.50
|   |   |   |   |   |   |   |   |   |--- class: positive
|   |   |   |   |   |   |   |   |--- feature_1 >  54219.50
|   |   |   |   |   |   |   |   |   |--- class: negative
|   |   |   |   |   |--- feature_0 >  1981.50
|   |   |   |   |   |   |--- feature_0 <= 1992.50
|   |   |   |   |   |   |   |--- feature_5 <= 40.85
|   |   |   |   |   |   |   |   |--- feature_11 <= 13.37
|   |   |   |   |   |   |   |   |   |--- class: positive
|   |   |   |   |   |   |   |   |--- feature_11 >  13.37
|   |   |   |   |   |   |   |   |   |--- class: negative
|   |   |   |   |   |   |   |--- feature_5 >  40.85
|   |   |   |   |   |   |   |   |--- feature_7 <= 18.50
|   |   |   |   |   |   |   |   |   |--- feature_49 <= 0.30
|   |   |   |   |   |   |   |   |   |   |--- feature_0 <= 1991.50
|   |   |   |   |   |   |   |   |   |   |   |--- class: negative
|   |   |   |   |   |   |   |   |   |   |--- feature_0 >  1991.50
|   |   |   |   |   |   |   |   |   |   |   |--- truncated branch of depth 2
|   |   |   |   |   |   |   |   |   |--- feature_49 >  0.30
|   |   |   |   |   |   |   |   |   |   |--- feature_5 <= 41.34
|   |   |   |   |   |   |   |   |   |   |   |--- class: positive
|   |   |   |   |   |   |   |   |   |   |--- feature_5 >  41.34
|   |   |   |   |   |   |   |   |   |   |   |--- class: negative
|   |   |   |   |   |   |   |   |--- feature_7 >  18.50
|   |   |   |   |   |   |   |   |   |--- class: negative
|   |   |   |   |   |   |--- feature_0 >  1992.50
|   |   |   |   |   |   |   |--- class: negative
|   |--- feature_6 >  -8.94
|   |   |--- feature_25 <= 0.98
|   |   |   |--- feature_1 <= 14280.00
|   |   |   |   |--- class: positive
|   |   |   |--- feature_1 >  14280.00
|   |   |   |   |--- class: negative
|   |   |--- feature_25 >  0.98
|   |   |   |--- feature_0 <= 1983.50
|   |   |   |   |--- feature_10 <= 17.31
|   |   |   |   |   |--- class: negative
|   |   |   |   |--- feature_10 >  17.31
|   |   |   |   |   |--- feature_23 <= 1.00
|   |   |   |   |   |   |--- feature_23 <= 0.00
|   |   |   |   |   |   |   |--- feature_5 <= 40.51
|   |   |   |   |   |   |   |   |--- feature_18 <= 0.97
|   |   |   |   |   |   |   |   |   |--- feature_18 <= 0.00
|   |   |   |   |   |   |   |   |   |   |--- feature_7 <= 1.00
|   |   |   |   |   |   |   |   |   |   |   |--- truncated branch of depth 3
|   |   |   |   |   |   |   |   |   |   |--- feature_7 >  1.00
|   |   |   |   |   |   |   |   |   |   |   |--- truncated branch of depth 8
|   |   |   |   |   |   |   |   |   |--- feature_18 >  0.00
|   |   |   |   |   |   |   |   |   |   |--- class: positive
|   |   |   |   |   |   |   |   |--- feature_18 >  0.97
|   |   |   |   |   |   |   |   |   |--- feature_6 <= -8.94
|   |   |   |   |   |   |   |   |   |   |--- feature_6 <= -8.94
|   |   |   |   |   |   |   |   |   |   |   |--- class: negative
|   |   |   |   |   |   |   |   |   |   |--- feature_6 >  -8.94
|   |   |   |   |   |   |   |   |   |   |   |--- class: positive
|   |   |   |   |   |   |   |   |   |--- feature_6 >  -8.94
|   |   |   |   |   |   |   |   |   |   |--- class: negative
|   |   |   |   |   |   |   |--- feature_5 >  40.51
|   |   |   |   |   |   |   |   |--- feature_12 <= 58.70
|   |   |   |   |   |   |   |   |   |--- feature_7 <= 12.50
|   |   |   |   |   |   |   |   |   |   |--- feature_0 <= 1968.00
|   |   |   |   |   |   |   |   |   |   |   |--- class: negative
|   |   |   |   |   |   |   |   |   |   |--- feature_0 >  1968.00
|   |   |   |   |   |   |   |   |   |   |   |--- truncated branch of depth 2
|   |   |   |   |   |   |   |   |   |--- feature_7 >  12.50
|   |   |   |   |   |   |   |   |   |   |--- feature_21 <= 0.65
|   |   |   |   |   |   |   |   |   |   |   |--- truncated branch of depth 7
|   |   |   |   |   |   |   |   |   |   |--- feature_21 >  0.65
|   |   |   |   |   |   |   |   |   |   |   |--- class: negative
|   |   |   |   |   |   |   |   |--- feature_12 >  58.70
|   |   |   |   |   |   |   |   |   |--- feature_10 <= 92.87
|   |   |   |   |   |   |   |   |   |   |--- feature_13 <= 7.95
|   |   |   |   |   |   |   |   |   |   |   |--- truncated branch of depth 3
|   |   |   |   |   |   |   |   |   |   |--- feature_13 >  7.95
|   |   |   |   |   |   |   |   |   |   |   |--- truncated branch of depth 4
|   |   |   |   |   |   |   |   |   |--- feature_10 >  92.87
|   |   |   |   |   |   |   |   |   |   |--- class: positive
|   |   |   |   |   |   |--- feature_23 >  0.00
|   |   |   |   |   |   |   |--- class: positive
|   |   |   |   |   |--- feature_23 >  1.00
|   |   |   |   |   |   |--- feature_11 <= 19.71
|   |   |   |   |   |   |   |--- class: negative
|   |   |   |   |   |   |--- feature_11 >  19.71
|   |   |   |   |   |   |   |--- feature_2 <= 8.00
|   |   |   |   |   |   |   |   |--- class: positive
|   |   |   |   |   |   |   |--- feature_2 >  8.00
|   |   |   |   |   |   |   |   |--- class: negative
|   |   |   |--- feature_0 >  1983.50
|   |   |   |   |--- feature_50 <= 0.02
|   |   |   |   |   |--- feature_0 <= 1986.50
|   |   |   |   |   |   |--- feature_7 <= 2.50
|   |   |   |   |   |   |   |--- feature_1 <= 3627.50
|   |   |   |   |   |   |   |   |--- class: negative
|   |   |   |   |   |   |   |--- feature_1 >  3627.50
|   |   |   |   |   |   |   |   |--- feature_9 <= 11.35
|   |   |   |   |   |   |   |   |   |--- class: positive
|   |   |   |   |   |   |   |   |--- feature_9 >  11.35
|   |   |   |   |   |   |   |   |   |--- class: negative
|   |   |   |   |   |   |--- feature_7 >  2.50
|   |   |   |   |   |   |   |--- class: negative
|   |   |   |   |   |--- feature_0 >  1986.50
|   |   |   |   |   |   |--- class: negative
|   |   |   |   |--- feature_50 >  0.02
|   |   |   |   |   |--- feature_11 <= 13.66
|   |   |   |   |   |   |--- class: positive
|   |   |   |   |   |--- feature_11 >  13.66
|   |   |   |   |   |   |--- class: negative
