|--- feature_31 <= 1.00
|   |--- feature_31 <= 0.00
|   |   |--- feature_0 <= 1972.50
|   |   |   |--- feature_17 <= 1.00
|   |   |   |   |--- feature_17 <= 0.00
|   |   |   |   |   |--- feature_32 <= 0.00
|   |   |   |   |   |   |--- feature_12 <= 40.44
|   |   |   |   |   |   |   |--- feature_22 <= 0.99
|   |   |   |   |   |   |   |   |--- feature_22 <= 0.00
|   |   |   |   |   |   |   |   |   |--- feature_29 <= 0.96
|   |   |   |   |   |   |   |   |   |   |--- feature_47 <= 0.00
|   |   |   |   |   |   |   |   |   |   |   |--- truncated branch of depth 12
|   |   |   |   |   |   |   |   |   |   |--- feature_47 >  0.00
|   |   |   |   |   |   |   |   |   |   |   |--- truncated branch of depth 6
|   |   |   |   |   |   |   |   |   |--- feature_29 >  0.96
|   |   |   |   |   |   |   |   |   |   |--- feature_10 <= 141.50
|   |   |   |   |   |   |   |   |   |   |   |--- truncated branch of depth 6
|   |   |   |   |   |   |   |   |   |   |--- feature_10 >  141.50
|   |   |   |   |   |   |   |   |   |   |   |--- class: positive
|   |   |   |   |   |   |   |   |--- feature_22 >  0.00
|   |   |   |   |   |   |   |   |   |--- class: positive
|   |   |   |   |   |   |   |--- feature_22 >  0.99
|   |   |   |   |   |   |   |   |--- feature_13 <= 5.00
|   |   |   |   |   |   |   |   |   |--- feature_13 <= 4.01
|   |   |   |   |   |   |   |   |   |   |--- feature_9 <= 8.31
|   |   |   |   |   |   |   |   |   |   |   |--- truncated branch of depth 7
|   |   |   |   |   |   |   |   |   |   |--- feature_9 >  8.31
|   |   |   |   |   |   |   |   |   |   |   |--- truncated branch of depth 11
|   |   |   |   |   |   |   |   |   |--- feature_13 >  4.01
|   |   |   |   |   |   |   |   |   |   |--- class: positive
|   |   |   |   |   |   |   |   |--- feature_13 >  5.00
|   |   |   |   |   |   |   |   |   |--- feature_1 <= 59.00
|   |   |   |   |   |   |   |   |   |   |--- feature_13 <= 5.04
|   |   |   |   |   |   |   |   |   |   |   |--- truncated branch of depth 3
|   |   |   |   |   |   |   |   |   |   |--- feature_13 >  5.04
|   |   |   |   |   |   |   |   |   |   |   |--- truncated branch of depth 6
|   |   |   |   |   |   |   |   |   |--- feature_1 >  59.00
|   |   |   |   |   |   |   |   |   |   |--- feature_1 <= 671.50
|   |   |   |   |   |   |   |   |   |   |   |--- truncated branch of depth 8
|   |   |   |   |   |   |   |   |   |   |--- feature_1 >  671.50
|   |   |   |   |   |   |   |   |   |   |   |--- truncated branch of depth 5
|   |   |   |   |   |   |--- feature_12 >  40.44
|   |   |   |   |   |   |   |--- feature_23 <= 0.05
|   |   |   |   |   |   |   |   |--- feature_40 <= 0.19
|   |   |   |   |   |   |   |   |   |--- feature_12 <= 59.85
|   |   |   |   |   |   |   |   |   |   |--- feature_9 <= 60.60
|   |   |   |   |   |   |   |   |   |   |   |--- truncated branch of depth 10
|   |   |   |   |   |   |   |   |   |   |--- feature_9 >  60.60
|   |   |   |   |   |   |   |   |   |   |   |--- class: positive
|   |   |   |   |   |   |   |   |   |--- feature_12 >  59.85
|   |   |   |   |   |   |   |   |   |   |--- feature_1 <= 929.00
|   |   |   |   |   |   |   |   |   |   |   |--- truncated branch of depth 2
|   |   |   |   |   |   |   |   |   |   |--- feature_1 >  929.00
|   |   |   |   |   |   |   |   |   |   |   |--- truncated branch of depth 2
|   |   |   |   |   |   |   |   |--- feature_40 >  0.19
|   |   |   |   |   |   |   |   |   |--- feature_39 <= 0.24
|   |   |   |   |   |   |   |   |   |   |--- feature_9 <= 13.95
|   |   |   |   |   |   |   |   |   |   |   |--- class: negative
|   |   |   |   |   |   |   |   |   |   |--- feature_9 >  13.95
|   |   |   |   |   |   |   |   |   |   |   |--- class: positive
|   |   |   |   |   |   |   |   |   |--- feature_39 >  0.24
|   |   |   |   |   |   |   |   |   |   |--- class: positive
|   |   |   |   |   |   |   |--- feature_23 >  0.05
|   |   |   |   |   |   |   |   |--- feature_23 <= 0.98
|   |   |   |   |   |   |   |   |   |--- class: positive
|   |   |   |   |   |   |   |   |--- feature_23 >  0.98
|   |   |   |   |   |   |   |   |   |--- feature_11 <= 9.40
|   |   |   |   |   |   |   |   |   |   |--- class: negative
|   |   |   |   |   |   |   |   |   |--- feature_11 >  9.40
|   |   |   |   |   |   |   |   |   |   |--- feature_7 <= 47.50
|   |   |   |   |   |   |   |   |   |   |   |--- truncated branch of depth 4
|   |   |   |   |   |   |   |   |   |   |--- feature_7 >  47.50
|   |   |   |   |   |   |   |   |   |   |   |--- class: positive
|   |   |   |   |   |--- feature_32 >  0.00
|   |   |   |   |   |   |--- feature_23 <= 0.99
|   |   |   |   |   |   |   |--- feature_1 <= 24176.50
|   |   |   |   |   |   |   |   |--- feature_7 <= 0.50
|   |   |   |   |   |   |   |   |   |--- feature_10 <= 125.29
|   |   |   |   |   |   |   |   |   |   |--- feature_49 <= 0.00
|   |   |   |   |   |   |   |   |   |   |   |--- truncated branch of depth 3
|   |   |   |   |   |   |   |   |   |   |--- feature_49 >  0.00
|   |   |   |   |   |   |   |   |   |   |   |--- truncated branch of depth 5
|   |   |   |   |   |   |   |   |   |--- feature_10 >  125.29
|   |   |   |   |   |   |   |   |   |   |--- class: positive
|   |   |   |   |   |   |   |   |--- feature_7 >  0.50
|   |   |   |   |   |   |   |   |   |--- feature_1 <= 17108.00
|   |   |   |   |   |   |   |   |   |   |--- feature_12 <= 65.72
|   |   |   |   |   |   |   |   |   |   |   |--- truncated branch of depth 9
|   |   |   |   |   |   |   |   |   |   |--- feature_12 >  65.72
|   |   |   |   |   |   |   |   |   |   |   |--- class: positive
|   |   |   |   |   |   |   |   |   |--- feature_1 >  17108.00
|   |   |   |   |   |   |   |   |   |   |--- feature_9 <= 10.09
|   |   |   |   |   |   |   |   |   |   |   |--- truncated branch of depth 2
|   |   |   |   |   |   |   |   |   |   |--- feature_9 >  10.09
|   |   |   |   |   |   |   |   |   |   |   |--- truncated branch of depth 4
|   |   |   |   |   |   |   |--- feature_1 >  24176.50
|   |   |   |   |   |   |   |   |--- feature_32 <= 0.94
|   |   |   |   |   |   |   |   |   |--- class: positive
|   |   |   |   |   |   |   |   |--- feature_32 >  0.94
|   |   |   |   |   |   |   |   |   |--- class: negative
|   |   |   |   |   |   |--- feature_23 >  0.99
|   |   |   |   |   |   |   |--- feature_12 <= 58.05
|   |   |   |   |   |   |   |   |--- feature_0 <= 1965.50
|   |   |   |   |   |   |   |   |   |--- feature_1 <= 16140.00
|   |   |   |   |   |   |   |   |   |   |--- feature_8 <= 4.50
|   |   |   |   |   |   |   |   |   |   |   |--- truncated branch of depth 2
|   |   |   |   |   |   |   |   |   |   |--- feature_8 >  4.50
|   |   |   |   |   |   |   |   |   |   |   |--- truncated branch of depth 2
|   |   |   |   |   |   |   |   |   |--- feature_1 >  16140.00
|   |   |   |   |   |   |   |   |   |   |--- class: negative
|   |   |   |   |   |   |   |   |--- feature_0 >  1965.50
|   |   |   |   |   |   |   |   |   |--- feature_11 <= 12.05
|   |   |   |   |   |   |   |   |   |   |--- class: negative
|   |   |   |   |   |   |   |   |   |--- feature_11 >  12.05
|   |   |   |   |   |   |   |   |   |   |--- feature_11 <= 25.45
|   |   |   |   |   |   |   |   |   |   |   |--- class: positive
|   |   |   |   |   |   |   |   |   |   |--- feature_11 >  25.45
|   |   |   |   |   |   |   |   |   |   |   |--- class: negative
|   |   |   |   |   |   |   |--- feature_12 >  58.05
|   |   |   |   |   |   |   |   |--- feature_10 <= 49.45
|   |   |   |   |   |   |   |   |   |--- feature_13 <= 7.50
|   |   |   |   |   |   |   |   |   |   |--- class: positive
|   |   |   |   |   |   |   |   |   |--- feature_13 >  7.50
|   |   |   |   |   |   |   |   |   |   |--- class: negative
|   |   |   |   |   |   |   |   |--- feature_10 >  49.45
|   |   |   |   |   |   |   |   |   |--- class: negative
|   |   |   |   |--- feature_17 >  0.00
|   |   |   |   |   |--- class: positive
|   |   |   |--- feature_17 >  1.00
|   |   |   |   |--- feature_7 <= 0.50
|   |   |   |   |   |--- feature_13 <= 4.99
|   |   |   |   |   |   |--- feature_47 <= 0.99
|   |   |   |   |   |   |   |--- feature_47 <= 0.01
|   |   |   |   |   |   |   |   |--- feature_13 <= 4.00
|   |   |   |   |   |   |   |   |   |--- feature_14 <= 1.50
|   |   |   |   |   |   |   |   |   |   |--- feature_0 <= 1927.50
|   |   |   |   |   |   |   |   |   |   |   |--- truncated branch of depth 3
|   |   |   |   |   |   |   |   |   |   |--- feature_0 >  1927.50
|   |   |   |   |   |   |   |   |   |   |   |--- truncated branch of depth 4
|   |   |   |   |   |   |   |   |   |--- feature_14 >  1.50
|   |   |   |   |   |   |   |   |   |   |--- feature_8 <= 3.50
|   |   |   |   |   |   |   |   |   |   |   |--- truncated branch of depth 6
|   |   |   |   |   |   |   |   |   |   |--- feature_8 >  3.50
|   |   |   |   |   |   |   |   |   |   |   |--- class: positive
|   |   |   |   |   |   |   |   |--- feature_13 >  4.00
|   |   |   |   |   |   |   |   |   |--- class: positive
|   |   |   |   |   |   |   |--- feature_47 >  0.01
|   |   |   |   |   |   |   |   |--- class: positive
|   |   |   |   |   |   |--- feature_47 >  0.99
|   |   |   |   |   |   |   |--- feature_11 <= 4.85
|   |   |   |   |   |   |   |   |--- feature_1 <= 162.50
|   |   |   |   |   |   |   |   |   |--- class: negative
|   |   |   |   |   |   |   |   |--- feature_1 >  162.50
|   |   |   |   |   |   |   |   |   |--- class: positive
|   |   |   |   |   |   |   |--- feature_11 >  4.85
|   |   |   |   |   |   |   |   |--- class: negative
|   |   |   |   |   |--- feature_13 >  4.99
|   |   |   |   |   |   |--- feature_11 <= 12.03
|   |   |   |   |   |   |   |--- feature_0 <= 1937.50
|   |   |   |   |   |   |   |   |--- class: negative
|   |   |   |   |   |   |   |--- feature_0 >  1937.50
|   |   |   |   |   |   |   |   |--- feature_1 <= 50.00
|   |   |   |   |   |   |   |   |   |--- feature_1 <= 38.00
|   |   |   |   |   |   |   |   |   |   |--- class: negative
|   |   |   |   |   |   |   |   |   |--- feature_1 >  38.00
|   |   |   |   |   |   |   |   |   |   |--- class: positive
|   |   |   |   |   |   |   |   |--- feature_1 >  50.00
|   |   |   |   |   |   |   |   |   |--- feature_0 <= 1938.50
|   |   |   |   |   |   |   |   |   |   |--- feature_9 <= 7.45
|   |   |   |   |   |   |   |   |   |   |   |--- class: positive
|   |   |   |   |   |   |   |   |   |   |--- feature_9 >  7.45
|   |   |   |   |   |   |   |   |   |   |   |--- class: negative
|   |   |   |   |   |   |   |   |   |--- feature_0 >  1938.50
|   |   |   |   |   |   |   |   |   |   |--- feature_0 <= 1957.50
|   |   |   |   |   |   |   |   |   |   |   |--- class: negative
|   |   |   |   |   |   |   |   |   |   |--- feature_0 >  1957.50
|   |   |   |   |   |   |   |   |   |   |   |--- truncated branch of depth 5
|   |   |   |   |   |   |--- feature_11 >  12.03
|   |   |   |   |   |   |   |--- feature_12 <= 37.80
|   |   |   |   |   |   |   |   |--- feature_13 <= 6.50
|   |   |   |   |   |   |   |   |   |--- class: positive
|   |   |   |   |   |   |   |   |--- feature_13 >  6.50
|   |   |   |   |   |   |   |   |   |--- feature_0 <= 1928.00
|   |   |   |   |   |   |   |   |   |   |--- class: positive
|   |   |   |   |   |   |   |   |   |--- feature_0 >  1928.00
|   |   |   |   |   |   |   |   |   |   |--- class: negative
|   |   |   |   |   |   |   |--- feature_12 >  37.80
|   |   |   |   |   |   |   |   |--- feature_47 <= 0.50
|   |   |   |   |   |   |   |   |   |--- class: negative
|   |   |   |   |   |   |   |   |--- feature_47 >  0.50
|   |   |   |   |   |   |   |   |   |--- class: positive
|   |   |   |   |--- feature_7 >  0.50
|   |   |   |   |   |--- feature_47 <= 0.01
|   |   |   |   |   |   |--- feature_7 <= 9.50
|   |   |   |   |   |   |   |--- feature_10 <= 30.41
|   |   |   |   |   |   |   |   |--- class: positive
|   |   |   |   |   |   |   |--- feature_10 >  30.41
|   |   |   |   |   |   |   |   |--- class: negative
|   |   |   |   |   |   |--- feature_7 >  9.50
|   |   |   |   |   |   |   |--- feature_50 <= 0.00
|   |   |   |   |   |   |   |   |--- feature_9 <= 8.15
|   |   |   |   |   |   |   |   |   |--- class: negative
|   |   |   |   |   |   |   |   |--- feature_9 >  8.15
|   |   |   |   |   |   |   |   |   |--- feature_12 <= 40.05
|   |   |   |   |   |   |   |   |   |   |--- feature_11 <= 11.47
|   |   |   |   |   |   |   |   |   |   |   |--- truncated branch of depth 6
|   |   |   |   |   |   |   |   |   |   |--- feature_11 >  11.47
|   |   |   |   |   |   |   |   |   |   |   |--- class: negative
|   |   |   |   |   |   |   |   |   |--- feature_12 >  40.05
|   |   |   |   |   |   |   |   |   |   |--- feature_9 <= 8.35
|   |   |   |   |   |   |   |   |   |   |   |--- class: positive
|   |   |   |   |   |   |   |   |   |   |--- feature_9 >  8.35
|   |   |   |   |   |   |   |   |   |   |   |--- truncated branch of depth 4
|   |   |   |   |   |   |   |--- feature_50 >  0.00
|   |   |   |   |   |   |   |   |--- feature_41 <= 0.11
|   |   |   |   |   |   |   |   |   |--- feature_9 <= 10.85
|   |   |   |   |   |   |   |   |   |   |--- class: negative
|   |   |   |   |   |   |   |   |   |--- feature_9 >  10.85
|   |   |   |   |   |   |   |   |   |   |--- feature_11 <= 7.75
|   |   |   |   |   |   |   |   |   |   |   |--- truncated branch of depth 2
|   |   |   |   |   |   |   |   |   |   |--- feature_11 >  7.75
|   |   |   |   |   |   |   |   |   |   |   |--- class: negative
|   |   |   |   |   |   |   |   |--- feature_41 >  0.11
|   |   |   |   |   |   |   |   |   |--- class: positive
|   |   |   |   |   |--- feature_47 >  0.01
|   |   |   |   |   |   |--- feature_47 <= 0.99
|   |   |   |   |   |   |   |--- class: positive
|   |   |   |   |   |   |--- feature_47 >  0.99
|   |   |   |   |   |   |   |--- feature_1 <= 100.50
|   |   |   |   |   |   |   |   |--- feature_13 <= 3.50
|   |   |   |   |   |   |   |   |   |--- class: negative
|   |   |   |   |   |   |   |   |--- feature_13 >  3.50
|   |   |   |   |   |   |   |   |   |--- feature_10 <= 8.40
|   |   |   |   |   |   |   |   |   |   |--- feature_9 <= 6.13
|   |   |   |   |   |   |   |   |   |   |   |--- truncated branch of depth 2
|   |   |   |   |   |   |   |   |   |   |--- feature_9 >  6.13
|   |   |   |   |   |   |   |   |   |   |   |--- class: positive
|   |   |   |   |   |   |   |   |   |--- feature_10 >  8.40
|   |   |   |   |   |   |   |   |   |   |--- feature_7 <= 7.50
|   |   |   |   |   |   |   |   |   |   |   |--- class: positive
|   |   |   |   |   |   |   |   |   |   |--- feature_7 >  7.50
|   |   |   |   |   |   |   |   |   |   |   |--- class: negative
|   |   |   |   |   |   |   |--- feature_1 >  100.50
|   |   |   |   |   |   |   |   |--- feature_9 <= 6.05
|   |   |   |   |   |   |   |   |   |--- feature_1 <= 1545.00
|   |   |   |   |   |   |   |   |   |   |--- class: positive
|   |   |   |   |   |   |   |   |   |--- feature_1 >  1545.00
|   |   |   |   |   |   |   |   |   |   |--- class: negative
|   |   |   |   |   |   |   |   |--- feature_9 >  6.05
|   |   |   |   |   |   |   |   |   |--- feature_13 <= 2.50
|   |   |   |   |   |   |   |   |   |   |--- feature_2 <= 4.00
|   |   |   |   |   |   |   |   |   |   |   |--- class: negative
|   |   |   |   |   |   |   |   |   |   |--- feature_2 >  4.00
|   |   |   |   |   |   |   |   |   |   |   |--- class: positive
|   |   |   |   |   |   |   |   |   |--- feature_13 >  2.50
|   |   |   |   |   |   |   |   |   |   |--- feature_2 <= 6.50
|   |   |   |   |   |   |   |   |   |   |   |--- class: negative
|   |   |   |   |   |   |   |   |   |   |--- feature_2 >  6.50
|   |   |   |   |   |   |   |   |   |   |   |--- truncated branch of depth 2
|   |   |--- feature_0 >  1972.50
|   |   |   |--- feature_12 <= 40.35
|   |   |   |   |--- feature_49 <= 0.93
|   |   |   |   |   |--- feature_49 <= 0.02
|   |   |   |   |   |   |--- feature_13 <= 7.86
|   |   |   |   |   |   |   |--- feature_7 <= 9.50
|   |   |   |   |   |   |   |   |--- feature_10 <= 22.40
|   |   |   |   |   |   |   |   |   |--- feature_1 <= 104.50
|   |   |   |   |   |   |   |   |   |   |--- feature_39 <= 0.92
|   |   |   |   |   |   |   |   |   |   |   |--- truncated branch of depth 3
|   |   |   |   |   |   |   |   |   |   |--- feature_39 >  0.92
|   |   |   |   |   |   |   |   |   |   |   |--- class: negative
|   |   |   |   |   |   |   |   |   |--- feature_1 >  104.50
|   |   |   |   |   |   |   |   |   |   |--- feature_12 <= 37.83
|   |   |   |   |   |   |   |   |   |   |   |--- truncated branch of depth 3
|   |   |   |   |   |   |   |   |   |   |--- feature_12 >  37.83
|   |   |   |   |   |   |   |   |   |   |   |--- class: positive
|   |   |   |   |   |   |   |   |--- feature_10 >  22.40
|   |   |   |   |   |   |   |   |   |--- class: negative
|   |   |   |   |   |   |   |--- feature_7 >  9.50
|   |   |   |   |   |   |   |   |--- feature_0 <= 1975.50
|   |   |   |   |   |   |   |   |   |--- feature_10 <= 12.36
|   |   |   |   |   |   |   |   |   |   |--- class: positive
|   |   |   |   |   |   |   |   |   |--- feature_10 >  12.36
|   |   |   |   |   |   |   |   |   |   |--- class: negative
|   |   |   |   |   |   |   |   |--- feature_0 >  1975.50
|   |   |   |   |   |   |   |   |   |--- class: negative
|   |   |   |   |   |   |--- feature_13 >  7.86
|   |   |   |   |   |   |   |--- feature_11 <= 3.85
|   |   |   |   |   |   |   |   |--- class: positive
|   |   |   |   |   |   |   |--- feature_11 >  3.85
|   |   |   |   |   |   |   |   |--- class: negative
|   |   |   |   |   |--- feature_49 >  0.02
|   |   |   |   |   |   |--- class: positive
|   |   |   |   |--- feature_49 >  0.93
|   |   |   |   |   |--- class: negative
|   |   |   |--- feature_12 >  40.35
|   |   |   |   |--- feature_1 <= 11646.50
|   |   |   |   |   |--- feature_24 <= 0.50
|   |   |   |   |   |   |--- class: negative
|   |   |   |   |   |--- feature_24 >  0.50
|   |   |   |   |   |   |--- feature_0 <= 1977.50
|   |   |   |   |   |   |   |--- class: positive
|   |   |   |   |   |   |--- feature_0 >  1977.50
|   |   |   |   |   |   |   |--- class: negative
|   |   |   |   |--- feature_1 >  11646.50
|   |   |   |   |   |--- feature_12 <= 54.56
|   |   |   |   |   |   |--- class: negative
|   |   |   |   |   |--- feature_12 >  54.56
|   |   |   |   |   |   |--- feature_8 <= 3.50
|   |   |   |   |   |   |   |--- class: positive
|   |   |   |   |   |   |--- feature_8 >  3.50
|   |   |   |   |   |   |   |--- class: negative
|   |--- feature_31 >  0.00
|   |   |--- class: positive
|--- feature_31 >  1.00
|   |--- feature_12 <= 44.11
|   |   |--- feature_0 <= 1986.50
|   |   |   |--- feature_39 <= 0.00
|   |   |   |   |--- feature_1 <= 2252.50
|   |   |   |   |   |--- feature_1 <= 106.50
|   |   |   |   |   |   |--- feature_8 <= 2.50
|   |   |   |   |   |   |   |--- feature_1 <= 52.00
|   |   |   |   |   |   |   |   |--- class: negative
|   |   |   |   |   |   |   |--- feature_1 >  52.00
|   |   |   |   |   |   |   |   |--- feature_22 <= 0.01
|   |   |   |   |   |   |   |   |   |--- feature_1 <= 65.00
|   |   |   |   |   |   |   |   |   |   |--- feature_24 <= 0.36
|   |   |   |   |   |   |   |   |   |   |   |--- class: negative
|   |   |   |   |   |   |   |   |   |   |--- feature_24 >  0.36
|   |   |   |   |   |   |   |   |   |   |   |--- class: positive
|   |   |   |   |   |   |   |   |   |--- feature_1 >  65.00
|   |   |   |   |   |   |   |   |   |   |--- class: negative
|   |   |   |   |   |   |   |   |--- feature_22 >  0.01
|   |   |   |   |   |   |   |   |   |--- feature_1 <= 86.50
|   |   |   |   |   |   |   |   |   |   |--- class: negative
|   |   |   |   |   |   |   |   |   |--- feature_1 >  86.50
|   |   |   |   |   |   |   |   |   |   |--- feature_10 <= 7.89
|   |   |   |   |   |   |   |   |   |   |   |--- truncated branch of depth 2
|   |   |   |   |   |   |   |   |   |   |--- feature_10 >  7.89
|   |   |   |   |   |   |   |   |   |   |   |--- class: positive
|   |   |   |   |   |   |--- feature_8 >  2.50
|   |   |   |   |   |   |   |--- class: negative
|   |   |   |   |   |--- feature_1 >  106.50
|   |   |   |   |   |   |--- feature_12 <= 40.51
|   |   |   |   |   |   |   |--- feature_17 <= 0.50
|   |   |   |   |   |   |   |   |--- feature_40 <= 0.00
|   |   |   |   |   |   |   |   |   |--- feature_7 <= 46.50
|   |   |   |   |   |   |   |   |   |   |--- feature_9 <= 9.75
|   |   |   |   |   |   |   |   |   |   |   |--- truncated branch of depth 5
|   |   |   |   |   |   |   |   |   |   |--- feature_9 >  9.75
|   |   |   |   |   |   |   |   |   |   |   |--- class: negative
|   |   |   |   |   |   |   |   |   |--- feature_7 >  46.50
|   |   |   |   |   |   |   |   |   |   |--- feature_2 <= 6.50
|   |   |   |   |   |   |   |   |   |   |   |--- class: negative
|   |   |   |   |   |   |   |   |   |   |--- feature_2 >  6.50
|   |   |   |   |   |   |   |   |   |   |   |--- class: positive
|   |   |   |   |   |   |   |   |--- feature_40 >  0.00
|   |   |   |   |   |   |   |   |   |--- feature_18 <= 0.27
|   |   |   |   |   |   |   |   |   |   |--- feature_0 <= 1965.50
|   |   |   |   |   |   |   |   |   |   |   |--- truncated branch of depth 2
|   |   |   |   |   |   |   |   |   |   |--- feature_0 >  1965.50
|   |   |   |   |   |   |   |   |   |   |   |--- truncated branch of depth 4
|   |   |   |   |   |   |   |   |   |--- feature_18 >  0.27
|   |   |   |   |   |   |   |   |   |   |--- class: positive
|   |   |   |   |   |   |   |--- feature_17 >  0.50
|   |   |   |   |   |   |   |   |--- feature_0 <= 1968.50
|   |   |   |   |   |   |   |   |   |--- feature_47 <= 0.14
|   |   |   |   |   |   |   |   |   |   |--- feature_1 <= 116.00
|   |   |   |   |   |   |   |   |   |   |   |--- truncated branch of depth 3
|   |   |   |   |   |   |   |   |   |   |--- feature_1 >  116.00
|   |   |   |   |   |   |   |   |   |   |   |--- class: negative
|   |   |   |   |   |   |   |   |   |--- feature_47 >  0.14
|   |   |   |   |   |   |   |   |   |   |--- feature_12 <= 39.71
|   |   |   |   |   |   |   |   |   |   |   |--- truncated branch of depth 3
|   |   |   |   |   |   |   |   |   |   |--- feature_12 >  39.71
|   |   |   |   |   |   |   |   |   |   |   |--- class: negative
|   |   |   |   |   |   |   |   |--- feature_0 >  1968.50
|   |   |   |   |   |   |   |   |   |--- class: negative
|   |   |   |   |   |   |--- feature_12 >  40.51
|   |   |   |   |   |   |   |--- feature_12 <= 44.01
|   |   |   |   |   |   |   |   |--- feature_11 <= 8.46
|   |   |   |   |   |   |   |   |   |--- feature_17 <= 0.50
|   |   |   |   |   |   |   |   |   |   |--- feature_21 <= 0.49
|   |   |   |   |   |   |   |   |   |   |   |--- class: negative
|   |   |   |   |   |   |   |   |   |   |--- feature_21 >  0.49
|   |   |   |   |   |   |   |   |   |   |   |--- class: positive
|   |   |   |   |   |   |   |   |   |--- feature_17 >  0.50
|   |   |   |   |   |   |   |   |   |   |--- class: positive
|   |   |   |   |   |   |   |   |--- feature_11 >  8.46
|   |   |   |   |   |   |   |   |   |--- feature_10 <= 25.14
|   |   |   |   |   |   |   |   |   |   |--- feature_47 <= 0.94
|   |   |   |   |   |   |   |   |   |   |   |--- class: positive
|   |   |   |   |   |   |   |   |   |   |--- feature_47 >  0.94
|   |   |   |   |   |   |   |   |   |   |   |--- class: negative
|   |   |   |   |   |   |   |   |   |--- feature_10 >  25.14
|   |   |   |   |   |   |   |   |   |   |--- class: positive
|   |   |   |   |   |   |   |--- feature_12 >  44.01
|   |   |   |   |   |   |   |   |--- feature_10 <= 7.60
|   |   |   |   |   |   |   |   |   |--- feature_7 <= 2.50
|   |   |   |   |   |   |   |   |   |   |--- class: positive
|   |   |   |   |   |   |   |   |   |--- feature_7 >  2.50
|   |   |   |   |   |   |   |   |   |   |--- class: negative
|   |   |   |   |   |   |   |   |--- feature_10 >  7.60
|   |   |   |   |   |   |   |   |   |--- class: negative
|   |   |   |   |--- feature_1 >  2252.50
|   |   |   |   |   |--- feature_2 <= 6.50
|   |   |   |   |   |   |--- feature_12 <= 25.20
|   |   |   |   |   |   |   |--- feature_18 <= 0.50
|   |   |   |   |   |   |   |   |--- class: negative
|   |   |   |   |   |   |   |--- feature_18 >  0.50
|   |   |   |   |   |   |   |   |--- class: positive
|   |   |   |   |   |   |--- feature_12 >  25.20
|   |   |   |   |   |   |   |--- feature_11 <= 6.91
|   |   |   |   |   |   |   |   |--- class: positive
|   |   |   |   |   |   |   |--- feature_11 >  6.91
|   |   |   |   |   |   |   |   |--- feature_13 <= 3.75
|   |   |   |   |   |   |   |   |   |--- feature_0 <= 1956.00
|   |   |   |   |   |   |   |   |   |   |--- class: positive
|   |   |   |   |   |   |   |   |   |--- feature_0 >  1956.00
|   |   |   |   |   |   |   |   |   |   |--- class: negative
|   |   |   |   |   |   |   |   |--- feature_13 >  3.75
|   |   |   |   |   |   |   |   |   |--- class: negative
|   |   |   |   |   |--- feature_2 >  6.50
|   |   |   |   |   |   |--- feature_1 <= 9143.00
|   |   |   |   |   |   |   |--- feature_47 <= 1.00
|   |   |   |   |   |   |   |   |--- feature_47 <= 0.00
|   |   |   |   |   |   |   |   |   |--- feature_12 <= 39.59
|   |   |   |   |   |   |   |   |   |   |--- feature_10 <= 41.85
|   |   |   |   |   |   |   |   |   |   |   |--- truncated branch of depth 2
|   |   |   |   |   |   |   |   |   |   |--- feature_10 >  41.85
|   |   |   |   |   |   |   |   |   |   |   |--- truncated branch of depth 2
|   |   |   |   |   |   |   |   |   |--- feature_12 >  39.59
|   |   |   |   |   |   |   |   |   |   |--- feature_12 <= 40.55
|   |   |   |   |   |   |   |   |   |   |   |--- class: negative
|   |   |   |   |   |   |   |   |   |   |--- feature_12 >  40.55
|   |   |   |   |   |   |   |   |   |   |   |--- truncated branch of depth 4
|   |   |   |   |   |   |   |   |--- feature_47 >  0.00
|   |   |   |   |   |   |   |   |   |--- class: positive
|   |   |   |   |   |   |   |--- feature_47 >  1.00
|   |   |   |   |   |   |   |   |--- feature_0 <= 1966.00
|   |   |   |   |   |   |   |   |   |--- class: negative
|   |   |   |   |   |   |   |   |--- feature_0 >  1966.00
|   |   |   |   |   |   |   |   |   |--- feature_0 <= 1973.50
|   |   |   |   |   |   |   |   |   |   |--- feature_9 <= 7.95
|   |   |   |   |   |   |   |   |   |   |   |--- class: negative
|   |   |   |   |   |   |   |   |   |   |--- feature_9 >  7.95
|   |   |   |   |   |   |   |   |   |   |   |--- class: positive
|   |   |   |   |   |   |   |   |   |--- feature_0 >  1973.50
|   |   |   |   |   |   |   |   |   |   |--- feature_9 <= 10.45
|   |   |   |   |   |   |   |   |   |   |   |--- truncated branch of depth 2
|   |   |   |   |   |   |   |   |   |   |--- feature_9 >  10.45
|   |   |   |   |   |   |   |   |   |   |   |--- class: negative
|   |   |   |   |   |   |--- feature_1 >  9143.00
|   |   |   |   |   |   |   |--- feature_1 <= 31702.00
|   |   |   |   |   |   |   |   |--- class: negative
|   |   |   |   |   |   |   |--- feature_1 >  31702.00
|   |   |   |   |   |   |   |   |--- class: positive
|   |   |   |--- feature_39 >  0.00
|   |   |   |   |--- feature_39 <= 1.00
|   |   |   |   |   |--- class: positive
|   |   |   |   |--- feature_39 >  1.00
|   |   |   |   |   |--- feature_11 <= 7.10
|   |   |   |   |   |   |--- feature_13 <= 7.99
|   |   |   |   |   |   |   |--- feature_1 <= 313.00
|   |   |   |   |   |   |   |   |--- feature_11 <= 6.01
|   |   |   |   |   |   |   |   |   |--- feature_14 <= 1.50
|   |   |   |   |   |   |   |   |   |   |--- feature_1 <= 116.00
|   |   |   |   |   |   |   |   |   |   |   |--- truncated branch of depth 2
|   |   |   |   |   |   |   |   |   |   |--- feature_1 >  116.00
|   |   |   |   |   |   |   |   |   |   |   |--- class: positive
|   |   |   |   |   |   |   |   |   |--- feature_14 >  1.50
|   |   |   |   |   |   |   |   |   |   |--- feature_10 <= 19.65
|   |   |   |   |   |   |   |   |   |   |   |--- class: negative
|   |   |   |   |   |   |   |   |   |   |--- feature_10 >  19.65
|   |   |   |   |   |   |   |   |   |   |   |--- truncated branch of depth 2
|   |   |   |   |   |   |   |   |--- feature_11 >  6.01
|   |   |   |   |   |   |   |   |   |--- feature_10 <= 22.65
|   |   |   |   |   |   |   |   |   |   |--- feature_11 <= 6.80
|   |   |   |   |   |   |   |   |   |   |   |--- truncated branch of depth 8
|   |   |   |   |   |   |   |   |   |   |--- feature_11 >  6.80
|   |   |   |   |   |   |   |   |   |   |   |--- truncated branch of depth 2
|   |   |   |   |   |   |   |   |   |--- feature_10 >  22.65
|   |   |   |   |   |   |   |   |   |   |--- class: negative
|   |   |   |   |   |   |   |--- feature_1 >  313.00
|   |   |   |   |   |   |   |   |--- feature_10 <= 17.15
|   |   |   |   |   |   |   |   |   |--- class: negative
|   |   |   |   |   |   |   |   |--- feature_10 >  17.15
|   |   |   |   |   |   |   |   |   |--- feature_10 <= 18.35
|   |   |   |   |   |   |   |   |   |   |--- feature_2 <= 4.50
|   |   |   |   |   |   |   |   |   |   |   |--- class: positive
|   |   |   |   |   |   |   |   |   |   |--- feature_2 >  4.50
|   |   |   |   |   |   |   |   |   |   |   |--- class: negative
|   |   |   |   |   |   |   |   |   |--- feature_10 >  18.35
|   |   |   |   |   |   |   |   |   |   |--- class: negative
|   |   |   |   |   |   |--- feature_13 >  7.99
|   |   |   |   |   |   |   |--- feature_10 <= 16.85
|   |   |   |   |   |   |   |   |--- feature_10 <= 16.55
|   |   |   |   |   |   |   |   |   |--- feature_0 <= 1984.50
|   |   |   |   |   |   |   |   |   |   |--- feature_2 <= 5.50
|   |   |   |   |   |   |   |   |   |   |   |--- class: negative
|   |   |   |   |   |   |   |   |   |   |--- feature_2 >  5.50
|   |   |   |   |   |   |   |   |   |   |   |--- truncated branch of depth 3
|   |   |   |   |   |   |   |   |   |--- feature_0 >  1984.50
|   |   |   |   |   |   |   |   |   |   |--- feature_11 <= 6.75
|   |   |   |   |   |   |   |   |   |   |   |--- class: negative
|   |   |   |   |   |   |   |   |   |   |--- feature_11 >  6.75
|   |   |   |   |   |   |   |   |   |   |   |--- class: positive
|   |   |   |   |   |   |   |   |--- feature_10 >  16.55
|   |   |   |   |   |   |   |   |   |--- class: positive
|   |   |   |   |   |   |   |--- feature_10 >  16.85
|   |   |   |   |   |   |   |   |--- class: negative
|   |   |   |   |   |--- feature_11 >  7.10
|   |   |   |   |   |   |--- feature_9 <= 13.12
|   |   |   |   |   |   |   |--- feature_12 <= 39.59
|   |   |   |   |   |   |   |   |--- feature_12 <= 36.00
|   |   |   |   |   |   |   |   |   |--- feature_9 <= 10.32
|   |   |   |   |   |   |   |   |   |   |--- feature_11 <= 7.18
|   |   |   |   |   |   |   |   |   |   |   |--- truncated branch of depth 3
|   |   |   |   |   |   |   |   |   |   |--- feature_11 >  7.18
|   |   |   |   |   |   |   |   |   |   |   |--- truncated branch of depth 5
|   |   |   |   |   |   |   |   |   |--- feature_9 >  10.32
|   |   |   |   |   |   |   |   |   |   |--- feature_1 <= 925.00
|   |   |   |   |   |   |   |   |   |   |   |--- truncated branch of depth 4
|   |   |   |   |   |   |   |   |   |   |--- feature_1 >  925.00
|   |   |   |   |   |   |   |   |   |   |   |--- truncated branch of depth 3
|   |   |   |   |   |   |   |   |--- feature_12 >  36.00
|   |   |   |   |   |   |   |   |   |--- feature_1 <= 207.50
|   |   |   |   |   |   |   |   |   |   |--- class: positive
|   |   |   |   |   |   |   |   |   |--- feature_1 >  207.50
|   |   |   |   |   |   |   |   |   |   |--- feature_0 <= 1965.50
|   |   |   |   |   |   |   |   |   |   |   |--- class: negative
|   |   |   |   |   |   |   |   |   |   |--- feature_0 >  1965.50
|   |   |   |   |   |   |   |   |   |   |   |--- truncated branch of depth 4
|   |   |   |   |   |   |   |--- feature_12 >  39.59
|   |   |   |   |   |   |   |   |--- feature_2 <= 6.50
|   |   |   |   |   |   |   |   |   |--- feature_13 <= 7.50
|   |   |   |   |   |   |   |   |   |   |--- class: negative
|   |   |   |   |   |   |   |   |   |--- feature_13 >  7.50
|   |   |   |   |   |   |   |   |   |   |--- feature_1 <= 7826.50
|   |   |   |   |   |   |   |   |   |   |   |--- truncated branch of depth 4
|   |   |   |   |   |   |   |   |   |   |--- feature_1 >  7826.50
|   |   |   |   |   |   |   |   |   |   |   |--- class: positive
|   |   |   |   |   |   |   |   |--- feature_2 >  6.50
|   |   |   |   |   |   |   |   |   |--- feature_7 <= 5.50
|   |   |   |   |   |   |   |   |   |   |--- class: negative
|   |   |   |   |   |   |   |   |   |--- feature_7 >  5.50
|   |   |   |   |   |   |   |   |   |   |--- feature_13 <= 4.88
|   |   |   |   |   |   |   |   |   |   |   |--- truncated branch of depth 2
|   |   |   |   |   |   |   |   |   |   |--- feature_13 >  4.88
|   |   |   |   |   |   |   |   |   |   |   |--- truncated branch of depth 4
|   |   |   |   |   |   |--- feature_9 >  13.12
|   |   |   |   |   |   |   |--- feature_13 <= 5.01
|   |   |   |   |   |   |   |   |--- feature_9 <= 13.40
|   |   |   |   |   |   |   |   |   |--- feature_1 <= 192.00
|   |   |   |   |   |   |   |   |   |   |--- class: positive
|   |   |   |   |   |   |   |   |   |--- feature_1 >  192.00
|   |   |   |   |   |   |   |   |   |   |--- class: negative
|   |   |   |   |   |   |   |   |--- feature_9 >  13.40
|   |   |   |   |   |   |   |   |   |--- feature_11 <= 7.18
|   |   |   |   |   |   |   |   |   |   |--- feature_11 <= 7.12
|   |   |   |   |   |   |   |   |   |   |   |--- truncated branch of depth 2
|   |   |   |   |   |   |   |   |   |   |--- feature_11 >  7.12
|   |   |   |   |   |   |   |   |   |   |   |--- class: positive
|   |   |   |   |   |   |   |   |   |--- feature_11 >  7.18
|   |   |   |   |   |   |   |   |   |   |--- feature_12 <= 37.80
|   |   |   |   |   |   |   |   |   |   |   |--- truncated branch of depth 5
|   |   |   |   |   |   |   |   |   |   |--- feature_12 >  37.80
|   |   |   |   |   |   |   |   |   |   |   |--- truncated branch of depth 5
|   |   |   |   |   |   |   |--- feature_13 >  5.01
|   |   |   |   |   |   |   |   |--- feature_13 <= 7.96
|   |   |   |   |   |   |   |   |   |--- feature_13 <= 6.94
|   |   |   |   |   |   |   |   |   |   |--- class: positive
|   |   |   |   |   |   |   |   |   |--- feature_13 >  6.94
|   |   |   |   |   |   |   |   |   |   |--- feature_13 <= 7.02
|   |   |   |   |   |   |   |   |   |   |   |--- truncated branch of depth 3
|   |   |   |   |   |   |   |   |   |   |--- feature_13 >  7.02
|   |   |   |   |   |   |   |   |   |   |   |--- class: positive
|   |   |   |   |   |   |   |   |--- feature_13 >  7.96
|   |   |   |   |   |   |   |   |   |--- feature_12 <= 31.05
|   |   |   |   |   |   |   |   |   |   |--- feature_11 <= 8.59
|   |   |   |   |   |   |   |   |   |   |   |--- truncated branch of depth 2
|   |   |   |   |   |   |   |   |   |   |--- feature_11 >  8.59
|   |   |   |   |   |   |   |   |   |   |   |--- truncated branch of depth 3
|   |   |   |   |   |   |   |   |   |--- feature_12 >  31.05
|   |   |   |   |   |   |   |   |   |   |--- feature_0 <= 1976.50
|   |   |   |   |   |   |   |   |   |   |   |--- truncated branch of depth 3
|   |   |   |   |   |   |   |   |   |   |--- feature_0 >  1976.50
|   |   |   |   |   |   |   |   |   |   |   |--- truncated branch of depth 6
|   |   |--- feature_0 >  1986.50
|   |   |   |--- feature_11 <= 7.31
|   |   |   |   |--- feature_21 <= 0.02
|   |   |   |   |   |--- feature_13 <= 4.97
|   |   |   |   |   |   |--- feature_0 <= 1987.50
|   |   |   |   |   |   |   |--- feature_7 <= 5.00
|   |   |   |   |   |   |   |   |--- class: negative
|   |   |   |   |   |   |   |--- feature_7 >  5.00
|   |   |   |   |   |   |   |   |--- class: positive
|   |   |   |   |   |   |--- feature_0 >  1987.50
|   |   |   |   |   |   |   |--- feature_13 <= 4.47
|   |   |   |   |   |   |   |   |--- class: negative
|   |   |   |   |   |   |   |--- feature_13 >  4.47
|   |   |   |   |   |   |   |   |--- class: positive
|   |   |   |   |   |--- feature_13 >  4.97
|   |   |   |   |   |   |--- feature_1 <= 314.00
|   |   |   |   |   |   |   |--- class: negative
|   |   |   |   |   |   |--- feature_1 >  314.00
|   |   |   |   |   |   |   |--- feature_1 <= 320.50
|   |   |   |   |   |   |   |   |--- feature_39 <= 0.50
|   |   |   |   |   |   |   |   |   |--- class: negative
|   |   |   |   |   |   |   |   |--- feature_39 >  0.50
|   |   |   |   |   |   |   |   |   |--- class: positive
|   |   |   |   |   |   |   |--- feature_1 >  320.50
|   |   |   |   |   |   |   |   |--- class: negative
|   |   |   |   |--- feature_21 >  0.02
|   |   |   |   |   |--- feature_21 <= 0.97
|   |   |   |   |   |   |--- class: positive
|   |   |   |   |   |--- feature_21 >  0.97
|   |   |   |   |   |   |--- feature_11 <= 6.90
|   |   |   |   |   |   |   |--- class: positive
|   |   |   |   |   |   |--- feature_11 >  6.90
|   |   |   |   |   |   |   |--- class: negative
|   |   |   |--- feature_11 >  7.31
|   |   |   |   |--- feature_39 <= 0.01
|   |   |   |   |   |--- feature_1 <= 1601.00
|   |   |   |   |   |   |--- feature_1 <= 52.50
|   |   |   |   |   |   |   |--- feature_18 <= 0.30
|   |   |   |   |   |   |   |   |--- class: negative
|   |   |   |   |   |   |   |--- feature_18 >  0.30
|   |   |   |   |   |   |   |   |--- feature_1 <= 43.00
|   |   |   |   |   |   |   |   |   |--- class: negative
|   |   |   |   |   |   |   |   |--- feature_1 >  43.00
|   |   |   |   |   |   |   |   |   |--- class: positive
|   |   |   |   |   |   |--- feature_1 >  52.50
|   |   |   |   |   |   |   |--- feature_0 <= 2006.50
|   |   |   |   |   |   |   |   |--- class: negative
|   |   |   |   |   |   |   |--- feature_0 >  2006.50
|   |   |   |   |   |   |   |   |--- feature_2 <= 8.00
|   |   |   |   |   |   |   |   |   |--- class: negative
|   |   |   |   |   |   |   |   |--- feature_2 >  8.00
|   |   |   |   |   |   |   |   |   |--- class: positive
|   |   |   |   |   |--- feature_1 >  1601.00
|   |   |   |   |   |   |--- feature_1 <= 1628.00
|   |   |   |   |   |   |   |--- class: positive
|   |   |   |   |   |   |--- feature_1 >  1628.00
|   |   |   |   |   |   |   |--- feature_2 <= 8.50
|   |   |   |   |   |   |   |   |--- feature_10 <= 231.49
|   |   |   |   |   |   |   |   |   |--- class: negative
|   |   |   |   |   |   |   |   |--- feature_10 >  231.49
|   |   |   |   |   |   |   |   |   |--- feature_1 <= 7728.00
|   |   |   |   |   |   |   |   |   |   |--- class: negative
|   |   |   |   |   |   |   |   |   |--- feature_1 >  7728.00
|   |   |   |   |   |   |   |   |   |   |--- class: positive
|   |   |   |   |   |   |   |--- feature_2 >  8.50
|   |   |   |   |   |   |   |   |--- feature_10 <= 25.08
|   |   |   |   |   |   |   |   |   |--- feature_11 <= 12.55
|   |   |   |   |   |   |   |   |   |   |--- class: negative
|   |   |   |   |   |   |   |   |   |--- feature_11 >  12.55
|   |   |   |   |   |   |   |   |   |   |--- feature_11 <= 17.25
|   |   |   |   |   |   |   |   |   |   |   |--- truncated branch of depth 3
|   |   |   |   |   |   |   |   |   |   |--- feature_11 >  17.25
|   |   |   |   |   |   |   |   |   |   |   |--- class: negative
|   |   |   |   |   |   |   |   |--- feature_10 >  25.08
|   |   |   |   |   |   |   |   |   |--- class: negative
|   |   |   |   |--- feature_39 >  0.01
|   |   |   |   |   |--- feature_39 <= 1.00
|   |   |   |   |   |   |--- class: positive
|   |   |   |   |   |--- feature_39 >  1.00
|   |   |   |   |   |   |--- feature_13 <= 6.53
|   |   |   |   |   |   |   |--- feature_11 <= 8.29
|   |   |   |   |   |   |   |   |--- feature_10 <= 14.45
|   |   |   |   |   |   |   |   |   |--- feature_0 <= 2001.50
|   |   |   |   |   |   |   |   |   |   |--- feature_1 <= 343.50
|   |   |   |   |   |   |   |   |   |   |   |--- class: positive
|   |   |   |   |   |   |   |   |   |   |--- feature_1 >  343.50
|   |   |   |   |   |   |   |   |   |   |   |--- class: negative
|   |   |   |   |   |   |   |   |   |--- feature_0 >  2001.50
|   |   |   |   |   |   |   |   |   |   |--- class: negative
|   |   |   |   |   |   |   |   |--- feature_10 >  14.45
|   |   |   |   |   |   |   |   |   |--- class: negative
|   |   |   |   |   |   |   |--- feature_11 >  8.29
|   |   |   |   |   |   |   |   |--- feature_12 <= 20.95
|   |   |   |   |   |   |   |   |   |--- class: positive
|   |   |   |   |   |   |   |   |--- feature_12 >  20.95
|   |   |   |   |   |   |   |   |   |--- feature_12 <= 41.29
|   |   |   |   |   |   |   |   |   |   |--- class: negative
|   |   |   |   |   |   |   |   |   |--- feature_12 >  41.29
|   |   |   |   |   |   |   |   |   |   |--- feature_9 <= 12.04
|   |   |   |   |   |   |   |   |   |   |   |--- class: negative
|   |   |   |   |   |   |   |   |   |   |--- feature_9 >  12.04
|   |   |   |   |   |   |   |   |   |   |   |--- class: positive
|   |   |   |   |   |   |--- feature_13 >  6.53
|   |   |   |   |   |   |   |--- class: negative
|   |--- feature_12 >  44.11
|   |   |--- feature_11 <= 8.50
|   |   |   |--- feature_24 <= 0.13
|   |   |   |   |--- feature_11 <= 7.31
|   |   |   |   |   |--- class: negative
|   |   |   |   |--- feature_11 >  7.31
|   |   |   |   |   |--- feature_13 <= 7.57
|   |   |   |   |   |   |--- feature_13 <= 5.06
|   |   |   |   |   |   |   |--- feature_12 <= 53.14
|   |   |   |   |   |   |   |   |--- feature_8 <= 2.50
|   |   |   |   |   |   |   |   |   |--- feature_2 <= 9.50
|   |   |   |   |   |   |   |   |   |   |--- class: positive
|   |   |   |   |   |   |   |   |   |--- feature_2 >  9.50
|   |   |   |   |   |   |   |   |   |   |--- class: negative
|   |   |   |   |   |   |   |   |--- feature_8 >  2.50
|   |   |   |   |   |   |   |   |   |--- class: negative
|   |   |   |   |   |   |   |--- feature_12 >  53.14
|   |   |   |   |   |   |   |   |--- feature_9 <= 20.20
|   |   |   |   |   |   |   |   |   |--- class: negative
|   |   |   |   |   |   |   |   |--- feature_9 >  20.20
|   |   |   |   |   |   |   |   |   |--- feature_2 <= 7.50
|   |   |   |   |   |   |   |   |   |   |--- feature_1 <= 192.50
|   |   |   |   |   |   |   |   |   |   |   |--- class: positive
|   |   |   |   |   |   |   |   |   |   |--- feature_1 >  192.50
|   |   |   |   |   |   |   |   |   |   |   |--- class: negative
|   |   |   |   |   |   |   |   |   |--- feature_2 >  7.50
|   |   |   |   |   |   |   |   |   |   |--- class: positive
|   |   |   |   |   |   |--- feature_13 >  5.06
|   |   |   |   |   |   |   |--- feature_9 <= 11.72
|   |   |   |   |   |   |   |   |--- class: negative
|   |   |   |   |   |   |   |--- feature_9 >  11.72
|   |   |   |   |   |   |   |   |--- feature_49 <= 0.98
|   |   |   |   |   |   |   |   |   |--- class: positive
|   |   |   |   |   |   |   |   |--- feature_49 >  0.98
|   |   |   |   |   |   |   |   |   |--- class: negative
|   |   |   |   |   |--- feature_13 >  7.57
|   |   |   |   |   |   |--- feature_1 <= 722.00
|   |   |   |   |   |   |   |--- class: negative
|   |   |   |   |   |   |--- feature_1 >  722.00
|   |   |   |   |   |   |   |--- feature_2 <= 4.50
|   |   |   |   |   |   |   |   |--- class: positive
|   |   |   |   |   |   |   |--- feature_2 >  4.50
|   |   |   |   |   |   |   |   |--- feature_20 <= 0.12
|   |   |   |   |   |   |   |   |   |--- feature_1 <= 6117.50
|   |   |   |   |   |   |   |   |   |   |--- class: negative
|   |   |   |   |   |   |   |   |   |--- feature_1 >  6117.50
|   |   |   |   |   |   |   |   |   |   |--- feature_10 <= 67.00
|   |   |   |   |   |   |   |   |   |   |   |--- class: positive
|   |   |   |   |   |   |   |   |   |   |--- feature_10 >  67.00
|   |   |   |   |   |   |   |   |   |   |   |--- class: negative
|   |   |   |   |   |   |   |   |--- feature_20 >  0.12
|   |   |   |   |   |   |   |   |   |--- feature_20 <= 0.82
|   |   |   |   |   |   |   |   |   |   |--- class: positive
|   |   |   |   |   |   |   |   |   |--- feature_20 >  0.82
|   |   |   |   |   |   |   |   |   |   |--- class: negative
|   |   |   |--- feature_24 >  0.13
|   |   |   |   |--- feature_24 <= 1.00
|   |   |   |   |   |--- class: positive
|   |   |   |   |--- feature_24 >  1.00
|   |   |   |   |   |--- feature_10 <= 23.75
|   |   |   |   |   |   |--- class: negative
|   |   |   |   |   |--- feature_10 >  23.75
|   |   |   |   |   |   |--- feature_1 <= 80.00
|   |   |   |   |   |   |   |--- class: negative
|   |   |   |   |   |   |--- feature_1 >  80.00
|   |   |   |   |   |   |   |--- class: positive
|   |   |--- feature_11 >  8.50
|   |   |   |--- feature_21 <= 1.00
|   |   |   |   |--- feature_21 <= 0.00
|   |   |   |   |   |--- feature_47 <= 1.00
|   |   |   |   |   |   |--- feature_47 <= 0.00
|   |   |   |   |   |   |   |--- feature_10 <= 22.25
|   |   |   |   |   |   |   |   |--- feature_12 <= 53.71
|   |   |   |   |   |   |   |   |   |--- feature_9 <= 13.58
|   |   |   |   |   |   |   |   |   |   |--- feature_10 <= 14.60
|   |   |   |   |   |   |   |   |   |   |   |--- truncated branch of depth 3
|   |   |   |   |   |   |   |   |   |   |--- feature_10 >  14.60
|   |   |   |   |   |   |   |   |   |   |   |--- class: positive
|   |   |   |   |   |   |   |   |   |--- feature_9 >  13.58
|   |   |   |   |   |   |   |   |   |   |--- feature_12 <= 48.15
|   |   |   |   |   |   |   |   |   |   |   |--- truncated branch of depth 2
|   |   |   |   |   |   |   |   |   |   |--- feature_12 >  48.15
|   |   |   |   |   |   |   |   |   |   |   |--- class: negative
|   |   |   |   |   |   |   |   |--- feature_12 >  53.71
|   |   |   |   |   |   |   |   |   |--- feature_10 <= 14.75
|   |   |   |   |   |   |   |   |   |   |--- class: negative
|   |   |   |   |   |   |   |   |   |--- feature_10 >  14.75
|   |   |   |   |   |   |   |   |   |   |--- feature_1 <= 4222.00
|   |   |   |   |   |   |   |   |   |   |   |--- truncated branch of depth 2
|   |   |   |   |   |   |   |   |   |   |--- feature_1 >  4222.00
|   |   |   |   |   |   |   |   |   |   |   |--- truncated branch of depth 4
|   |   |   |   |   |   |   |--- feature_10 >  22.25
|   |   |   |   |   |   |   |   |--- feature_23 <= 1.00
|   |   |   |   |   |   |   |   |   |--- feature_23 <= 0.00
|   |   |   |   |   |   |   |   |   |   |--- feature_7 <= 0.50
|   |   |   |   |   |   |   |   |   |   |   |--- truncated branch of depth 4
|   |   |   |   |   |   |   |   |   |   |--- feature_7 >  0.50
|   |   |   |   |   |   |   |   |   |   |   |--- truncated branch of depth 12
|   |   |   |   |   |   |   |   |   |--- feature_23 >  0.00
|   |   |   |   |   |   |   |   |   |   |--- class: positive
|   |   |   |   |   |   |   |   |--- feature_23 >  1.00
|   |   |   |   |   |   |   |   |   |--- feature_1 <= 4042.50
|   |   |   |   |   |   |   |   |   |   |--- class: negative
|   |   |   |   |   |   |   |   |   |--- feature_1 >  4042.50
|   |   |   |   |   |   |   |   |   |   |--- feature_1 <= 11874.50
|   |   |   |   |   |   |   |   |   |   |   |--- truncated branch of depth 9
|   |   |   |   |   |   |   |   |   |   |--- feature_1 >  11874.50
|   |   |   |   |   |   |   |   |   |   |   |--- truncated branch of depth 3
|   |   |   |   |   |   |--- feature_47 >  0.00
|   |   |   |   |   |   |   |--- class: positive
|   |   |   |   |   |--- feature_47 >  1.00
|   |   |   |   |   |   |--- feature_1 <= 3032.50
|   |   |   |   |   |   |   |--- feature_1 <= 2806.50
|   |   |   |   |   |   |   |   |--- feature_12 <= 52.13
|   |   |   |   |   |   |   |   |   |--- feature_11 <= 9.28
|   |   |   |   |   |   |   |   |   |   |--- class: positive
|   |   |   |   |   |   |   |   |   |--- feature_11 >  9.28
|   |   |   |   |   |   |   |   |   |   |--- feature_0 <= 1962.50
|   |   |   |   |   |   |   |   |   |   |   |--- class: negative
|   |   |   |   |   |   |   |   |   |   |--- feature_0 >  1962.50
|   |   |   |   |   |   |   |   |   |   |   |--- truncated branch of depth 3
|   |   |   |   |   |   |   |   |--- feature_12 >  52.13
|   |   |   |   |   |   |   |   |   |--- feature_13 <= 5.75
|   |   |   |   |   |   |   |   |   |   |--- class: negative
|   |   |   |   |   |   |   |   |   |--- feature_13 >  5.75
|   |   |   |   |   |   |   |   |   |   |--- feature_7 <= 29.50
|   |   |   |   |   |   |   |   |   |   |   |--- truncated branch of depth 11
|   |   |   |   |   |   |   |   |   |   |--- feature_7 >  29.50
|   |   |   |   |   |   |   |   |   |   |   |--- truncated branch of depth 4
|   |   |   |   |   |   |   |--- feature_1 >  2806.50
|   |   |   |   |   |   |   |   |--- feature_10 <= 24.15
|   |   |   |   |   |   |   |   |   |--- class: negative
|   |   |   |   |   |   |   |   |--- feature_10 >  24.15
|   |   |   |   |   |   |   |   |   |--- feature_0 <= 1986.00
|   |   |   |   |   |   |   |   |   |   |--- feature_0 <= 1984.50
|   |   |   |   |   |   |   |   |   |   |   |--- truncated branch of depth 3
|   |   |   |   |   |   |   |   |   |   |--- feature_0 >  1984.50
|   |   |   |   |   |   |   |   |   |   |   |--- class: negative
|   |   |   |   |   |   |   |   |   |--- feature_0 >  1986.00
|   |   |   |   |   |   |   |   |   |   |--- class: positive
|   |   |   |   |   |   |--- feature_1 >  3032.50
|   |   |   |   |   |   |   |--- feature_11 <= 13.79
|   |   |   |   |   |   |   |   |--- feature_1 <= 3627.50
|   |   |   |   |   |   |   |   |   |--- class: negative
|   |   |   |   |   |   |   |   |--- feature_1 >  3627.50
|   |   |   |   |   |   |   |   |   |--- feature_13 <= 7.50
|   |   |   |   |   |   |   |   |   |   |--- class: negative
|   |   |   |   |   |   |   |   |   |--- feature_13 >  7.50
|   |   |   |   |   |   |   |   |   |   |--- feature_1 <= 4594.00
|   |   |   |   |   |   |   |   |   |   |   |--- truncated branch of depth 9
|   |   |   |   |   |   |   |   |   |   |--- feature_1 >  4594.00
|   |   |   |   |   |   |   |   |   |   |   |--- truncated branch of depth 8
|   |   |   |   |   |   |   |--- feature_11 >  13.79
|   |   |   |   |   |   |   |   |--- feature_0 <= 1937.00
|   |   |   |   |   |   |   |   |   |--- class: positive
|   |   |   |   |   |   |   |   |--- feature_0 >  1937.00
|   |   |   |   |   |   |   |   |   |--- feature_1 <= 4836.00
|   |   |   |   |   |   |   |   |   |   |--- feature_7 <= 17.50
|   |   |   |   |   |   |   |   |   |   |   |--- class: negative
|   |   |   |   |   |   |   |   |   |   |--- feature_7 >  17.50
|   |   |   |   |   |   |   |   |   |   |   |--- truncated branch of depth 2
|   |   |   |   |   |   |   |   |   |--- feature_1 >  4836.00
|   |   |   |   |   |   |   |   |   |   |--- class: negative
|   |   |   |   |--- feature_21 >  0.00
|   |   |   |   |   |--- class: positive
|   |   |   |--- feature_21 >  1.00
|   |   |   |   |--- feature_11 <= 12.35
|   |   |   |   |   |--- feature_9 <= 14.70
|   |   |   |   |   |   |--- feature_7 <= 12.50
|   |   |   |   |   |   |   |--- feature_1 <= 2639.50
|   |   |   |   |   |   |   |   |--- feature_1 <= 1202.50
|   |   |   |   |   |   |   |   |   |--- class: negative
|   |   |   |   |   |   |   |   |--- feature_1 >  1202.50
|   |   |   |   |   |   |   |   |   |--- class: positive
|   |   |   |   |   |   |   |--- feature_1 >  2639.50
|   |   |   |   |   |   |   |   |--- class: negative
|   |   |   |   |   |   |--- feature_7 >  12.50
|   |   |   |   |   |   |   |--- class: negative
|   |   |   |   |   |--- feature_9 >  14.70
|   |   |   |   |   |   |--- feature_9 <= 17.84
|   |   |   |   |   |   |   |--- feature_8 <= 3.50
|   |   |   |   |   |   |   |   |--- feature_0 <= 1987.50
|   |   |   |   |   |   |   |   |   |--- feature_2 <= 5.50
|   |   |   |   |   |   |   |   |   |   |--- feature_0 <= 1948.50
|   |   |   |   |   |   |   |   |   |   |   |--- class: positive
|   |   |   |   |   |   |   |   |   |   |--- feature_0 >  1948.50
|   |   |   |   |   |   |   |   |   |   |   |--- class: negative
|   |   |   |   |   |   |   |   |   |--- feature_2 >  5.50
|   |   |   |   |   |   |   |   |   |   |--- class: positive
|   |   |   |   |   |   |   |   |--- feature_0 >  1987.50
|   |   |   |   |   |   |   |   |   |--- feature_12 <= 54.90
|   |   |   |   |   |   |   |   |   |   |--- class: positive
|   |   |   |   |   |   |   |   |   |--- feature_12 >  54.90
|   |   |   |   |   |   |   |   |   |   |--- class: negative
|   |   |   |   |   |   |   |--- feature_8 >  3.50
|   |   |   |   |   |   |   |   |--- class: negative
|   |   |   |   |   |   |--- feature_9 >  17.84
|   |   |   |   |   |   |   |--- feature_12 <= 57.86
|   |   |   |   |   |   |   |   |--- class: negative
|   |   |   |   |   |   |   |--- feature_12 >  57.86
|   |   |   |   |   |   |   |   |--- feature_1 <= 4025.50
|   |   |   |   |   |   |   |   |   |--- feature_7 <= 27.50
|   |   |   |   |   |   |   |   |   |   |--- feature_8 <= 2.50
|   |   |   |   |   |   |   |   |   |   |   |--- class: negative
|   |   |   |   |   |   |   |   |   |   |--- feature_8 >  2.50
|   |   |   |   |   |   |   |   |   |   |   |--- class: positive
|   |   |   |   |   |   |   |   |   |--- feature_7 >  27.50
|   |   |   |   |   |   |   |   |   |   |--- class: negative
|   |   |   |   |   |   |   |   |--- feature_1 >  4025.50
|   |   |   |   |   |   |   |   |   |--- class: negative
|   |   |   |   |--- feature_11 >  12.35
|   |   |   |   |   |--- feature_12 <= 56.25
|   |   |   |   |   |   |--- feature_0 <= 1983.50
|   |   |   |   |   |   |   |--- feature_9 <= 13.75
|   |   |   |   |   |   |   |   |--- class: negative
|   |   |   |   |   |   |   |--- feature_9 >  13.75
|   |   |   |   |   |   |   |   |--- feature_7 <= 24.00
|   |   |   |   |   |   |   |   |   |--- feature_49 <= 0.88
|   |   |   |   |   |   |   |   |   |   |--- class: positive
|   |   |   |   |   |   |   |   |   |--- feature_49 >  0.88
|   |   |   |   |   |   |   |   |   |   |--- class: negative
|   |   |   |   |   |   |   |   |--- feature_7 >  24.00
|   |   |   |   |   |   |   |   |   |--- class: positive
|   |   |   |   |   |   |--- feature_0 >  1983.50
|   |   |   |   |   |   |   |--- class: negative
|   |   |   |   |   |--- feature_12 >  56.25
|   |   |   |   |   |   |--- feature_13 <= 7.50
|   |   |   |   |   |   |   |--- feature_13 <= 6.00
|   |   |   |   |   |   |   |   |--- class: negative
|   |   |   |   |   |   |   |--- feature_13 >  6.00
|   |   |   |   |   |   |   |   |--- feature_7 <= 10.00
|   |   |   |   |   |   |   |   |   |--- class: positive
|   |   |   |   |   |   |   |   |--- feature_7 >  10.00
|   |   |   |   |   |   |   |   |   |--- class: negative
|   |   |   |   |   |   |--- feature_13 >  7.50
|   |   |   |   |   |   |   |--- class: negative
