|--- feature_6 <= -84.79
|   |--- feature_12 <= 40.49
|   |   |--- feature_17 <= 1.00
|   |   |   |--- feature_17 <= 0.00
|   |   |   |   |--- feature_22 <= 1.00
|   |   |   |   |   |--- feature_22 <= 0.00
|   |   |   |   |   |   |--- feature_31 <= 1.00
|   |   |   |   |   |   |   |--- feature_31 <= 0.00
|   |   |   |   |   |   |   |   |--- feature_1 <= 108.50
|   |   |   |   |   |   |   |   |   |--- feature_12 <= 12.15
|   |   |   |   |   |   |   |   |   |   |--- feature_11 <= 4.65
|   |   |   |   |   |   |   |   |   |   |   |--- class: negative
|   |   |   |   |   |   |   |   |   |   |--- feature_11 >  4.65
|   |   |   |   |   |   |   |   |   |   |   |--- truncated branch of depth 2
|   |   |   |   |   |   |   |   |   |--- feature_12 >  12.15
|   |   |   |   |   |   |   |   |   |   |--- feature_5 <= 40.67
|   |   |   |   |   |   |   |   |   |   |   |--- truncated branch of depth 3
|   |   |   |   |   |   |   |   |   |   |--- feature_5 >  40.67
|   |   |   |   |   |   |   |   |   |   |   |--- truncated branch of depth 5
|   |   |   |   |   |   |   |   |--- feature_1 >  108.50
|   |   |   |   |   |   |   |   |   |--- feature_11 <= 8.39
|   |   |   |   |   |   |   |   |   |   |--- feature_29 <= 0.99
|   |   |   |   |   |   |   |   |   |   |   |--- truncated branch of depth 13
|   |   |   |   |   |   |   |   |   |   |--- feature_29 >  0.99
|   |   |   |   |   |   |   |   |   |   |   |--- truncated branch of depth 4
|   |   |   |   |   |   |   |   |   |--- feature_11 >  8.39
|   |   |   |   |   |   |   |   |   |   |--- feature_10 <= 19.15
|   |   |   |   |   |   |   |   |   |   |   |--- class: negative
|   |   |   |   |   |   |   |   |   |   |--- feature_10 >  19.15
|   |   |   |   |   |   |   |   |   |   |   |--- truncated branch of depth 3
|   |   |   |   |   |   |   |--- feature_31 >  0.00
|   |   |   |   |   |   |   |   |--- class: positive
|   |   |   |   |   |   |--- feature_31 >  1.00
|   |   |   |   |   |   |   |--- feature_39 <= 0.01
|   |   |   |   |   |   |   |   |--- class: negative
|   |   |   |   |   |   |   |--- feature_39 >  0.01
|   |   |   |   |   |   |   |   |--- feature_39 <= 0.99
|   |   |   |   |   |   |   |   |   |--- class: positive
|   |   |   |   |   |   |   |   |--- feature_39 >  0.99
|   |   |   |   |   |   |   |   |   |--- feature_13 <= 8.00
|   |   |   |   |   |   |   |   |   |   |--- feature_12 <= 32.60
|   |   |   |   |   |   |   |   |   |   |   |--- truncated branch of depth 8
|   |   |   |   |   |   |   |   |   |   |--- feature_12 >  32.60
|   |   |   |   |   |   |   |   |   |   |   |--- truncated branch of depth 9
|   |   |   |   |   |   |   |   |   |--- feature_13 >  8.00
|   |   |   |   |   |   |   |   |   |   |--- feature_5 <= 41.42
|   |   |   |   |   |   |   |   |   |   |   |--- truncated branch of depth 6
|   |   |   |   |   |   |   |   |   |   |--- feature_5 >  41.42
|   |   |   |   |   |   |   |   |   |   |   |--- truncated branch of depth 3
|   |   |   |   |   |--- feature_22 >  0.00
|   |   |   |   |   |   |--- class: positive
|   |   |   |   |--- feature_22 >  1.00
|   |   |   |   |   |--- feature_5 <= 39.18
|   |   |   |   |   |   |--- feature_13 <= 5.00
|   |   |   |   |   |   |   |--- feature_13 <= 4.01
|   |   |   |   |   |   |   |   |--- feature_9 <= 7.35
|   |   |   |   |   |   |   |   |   |--- class: negative
|   |   |   |   |   |   |   |   |--- feature_9 >  7.35
|   |   |   |   |   |   |   |   |   |--- feature_52 <= 0.77
|   |   |   |   |   |   |   |   |   |   |--- feature_7 <= 2.50
|   |   |   |   |   |   |   |   |   |   |   |--- truncated branch of depth 12
|   |   |   |   |   |   |   |   |   |   |--- feature_7 >  2.50
|   |   |   |   |   |   |   |   |   |   |   |--- class: negative
|   |   |   |   |   |   |   |   |   |--- feature_52 >  0.77
|   |   |   |   |   |   |   |   |   |   |--- class: negative
|   |   |   |   |   |   |   |--- feature_13 >  4.01
|   |   |   |   |   |   |   |   |--- class: positive
|   |   |   |   |   |   |--- feature_13 >  5.00
|   |   |   |   |   |   |   |--- feature_12 <= 33.75
|   |   |   |   |   |   |   |   |--- feature_12 <= 21.65
|   |   |   |   |   |   |   |   |   |--- feature_13 <= 5.27
|   |   |   |   |   |   |   |   |   |   |--- class: negative
|   |   |   |   |   |   |   |   |   |--- feature_13 >  5.27
|   |   |   |   |   |   |   |   |   |   |--- feature_13 <= 5.99
|   |   |   |   |   |   |   |   |   |   |   |--- class: positive
|   |   |   |   |   |   |   |   |   |   |--- feature_13 >  5.99
|   |   |   |   |   |   |   |   |   |   |   |--- truncated branch of depth 3
|   |   |   |   |   |   |   |   |--- feature_12 >  21.65
|   |   |   |   |   |   |   |   |   |--- feature_12 <= 22.35
|   |   |   |   |   |   |   |   |   |   |--- class: positive
|   |   |   |   |   |   |   |   |   |--- feature_12 >  22.35
|   |   |   |   |   |   |   |   |   |   |--- feature_45 <= 0.01
|   |   |   |   |   |   |   |   |   |   |   |--- truncated branch of depth 6
|   |   |   |   |   |   |   |   |   |   |--- feature_45 >  0.01
|   |   |   |   |   |   |   |   |   |   |   |--- truncated branch of depth 3
|   |   |   |   |   |   |   |--- feature_12 >  33.75
|   |   |   |   |   |   |   |   |--- class: negative
|   |   |   |   |   |--- feature_5 >  39.18
|   |   |   |   |   |   |--- feature_0 <= 1957.50
|   |   |   |   |   |   |   |--- feature_6 <= -85.38
|   |   |   |   |   |   |   |   |--- feature_9 <= 6.55
|   |   |   |   |   |   |   |   |   |--- class: negative
|   |   |   |   |   |   |   |   |--- feature_9 >  6.55
|   |   |   |   |   |   |   |   |   |--- feature_52 <= 1.00
|   |   |   |   |   |   |   |   |   |   |--- feature_6 <= -87.19
|   |   |   |   |   |   |   |   |   |   |   |--- truncated branch of depth 3
|   |   |   |   |   |   |   |   |   |   |--- feature_6 >  -87.19
|   |   |   |   |   |   |   |   |   |   |   |--- truncated branch of depth 13
|   |   |   |   |   |   |   |   |   |--- feature_52 >  1.00
|   |   |   |   |   |   |   |   |   |   |--- feature_1 <= 147.00
|   |   |   |   |   |   |   |   |   |   |   |--- class: negative
|   |   |   |   |   |   |   |   |   |   |--- feature_1 >  147.00
|   |   |   |   |   |   |   |   |   |   |   |--- truncated branch of depth 4
|   |   |   |   |   |   |   |--- feature_6 >  -85.38
|   |   |   |   |   |   |   |   |--- feature_12 <= 38.25
|   |   |   |   |   |   |   |   |   |--- class: negative
|   |   |   |   |   |   |   |   |--- feature_12 >  38.25
|   |   |   |   |   |   |   |   |   |--- feature_11 <= 7.40
|   |   |   |   |   |   |   |   |   |   |--- class: negative
|   |   |   |   |   |   |   |   |   |--- feature_11 >  7.40
|   |   |   |   |   |   |   |   |   |   |--- class: positive
|   |   |   |   |   |   |--- feature_0 >  1957.50
|   |   |   |   |   |   |   |--- feature_6 <= -86.01
|   |   |   |   |   |   |   |   |--- class: negative
|   |   |   |   |   |   |   |--- feature_6 >  -86.01
|   |   |   |   |   |   |   |   |--- feature_2 <= 4.50
|   |   |   |   |   |   |   |   |   |--- feature_0 <= 1982.50
|   |   |   |   |   |   |   |   |   |   |--- feature_9 <= 9.65
|   |   |   |   |   |   |   |   |   |   |   |--- class: positive
|   |   |   |   |   |   |   |   |   |   |--- feature_9 >  9.65
|   |   |   |   |   |   |   |   |   |   |   |--- truncated branch of depth 3
|   |   |   |   |   |   |   |   |   |--- feature_0 >  1982.50
|   |   |   |   |   |   |   |   |   |   |--- class: negative
|   |   |   |   |   |   |   |   |--- feature_2 >  4.50
|   |   |   |   |   |   |   |   |   |--- feature_10 <= 33.45
|   |   |   |   |   |   |   |   |   |   |--- feature_9 <= 6.30
|   |   |   |   |   |   |   |   |   |   |   |--- truncated branch of depth 2
|   |   |   |   |   |   |   |   |   |   |--- feature_9 >  6.30
|   |   |   |   |   |   |   |   |   |   |   |--- class: negative
|   |   |   |   |   |   |   |   |   |--- feature_10 >  33.45
|   |   |   |   |   |   |   |   |   |   |--- class: positive
|   |   |   |--- feature_17 >  0.00
|   |   |   |   |--- class: positive
|   |   |--- feature_17 >  1.00
|   |   |   |--- feature_0 <= 1923.50
|   |   |   |   |--- feature_12 <= 20.25
|   |   |   |   |   |--- feature_12 <= 19.35
|   |   |   |   |   |   |--- class: negative
|   |   |   |   |   |--- feature_12 >  19.35
|   |   |   |   |   |   |--- class: positive
|   |   |   |   |--- feature_12 >  20.25
|   |   |   |   |   |--- class: negative
|   |   |   |--- feature_0 >  1923.50
|   |   |   |   |--- feature_6 <= -85.33
|   |   |   |   |   |--- feature_6 <= -86.83
|   |   |   |   |   |   |--- feature_9 <= 9.53
|   |   |   |   |   |   |   |--- feature_5 <= 38.38
|   |   |   |   |   |   |   |   |--- feature_1 <= 111.00
|   |   |   |   |   |   |   |   |   |--- feature_0 <= 1943.50
|   |   |   |   |   |   |   |   |   |   |--- class: negative
|   |   |   |   |   |   |   |   |   |--- feature_0 >  1943.50
|   |   |   |   |   |   |   |   |   |   |--- feature_13 <= 6.50
|   |   |   |   |   |   |   |   |   |   |   |--- class: positive
|   |   |   |   |   |   |   |   |   |   |--- feature_13 >  6.50
|   |   |   |   |   |   |   |   |   |   |   |--- class: negative
|   |   |   |   |   |   |   |   |--- feature_1 >  111.00
|   |   |   |   |   |   |   |   |   |--- class: negative
|   |   |   |   |   |   |   |--- feature_5 >  38.38
|   |   |   |   |   |   |   |   |--- feature_12 <= 13.50
|   |   |   |   |   |   |   |   |   |--- feature_7 <= 10.00
|   |   |   |   |   |   |   |   |   |   |--- class: negative
|   |   |   |   |   |   |   |   |   |--- feature_7 >  10.00
|   |   |   |   |   |   |   |   |   |   |--- class: positive
|   |   |   |   |   |   |   |   |--- feature_12 >  13.50
|   |   |   |   |   |   |   |   |   |--- class: negative
|   |   |   |   |   |   |--- feature_9 >  9.53
|   |   |   |   |   |   |   |--- feature_43 <= 0.05
|   |   |   |   |   |   |   |   |--- feature_5 <= 38.65
|   |   |   |   |   |   |   |   |   |--- feature_6 <= -87.69
|   |   |   |   |   |   |   |   |   |   |--- class: negative
|   |   |   |   |   |   |   |   |   |--- feature_6 >  -87.69
|   |   |   |   |   |   |   |   |   |   |--- feature_9 <= 11.35
|   |   |   |   |   |   |   |   |   |   |   |--- class: positive
|   |   |   |   |   |   |   |   |   |   |--- feature_9 >  11.35
|   |   |   |   |   |   |   |   |   |   |   |--- class: negative
|   |   |   |   |   |   |   |   |--- feature_5 >  38.65
|   |   |   |   |   |   |   |   |   |--- feature_1 <= 50.50
|   |   |   |   |   |   |   |   |   |   |--- feature_2 <= 2.50
|   |   |   |   |   |   |   |   |   |   |   |--- class: positive
|   |   |   |   |   |   |   |   |   |   |--- feature_2 >  2.50
|   |   |   |   |   |   |   |   |   |   |   |--- truncated branch of depth 2
|   |   |   |   |   |   |   |   |   |--- feature_1 >  50.50
|   |   |   |   |   |   |   |   |   |   |--- feature_11 <= 4.35
|   |   |   |   |   |   |   |   |   |   |   |--- class: positive
|   |   |   |   |   |   |   |   |   |   |--- feature_11 >  4.35
|   |   |   |   |   |   |   |   |   |   |   |--- class: negative
|   |   |   |   |   |   |   |--- feature_43 >  0.05
|   |   |   |   |   |   |   |   |--- class: positive
|   |   |   |   |   |--- feature_6 >  -86.83
|   |   |   |   |   |   |--- feature_47 <= 0.01
|   |   |   |   |   |   |   |--- feature_1 <= 114.00
|   |   |   |   |   |   |   |   |--- class: negative
|   |   |   |   |   |   |   |--- feature_1 >  114.00
|   |   |   |   |   |   |   |   |--- feature_5 <= 39.89
|   |   |   |   |   |   |   |   |   |--- feature_2 <= 6.50
|   |   |   |   |   |   |   |   |   |   |--- feature_10 <= 12.81
|   |   |   |   |   |   |   |   |   |   |   |--- truncated branch of depth 4
|   |   |   |   |   |   |   |   |   |   |--- feature_10 >  12.81
|   |   |   |   |   |   |   |   |   |   |   |--- truncated branch of depth 6
|   |   |   |   |   |   |   |   |   |--- feature_2 >  6.50
|   |   |   |   |   |   |   |   |   |   |--- class: negative
|   |   |   |   |   |   |   |   |--- feature_5 >  39.89
|   |   |   |   |   |   |   |   |   |--- feature_9 <= 23.28
|   |   |   |   |   |   |   |   |   |   |--- feature_6 <= -86.55
|   |   |   |   |   |   |   |   |   |   |   |--- truncated branch of depth 3
|   |   |   |   |   |   |   |   |   |   |--- feature_6 >  -86.55
|   |   |   |   |   |   |   |   |   |   |   |--- class: negative
|   |   |   |   |   |   |   |   |   |--- feature_9 >  23.28
|   |   |   |   |   |   |   |   |   |   |--- class: positive
|   |   |   |   |   |   |--- feature_47 >  0.01
|   |   |   |   |   |   |   |--- feature_47 <= 0.99
|   |   |   |   |   |   |   |   |--- class: positive
|   |   |   |   |   |   |   |--- feature_47 >  0.99
|   |   |   |   |   |   |   |   |--- feature_1 <= 262.50
|   |   |   |   |   |   |   |   |   |--- feature_13 <= 4.05
|   |   |   |   |   |   |   |   |   |   |--- feature_6 <= -86.71
|   |   |   |   |   |   |   |   |   |   |   |--- class: positive
|   |   |   |   |   |   |   |   |   |   |--- feature_6 >  -86.71
|   |   |   |   |   |   |   |   |   |   |   |--- class: negative
|   |   |   |   |   |   |   |   |   |--- feature_13 >  4.05
|   |   |   |   |   |   |   |   |   |   |--- feature_7 <= 21.00
|   |   |   |   |   |   |   |   |   |   |   |--- truncated branch of depth 4
|   |   |   |   |   |   |   |   |   |   |--- feature_7 >  21.00
|   |   |   |   |   |   |   |   |   |   |   |--- truncated branch of depth 3
|   |   |   |   |   |   |   |   |--- feature_1 >  262.50
|   |   |   |   |   |   |   |   |   |--- feature_13 <= 2.50
|   |   |   |   |   |   |   |   |   |   |--- feature_12 <= 30.15
|   |   |   |   |   |   |   |   |   |   |   |--- class: negative
|   |   |   |   |   |   |   |   |   |   |--- feature_12 >  30.15
|   |   |   |   |   |   |   |   |   |   |   |--- class: positive
|   |   |   |   |   |   |   |   |   |--- feature_13 >  2.50
|   |   |   |   |   |   |   |   |   |   |--- class: negative
|   |   |   |   |--- feature_6 >  -85.33
|   |   |   |   |   |--- feature_12 <= 39.31
|   |   |   |   |   |   |--- class: negative
|   |   |   |   |   |--- feature_12 >  39.31
|   |   |   |   |   |   |--- class: positive
|   |--- feature_12 >  40.49
|   |   |--- feature_13 <= 7.99
|   |   |   |--- feature_13 <= 5.01
|   |   |   |   |--- feature_13 <= 5.00
|   |   |   |   |   |--- feature_13 <= 4.01
|   |   |   |   |   |   |--- feature_13 <= 3.99
|   |   |   |   |   |   |   |--- feature_13 <= 3.04
|   |   |   |   |   |   |   |   |--- feature_9 <= 33.21
|   |   |   |   |   |   |   |   |   |--- feature_9 <= 9.65
|   |   |   |   |   |   |   |   |   |   |--- class: negative
|   |   |   |   |   |   |   |   |   |--- feature_9 >  9.65
|   |   |   |   |   |   |   |   |   |   |--- feature_5 <= 40.19
|   |   |   |   |   |   |   |   |   |   |   |--- truncated branch of depth 5
|   |   |   |   |   |   |   |   |   |   |--- feature_5 >  40.19
|   |   |   |   |   |   |   |   |   |   |   |--- class: negative
|   |   |   |   |   |   |   |   |--- feature_9 >  33.21
|   |   |   |   |   |   |   |   |   |--- class: positive
|   |   |   |   |   |   |   |--- feature_13 >  3.04
|   |   |   |   |   |   |   |   |--- class: positive
|   |   |   |   |   |   |--- feature_13 >  3.99
|   |   |   |   |   |   |   |--- feature_1 <= 120.00
|   |   |   |   |   |   |   |   |--- feature_12 <= 44.70
|   |   |   |   |   |   |   |   |   |--- feature_5 <= 39.52
|   |   |   |   |   |   |   |   |   |   |--- feature_6 <= -86.56
|   |   |   |   |   |   |   |   |   |   |   |--- class: negative
|   |   |   |   |   |   |   |   |   |   |--- feature_6 >  -86.56
|   |   |   |   |   |   |   |   |   |   |   |--- truncated branch of depth 3
|   |   |   |   |   |   |   |   |   |--- feature_5 >  39.52
|   |   |   |   |   |   |   |   |   |   |--- class: negative
|   |   |   |   |   |   |   |   |--- feature_12 >  44.70
|   |   |   |   |   |   |   |   |   |--- feature_6 <= -86.88
|   |   |   |   |   |   |   |   |   |   |--- class: negative
|   |   |   |   |   |   |   |   |   |--- feature_6 >  -86.88
|   |   |   |   |   |   |   |   |   |   |--- class: positive
|   |   |   |   |   |   |   |--- feature_1 >  120.00
|   |   |   |   |   |   |   |   |--- class: negative
|   |   |   |   |   |--- feature_13 >  4.01
|   |   |   |   |   |   |--- class: positive
|   |   |   |   |--- feature_13 >  5.00
|   |   |   |   |   |--- feature_47 <= 0.02
|   |   |   |   |   |   |--- feature_40 <= 0.07
|   |   |   |   |   |   |   |--- feature_0 <= 1996.50
|   |   |   |   |   |   |   |   |--- feature_10 <= 45.59
|   |   |   |   |   |   |   |   |   |--- feature_6 <= -85.66
|   |   |   |   |   |   |   |   |   |   |--- feature_2 <= 6.50
|   |   |   |   |   |   |   |   |   |   |   |--- truncated branch of depth 4
|   |   |   |   |   |   |   |   |   |   |--- feature_2 >  6.50
|   |   |   |   |   |   |   |   |   |   |   |--- truncated branch of depth 7
|   |   |   |   |   |   |   |   |   |--- feature_6 >  -85.66
|   |   |   |   |   |   |   |   |   |   |--- feature_0 <= 1979.50
|   |   |   |   |   |   |   |   |   |   |   |--- truncated branch of depth 6
|   |   |   |   |   |   |   |   |   |   |--- feature_0 >  1979.50
|   |   |   |   |   |   |   |   |   |   |   |--- class: negative
|   |   |   |   |   |   |   |   |--- feature_10 >  45.59
|   |   |   |   |   |   |   |   |   |--- feature_35 <= 0.00
|   |   |   |   |   |   |   |   |   |   |--- feature_7 <= 46.00
|   |   |   |   |   |   |   |   |   |   |   |--- truncated branch of depth 4
|   |   |   |   |   |   |   |   |   |   |--- feature_7 >  46.00
|   |   |   |   |   |   |   |   |   |   |   |--- truncated branch of depth 2
|   |   |   |   |   |   |   |   |   |--- feature_35 >  0.00
|   |   |   |   |   |   |   |   |   |   |--- feature_35 <= 0.74
|   |   |   |   |   |   |   |   |   |   |   |--- class: positive
|   |   |   |   |   |   |   |   |   |   |--- feature_35 >  0.74
|   |   |   |   |   |   |   |   |   |   |   |--- class: negative
|   |   |   |   |   |   |   |--- feature_0 >  1996.50
|   |   |   |   |   |   |   |   |--- feature_1 <= 317.00
|   |   |   |   |   |   |   |   |   |--- class: negative
|   |   |   |   |   |   |   |   |--- feature_1 >  317.00
|   |   |   |   |   |   |   |   |   |--- feature_1 <= 334.00
|   |   |   |   |   |   |   |   |   |   |--- feature_10 <= 25.55
|   |   |   |   |   |   |   |   |   |   |   |--- class: positive
|   |   |   |   |   |   |   |   |   |   |--- feature_10 >  25.55
|   |   |   |   |   |   |   |   |   |   |   |--- class: negative
|   |   |   |   |   |   |   |   |   |--- feature_1 >  334.00
|   |   |   |   |   |   |   |   |   |   |--- class: negative
|   |   |   |   |   |   |--- feature_40 >  0.07
|   |   |   |   |   |   |   |--- feature_39 <= 0.04
|   |   |   |   |   |   |   |   |--- feature_5 <= 38.79
|   |   |   |   |   |   |   |   |   |--- feature_5 <= 38.34
|   |   |   |   |   |   |   |   |   |   |--- class: negative
|   |   |   |   |   |   |   |   |   |--- feature_5 >  38.34
|   |   |   |   |   |   |   |   |   |   |--- class: positive
|   |   |   |   |   |   |   |   |--- feature_5 >  38.79
|   |   |   |   |   |   |   |   |   |--- class: negative
|   |   |   |   |   |   |   |--- feature_39 >  0.04
|   |   |   |   |   |   |   |   |--- class: positive
|   |   |   |   |   |--- feature_47 >  0.02
|   |   |   |   |   |   |--- feature_47 <= 1.00
|   |   |   |   |   |   |   |--- class: positive
|   |   |   |   |   |   |--- feature_47 >  1.00
|   |   |   |   |   |   |   |--- feature_11 <= 6.30
|   |   |   |   |   |   |   |   |--- feature_1 <= 61.50
|   |   |   |   |   |   |   |   |   |--- class: positive
|   |   |   |   |   |   |   |   |--- feature_1 >  61.50
|   |   |   |   |   |   |   |   |   |--- feature_6 <= -84.97
|   |   |   |   |   |   |   |   |   |   |--- class: negative
|   |   |   |   |   |   |   |   |   |--- feature_6 >  -84.97
|   |   |   |   |   |   |   |   |   |   |--- class: positive
|   |   |   |   |   |   |   |--- feature_11 >  6.30
|   |   |   |   |   |   |   |   |--- feature_12 <= 41.41
|   |   |   |   |   |   |   |   |   |--- feature_9 <= 8.35
|   |   |   |   |   |   |   |   |   |   |--- class: negative
|   |   |   |   |   |   |   |   |   |--- feature_9 >  8.35
|   |   |   |   |   |   |   |   |   |   |--- feature_10 <= 25.75
|   |   |   |   |   |   |   |   |   |   |   |--- truncated branch of depth 7
|   |   |   |   |   |   |   |   |   |   |--- feature_10 >  25.75
|   |   |   |   |   |   |   |   |   |   |   |--- class: negative
|   |   |   |   |   |   |   |   |--- feature_12 >  41.41
|   |   |   |   |   |   |   |   |   |--- feature_18 <= 0.50
|   |   |   |   |   |   |   |   |   |   |--- feature_11 <= 7.50
|   |   |   |   |   |   |   |   |   |   |   |--- class: negative
|   |   |   |   |   |   |   |   |   |   |--- feature_11 >  7.50
|   |   |   |   |   |   |   |   |   |   |   |--- truncated branch of depth 4
|   |   |   |   |   |   |   |   |   |--- feature_18 >  0.50
|   |   |   |   |   |   |   |   |   |   |--- feature_7 <= 42.50
|   |   |   |   |   |   |   |   |   |   |   |--- class: negative
|   |   |   |   |   |   |   |   |   |   |--- feature_7 >  42.50
|   |   |   |   |   |   |   |   |   |   |   |--- truncated branch of depth 3
|   |   |   |--- feature_13 >  5.01
|   |   |   |   |--- feature_13 <= 6.99
|   |   |   |   |   |--- feature_12 <= 53.89
|   |   |   |   |   |   |--- feature_29 <= 1.00
|   |   |   |   |   |   |   |--- class: positive
|   |   |   |   |   |   |--- feature_29 >  1.00
|   |   |   |   |   |   |   |--- class: negative
|   |   |   |   |   |--- feature_12 >  53.89
|   |   |   |   |   |   |--- class: negative
|   |   |   |   |--- feature_13 >  6.99
|   |   |   |   |   |--- feature_13 <= 7.00
|   |   |   |   |   |   |--- feature_9 <= 15.15
|   |   |   |   |   |   |   |--- class: negative
|   |   |   |   |   |   |--- feature_9 >  15.15
|   |   |   |   |   |   |   |--- feature_7 <= 2.50
|   |   |   |   |   |   |   |   |--- feature_2 <= 4.50
|   |   |   |   |   |   |   |   |   |--- feature_10 <= 20.63
|   |   |   |   |   |   |   |   |   |   |--- class: positive
|   |   |   |   |   |   |   |   |   |--- feature_10 >  20.63
|   |   |   |   |   |   |   |   |   |   |--- feature_5 <= 40.82
|   |   |   |   |   |   |   |   |   |   |   |--- class: negative
|   |   |   |   |   |   |   |   |   |   |--- feature_5 >  40.82
|   |   |   |   |   |   |   |   |   |   |   |--- class: positive
|   |   |   |   |   |   |   |   |--- feature_2 >  4.50
|   |   |   |   |   |   |   |   |   |--- feature_6 <= -84.99
|   |   |   |   |   |   |   |   |   |   |--- class: negative
|   |   |   |   |   |   |   |   |   |--- feature_6 >  -84.99
|   |   |   |   |   |   |   |   |   |   |--- class: positive
|   |   |   |   |   |   |   |--- feature_7 >  2.50
|   |   |   |   |   |   |   |   |--- class: negative
|   |   |   |   |   |--- feature_13 >  7.00
|   |   |   |   |   |   |--- class: positive
|   |   |--- feature_13 >  7.99
|   |   |   |--- feature_0 <= 1985.50
|   |   |   |   |--- feature_11 <= 7.43
|   |   |   |   |   |--- feature_6 <= -87.89
|   |   |   |   |   |   |--- class: positive
|   |   |   |   |   |--- feature_6 >  -87.89
|   |   |   |   |   |   |--- feature_5 <= 38.84
|   |   |   |   |   |   |   |--- feature_1 <= 52.00
|   |   |   |   |   |   |   |   |--- feature_5 <= 38.61
|   |   |   |   |   |   |   |   |   |--- feature_7 <= 32.50
|   |   |   |   |   |   |   |   |   |   |--- class: negative
|   |   |   |   |   |   |   |   |   |--- feature_7 >  32.50
|   |   |   |   |   |   |   |   |   |   |--- feature_10 <= 16.55
|   |   |   |   |   |   |   |   |   |   |   |--- class: negative
|   |   |   |   |   |   |   |   |   |   |--- feature_10 >  16.55
|   |   |   |   |   |   |   |   |   |   |   |--- class: positive
|   |   |   |   |   |   |   |   |--- feature_5 >  38.61
|   |   |   |   |   |   |   |   |   |--- class: positive
|   |   |   |   |   |   |   |--- feature_1 >  52.00
|   |   |   |   |   |   |   |   |--- feature_10 <= 13.85
|   |   |   |   |   |   |   |   |   |--- feature_10 <= 13.70
|   |   |   |   |   |   |   |   |   |   |--- feature_6 <= -86.12
|   |   |   |   |   |   |   |   |   |   |   |--- class: negative
|   |   |   |   |   |   |   |   |   |   |--- feature_6 >  -86.12
|   |   |   |   |   |   |   |   |   |   |   |--- truncated branch of depth 2
|   |   |   |   |   |   |   |   |   |--- feature_10 >  13.70
|   |   |   |   |   |   |   |   |   |   |--- class: positive
|   |   |   |   |   |   |   |   |--- feature_10 >  13.85
|   |   |   |   |   |   |   |   |   |--- class: negative
|   |   |   |   |   |   |--- feature_5 >  38.84
|   |   |   |   |   |   |   |--- feature_9 <= 6.45
|   |   |   |   |   |   |   |   |--- feature_11 <= 6.55
|   |   |   |   |   |   |   |   |   |--- feature_12 <= 42.75
|   |   |   |   |   |   |   |   |   |   |--- class: positive
|   |   |   |   |   |   |   |   |   |--- feature_12 >  42.75
|   |   |   |   |   |   |   |   |   |   |--- class: negative
|   |   |   |   |   |   |   |   |--- feature_11 >  6.55
|   |   |   |   |   |   |   |   |   |--- feature_2 <= 1.00
|   |   |   |   |   |   |   |   |   |   |--- feature_5 <= 40.61
|   |   |   |   |   |   |   |   |   |   |   |--- class: negative
|   |   |   |   |   |   |   |   |   |   |--- feature_5 >  40.61
|   |   |   |   |   |   |   |   |   |   |   |--- class: positive
|   |   |   |   |   |   |   |   |   |--- feature_2 >  1.00
|   |   |   |   |   |   |   |   |   |   |--- class: negative
|   |   |   |   |   |   |   |--- feature_9 >  6.45
|   |   |   |   |   |   |   |   |--- feature_1 <= 1980.00
|   |   |   |   |   |   |   |   |   |--- class: negative
|   |   |   |   |   |   |   |   |--- feature_1 >  1980.00
|   |   |   |   |   |   |   |   |   |--- feature_6 <= -86.06
|   |   |   |   |   |   |   |   |   |   |--- class: negative
|   |   |   |   |   |   |   |   |   |--- feature_6 >  -86.06
|   |   |   |   |   |   |   |   |   |   |--- class: positive
|   |   |   |   |--- feature_11 >  7.43
|   |   |   |   |   |--- feature_35 <= 0.00
|   |   |   |   |   |   |--- feature_39 <= 0.04
|   |   |   |   |   |   |   |--- feature_5 <= 41.50
|   |   |   |   |   |   |   |   |--- feature_6 <= -84.99
|   |   |   |   |   |   |   |   |   |--- class: negative
|   |   |   |   |   |   |   |   |--- feature_6 >  -84.99
|   |   |   |   |   |   |   |   |   |--- feature_0 <= 1966.00
|   |   |   |   |   |   |   |   |   |   |--- feature_18 <= 0.50
|   |   |   |   |   |   |   |   |   |   |   |--- truncated branch of depth 2
|   |   |   |   |   |   |   |   |   |   |--- feature_18 >  0.50
|   |   |   |   |   |   |   |   |   |   |   |--- class: negative
|   |   |   |   |   |   |   |   |   |--- feature_0 >  1966.00
|   |   |   |   |   |   |   |   |   |   |--- class: negative
|   |   |   |   |   |   |   |--- feature_5 >  41.50
|   |   |   |   |   |   |   |   |--- feature_21 <= 0.49
|   |   |   |   |   |   |   |   |   |--- feature_24 <= 0.50
|   |   |   |   |   |   |   |   |   |   |--- class: negative
|   |   |   |   |   |   |   |   |   |--- feature_24 >  0.50
|   |   |   |   |   |   |   |   |   |   |--- feature_6 <= -85.90
|   |   |   |   |   |   |   |   |   |   |   |--- class: negative
|   |   |   |   |   |   |   |   |   |   |--- feature_6 >  -85.90
|   |   |   |   |   |   |   |   |   |   |   |--- class: positive
|   |   |   |   |   |   |   |   |--- feature_21 >  0.49
|   |   |   |   |   |   |   |   |   |--- class: positive
|   |   |   |   |   |   |--- feature_39 >  0.04
|   |   |   |   |   |   |   |--- feature_39 <= 1.00
|   |   |   |   |   |   |   |   |--- class: positive
|   |   |   |   |   |   |   |--- feature_39 >  1.00
|   |   |   |   |   |   |   |   |--- feature_1 <= 127.00
|   |   |   |   |   |   |   |   |   |--- feature_9 <= 15.31
|   |   |   |   |   |   |   |   |   |   |--- class: negative
|   |   |   |   |   |   |   |   |   |--- feature_9 >  15.31
|   |   |   |   |   |   |   |   |   |   |--- feature_0 <= 1972.50
|   |   |   |   |   |   |   |   |   |   |   |--- class: negative
|   |   |   |   |   |   |   |   |   |   |--- feature_0 >  1972.50
|   |   |   |   |   |   |   |   |   |   |   |--- truncated branch of depth 3
|   |   |   |   |   |   |   |   |--- feature_1 >  127.00
|   |   |   |   |   |   |   |   |   |--- feature_1 <= 1637.00
|   |   |   |   |   |   |   |   |   |   |--- class: negative
|   |   |   |   |   |   |   |   |   |--- feature_1 >  1637.00
|   |   |   |   |   |   |   |   |   |   |--- feature_10 <= 28.00
|   |   |   |   |   |   |   |   |   |   |   |--- class: negative
|   |   |   |   |   |   |   |   |   |   |--- feature_10 >  28.00
|   |   |   |   |   |   |   |   |   |   |   |--- truncated branch of depth 3
|   |   |   |   |   |--- feature_35 >  0.00
|   |   |   |   |   |   |--- feature_31 <= 0.01
|   |   |   |   |   |   |   |--- feature_7 <= 5.00
|   |   |   |   |   |   |   |   |--- feature_0 <= 1969.50
|   |   |   |   |   |   |   |   |   |--- feature_5 <= 39.78
|   |   |   |   |   |   |   |   |   |   |--- class: positive
|   |   |   |   |   |   |   |   |   |--- feature_5 >  39.78
|   |   |   |   |   |   |   |   |   |   |--- feature_11 <= 7.80
|   |   |   |   |   |   |   |   |   |   |   |--- class: positive
|   |   |   |   |   |   |   |   |   |   |--- feature_11 >  7.80
|   |   |   |   |   |   |   |   |   |   |   |--- class: negative
|   |   |   |   |   |   |   |   |--- feature_0 >  1969.50
|   |   |   |   |   |   |   |   |   |--- class: negative
|   |   |   |   |   |   |   |--- feature_7 >  5.00
|   |   |   |   |   |   |   |   |--- class: negative
|   |   |   |   |   |   |--- feature_31 >  0.01
|   |   |   |   |   |   |   |--- class: positive
|   |   |   |--- feature_0 >  1985.50
|   |   |   |   |--- feature_6 <= -86.28
|   |   |   |   |   |--- feature_39 <= 0.10
|   |   |   |   |   |   |--- feature_9 <= 13.30
|   |   |   |   |   |   |   |--- class: negative
|   |   |   |   |   |   |--- feature_9 >  13.30
|   |   |   |   |   |   |   |--- feature_9 <= 13.55
|   |   |   |   |   |   |   |   |--- feature_10 <= 34.25
|   |   |   |   |   |   |   |   |   |--- class: negative
|   |   |   |   |   |   |   |   |--- feature_10 >  34.25
|   |   |   |   |   |   |   |   |   |--- class: positive
|   |   |   |   |   |   |   |--- feature_9 >  13.55
|   |   |   |   |   |   |   |   |--- feature_1 <= 8187.50
|   |   |   |   |   |   |   |   |   |--- feature_5 <= 38.07
|   |   |   |   |   |   |   |   |   |   |--- feature_21 <= 0.50
|   |   |   |   |   |   |   |   |   |   |   |--- class: negative
|   |   |   |   |   |   |   |   |   |   |--- feature_21 >  0.50
|   |   |   |   |   |   |   |   |   |   |   |--- class: positive
|   |   |   |   |   |   |   |   |   |--- feature_5 >  38.07
|   |   |   |   |   |   |   |   |   |   |--- class: negative
|   |   |   |   |   |   |   |   |--- feature_1 >  8187.50
|   |   |   |   |   |   |   |   |   |--- feature_1 <= 12157.50
|   |   |   |   |   |   |   |   |   |   |--- class: positive
|   |   |   |   |   |   |   |   |   |--- feature_1 >  12157.50
|   |   |   |   |   |   |   |   |   |   |--- class: negative
|   |   |   |   |   |--- feature_39 >  0.10
|   |   |   |   |   |   |--- feature_47 <= 0.22
|   |   |   |   |   |   |   |--- feature_35 <= 0.12
|   |   |   |   |   |   |   |   |--- feature_0 <= 1986.50
|   |   |   |   |   |   |   |   |   |--- feature_10 <= 12.60
|   |   |   |   |   |   |   |   |   |   |--- class: positive
|   |   |   |   |   |   |   |   |   |--- feature_10 >  12.60
|   |   |   |   |   |   |   |   |   |   |--- class: negative
|   |   |   |   |   |   |   |   |--- feature_0 >  1986.50
|   |   |   |   |   |   |   |   |   |--- class: negative
|   |   |   |   |   |   |   |--- feature_35 >  0.12
|   |   |   |   |   |   |   |   |--- feature_35 <= 0.90
|   |   |   |   |   |   |   |   |   |--- class: positive
|   |   |   |   |   |   |   |   |--- feature_35 >  0.90
|   |   |   |   |   |   |   |   |   |--- class: negative
|   |   |   |   |   |   |--- feature_47 >  0.22
|   |   |   |   |   |   |   |--- class: positive
|   |   |   |   |--- feature_6 >  -86.28
|   |   |   |   |   |--- feature_9 <= 7.35
|   |   |   |   |   |   |--- feature_0 <= 1988.50
|   |   |   |   |   |   |   |--- feature_9 <= 7.25
|   |   |   |   |   |   |   |   |--- class: negative
|   |   |   |   |   |   |   |--- feature_9 >  7.25
|   |   |   |   |   |   |   |   |--- class: positive
|   |   |   |   |   |   |--- feature_0 >  1988.50
|   |   |   |   |   |   |   |--- class: negative
|   |   |   |   |   |--- feature_9 >  7.35
|   |   |   |   |   |   |--- class: negative
|--- feature_6 >  -84.79
|   |--- feature_6 <= -8.94
|   |   |--- feature_5 <= 39.04
|   |   |   |--- feature_0 <= 1982.50
|   |   |   |   |--- feature_18 <= 0.00
|   |   |   |   |   |--- feature_6 <= -10.18
|   |   |   |   |   |   |--- class: positive
|   |   |   |   |   |--- feature_6 >  -10.18
|   |   |   |   |   |   |--- feature_49 <= 0.00
|   |   |   |   |   |   |   |--- feature_5 <= 38.65
|   |   |   |   |   |   |   |   |--- class: negative
|   |   |   |   |   |   |   |--- feature_5 >  38.65
|   |   |   |   |   |   |   |   |--- feature_40 <= 0.06
|   |   |   |   |   |   |   |   |   |--- feature_12 <= 28.80
|   |   |   |   |   |   |   |   |   |   |--- feature_0 <= 1964.00
|   |   |   |   |   |   |   |   |   |   |   |--- truncated branch of depth 2
|   |   |   |   |   |   |   |   |   |   |--- feature_0 >  1964.00
|   |   |   |   |   |   |   |   |   |   |   |--- class: positive
|   |   |   |   |   |   |   |   |   |--- feature_12 >  28.80
|   |   |   |   |   |   |   |   |   |   |--- class: negative
|   |   |   |   |   |   |   |   |--- feature_40 >  0.06
|   |   |   |   |   |   |   |   |   |--- class: positive
|   |   |   |   |   |   |--- feature_49 >  0.00
|   |   |   |   |   |   |   |--- feature_49 <= 0.99
|   |   |   |   |   |   |   |   |--- class: positive
|   |   |   |   |   |   |   |--- feature_49 >  0.99
|   |   |   |   |   |   |   |   |--- feature_5 <= 38.88
|   |   |   |   |   |   |   |   |   |--- feature_6 <= -9.14
|   |   |   |   |   |   |   |   |   |   |--- class: negative
|   |   |   |   |   |   |   |   |   |--- feature_6 >  -9.14
|   |   |   |   |   |   |   |   |   |   |--- feature_13 <= 7.97
|   |   |   |   |   |   |   |   |   |   |   |--- truncated branch of depth 2
|   |   |   |   |   |   |   |   |   |   |--- feature_13 >  7.97
|   |   |   |   |   |   |   |   |   |   |   |--- truncated branch of depth 5
|   |   |   |   |   |   |   |   |--- feature_5 >  38.88
|   |   |   |   |   |   |   |   |   |--- feature_1 <= 2840.50
|   |   |   |   |   |   |   |   |   |   |--- class: negative
|   |   |   |   |   |   |   |   |   |--- feature_1 >  2840.50
|   |   |   |   |   |   |   |   |   |   |--- feature_7 <= 5.50
|   |   |   |   |   |   |   |   |   |   |   |--- class: negative
|   |   |   |   |   |   |   |   |   |   |--- feature_7 >  5.50
|   |   |   |   |   |   |   |   |   |   |   |--- truncated branch of depth 2
|   |   |   |   |--- feature_18 >  0.00
|   |   |   |   |   |--- feature_18 <= 0.99
|   |   |   |   |   |   |--- class: positive
|   |   |   |   |   |--- feature_18 >  0.99
|   |   |   |   |   |   |--- feature_12 <= 58.61
|   |   |   |   |   |   |   |--- feature_6 <= -9.01
|   |   |   |   |   |   |   |   |--- class: negative
|   |   |   |   |   |   |   |--- feature_6 >  -9.01
|   |   |   |   |   |   |   |   |--- feature_5 <= 38.92
|   |   |   |   |   |   |   |   |   |--- class: positive
|   |   |   |   |   |   |   |   |--- feature_5 >  38.92
|   |   |   |   |   |   |   |   |   |--- class: negative
|   |   |   |   |   |   |--- feature_12 >  58.61
|   |   |   |   |   |   |   |--- feature_7 <= 29.00
|   |   |   |   |   |   |   |   |--- feature_5 <= 38.15
|   |   |   |   |   |   |   |   |   |--- class: negative
|   |   |   |   |   |   |   |   |--- feature_5 >  38.15
|   |   |   |   |   |   |   |   |   |--- feature_11 <= 12.08
|   |   |   |   |   |   |   |   |   |   |--- class: positive
|   |   |   |   |   |   |   |   |   |--- feature_11 >  12.08
|   |   |   |   |   |   |   |   |   |   |--- feature_32 <= 0.70
|   |   |   |   |   |   |   |   |   |   |   |--- truncated branch of depth 2
|   |   |   |   |   |   |   |   |   |   |--- feature_32 >  0.70
|   |   |   |   |   |   |   |   |   |   |   |--- truncated branch of depth 2
|   |   |   |   |   |   |   |--- feature_7 >  29.00
|   |   |   |   |   |   |   |   |--- class: negative
|   |   |   |--- feature_0 >  1982.50
|   |   |   |   |--- feature_6 <= -17.10
|   |   |   |   |   |--- class: positive
|   |   |   |   |--- feature_6 >  -17.10
|   |   |   |   |   |--- class: negative
|   |   |--- feature_5 >  39.04
|   |   |   |--- feature_5 <= 40.72
|   |   |   |   |--- feature_6 <= -9.04
|   |   |   |   |   |--- feature_5 <= 39.45
|   |   |   |   |   |   |--- feature_2 <= 9.50
|   |   |   |   |   |   |   |--- feature_29 <= 0.87
|   |   |   |   |   |   |   |   |--- feature_12 <= 81.74
|   |   |   |   |   |   |   |   |   |--- class: positive
|   |   |   |   |   |   |   |   |--- feature_12 >  81.74
|   |   |   |   |   |   |   |   |   |--- class: negative
|   |   |   |   |   |   |   |--- feature_29 >  0.87
|   |   |   |   |   |   |   |   |--- class: negative
|   |   |   |   |   |   |--- feature_2 >  9.50
|   |   |   |   |   |   |   |--- feature_20 <= 0.87
|   |   |   |   |   |   |   |   |--- feature_1 <= 11581.00
|   |   |   |   |   |   |   |   |   |--- feature_21 <= 0.90
|   |   |   |   |   |   |   |   |   |   |--- feature_35 <= 0.90
|   |   |   |   |   |   |   |   |   |   |   |--- truncated branch of depth 7
|   |   |   |   |   |   |   |   |   |   |--- feature_35 >  0.90
|   |   |   |   |   |   |   |   |   |   |   |--- class: negative
|   |   |   |   |   |   |   |   |   |--- feature_21 >  0.90
|   |   |   |   |   |   |   |   |   |   |--- class: negative
|   |   |   |   |   |   |   |   |--- feature_1 >  11581.00
|   |   |   |   |   |   |   |   |   |--- feature_32 <= 0.50
|   |   |   |   |   |   |   |   |   |   |--- class: negative
|   |   |   |   |   |   |   |   |   |--- feature_32 >  0.50
|   |   |   |   |   |   |   |   |   |   |--- class: positive
|   |   |   |   |   |   |   |--- feature_20 >  0.87
|   |   |   |   |   |   |   |   |--- class: negative
|   |   |   |   |   |--- feature_5 >  39.45
|   |   |   |   |   |   |--- feature_29 <= 1.00
|   |   |   |   |   |   |   |--- feature_0 <= 1997.50
|   |   |   |   |   |   |   |   |--- feature_2 <= 25.00
|   |   |   |   |   |   |   |   |   |--- feature_6 <= -9.22
|   |   |   |   |   |   |   |   |   |   |--- class: positive
|   |   |   |   |   |   |   |   |   |--- feature_6 >  -9.22
|   |   |   |   |   |   |   |   |   |   |--- feature_22 <= 0.99
|   |   |   |   |   |   |   |   |   |   |   |--- truncated branch of depth 10
|   |   |   |   |   |   |   |   |   |   |--- feature_22 >  0.99
|   |   |   |   |   |   |   |   |   |   |   |--- truncated branch of depth 2
|   |   |   |   |   |   |   |   |--- feature_2 >  25.00
|   |   |   |   |   |   |   |   |   |--- class: negative
|   |   |   |   |   |   |   |--- feature_0 >  1997.50
|   |   |   |   |   |   |   |   |--- feature_10 <= 26.21
|   |   |   |   |   |   |   |   |   |--- feature_11 <= 10.27
|   |   |   |   |   |   |   |   |   |   |--- class: negative
|   |   |   |   |   |   |   |   |   |--- feature_11 >  10.27
|   |   |   |   |   |   |   |   |   |   |--- feature_6 <= -9.05
|   |   |   |   |   |   |   |   |   |   |   |--- class: positive
|   |   |   |   |   |   |   |   |   |   |--- feature_6 >  -9.05
|   |   |   |   |   |   |   |   |   |   |   |--- class: negative
|   |   |   |   |   |   |   |   |--- feature_10 >  26.21
|   |   |   |   |   |   |   |   |   |--- feature_23 <= 0.07
|   |   |   |   |   |   |   |   |   |   |--- class: negative
|   |   |   |   |   |   |   |   |   |--- feature_23 >  0.07
|   |   |   |   |   |   |   |   |   |   |--- class: positive
|   |   |   |   |   |   |--- feature_29 >  1.00
|   |   |   |   |   |   |   |--- feature_12 <= 61.65
|   |   |   |   |   |   |   |   |--- feature_5 <= 39.63
|   |   |   |   |   |   |   |   |   |--- class: positive
|   |   |   |   |   |   |   |   |--- feature_5 >  39.63
|   |   |   |   |   |   |   |   |   |--- feature_52 <= 0.08
|   |   |   |   |   |   |   |   |   |   |--- class: negative
|   |   |   |   |   |   |   |   |   |--- feature_52 >  0.08
|   |   |   |   |   |   |   |   |   |   |--- feature_7 <= 12.50
|   |   |   |   |   |   |   |   |   |   |   |--- class: negative
|   |   |   |   |   |   |   |   |   |   |--- feature_7 >  12.50
|   |   |   |   |   |   |   |   |   |   |   |--- class: positive
|   |   |   |   |   |   |   |--- feature_12 >  61.65
|   |   |   |   |   |   |   |   |--- feature_6 <= -9.06
|   |   |   |   |   |   |   |   |   |--- class: positive
|   |   |   |   |   |   |   |   |--- feature_6 >  -9.06
|   |   |   |   |   |   |   |   |   |--- class: negative
|   |   |   |   |--- feature_6 >  -9.04
|   |   |   |   |   |--- feature_2 <= 5.50
|   |   |   |   |   |   |--- feature_6 <= -9.00
|   |   |   |   |   |   |   |--- feature_7 <= 18.50
|   |   |   |   |   |   |   |   |--- feature_22 <= 0.00
|   |   |   |   |   |   |   |   |   |--- feature_5 <= 39.85
|   |   |   |   |   |   |   |   |   |   |--- feature_14 <= 2.50
|   |   |   |   |   |   |   |   |   |   |   |--- truncated branch of depth 3
|   |   |   |   |   |   |   |   |   |   |--- feature_14 >  2.50
|   |   |   |   |   |   |   |   |   |   |   |--- class: negative
|   |   |   |   |   |   |   |   |   |--- feature_5 >  39.85
|   |   |   |   |   |   |   |   |   |   |--- class: negative
|   |   |   |   |   |   |   |   |--- feature_22 >  0.00
|   |   |   |   |   |   |   |   |   |--- class: positive
|   |   |   |   |   |   |   |--- feature_7 >  18.50
|   |   |   |   |   |   |   |   |--- class: negative
|   |   |   |   |   |   |--- feature_6 >  -9.00
|   |   |   |   |   |   |   |--- feature_12 <= 48.58
|   |   |   |   |   |   |   |   |--- class: negative
|   |   |   |   |   |   |   |--- feature_12 >  48.58
|   |   |   |   |   |   |   |   |--- class: positive
|   |   |   |   |   |--- feature_2 >  5.50
|   |   |   |   |   |   |--- feature_21 <= 0.98
|   |   |   |   |   |   |   |--- feature_47 <= 0.97
|   |   |   |   |   |   |   |   |--- feature_47 <= 0.00
|   |   |   |   |   |   |   |   |   |--- feature_13 <= 5.30
|   |   |   |   |   |   |   |   |   |   |--- feature_13 <= 4.92
|   |   |   |   |   |   |   |   |   |   |   |--- truncated branch of depth 3
|   |   |   |   |   |   |   |   |   |   |--- feature_13 >  4.92
|   |   |   |   |   |   |   |   |   |   |   |--- truncated branch of depth 3
|   |   |   |   |   |   |   |   |   |--- feature_13 >  5.30
|   |   |   |   |   |   |   |   |   |   |--- feature_1 <= 13899.00
|   |   |   |   |   |   |   |   |   |   |   |--- truncated branch of depth 6
|   |   |   |   |   |   |   |   |   |   |--- feature_1 >  13899.00
|   |   |   |   |   |   |   |   |   |   |   |--- class: negative
|   |   |   |   |   |   |   |   |--- feature_47 >  0.00
|   |   |   |   |   |   |   |   |   |--- class: positive
|   |   |   |   |   |   |   |--- feature_47 >  0.97
|   |   |   |   |   |   |   |   |--- feature_5 <= 39.97
|   |   |   |   |   |   |   |   |   |--- feature_1 <= 3077.00
|   |   |   |   |   |   |   |   |   |   |--- feature_11 <= 10.75
|   |   |   |   |   |   |   |   |   |   |   |--- class: positive
|   |   |   |   |   |   |   |   |   |   |--- feature_11 >  10.75
|   |   |   |   |   |   |   |   |   |   |   |--- class: negative
|   |   |   |   |   |   |   |   |   |--- feature_1 >  3077.00
|   |   |   |   |   |   |   |   |   |   |--- feature_12 <= 42.11
|   |   |   |   |   |   |   |   |   |   |   |--- class: negative
|   |   |   |   |   |   |   |   |   |   |--- feature_12 >  42.11
|   |   |   |   |   |   |   |   |   |   |   |--- class: positive
|   |   |   |   |   |   |   |   |--- feature_5 >  39.97
|   |   |   |   |   |   |   |   |   |--- feature_9 <= 8.27
|   |   |   |   |   |   |   |   |   |   |--- feature_9 <= 7.00
|   |   |   |   |   |   |   |   |   |   |   |--- class: negative
|   |   |   |   |   |   |   |   |   |   |--- feature_9 >  7.00
|   |   |   |   |   |   |   |   |   |   |   |--- class: positive
|   |   |   |   |   |   |   |   |   |--- feature_9 >  8.27
|   |   |   |   |   |   |   |   |   |   |--- class: negative
|   |   |   |   |   |   |--- feature_21 >  0.98
|   |   |   |   |   |   |   |--- feature_7 <= 26.50
|   |   |   |   |   |   |   |   |--- class: negative
|   |   |   |   |   |   |   |--- feature_7 >  26.50
|   |   |   |   |   |   |   |   |--- feature_7 <= 38.00
|   |   |   |   |   |   |   |   |   |--- class: positive
|   |   |   |   |   |   |   |   |--- feature_7 >  38.00
|   |   |   |   |   |   |   |   |   |--- class: negative
|   |   |   |--- feature_5 >  40.72
|   |   |   |   |--- feature_6 <= -9.23
|   |   |   |   |   |--- class: positive
|   |   |   |   |--- feature_6 >  -9.23
|   |   |   |   |   |--- feature_10 <= 24.61
|   |   |   |   |   |   |--- feature_1 <= 22206.00
|   |   |   |   |   |   |   |--- feature_9 <= 8.44
|   |   |   |   |   |   |   |   |--- feature_9 <= 7.80
|   |   |   |   |   |   |   |   |   |--- class: negative
|   |   |   |   |   |   |   |   |--- feature_9 >  7.80
|   |   |   |   |   |   |   |   |   |--- feature_1 <= 1693.50
|   |   |   |   |   |   |   |   |   |   |--- class: negative
|   |   |   |   |   |   |   |   |   |--- feature_1 >  1693.50
|   |   |   |   |   |   |   |   |   |   |--- class: positive
|   |   |   |   |   |   |   |--- feature_9 >  8.44
|   |   |   |   |   |   |   |   |--- class: negative
|   |   |   |   |   |   |--- feature_1 >  22206.00
|   |   |   |   |   |   |   |--- feature_14 <= 4.50
|   |   |   |   |   |   |   |   |--- class: positive
|   |   |   |   |   |   |   |--- feature_14 >  4.50
|   |   |   |   |   |   |   |   |--- class: negative
|   |   |   |   |   |--- feature_10 >  24.61
|   |   |   |   |   |   |--- feature_0 <= 1988.50
|   |   |   |   |   |   |   |--- feature_18 <= 0.02
|   |   |   |   |   |   |   |   |--- feature_13 <= 4.79
|   |   |   |   |   |   |   |   |   |--- class: positive
|   |   |   |   |   |   |   |   |--- feature_13 >  4.79
|   |   |   |   |   |   |   |   |   |--- feature_5 <= 41.39
|   |   |   |   |   |   |   |   |   |   |--- feature_6 <= -8.99
|   |   |   |   |   |   |   |   |   |   |   |--- truncated branch of depth 7
|   |   |   |   |   |   |   |   |   |   |--- feature_6 >  -8.99
|   |   |   |   |   |   |   |   |   |   |   |--- class: positive
|   |   |   |   |   |   |   |   |   |--- feature_5 >  41.39
|   |   |   |   |   |   |   |   |   |   |--- feature_6 <= -9.02
|   |   |   |   |   |   |   |   |   |   |   |--- truncated branch of depth 3
|   |   |   |   |   |   |   |   |   |   |--- feature_6 >  -9.02
|   |   |   |   |   |   |   |   |   |   |   |--- truncated branch of depth 2
|   |   |   |   |   |   |   |--- feature_18 >  0.02
|   |   |   |   |   |   |   |   |--- feature_18 <= 0.99
|   |   |   |   |   |   |   |   |   |--- class: positive
|   |   |   |   |   |   |   |   |--- feature_18 >  0.99
|   |   |   |   |   |   |   |   |   |--- feature_1 <= 6176.00
|   |   |   |   |   |   |   |   |   |   |--- feature_13 <= 6.88
|   |   |   |   |   |   |   |   |   |   |   |--- class: positive
|   |   |   |   |   |   |   |   |   |   |--- feature_13 >  6.88
|   |   |   |   |   |   |   |   |   |   |   |--- class: negative
|   |   |   |   |   |   |   |   |   |--- feature_1 >  6176.00
|   |   |   |   |   |   |   |   |   |   |--- feature_7 <= 21.00
|   |   |   |   |   |   |   |   |   |   |   |--- truncated branch of depth 3
|   |   |   |   |   |   |   |   |   |   |--- feature_7 >  21.00
|   |   |   |   |   |   |   |   |   |   |   |--- class: positive
|   |   |   |   |   |   |--- feature_0 >  1988.50
|   |   |   |   |   |   |   |--- class: negative
|   |--- feature_6 >  -8.94
|   |   |--- feature_25 <= 0.99
|   |   |   |--- class: positive
|   |   |--- feature_25 >  0.99
|   |   |   |--- feature_10 <= 17.64
|   |   |   |   |--- class: negative
|   |   |   |--- feature_10 >  17.64
|   |   |   |   |--- feature_23 <= 0.99
|   |   |   |   |   |--- feature_23 <= 0.00
|   |   |   |   |   |   |--- feature_47 <= 1.00
|   |   |   |   |   |   |   |--- feature_47 <= 0.00
|   |   |   |   |   |   |   |   |--- feature_5 <= 41.15
|   |   |   |   |   |   |   |   |   |--- feature_7 <= 0.50
|   |   |   |   |   |   |   |   |   |   |--- feature_10 <= 18.35
|   |   |   |   |   |   |   |   |   |   |   |--- class: positive
|   |   |   |   |   |   |   |   |   |   |--- feature_10 >  18.35
|   |   |   |   |   |   |   |   |   |   |   |--- truncated branch of depth 3
|   |   |   |   |   |   |   |   |   |--- feature_7 >  0.50
|   |   |   |   |   |   |   |   |   |   |--- feature_0 <= 1974.00
|   |   |   |   |   |   |   |   |   |   |   |--- truncated branch of depth 8
|   |   |   |   |   |   |   |   |   |   |--- feature_0 >  1974.00
|   |   |   |   |   |   |   |   |   |   |   |--- truncated branch of depth 2
|   |   |   |   |   |   |   |   |--- feature_5 >  41.15
|   |   |   |   |   |   |   |   |   |--- feature_1 <= 8969.50
|   |   |   |   |   |   |   |   |   |   |--- feature_8 <= 7.50
|   |   |   |   |   |   |   |   |   |   |   |--- class: negative
|   |   |   |   |   |   |   |   |   |   |--- feature_8 >  7.50
|   |   |   |   |   |   |   |   |   |   |   |--- class: positive
|   |   |   |   |   |   |   |   |   |--- feature_1 >  8969.50
|   |   |   |   |   |   |   |   |   |   |--- feature_8 <= 3.50
|   |   |   |   |   |   |   |   |   |   |   |--- truncated branch of depth 5
|   |   |   |   |   |   |   |   |   |   |--- feature_8 >  3.50
|   |   |   |   |   |   |   |   |   |   |   |--- class: positive
|   |   |   |   |   |   |   |--- feature_47 >  0.00
|   |   |   |   |   |   |   |   |--- class: positive
|   |   |   |   |   |   |--- feature_47 >  1.00
|   |   |   |   |   |   |   |--- feature_0 <= 1986.50
|   |   |   |   |   |   |   |   |--- feature_12 <= 61.81
|   |   |   |   |   |   |   |   |   |--- feature_6 <= -8.91
|   |   |   |   |   |   |   |   |   |   |--- feature_6 <= -8.94
|   |   |   |   |   |   |   |   |   |   |   |--- truncated branch of depth 2
|   |   |   |   |   |   |   |   |   |   |--- feature_6 >  -8.94
|   |   |   |   |   |   |   |   |   |   |   |--- class: negative
|   |   |   |   |   |   |   |   |   |--- feature_6 >  -8.91
|   |   |   |   |   |   |   |   |   |   |--- feature_6 <= -8.91
|   |   |   |   |   |   |   |   |   |   |   |--- truncated branch of depth 2
|   |   |   |   |   |   |   |   |   |   |--- feature_6 >  -8.91
|   |   |   |   |   |   |   |   |   |   |   |--- truncated branch of depth 6
|   |   |   |   |   |   |   |   |--- feature_12 >  61.81
|   |   |   |   |   |   |   |   |   |--- class: negative
|   |   |   |   |   |   |   |--- feature_0 >  1986.50
|   |   |   |   |   |   |   |   |--- class: negative
|   |   |   |   |   |--- feature_23 >  0.00
|   |   |   |   |   |   |--- class: positive
|   |   |   |   |--- feature_23 >  0.99
|   |   |   |   |   |--- feature_11 <= 18.62
|   |   |   |   |   |   |--- class: negative
|   |   |   |   |   |--- feature_11 >  18.62
|   |   |   |   |   |   |--- feature_5 <= 39.99
|   |   |   |   |   |   |   |--- class: positive
|   |   |   |   |   |   |--- feature_5 >  39.99
|   |   |   |   |   |   |   |--- class: negative
