|--- feature_31 <= 1.00
|   |--- feature_31 <= 0.00
|   |   |--- feature_0 <= 1972.50
|   |   |   |--- feature_17 <= 1.00
|   |   |   |   |--- feature_17 <= 0.00
|   |   |   |   |   |--- feature_32 <= 0.00
|   |   |   |   |   |   |--- feature_12 <= 40.50
|   |   |   |   |   |   |   |--- feature_22 <= 1.00
|   |   |   |   |   |   |   |   |--- feature_22 <= 0.00
|   |   |   |   |   |   |   |   |   |--- feature_29 <= 0.99
|   |   |   |   |   |   |   |   |   |   |--- feature_47 <= 0.00
|   |   |   |   |   |   |   |   |   |   |   |--- truncated branch of depth 19
|   |   |   |   |   |   |   |   |   |   |--- feature_47 >  0.00
|   |   |   |   |   |   |   |   |   |   |   |--- truncated branch of depth 6
|   |   |   |   |   |   |   |   |   |--- feature_29 >  0.99
|   |   |   |   |   |   |   |   |   |   |--- feature_10 <= 141.50
|   |   |   |   |   |   |   |   |   |   |   |--- truncated branch of depth 6
|   |   |   |   |   |   |   |   |   |   |--- feature_10 >  141.50
|   |   |   |   |   |   |   |   |   |   |   |--- class: positive
|   |   |   |   |   |   |   |   |--- feature_22 >  0.00
|   |   |   |   |   |   |   |   |   |--- class: positive
|   |   |   |   |   |   |   |--- feature_22 >  1.00
|   |   |   |   |   |   |   |   |--- feature_9 <= 6.80
|   |   |   |   |   |   |   |   |   |--- feature_1 <= 511.00
|   |   |   |   |   |   |   |   |   |   |--- feature_9 <= 6.55
|   |   |   |   |   |   |   |   |   |   |   |--- class: negative
|   |   |   |   |   |   |   |   |   |   |--- feature_9 >  6.55
|   |   |   |   |   |   |   |   |   |   |   |--- truncated branch of depth 5
|   |   |   |   |   |   |   |   |   |--- feature_1 >  511.00
|   |   |   |   |   |   |   |   |   |   |--- feature_11 <= 6.50
|   |   |   |   |   |   |   |   |   |   |   |--- class: negative
|   |   |   |   |   |   |   |   |   |   |--- feature_11 >  6.50
|   |   |   |   |   |   |   |   |   |   |   |--- class: positive
|   |   |   |   |   |   |   |   |--- feature_9 >  6.80
|   |   |   |   |   |   |   |   |   |--- feature_52 <= 0.99
|   |   |   |   |   |   |   |   |   |   |--- feature_14 <= 1.50
|   |   |   |   |   |   |   |   |   |   |   |--- truncated branch of depth 10
|   |   |   |   |   |   |   |   |   |   |--- feature_14 >  1.50
|   |   |   |   |   |   |   |   |   |   |   |--- truncated branch of depth 11
|   |   |   |   |   |   |   |   |   |--- feature_52 >  0.99
|   |   |   |   |   |   |   |   |   |   |--- feature_1 <= 142.00
|   |   |   |   |   |   |   |   |   |   |   |--- truncated branch of depth 4
|   |   |   |   |   |   |   |   |   |   |--- feature_1 >  142.00
|   |   |   |   |   |   |   |   |   |   |   |--- truncated branch of depth 5
|   |   |   |   |   |   |--- feature_12 >  40.50
|   |   |   |   |   |   |   |--- feature_23 <= 0.02
|   |   |   |   |   |   |   |   |--- feature_12 <= 44.55
|   |   |   |   |   |   |   |   |   |--- feature_13 <= 2.50
|   |   |   |   |   |   |   |   |   |   |--- feature_0 <= 1932.50
|   |   |   |   |   |   |   |   |   |   |   |--- truncated branch of depth 3
|   |   |   |   |   |   |   |   |   |   |--- feature_0 >  1932.50
|   |   |   |   |   |   |   |   |   |   |   |--- class: negative
|   |   |   |   |   |   |   |   |   |--- feature_13 >  2.50
|   |   |   |   |   |   |   |   |   |   |--- feature_1 <= 5812.00
|   |   |   |   |   |   |   |   |   |   |   |--- truncated branch of depth 6
|   |   |   |   |   |   |   |   |   |   |--- feature_1 >  5812.00
|   |   |   |   |   |   |   |   |   |   |   |--- truncated branch of depth 4
|   |   |   |   |   |   |   |   |--- feature_12 >  44.55
|   |   |   |   |   |   |   |   |   |--- feature_0 <= 1936.50
|   |   |   |   |   |   |   |   |   |   |--- class: negative
|   |   |   |   |   |   |   |   |   |--- feature_0 >  1936.50
|   |   |   |   |   |   |   |   |   |   |--- feature_39 <= 0.10
|   |   |   |   |   |   |   |   |   |   |   |--- truncated branch of depth 5
|   |   |   |   |   |   |   |   |   |   |--- feature_39 >  0.10
|   |   |   |   |   |   |   |   |   |   |   |--- truncated branch of depth 3
|   |   |   |   |   |   |   |--- feature_23 >  0.02
|   |   |   |   |   |   |   |   |--- feature_23 <= 0.92
|   |   |   |   |   |   |   |   |   |--- class: positive
|   |   |   |   |   |   |   |   |--- feature_23 >  0.92
|   |   |   |   |   |   |   |   |   |--- feature_11 <= 9.40
|   |   |   |   |   |   |   |   |   |   |--- class: negative
|   |   |   |   |   |   |   |   |   |--- feature_11 >  9.40
|   |   |   |   |   |   |   |   |   |   |--- feature_7 <= 47.50
|   |   |   |   |   |   |   |   |   |   |   |--- truncated branch of depth 4
|   |   |   |   |   |   |   |   |   |   |--- feature_7 >  47.50
|   |   |   |   |   |   |   |   |   |   |   |--- class: positive
|   |   |   |   |   |--- feature_32 >  0.00
|   |   |   |   |   |   |--- feature_23 <= 0.99
|   |   |   |   |   |   |   |--- feature_1 <= 24249.50
|   |   |   |   |   |   |   |   |--- feature_7 <= 0.50
|   |   |   |   |   |   |   |   |   |--- feature_10 <= 124.53
|   |   |   |   |   |   |   |   |   |   |--- feature_9 <= 10.67
|   |   |   |   |   |   |   |   |   |   |   |--- class: negative
|   |   |   |   |   |   |   |   |   |   |--- feature_9 >  10.67
|   |   |   |   |   |   |   |   |   |   |   |--- truncated branch of depth 5
|   |   |   |   |   |   |   |   |   |--- feature_10 >  124.53
|   |   |   |   |   |   |   |   |   |   |--- class: positive
|   |   |   |   |   |   |   |   |--- feature_7 >  0.50
|   |   |   |   |   |   |   |   |   |--- feature_1 <= 17137.50
|   |   |   |   |   |   |   |   |   |   |--- feature_12 <= 63.91
|   |   |   |   |   |   |   |   |   |   |   |--- truncated branch of depth 9
|   |   |   |   |   |   |   |   |   |   |--- feature_12 >  63.91
|   |   |   |   |   |   |   |   |   |   |   |--- truncated branch of depth 2
|   |   |   |   |   |   |   |   |   |--- feature_1 >  17137.50
|   |   |   |   |   |   |   |   |   |   |--- feature_9 <= 10.07
|   |   |   |   |   |   |   |   |   |   |   |--- truncated branch of depth 2
|   |   |   |   |   |   |   |   |   |   |--- feature_9 >  10.07
|   |   |   |   |   |   |   |   |   |   |   |--- truncated branch of depth 4
|   |   |   |   |   |   |   |--- feature_1 >  24249.50
|   |   |   |   |   |   |   |   |--- feature_29 <= 0.11
|   |   |   |   |   |   |   |   |   |--- class: negative
|   |   |   |   |   |   |   |   |--- feature_29 >  0.11
|   |   |   |   |   |   |   |   |   |--- class: positive
|   |   |   |   |   |   |--- feature_23 >  0.99
|   |   |   |   |   |   |   |--- feature_12 <= 58.05
|   |   |   |   |   |   |   |   |--- feature_7 <= 7.50
|   |   |   |   |   |   |   |   |   |--- class: negative
|   |   |   |   |   |   |   |   |--- feature_7 >  7.50
|   |   |   |   |   |   |   |   |   |--- feature_1 <= 21168.50
|   |   |   |   |   |   |   |   |   |   |--- feature_9 <= 21.75
|   |   |   |   |   |   |   |   |   |   |   |--- truncated branch of depth 2
|   |   |   |   |   |   |   |   |   |   |--- feature_9 >  21.75
|   |   |   |   |   |   |   |   |   |   |   |--- truncated branch of depth 2
|   |   |   |   |   |   |   |   |   |--- feature_1 >  21168.50
|   |   |   |   |   |   |   |   |   |   |--- feature_13 <= 4.00
|   |   |   |   |   |   |   |   |   |   |   |--- class: positive
|   |   |   |   |   |   |   |   |   |   |--- feature_13 >  4.00
|   |   |   |   |   |   |   |   |   |   |   |--- class: negative
|   |   |   |   |   |   |   |--- feature_12 >  58.05
|   |   |   |   |   |   |   |   |--- feature_10 <= 49.45
|   |   |   |   |   |   |   |   |   |--- feature_0 <= 1962.00
|   |   |   |   |   |   |   |   |   |   |--- class: positive
|   |   |   |   |   |   |   |   |   |--- feature_0 >  1962.00
|   |   |   |   |   |   |   |   |   |   |--- class: negative
|   |   |   |   |   |   |   |   |--- feature_10 >  49.45
|   |   |   |   |   |   |   |   |   |--- class: negative
|   |   |   |   |--- feature_17 >  0.00
|   |   |   |   |   |--- class: positive
|   |   |   |--- feature_17 >  1.00
|   |   |   |   |--- feature_0 <= 1923.50
|   |   |   |   |   |--- feature_12 <= 20.25
|   |   |   |   |   |   |--- feature_12 <= 19.35
|   |   |   |   |   |   |   |--- class: negative
|   |   |   |   |   |   |--- feature_12 >  19.35
|   |   |   |   |   |   |   |--- class: positive
|   |   |   |   |   |--- feature_12 >  20.25
|   |   |   |   |   |   |--- class: negative
|   |   |   |   |--- feature_0 >  1923.50
|   |   |   |   |   |--- feature_12 <= 40.23
|   |   |   |   |   |   |--- feature_13 <= 5.00
|   |   |   |   |   |   |   |--- feature_13 <= 4.02
|   |   |   |   |   |   |   |   |--- feature_47 <= 0.99
|   |   |   |   |   |   |   |   |   |--- feature_47 <= 0.01
|   |   |   |   |   |   |   |   |   |   |--- feature_1 <= 221.50
|   |   |   |   |   |   |   |   |   |   |   |--- truncated branch of depth 5
|   |   |   |   |   |   |   |   |   |   |--- feature_1 >  221.50
|   |   |   |   |   |   |   |   |   |   |   |--- truncated branch of depth 2
|   |   |   |   |   |   |   |   |   |--- feature_47 >  0.01
|   |   |   |   |   |   |   |   |   |   |--- class: positive
|   |   |   |   |   |   |   |   |--- feature_47 >  0.99
|   |   |   |   |   |   |   |   |   |--- feature_10 <= 7.05
|   |   |   |   |   |   |   |   |   |   |--- feature_11 <= 7.50
|   |   |   |   |   |   |   |   |   |   |   |--- truncated branch of depth 3
|   |   |   |   |   |   |   |   |   |   |--- feature_11 >  7.50
|   |   |   |   |   |   |   |   |   |   |   |--- truncated branch of depth 2
|   |   |   |   |   |   |   |   |   |--- feature_10 >  7.05
|   |   |   |   |   |   |   |   |   |   |--- class: negative
|   |   |   |   |   |   |   |--- feature_13 >  4.02
|   |   |   |   |   |   |   |   |--- class: positive
|   |   |   |   |   |   |--- feature_13 >  5.00
|   |   |   |   |   |   |   |--- feature_7 <= 2.00
|   |   |   |   |   |   |   |   |--- feature_11 <= 11.92
|   |   |   |   |   |   |   |   |   |--- feature_0 <= 1936.50
|   |   |   |   |   |   |   |   |   |   |--- class: negative
|   |   |   |   |   |   |   |   |   |--- feature_0 >  1936.50
|   |   |   |   |   |   |   |   |   |   |--- feature_0 <= 1938.50
|   |   |   |   |   |   |   |   |   |   |   |--- truncated branch of depth 2
|   |   |   |   |   |   |   |   |   |   |--- feature_0 >  1938.50
|   |   |   |   |   |   |   |   |   |   |   |--- truncated branch of depth 8
|   |   |   |   |   |   |   |   |--- feature_11 >  11.92
|   |   |   |   |   |   |   |   |   |--- feature_13 <= 6.50
|   |   |   |   |   |   |   |   |   |   |--- class: positive
|   |   |   |   |   |   |   |   |   |--- feature_13 >  6.50
|   |   |   |   |   |   |   |   |   |   |--- feature_11 <= 14.70
|   |   |   |   |   |   |   |   |   |   |   |--- class: negative
|   |   |   |   |   |   |   |   |   |   |--- feature_11 >  14.70
|   |   |   |   |   |   |   |   |   |   |   |--- class: positive
|   |   |   |   |   |   |   |--- feature_7 >  2.00
|   |   |   |   |   |   |   |   |--- feature_47 <= 0.02
|   |   |   |   |   |   |   |   |   |--- feature_35 <= 0.89
|   |   |   |   |   |   |   |   |   |   |--- feature_35 <= 0.02
|   |   |   |   |   |   |   |   |   |   |   |--- truncated branch of depth 5
|   |   |   |   |   |   |   |   |   |   |--- feature_35 >  0.02
|   |   |   |   |   |   |   |   |   |   |   |--- class: positive
|   |   |   |   |   |   |   |   |   |--- feature_35 >  0.89
|   |   |   |   |   |   |   |   |   |   |--- feature_9 <= 9.16
|   |   |   |   |   |   |   |   |   |   |   |--- class: negative
|   |   |   |   |   |   |   |   |   |   |--- feature_9 >  9.16
|   |   |   |   |   |   |   |   |   |   |   |--- truncated branch of depth 6
|   |   |   |   |   |   |   |   |--- feature_47 >  0.02
|   |   |   |   |   |   |   |   |   |--- feature_2 <= 6.50
|   |   |   |   |   |   |   |   |   |   |--- feature_1 <= 105.50
|   |   |   |   |   |   |   |   |   |   |   |--- truncated branch of depth 3
|   |   |   |   |   |   |   |   |   |   |--- feature_1 >  105.50
|   |   |   |   |   |   |   |   |   |   |   |--- truncated branch of depth 4
|   |   |   |   |   |   |   |   |   |--- feature_2 >  6.50
|   |   |   |   |   |   |   |   |   |   |--- feature_1 <= 1506.00
|   |   |   |   |   |   |   |   |   |   |   |--- class: positive
|   |   |   |   |   |   |   |   |   |   |--- feature_1 >  1506.00
|   |   |   |   |   |   |   |   |   |   |   |--- class: negative
|   |   |   |   |   |--- feature_12 >  40.23
|   |   |   |   |   |   |--- feature_13 <= 5.32
|   |   |   |   |   |   |   |--- class: negative
|   |   |   |   |   |   |--- feature_13 >  5.32
|   |   |   |   |   |   |   |--- feature_47 <= 0.02
|   |   |   |   |   |   |   |   |--- feature_7 <= 27.50
|   |   |   |   |   |   |   |   |   |--- feature_0 <= 1965.50
|   |   |   |   |   |   |   |   |   |   |--- class: negative
|   |   |   |   |   |   |   |   |   |--- feature_0 >  1965.50
|   |   |   |   |   |   |   |   |   |   |--- feature_2 <= 5.00
|   |   |   |   |   |   |   |   |   |   |   |--- class: positive
|   |   |   |   |   |   |   |   |   |   |--- feature_2 >  5.00
|   |   |   |   |   |   |   |   |   |   |   |--- class: negative
|   |   |   |   |   |   |   |   |--- feature_7 >  27.50
|   |   |   |   |   |   |   |   |   |--- feature_9 <= 20.50
|   |   |   |   |   |   |   |   |   |   |--- feature_10 <= 9.85
|   |   |   |   |   |   |   |   |   |   |   |--- truncated branch of depth 2
|   |   |   |   |   |   |   |   |   |   |--- feature_10 >  9.85
|   |   |   |   |   |   |   |   |   |   |   |--- class: negative
|   |   |   |   |   |   |   |   |   |--- feature_9 >  20.50
|   |   |   |   |   |   |   |   |   |   |--- class: positive
|   |   |   |   |   |   |   |--- feature_47 >  0.02
|   |   |   |   |   |   |   |   |--- feature_13 <= 7.93
|   |   |   |   |   |   |   |   |   |--- class: positive
|   |   |   |   |   |   |   |   |--- feature_13 >  7.93
|   |   |   |   |   |   |   |   |   |--- class: negative
|   |   |--- feature_0 >  1972.50
|   |   |   |--- feature_12 <= 33.88
|   |   |   |   |--- feature_45 <= 0.05
|   |   |   |   |   |--- feature_18 <= 0.05
|   |   |   |   |   |   |--- feature_12 <= 20.65
|   |   |   |   |   |   |   |--- feature_1 <= 113.50
|   |   |   |   |   |   |   |   |--- feature_49 <= 0.90
|   |   |   |   |   |   |   |   |   |--- feature_43 <= 0.50
|   |   |   |   |   |   |   |   |   |   |--- class: positive
|   |   |   |   |   |   |   |   |   |--- feature_43 >  0.50
|   |   |   |   |   |   |   |   |   |   |--- class: negative
|   |   |   |   |   |   |   |   |--- feature_49 >  0.90
|   |   |   |   |   |   |   |   |   |--- class: negative
|   |   |   |   |   |   |   |--- feature_1 >  113.50
|   |   |   |   |   |   |   |   |--- class: negative
|   |   |   |   |   |   |--- feature_12 >  20.65
|   |   |   |   |   |   |   |--- feature_2 <= 0.50
|   |   |   |   |   |   |   |   |--- feature_2 <= -0.50
|   |   |   |   |   |   |   |   |   |--- class: negative
|   |   |   |   |   |   |   |   |--- feature_2 >  -0.50
|   |   |   |   |   |   |   |   |   |--- feature_1 <= 113.00
|   |   |   |   |   |   |   |   |   |   |--- class: positive
|   |   |   |   |   |   |   |   |   |--- feature_1 >  113.00
|   |   |   |   |   |   |   |   |   |   |--- class: negative
|   |   |   |   |   |   |   |--- feature_2 >  0.50
|   |   |   |   |   |   |   |   |--- class: negative
|   |   |   |   |   |--- feature_18 >  0.05
|   |   |   |   |   |   |--- feature_11 <= 6.22
|   |   |   |   |   |   |   |--- class: negative
|   |   |   |   |   |   |--- feature_11 >  6.22
|   |   |   |   |   |   |   |--- class: positive
|   |   |   |   |--- feature_45 >  0.05
|   |   |   |   |   |--- feature_10 <= 22.40
|   |   |   |   |   |   |--- feature_11 <= 5.95
|   |   |   |   |   |   |   |--- feature_52 <= 0.22
|   |   |   |   |   |   |   |   |--- class: negative
|   |   |   |   |   |   |   |--- feature_52 >  0.22
|   |   |   |   |   |   |   |   |--- class: positive
|   |   |   |   |   |   |--- feature_11 >  5.95
|   |   |   |   |   |   |   |--- class: positive
|   |   |   |   |   |--- feature_10 >  22.40
|   |   |   |   |   |   |--- class: negative
|   |   |   |--- feature_12 >  33.88
|   |   |   |   |--- feature_1 <= 238.50
|   |   |   |   |   |--- class: negative
|   |   |   |   |--- feature_1 >  238.50
|   |   |   |   |   |--- feature_12 <= 40.37
|   |   |   |   |   |   |--- feature_12 <= 36.22
|   |   |   |   |   |   |   |--- feature_0 <= 1974.50
|   |   |   |   |   |   |   |   |--- class: positive
|   |   |   |   |   |   |   |--- feature_0 >  1974.50
|   |   |   |   |   |   |   |   |--- feature_13 <= 3.89
|   |   |   |   |   |   |   |   |   |--- feature_12 <= 35.97
|   |   |   |   |   |   |   |   |   |   |--- class: positive
|   |   |   |   |   |   |   |   |   |--- feature_12 >  35.97
|   |   |   |   |   |   |   |   |   |   |--- class: negative
|   |   |   |   |   |   |   |   |--- feature_13 >  3.89
|   |   |   |   |   |   |   |   |   |--- class: negative
|   |   |   |   |   |   |--- feature_12 >  36.22
|   |   |   |   |   |   |   |--- feature_11 <= 7.34
|   |   |   |   |   |   |   |   |--- feature_12 <= 39.85
|   |   |   |   |   |   |   |   |   |--- class: negative
|   |   |   |   |   |   |   |   |--- feature_12 >  39.85
|   |   |   |   |   |   |   |   |   |--- class: positive
|   |   |   |   |   |   |   |--- feature_11 >  7.34
|   |   |   |   |   |   |   |   |--- class: positive
|   |   |   |   |   |--- feature_12 >  40.37
|   |   |   |   |   |   |--- feature_1 <= 11646.50
|   |   |   |   |   |   |   |--- feature_1 <= 244.50
|   |   |   |   |   |   |   |   |--- feature_20 <= 0.50
|   |   |   |   |   |   |   |   |   |--- class: positive
|   |   |   |   |   |   |   |   |--- feature_20 >  0.50
|   |   |   |   |   |   |   |   |   |--- class: negative
|   |   |   |   |   |   |   |--- feature_1 >  244.50
|   |   |   |   |   |   |   |   |--- class: negative
|   |   |   |   |   |   |--- feature_1 >  11646.50
|   |   |   |   |   |   |   |--- feature_1 <= 15188.50
|   |   |   |   |   |   |   |   |--- feature_12 <= 50.79
|   |   |   |   |   |   |   |   |   |--- class: negative
|   |   |   |   |   |   |   |   |--- feature_12 >  50.79
|   |   |   |   |   |   |   |   |   |--- class: positive
|   |   |   |   |   |   |   |--- feature_1 >  15188.50
|   |   |   |   |   |   |   |   |--- class: negative
|   |--- feature_31 >  0.00
|   |   |--- class: positive
|--- feature_31 >  1.00
|   |--- feature_12 <= 44.11
|   |   |--- feature_0 <= 1986.50
|   |   |   |--- feature_39 <= 0.01
|   |   |   |   |--- feature_11 <= 8.60
|   |   |   |   |   |--- feature_10 <= 13.70
|   |   |   |   |   |   |--- feature_0 <= 1967.50
|   |   |   |   |   |   |   |--- feature_0 <= 1946.50
|   |   |   |   |   |   |   |   |--- feature_43 <= 0.50
|   |   |   |   |   |   |   |   |   |--- class: negative
|   |   |   |   |   |   |   |   |--- feature_43 >  0.50
|   |   |   |   |   |   |   |   |   |--- class: positive
|   |   |   |   |   |   |   |--- feature_0 >  1946.50
|   |   |   |   |   |   |   |   |--- feature_1 <= 300.00
|   |   |   |   |   |   |   |   |   |--- feature_1 <= 233.00
|   |   |   |   |   |   |   |   |   |   |--- feature_1 <= 118.50
|   |   |   |   |   |   |   |   |   |   |   |--- truncated branch of depth 3
|   |   |   |   |   |   |   |   |   |   |--- feature_1 >  118.50
|   |   |   |   |   |   |   |   |   |   |   |--- class: negative
|   |   |   |   |   |   |   |   |   |--- feature_1 >  233.00
|   |   |   |   |   |   |   |   |   |   |--- class: positive
|   |   |   |   |   |   |   |   |--- feature_1 >  300.00
|   |   |   |   |   |   |   |   |   |--- class: negative
|   |   |   |   |   |   |--- feature_0 >  1967.50
|   |   |   |   |   |   |   |--- feature_1 <= 65.00
|   |   |   |   |   |   |   |   |--- feature_11 <= 6.75
|   |   |   |   |   |   |   |   |   |--- feature_13 <= 6.50
|   |   |   |   |   |   |   |   |   |   |--- class: positive
|   |   |   |   |   |   |   |   |   |--- feature_13 >  6.50
|   |   |   |   |   |   |   |   |   |   |--- class: negative
|   |   |   |   |   |   |   |   |--- feature_11 >  6.75
|   |   |   |   |   |   |   |   |   |--- class: negative
|   |   |   |   |   |   |   |--- feature_1 >  65.00
|   |   |   |   |   |   |   |   |--- feature_10 <= 7.45
|   |   |   |   |   |   |   |   |   |--- feature_24 <= 0.50
|   |   |   |   |   |   |   |   |   |   |--- class: negative
|   |   |   |   |   |   |   |   |   |--- feature_24 >  0.50
|   |   |   |   |   |   |   |   |   |   |--- feature_2 <= 7.00
|   |   |   |   |   |   |   |   |   |   |   |--- class: negative
|   |   |   |   |   |   |   |   |   |   |--- feature_2 >  7.00
|   |   |   |   |   |   |   |   |   |   |   |--- class: positive
|   |   |   |   |   |   |   |   |--- feature_10 >  7.45
|   |   |   |   |   |   |   |   |   |--- class: negative
|   |   |   |   |   |--- feature_10 >  13.70
|   |   |   |   |   |   |--- feature_12 <= 26.93
|   |   |   |   |   |   |   |--- feature_8 <= 1.50
|   |   |   |   |   |   |   |   |--- feature_7 <= 11.50
|   |   |   |   |   |   |   |   |   |--- class: negative
|   |   |   |   |   |   |   |   |--- feature_7 >  11.50
|   |   |   |   |   |   |   |   |   |--- class: positive
|   |   |   |   |   |   |   |--- feature_8 >  1.50
|   |   |   |   |   |   |   |   |--- class: negative
|   |   |   |   |   |   |--- feature_12 >  26.93
|   |   |   |   |   |   |   |--- feature_1 <= 581.00
|   |   |   |   |   |   |   |   |--- feature_13 <= 6.15
|   |   |   |   |   |   |   |   |   |--- feature_13 <= 5.15
|   |   |   |   |   |   |   |   |   |   |--- feature_22 <= 0.05
|   |   |   |   |   |   |   |   |   |   |   |--- truncated branch of depth 9
|   |   |   |   |   |   |   |   |   |   |--- feature_22 >  0.05
|   |   |   |   |   |   |   |   |   |   |   |--- truncated branch of depth 2
|   |   |   |   |   |   |   |   |   |--- feature_13 >  5.15
|   |   |   |   |   |   |   |   |   |   |--- class: positive
|   |   |   |   |   |   |   |   |--- feature_13 >  6.15
|   |   |   |   |   |   |   |   |   |--- class: negative
|   |   |   |   |   |   |   |--- feature_1 >  581.00
|   |   |   |   |   |   |   |   |--- feature_1 <= 589.50
|   |   |   |   |   |   |   |   |   |--- class: positive
|   |   |   |   |   |   |   |   |--- feature_1 >  589.50
|   |   |   |   |   |   |   |   |   |--- feature_7 <= 45.50
|   |   |   |   |   |   |   |   |   |   |--- feature_9 <= 8.45
|   |   |   |   |   |   |   |   |   |   |   |--- truncated branch of depth 4
|   |   |   |   |   |   |   |   |   |   |--- feature_9 >  8.45
|   |   |   |   |   |   |   |   |   |   |   |--- truncated branch of depth 4
|   |   |   |   |   |   |   |   |   |--- feature_7 >  45.50
|   |   |   |   |   |   |   |   |   |   |--- feature_9 <= 17.34
|   |   |   |   |   |   |   |   |   |   |   |--- class: negative
|   |   |   |   |   |   |   |   |   |   |--- feature_9 >  17.34
|   |   |   |   |   |   |   |   |   |   |   |--- class: positive
|   |   |   |   |--- feature_11 >  8.60
|   |   |   |   |   |--- feature_2 <= 6.50
|   |   |   |   |   |   |--- feature_13 <= 3.00
|   |   |   |   |   |   |   |--- feature_10 <= 70.74
|   |   |   |   |   |   |   |   |--- class: negative
|   |   |   |   |   |   |   |--- feature_10 >  70.74
|   |   |   |   |   |   |   |   |--- class: positive
|   |   |   |   |   |   |--- feature_13 >  3.00
|   |   |   |   |   |   |   |--- feature_12 <= 25.20
|   |   |   |   |   |   |   |   |--- feature_10 <= 66.70
|   |   |   |   |   |   |   |   |   |--- class: positive
|   |   |   |   |   |   |   |   |--- feature_10 >  66.70
|   |   |   |   |   |   |   |   |   |--- class: negative
|   |   |   |   |   |   |   |--- feature_12 >  25.20
|   |   |   |   |   |   |   |   |--- feature_0 <= 1985.50
|   |   |   |   |   |   |   |   |   |--- feature_0 <= 1981.50
|   |   |   |   |   |   |   |   |   |   |--- class: negative
|   |   |   |   |   |   |   |   |   |--- feature_0 >  1981.50
|   |   |   |   |   |   |   |   |   |   |--- feature_0 <= 1982.50
|   |   |   |   |   |   |   |   |   |   |   |--- truncated branch of depth 2
|   |   |   |   |   |   |   |   |   |   |--- feature_0 >  1982.50
|   |   |   |   |   |   |   |   |   |   |   |--- class: negative
|   |   |   |   |   |   |   |   |--- feature_0 >  1985.50
|   |   |   |   |   |   |   |   |   |--- feature_9 <= 10.08
|   |   |   |   |   |   |   |   |   |   |--- class: positive
|   |   |   |   |   |   |   |   |   |--- feature_9 >  10.08
|   |   |   |   |   |   |   |   |   |   |--- feature_2 <= 5.50
|   |   |   |   |   |   |   |   |   |   |   |--- class: negative
|   |   |   |   |   |   |   |   |   |   |--- feature_2 >  5.50
|   |   |   |   |   |   |   |   |   |   |   |--- class: positive
|   |   |   |   |   |--- feature_2 >  6.50
|   |   |   |   |   |   |--- feature_1 <= 6415.00
|   |   |   |   |   |   |   |--- feature_13 <= 5.12
|   |   |   |   |   |   |   |   |--- feature_1 <= 5063.00
|   |   |   |   |   |   |   |   |   |--- class: negative
|   |   |   |   |   |   |   |   |--- feature_1 >  5063.00
|   |   |   |   |   |   |   |   |   |--- class: positive
|   |   |   |   |   |   |   |--- feature_13 >  5.12
|   |   |   |   |   |   |   |   |--- feature_1 <= 2470.50
|   |   |   |   |   |   |   |   |   |--- feature_11 <= 8.99
|   |   |   |   |   |   |   |   |   |   |--- class: positive
|   |   |   |   |   |   |   |   |   |--- feature_11 >  8.99
|   |   |   |   |   |   |   |   |   |   |--- feature_13 <= 7.65
|   |   |   |   |   |   |   |   |   |   |   |--- truncated branch of depth 2
|   |   |   |   |   |   |   |   |   |   |--- feature_13 >  7.65
|   |   |   |   |   |   |   |   |   |   |   |--- class: negative
|   |   |   |   |   |   |   |   |--- feature_1 >  2470.50
|   |   |   |   |   |   |   |   |   |--- feature_47 <= 0.99
|   |   |   |   |   |   |   |   |   |   |--- feature_0 <= 1946.50
|   |   |   |   |   |   |   |   |   |   |   |--- class: negative
|   |   |   |   |   |   |   |   |   |   |--- feature_0 >  1946.50
|   |   |   |   |   |   |   |   |   |   |   |--- truncated branch of depth 4
|   |   |   |   |   |   |   |   |   |--- feature_47 >  0.99
|   |   |   |   |   |   |   |   |   |   |--- feature_12 <= 42.44
|   |   |   |   |   |   |   |   |   |   |   |--- truncated branch of depth 2
|   |   |   |   |   |   |   |   |   |   |--- feature_12 >  42.44
|   |   |   |   |   |   |   |   |   |   |   |--- class: positive
|   |   |   |   |   |   |--- feature_1 >  6415.00
|   |   |   |   |   |   |   |--- feature_2 <= 10.50
|   |   |   |   |   |   |   |   |--- class: negative
|   |   |   |   |   |   |   |--- feature_2 >  10.50
|   |   |   |   |   |   |   |   |--- feature_7 <= 2.50
|   |   |   |   |   |   |   |   |   |--- class: negative
|   |   |   |   |   |   |   |   |--- feature_7 >  2.50
|   |   |   |   |   |   |   |   |   |--- feature_2 <= 15.50
|   |   |   |   |   |   |   |   |   |   |--- class: positive
|   |   |   |   |   |   |   |   |   |--- feature_2 >  15.50
|   |   |   |   |   |   |   |   |   |   |--- class: negative
|   |   |   |--- feature_39 >  0.01
|   |   |   |   |--- feature_39 <= 1.00
|   |   |   |   |   |--- class: positive
|   |   |   |   |--- feature_39 >  1.00
|   |   |   |   |   |--- feature_13 <= 7.99
|   |   |   |   |   |   |--- feature_13 <= 5.01
|   |   |   |   |   |   |   |--- feature_13 <= 5.00
|   |   |   |   |   |   |   |   |--- feature_13 <= 4.01
|   |   |   |   |   |   |   |   |   |--- feature_13 <= 3.98
|   |   |   |   |   |   |   |   |   |   |--- feature_13 <= 3.05
|   |   |   |   |   |   |   |   |   |   |   |--- truncated branch of depth 7
|   |   |   |   |   |   |   |   |   |   |--- feature_13 >  3.05
|   |   |   |   |   |   |   |   |   |   |   |--- class: positive
|   |   |   |   |   |   |   |   |   |--- feature_13 >  3.98
|   |   |   |   |   |   |   |   |   |   |--- feature_11 <= 7.15
|   |   |   |   |   |   |   |   |   |   |   |--- truncated branch of depth 5
|   |   |   |   |   |   |   |   |   |   |--- feature_11 >  7.15
|   |   |   |   |   |   |   |   |   |   |   |--- class: negative
|   |   |   |   |   |   |   |   |--- feature_13 >  4.01
|   |   |   |   |   |   |   |   |   |--- class: positive
|   |   |   |   |   |   |   |--- feature_13 >  5.00
|   |   |   |   |   |   |   |   |--- feature_11 <= 7.17
|   |   |   |   |   |   |   |   |   |--- feature_10 <= 14.45
|   |   |   |   |   |   |   |   |   |   |--- class: negative
|   |   |   |   |   |   |   |   |   |--- feature_10 >  14.45
|   |   |   |   |   |   |   |   |   |   |--- feature_1 <= 151.00
|   |   |   |   |   |   |   |   |   |   |   |--- truncated branch of depth 8
|   |   |   |   |   |   |   |   |   |   |--- feature_1 >  151.00
|   |   |   |   |   |   |   |   |   |   |   |--- truncated branch of depth 3
|   |   |   |   |   |   |   |   |--- feature_11 >  7.17
|   |   |   |   |   |   |   |   |   |--- feature_12 <= 40.31
|   |   |   |   |   |   |   |   |   |   |--- feature_0 <= 1969.50
|   |   |   |   |   |   |   |   |   |   |   |--- truncated branch of depth 3
|   |   |   |   |   |   |   |   |   |   |--- feature_0 >  1969.50
|   |   |   |   |   |   |   |   |   |   |   |--- truncated branch of depth 6
|   |   |   |   |   |   |   |   |   |--- feature_12 >  40.31
|   |   |   |   |   |   |   |   |   |   |--- feature_0 <= 1920.50
|   |   |   |   |   |   |   |   |   |   |   |--- truncated branch of depth 2
|   |   |   |   |   |   |   |   |   |   |--- feature_0 >  1920.50
|   |   |   |   |   |   |   |   |   |   |   |--- truncated branch of depth 5
|   |   |   |   |   |   |--- feature_13 >  5.01
|   |   |   |   |   |   |   |--- feature_13 <= 6.99
|   |   |   |   |   |   |   |   |--- class: positive
|   |   |   |   |   |   |   |--- feature_13 >  6.99
|   |   |   |   |   |   |   |   |--- feature_13 <= 7.02
|   |   |   |   |   |   |   |   |   |--- feature_9 <= 14.45
|   |   |   |   |   |   |   |   |   |   |--- class: negative
|   |   |   |   |   |   |   |   |   |--- feature_9 >  14.45
|   |   |   |   |   |   |   |   |   |   |--- feature_2 <= 3.50
|   |   |   |   |   |   |   |   |   |   |   |--- truncated branch of depth 2
|   |   |   |   |   |   |   |   |   |   |--- feature_2 >  3.50
|   |   |   |   |   |   |   |   |   |   |   |--- truncated branch of depth 3
|   |   |   |   |   |   |   |   |--- feature_13 >  7.02
|   |   |   |   |   |   |   |   |   |--- class: positive
|   |   |   |   |   |--- feature_13 >  7.99
|   |   |   |   |   |   |--- feature_1 <= 2031.00
|   |   |   |   |   |   |   |--- feature_0 <= 1965.50
|   |   |   |   |   |   |   |   |--- class: negative
|   |   |   |   |   |   |   |--- feature_0 >  1965.50
|   |   |   |   |   |   |   |   |--- feature_2 <= 5.50
|   |   |   |   |   |   |   |   |   |--- feature_12 <= 31.05
|   |   |   |   |   |   |   |   |   |   |--- feature_1 <= 472.50
|   |   |   |   |   |   |   |   |   |   |   |--- class: negative
|   |   |   |   |   |   |   |   |   |   |--- feature_1 >  472.50
|   |   |   |   |   |   |   |   |   |   |   |--- class: positive
|   |   |   |   |   |   |   |   |   |--- feature_12 >  31.05
|   |   |   |   |   |   |   |   |   |   |--- feature_9 <= 15.65
|   |   |   |   |   |   |   |   |   |   |   |--- truncated branch of depth 13
|   |   |   |   |   |   |   |   |   |   |--- feature_9 >  15.65
|   |   |   |   |   |   |   |   |   |   |   |--- class: negative
|   |   |   |   |   |   |   |   |--- feature_2 >  5.50
|   |   |   |   |   |   |   |   |   |--- feature_1 <= 49.50
|   |   |   |   |   |   |   |   |   |   |--- feature_9 <= 13.20
|   |   |   |   |   |   |   |   |   |   |   |--- class: negative
|   |   |   |   |   |   |   |   |   |   |--- feature_9 >  13.20
|   |   |   |   |   |   |   |   |   |   |   |--- class: positive
|   |   |   |   |   |   |   |   |   |--- feature_1 >  49.50
|   |   |   |   |   |   |   |   |   |   |--- feature_11 <= 7.33
|   |   |   |   |   |   |   |   |   |   |   |--- truncated branch of depth 3
|   |   |   |   |   |   |   |   |   |   |--- feature_11 >  7.33
|   |   |   |   |   |   |   |   |   |   |   |--- truncated branch of depth 5
|   |   |   |   |   |   |--- feature_1 >  2031.00
|   |   |   |   |   |   |   |--- feature_1 <= 2177.50
|   |   |   |   |   |   |   |   |--- class: positive
|   |   |   |   |   |   |   |--- feature_1 >  2177.50
|   |   |   |   |   |   |   |   |--- feature_11 <= 8.00
|   |   |   |   |   |   |   |   |   |--- feature_10 <= 25.30
|   |   |   |   |   |   |   |   |   |   |--- class: negative
|   |   |   |   |   |   |   |   |   |--- feature_10 >  25.30
|   |   |   |   |   |   |   |   |   |   |--- class: positive
|   |   |   |   |   |   |   |   |--- feature_11 >  8.00
|   |   |   |   |   |   |   |   |   |--- class: negative
|   |   |--- feature_0 >  1986.50
|   |   |   |--- feature_2 <= 2.50
|   |   |   |   |--- class: negative
|   |   |   |--- feature_2 >  2.50
|   |   |   |   |--- feature_13 <= 7.99
|   |   |   |   |   |--- feature_39 <= 0.09
|   |   |   |   |   |   |--- feature_13 <= 7.23
|   |   |   |   |   |   |   |--- feature_0 <= 2006.50
|   |   |   |   |   |   |   |   |--- class: negative
|   |   |   |   |   |   |   |--- feature_0 >  2006.50
|   |   |   |   |   |   |   |   |--- feature_1 <= 948.00
|   |   |   |   |   |   |   |   |   |--- feature_12 <= 43.65
|   |   |   |   |   |   |   |   |   |   |--- class: positive
|   |   |   |   |   |   |   |   |   |--- feature_12 >  43.65
|   |   |   |   |   |   |   |   |   |   |--- class: negative
|   |   |   |   |   |   |   |   |--- feature_1 >  948.00
|   |   |   |   |   |   |   |   |   |--- class: negative
|   |   |   |   |   |   |--- feature_13 >  7.23
|   |   |   |   |   |   |   |--- class: positive
|   |   |   |   |   |--- feature_39 >  0.09
|   |   |   |   |   |   |--- feature_39 <= 1.00
|   |   |   |   |   |   |   |--- class: positive
|   |   |   |   |   |   |--- feature_39 >  1.00
|   |   |   |   |   |   |   |--- feature_11 <= 7.31
|   |   |   |   |   |   |   |   |--- feature_13 <= 7.17
|   |   |   |   |   |   |   |   |   |--- feature_1 <= 152.00
|   |   |   |   |   |   |   |   |   |   |--- class: negative
|   |   |   |   |   |   |   |   |   |--- feature_1 >  152.00
|   |   |   |   |   |   |   |   |   |   |--- feature_1 <= 157.00
|   |   |   |   |   |   |   |   |   |   |   |--- class: positive
|   |   |   |   |   |   |   |   |   |   |--- feature_1 >  157.00
|   |   |   |   |   |   |   |   |   |   |   |--- truncated branch of depth 3
|   |   |   |   |   |   |   |   |--- feature_13 >  7.17
|   |   |   |   |   |   |   |   |   |--- class: positive
|   |   |   |   |   |   |   |--- feature_11 >  7.31
|   |   |   |   |   |   |   |   |--- feature_11 <= 8.25
|   |   |   |   |   |   |   |   |   |--- feature_10 <= 14.45
|   |   |   |   |   |   |   |   |   |   |--- feature_1 <= 343.50
|   |   |   |   |   |   |   |   |   |   |   |--- truncated branch of depth 2
|   |   |   |   |   |   |   |   |   |   |--- feature_1 >  343.50
|   |   |   |   |   |   |   |   |   |   |   |--- class: negative
|   |   |   |   |   |   |   |   |   |--- feature_10 >  14.45
|   |   |   |   |   |   |   |   |   |   |--- class: negative
|   |   |   |   |   |   |   |   |--- feature_11 >  8.25
|   |   |   |   |   |   |   |   |   |--- feature_12 <= 22.16
|   |   |   |   |   |   |   |   |   |   |--- class: positive
|   |   |   |   |   |   |   |   |   |--- feature_12 >  22.16
|   |   |   |   |   |   |   |   |   |   |--- feature_13 <= 4.52
|   |   |   |   |   |   |   |   |   |   |   |--- truncated branch of depth 2
|   |   |   |   |   |   |   |   |   |   |--- feature_13 >  4.52
|   |   |   |   |   |   |   |   |   |   |   |--- class: negative
|   |   |   |   |--- feature_13 >  7.99
|   |   |   |   |   |--- feature_47 <= 0.01
|   |   |   |   |   |   |--- feature_10 <= 227.04
|   |   |   |   |   |   |   |--- feature_2 <= 14.00
|   |   |   |   |   |   |   |   |--- feature_11 <= 6.75
|   |   |   |   |   |   |   |   |   |--- feature_21 <= 0.50
|   |   |   |   |   |   |   |   |   |   |--- class: negative
|   |   |   |   |   |   |   |   |   |--- feature_21 >  0.50
|   |   |   |   |   |   |   |   |   |   |--- class: positive
|   |   |   |   |   |   |   |   |--- feature_11 >  6.75
|   |   |   |   |   |   |   |   |   |--- class: negative
|   |   |   |   |   |   |   |--- feature_2 >  14.00
|   |   |   |   |   |   |   |   |--- feature_40 <= 0.50
|   |   |   |   |   |   |   |   |   |--- class: negative
|   |   |   |   |   |   |   |   |--- feature_40 >  0.50
|   |   |   |   |   |   |   |   |   |--- feature_1 <= 4610.00
|   |   |   |   |   |   |   |   |   |   |--- class: negative
|   |   |   |   |   |   |   |   |   |--- feature_1 >  4610.00
|   |   |   |   |   |   |   |   |   |   |--- class: positive
|   |   |   |   |   |   |--- feature_10 >  227.04
|   |   |   |   |   |   |   |--- feature_1 <= 7728.00
|   |   |   |   |   |   |   |   |--- class: negative
|   |   |   |   |   |   |   |--- feature_1 >  7728.00
|   |   |   |   |   |   |   |   |--- class: positive
|   |   |   |   |   |--- feature_47 >  0.01
|   |   |   |   |   |   |--- feature_47 <= 0.97
|   |   |   |   |   |   |   |--- class: positive
|   |   |   |   |   |   |--- feature_47 >  0.97
|   |   |   |   |   |   |   |--- feature_1 <= 1596.00
|   |   |   |   |   |   |   |   |--- feature_1 <= 47.50
|   |   |   |   |   |   |   |   |   |--- feature_2 <= 6.50
|   |   |   |   |   |   |   |   |   |   |--- class: positive
|   |   |   |   |   |   |   |   |   |--- feature_2 >  6.50
|   |   |   |   |   |   |   |   |   |   |--- class: negative
|   |   |   |   |   |   |   |   |--- feature_1 >  47.50
|   |   |   |   |   |   |   |   |   |--- class: negative
|   |   |   |   |   |   |   |--- feature_1 >  1596.00
|   |   |   |   |   |   |   |   |--- feature_0 <= 1988.50
|   |   |   |   |   |   |   |   |   |--- feature_9 <= 9.09
|   |   |   |   |   |   |   |   |   |   |--- class: positive
|   |   |   |   |   |   |   |   |   |--- feature_9 >  9.09
|   |   |   |   |   |   |   |   |   |   |--- class: negative
|   |   |   |   |   |   |   |   |--- feature_0 >  1988.50
|   |   |   |   |   |   |   |   |   |--- feature_9 <= 6.45
|   |   |   |   |   |   |   |   |   |   |--- feature_2 <= 7.50
|   |   |   |   |   |   |   |   |   |   |   |--- class: negative
|   |   |   |   |   |   |   |   |   |   |--- feature_2 >  7.50
|   |   |   |   |   |   |   |   |   |   |   |--- class: positive
|   |   |   |   |   |   |   |   |   |--- feature_9 >  6.45
|   |   |   |   |   |   |   |   |   |   |--- class: negative
|   |--- feature_12 >  44.11
|   |   |--- feature_11 <= 8.50
|   |   |   |--- feature_20 <= 0.97
|   |   |   |   |--- feature_20 <= 0.01
|   |   |   |   |   |--- feature_1 <= 1969.50
|   |   |   |   |   |   |--- feature_24 <= 0.00
|   |   |   |   |   |   |   |--- feature_10 <= 48.33
|   |   |   |   |   |   |   |   |--- feature_12 <= 44.81
|   |   |   |   |   |   |   |   |   |--- class: positive
|   |   |   |   |   |   |   |   |--- feature_12 >  44.81
|   |   |   |   |   |   |   |   |   |--- class: negative
|   |   |   |   |   |   |   |--- feature_10 >  48.33
|   |   |   |   |   |   |   |   |--- feature_47 <= 0.04
|   |   |   |   |   |   |   |   |   |--- feature_10 <= 49.08
|   |   |   |   |   |   |   |   |   |   |--- class: positive
|   |   |   |   |   |   |   |   |   |--- feature_10 >  49.08
|   |   |   |   |   |   |   |   |   |   |--- feature_7 <= 2.50
|   |   |   |   |   |   |   |   |   |   |   |--- class: negative
|   |   |   |   |   |   |   |   |   |   |--- feature_7 >  2.50
|   |   |   |   |   |   |   |   |   |   |   |--- truncated branch of depth 5
|   |   |   |   |   |   |   |   |--- feature_47 >  0.04
|   |   |   |   |   |   |   |   |   |--- class: positive
|   |   |   |   |   |   |--- feature_24 >  0.00
|   |   |   |   |   |   |   |--- feature_24 <= 0.97
|   |   |   |   |   |   |   |   |--- class: positive
|   |   |   |   |   |   |   |--- feature_24 >  0.97
|   |   |   |   |   |   |   |   |--- feature_10 <= 23.75
|   |   |   |   |   |   |   |   |   |--- class: negative
|   |   |   |   |   |   |   |   |--- feature_10 >  23.75
|   |   |   |   |   |   |   |   |   |--- feature_1 <= 80.00
|   |   |   |   |   |   |   |   |   |   |--- class: negative
|   |   |   |   |   |   |   |   |   |--- feature_1 >  80.00
|   |   |   |   |   |   |   |   |   |   |--- class: positive
|   |   |   |   |   |--- feature_1 >  1969.50
|   |   |   |   |   |   |--- feature_18 <= 0.01
|   |   |   |   |   |   |   |--- feature_1 <= 2595.50
|   |   |   |   |   |   |   |   |--- feature_10 <= 36.48
|   |   |   |   |   |   |   |   |   |--- class: negative
|   |   |   |   |   |   |   |   |--- feature_10 >  36.48
|   |   |   |   |   |   |   |   |   |--- class: positive
|   |   |   |   |   |   |   |--- feature_1 >  2595.50
|   |   |   |   |   |   |   |   |--- feature_1 <= 6117.50
|   |   |   |   |   |   |   |   |   |--- class: negative
|   |   |   |   |   |   |   |   |--- feature_1 >  6117.50
|   |   |   |   |   |   |   |   |   |--- feature_9 <= 15.15
|   |   |   |   |   |   |   |   |   |   |--- class: positive
|   |   |   |   |   |   |   |   |   |--- feature_9 >  15.15
|   |   |   |   |   |   |   |   |   |   |--- class: negative
|   |   |   |   |   |   |--- feature_18 >  0.01
|   |   |   |   |   |   |   |--- feature_8 <= 3.50
|   |   |   |   |   |   |   |   |--- class: positive
|   |   |   |   |   |   |   |--- feature_8 >  3.50
|   |   |   |   |   |   |   |   |--- class: negative
|   |   |   |   |--- feature_20 >  0.01
|   |   |   |   |   |--- class: positive
|   |   |   |--- feature_20 >  0.97
|   |   |   |   |--- feature_11 <= 7.92
|   |   |   |   |   |--- class: negative
|   |   |   |   |--- feature_11 >  7.92
|   |   |   |   |   |--- feature_13 <= 7.61
|   |   |   |   |   |   |--- feature_12 <= 49.80
|   |   |   |   |   |   |   |--- class: positive
|   |   |   |   |   |   |--- feature_12 >  49.80
|   |   |   |   |   |   |   |--- feature_13 <= 7.11
|   |   |   |   |   |   |   |   |--- class: negative
|   |   |   |   |   |   |   |--- feature_13 >  7.11
|   |   |   |   |   |   |   |   |--- class: positive
|   |   |   |   |   |--- feature_13 >  7.61
|   |   |   |   |   |   |--- class: negative
|   |   |--- feature_11 >  8.50
|   |   |   |--- feature_21 <= 1.00
|   |   |   |   |--- feature_21 <= 0.00
|   |   |   |   |   |--- feature_47 <= 1.00
|   |   |   |   |   |   |--- feature_47 <= 0.00
|   |   |   |   |   |   |   |--- feature_10 <= 18.27
|   |   |   |   |   |   |   |   |--- feature_2 <= 4.50
|   |   |   |   |   |   |   |   |   |--- feature_12 <= 53.86
|   |   |   |   |   |   |   |   |   |   |--- class: positive
|   |   |   |   |   |   |   |   |   |--- feature_12 >  53.86
|   |   |   |   |   |   |   |   |   |   |--- feature_10 <= 14.75
|   |   |   |   |   |   |   |   |   |   |   |--- class: negative
|   |   |   |   |   |   |   |   |   |   |--- feature_10 >  14.75
|   |   |   |   |   |   |   |   |   |   |   |--- class: positive
|   |   |   |   |   |   |   |   |--- feature_2 >  4.50
|   |   |   |   |   |   |   |   |   |--- feature_22 <= 0.03
|   |   |   |   |   |   |   |   |   |   |--- feature_23 <= 0.07
|   |   |   |   |   |   |   |   |   |   |   |--- truncated branch of depth 6
|   |   |   |   |   |   |   |   |   |   |--- feature_23 >  0.07
|   |   |   |   |   |   |   |   |   |   |   |--- class: positive
|   |   |   |   |   |   |   |   |   |--- feature_22 >  0.03
|   |   |   |   |   |   |   |   |   |   |--- feature_39 <= 0.21
|   |   |   |   |   |   |   |   |   |   |   |--- class: negative
|   |   |   |   |   |   |   |   |   |   |--- feature_39 >  0.21
|   |   |   |   |   |   |   |   |   |   |   |--- class: positive
|   |   |   |   |   |   |   |--- feature_10 >  18.27
|   |   |   |   |   |   |   |   |--- feature_23 <= 1.00
|   |   |   |   |   |   |   |   |   |--- feature_23 <= 0.00
|   |   |   |   |   |   |   |   |   |   |--- feature_0 <= 1989.50
|   |   |   |   |   |   |   |   |   |   |   |--- truncated branch of depth 9
|   |   |   |   |   |   |   |   |   |   |--- feature_0 >  1989.50
|   |   |   |   |   |   |   |   |   |   |   |--- truncated branch of depth 9
|   |   |   |   |   |   |   |   |   |--- feature_23 >  0.00
|   |   |   |   |   |   |   |   |   |   |--- class: positive
|   |   |   |   |   |   |   |   |--- feature_23 >  1.00
|   |   |   |   |   |   |   |   |   |--- feature_1 <= 4042.50
|   |   |   |   |   |   |   |   |   |   |--- class: negative
|   |   |   |   |   |   |   |   |   |--- feature_1 >  4042.50
|   |   |   |   |   |   |   |   |   |   |--- feature_1 <= 17463.00
|   |   |   |   |   |   |   |   |   |   |   |--- truncated branch of depth 8
|   |   |   |   |   |   |   |   |   |   |--- feature_1 >  17463.00
|   |   |   |   |   |   |   |   |   |   |   |--- class: negative
|   |   |   |   |   |   |--- feature_47 >  0.00
|   |   |   |   |   |   |   |--- class: positive
|   |   |   |   |   |--- feature_47 >  1.00
|   |   |   |   |   |   |--- feature_11 <= 13.40
|   |   |   |   |   |   |   |--- feature_13 <= 7.00
|   |   |   |   |   |   |   |   |--- feature_1 <= 739.50
|   |   |   |   |   |   |   |   |   |--- feature_1 <= 593.00
|   |   |   |   |   |   |   |   |   |   |--- feature_12 <= 50.85
|   |   |   |   |   |   |   |   |   |   |   |--- class: positive
|   |   |   |   |   |   |   |   |   |   |--- feature_12 >  50.85
|   |   |   |   |   |   |   |   |   |   |   |--- class: negative
|   |   |   |   |   |   |   |   |   |--- feature_1 >  593.00
|   |   |   |   |   |   |   |   |   |   |--- class: positive
|   |   |   |   |   |   |   |   |--- feature_1 >  739.50
|   |   |   |   |   |   |   |   |   |--- class: negative
|   |   |   |   |   |   |   |--- feature_13 >  7.00
|   |   |   |   |   |   |   |   |--- feature_13 <= 7.94
|   |   |   |   |   |   |   |   |   |--- class: positive
|   |   |   |   |   |   |   |   |--- feature_13 >  7.94
|   |   |   |   |   |   |   |   |   |--- feature_7 <= 10.50
|   |   |   |   |   |   |   |   |   |   |--- feature_0 <= 1965.50
|   |   |   |   |   |   |   |   |   |   |   |--- class: negative
|   |   |   |   |   |   |   |   |   |   |--- feature_0 >  1965.50
|   |   |   |   |   |   |   |   |   |   |   |--- truncated branch of depth 12
|   |   |   |   |   |   |   |   |   |--- feature_7 >  10.50
|   |   |   |   |   |   |   |   |   |   |--- feature_7 <= 29.50
|   |   |   |   |   |   |   |   |   |   |   |--- truncated branch of depth 10
|   |   |   |   |   |   |   |   |   |   |--- feature_7 >  29.50
|   |   |   |   |   |   |   |   |   |   |   |--- truncated branch of depth 7
|   |   |   |   |   |   |--- feature_11 >  13.40
|   |   |   |   |   |   |   |--- feature_1 <= 4612.50
|   |   |   |   |   |   |   |   |--- feature_11 <= 13.41
|   |   |   |   |   |   |   |   |   |--- feature_1 <= 3685.00
|   |   |   |   |   |   |   |   |   |   |--- feature_9 <= 8.05
|   |   |   |   |   |   |   |   |   |   |   |--- truncated branch of depth 2
|   |   |   |   |   |   |   |   |   |   |--- feature_9 >  8.05
|   |   |   |   |   |   |   |   |   |   |   |--- class: negative
|   |   |   |   |   |   |   |   |   |--- feature_1 >  3685.00
|   |   |   |   |   |   |   |   |   |   |--- feature_9 <= 9.35
|   |   |   |   |   |   |   |   |   |   |   |--- truncated branch of depth 2
|   |   |   |   |   |   |   |   |   |   |--- feature_9 >  9.35
|   |   |   |   |   |   |   |   |   |   |   |--- truncated branch of depth 2
|   |   |   |   |   |   |   |   |--- feature_11 >  13.41
|   |   |   |   |   |   |   |   |   |--- feature_7 <= 15.50
|   |   |   |   |   |   |   |   |   |   |--- feature_1 <= 3068.50
|   |   |   |   |   |   |   |   |   |   |   |--- class: positive
|   |   |   |   |   |   |   |   |   |   |--- feature_1 >  3068.50
|   |   |   |   |   |   |   |   |   |   |   |--- class: negative
|   |   |   |   |   |   |   |   |   |--- feature_7 >  15.50
|   |   |   |   |   |   |   |   |   |   |--- feature_1 <= 2868.00
|   |   |   |   |   |   |   |   |   |   |   |--- class: negative
|   |   |   |   |   |   |   |   |   |   |--- feature_1 >  2868.00
|   |   |   |   |   |   |   |   |   |   |   |--- truncated branch of depth 3
|   |   |   |   |   |   |   |--- feature_1 >  4612.50
|   |   |   |   |   |   |   |   |--- feature_0 <= 1971.50
|   |   |   |   |   |   |   |   |   |--- feature_7 <= 11.50
|   |   |   |   |   |   |   |   |   |   |--- class: positive
|   |   |   |   |   |   |   |   |   |--- feature_7 >  11.50
|   |   |   |   |   |   |   |   |   |   |--- class: negative
|   |   |   |   |   |   |   |   |--- feature_0 >  1971.50
|   |   |   |   |   |   |   |   |   |--- feature_0 <= 1985.50
|   |   |   |   |   |   |   |   |   |   |--- feature_7 <= 3.50
|   |   |   |   |   |   |   |   |   |   |   |--- truncated branch of depth 3
|   |   |   |   |   |   |   |   |   |   |--- feature_7 >  3.50
|   |   |   |   |   |   |   |   |   |   |   |--- class: negative
|   |   |   |   |   |   |   |   |   |--- feature_0 >  1985.50
|   |   |   |   |   |   |   |   |   |   |--- class: negative
|   |   |   |   |--- feature_21 >  0.00
|   |   |   |   |   |--- class: positive
|   |   |   |--- feature_21 >  1.00
|   |   |   |   |--- feature_11 <= 11.20
|   |   |   |   |   |--- feature_10 <= 42.00
|   |   |   |   |   |   |--- class: negative
|   |   |   |   |   |--- feature_10 >  42.00
|   |   |   |   |   |   |--- feature_9 <= 21.80
|   |   |   |   |   |   |   |--- feature_1 <= 1493.50
|   |   |   |   |   |   |   |   |--- feature_9 <= 19.07
|   |   |   |   |   |   |   |   |   |--- feature_40 <= 0.21
|   |   |   |   |   |   |   |   |   |   |--- feature_10 <= 42.45
|   |   |   |   |   |   |   |   |   |   |   |--- class: positive
|   |   |   |   |   |   |   |   |   |   |--- feature_10 >  42.45
|   |   |   |   |   |   |   |   |   |   |   |--- class: negative
|   |   |   |   |   |   |   |   |   |--- feature_40 >  0.21
|   |   |   |   |   |   |   |   |   |   |--- class: positive
|   |   |   |   |   |   |   |   |--- feature_9 >  19.07
|   |   |   |   |   |   |   |   |   |--- class: positive
|   |   |   |   |   |   |   |--- feature_1 >  1493.50
|   |   |   |   |   |   |   |   |--- feature_39 <= 0.97
|   |   |   |   |   |   |   |   |   |--- feature_10 <= 69.46
|   |   |   |   |   |   |   |   |   |   |--- class: positive
|   |   |   |   |   |   |   |   |   |--- feature_10 >  69.46
|   |   |   |   |   |   |   |   |   |   |--- class: negative
|   |   |   |   |   |   |   |   |--- feature_39 >  0.97
|   |   |   |   |   |   |   |   |   |--- feature_9 <= 16.05
|   |   |   |   |   |   |   |   |   |   |--- class: positive
|   |   |   |   |   |   |   |   |   |--- feature_9 >  16.05
|   |   |   |   |   |   |   |   |   |   |--- class: negative
|   |   |   |   |   |   |--- feature_9 >  21.80
|   |   |   |   |   |   |   |--- feature_9 <= 41.50
|   |   |   |   |   |   |   |   |--- class: negative
|   |   |   |   |   |   |   |--- feature_9 >  41.50
|   |   |   |   |   |   |   |   |--- class: positive
|   |   |   |   |--- feature_11 >  11.20
|   |   |   |   |   |--- feature_0 <= 1986.50
|   |   |   |   |   |   |--- feature_0 <= 1985.50
|   |   |   |   |   |   |   |--- feature_12 <= 56.25
|   |   |   |   |   |   |   |   |--- feature_1 <= 3338.00
|   |   |   |   |   |   |   |   |   |--- feature_11 <= 12.79
|   |   |   |   |   |   |   |   |   |   |--- class: positive
|   |   |   |   |   |   |   |   |   |--- feature_11 >  12.79
|   |   |   |   |   |   |   |   |   |   |--- feature_7 <= 37.50
|   |   |   |   |   |   |   |   |   |   |   |--- truncated branch of depth 2
|   |   |   |   |   |   |   |   |   |   |--- feature_7 >  37.50
|   |   |   |   |   |   |   |   |   |   |   |--- class: positive
|   |   |   |   |   |   |   |   |--- feature_1 >  3338.00
|   |   |   |   |   |   |   |   |   |--- feature_12 <= 45.45
|   |   |   |   |   |   |   |   |   |   |--- feature_0 <= 1974.50
|   |   |   |   |   |   |   |   |   |   |   |--- class: positive
|   |   |   |   |   |   |   |   |   |   |--- feature_0 >  1974.50
|   |   |   |   |   |   |   |   |   |   |   |--- class: negative
|   |   |   |   |   |   |   |   |   |--- feature_12 >  45.45
|   |   |   |   |   |   |   |   |   |   |--- class: negative
|   |   |   |   |   |   |   |--- feature_12 >  56.25
|   |   |   |   |   |   |   |   |--- class: negative
|   |   |   |   |   |   |--- feature_0 >  1985.50
|   |   |   |   |   |   |   |--- feature_7 <= 7.50
|   |   |   |   |   |   |   |   |--- class: positive
|   |   |   |   |   |   |   |--- feature_7 >  7.50
|   |   |   |   |   |   |   |   |--- class: negative
|   |   |   |   |   |--- feature_0 >  1986.50
|   |   |   |   |   |   |--- feature_13 <= 7.50
|   |   |   |   |   |   |   |--- feature_13 <= 6.00
|   |   |   |   |   |   |   |   |--- class: negative
|   |   |   |   |   |   |   |--- feature_13 >  6.00
|   |   |   |   |   |   |   |   |--- class: positive
|   |   |   |   |   |   |--- feature_13 >  7.50
|   |   |   |   |   |   |   |--- class: negative
