|--- feature_15 <= 47.50
|   |--- feature_18 <= 0.00
|   |   |--- feature_34 <= 0.00
|   |   |   |--- feature_25 <= 0.00
|   |   |   |   |--- feature_17 <= 0.00
|   |   |   |   |   |--- feature_13 <= 8.00
|   |   |   |   |   |   |--- feature_13 <= 5.00
|   |   |   |   |   |   |   |--- feature_12 <= 29.51
|   |   |   |   |   |   |   |   |--- feature_0 <= 1955.50
|   |   |   |   |   |   |   |   |   |--- class: negative
|   |   |   |   |   |   |   |   |--- feature_0 >  1955.50
|   |   |   |   |   |   |   |   |   |--- feature_10 <= 12.25
|   |   |   |   |   |   |   |   |   |   |--- feature_54 <= 0.50
|   |   |   |   |   |   |   |   |   |   |   |--- class: negative
|   |   |   |   |   |   |   |   |   |   |--- feature_54 >  0.50
|   |   |   |   |   |   |   |   |   |   |   |--- truncated branch of depth 6
|   |   |   |   |   |   |   |   |   |--- feature_10 >  12.25
|   |   |   |   |   |   |   |   |   |   |--- feature_1 <= 1025.00
|   |   |   |   |   |   |   |   |   |   |   |--- truncated branch of depth 3
|   |   |   |   |   |   |   |   |   |   |--- feature_1 >  1025.00
|   |   |   |   |   |   |   |   |   |   |   |--- class: positive
|   |   |   |   |   |   |   |--- feature_12 >  29.51
|   |   |   |   |   |   |   |   |--- feature_2 <= 2.50
|   |   |   |   |   |   |   |   |   |--- class: negative
|   |   |   |   |   |   |   |   |--- feature_2 >  2.50
|   |   |   |   |   |   |   |   |   |--- feature_8 <= 1.50
|   |   |   |   |   |   |   |   |   |   |--- feature_12 <= 85.95
|   |   |   |   |   |   |   |   |   |   |   |--- truncated branch of depth 4
|   |   |   |   |   |   |   |   |   |   |--- feature_12 >  85.95
|   |   |   |   |   |   |   |   |   |   |   |--- truncated branch of depth 2
|   |   |   |   |   |   |   |   |   |--- feature_8 >  1.50
|   |   |   |   |   |   |   |   |   |   |--- class: negative
|   |   |   |   |   |   |--- feature_13 >  5.00
|   |   |   |   |   |   |   |--- feature_1 <= 1739.50
|   |   |   |   |   |   |   |   |--- feature_54 <= 0.00
|   |   |   |   |   |   |   |   |   |--- class: negative
|   |   |   |   |   |   |   |   |--- feature_54 >  0.00
|   |   |   |   |   |   |   |   |   |--- feature_21 <= 0.00
|   |   |   |   |   |   |   |   |   |   |--- feature_12 <= 24.17
|   |   |   |   |   |   |   |   |   |   |   |--- truncated branch of depth 2
|   |   |   |   |   |   |   |   |   |   |--- feature_12 >  24.17
|   |   |   |   |   |   |   |   |   |   |   |--- class: negative
|   |   |   |   |   |   |   |   |   |--- feature_21 >  0.00
|   |   |   |   |   |   |   |   |   |   |--- feature_10 <= 90.25
|   |   |   |   |   |   |   |   |   |   |   |--- class: positive
|   |   |   |   |   |   |   |   |   |   |--- feature_10 >  90.25
|   |   |   |   |   |   |   |   |   |   |   |--- class: negative
|   |   |   |   |   |   |   |--- feature_1 >  1739.50
|   |   |   |   |   |   |   |   |--- class: negative
|   |   |   |   |   |--- feature_13 >  8.00
|   |   |   |   |   |   |--- feature_9 <= 14.05
|   |   |   |   |   |   |   |--- feature_10 <= 35.45
|   |   |   |   |   |   |   |   |--- feature_1 <= 11425.00
|   |   |   |   |   |   |   |   |   |--- class: negative
|   |   |   |   |   |   |   |   |--- feature_1 >  11425.00
|   |   |   |   |   |   |   |   |   |--- feature_1 <= 12775.00
|   |   |   |   |   |   |   |   |   |   |--- class: positive
|   |   |   |   |   |   |   |   |   |--- feature_1 >  12775.00
|   |   |   |   |   |   |   |   |   |   |--- class: negative
|   |   |   |   |   |   |   |--- feature_10 >  35.45
|   |   |   |   |   |   |   |   |--- feature_1 <= 175.00
|   |   |   |   |   |   |   |   |   |--- feature_1 <= 69.00
|   |   |   |   |   |   |   |   |   |   |--- class: negative
|   |   |   |   |   |   |   |   |   |--- feature_1 >  69.00
|   |   |   |   |   |   |   |   |   |   |--- class: positive
|   |   |   |   |   |   |   |   |--- feature_1 >  175.00
|   |   |   |   |   |   |   |   |   |--- class: negative
|   |   |   |   |   |   |--- feature_9 >  14.05
|   |   |   |   |   |   |   |--- class: negative
|   |   |   |   |--- feature_17 >  0.00
|   |   |   |   |   |--- feature_17 <= 1.00
|   |   |   |   |   |   |--- class: positive
|   |   |   |   |   |--- feature_17 >  1.00
|   |   |   |   |   |   |--- feature_9 <= 9.80
|   |   |   |   |   |   |   |--- feature_9 <= 7.91
|   |   |   |   |   |   |   |   |--- feature_33 <= 0.50
|   |   |   |   |   |   |   |   |   |--- class: negative
|   |   |   |   |   |   |   |   |--- feature_33 >  0.50
|   |   |   |   |   |   |   |   |   |--- feature_1 <= 262.50
|   |   |   |   |   |   |   |   |   |   |--- class: negative
|   |   |   |   |   |   |   |   |   |--- feature_1 >  262.50
|   |   |   |   |   |   |   |   |   |   |--- feature_11 <= 7.35
|   |   |   |   |   |   |   |   |   |   |   |--- truncated branch of depth 4
|   |   |   |   |   |   |   |   |   |   |--- feature_11 >  7.35
|   |   |   |   |   |   |   |   |   |   |   |--- class: negative
|   |   |   |   |   |   |   |--- feature_9 >  7.91
|   |   |   |   |   |   |   |   |--- feature_52 <= 0.39
|   |   |   |   |   |   |   |   |   |--- feature_10 <= 53.35
|   |   |   |   |   |   |   |   |   |   |--- class: negative
|   |   |   |   |   |   |   |   |   |--- feature_10 >  53.35
|   |   |   |   |   |   |   |   |   |   |--- feature_2 <= 3.50
|   |   |   |   |   |   |   |   |   |   |   |--- class: negative
|   |   |   |   |   |   |   |   |   |   |--- feature_2 >  3.50
|   |   |   |   |   |   |   |   |   |   |   |--- class: positive
|   |   |   |   |   |   |   |   |--- feature_52 >  0.39
|   |   |   |   |   |   |   |   |   |--- feature_10 <= 9.81
|   |   |   |   |   |   |   |   |   |   |--- feature_9 <= 8.00
|   |   |   |   |   |   |   |   |   |   |   |--- class: positive
|   |   |   |   |   |   |   |   |   |   |--- feature_9 >  8.00
|   |   |   |   |   |   |   |   |   |   |   |--- truncated branch of depth 3
|   |   |   |   |   |   |   |   |   |--- feature_10 >  9.81
|   |   |   |   |   |   |   |   |   |   |--- feature_9 <= 9.79
|   |   |   |   |   |   |   |   |   |   |   |--- truncated branch of depth 4
|   |   |   |   |   |   |   |   |   |   |--- feature_9 >  9.79
|   |   |   |   |   |   |   |   |   |   |   |--- class: negative
|   |   |   |   |   |   |--- feature_9 >  9.80
|   |   |   |   |   |   |   |--- feature_7 <= 12.50
|   |   |   |   |   |   |   |   |--- feature_14 <= 2.50
|   |   |   |   |   |   |   |   |   |--- feature_1 <= 27.00
|   |   |   |   |   |   |   |   |   |   |--- feature_50 <= 0.07
|   |   |   |   |   |   |   |   |   |   |   |--- class: negative
|   |   |   |   |   |   |   |   |   |   |--- feature_50 >  0.07
|   |   |   |   |   |   |   |   |   |   |   |--- truncated branch of depth 6
|   |   |   |   |   |   |   |   |   |--- feature_1 >  27.00
|   |   |   |   |   |   |   |   |   |   |--- feature_8 <= 5.50
|   |   |   |   |   |   |   |   |   |   |   |--- truncated branch of depth 3
|   |   |   |   |   |   |   |   |   |   |--- feature_8 >  5.50
|   |   |   |   |   |   |   |   |   |   |   |--- truncated branch of depth 2
|   |   |   |   |   |   |   |   |--- feature_14 >  2.50
|   |   |   |   |   |   |   |   |   |--- feature_1 <= 24650.00
|   |   |   |   |   |   |   |   |   |   |--- feature_13 <= 7.50
|   |   |   |   |   |   |   |   |   |   |   |--- class: negative
|   |   |   |   |   |   |   |   |   |   |--- feature_13 >  7.50
|   |   |   |   |   |   |   |   |   |   |   |--- truncated branch of depth 3
|   |   |   |   |   |   |   |   |   |--- feature_1 >  24650.00
|   |   |   |   |   |   |   |   |   |   |--- class: negative
|   |   |   |   |   |   |   |--- feature_7 >  12.50
|   |   |   |   |   |   |   |   |--- feature_1 <= 8804.50
|   |   |   |   |   |   |   |   |   |--- class: negative
|   |   |   |   |   |   |   |   |--- feature_1 >  8804.50
|   |   |   |   |   |   |   |   |   |--- feature_1 <= 10850.00
|   |   |   |   |   |   |   |   |   |   |--- class: positive
|   |   |   |   |   |   |   |   |   |--- feature_1 >  10850.00
|   |   |   |   |   |   |   |   |   |   |--- class: negative
|   |   |   |--- feature_25 >  0.00
|   |   |   |   |--- feature_1 <= 49.50
|   |   |   |   |   |--- feature_54 <= 0.00
|   |   |   |   |   |   |--- class: negative
|   |   |   |   |   |--- feature_54 >  0.00
|   |   |   |   |   |   |--- feature_11 <= 3.50
|   |   |   |   |   |   |   |--- class: negative
|   |   |   |   |   |   |--- feature_11 >  3.50
|   |   |   |   |   |   |   |--- class: positive
|   |   |   |   |--- feature_1 >  49.50
|   |   |   |   |   |--- feature_11 <= 4.30
|   |   |   |   |   |   |--- class: positive
|   |   |   |   |   |--- feature_11 >  4.30
|   |   |   |   |   |   |--- class: negative
|   |   |--- feature_34 >  0.00
|   |   |   |--- feature_34 <= 1.00
|   |   |   |   |--- class: positive
|   |   |   |--- feature_34 >  1.00
|   |   |   |   |--- feature_1 <= 500.50
|   |   |   |   |   |--- feature_15 <= 24.50
|   |   |   |   |   |   |--- feature_10 <= 39.72
|   |   |   |   |   |   |   |--- feature_1 <= 89.50
|   |   |   |   |   |   |   |   |--- class: negative
|   |   |   |   |   |   |   |--- feature_1 >  89.50
|   |   |   |   |   |   |   |   |--- feature_0 <= 1984.50
|   |   |   |   |   |   |   |   |   |--- feature_1 <= 118.00
|   |   |   |   |   |   |   |   |   |   |--- feature_9 <= 13.27
|   |   |   |   |   |   |   |   |   |   |   |--- class: negative
|   |   |   |   |   |   |   |   |   |   |--- feature_9 >  13.27
|   |   |   |   |   |   |   |   |   |   |   |--- truncated branch of depth 4
|   |   |   |   |   |   |   |   |   |--- feature_1 >  118.00
|   |   |   |   |   |   |   |   |   |   |--- feature_1 <= 386.00
|   |   |   |   |   |   |   |   |   |   |   |--- class: negative
|   |   |   |   |   |   |   |   |   |   |--- feature_1 >  386.00
|   |   |   |   |   |   |   |   |   |   |   |--- truncated branch of depth 5
|   |   |   |   |   |   |   |   |--- feature_0 >  1984.50
|   |   |   |   |   |   |   |   |   |--- class: negative
|   |   |   |   |   |   |--- feature_10 >  39.72
|   |   |   |   |   |   |   |--- feature_9 <= 17.10
|   |   |   |   |   |   |   |   |--- feature_1 <= 124.50
|   |   |   |   |   |   |   |   |   |--- feature_2 <= -0.50
|   |   |   |   |   |   |   |   |   |   |--- feature_12 <= 25.65
|   |   |   |   |   |   |   |   |   |   |   |--- class: positive
|   |   |   |   |   |   |   |   |   |   |--- feature_12 >  25.65
|   |   |   |   |   |   |   |   |   |   |   |--- class: negative
|   |   |   |   |   |   |   |   |   |--- feature_2 >  -0.50
|   |   |   |   |   |   |   |   |   |   |--- class: positive
|   |   |   |   |   |   |   |   |--- feature_1 >  124.50
|   |   |   |   |   |   |   |   |   |--- feature_10 <= 64.25
|   |   |   |   |   |   |   |   |   |   |--- class: negative
|   |   |   |   |   |   |   |   |   |--- feature_10 >  64.25
|   |   |   |   |   |   |   |   |   |   |--- feature_10 <= 65.60
|   |   |   |   |   |   |   |   |   |   |   |--- class: positive
|   |   |   |   |   |   |   |   |   |   |--- feature_10 >  65.60
|   |   |   |   |   |   |   |   |   |   |   |--- class: negative
|   |   |   |   |   |   |   |--- feature_9 >  17.10
|   |   |   |   |   |   |   |   |--- class: negative
|   |   |   |   |   |--- feature_15 >  24.50
|   |   |   |   |   |   |--- class: positive
|   |   |   |   |--- feature_1 >  500.50
|   |   |   |   |   |--- feature_7 <= 29.50
|   |   |   |   |   |   |--- feature_13 <= 5.00
|   |   |   |   |   |   |   |--- feature_2 <= 10.50
|   |   |   |   |   |   |   |   |--- feature_10 <= 37.05
|   |   |   |   |   |   |   |   |   |--- class: negative
|   |   |   |   |   |   |   |   |--- feature_10 >  37.05
|   |   |   |   |   |   |   |   |   |--- feature_24 <= 1.00
|   |   |   |   |   |   |   |   |   |   |--- feature_1 <= 2000.00
|   |   |   |   |   |   |   |   |   |   |   |--- class: negative
|   |   |   |   |   |   |   |   |   |   |--- feature_1 >  2000.00
|   |   |   |   |   |   |   |   |   |   |   |--- truncated branch of depth 8
|   |   |   |   |   |   |   |   |   |--- feature_24 >  1.00
|   |   |   |   |   |   |   |   |   |   |--- feature_9 <= 65.70
|   |   |   |   |   |   |   |   |   |   |   |--- class: negative
|   |   |   |   |   |   |   |   |   |   |--- feature_9 >  65.70
|   |   |   |   |   |   |   |   |   |   |   |--- truncated branch of depth 2
|   |   |   |   |   |   |   |--- feature_2 >  10.50
|   |   |   |   |   |   |   |   |--- feature_28 <= 0.50
|   |   |   |   |   |   |   |   |   |--- class: negative
|   |   |   |   |   |   |   |   |--- feature_28 >  0.50
|   |   |   |   |   |   |   |   |   |--- class: positive
|   |   |   |   |   |   |--- feature_13 >  5.00
|   |   |   |   |   |   |   |--- feature_12 <= 70.95
|   |   |   |   |   |   |   |   |--- feature_17 <= 0.50
|   |   |   |   |   |   |   |   |   |--- feature_23 <= 0.97
|   |   |   |   |   |   |   |   |   |   |--- feature_0 <= 1938.50
|   |   |   |   |   |   |   |   |   |   |   |--- truncated branch of depth 6
|   |   |   |   |   |   |   |   |   |   |--- feature_0 >  1938.50
|   |   |   |   |   |   |   |   |   |   |   |--- truncated branch of depth 15
|   |   |   |   |   |   |   |   |   |--- feature_23 >  0.97
|   |   |   |   |   |   |   |   |   |   |--- class: negative
|   |   |   |   |   |   |   |   |--- feature_17 >  0.50
|   |   |   |   |   |   |   |   |   |--- class: negative
|   |   |   |   |   |   |   |--- feature_12 >  70.95
|   |   |   |   |   |   |   |   |--- feature_15 <= 37.00
|   |   |   |   |   |   |   |   |   |--- feature_12 <= 71.72
|   |   |   |   |   |   |   |   |   |   |--- feature_13 <= 7.21
|   |   |   |   |   |   |   |   |   |   |   |--- class: positive
|   |   |   |   |   |   |   |   |   |   |--- feature_13 >  7.21
|   |   |   |   |   |   |   |   |   |   |   |--- class: negative
|   |   |   |   |   |   |   |   |   |--- feature_12 >  71.72
|   |   |   |   |   |   |   |   |   |   |--- class: negative
|   |   |   |   |   |   |   |   |--- feature_15 >  37.00
|   |   |   |   |   |   |   |   |   |--- class: positive
|   |   |   |   |   |--- feature_7 >  29.50
|   |   |   |   |   |   |--- class: negative
|   |--- feature_18 >  0.00
|   |   |--- feature_18 <= 1.00
|   |   |   |--- class: positive
|   |   |--- feature_18 >  1.00
|   |   |   |--- feature_12 <= 33.38
|   |   |   |   |--- feature_1 <= 1275.00
|   |   |   |   |   |--- class: negative
|   |   |   |   |--- feature_1 >  1275.00
|   |   |   |   |   |--- feature_0 <= 1960.50
|   |   |   |   |   |   |--- class: negative
|   |   |   |   |   |--- feature_0 >  1960.50
|   |   |   |   |   |   |--- feature_10 <= 25.90
|   |   |   |   |   |   |   |--- class: negative
|   |   |   |   |   |   |--- feature_10 >  25.90
|   |   |   |   |   |   |   |--- class: positive
|   |   |   |--- feature_12 >  33.38
|   |   |   |   |--- feature_12 <= 51.75
|   |   |   |   |   |--- feature_0 <= 1954.50
|   |   |   |   |   |   |--- class: negative
|   |   |   |   |   |--- feature_0 >  1954.50
|   |   |   |   |   |   |--- feature_7 <= 29.50
|   |   |   |   |   |   |   |--- feature_13 <= 8.00
|   |   |   |   |   |   |   |   |--- feature_2 <= 28.50
|   |   |   |   |   |   |   |   |   |--- feature_13 <= 7.00
|   |   |   |   |   |   |   |   |   |   |--- feature_1 <= 59.50
|   |   |   |   |   |   |   |   |   |   |   |--- truncated branch of depth 2
|   |   |   |   |   |   |   |   |   |   |--- feature_1 >  59.50
|   |   |   |   |   |   |   |   |   |   |   |--- truncated branch of depth 6
|   |   |   |   |   |   |   |   |   |--- feature_13 >  7.00
|   |   |   |   |   |   |   |   |   |   |--- class: positive
|   |   |   |   |   |   |   |   |--- feature_2 >  28.50
|   |   |   |   |   |   |   |   |   |--- class: negative
|   |   |   |   |   |   |   |--- feature_13 >  8.00
|   |   |   |   |   |   |   |   |--- feature_11 <= 7.40
|   |   |   |   |   |   |   |   |   |--- feature_9 <= 9.75
|   |   |   |   |   |   |   |   |   |   |--- feature_34 <= 0.99
|   |   |   |   |   |   |   |   |   |   |   |--- truncated branch of depth 9
|   |   |   |   |   |   |   |   |   |   |--- feature_34 >  0.99
|   |   |   |   |   |   |   |   |   |   |   |--- class: negative
|   |   |   |   |   |   |   |   |   |--- feature_9 >  9.75
|   |   |   |   |   |   |   |   |   |   |--- class: negative
|   |   |   |   |   |   |   |   |--- feature_11 >  7.40
|   |   |   |   |   |   |   |   |   |--- class: negative
|   |   |   |   |   |   |--- feature_7 >  29.50
|   |   |   |   |   |   |   |--- feature_14 <= 3.00
|   |   |   |   |   |   |   |   |--- class: negative
|   |   |   |   |   |   |   |--- feature_14 >  3.00
|   |   |   |   |   |   |   |   |--- class: positive
|   |   |   |   |--- feature_12 >  51.75
|   |   |   |   |   |--- feature_2 <= 3.50
|   |   |   |   |   |   |--- feature_11 <= 13.60
|   |   |   |   |   |   |   |--- class: negative
|   |   |   |   |   |   |--- feature_11 >  13.60
|   |   |   |   |   |   |   |--- class: positive
|   |   |   |   |   |--- feature_2 >  3.50
|   |   |   |   |   |   |--- class: negative
|--- feature_15 >  47.50
|   |--- feature_52 <= 0.00
|   |   |--- feature_43 <= 0.01
|   |   |   |--- feature_22 <= 0.50
|   |   |   |   |--- feature_11 <= 9.05
|   |   |   |   |   |--- class: negative
|   |   |   |   |--- feature_11 >  9.05
|   |   |   |   |   |--- feature_2 <= 3.50
|   |   |   |   |   |   |--- feature_9 <= 15.55
|   |   |   |   |   |   |   |--- feature_10 <= 53.25
|   |   |   |   |   |   |   |   |--- feature_10 <= 12.70
|   |   |   |   |   |   |   |   |   |--- feature_10 <= 12.55
|   |   |   |   |   |   |   |   |   |   |--- class: negative
|   |   |   |   |   |   |   |   |   |--- feature_10 >  12.55
|   |   |   |   |   |   |   |   |   |   |--- feature_1 <= 2650.00
|   |   |   |   |   |   |   |   |   |   |   |--- class: positive
|   |   |   |   |   |   |   |   |   |   |--- feature_1 >  2650.00
|   |   |   |   |   |   |   |   |   |   |   |--- class: negative
|   |   |   |   |   |   |   |   |--- feature_10 >  12.70
|   |   |   |   |   |   |   |   |   |--- class: negative
|   |   |   |   |   |   |   |--- feature_10 >  53.25
|   |   |   |   |   |   |   |   |--- class: positive
|   |   |   |   |   |   |--- feature_9 >  15.55
|   |   |   |   |   |   |   |--- class: negative
|   |   |   |   |   |--- feature_2 >  3.50
|   |   |   |   |   |   |--- class: negative
|   |   |   |--- feature_22 >  0.50
|   |   |   |   |--- feature_9 <= 30.15
|   |   |   |   |   |--- feature_11 <= 12.25
|   |   |   |   |   |   |--- class: negative
|   |   |   |   |   |--- feature_11 >  12.25
|   |   |   |   |   |   |--- feature_10 <= 44.05
|   |   |   |   |   |   |   |--- feature_13 <= 6.50
|   |   |   |   |   |   |   |   |--- class: positive
|   |   |   |   |   |   |   |--- feature_13 >  6.50
|   |   |   |   |   |   |   |   |--- class: negative
|   |   |   |   |   |   |--- feature_10 >  44.05
|   |   |   |   |   |   |   |--- class: negative
|   |   |   |   |--- feature_9 >  30.15
|   |   |   |   |   |--- feature_2 <= 14.00
|   |   |   |   |   |   |--- class: positive
|   |   |   |   |   |--- feature_2 >  14.00
|   |   |   |   |   |   |--- class: negative
|   |   |--- feature_43 >  0.01
|   |   |   |--- feature_43 <= 1.00
|   |   |   |   |--- class: positive
|   |   |   |--- feature_43 >  1.00
|   |   |   |   |--- feature_0 <= 1995.50
|   |   |   |   |   |--- class: negative
|   |   |   |   |--- feature_0 >  1995.50
|   |   |   |   |   |--- feature_0 <= 1996.50
|   |   |   |   |   |   |--- feature_1 <= 152.00
|   |   |   |   |   |   |   |--- feature_7 <= 17.50
|   |   |   |   |   |   |   |   |--- class: positive
|   |   |   |   |   |   |   |--- feature_7 >  17.50
|   |   |   |   |   |   |   |   |--- class: negative
|   |   |   |   |   |   |--- feature_1 >  152.00
|   |   |   |   |   |   |   |--- class: negative
|   |   |   |   |   |--- feature_0 >  1996.50
|   |   |   |   |   |   |--- class: negative
|   |--- feature_52 >  0.00
|   |   |--- feature_52 <= 1.00
|   |   |   |--- class: positive
|   |   |--- feature_52 >  1.00
|   |   |   |--- feature_1 <= 39.50
|   |   |   |   |--- feature_1 <= 27.00
|   |   |   |   |   |--- class: negative
|   |   |   |   |--- feature_1 >  27.00
|   |   |   |   |   |--- feature_13 <= 7.50
|   |   |   |   |   |   |--- class: negative
|   |   |   |   |   |--- feature_13 >  7.50
|   |   |   |   |   |   |--- feature_17 <= 0.01
|   |   |   |   |   |   |   |--- class: negative
|   |   |   |   |   |   |--- feature_17 >  0.01
|   |   |   |   |   |   |   |--- feature_12 <= 57.15
|   |   |   |   |   |   |   |   |--- class: positive
|   |   |   |   |   |   |   |--- feature_12 >  57.15
|   |   |   |   |   |   |   |   |--- class: negative
|   |   |   |--- feature_1 >  39.50
|   |   |   |   |--- class: negative
