|--- feature_15 <= 47.50
|   |--- feature_18 <= 0.00
|   |   |--- feature_34 <= 0.00
|   |   |   |--- feature_17 <= 0.00
|   |   |   |   |--- feature_13 <= 7.98
|   |   |   |   |   |--- feature_13 <= 5.01
|   |   |   |   |   |   |--- feature_12 <= 29.62
|   |   |   |   |   |   |   |--- feature_0 <= 1955.50
|   |   |   |   |   |   |   |   |--- feature_5 <= 37.18
|   |   |   |   |   |   |   |   |   |--- feature_6 <= -88.91
|   |   |   |   |   |   |   |   |   |   |--- class: positive
|   |   |   |   |   |   |   |   |   |--- feature_6 >  -88.91
|   |   |   |   |   |   |   |   |   |   |--- class: negative
|   |   |   |   |   |   |   |   |--- feature_5 >  37.18
|   |   |   |   |   |   |   |   |   |--- class: negative
|   |   |   |   |   |   |   |--- feature_0 >  1955.50
|   |   |   |   |   |   |   |   |--- feature_10 <= 12.45
|   |   |   |   |   |   |   |   |   |--- feature_54 <= 0.50
|   |   |   |   |   |   |   |   |   |   |--- class: negative
|   |   |   |   |   |   |   |   |   |--- feature_54 >  0.50
|   |   |   |   |   |   |   |   |   |   |--- feature_9 <= 7.01
|   |   |   |   |   |   |   |   |   |   |   |--- class: negative
|   |   |   |   |   |   |   |   |   |   |--- feature_9 >  7.01
|   |   |   |   |   |   |   |   |   |   |   |--- truncated branch of depth 5
|   |   |   |   |   |   |   |   |--- feature_10 >  12.45
|   |   |   |   |   |   |   |   |   |--- feature_1 <= 1025.00
|   |   |   |   |   |   |   |   |   |   |--- feature_11 <= 4.20
|   |   |   |   |   |   |   |   |   |   |   |--- truncated branch of depth 2
|   |   |   |   |   |   |   |   |   |   |--- feature_11 >  4.20
|   |   |   |   |   |   |   |   |   |   |   |--- class: negative
|   |   |   |   |   |   |   |   |   |--- feature_1 >  1025.00
|   |   |   |   |   |   |   |   |   |   |--- class: positive
|   |   |   |   |   |   |--- feature_12 >  29.62
|   |   |   |   |   |   |   |--- feature_5 <= 37.25
|   |   |   |   |   |   |   |   |--- feature_7 <= 21.50
|   |   |   |   |   |   |   |   |   |--- class: negative
|   |   |   |   |   |   |   |   |--- feature_7 >  21.50
|   |   |   |   |   |   |   |   |   |--- class: positive
|   |   |   |   |   |   |   |--- feature_5 >  37.25
|   |   |   |   |   |   |   |   |--- feature_6 <= -87.68
|   |   |   |   |   |   |   |   |   |--- feature_12 <= 30.15
|   |   |   |   |   |   |   |   |   |   |--- feature_2 <= 9.50
|   |   |   |   |   |   |   |   |   |   |   |--- class: negative
|   |   |   |   |   |   |   |   |   |   |--- feature_2 >  9.50
|   |   |   |   |   |   |   |   |   |   |   |--- truncated branch of depth 2
|   |   |   |   |   |   |   |   |   |--- feature_12 >  30.15
|   |   |   |   |   |   |   |   |   |   |--- class: negative
|   |   |   |   |   |   |   |   |--- feature_6 >  -87.68
|   |   |   |   |   |   |   |   |   |--- feature_12 <= 87.30
|   |   |   |   |   |   |   |   |   |   |--- class: negative
|   |   |   |   |   |   |   |   |   |--- feature_12 >  87.30
|   |   |   |   |   |   |   |   |   |   |--- class: positive
|   |   |   |   |   |--- feature_13 >  5.01
|   |   |   |   |   |   |--- feature_1 <= 1739.50
|   |   |   |   |   |   |   |--- feature_54 <= 0.01
|   |   |   |   |   |   |   |   |--- class: negative
|   |   |   |   |   |   |   |--- feature_54 >  0.01
|   |   |   |   |   |   |   |   |--- feature_21 <= 0.00
|   |   |   |   |   |   |   |   |   |--- feature_14 <= 1.50
|   |   |   |   |   |   |   |   |   |   |--- feature_33 <= 0.01
|   |   |   |   |   |   |   |   |   |   |   |--- class: negative
|   |   |   |   |   |   |   |   |   |   |--- feature_33 >  0.01
|   |   |   |   |   |   |   |   |   |   |   |--- class: positive
|   |   |   |   |   |   |   |   |   |--- feature_14 >  1.50
|   |   |   |   |   |   |   |   |   |   |--- class: negative
|   |   |   |   |   |   |   |   |--- feature_21 >  0.00
|   |   |   |   |   |   |   |   |   |--- feature_6 <= -88.66
|   |   |   |   |   |   |   |   |   |   |--- class: positive
|   |   |   |   |   |   |   |   |   |--- feature_6 >  -88.66
|   |   |   |   |   |   |   |   |   |   |--- class: negative
|   |   |   |   |   |   |--- feature_1 >  1739.50
|   |   |   |   |   |   |   |--- class: negative
|   |   |   |   |--- feature_13 >  7.98
|   |   |   |   |   |--- feature_6 <= -91.41
|   |   |   |   |   |   |--- feature_10 <= 32.90
|   |   |   |   |   |   |   |--- class: negative
|   |   |   |   |   |   |--- feature_10 >  32.90
|   |   |   |   |   |   |   |--- class: positive
|   |   |   |   |   |--- feature_6 >  -91.41
|   |   |   |   |   |   |--- feature_12 <= 28.35
|   |   |   |   |   |   |   |--- feature_0 <= 1964.50
|   |   |   |   |   |   |   |   |--- class: negative
|   |   |   |   |   |   |   |--- feature_0 >  1964.50
|   |   |   |   |   |   |   |   |--- feature_11 <= 9.60
|   |   |   |   |   |   |   |   |   |--- feature_10 <= 33.00
|   |   |   |   |   |   |   |   |   |   |--- class: negative
|   |   |   |   |   |   |   |   |   |--- feature_10 >  33.00
|   |   |   |   |   |   |   |   |   |   |--- class: positive
|   |   |   |   |   |   |   |   |--- feature_11 >  9.60
|   |   |   |   |   |   |   |   |   |--- class: positive
|   |   |   |   |   |   |--- feature_12 >  28.35
|   |   |   |   |   |   |   |--- class: negative
|   |   |   |--- feature_17 >  0.00
|   |   |   |   |--- feature_17 <= 1.00
|   |   |   |   |   |--- class: positive
|   |   |   |   |--- feature_17 >  1.00
|   |   |   |   |   |--- feature_10 <= 9.80
|   |   |   |   |   |   |--- feature_5 <= 41.71
|   |   |   |   |   |   |   |--- feature_9 <= 6.55
|   |   |   |   |   |   |   |   |--- feature_0 <= 1959.00
|   |   |   |   |   |   |   |   |   |--- class: negative
|   |   |   |   |   |   |   |   |--- feature_0 >  1959.00
|   |   |   |   |   |   |   |   |   |--- feature_2 <= 3.50
|   |   |   |   |   |   |   |   |   |   |--- class: negative
|   |   |   |   |   |   |   |   |   |--- feature_2 >  3.50
|   |   |   |   |   |   |   |   |   |   |--- class: positive
|   |   |   |   |   |   |   |--- feature_9 >  6.55
|   |   |   |   |   |   |   |   |--- class: negative
|   |   |   |   |   |   |--- feature_5 >  41.71
|   |   |   |   |   |   |   |--- feature_5 <= 41.72
|   |   |   |   |   |   |   |   |--- class: positive
|   |   |   |   |   |   |   |--- feature_5 >  41.72
|   |   |   |   |   |   |   |   |--- feature_5 <= 42.47
|   |   |   |   |   |   |   |   |   |--- class: negative
|   |   |   |   |   |   |   |   |--- feature_5 >  42.47
|   |   |   |   |   |   |   |   |   |--- class: positive
|   |   |   |   |   |--- feature_10 >  9.80
|   |   |   |   |   |   |--- feature_1 <= 24.50
|   |   |   |   |   |   |   |--- feature_52 <= 0.00
|   |   |   |   |   |   |   |   |--- class: negative
|   |   |   |   |   |   |   |--- feature_52 >  0.00
|   |   |   |   |   |   |   |   |--- feature_52 <= 1.00
|   |   |   |   |   |   |   |   |   |--- class: positive
|   |   |   |   |   |   |   |   |--- feature_52 >  1.00
|   |   |   |   |   |   |   |   |   |--- class: negative
|   |   |   |   |   |   |--- feature_1 >  24.50
|   |   |   |   |   |   |   |--- feature_10 <= 50.60
|   |   |   |   |   |   |   |   |--- feature_5 <= 41.71
|   |   |   |   |   |   |   |   |   |--- feature_1 <= 27.00
|   |   |   |   |   |   |   |   |   |   |--- feature_9 <= 11.05
|   |   |   |   |   |   |   |   |   |   |   |--- class: negative
|   |   |   |   |   |   |   |   |   |   |--- feature_9 >  11.05
|   |   |   |   |   |   |   |   |   |   |   |--- truncated branch of depth 4
|   |   |   |   |   |   |   |   |   |--- feature_1 >  27.00
|   |   |   |   |   |   |   |   |   |   |--- class: negative
|   |   |   |   |   |   |   |   |--- feature_5 >  41.71
|   |   |   |   |   |   |   |   |   |--- feature_5 <= 41.77
|   |   |   |   |   |   |   |   |   |   |--- feature_1 <= 500.00
|   |   |   |   |   |   |   |   |   |   |   |--- class: negative
|   |   |   |   |   |   |   |   |   |   |--- feature_1 >  500.00
|   |   |   |   |   |   |   |   |   |   |   |--- truncated branch of depth 2
|   |   |   |   |   |   |   |   |   |--- feature_5 >  41.77
|   |   |   |   |   |   |   |   |   |   |--- feature_6 <= -87.77
|   |   |   |   |   |   |   |   |   |   |   |--- class: negative
|   |   |   |   |   |   |   |   |   |   |--- feature_6 >  -87.77
|   |   |   |   |   |   |   |   |   |   |   |--- truncated branch of depth 2
|   |   |   |   |   |   |   |--- feature_10 >  50.60
|   |   |   |   |   |   |   |   |--- feature_1 <= 5662.50
|   |   |   |   |   |   |   |   |   |--- feature_6 <= -88.29
|   |   |   |   |   |   |   |   |   |   |--- feature_2 <= 8.00
|   |   |   |   |   |   |   |   |   |   |   |--- truncated branch of depth 2
|   |   |   |   |   |   |   |   |   |   |--- feature_2 >  8.00
|   |   |   |   |   |   |   |   |   |   |   |--- class: negative
|   |   |   |   |   |   |   |   |   |--- feature_6 >  -88.29
|   |   |   |   |   |   |   |   |   |   |--- feature_45 <= 0.50
|   |   |   |   |   |   |   |   |   |   |   |--- class: negative
|   |   |   |   |   |   |   |   |   |   |--- feature_45 >  0.50
|   |   |   |   |   |   |   |   |   |   |   |--- class: positive
|   |   |   |   |   |   |   |   |--- feature_1 >  5662.50
|   |   |   |   |   |   |   |   |   |--- class: negative
|   |   |--- feature_34 >  0.00
|   |   |   |--- feature_34 <= 1.00
|   |   |   |   |--- class: positive
|   |   |   |--- feature_34 >  1.00
|   |   |   |   |--- feature_1 <= 501.00
|   |   |   |   |   |--- feature_15 <= 24.50
|   |   |   |   |   |   |--- feature_5 <= 41.00
|   |   |   |   |   |   |   |--- feature_12 <= 34.82
|   |   |   |   |   |   |   |   |--- feature_12 <= 33.75
|   |   |   |   |   |   |   |   |   |--- feature_11 <= 9.30
|   |   |   |   |   |   |   |   |   |   |--- class: negative
|   |   |   |   |   |   |   |   |   |--- feature_11 >  9.30
|   |   |   |   |   |   |   |   |   |   |--- feature_15 <= 18.00
|   |   |   |   |   |   |   |   |   |   |   |--- class: negative
|   |   |   |   |   |   |   |   |   |   |--- feature_15 >  18.00
|   |   |   |   |   |   |   |   |   |   |   |--- class: positive
|   |   |   |   |   |   |   |   |--- feature_12 >  33.75
|   |   |   |   |   |   |   |   |   |--- class: positive
|   |   |   |   |   |   |   |--- feature_12 >  34.82
|   |   |   |   |   |   |   |   |--- class: negative
|   |   |   |   |   |   |--- feature_5 >  41.00
|   |   |   |   |   |   |   |--- feature_10 <= 44.83
|   |   |   |   |   |   |   |   |--- feature_13 <= 6.76
|   |   |   |   |   |   |   |   |   |--- feature_13 <= 5.01
|   |   |   |   |   |   |   |   |   |   |--- feature_5 <= 42.48
|   |   |   |   |   |   |   |   |   |   |   |--- truncated branch of depth 3
|   |   |   |   |   |   |   |   |   |   |--- feature_5 >  42.48
|   |   |   |   |   |   |   |   |   |   |   |--- class: positive
|   |   |   |   |   |   |   |   |   |--- feature_13 >  5.01
|   |   |   |   |   |   |   |   |   |   |--- feature_11 <= 8.05
|   |   |   |   |   |   |   |   |   |   |   |--- truncated branch of depth 2
|   |   |   |   |   |   |   |   |   |   |--- feature_11 >  8.05
|   |   |   |   |   |   |   |   |   |   |   |--- class: negative
|   |   |   |   |   |   |   |   |--- feature_13 >  6.76
|   |   |   |   |   |   |   |   |   |--- class: negative
|   |   |   |   |   |   |   |--- feature_10 >  44.83
|   |   |   |   |   |   |   |   |--- feature_9 <= 17.23
|   |   |   |   |   |   |   |   |   |--- feature_6 <= -89.98
|   |   |   |   |   |   |   |   |   |   |--- class: negative
|   |   |   |   |   |   |   |   |   |--- feature_6 >  -89.98
|   |   |   |   |   |   |   |   |   |   |--- class: positive
|   |   |   |   |   |   |   |   |--- feature_9 >  17.23
|   |   |   |   |   |   |   |   |   |--- class: negative
|   |   |   |   |   |--- feature_15 >  24.50
|   |   |   |   |   |   |--- class: positive
|   |   |   |   |--- feature_1 >  501.00
|   |   |   |   |   |--- feature_7 <= 29.50
|   |   |   |   |   |   |--- feature_13 <= 5.00
|   |   |   |   |   |   |   |--- feature_22 <= 0.00
|   |   |   |   |   |   |   |   |--- feature_5 <= 37.34
|   |   |   |   |   |   |   |   |   |--- class: positive
|   |   |   |   |   |   |   |   |--- feature_5 >  37.34
|   |   |   |   |   |   |   |   |   |--- feature_23 <= 0.01
|   |   |   |   |   |   |   |   |   |   |--- feature_28 <= 0.50
|   |   |   |   |   |   |   |   |   |   |   |--- truncated branch of depth 3
|   |   |   |   |   |   |   |   |   |   |--- feature_28 >  0.50
|   |   |   |   |   |   |   |   |   |   |   |--- class: positive
|   |   |   |   |   |   |   |   |   |--- feature_23 >  0.01
|   |   |   |   |   |   |   |   |   |   |--- feature_23 <= 0.97
|   |   |   |   |   |   |   |   |   |   |   |--- class: positive
|   |   |   |   |   |   |   |   |   |   |--- feature_23 >  0.97
|   |   |   |   |   |   |   |   |   |   |   |--- truncated branch of depth 2
|   |   |   |   |   |   |   |--- feature_22 >  0.00
|   |   |   |   |   |   |   |   |--- feature_22 <= 1.00
|   |   |   |   |   |   |   |   |   |--- class: positive
|   |   |   |   |   |   |   |   |--- feature_22 >  1.00
|   |   |   |   |   |   |   |   |   |--- class: negative
|   |   |   |   |   |   |--- feature_13 >  5.00
|   |   |   |   |   |   |   |--- feature_12 <= 70.90
|   |   |   |   |   |   |   |   |--- feature_17 <= 0.50
|   |   |   |   |   |   |   |   |   |--- feature_23 <= 0.99
|   |   |   |   |   |   |   |   |   |   |--- feature_5 <= 41.50
|   |   |   |   |   |   |   |   |   |   |   |--- truncated branch of depth 9
|   |   |   |   |   |   |   |   |   |   |--- feature_5 >  41.50
|   |   |   |   |   |   |   |   |   |   |   |--- truncated branch of depth 9
|   |   |   |   |   |   |   |   |   |--- feature_23 >  0.99
|   |   |   |   |   |   |   |   |   |   |--- class: negative
|   |   |   |   |   |   |   |   |--- feature_17 >  0.50
|   |   |   |   |   |   |   |   |   |--- class: negative
|   |   |   |   |   |   |   |--- feature_12 >  70.90
|   |   |   |   |   |   |   |   |--- feature_15 <= 36.50
|   |   |   |   |   |   |   |   |   |--- class: negative
|   |   |   |   |   |   |   |   |--- feature_15 >  36.50
|   |   |   |   |   |   |   |   |   |--- class: positive
|   |   |   |   |   |--- feature_7 >  29.50
|   |   |   |   |   |   |--- class: negative
|   |--- feature_18 >  0.00
|   |   |--- feature_18 <= 1.00
|   |   |   |--- class: positive
|   |   |--- feature_18 >  1.00
|   |   |   |--- feature_12 <= 33.37
|   |   |   |   |--- feature_1 <= 1275.00
|   |   |   |   |   |--- class: negative
|   |   |   |   |--- feature_1 >  1275.00
|   |   |   |   |   |--- feature_6 <= -89.57
|   |   |   |   |   |   |--- feature_10 <= 30.50
|   |   |   |   |   |   |   |--- class: positive
|   |   |   |   |   |   |--- feature_10 >  30.50
|   |   |   |   |   |   |   |--- class: negative
|   |   |   |   |   |--- feature_6 >  -89.57
|   |   |   |   |   |   |--- class: negative
|   |   |   |--- feature_12 >  33.37
|   |   |   |   |--- feature_12 <= 51.75
|   |   |   |   |   |--- feature_0 <= 1954.50
|   |   |   |   |   |   |--- class: negative
|   |   |   |   |   |--- feature_0 >  1954.50
|   |   |   |   |   |   |--- feature_7 <= 29.50
|   |   |   |   |   |   |   |--- feature_13 <= 8.00
|   |   |   |   |   |   |   |   |--- feature_5 <= 39.71
|   |   |   |   |   |   |   |   |   |--- class: negative
|   |   |   |   |   |   |   |   |--- feature_5 >  39.71
|   |   |   |   |   |   |   |   |   |--- feature_13 <= 7.00
|   |   |   |   |   |   |   |   |   |   |--- feature_1 <= 59.50
|   |   |   |   |   |   |   |   |   |   |   |--- truncated branch of depth 2
|   |   |   |   |   |   |   |   |   |   |--- feature_1 >  59.50
|   |   |   |   |   |   |   |   |   |   |   |--- truncated branch of depth 5
|   |   |   |   |   |   |   |   |   |--- feature_13 >  7.00
|   |   |   |   |   |   |   |   |   |   |--- class: positive
|   |   |   |   |   |   |   |--- feature_13 >  8.00
|   |   |   |   |   |   |   |   |--- feature_10 <= 25.45
|   |   |   |   |   |   |   |   |   |--- feature_33 <= 0.01
|   |   |   |   |   |   |   |   |   |   |--- class: negative
|   |   |   |   |   |   |   |   |   |--- feature_33 >  0.01
|   |   |   |   |   |   |   |   |   |   |--- feature_1 <= 650.00
|   |   |   |   |   |   |   |   |   |   |   |--- truncated branch of depth 7
|   |   |   |   |   |   |   |   |   |   |--- feature_1 >  650.00
|   |   |   |   |   |   |   |   |   |   |   |--- class: negative
|   |   |   |   |   |   |   |   |--- feature_10 >  25.45
|   |   |   |   |   |   |   |   |   |--- class: negative
|   |   |   |   |   |   |--- feature_7 >  29.50
|   |   |   |   |   |   |   |--- feature_5 <= 42.26
|   |   |   |   |   |   |   |   |--- class: negative
|   |   |   |   |   |   |   |--- feature_5 >  42.26
|   |   |   |   |   |   |   |   |--- class: positive
|   |   |   |   |--- feature_12 >  51.75
|   |   |   |   |   |--- feature_2 <= 3.50
|   |   |   |   |   |   |--- feature_11 <= 13.60
|   |   |   |   |   |   |   |--- class: negative
|   |   |   |   |   |   |--- feature_11 >  13.60
|   |   |   |   |   |   |   |--- class: positive
|   |   |   |   |   |--- feature_2 >  3.50
|   |   |   |   |   |   |--- class: negative
|--- feature_15 >  47.50
|   |--- feature_52 <= 0.01
|   |   |--- feature_43 <= 0.00
|   |   |   |--- feature_5 <= 42.15
|   |   |   |   |--- feature_5 <= 37.22
|   |   |   |   |   |--- feature_5 <= 37.21
|   |   |   |   |   |   |--- class: negative
|   |   |   |   |   |--- feature_5 >  37.21
|   |   |   |   |   |   |--- class: positive
|   |   |   |   |--- feature_5 >  37.22
|   |   |   |   |   |--- class: negative
|   |   |   |--- feature_5 >  42.15
|   |   |   |   |--- feature_22 <= 0.50
|   |   |   |   |   |--- feature_6 <= -87.81
|   |   |   |   |   |   |--- class: negative
|   |   |   |   |   |--- feature_6 >  -87.81
|   |   |   |   |   |   |--- feature_10 <= 54.85
|   |   |   |   |   |   |   |--- class: negative
|   |   |   |   |   |   |--- feature_10 >  54.85
|   |   |   |   |   |   |   |--- class: positive
|   |   |   |   |--- feature_22 >  0.50
|   |   |   |   |   |--- feature_2 <= 11.50
|   |   |   |   |   |   |--- class: positive
|   |   |   |   |   |--- feature_2 >  11.50
|   |   |   |   |   |   |--- class: negative
|   |   |--- feature_43 >  0.00
|   |   |   |--- feature_21 <= 0.00
|   |   |   |   |--- feature_0 <= 1995.50
|   |   |   |   |   |--- class: negative
|   |   |   |   |--- feature_0 >  1995.50
|   |   |   |   |   |--- feature_0 <= 1996.50
|   |   |   |   |   |   |--- feature_5 <= 41.19
|   |   |   |   |   |   |   |--- class: negative
|   |   |   |   |   |   |--- feature_5 >  41.19
|   |   |   |   |   |   |   |--- feature_5 <= 41.31
|   |   |   |   |   |   |   |   |--- class: positive
|   |   |   |   |   |   |   |--- feature_5 >  41.31
|   |   |   |   |   |   |   |   |--- class: negative
|   |   |   |   |   |--- feature_0 >  1996.50
|   |   |   |   |   |   |--- class: negative
|   |   |   |--- feature_21 >  0.00
|   |   |   |   |--- class: positive
|   |--- feature_52 >  0.01
|   |   |--- feature_52 <= 1.00
|   |   |   |--- class: positive
|   |   |--- feature_52 >  1.00
|   |   |   |--- feature_1 <= 39.50
|   |   |   |   |--- feature_1 <= 27.00
|   |   |   |   |   |--- class: negative
|   |   |   |   |--- feature_1 >  27.00
|   |   |   |   |   |--- feature_13 <= 7.50
|   |   |   |   |   |   |--- class: negative
|   |   |   |   |   |--- feature_13 >  7.50
|   |   |   |   |   |   |--- feature_17 <= 0.02
|   |   |   |   |   |   |   |--- class: negative
|   |   |   |   |   |   |--- feature_17 >  0.02
|   |   |   |   |   |   |   |--- feature_11 <= 8.80
|   |   |   |   |   |   |   |   |--- class: positive
|   |   |   |   |   |   |   |--- feature_11 >  8.80
|   |   |   |   |   |   |   |   |--- class: negative
|   |   |   |--- feature_1 >  39.50
|   |   |   |   |--- class: negative
