|--- feature_15 <= 47.50
|   |--- feature_18 <= 0.00
|   |   |--- feature_34 <= 0.00
|   |   |   |--- feature_25 <= 0.00
|   |   |   |   |--- feature_17 <= 0.00
|   |   |   |   |   |--- feature_13 <= 7.99
|   |   |   |   |   |   |--- feature_13 <= 5.03
|   |   |   |   |   |   |   |--- feature_12 <= 28.40
|   |   |   |   |   |   |   |   |--- feature_0 <= 1955.50
|   |   |   |   |   |   |   |   |   |--- class: negative
|   |   |   |   |   |   |   |   |--- feature_0 >  1955.50
|   |   |   |   |   |   |   |   |   |--- feature_10 <= 12.25
|   |   |   |   |   |   |   |   |   |   |--- feature_54 <= 0.50
|   |   |   |   |   |   |   |   |   |   |   |--- class: negative
|   |   |   |   |   |   |   |   |   |   |--- feature_54 >  0.50
|   |   |   |   |   |   |   |   |   |   |   |--- truncated branch of depth 6
|   |   |   |   |   |   |   |   |   |--- feature_10 >  12.25
|   |   |   |   |   |   |   |   |   |   |--- feature_1 <= 1025.00
|   |   |   |   |   |   |   |   |   |   |   |--- truncated branch of depth 3
|   |   |   |   |   |   |   |   |   |   |--- feature_1 >  1025.00
|   |   |   |   |   |   |   |   |   |   |   |--- class: positive
|   |   |   |   |   |   |   |--- feature_12 >  28.40
|   |   |   |   |   |   |   |   |--- feature_2 <= 2.50
|   |   |   |   |   |   |   |   |   |--- class: negative
|   |   |   |   |   |   |   |   |--- feature_2 >  2.50
|   |   |   |   |   |   |   |   |   |--- feature_8 <= 1.50
|   |   |   |   |   |   |   |   |   |   |--- feature_12 <= 85.95
|   |   |   |   |   |   |   |   |   |   |   |--- truncated branch of depth 5
|   |   |   |   |   |   |   |   |   |   |--- feature_12 >  85.95
|   |   |   |   |   |   |   |   |   |   |   |--- truncated branch of depth 2
|   |   |   |   |   |   |   |   |   |--- feature_8 >  1.50
|   |   |   |   |   |   |   |   |   |   |--- class: negative
|   |   |   |   |   |   |--- feature_13 >  5.03
|   |   |   |   |   |   |   |--- feature_1 <= 1739.50
|   |   |   |   |   |   |   |   |--- feature_54 <= 0.00
|   |   |   |   |   |   |   |   |   |--- class: negative
|   |   |   |   |   |   |   |   |--- feature_54 >  0.00
|   |   |   |   |   |   |   |   |   |--- feature_21 <= 0.02
|   |   |   |   |   |   |   |   |   |   |--- feature_12 <= 23.82
|   |   |   |   |   |   |   |   |   |   |   |--- truncated branch of depth 2
|   |   |   |   |   |   |   |   |   |   |--- feature_12 >  23.82
|   |   |   |   |   |   |   |   |   |   |   |--- class: negative
|   |   |   |   |   |   |   |   |   |--- feature_21 >  0.02
|   |   |   |   |   |   |   |   |   |   |--- feature_9 <= 29.55
|   |   |   |   |   |   |   |   |   |   |   |--- class: positive
|   |   |   |   |   |   |   |   |   |   |--- feature_9 >  29.55
|   |   |   |   |   |   |   |   |   |   |   |--- class: negative
|   |   |   |   |   |   |   |--- feature_1 >  1739.50
|   |   |   |   |   |   |   |   |--- class: negative
|   |   |   |   |   |--- feature_13 >  7.99
|   |   |   |   |   |   |--- feature_9 <= 14.05
|   |   |   |   |   |   |   |--- feature_10 <= 35.45
|   |   |   |   |   |   |   |   |--- feature_1 <= 11425.00
|   |   |   |   |   |   |   |   |   |--- class: negative
|   |   |   |   |   |   |   |   |--- feature_1 >  11425.00
|   |   |   |   |   |   |   |   |   |--- feature_1 <= 12775.00
|   |   |   |   |   |   |   |   |   |   |--- class: positive
|   |   |   |   |   |   |   |   |   |--- feature_1 >  12775.00
|   |   |   |   |   |   |   |   |   |   |--- class: negative
|   |   |   |   |   |   |   |--- feature_10 >  35.45
|   |   |   |   |   |   |   |   |--- feature_1 <= 175.00
|   |   |   |   |   |   |   |   |   |--- feature_1 <= 69.00
|   |   |   |   |   |   |   |   |   |   |--- class: negative
|   |   |   |   |   |   |   |   |   |--- feature_1 >  69.00
|   |   |   |   |   |   |   |   |   |   |--- class: positive
|   |   |   |   |   |   |   |   |--- feature_1 >  175.00
|   |   |   |   |   |   |   |   |   |--- class: negative
|   |   |   |   |   |   |--- feature_9 >  14.05
|   |   |   |   |   |   |   |--- class: negative
|   |   |   |   |--- feature_17 >  0.00
|   |   |   |   |   |--- feature_17 <= 1.00
|   |   |   |   |   |   |--- class: positive
|   |   |   |   |   |--- feature_17 >  1.00
|   |   |   |   |   |   |--- feature_9 <= 9.41
|   |   |   |   |   |   |   |--- feature_1 <= 575.00
|   |   |   |   |   |   |   |   |--- feature_10 <= 7.35
|   |   |   |   |   |   |   |   |   |--- feature_12 <= 36.90
|   |   |   |   |   |   |   |   |   |   |--- class: negative
|   |   |   |   |   |   |   |   |   |--- feature_12 >  36.90
|   |   |   |   |   |   |   |   |   |   |--- feature_12 <= 38.70
|   |   |   |   |   |   |   |   |   |   |   |--- truncated branch of depth 2
|   |   |   |   |   |   |   |   |   |   |--- feature_12 >  38.70
|   |   |   |   |   |   |   |   |   |   |   |--- class: negative
|   |   |   |   |   |   |   |   |--- feature_10 >  7.35
|   |   |   |   |   |   |   |   |   |--- class: negative
|   |   |   |   |   |   |   |--- feature_1 >  575.00
|   |   |   |   |   |   |   |   |--- feature_1 <= 625.00
|   |   |   |   |   |   |   |   |   |--- feature_43 <= 0.50
|   |   |   |   |   |   |   |   |   |   |--- feature_0 <= 1953.50
|   |   |   |   |   |   |   |   |   |   |   |--- class: negative
|   |   |   |   |   |   |   |   |   |   |--- feature_0 >  1953.50
|   |   |   |   |   |   |   |   |   |   |   |--- truncated branch of depth 2
|   |   |   |   |   |   |   |   |   |--- feature_43 >  0.50
|   |   |   |   |   |   |   |   |   |   |--- class: negative
|   |   |   |   |   |   |   |   |--- feature_1 >  625.00
|   |   |   |   |   |   |   |   |   |--- feature_1 <= 12300.00
|   |   |   |   |   |   |   |   |   |   |--- class: negative
|   |   |   |   |   |   |   |   |   |--- feature_1 >  12300.00
|   |   |   |   |   |   |   |   |   |   |--- feature_1 <= 12900.00
|   |   |   |   |   |   |   |   |   |   |   |--- class: positive
|   |   |   |   |   |   |   |   |   |   |--- feature_1 >  12900.00
|   |   |   |   |   |   |   |   |   |   |   |--- class: negative
|   |   |   |   |   |   |--- feature_9 >  9.41
|   |   |   |   |   |   |   |--- feature_14 <= 2.50
|   |   |   |   |   |   |   |   |--- feature_1 <= 27.00
|   |   |   |   |   |   |   |   |   |--- feature_50 <= 0.00
|   |   |   |   |   |   |   |   |   |   |--- class: negative
|   |   |   |   |   |   |   |   |   |--- feature_50 >  0.00
|   |   |   |   |   |   |   |   |   |   |--- feature_12 <= 32.85
|   |   |   |   |   |   |   |   |   |   |   |--- class: negative
|   |   |   |   |   |   |   |   |   |   |--- feature_12 >  32.85
|   |   |   |   |   |   |   |   |   |   |   |--- truncated branch of depth 7
|   |   |   |   |   |   |   |   |--- feature_1 >  27.00
|   |   |   |   |   |   |   |   |   |--- feature_8 <= 5.50
|   |   |   |   |   |   |   |   |   |   |--- feature_12 <= 2.25
|   |   |   |   |   |   |   |   |   |   |   |--- truncated branch of depth 2
|   |   |   |   |   |   |   |   |   |   |--- feature_12 >  2.25
|   |   |   |   |   |   |   |   |   |   |   |--- class: negative
|   |   |   |   |   |   |   |   |   |--- feature_8 >  5.50
|   |   |   |   |   |   |   |   |   |   |--- feature_33 <= 0.50
|   |   |   |   |   |   |   |   |   |   |   |--- class: negative
|   |   |   |   |   |   |   |   |   |   |--- feature_33 >  0.50
|   |   |   |   |   |   |   |   |   |   |   |--- class: positive
|   |   |   |   |   |   |   |--- feature_14 >  2.50
|   |   |   |   |   |   |   |   |--- feature_37 <= 0.50
|   |   |   |   |   |   |   |   |   |--- class: negative
|   |   |   |   |   |   |   |   |--- feature_37 >  0.50
|   |   |   |   |   |   |   |   |   |--- feature_1 <= 24650.00
|   |   |   |   |   |   |   |   |   |   |--- feature_10 <= 80.45
|   |   |   |   |   |   |   |   |   |   |   |--- truncated branch of depth 2
|   |   |   |   |   |   |   |   |   |   |--- feature_10 >  80.45
|   |   |   |   |   |   |   |   |   |   |   |--- class: negative
|   |   |   |   |   |   |   |   |   |--- feature_1 >  24650.00
|   |   |   |   |   |   |   |   |   |   |--- class: negative
|   |   |   |--- feature_25 >  0.00
|   |   |   |   |--- feature_1 <= 49.50
|   |   |   |   |   |--- feature_54 <= 0.00
|   |   |   |   |   |   |--- class: negative
|   |   |   |   |   |--- feature_54 >  0.00
|   |   |   |   |   |   |--- feature_9 <= 5.66
|   |   |   |   |   |   |   |--- class: negative
|   |   |   |   |   |   |--- feature_9 >  5.66
|   |   |   |   |   |   |   |--- class: positive
|   |   |   |   |--- feature_1 >  49.50
|   |   |   |   |   |--- feature_11 <= 4.30
|   |   |   |   |   |   |--- class: positive
|   |   |   |   |   |--- feature_11 >  4.30
|   |   |   |   |   |   |--- class: negative
|   |   |--- feature_34 >  0.00
|   |   |   |--- feature_34 <= 1.00
|   |   |   |   |--- class: positive
|   |   |   |--- feature_34 >  1.00
|   |   |   |   |--- feature_1 <= 500.50
|   |   |   |   |   |--- feature_15 <= 24.50
|   |   |   |   |   |   |--- feature_10 <= 37.61
|   |   |   |   |   |   |   |--- feature_0 <= 1982.50
|   |   |   |   |   |   |   |   |--- feature_1 <= 89.00
|   |   |   |   |   |   |   |   |   |--- class: negative
|   |   |   |   |   |   |   |   |--- feature_1 >  89.00
|   |   |   |   |   |   |   |   |   |--- feature_1 <= 108.50
|   |   |   |   |   |   |   |   |   |   |--- feature_2 <= -0.50
|   |   |   |   |   |   |   |   |   |   |   |--- truncated branch of depth 4
|   |   |   |   |   |   |   |   |   |   |--- feature_2 >  -0.50
|   |   |   |   |   |   |   |   |   |   |   |--- class: positive
|   |   |   |   |   |   |   |   |   |--- feature_1 >  108.50
|   |   |   |   |   |   |   |   |   |   |--- feature_1 <= 387.00
|   |   |   |   |   |   |   |   |   |   |   |--- class: negative
|   |   |   |   |   |   |   |   |   |   |--- feature_1 >  387.00
|   |   |   |   |   |   |   |   |   |   |   |--- truncated branch of depth 5
|   |   |   |   |   |   |   |--- feature_0 >  1982.50
|   |   |   |   |   |   |   |   |--- class: negative
|   |   |   |   |   |   |--- feature_10 >  37.61
|   |   |   |   |   |   |   |--- feature_9 <= 17.10
|   |   |   |   |   |   |   |   |--- feature_1 <= 124.50
|   |   |   |   |   |   |   |   |   |--- feature_2 <= -0.50
|   |   |   |   |   |   |   |   |   |   |--- feature_11 <= 9.00
|   |   |   |   |   |   |   |   |   |   |   |--- class: negative
|   |   |   |   |   |   |   |   |   |   |--- feature_11 >  9.00
|   |   |   |   |   |   |   |   |   |   |   |--- class: positive
|   |   |   |   |   |   |   |   |   |--- feature_2 >  -0.50
|   |   |   |   |   |   |   |   |   |   |--- class: positive
|   |   |   |   |   |   |   |   |--- feature_1 >  124.50
|   |   |   |   |   |   |   |   |   |--- feature_10 <= 64.25
|   |   |   |   |   |   |   |   |   |   |--- class: negative
|   |   |   |   |   |   |   |   |   |--- feature_10 >  64.25
|   |   |   |   |   |   |   |   |   |   |--- feature_1 <= 137.50
|   |   |   |   |   |   |   |   |   |   |   |--- class: positive
|   |   |   |   |   |   |   |   |   |   |--- feature_1 >  137.50
|   |   |   |   |   |   |   |   |   |   |   |--- class: negative
|   |   |   |   |   |   |   |--- feature_9 >  17.10
|   |   |   |   |   |   |   |   |--- class: negative
|   |   |   |   |   |--- feature_15 >  24.50
|   |   |   |   |   |   |--- class: positive
|   |   |   |   |--- feature_1 >  500.50
|   |   |   |   |   |--- feature_7 <= 29.50
|   |   |   |   |   |   |--- feature_13 <= 5.01
|   |   |   |   |   |   |   |--- feature_22 <= 0.01
|   |   |   |   |   |   |   |   |--- feature_7 <= 0.50
|   |   |   |   |   |   |   |   |   |--- feature_2 <= 3.50
|   |   |   |   |   |   |   |   |   |   |--- feature_0 <= 1955.50
|   |   |   |   |   |   |   |   |   |   |   |--- truncated branch of depth 3
|   |   |   |   |   |   |   |   |   |   |--- feature_0 >  1955.50
|   |   |   |   |   |   |   |   |   |   |   |--- class: negative
|   |   |   |   |   |   |   |   |   |--- feature_2 >  3.50
|   |   |   |   |   |   |   |   |   |   |--- feature_2 <= 4.50
|   |   |   |   |   |   |   |   |   |   |   |--- truncated branch of depth 3
|   |   |   |   |   |   |   |   |   |   |--- feature_2 >  4.50
|   |   |   |   |   |   |   |   |   |   |   |--- class: negative
|   |   |   |   |   |   |   |   |--- feature_7 >  0.50
|   |   |   |   |   |   |   |   |   |--- feature_2 <= 10.50
|   |   |   |   |   |   |   |   |   |   |--- feature_1 <= 4180.00
|   |   |   |   |   |   |   |   |   |   |   |--- truncated branch of depth 5
|   |   |   |   |   |   |   |   |   |   |--- feature_1 >  4180.00
|   |   |   |   |   |   |   |   |   |   |   |--- class: negative
|   |   |   |   |   |   |   |   |   |--- feature_2 >  10.50
|   |   |   |   |   |   |   |   |   |   |--- feature_28 <= 0.50
|   |   |   |   |   |   |   |   |   |   |   |--- class: negative
|   |   |   |   |   |   |   |   |   |   |--- feature_28 >  0.50
|   |   |   |   |   |   |   |   |   |   |   |--- class: positive
|   |   |   |   |   |   |   |--- feature_22 >  0.01
|   |   |   |   |   |   |   |   |--- feature_22 <= 0.99
|   |   |   |   |   |   |   |   |   |--- class: positive
|   |   |   |   |   |   |   |   |--- feature_22 >  0.99
|   |   |   |   |   |   |   |   |   |--- class: negative
|   |   |   |   |   |   |--- feature_13 >  5.01
|   |   |   |   |   |   |   |--- feature_12 <= 71.10
|   |   |   |   |   |   |   |   |--- feature_17 <= 0.50
|   |   |   |   |   |   |   |   |   |--- feature_23 <= 1.00
|   |   |   |   |   |   |   |   |   |   |--- feature_0 <= 1937.50
|   |   |   |   |   |   |   |   |   |   |   |--- truncated branch of depth 6
|   |   |   |   |   |   |   |   |   |   |--- feature_0 >  1937.50
|   |   |   |   |   |   |   |   |   |   |   |--- truncated branch of depth 11
|   |   |   |   |   |   |   |   |   |--- feature_23 >  1.00
|   |   |   |   |   |   |   |   |   |   |--- class: negative
|   |   |   |   |   |   |   |   |--- feature_17 >  0.50
|   |   |   |   |   |   |   |   |   |--- class: negative
|   |   |   |   |   |   |   |--- feature_12 >  71.10
|   |   |   |   |   |   |   |   |--- feature_15 <= 36.50
|   |   |   |   |   |   |   |   |   |--- feature_12 <= 71.81
|   |   |   |   |   |   |   |   |   |   |--- feature_22 <= 0.27
|   |   |   |   |   |   |   |   |   |   |   |--- class: negative
|   |   |   |   |   |   |   |   |   |   |--- feature_22 >  0.27
|   |   |   |   |   |   |   |   |   |   |   |--- class: positive
|   |   |   |   |   |   |   |   |   |--- feature_12 >  71.81
|   |   |   |   |   |   |   |   |   |   |--- class: negative
|   |   |   |   |   |   |   |   |--- feature_15 >  36.50
|   |   |   |   |   |   |   |   |   |--- class: positive
|   |   |   |   |   |--- feature_7 >  29.50
|   |   |   |   |   |   |--- class: negative
|   |--- feature_18 >  0.00
|   |   |--- feature_18 <= 1.00
|   |   |   |--- class: positive
|   |   |--- feature_18 >  1.00
|   |   |   |--- feature_12 <= 33.33
|   |   |   |   |--- feature_1 <= 1275.00
|   |   |   |   |   |--- class: negative
|   |   |   |   |--- feature_1 >  1275.00
|   |   |   |   |   |--- feature_0 <= 1960.50
|   |   |   |   |   |   |--- class: negative
|   |   |   |   |   |--- feature_0 >  1960.50
|   |   |   |   |   |   |--- feature_10 <= 25.90
|   |   |   |   |   |   |   |--- class: negative
|   |   |   |   |   |   |--- feature_10 >  25.90
|   |   |   |   |   |   |   |--- class: positive
|   |   |   |--- feature_12 >  33.33
|   |   |   |   |--- feature_12 <= 51.75
|   |   |   |   |   |--- feature_0 <= 1954.50
|   |   |   |   |   |   |--- class: negative
|   |   |   |   |   |--- feature_0 >  1954.50
|   |   |   |   |   |   |--- feature_7 <= 29.50
|   |   |   |   |   |   |   |--- feature_1 <= 124.50
|   |   |   |   |   |   |   |   |--- feature_12 <= 44.10
|   |   |   |   |   |   |   |   |   |--- feature_10 <= 27.40
|   |   |   |   |   |   |   |   |   |   |--- feature_12 <= 37.81
|   |   |   |   |   |   |   |   |   |   |   |--- truncated branch of depth 2
|   |   |   |   |   |   |   |   |   |   |--- feature_12 >  37.81
|   |   |   |   |   |   |   |   |   |   |   |--- truncated branch of depth 8
|   |   |   |   |   |   |   |   |   |--- feature_10 >  27.40
|   |   |   |   |   |   |   |   |   |   |--- class: negative
|   |   |   |   |   |   |   |   |--- feature_12 >  44.10
|   |   |   |   |   |   |   |   |   |--- class: negative
|   |   |   |   |   |   |   |--- feature_1 >  124.50
|   |   |   |   |   |   |   |   |--- feature_1 <= 8703.50
|   |   |   |   |   |   |   |   |   |--- feature_0 <= 1961.50
|   |   |   |   |   |   |   |   |   |   |--- feature_1 <= 475.00
|   |   |   |   |   |   |   |   |   |   |   |--- truncated branch of depth 3
|   |   |   |   |   |   |   |   |   |   |--- feature_1 >  475.00
|   |   |   |   |   |   |   |   |   |   |   |--- class: negative
|   |   |   |   |   |   |   |   |   |--- feature_0 >  1961.50
|   |   |   |   |   |   |   |   |   |   |--- class: negative
|   |   |   |   |   |   |   |   |--- feature_1 >  8703.50
|   |   |   |   |   |   |   |   |   |--- feature_1 <= 14497.50
|   |   |   |   |   |   |   |   |   |   |--- feature_9 <= 9.45
|   |   |   |   |   |   |   |   |   |   |   |--- class: negative
|   |   |   |   |   |   |   |   |   |   |--- feature_9 >  9.45
|   |   |   |   |   |   |   |   |   |   |   |--- truncated branch of depth 2
|   |   |   |   |   |   |   |   |   |--- feature_1 >  14497.50
|   |   |   |   |   |   |   |   |   |   |--- class: negative
|   |   |   |   |   |   |--- feature_7 >  29.50
|   |   |   |   |   |   |   |--- feature_11 <= 13.10
|   |   |   |   |   |   |   |   |--- class: negative
|   |   |   |   |   |   |   |--- feature_11 >  13.10
|   |   |   |   |   |   |   |   |--- class: positive
|   |   |   |   |--- feature_12 >  51.75
|   |   |   |   |   |--- feature_2 <= 3.50
|   |   |   |   |   |   |--- feature_11 <= 13.60
|   |   |   |   |   |   |   |--- class: negative
|   |   |   |   |   |   |--- feature_11 >  13.60
|   |   |   |   |   |   |   |--- class: positive
|   |   |   |   |   |--- feature_2 >  3.50
|   |   |   |   |   |   |--- class: negative
|--- feature_15 >  47.50
|   |--- feature_21 <= 0.99
|   |   |--- feature_21 <= 0.00
|   |   |   |--- feature_52 <= 0.01
|   |   |   |   |--- feature_22 <= 0.50
|   |   |   |   |   |--- feature_0 <= 1995.50
|   |   |   |   |   |   |--- class: negative
|   |   |   |   |   |--- feature_0 >  1995.50
|   |   |   |   |   |   |--- feature_0 <= 1996.50
|   |   |   |   |   |   |   |--- feature_9 <= 9.95
|   |   |   |   |   |   |   |   |--- feature_10 <= 28.00
|   |   |   |   |   |   |   |   |   |--- class: negative
|   |   |   |   |   |   |   |   |--- feature_10 >  28.00
|   |   |   |   |   |   |   |   |   |--- class: positive
|   |   |   |   |   |   |   |--- feature_9 >  9.95
|   |   |   |   |   |   |   |   |--- class: negative
|   |   |   |   |   |   |--- feature_0 >  1996.50
|   |   |   |   |   |   |   |--- class: negative
|   |   |   |   |--- feature_22 >  0.50
|   |   |   |   |   |--- feature_9 <= 30.15
|   |   |   |   |   |   |--- feature_11 <= 12.25
|   |   |   |   |   |   |   |--- class: negative
|   |   |   |   |   |   |--- feature_11 >  12.25
|   |   |   |   |   |   |   |--- feature_11 <= 12.35
|   |   |   |   |   |   |   |   |--- feature_12 <= 85.95
|   |   |   |   |   |   |   |   |   |--- class: positive
|   |   |   |   |   |   |   |   |--- feature_12 >  85.95
|   |   |   |   |   |   |   |   |   |--- class: negative
|   |   |   |   |   |   |   |--- feature_11 >  12.35
|   |   |   |   |   |   |   |   |--- class: negative
|   |   |   |   |   |--- feature_9 >  30.15
|   |   |   |   |   |   |--- feature_10 <= 78.95
|   |   |   |   |   |   |   |--- class: positive
|   |   |   |   |   |   |--- feature_10 >  78.95
|   |   |   |   |   |   |   |--- class: negative
|   |   |   |--- feature_52 >  0.01
|   |   |   |   |--- feature_1 <= 78.00
|   |   |   |   |   |--- feature_52 <= 0.99
|   |   |   |   |   |   |--- class: positive
|   |   |   |   |   |--- feature_52 >  0.99
|   |   |   |   |   |   |--- feature_1 <= 39.50
|   |   |   |   |   |   |   |--- feature_1 <= 27.00
|   |   |   |   |   |   |   |   |--- class: negative
|   |   |   |   |   |   |   |--- feature_1 >  27.00
|   |   |   |   |   |   |   |   |--- feature_13 <= 7.50
|   |   |   |   |   |   |   |   |   |--- class: negative
|   |   |   |   |   |   |   |   |--- feature_13 >  7.50
|   |   |   |   |   |   |   |   |   |--- feature_17 <= 0.01
|   |   |   |   |   |   |   |   |   |   |--- class: negative
|   |   |   |   |   |   |   |   |   |--- feature_17 >  0.01
|   |   |   |   |   |   |   |   |   |   |--- feature_12 <= 57.15
|   |   |   |   |   |   |   |   |   |   |   |--- class: positive
|   |   |   |   |   |   |   |   |   |   |--- feature_12 >  57.15
|   |   |   |   |   |   |   |   |   |   |   |--- class: negative
|   |   |   |   |   |   |--- feature_1 >  39.50
|   |   |   |   |   |   |   |--- class: negative
|   |   |   |   |--- feature_1 >  78.00
|   |   |   |   |   |--- class: negative
|   |   |--- feature_21 >  0.00
|   |   |   |--- class: positive
|   |--- feature_21 >  0.99
|   |   |--- feature_11 <= 9.05
|   |   |   |--- class: negative
|   |   |--- feature_11 >  9.05
|   |   |   |--- feature_2 <= 3.50
|   |   |   |   |--- feature_9 <= 15.55
|   |   |   |   |   |--- feature_10 <= 53.25
|   |   |   |   |   |   |--- feature_10 <= 12.70
|   |   |   |   |   |   |   |--- feature_10 <= 12.55
|   |   |   |   |   |   |   |   |--- class: negative
|   |   |   |   |   |   |   |--- feature_10 >  12.55
|   |   |   |   |   |   |   |   |--- feature_11 <= 9.50
|   |   |   |   |   |   |   |   |   |--- class: negative
|   |   |   |   |   |   |   |   |--- feature_11 >  9.50
|   |   |   |   |   |   |   |   |   |--- class: positive
|   |   |   |   |   |   |--- feature_10 >  12.70
|   |   |   |   |   |   |   |--- class: negative
|   |   |   |   |   |--- feature_10 >  53.25
|   |   |   |   |   |   |--- class: positive
|   |   |   |   |--- feature_9 >  15.55
|   |   |   |   |   |--- class: negative
|   |   |   |--- feature_2 >  3.50
|   |   |   |   |--- class: negative
