|--- feature_15 <= 47.50
|   |--- feature_18 <= 0.00
|   |   |--- feature_34 <= 0.00
|   |   |   |--- feature_25 <= 0.00
|   |   |   |   |--- feature_17 <= 0.00
|   |   |   |   |   |--- feature_6 <= -88.78
|   |   |   |   |   |   |--- feature_54 <= 0.00
|   |   |   |   |   |   |   |--- feature_10 <= 38.25
|   |   |   |   |   |   |   |   |--- class: negative
|   |   |   |   |   |   |   |--- feature_10 >  38.25
|   |   |   |   |   |   |   |   |--- feature_0 <= 1961.50
|   |   |   |   |   |   |   |   |   |--- feature_7 <= 24.50
|   |   |   |   |   |   |   |   |   |   |--- feature_6 <= -91.35
|   |   |   |   |   |   |   |   |   |   |   |--- truncated branch of depth 2
|   |   |   |   |   |   |   |   |   |   |--- feature_6 >  -91.35
|   |   |   |   |   |   |   |   |   |   |   |--- class: negative
|   |   |   |   |   |   |   |   |   |--- feature_7 >  24.50
|   |   |   |   |   |   |   |   |   |   |--- feature_5 <= 39.67
|   |   |   |   |   |   |   |   |   |   |   |--- truncated branch of depth 2
|   |   |   |   |   |   |   |   |   |   |--- feature_5 >  39.67
|   |   |   |   |   |   |   |   |   |   |   |--- class: negative
|   |   |   |   |   |   |   |   |--- feature_0 >  1961.50
|   |   |   |   |   |   |   |   |   |--- class: negative
|   |   |   |   |   |   |--- feature_54 >  0.00
|   |   |   |   |   |   |   |--- feature_21 <= 0.01
|   |   |   |   |   |   |   |   |--- feature_12 <= 28.62
|   |   |   |   |   |   |   |   |   |--- feature_0 <= 1955.50
|   |   |   |   |   |   |   |   |   |   |--- class: negative
|   |   |   |   |   |   |   |   |   |--- feature_0 >  1955.50
|   |   |   |   |   |   |   |   |   |   |--- feature_6 <= -89.86
|   |   |   |   |   |   |   |   |   |   |   |--- class: negative
|   |   |   |   |   |   |   |   |   |   |--- feature_6 >  -89.86
|   |   |   |   |   |   |   |   |   |   |   |--- truncated branch of depth 7
|   |   |   |   |   |   |   |   |--- feature_12 >  28.62
|   |   |   |   |   |   |   |   |   |--- feature_12 <= 30.15
|   |   |   |   |   |   |   |   |   |   |--- feature_2 <= 10.00
|   |   |   |   |   |   |   |   |   |   |   |--- class: negative
|   |   |   |   |   |   |   |   |   |   |--- feature_2 >  10.00
|   |   |   |   |   |   |   |   |   |   |   |--- truncated branch of depth 2
|   |   |   |   |   |   |   |   |   |--- feature_12 >  30.15
|   |   |   |   |   |   |   |   |   |   |--- class: negative
|   |   |   |   |   |   |   |--- feature_21 >  0.01
|   |   |   |   |   |   |   |   |--- feature_12 <= 48.15
|   |   |   |   |   |   |   |   |   |--- feature_7 <= 29.50
|   |   |   |   |   |   |   |   |   |   |--- feature_5 <= 39.53
|   |   |   |   |   |   |   |   |   |   |   |--- class: negative
|   |   |   |   |   |   |   |   |   |   |--- feature_5 >  39.53
|   |   |   |   |   |   |   |   |   |   |   |--- class: positive
|   |   |   |   |   |   |   |   |   |--- feature_7 >  29.50
|   |   |   |   |   |   |   |   |   |   |--- feature_2 <= 1.00
|   |   |   |   |   |   |   |   |   |   |   |--- class: positive
|   |   |   |   |   |   |   |   |   |   |--- feature_2 >  1.00
|   |   |   |   |   |   |   |   |   |   |   |--- class: negative
|   |   |   |   |   |   |   |   |--- feature_12 >  48.15
|   |   |   |   |   |   |   |   |   |--- class: negative
|   |   |   |   |   |--- feature_6 >  -88.78
|   |   |   |   |   |   |--- feature_1 <= 6300.00
|   |   |   |   |   |   |   |--- class: negative
|   |   |   |   |   |   |--- feature_1 >  6300.00
|   |   |   |   |   |   |   |--- feature_10 <= 17.85
|   |   |   |   |   |   |   |   |--- feature_2 <= 4.50
|   |   |   |   |   |   |   |   |   |--- feature_9 <= 11.80
|   |   |   |   |   |   |   |   |   |   |--- class: negative
|   |   |   |   |   |   |   |   |   |--- feature_9 >  11.80
|   |   |   |   |   |   |   |   |   |   |--- class: positive
|   |   |   |   |   |   |   |   |--- feature_2 >  4.50
|   |   |   |   |   |   |   |   |   |--- class: negative
|   |   |   |   |   |   |   |--- feature_10 >  17.85
|   |   |   |   |   |   |   |   |--- class: negative
|   |   |   |   |--- feature_17 >  0.00
|   |   |   |   |   |--- feature_17 <= 1.00
|   |   |   |   |   |   |--- class: positive
|   |   |   |   |   |--- feature_17 >  1.00
|   |   |   |   |   |   |--- feature_9 <= 9.40
|   |   |   |   |   |   |   |--- feature_5 <= 41.71
|   |   |   |   |   |   |   |   |--- feature_10 <= 7.35
|   |   |   |   |   |   |   |   |   |--- feature_0 <= 1962.50
|   |   |   |   |   |   |   |   |   |   |--- class: negative
|   |   |   |   |   |   |   |   |   |--- feature_0 >  1962.50
|   |   |   |   |   |   |   |   |   |   |--- feature_0 <= 1963.50
|   |   |   |   |   |   |   |   |   |   |   |--- truncated branch of depth 2
|   |   |   |   |   |   |   |   |   |   |--- feature_0 >  1963.50
|   |   |   |   |   |   |   |   |   |   |   |--- class: negative
|   |   |   |   |   |   |   |   |--- feature_10 >  7.35
|   |   |   |   |   |   |   |   |   |--- class: negative
|   |   |   |   |   |   |   |--- feature_5 >  41.71
|   |   |   |   |   |   |   |   |--- feature_5 <= 41.75
|   |   |   |   |   |   |   |   |   |--- feature_1 <= 1700.00
|   |   |   |   |   |   |   |   |   |   |--- class: positive
|   |   |   |   |   |   |   |   |   |--- feature_1 >  1700.00
|   |   |   |   |   |   |   |   |   |   |--- class: negative
|   |   |   |   |   |   |   |   |--- feature_5 >  41.75
|   |   |   |   |   |   |   |   |   |--- feature_2 <= 13.50
|   |   |   |   |   |   |   |   |   |   |--- class: negative
|   |   |   |   |   |   |   |   |   |--- feature_2 >  13.50
|   |   |   |   |   |   |   |   |   |   |--- class: positive
|   |   |   |   |   |   |--- feature_9 >  9.40
|   |   |   |   |   |   |   |--- feature_7 <= 12.50
|   |   |   |   |   |   |   |   |--- feature_10 <= 50.60
|   |   |   |   |   |   |   |   |   |--- feature_1 <= 27.00
|   |   |   |   |   |   |   |   |   |   |--- feature_50 <= 0.00
|   |   |   |   |   |   |   |   |   |   |   |--- class: negative
|   |   |   |   |   |   |   |   |   |   |--- feature_50 >  0.00
|   |   |   |   |   |   |   |   |   |   |   |--- truncated branch of depth 5
|   |   |   |   |   |   |   |   |   |--- feature_1 >  27.00
|   |   |   |   |   |   |   |   |   |   |--- feature_11 <= 19.05
|   |   |   |   |   |   |   |   |   |   |   |--- class: negative
|   |   |   |   |   |   |   |   |   |   |--- feature_11 >  19.05
|   |   |   |   |   |   |   |   |   |   |   |--- truncated branch of depth 2
|   |   |   |   |   |   |   |   |--- feature_10 >  50.60
|   |   |   |   |   |   |   |   |   |--- feature_9 <= 19.00
|   |   |   |   |   |   |   |   |   |   |--- feature_2 <= 8.00
|   |   |   |   |   |   |   |   |   |   |   |--- truncated branch of depth 2
|   |   |   |   |   |   |   |   |   |   |--- feature_2 >  8.00
|   |   |   |   |   |   |   |   |   |   |   |--- class: negative
|   |   |   |   |   |   |   |   |   |--- feature_9 >  19.00
|   |   |   |   |   |   |   |   |   |   |--- feature_12 <= 6.60
|   |   |   |   |   |   |   |   |   |   |   |--- class: positive
|   |   |   |   |   |   |   |   |   |   |--- feature_12 >  6.60
|   |   |   |   |   |   |   |   |   |   |   |--- class: negative
|   |   |   |   |   |   |   |--- feature_7 >  12.50
|   |   |   |   |   |   |   |   |--- feature_1 <= 8804.50
|   |   |   |   |   |   |   |   |   |--- class: negative
|   |   |   |   |   |   |   |   |--- feature_1 >  8804.50
|   |   |   |   |   |   |   |   |   |--- feature_1 <= 10850.00
|   |   |   |   |   |   |   |   |   |   |--- class: positive
|   |   |   |   |   |   |   |   |   |--- feature_1 >  10850.00
|   |   |   |   |   |   |   |   |   |   |--- class: negative
|   |   |   |--- feature_25 >  0.00
|   |   |   |   |--- feature_25 <= 1.00
|   |   |   |   |   |--- class: positive
|   |   |   |   |--- feature_25 >  1.00
|   |   |   |   |   |--- feature_5 <= 37.18
|   |   |   |   |   |   |--- feature_11 <= 3.95
|   |   |   |   |   |   |   |--- class: negative
|   |   |   |   |   |   |--- feature_11 >  3.95
|   |   |   |   |   |   |   |--- class: positive
|   |   |   |   |   |--- feature_5 >  37.18
|   |   |   |   |   |   |--- class: negative
|   |   |--- feature_34 >  0.00
|   |   |   |--- feature_34 <= 1.00
|   |   |   |   |--- class: positive
|   |   |   |--- feature_34 >  1.00
|   |   |   |   |--- feature_1 <= 501.00
|   |   |   |   |   |--- feature_15 <= 24.50
|   |   |   |   |   |   |--- feature_5 <= 40.95
|   |   |   |   |   |   |   |--- feature_1 <= 387.50
|   |   |   |   |   |   |   |   |--- class: negative
|   |   |   |   |   |   |   |--- feature_1 >  387.50
|   |   |   |   |   |   |   |   |--- feature_43 <= 0.50
|   |   |   |   |   |   |   |   |   |--- class: negative
|   |   |   |   |   |   |   |   |--- feature_43 >  0.50
|   |   |   |   |   |   |   |   |   |--- feature_6 <= -89.95
|   |   |   |   |   |   |   |   |   |   |--- class: positive
|   |   |   |   |   |   |   |   |   |--- feature_6 >  -89.95
|   |   |   |   |   |   |   |   |   |   |--- class: negative
|   |   |   |   |   |   |--- feature_5 >  40.95
|   |   |   |   |   |   |   |--- feature_10 <= 41.32
|   |   |   |   |   |   |   |   |--- feature_13 <= 6.62
|   |   |   |   |   |   |   |   |   |--- feature_13 <= 5.03
|   |   |   |   |   |   |   |   |   |   |--- feature_5 <= 42.48
|   |   |   |   |   |   |   |   |   |   |   |--- truncated branch of depth 3
|   |   |   |   |   |   |   |   |   |   |--- feature_5 >  42.48
|   |   |   |   |   |   |   |   |   |   |   |--- class: positive
|   |   |   |   |   |   |   |   |   |--- feature_13 >  5.03
|   |   |   |   |   |   |   |   |   |   |--- feature_0 <= 1994.50
|   |   |   |   |   |   |   |   |   |   |   |--- truncated branch of depth 2
|   |   |   |   |   |   |   |   |   |   |--- feature_0 >  1994.50
|   |   |   |   |   |   |   |   |   |   |   |--- class: negative
|   |   |   |   |   |   |   |   |--- feature_13 >  6.62
|   |   |   |   |   |   |   |   |   |--- class: negative
|   |   |   |   |   |   |   |--- feature_10 >  41.32
|   |   |   |   |   |   |   |   |--- feature_9 <= 17.25
|   |   |   |   |   |   |   |   |   |--- feature_1 <= 137.50
|   |   |   |   |   |   |   |   |   |   |--- feature_6 <= -89.98
|   |   |   |   |   |   |   |   |   |   |   |--- class: negative
|   |   |   |   |   |   |   |   |   |   |--- feature_6 >  -89.98
|   |   |   |   |   |   |   |   |   |   |   |--- class: positive
|   |   |   |   |   |   |   |   |   |--- feature_1 >  137.50
|   |   |   |   |   |   |   |   |   |   |--- class: negative
|   |   |   |   |   |   |   |   |--- feature_9 >  17.25
|   |   |   |   |   |   |   |   |   |--- class: negative
|   |   |   |   |   |--- feature_15 >  24.50
|   |   |   |   |   |   |--- class: positive
|   |   |   |   |--- feature_1 >  501.00
|   |   |   |   |   |--- feature_7 <= 29.50
|   |   |   |   |   |   |--- feature_13 <= 5.00
|   |   |   |   |   |   |   |--- feature_2 <= 10.50
|   |   |   |   |   |   |   |   |--- feature_10 <= 37.05
|   |   |   |   |   |   |   |   |   |--- class: negative
|   |   |   |   |   |   |   |   |--- feature_10 >  37.05
|   |   |   |   |   |   |   |   |   |--- feature_24 <= 1.00
|   |   |   |   |   |   |   |   |   |   |--- feature_1 <= 2000.00
|   |   |   |   |   |   |   |   |   |   |   |--- class: negative
|   |   |   |   |   |   |   |   |   |   |--- feature_1 >  2000.00
|   |   |   |   |   |   |   |   |   |   |   |--- truncated branch of depth 7
|   |   |   |   |   |   |   |   |   |--- feature_24 >  1.00
|   |   |   |   |   |   |   |   |   |   |--- feature_5 <= 38.12
|   |   |   |   |   |   |   |   |   |   |   |--- truncated branch of depth 2
|   |   |   |   |   |   |   |   |   |   |--- feature_5 >  38.12
|   |   |   |   |   |   |   |   |   |   |   |--- class: negative
|   |   |   |   |   |   |   |--- feature_2 >  10.50
|   |   |   |   |   |   |   |   |--- feature_27 <= 0.50
|   |   |   |   |   |   |   |   |   |--- class: positive
|   |   |   |   |   |   |   |   |--- feature_27 >  0.50
|   |   |   |   |   |   |   |   |   |--- class: negative
|   |   |   |   |   |   |--- feature_13 >  5.00
|   |   |   |   |   |   |   |--- feature_12 <= 71.01
|   |   |   |   |   |   |   |   |--- feature_17 <= 0.50
|   |   |   |   |   |   |   |   |   |--- feature_23 <= 0.98
|   |   |   |   |   |   |   |   |   |   |--- feature_6 <= -90.59
|   |   |   |   |   |   |   |   |   |   |   |--- class: negative
|   |   |   |   |   |   |   |   |   |   |--- feature_6 >  -90.59
|   |   |   |   |   |   |   |   |   |   |   |--- truncated branch of depth 13
|   |   |   |   |   |   |   |   |   |--- feature_23 >  0.98
|   |   |   |   |   |   |   |   |   |   |--- class: negative
|   |   |   |   |   |   |   |   |--- feature_17 >  0.50
|   |   |   |   |   |   |   |   |   |--- class: negative
|   |   |   |   |   |   |   |--- feature_12 >  71.01
|   |   |   |   |   |   |   |   |--- feature_15 <= 37.00
|   |   |   |   |   |   |   |   |   |--- feature_12 <= 71.70
|   |   |   |   |   |   |   |   |   |   |--- feature_12 <= 71.11
|   |   |   |   |   |   |   |   |   |   |   |--- class: negative
|   |   |   |   |   |   |   |   |   |   |--- feature_12 >  71.11
|   |   |   |   |   |   |   |   |   |   |   |--- class: positive
|   |   |   |   |   |   |   |   |   |--- feature_12 >  71.70
|   |   |   |   |   |   |   |   |   |   |--- class: negative
|   |   |   |   |   |   |   |   |--- feature_15 >  37.00
|   |   |   |   |   |   |   |   |   |--- class: positive
|   |   |   |   |   |--- feature_7 >  29.50
|   |   |   |   |   |   |--- class: negative
|   |--- feature_18 >  0.00
|   |   |--- feature_18 <= 1.00
|   |   |   |--- class: positive
|   |   |--- feature_18 >  1.00
|   |   |   |--- feature_12 <= 33.33
|   |   |   |   |--- feature_1 <= 1275.00
|   |   |   |   |   |--- class: negative
|   |   |   |   |--- feature_1 >  1275.00
|   |   |   |   |   |--- feature_6 <= -89.57
|   |   |   |   |   |   |--- feature_10 <= 30.50
|   |   |   |   |   |   |   |--- class: positive
|   |   |   |   |   |   |--- feature_10 >  30.50
|   |   |   |   |   |   |   |--- class: negative
|   |   |   |   |   |--- feature_6 >  -89.57
|   |   |   |   |   |   |--- class: negative
|   |   |   |--- feature_12 >  33.33
|   |   |   |   |--- feature_12 <= 51.75
|   |   |   |   |   |--- feature_0 <= 1954.50
|   |   |   |   |   |   |--- class: negative
|   |   |   |   |   |--- feature_0 >  1954.50
|   |   |   |   |   |   |--- feature_7 <= 29.50
|   |   |   |   |   |   |   |--- feature_1 <= 124.50
|   |   |   |   |   |   |   |   |--- feature_12 <= 44.09
|   |   |   |   |   |   |   |   |   |--- feature_10 <= 27.40
|   |   |   |   |   |   |   |   |   |   |--- feature_5 <= 40.63
|   |   |   |   |   |   |   |   |   |   |   |--- truncated branch of depth 8
|   |   |   |   |   |   |   |   |   |   |--- feature_5 >  40.63
|   |   |   |   |   |   |   |   |   |   |   |--- class: negative
|   |   |   |   |   |   |   |   |   |--- feature_10 >  27.40
|   |   |   |   |   |   |   |   |   |   |--- class: negative
|   |   |   |   |   |   |   |   |--- feature_12 >  44.09
|   |   |   |   |   |   |   |   |   |--- class: negative
|   |   |   |   |   |   |   |--- feature_1 >  124.50
|   |   |   |   |   |   |   |   |--- feature_1 <= 8701.00
|   |   |   |   |   |   |   |   |   |--- feature_0 <= 1961.50
|   |   |   |   |   |   |   |   |   |   |--- feature_1 <= 475.00
|   |   |   |   |   |   |   |   |   |   |   |--- truncated branch of depth 3
|   |   |   |   |   |   |   |   |   |   |--- feature_1 >  475.00
|   |   |   |   |   |   |   |   |   |   |   |--- class: negative
|   |   |   |   |   |   |   |   |   |--- feature_0 >  1961.50
|   |   |   |   |   |   |   |   |   |   |--- class: negative
|   |   |   |   |   |   |   |   |--- feature_1 >  8701.00
|   |   |   |   |   |   |   |   |   |--- feature_5 <= 39.70
|   |   |   |   |   |   |   |   |   |   |--- class: negative
|   |   |   |   |   |   |   |   |   |--- feature_5 >  39.70
|   |   |   |   |   |   |   |   |   |   |--- feature_13 <= 6.50
|   |   |   |   |   |   |   |   |   |   |   |--- class: positive
|   |   |   |   |   |   |   |   |   |   |--- feature_13 >  6.50
|   |   |   |   |   |   |   |   |   |   |   |--- class: negative
|   |   |   |   |   |   |--- feature_7 >  29.50
|   |   |   |   |   |   |   |--- feature_11 <= 13.10
|   |   |   |   |   |   |   |   |--- class: negative
|   |   |   |   |   |   |   |--- feature_11 >  13.10
|   |   |   |   |   |   |   |   |--- class: positive
|   |   |   |   |--- feature_12 >  51.75
|   |   |   |   |   |--- feature_2 <= 3.50
|   |   |   |   |   |   |--- feature_14 <= 3.00
|   |   |   |   |   |   |   |--- class: negative
|   |   |   |   |   |   |--- feature_14 >  3.00
|   |   |   |   |   |   |   |--- class: positive
|   |   |   |   |   |--- feature_2 >  3.50
|   |   |   |   |   |   |--- class: negative
|--- feature_15 >  47.50
|   |--- feature_52 <= 0.00
|   |   |--- feature_43 <= 0.00
|   |   |   |--- feature_5 <= 42.15
|   |   |   |   |--- feature_5 <= 37.22
|   |   |   |   |   |--- feature_5 <= 37.21
|   |   |   |   |   |   |--- class: negative
|   |   |   |   |   |--- feature_5 >  37.21
|   |   |   |   |   |   |--- class: positive
|   |   |   |   |--- feature_5 >  37.22
|   |   |   |   |   |--- class: negative
|   |   |   |--- feature_5 >  42.15
|   |   |   |   |--- feature_22 <= 0.50
|   |   |   |   |   |--- feature_6 <= -87.81
|   |   |   |   |   |   |--- class: negative
|   |   |   |   |   |--- feature_6 >  -87.81
|   |   |   |   |   |   |--- feature_10 <= 54.85
|   |   |   |   |   |   |   |--- class: negative
|   |   |   |   |   |   |--- feature_10 >  54.85
|   |   |   |   |   |   |   |--- class: positive
|   |   |   |   |--- feature_22 >  0.50
|   |   |   |   |   |--- feature_2 <= 11.50
|   |   |   |   |   |   |--- class: positive
|   |   |   |   |   |--- feature_2 >  11.50
|   |   |   |   |   |   |--- class: negative
|   |   |--- feature_43 >  0.00
|   |   |   |--- feature_17 <= 0.99
|   |   |   |   |--- class: positive
|   |   |   |--- feature_17 >  0.99
|   |   |   |   |--- feature_0 <= 1995.50
|   |   |   |   |   |--- class: negative
|   |   |   |   |--- feature_0 >  1995.50
|   |   |   |   |   |--- feature_0 <= 1996.50
|   |   |   |   |   |   |--- feature_6 <= -88.46
|   |   |   |   |   |   |   |--- class: negative
|   |   |   |   |   |   |--- feature_6 >  -88.46
|   |   |   |   |   |   |   |--- feature_9 <= 9.15
|   |   |   |   |   |   |   |   |--- class: negative
|   |   |   |   |   |   |   |--- feature_9 >  9.15
|   |   |   |   |   |   |   |   |--- class: positive
|   |   |   |   |   |--- feature_0 >  1996.50
|   |   |   |   |   |   |--- class: negative
|   |--- feature_52 >  0.00
|   |   |--- feature_52 <= 0.99
|   |   |   |--- class: positive
|   |   |--- feature_52 >  0.99
|   |   |   |--- feature_1 <= 39.50
|   |   |   |   |--- feature_1 <= 27.00
|   |   |   |   |   |--- class: negative
|   |   |   |   |--- feature_1 >  27.00
|   |   |   |   |   |--- feature_13 <= 7.50
|   |   |   |   |   |   |--- class: negative
|   |   |   |   |   |--- feature_13 >  7.50
|   |   |   |   |   |   |--- feature_17 <= 0.04
|   |   |   |   |   |   |   |--- class: negative
|   |   |   |   |   |   |--- feature_17 >  0.04
|   |   |   |   |   |   |   |--- feature_11 <= 8.79
|   |   |   |   |   |   |   |   |--- class: positive
|   |   |   |   |   |   |   |--- feature_11 >  8.79
|   |   |   |   |   |   |   |   |--- class: negative
|   |   |   |--- feature_1 >  39.50
|   |   |   |   |--- class: negative
