|--- feature_15 <= 47.50
|   |--- feature_18 <= 0.00
|   |   |--- feature_34 <= 0.00
|   |   |   |--- feature_25 <= 0.00
|   |   |   |   |--- feature_17 <= 0.00
|   |   |   |   |   |--- feature_13 <= 7.99
|   |   |   |   |   |   |--- feature_13 <= 5.01
|   |   |   |   |   |   |   |--- feature_12 <= 28.43
|   |   |   |   |   |   |   |   |--- feature_0 <= 1955.50
|   |   |   |   |   |   |   |   |   |--- class: negative
|   |   |   |   |   |   |   |   |--- feature_0 >  1955.50
|   |   |   |   |   |   |   |   |   |--- feature_10 <= 12.25
|   |   |   |   |   |   |   |   |   |   |--- feature_54 <= 0.50
|   |   |   |   |   |   |   |   |   |   |   |--- class: negative
|   |   |   |   |   |   |   |   |   |   |--- feature_54 >  0.50
|   |   |   |   |   |   |   |   |   |   |   |--- truncated branch of depth 6
|   |   |   |   |   |   |   |   |   |--- feature_10 >  12.25
|   |   |   |   |   |   |   |   |   |   |--- feature_1 <= 1025.00
|   |   |   |   |   |   |   |   |   |   |   |--- truncated branch of depth 3
|   |   |   |   |   |   |   |   |   |   |--- feature_1 >  1025.00
|   |   |   |   |   |   |   |   |   |   |   |--- class: positive
|   |   |   |   |   |   |   |--- feature_12 >  28.43
|   |   |   |   |   |   |   |   |--- feature_2 <= 2.50
|   |   |   |   |   |   |   |   |   |--- class: negative
|   |   |   |   |   |   |   |   |--- feature_2 >  2.50
|   |   |   |   |   |   |   |   |   |--- feature_8 <= 1.50
|   |   |   |   |   |   |   |   |   |   |--- feature_12 <= 30.15
|   |   |   |   |   |   |   |   |   |   |   |--- truncated branch of depth 3
|   |   |   |   |   |   |   |   |   |   |--- feature_12 >  30.15
|   |   |   |   |   |   |   |   |   |   |   |--- truncated branch of depth 4
|   |   |   |   |   |   |   |   |   |--- feature_8 >  1.50
|   |   |   |   |   |   |   |   |   |   |--- class: negative
|   |   |   |   |   |   |--- feature_13 >  5.01
|   |   |   |   |   |   |   |--- feature_1 <= 1739.50
|   |   |   |   |   |   |   |   |--- feature_54 <= 0.00
|   |   |   |   |   |   |   |   |   |--- class: negative
|   |   |   |   |   |   |   |   |--- feature_54 >  0.00
|   |   |   |   |   |   |   |   |   |--- feature_21 <= 0.01
|   |   |   |   |   |   |   |   |   |   |--- feature_12 <= 24.18
|   |   |   |   |   |   |   |   |   |   |   |--- truncated branch of depth 2
|   |   |   |   |   |   |   |   |   |   |--- feature_12 >  24.18
|   |   |   |   |   |   |   |   |   |   |   |--- class: negative
|   |   |   |   |   |   |   |   |   |--- feature_21 >  0.01
|   |   |   |   |   |   |   |   |   |   |--- feature_9 <= 29.55
|   |   |   |   |   |   |   |   |   |   |   |--- class: positive
|   |   |   |   |   |   |   |   |   |   |--- feature_9 >  29.55
|   |   |   |   |   |   |   |   |   |   |   |--- class: negative
|   |   |   |   |   |   |   |--- feature_1 >  1739.50
|   |   |   |   |   |   |   |   |--- class: negative
|   |   |   |   |   |--- feature_13 >  7.99
|   |   |   |   |   |   |--- feature_9 <= 14.05
|   |   |   |   |   |   |   |--- feature_10 <= 35.45
|   |   |   |   |   |   |   |   |--- feature_1 <= 11425.00
|   |   |   |   |   |   |   |   |   |--- class: negative
|   |   |   |   |   |   |   |   |--- feature_1 >  11425.00
|   |   |   |   |   |   |   |   |   |--- feature_1 <= 12775.00
|   |   |   |   |   |   |   |   |   |   |--- class: positive
|   |   |   |   |   |   |   |   |   |--- feature_1 >  12775.00
|   |   |   |   |   |   |   |   |   |   |--- class: negative
|   |   |   |   |   |   |   |--- feature_10 >  35.45
|   |   |   |   |   |   |   |   |--- feature_1 <= 175.00
|   |   |   |   |   |   |   |   |   |--- feature_1 <= 69.00
|   |   |   |   |   |   |   |   |   |   |--- class: negative
|   |   |   |   |   |   |   |   |   |--- feature_1 >  69.00
|   |   |   |   |   |   |   |   |   |   |--- class: positive
|   |   |   |   |   |   |   |   |--- feature_1 >  175.00
|   |   |   |   |   |   |   |   |   |--- class: negative
|   |   |   |   |   |   |--- feature_9 >  14.05
|   |   |   |   |   |   |   |--- class: negative
|   |   |   |   |--- feature_17 >  0.00
|   |   |   |   |   |--- feature_17 <= 1.00
|   |   |   |   |   |   |--- class: positive
|   |   |   |   |   |--- feature_17 >  1.00
|   |   |   |   |   |   |--- feature_10 <= 9.82
|   |   |   |   |   |   |   |--- feature_1 <= 262.50
|   |   |   |   |   |   |   |   |--- class: negative
|   |   |   |   |   |   |   |--- feature_1 >  262.50
|   |   |   |   |   |   |   |   |--- feature_33 <= 0.50
|   |   |   |   |   |   |   |   |   |--- feature_1 <= 12300.00
|   |   |   |   |   |   |   |   |   |   |--- class: negative
|   |   |   |   |   |   |   |   |   |--- feature_1 >  12300.00
|   |   |   |   |   |   |   |   |   |   |--- feature_1 <= 12900.00
|   |   |   |   |   |   |   |   |   |   |   |--- class: positive
|   |   |   |   |   |   |   |   |   |   |--- feature_1 >  12900.00
|   |   |   |   |   |   |   |   |   |   |   |--- class: negative
|   |   |   |   |   |   |   |   |--- feature_33 >  0.50
|   |   |   |   |   |   |   |   |   |--- feature_11 <= 7.35
|   |   |   |   |   |   |   |   |   |   |--- feature_0 <= 1956.50
|   |   |   |   |   |   |   |   |   |   |   |--- truncated branch of depth 2
|   |   |   |   |   |   |   |   |   |   |--- feature_0 >  1956.50
|   |   |   |   |   |   |   |   |   |   |   |--- truncated branch of depth 3
|   |   |   |   |   |   |   |   |   |--- feature_11 >  7.35
|   |   |   |   |   |   |   |   |   |   |--- class: negative
|   |   |   |   |   |   |--- feature_10 >  9.82
|   |   |   |   |   |   |   |--- feature_1 <= 24.50
|   |   |   |   |   |   |   |   |--- feature_1 <= 10.50
|   |   |   |   |   |   |   |   |   |--- feature_10 <= 10.03
|   |   |   |   |   |   |   |   |   |   |--- class: positive
|   |   |   |   |   |   |   |   |   |--- feature_10 >  10.03
|   |   |   |   |   |   |   |   |   |   |--- class: negative
|   |   |   |   |   |   |   |   |--- feature_1 >  10.50
|   |   |   |   |   |   |   |   |   |--- class: positive
|   |   |   |   |   |   |   |--- feature_1 >  24.50
|   |   |   |   |   |   |   |   |--- feature_10 <= 50.60
|   |   |   |   |   |   |   |   |   |--- feature_11 <= 19.20
|   |   |   |   |   |   |   |   |   |   |--- feature_1 <= 27.00
|   |   |   |   |   |   |   |   |   |   |   |--- truncated branch of depth 6
|   |   |   |   |   |   |   |   |   |   |--- feature_1 >  27.00
|   |   |   |   |   |   |   |   |   |   |   |--- truncated branch of depth 6
|   |   |   |   |   |   |   |   |   |--- feature_11 >  19.20
|   |   |   |   |   |   |   |   |   |   |--- feature_11 <= 21.95
|   |   |   |   |   |   |   |   |   |   |   |--- class: positive
|   |   |   |   |   |   |   |   |   |   |--- feature_11 >  21.95
|   |   |   |   |   |   |   |   |   |   |   |--- class: negative
|   |   |   |   |   |   |   |   |--- feature_10 >  50.60
|   |   |   |   |   |   |   |   |   |--- feature_1 <= 5662.50
|   |   |   |   |   |   |   |   |   |   |--- feature_10 <= 65.45
|   |   |   |   |   |   |   |   |   |   |   |--- truncated branch of depth 4
|   |   |   |   |   |   |   |   |   |   |--- feature_10 >  65.45
|   |   |   |   |   |   |   |   |   |   |   |--- truncated branch of depth 2
|   |   |   |   |   |   |   |   |   |--- feature_1 >  5662.50
|   |   |   |   |   |   |   |   |   |   |--- class: negative
|   |   |   |--- feature_25 >  0.00
|   |   |   |   |--- feature_1 <= 49.50
|   |   |   |   |   |--- feature_54 <= 0.00
|   |   |   |   |   |   |--- class: negative
|   |   |   |   |   |--- feature_54 >  0.00
|   |   |   |   |   |   |--- feature_10 <= 13.10
|   |   |   |   |   |   |   |--- class: positive
|   |   |   |   |   |   |--- feature_10 >  13.10
|   |   |   |   |   |   |   |--- class: negative
|   |   |   |   |--- feature_1 >  49.50
|   |   |   |   |   |--- feature_11 <= 4.30
|   |   |   |   |   |   |--- class: positive
|   |   |   |   |   |--- feature_11 >  4.30
|   |   |   |   |   |   |--- class: negative
|   |   |--- feature_34 >  0.00
|   |   |   |--- feature_34 <= 1.00
|   |   |   |   |--- class: positive
|   |   |   |--- feature_34 >  1.00
|   |   |   |   |--- feature_1 <= 501.00
|   |   |   |   |   |--- feature_15 <= 24.50
|   |   |   |   |   |   |--- feature_10 <= 46.85
|   |   |   |   |   |   |   |--- feature_1 <= 89.00
|   |   |   |   |   |   |   |   |--- class: negative
|   |   |   |   |   |   |   |--- feature_1 >  89.00
|   |   |   |   |   |   |   |   |--- feature_1 <= 120.00
|   |   |   |   |   |   |   |   |   |--- feature_13 <= 6.92
|   |   |   |   |   |   |   |   |   |   |--- feature_13 <= 5.03
|   |   |   |   |   |   |   |   |   |   |   |--- truncated branch of depth 3
|   |   |   |   |   |   |   |   |   |   |--- feature_13 >  5.03
|   |   |   |   |   |   |   |   |   |   |   |--- truncated branch of depth 3
|   |   |   |   |   |   |   |   |   |--- feature_13 >  6.92
|   |   |   |   |   |   |   |   |   |   |--- class: negative
|   |   |   |   |   |   |   |   |--- feature_1 >  120.00
|   |   |   |   |   |   |   |   |   |--- feature_1 <= 385.50
|   |   |   |   |   |   |   |   |   |   |--- class: negative
|   |   |   |   |   |   |   |   |   |--- feature_1 >  385.50
|   |   |   |   |   |   |   |   |   |   |--- feature_1 <= 399.50
|   |   |   |   |   |   |   |   |   |   |   |--- class: positive
|   |   |   |   |   |   |   |   |   |   |--- feature_1 >  399.50
|   |   |   |   |   |   |   |   |   |   |   |--- truncated branch of depth 6
|   |   |   |   |   |   |--- feature_10 >  46.85
|   |   |   |   |   |   |   |--- feature_9 <= 17.10
|   |   |   |   |   |   |   |   |--- feature_1 <= 137.50
|   |   |   |   |   |   |   |   |   |--- feature_7 <= 15.00
|   |   |   |   |   |   |   |   |   |   |--- feature_11 <= 7.69
|   |   |   |   |   |   |   |   |   |   |   |--- class: negative
|   |   |   |   |   |   |   |   |   |   |--- feature_11 >  7.69
|   |   |   |   |   |   |   |   |   |   |   |--- class: positive
|   |   |   |   |   |   |   |   |   |--- feature_7 >  15.00
|   |   |   |   |   |   |   |   |   |   |--- class: negative
|   |   |   |   |   |   |   |   |--- feature_1 >  137.50
|   |   |   |   |   |   |   |   |   |--- class: negative
|   |   |   |   |   |   |   |--- feature_9 >  17.10
|   |   |   |   |   |   |   |   |--- class: negative
|   |   |   |   |   |--- feature_15 >  24.50
|   |   |   |   |   |   |--- class: positive
|   |   |   |   |--- feature_1 >  501.00
|   |   |   |   |   |--- feature_7 <= 29.50
|   |   |   |   |   |   |--- feature_13 <= 5.00
|   |   |   |   |   |   |   |--- feature_2 <= 10.50
|   |   |   |   |   |   |   |   |--- feature_10 <= 37.05
|   |   |   |   |   |   |   |   |   |--- class: negative
|   |   |   |   |   |   |   |   |--- feature_10 >  37.05
|   |   |   |   |   |   |   |   |   |--- feature_24 <= 1.00
|   |   |   |   |   |   |   |   |   |   |--- feature_1 <= 2000.00
|   |   |   |   |   |   |   |   |   |   |   |--- class: negative
|   |   |   |   |   |   |   |   |   |   |--- feature_1 >  2000.00
|   |   |   |   |   |   |   |   |   |   |   |--- truncated branch of depth 7
|   |   |   |   |   |   |   |   |   |--- feature_24 >  1.00
|   |   |   |   |   |   |   |   |   |   |--- feature_9 <= 65.70
|   |   |   |   |   |   |   |   |   |   |   |--- class: negative
|   |   |   |   |   |   |   |   |   |   |--- feature_9 >  65.70
|   |   |   |   |   |   |   |   |   |   |   |--- truncated branch of depth 2
|   |   |   |   |   |   |   |--- feature_2 >  10.50
|   |   |   |   |   |   |   |   |--- feature_28 <= 0.50
|   |   |   |   |   |   |   |   |   |--- class: negative
|   |   |   |   |   |   |   |   |--- feature_28 >  0.50
|   |   |   |   |   |   |   |   |   |--- class: positive
|   |   |   |   |   |   |--- feature_13 >  5.00
|   |   |   |   |   |   |   |--- feature_12 <= 70.77
|   |   |   |   |   |   |   |   |--- feature_17 <= 0.50
|   |   |   |   |   |   |   |   |   |--- feature_23 <= 1.00
|   |   |   |   |   |   |   |   |   |   |--- feature_0 <= 1940.50
|   |   |   |   |   |   |   |   |   |   |   |--- truncated branch of depth 5
|   |   |   |   |   |   |   |   |   |   |--- feature_0 >  1940.50
|   |   |   |   |   |   |   |   |   |   |   |--- truncated branch of depth 15
|   |   |   |   |   |   |   |   |   |--- feature_23 >  1.00
|   |   |   |   |   |   |   |   |   |   |--- class: negative
|   |   |   |   |   |   |   |   |--- feature_17 >  0.50
|   |   |   |   |   |   |   |   |   |--- class: negative
|   |   |   |   |   |   |   |--- feature_12 >  70.77
|   |   |   |   |   |   |   |   |--- feature_15 <= 37.00
|   |   |   |   |   |   |   |   |   |--- feature_12 <= 71.79
|   |   |   |   |   |   |   |   |   |   |--- feature_12 <= 71.12
|   |   |   |   |   |   |   |   |   |   |   |--- class: negative
|   |   |   |   |   |   |   |   |   |   |--- feature_12 >  71.12
|   |   |   |   |   |   |   |   |   |   |   |--- class: positive
|   |   |   |   |   |   |   |   |   |--- feature_12 >  71.79
|   |   |   |   |   |   |   |   |   |   |--- class: negative
|   |   |   |   |   |   |   |   |--- feature_15 >  37.00
|   |   |   |   |   |   |   |   |   |--- class: positive
|   |   |   |   |   |--- feature_7 >  29.50
|   |   |   |   |   |   |--- class: negative
|   |--- feature_18 >  0.00
|   |   |--- feature_18 <= 1.00
|   |   |   |--- class: positive
|   |   |--- feature_18 >  1.00
|   |   |   |--- feature_12 <= 33.32
|   |   |   |   |--- feature_1 <= 1275.00
|   |   |   |   |   |--- class: negative
|   |   |   |   |--- feature_1 >  1275.00
|   |   |   |   |   |--- feature_0 <= 1960.50
|   |   |   |   |   |   |--- class: negative
|   |   |   |   |   |--- feature_0 >  1960.50
|   |   |   |   |   |   |--- feature_10 <= 25.90
|   |   |   |   |   |   |   |--- class: negative
|   |   |   |   |   |   |--- feature_10 >  25.90
|   |   |   |   |   |   |   |--- class: positive
|   |   |   |--- feature_12 >  33.32
|   |   |   |   |--- feature_12 <= 51.75
|   |   |   |   |   |--- feature_0 <= 1954.50
|   |   |   |   |   |   |--- class: negative
|   |   |   |   |   |--- feature_0 >  1954.50
|   |   |   |   |   |   |--- feature_7 <= 29.50
|   |   |   |   |   |   |   |--- feature_13 <= 8.00
|   |   |   |   |   |   |   |   |--- feature_2 <= 28.50
|   |   |   |   |   |   |   |   |   |--- feature_13 <= 7.00
|   |   |   |   |   |   |   |   |   |   |--- feature_1 <= 59.50
|   |   |   |   |   |   |   |   |   |   |   |--- truncated branch of depth 2
|   |   |   |   |   |   |   |   |   |   |--- feature_1 >  59.50
|   |   |   |   |   |   |   |   |   |   |   |--- truncated branch of depth 4
|   |   |   |   |   |   |   |   |   |--- feature_13 >  7.00
|   |   |   |   |   |   |   |   |   |   |--- class: positive
|   |   |   |   |   |   |   |   |--- feature_2 >  28.50
|   |   |   |   |   |   |   |   |   |--- class: negative
|   |   |   |   |   |   |   |--- feature_13 >  8.00
|   |   |   |   |   |   |   |   |--- feature_10 <= 25.45
|   |   |   |   |   |   |   |   |   |--- feature_33 <= 0.01
|   |   |   |   |   |   |   |   |   |   |--- class: negative
|   |   |   |   |   |   |   |   |   |--- feature_33 >  0.01
|   |   |   |   |   |   |   |   |   |   |--- feature_2 <= 3.50
|   |   |   |   |   |   |   |   |   |   |   |--- truncated branch of depth 7
|   |   |   |   |   |   |   |   |   |   |--- feature_2 >  3.50
|   |   |   |   |   |   |   |   |   |   |   |--- class: negative
|   |   |   |   |   |   |   |   |--- feature_10 >  25.45
|   |   |   |   |   |   |   |   |   |--- class: negative
|   |   |   |   |   |   |--- feature_7 >  29.50
|   |   |   |   |   |   |   |--- feature_11 <= 13.10
|   |   |   |   |   |   |   |   |--- class: negative
|   |   |   |   |   |   |   |--- feature_11 >  13.10
|   |   |   |   |   |   |   |   |--- class: positive
|   |   |   |   |--- feature_12 >  51.75
|   |   |   |   |   |--- feature_2 <= 3.50
|   |   |   |   |   |   |--- feature_1 <= 3875.00
|   |   |   |   |   |   |   |--- class: negative
|   |   |   |   |   |   |--- feature_1 >  3875.00
|   |   |   |   |   |   |   |--- class: positive
|   |   |   |   |   |--- feature_2 >  3.50
|   |   |   |   |   |   |--- class: negative
|--- feature_15 >  47.50
|   |--- feature_21 <= 1.00
|   |   |--- feature_21 <= 0.00
|   |   |   |--- feature_1 <= 73.50
|   |   |   |   |--- feature_52 <= 0.07
|   |   |   |   |   |--- class: negative
|   |   |   |   |--- feature_52 >  0.07
|   |   |   |   |   |--- feature_43 <= 0.00
|   |   |   |   |   |   |--- feature_18 <= 0.00
|   |   |   |   |   |   |   |--- class: negative
|   |   |   |   |   |   |--- feature_18 >  0.00
|   |   |   |   |   |   |   |--- feature_18 <= 0.98
|   |   |   |   |   |   |   |   |--- class: positive
|   |   |   |   |   |   |   |--- feature_18 >  0.98
|   |   |   |   |   |   |   |   |--- class: negative
|   |   |   |   |   |--- feature_43 >  0.00
|   |   |   |   |   |   |--- class: positive
|   |   |   |--- feature_1 >  73.50
|   |   |   |   |--- feature_10 <= 29.75
|   |   |   |   |   |--- class: negative
|   |   |   |   |--- feature_10 >  29.75
|   |   |   |   |   |--- feature_10 <= 29.99
|   |   |   |   |   |   |--- feature_1 <= 89.50
|   |   |   |   |   |   |   |--- feature_0 <= 1994.50
|   |   |   |   |   |   |   |   |--- class: negative
|   |   |   |   |   |   |   |--- feature_0 >  1994.50
|   |   |   |   |   |   |   |   |--- class: positive
|   |   |   |   |   |   |--- feature_1 >  89.50
|   |   |   |   |   |   |   |--- class: negative
|   |   |   |   |   |--- feature_10 >  29.99
|   |   |   |   |   |   |--- feature_22 <= 0.50
|   |   |   |   |   |   |   |--- class: negative
|   |   |   |   |   |   |--- feature_22 >  0.50
|   |   |   |   |   |   |   |--- feature_54 <= 0.50
|   |   |   |   |   |   |   |   |--- class: positive
|   |   |   |   |   |   |   |--- feature_54 >  0.50
|   |   |   |   |   |   |   |   |--- feature_9 <= 15.70
|   |   |   |   |   |   |   |   |   |--- feature_9 <= 15.25
|   |   |   |   |   |   |   |   |   |   |--- class: negative
|   |   |   |   |   |   |   |   |   |--- feature_9 >  15.25
|   |   |   |   |   |   |   |   |   |   |--- class: positive
|   |   |   |   |   |   |   |   |--- feature_9 >  15.70
|   |   |   |   |   |   |   |   |   |--- class: negative
|   |   |--- feature_21 >  0.00
|   |   |   |--- class: positive
|   |--- feature_21 >  1.00
|   |   |--- feature_11 <= 9.05
|   |   |   |--- class: negative
|   |   |--- feature_11 >  9.05
|   |   |   |--- feature_2 <= 3.50
|   |   |   |   |--- feature_9 <= 15.55
|   |   |   |   |   |--- feature_10 <= 53.25
|   |   |   |   |   |   |--- feature_10 <= 12.70
|   |   |   |   |   |   |   |--- feature_10 <= 12.55
|   |   |   |   |   |   |   |   |--- class: negative
|   |   |   |   |   |   |   |--- feature_10 >  12.55
|   |   |   |   |   |   |   |   |--- feature_1 <= 2650.00
|   |   |   |   |   |   |   |   |   |--- class: positive
|   |   |   |   |   |   |   |   |--- feature_1 >  2650.00
|   |   |   |   |   |   |   |   |   |--- class: negative
|   |   |   |   |   |   |--- feature_10 >  12.70
|   |   |   |   |   |   |   |--- class: negative
|   |   |   |   |   |--- feature_10 >  53.25
|   |   |   |   |   |   |--- class: positive
|   |   |   |   |--- feature_9 >  15.55
|   |   |   |   |   |--- class: negative
|   |   |   |--- feature_2 >  3.50
|   |   |   |   |--- class: negative
