|--- feature_15 <= 47.50
|   |--- feature_18 <= 0.00
|   |   |--- feature_34 <= 0.00
|   |   |   |--- feature_25 <= 0.00
|   |   |   |   |--- feature_17 <= 0.00
|   |   |   |   |   |--- feature_13 <= 7.99
|   |   |   |   |   |   |--- feature_13 <= 5.00
|   |   |   |   |   |   |   |--- feature_12 <= 28.75
|   |   |   |   |   |   |   |   |--- feature_0 <= 1955.50
|   |   |   |   |   |   |   |   |   |--- class: negative
|   |   |   |   |   |   |   |   |--- feature_0 >  1955.50
|   |   |   |   |   |   |   |   |   |--- feature_10 <= 12.17
|   |   |   |   |   |   |   |   |   |   |--- feature_31 <= 0.02
|   |   |   |   |   |   |   |   |   |   |   |--- truncated branch of depth 4
|   |   |   |   |   |   |   |   |   |   |--- feature_31 >  0.02
|   |   |   |   |   |   |   |   |   |   |   |--- truncated branch of depth 2
|   |   |   |   |   |   |   |   |   |--- feature_10 >  12.17
|   |   |   |   |   |   |   |   |   |   |--- feature_1 <= 1025.00
|   |   |   |   |   |   |   |   |   |   |   |--- truncated branch of depth 4
|   |   |   |   |   |   |   |   |   |   |--- feature_1 >  1025.00
|   |   |   |   |   |   |   |   |   |   |   |--- class: positive
|   |   |   |   |   |   |   |--- feature_12 >  28.75
|   |   |   |   |   |   |   |   |--- feature_2 <= 2.50
|   |   |   |   |   |   |   |   |   |--- class: negative
|   |   |   |   |   |   |   |   |--- feature_2 >  2.50
|   |   |   |   |   |   |   |   |   |--- feature_8 <= 1.50
|   |   |   |   |   |   |   |   |   |   |--- feature_12 <= 30.15
|   |   |   |   |   |   |   |   |   |   |   |--- truncated branch of depth 3
|   |   |   |   |   |   |   |   |   |   |--- feature_12 >  30.15
|   |   |   |   |   |   |   |   |   |   |   |--- truncated branch of depth 4
|   |   |   |   |   |   |   |   |   |--- feature_8 >  1.50
|   |   |   |   |   |   |   |   |   |   |--- class: negative
|   |   |   |   |   |   |--- feature_13 >  5.00
|   |   |   |   |   |   |   |--- feature_1 <= 1739.50
|   |   |   |   |   |   |   |   |--- feature_54 <= 0.00
|   |   |   |   |   |   |   |   |   |--- class: negative
|   |   |   |   |   |   |   |   |--- feature_54 >  0.00
|   |   |   |   |   |   |   |   |   |--- feature_21 <= 0.00
|   |   |   |   |   |   |   |   |   |   |--- feature_12 <= 23.52
|   |   |   |   |   |   |   |   |   |   |   |--- truncated branch of depth 2
|   |   |   |   |   |   |   |   |   |   |--- feature_12 >  23.52
|   |   |   |   |   |   |   |   |   |   |   |--- class: negative
|   |   |   |   |   |   |   |   |   |--- feature_21 >  0.00
|   |   |   |   |   |   |   |   |   |   |--- feature_12 <= 64.80
|   |   |   |   |   |   |   |   |   |   |   |--- class: positive
|   |   |   |   |   |   |   |   |   |   |--- feature_12 >  64.80
|   |   |   |   |   |   |   |   |   |   |   |--- class: negative
|   |   |   |   |   |   |   |--- feature_1 >  1739.50
|   |   |   |   |   |   |   |   |--- class: negative
|   |   |   |   |   |--- feature_13 >  7.99
|   |   |   |   |   |   |--- feature_9 <= 14.05
|   |   |   |   |   |   |   |--- feature_10 <= 35.45
|   |   |   |   |   |   |   |   |--- feature_1 <= 11425.00
|   |   |   |   |   |   |   |   |   |--- class: negative
|   |   |   |   |   |   |   |   |--- feature_1 >  11425.00
|   |   |   |   |   |   |   |   |   |--- feature_12 <= 30.60
|   |   |   |   |   |   |   |   |   |   |--- class: positive
|   |   |   |   |   |   |   |   |   |--- feature_12 >  30.60
|   |   |   |   |   |   |   |   |   |   |--- class: negative
|   |   |   |   |   |   |   |--- feature_10 >  35.45
|   |   |   |   |   |   |   |   |--- feature_1 <= 175.00
|   |   |   |   |   |   |   |   |   |--- feature_7 <= 15.00
|   |   |   |   |   |   |   |   |   |   |--- class: positive
|   |   |   |   |   |   |   |   |   |--- feature_7 >  15.00
|   |   |   |   |   |   |   |   |   |   |--- class: negative
|   |   |   |   |   |   |   |   |--- feature_1 >  175.00
|   |   |   |   |   |   |   |   |   |--- class: negative
|   |   |   |   |   |   |--- feature_9 >  14.05
|   |   |   |   |   |   |   |--- class: negative
|   |   |   |   |--- feature_17 >  0.00
|   |   |   |   |   |--- feature_17 <= 1.00
|   |   |   |   |   |   |--- class: positive
|   |   |   |   |   |--- feature_17 >  1.00
|   |   |   |   |   |   |--- feature_10 <= 50.60
|   |   |   |   |   |   |   |--- feature_1 <= 27.00
|   |   |   |   |   |   |   |   |--- feature_50 <= 0.00
|   |   |   |   |   |   |   |   |   |--- class: negative
|   |   |   |   |   |   |   |   |--- feature_50 >  0.00
|   |   |   |   |   |   |   |   |   |--- feature_11 <= 4.90
|   |   |   |   |   |   |   |   |   |   |--- feature_9 <= 12.40
|   |   |   |   |   |   |   |   |   |   |   |--- class: negative
|   |   |   |   |   |   |   |   |   |   |--- feature_9 >  12.40
|   |   |   |   |   |   |   |   |   |   |   |--- truncated branch of depth 2
|   |   |   |   |   |   |   |   |   |--- feature_11 >  4.90
|   |   |   |   |   |   |   |   |   |   |--- feature_12 <= 32.40
|   |   |   |   |   |   |   |   |   |   |   |--- class: negative
|   |   |   |   |   |   |   |   |   |   |--- feature_12 >  32.40
|   |   |   |   |   |   |   |   |   |   |   |--- truncated branch of depth 7
|   |   |   |   |   |   |   |--- feature_1 >  27.00
|   |   |   |   |   |   |   |   |--- feature_1 <= 575.00
|   |   |   |   |   |   |   |   |   |--- feature_10 <= 7.35
|   |   |   |   |   |   |   |   |   |   |--- feature_12 <= 36.90
|   |   |   |   |   |   |   |   |   |   |   |--- class: negative
|   |   |   |   |   |   |   |   |   |   |--- feature_12 >  36.90
|   |   |   |   |   |   |   |   |   |   |   |--- truncated branch of depth 2
|   |   |   |   |   |   |   |   |   |--- feature_10 >  7.35
|   |   |   |   |   |   |   |   |   |   |--- class: negative
|   |   |   |   |   |   |   |   |--- feature_1 >  575.00
|   |   |   |   |   |   |   |   |   |--- feature_11 <= 19.65
|   |   |   |   |   |   |   |   |   |   |--- feature_1 <= 625.00
|   |   |   |   |   |   |   |   |   |   |   |--- truncated branch of depth 5
|   |   |   |   |   |   |   |   |   |   |--- feature_1 >  625.00
|   |   |   |   |   |   |   |   |   |   |   |--- truncated branch of depth 5
|   |   |   |   |   |   |   |   |   |--- feature_11 >  19.65
|   |   |   |   |   |   |   |   |   |   |--- feature_1 <= 27450.00
|   |   |   |   |   |   |   |   |   |   |   |--- truncated branch of depth 2
|   |   |   |   |   |   |   |   |   |   |--- feature_1 >  27450.00
|   |   |   |   |   |   |   |   |   |   |   |--- class: negative
|   |   |   |   |   |   |--- feature_10 >  50.60
|   |   |   |   |   |   |   |--- feature_1 <= 5662.50
|   |   |   |   |   |   |   |   |--- feature_10 <= 65.45
|   |   |   |   |   |   |   |   |   |--- feature_9 <= 23.55
|   |   |   |   |   |   |   |   |   |   |--- feature_1 <= 425.00
|   |   |   |   |   |   |   |   |   |   |   |--- class: negative
|   |   |   |   |   |   |   |   |   |   |--- feature_1 >  425.00
|   |   |   |   |   |   |   |   |   |   |   |--- truncated branch of depth 2
|   |   |   |   |   |   |   |   |   |--- feature_9 >  23.55
|   |   |   |   |   |   |   |   |   |   |--- class: negative
|   |   |   |   |   |   |   |   |--- feature_10 >  65.45
|   |   |   |   |   |   |   |   |   |--- feature_45 <= 0.50
|   |   |   |   |   |   |   |   |   |   |--- class: negative
|   |   |   |   |   |   |   |   |   |--- feature_45 >  0.50
|   |   |   |   |   |   |   |   |   |   |--- class: positive
|   |   |   |   |   |   |   |--- feature_1 >  5662.50
|   |   |   |   |   |   |   |   |--- class: negative
|   |   |   |--- feature_25 >  0.00
|   |   |   |   |--- feature_1 <= 49.50
|   |   |   |   |   |--- feature_10 <= 13.07
|   |   |   |   |   |   |--- feature_37 <= 0.50
|   |   |   |   |   |   |   |--- class: negative
|   |   |   |   |   |   |--- feature_37 >  0.50
|   |   |   |   |   |   |   |--- class: positive
|   |   |   |   |   |--- feature_10 >  13.07
|   |   |   |   |   |   |--- class: negative
|   |   |   |   |--- feature_1 >  49.50
|   |   |   |   |   |--- feature_11 <= 4.30
|   |   |   |   |   |   |--- class: positive
|   |   |   |   |   |--- feature_11 >  4.30
|   |   |   |   |   |   |--- class: negative
|   |   |--- feature_34 >  0.00
|   |   |   |--- feature_34 <= 1.00
|   |   |   |   |--- class: positive
|   |   |   |--- feature_34 >  1.00
|   |   |   |   |--- feature_1 <= 500.50
|   |   |   |   |   |--- feature_15 <= 24.50
|   |   |   |   |   |   |--- feature_10 <= 44.00
|   |   |   |   |   |   |   |--- feature_1 <= 89.00
|   |   |   |   |   |   |   |   |--- class: negative
|   |   |   |   |   |   |   |--- feature_1 >  89.00
|   |   |   |   |   |   |   |   |--- feature_1 <= 118.50
|   |   |   |   |   |   |   |   |   |--- feature_13 <= 6.77
|   |   |   |   |   |   |   |   |   |   |--- feature_13 <= 5.01
|   |   |   |   |   |   |   |   |   |   |   |--- truncated branch of depth 3
|   |   |   |   |   |   |   |   |   |   |--- feature_13 >  5.01
|   |   |   |   |   |   |   |   |   |   |   |--- truncated branch of depth 3
|   |   |   |   |   |   |   |   |   |--- feature_13 >  6.77
|   |   |   |   |   |   |   |   |   |   |--- class: negative
|   |   |   |   |   |   |   |   |--- feature_1 >  118.50
|   |   |   |   |   |   |   |   |   |--- feature_1 <= 385.50
|   |   |   |   |   |   |   |   |   |   |--- class: negative
|   |   |   |   |   |   |   |   |   |--- feature_1 >  385.50
|   |   |   |   |   |   |   |   |   |   |--- feature_1 <= 399.00
|   |   |   |   |   |   |   |   |   |   |   |--- class: positive
|   |   |   |   |   |   |   |   |   |   |--- feature_1 >  399.00
|   |   |   |   |   |   |   |   |   |   |   |--- truncated branch of depth 6
|   |   |   |   |   |   |--- feature_10 >  44.00
|   |   |   |   |   |   |   |--- feature_9 <= 17.10
|   |   |   |   |   |   |   |   |--- feature_1 <= 124.50
|   |   |   |   |   |   |   |   |   |--- feature_2 <= -0.50
|   |   |   |   |   |   |   |   |   |   |--- feature_12 <= 31.05
|   |   |   |   |   |   |   |   |   |   |   |--- class: positive
|   |   |   |   |   |   |   |   |   |   |--- feature_12 >  31.05
|   |   |   |   |   |   |   |   |   |   |   |--- class: negative
|   |   |   |   |   |   |   |   |   |--- feature_2 >  -0.50
|   |   |   |   |   |   |   |   |   |   |--- class: positive
|   |   |   |   |   |   |   |   |--- feature_1 >  124.50
|   |   |   |   |   |   |   |   |   |--- feature_1 <= 137.50
|   |   |   |   |   |   |   |   |   |   |--- feature_10 <= 62.55
|   |   |   |   |   |   |   |   |   |   |   |--- class: negative
|   |   |   |   |   |   |   |   |   |   |--- feature_10 >  62.55
|   |   |   |   |   |   |   |   |   |   |   |--- class: positive
|   |   |   |   |   |   |   |   |   |--- feature_1 >  137.50
|   |   |   |   |   |   |   |   |   |   |--- class: negative
|   |   |   |   |   |   |   |--- feature_9 >  17.10
|   |   |   |   |   |   |   |   |--- class: negative
|   |   |   |   |   |--- feature_15 >  24.50
|   |   |   |   |   |   |--- class: positive
|   |   |   |   |--- feature_1 >  500.50
|   |   |   |   |   |--- feature_7 <= 29.50
|   |   |   |   |   |   |--- feature_13 <= 5.00
|   |   |   |   |   |   |   |--- feature_22 <= 0.02
|   |   |   |   |   |   |   |   |--- feature_2 <= 9.50
|   |   |   |   |   |   |   |   |   |--- feature_7 <= 0.50
|   |   |   |   |   |   |   |   |   |   |--- feature_2 <= 3.50
|   |   |   |   |   |   |   |   |   |   |   |--- truncated branch of depth 4
|   |   |   |   |   |   |   |   |   |   |--- feature_2 >  3.50
|   |   |   |   |   |   |   |   |   |   |   |--- class: negative
|   |   |   |   |   |   |   |   |   |--- feature_7 >  0.50
|   |   |   |   |   |   |   |   |   |   |--- feature_1 <= 4184.00
|   |   |   |   |   |   |   |   |   |   |   |--- truncated branch of depth 6
|   |   |   |   |   |   |   |   |   |   |--- feature_1 >  4184.00
|   |   |   |   |   |   |   |   |   |   |   |--- class: negative
|   |   |   |   |   |   |   |   |--- feature_2 >  9.50
|   |   |   |   |   |   |   |   |   |--- feature_27 <= 0.50
|   |   |   |   |   |   |   |   |   |   |--- class: positive
|   |   |   |   |   |   |   |   |   |--- feature_27 >  0.50
|   |   |   |   |   |   |   |   |   |   |--- feature_2 <= 10.50
|   |   |   |   |   |   |   |   |   |   |   |--- truncated branch of depth 3
|   |   |   |   |   |   |   |   |   |   |--- feature_2 >  10.50
|   |   |   |   |   |   |   |   |   |   |   |--- class: negative
|   |   |   |   |   |   |   |--- feature_22 >  0.02
|   |   |   |   |   |   |   |   |--- feature_22 <= 0.99
|   |   |   |   |   |   |   |   |   |--- class: positive
|   |   |   |   |   |   |   |   |--- feature_22 >  0.99
|   |   |   |   |   |   |   |   |   |--- class: negative
|   |   |   |   |   |   |--- feature_13 >  5.00
|   |   |   |   |   |   |   |--- feature_12 <= 70.99
|   |   |   |   |   |   |   |   |--- feature_17 <= 0.50
|   |   |   |   |   |   |   |   |   |--- feature_23 <= 1.00
|   |   |   |   |   |   |   |   |   |   |--- feature_0 <= 1940.50
|   |   |   |   |   |   |   |   |   |   |   |--- truncated branch of depth 7
|   |   |   |   |   |   |   |   |   |   |--- feature_0 >  1940.50
|   |   |   |   |   |   |   |   |   |   |   |--- truncated branch of depth 13
|   |   |   |   |   |   |   |   |   |--- feature_23 >  1.00
|   |   |   |   |   |   |   |   |   |   |--- class: negative
|   |   |   |   |   |   |   |   |--- feature_17 >  0.50
|   |   |   |   |   |   |   |   |   |--- class: negative
|   |   |   |   |   |   |   |--- feature_12 >  70.99
|   |   |   |   |   |   |   |   |--- feature_15 <= 36.50
|   |   |   |   |   |   |   |   |   |--- class: negative
|   |   |   |   |   |   |   |   |--- feature_15 >  36.50
|   |   |   |   |   |   |   |   |   |--- class: positive
|   |   |   |   |   |--- feature_7 >  29.50
|   |   |   |   |   |   |--- class: negative
|   |--- feature_18 >  0.00
|   |   |--- feature_18 <= 1.00
|   |   |   |--- class: positive
|   |   |--- feature_18 >  1.00
|   |   |   |--- feature_12 <= 33.38
|   |   |   |   |--- feature_1 <= 1275.00
|   |   |   |   |   |--- class: negative
|   |   |   |   |--- feature_1 >  1275.00
|   |   |   |   |   |--- feature_0 <= 1960.50
|   |   |   |   |   |   |--- class: negative
|   |   |   |   |   |--- feature_0 >  1960.50
|   |   |   |   |   |   |--- feature_10 <= 25.90
|   |   |   |   |   |   |   |--- class: negative
|   |   |   |   |   |   |--- feature_10 >  25.90
|   |   |   |   |   |   |   |--- class: positive
|   |   |   |--- feature_12 >  33.38
|   |   |   |   |--- feature_12 <= 51.75
|   |   |   |   |   |--- feature_0 <= 1954.50
|   |   |   |   |   |   |--- class: negative
|   |   |   |   |   |--- feature_0 >  1954.50
|   |   |   |   |   |   |--- feature_7 <= 29.50
|   |   |   |   |   |   |   |--- feature_13 <= 8.00
|   |   |   |   |   |   |   |   |--- feature_2 <= 28.50
|   |   |   |   |   |   |   |   |   |--- feature_13 <= 7.00
|   |   |   |   |   |   |   |   |   |   |--- feature_1 <= 59.50
|   |   |   |   |   |   |   |   |   |   |   |--- truncated branch of depth 2
|   |   |   |   |   |   |   |   |   |   |--- feature_1 >  59.50
|   |   |   |   |   |   |   |   |   |   |   |--- truncated branch of depth 5
|   |   |   |   |   |   |   |   |   |--- feature_13 >  7.00
|   |   |   |   |   |   |   |   |   |   |--- class: positive
|   |   |   |   |   |   |   |   |--- feature_2 >  28.50
|   |   |   |   |   |   |   |   |   |--- class: negative
|   |   |   |   |   |   |   |--- feature_13 >  8.00
|   |   |   |   |   |   |   |   |--- feature_10 <= 25.45
|   |   |   |   |   |   |   |   |   |--- feature_33 <= 0.00
|   |   |   |   |   |   |   |   |   |   |--- class: negative
|   |   |   |   |   |   |   |   |   |--- feature_33 >  0.00
|   |   |   |   |   |   |   |   |   |   |--- feature_1 <= 650.00
|   |   |   |   |   |   |   |   |   |   |   |--- truncated branch of depth 8
|   |   |   |   |   |   |   |   |   |   |--- feature_1 >  650.00
|   |   |   |   |   |   |   |   |   |   |   |--- class: negative
|   |   |   |   |   |   |   |   |--- feature_10 >  25.45
|   |   |   |   |   |   |   |   |   |--- class: negative
|   |   |   |   |   |   |--- feature_7 >  29.50
|   |   |   |   |   |   |   |--- feature_14 <= 3.00
|   |   |   |   |   |   |   |   |--- class: negative
|   |   |   |   |   |   |   |--- feature_14 >  3.00
|   |   |   |   |   |   |   |   |--- class: positive
|   |   |   |   |--- feature_12 >  51.75
|   |   |   |   |   |--- feature_2 <= 3.50
|   |   |   |   |   |   |--- feature_1 <= 3875.00
|   |   |   |   |   |   |   |--- class: negative
|   |   |   |   |   |   |--- feature_1 >  3875.00
|   |   |   |   |   |   |   |--- class: positive
|   |   |   |   |   |--- feature_2 >  3.50
|   |   |   |   |   |   |--- class: negative
|--- feature_15 >  47.50
|   |--- feature_21 <= 1.00
|   |   |--- feature_21 <= 0.00
|   |   |   |--- feature_1 <= 74.50
|   |   |   |   |--- feature_52 <= 0.04
|   |   |   |   |   |--- class: negative
|   |   |   |   |--- feature_52 >  0.04
|   |   |   |   |   |--- feature_10 <= 29.37
|   |   |   |   |   |   |--- feature_18 <= 0.13
|   |   |   |   |   |   |   |--- class: negative
|   |   |   |   |   |   |--- feature_18 >  0.13
|   |   |   |   |   |   |   |--- feature_17 <= 0.03
|   |   |   |   |   |   |   |   |--- class: negative
|   |   |   |   |   |   |   |--- feature_17 >  0.03
|   |   |   |   |   |   |   |   |--- class: positive
|   |   |   |   |   |--- feature_10 >  29.37
|   |   |   |   |   |   |--- feature_10 <= 33.70
|   |   |   |   |   |   |   |--- class: positive
|   |   |   |   |   |   |--- feature_10 >  33.70
|   |   |   |   |   |   |   |--- class: negative
|   |   |   |--- feature_1 >  74.50
|   |   |   |   |--- feature_22 <= 0.50
|   |   |   |   |   |--- feature_1 <= 89.50
|   |   |   |   |   |   |--- feature_0 <= 1994.50
|   |   |   |   |   |   |   |--- class: negative
|   |   |   |   |   |   |--- feature_0 >  1994.50
|   |   |   |   |   |   |   |--- feature_10 <= 28.00
|   |   |   |   |   |   |   |   |--- class: negative
|   |   |   |   |   |   |   |--- feature_10 >  28.00
|   |   |   |   |   |   |   |   |--- feature_9 <= 10.22
|   |   |   |   |   |   |   |   |   |--- class: positive
|   |   |   |   |   |   |   |   |--- feature_9 >  10.22
|   |   |   |   |   |   |   |   |   |--- class: negative
|   |   |   |   |   |--- feature_1 >  89.50
|   |   |   |   |   |   |--- class: negative
|   |   |   |   |--- feature_22 >  0.50
|   |   |   |   |   |--- feature_9 <= 30.05
|   |   |   |   |   |   |--- feature_11 <= 12.25
|   |   |   |   |   |   |   |--- class: negative
|   |   |   |   |   |   |--- feature_11 >  12.25
|   |   |   |   |   |   |   |--- feature_10 <= 44.05
|   |   |   |   |   |   |   |   |--- feature_9 <= 14.40
|   |   |   |   |   |   |   |   |   |--- class: negative
|   |   |   |   |   |   |   |   |--- feature_9 >  14.40
|   |   |   |   |   |   |   |   |   |--- class: positive
|   |   |   |   |   |   |   |--- feature_10 >  44.05
|   |   |   |   |   |   |   |   |--- class: negative
|   |   |   |   |   |--- feature_9 >  30.05
|   |   |   |   |   |   |--- feature_41 <= 0.50
|   |   |   |   |   |   |   |--- class: negative
|   |   |   |   |   |   |--- feature_41 >  0.50
|   |   |   |   |   |   |   |--- class: positive
|   |   |--- feature_21 >  0.00
|   |   |   |--- class: positive
|   |--- feature_21 >  1.00
|   |   |--- feature_11 <= 9.05
|   |   |   |--- class: negative
|   |   |--- feature_11 >  9.05
|   |   |   |--- feature_2 <= 3.50
|   |   |   |   |--- feature_9 <= 15.55
|   |   |   |   |   |--- feature_10 <= 53.25
|   |   |   |   |   |   |--- feature_10 <= 12.70
|   |   |   |   |   |   |   |--- feature_10 <= 12.55
|   |   |   |   |   |   |   |   |--- class: negative
|   |   |   |   |   |   |   |--- feature_10 >  12.55
|   |   |   |   |   |   |   |   |--- feature_13 <= 6.50
|   |   |   |   |   |   |   |   |   |--- class: negative
|   |   |   |   |   |   |   |   |--- feature_13 >  6.50
|   |   |   |   |   |   |   |   |   |--- class: positive
|   |   |   |   |   |   |--- feature_10 >  12.70
|   |   |   |   |   |   |   |--- class: negative
|   |   |   |   |   |--- feature_10 >  53.25
|   |   |   |   |   |   |--- class: positive
|   |   |   |   |--- feature_9 >  15.55
|   |   |   |   |   |--- class: negative
|   |   |   |--- feature_2 >  3.50
|   |   |   |   |--- class: negative
