|--- feature_15 <= 23.50
|   |--- feature_15 <= 12.50
|   |   |--- feature_48 <= 0.00
|   |   |   |--- feature_28 <= 0.00
|   |   |   |   |--- feature_43 <= 0.00
|   |   |   |   |   |--- feature_35 <= 0.01
|   |   |   |   |   |   |--- feature_12 <= 97.12
|   |   |   |   |   |   |   |--- feature_9 <= 8.45
|   |   |   |   |   |   |   |   |--- feature_9 <= 8.25
|   |   |   |   |   |   |   |   |   |--- class: negative
|   |   |   |   |   |   |   |   |--- feature_9 >  8.25
|   |   |   |   |   |   |   |   |   |--- feature_5 <= 45.53
|   |   |   |   |   |   |   |   |   |   |--- class: negative
|   |   |   |   |   |   |   |   |   |--- feature_5 >  45.53
|   |   |   |   |   |   |   |   |   |   |--- class: positive
|   |   |   |   |   |   |   |--- feature_9 >  8.45
|   |   |   |   |   |   |   |   |--- class: negative
|   |   |   |   |   |   |--- feature_12 >  97.12
|   |   |   |   |   |   |   |--- feature_9 <= 14.69
|   |   |   |   |   |   |   |   |--- class: positive
|   |   |   |   |   |   |   |--- feature_9 >  14.69
|   |   |   |   |   |   |   |   |--- class: negative
|   |   |   |   |   |--- feature_35 >  0.01
|   |   |   |   |   |   |--- feature_35 <= 0.99
|   |   |   |   |   |   |   |--- class: positive
|   |   |   |   |   |   |--- feature_35 >  0.99
|   |   |   |   |   |   |   |--- feature_1 <= 412.50
|   |   |   |   |   |   |   |   |--- feature_11 <= 4.41
|   |   |   |   |   |   |   |   |   |--- feature_6 <= -94.09
|   |   |   |   |   |   |   |   |   |   |--- class: positive
|   |   |   |   |   |   |   |   |   |--- feature_6 >  -94.09
|   |   |   |   |   |   |   |   |   |   |--- class: negative
|   |   |   |   |   |   |   |   |--- feature_11 >  4.41
|   |   |   |   |   |   |   |   |   |--- class: negative
|   |   |   |   |   |   |   |--- feature_1 >  412.50
|   |   |   |   |   |   |   |   |--- feature_5 <= 44.95
|   |   |   |   |   |   |   |   |   |--- feature_5 <= 44.90
|   |   |   |   |   |   |   |   |   |   |--- feature_12 <= 16.18
|   |   |   |   |   |   |   |   |   |   |   |--- class: positive
|   |   |   |   |   |   |   |   |   |   |--- feature_12 >  16.18
|   |   |   |   |   |   |   |   |   |   |   |--- class: negative
|   |   |   |   |   |   |   |   |   |--- feature_5 >  44.90
|   |   |   |   |   |   |   |   |   |   |--- feature_9 <= 28.90
|   |   |   |   |   |   |   |   |   |   |   |--- class: positive
|   |   |   |   |   |   |   |   |   |   |--- feature_9 >  28.90
|   |   |   |   |   |   |   |   |   |   |   |--- class: negative
|   |   |   |   |   |   |   |   |--- feature_5 >  44.95
|   |   |   |   |   |   |   |   |   |--- class: negative
|   |   |   |   |--- feature_43 >  0.00
|   |   |   |   |   |--- feature_49 <= 0.01
|   |   |   |   |   |   |--- class: negative
|   |   |   |   |   |--- feature_49 >  0.01
|   |   |   |   |   |   |--- class: positive
|   |   |   |--- feature_28 >  0.00
|   |   |   |   |--- feature_28 <= 1.00
|   |   |   |   |   |--- class: positive
|   |   |   |   |--- feature_28 >  1.00
|   |   |   |   |   |--- feature_1 <= 28.00
|   |   |   |   |   |   |--- feature_0 <= 1960.50
|   |   |   |   |   |   |   |--- feature_0 <= 1943.50
|   |   |   |   |   |   |   |   |--- class: negative
|   |   |   |   |   |   |   |--- feature_0 >  1943.50
|   |   |   |   |   |   |   |   |--- class: positive
|   |   |   |   |   |   |--- feature_0 >  1960.50
|   |   |   |   |   |   |   |--- class: negative
|   |   |   |   |   |--- feature_1 >  28.00
|   |   |   |   |   |   |--- feature_5 <= 43.60
|   |   |   |   |   |   |   |--- feature_12 <= 52.35
|   |   |   |   |   |   |   |   |--- class: negative
|   |   |   |   |   |   |   |--- feature_12 >  52.35
|   |   |   |   |   |   |   |   |--- class: positive
|   |   |   |   |   |   |--- feature_5 >  43.60
|   |   |   |   |   |   |   |--- class: negative
|   |   |--- feature_48 >  0.00
|   |   |   |--- feature_48 <= 1.00
|   |   |   |   |--- class: positive
|   |   |   |--- feature_48 >  1.00
|   |   |   |   |--- feature_5 <= 44.88
|   |   |   |   |   |--- feature_1 <= 59.00
|   |   |   |   |   |   |--- class: negative
|   |   |   |   |   |--- feature_1 >  59.00
|   |   |   |   |   |   |--- feature_6 <= -93.45
|   |   |   |   |   |   |   |--- feature_35 <= 0.53
|   |   |   |   |   |   |   |   |--- feature_13 <= 3.38
|   |   |   |   |   |   |   |   |   |--- class: negative
|   |   |   |   |   |   |   |   |--- feature_13 >  3.38
|   |   |   |   |   |   |   |   |   |--- feature_5 <= 44.46
|   |   |   |   |   |   |   |   |   |   |--- feature_12 <= 35.35
|   |   |   |   |   |   |   |   |   |   |   |--- class: negative
|   |   |   |   |   |   |   |   |   |   |--- feature_12 >  35.35
|   |   |   |   |   |   |   |   |   |   |   |--- truncated branch of depth 7
|   |   |   |   |   |   |   |   |   |--- feature_5 >  44.46
|   |   |   |   |   |   |   |   |   |   |--- feature_1 <= 529.50
|   |   |   |   |   |   |   |   |   |   |   |--- class: negative
|   |   |   |   |   |   |   |   |   |   |--- feature_1 >  529.50
|   |   |   |   |   |   |   |   |   |   |   |--- truncated branch of depth 4
|   |   |   |   |   |   |   |--- feature_35 >  0.53
|   |   |   |   |   |   |   |   |--- class: negative
|   |   |   |   |   |   |--- feature_6 >  -93.45
|   |   |   |   |   |   |   |--- class: negative
|   |   |   |   |--- feature_5 >  44.88
|   |   |   |   |   |--- class: negative
|   |--- feature_15 >  12.50
|   |   |--- class: positive
|--- feature_15 >  23.50
|   |--- feature_23 <= 0.00
|   |   |--- feature_30 <= 0.00
|   |   |   |--- feature_9 <= 12.85
|   |   |   |   |--- feature_9 <= 12.75
|   |   |   |   |   |--- feature_5 <= 43.50
|   |   |   |   |   |   |--- feature_48 <= 0.50
|   |   |   |   |   |   |   |--- class: negative
|   |   |   |   |   |   |--- feature_48 >  0.50
|   |   |   |   |   |   |   |--- class: positive
|   |   |   |   |   |--- feature_5 >  43.50
|   |   |   |   |   |   |--- feature_11 <= 10.85
|   |   |   |   |   |   |   |--- class: negative
|   |   |   |   |   |   |--- feature_11 >  10.85
|   |   |   |   |   |   |   |--- feature_11 <= 10.95
|   |   |   |   |   |   |   |   |--- feature_8 <= 2.00
|   |   |   |   |   |   |   |   |   |--- class: negative
|   |   |   |   |   |   |   |   |--- feature_8 >  2.00
|   |   |   |   |   |   |   |   |   |--- class: positive
|   |   |   |   |   |   |   |--- feature_11 >  10.95
|   |   |   |   |   |   |   |   |--- class: negative
|   |   |   |   |--- feature_9 >  12.75
|   |   |   |   |   |--- feature_7 <= 10.00
|   |   |   |   |   |   |--- feature_19 <= 0.50
|   |   |   |   |   |   |   |--- class: positive
|   |   |   |   |   |   |--- feature_19 >  0.50
|   |   |   |   |   |   |   |--- class: negative
|   |   |   |   |   |--- feature_7 >  10.00
|   |   |   |   |   |   |--- class: negative
|   |   |   |--- feature_9 >  12.85
|   |   |   |   |--- class: negative
|   |   |--- feature_30 >  0.00
|   |   |   |--- feature_30 <= 1.00
|   |   |   |   |--- class: positive
|   |   |   |--- feature_30 >  1.00
|   |   |   |   |--- feature_5 <= 46.64
|   |   |   |   |   |--- feature_5 <= 43.57
|   |   |   |   |   |   |--- feature_5 <= 43.57
|   |   |   |   |   |   |   |--- class: negative
|   |   |   |   |   |   |--- feature_5 >  43.57
|   |   |   |   |   |   |   |--- class: positive
|   |   |   |   |   |--- feature_5 >  43.57
|   |   |   |   |   |   |--- class: negative
|   |   |   |   |--- feature_5 >  46.64
|   |   |   |   |   |--- feature_5 <= 47.25
|   |   |   |   |   |   |--- feature_1 <= 442.50
|   |   |   |   |   |   |   |--- feature_1 <= 260.00
|   |   |   |   |   |   |   |   |--- class: negative
|   |   |   |   |   |   |   |--- feature_1 >  260.00
|   |   |   |   |   |   |   |   |--- class: positive
|   |   |   |   |   |   |--- feature_1 >  442.50
|   |   |   |   |   |   |   |--- class: negative
|   |   |   |   |   |--- feature_5 >  47.25
|   |   |   |   |   |   |--- class: negative
|   |--- feature_23 >  0.00
|   |   |--- feature_23 <= 1.00
|   |   |   |--- class: positive
|   |   |--- feature_23 >  1.00
|   |   |   |--- feature_48 <= 0.99
|   |   |   |   |--- feature_28 <= 0.01
|   |   |   |   |   |--- feature_5 <= 21.75
|   |   |   |   |   |   |--- feature_0 <= 1970.50
|   |   |   |   |   |   |   |--- class: negative
|   |   |   |   |   |   |--- feature_0 >  1970.50
|   |   |   |   |   |   |   |--- class: positive
|   |   |   |   |   |--- feature_5 >  21.75
|   |   |   |   |   |   |--- class: negative
|   |   |   |   |--- feature_28 >  0.01
|   |   |   |   |   |--- feature_11 <= 8.61
|   |   |   |   |   |   |--- feature_12 <= 47.62
|   |   |   |   |   |   |   |--- class: negative
|   |   |   |   |   |   |--- feature_12 >  47.62
|   |   |   |   |   |   |   |--- feature_5 <= 44.84
|   |   |   |   |   |   |   |   |--- class: positive
|   |   |   |   |   |   |   |--- feature_5 >  44.84
|   |   |   |   |   |   |   |   |--- class: negative
|   |   |   |   |   |--- feature_11 >  8.61
|   |   |   |   |   |   |--- feature_11 <= 9.09
|   |   |   |   |   |   |   |--- feature_12 <= 36.45
|   |   |   |   |   |   |   |   |--- class: negative
|   |   |   |   |   |   |   |--- feature_12 >  36.45
|   |   |   |   |   |   |   |   |--- class: positive
|   |   |   |   |   |   |--- feature_11 >  9.09
|   |   |   |   |   |   |   |--- feature_12 <= 40.46
|   |   |   |   |   |   |   |   |--- feature_12 <= 37.90
|   |   |   |   |   |   |   |   |   |--- class: negative
|   |   |   |   |   |   |   |   |--- feature_12 >  37.90
|   |   |   |   |   |   |   |   |   |--- class: positive
|   |   |   |   |   |   |   |--- feature_12 >  40.46
|   |   |   |   |   |   |   |   |--- class: negative
|   |   |   |--- feature_48 >  0.99
|   |   |   |   |--- feature_13 <= 2.50
|   |   |   |   |   |--- feature_30 <= 0.50
|   |   |   |   |   |   |--- class: negative
|   |   |   |   |   |--- feature_30 >  0.50
|   |   |   |   |   |   |--- feature_0 <= 1975.00
|   |   |   |   |   |   |   |--- class: positive
|   |   |   |   |   |   |--- feature_0 >  1975.00
|   |   |   |   |   |   |   |--- class: negative
|   |   |   |   |--- feature_13 >  2.50
|   |   |   |   |   |--- class: negative
