|--- feature_15 <= 23.50
|   |--- feature_15 <= 12.50
|   |   |--- feature_48 <= 0.00
|   |   |   |--- feature_28 <= 0.00
|   |   |   |   |--- feature_43 <= 0.00
|   |   |   |   |   |--- feature_9 <= 18.05
|   |   |   |   |   |   |--- feature_12 <= 92.03
|   |   |   |   |   |   |   |--- feature_1 <= 402.50
|   |   |   |   |   |   |   |   |--- feature_11 <= 4.45
|   |   |   |   |   |   |   |   |   |--- feature_1 <= 1.50
|   |   |   |   |   |   |   |   |   |   |--- class: positive
|   |   |   |   |   |   |   |   |   |--- feature_1 >  1.50
|   |   |   |   |   |   |   |   |   |   |--- class: negative
|   |   |   |   |   |   |   |   |--- feature_11 >  4.45
|   |   |   |   |   |   |   |   |   |--- feature_22 <= 0.02
|   |   |   |   |   |   |   |   |   |   |--- feature_11 <= 4.66
|   |   |   |   |   |   |   |   |   |   |   |--- truncated branch of depth 2
|   |   |   |   |   |   |   |   |   |   |--- feature_11 >  4.66
|   |   |   |   |   |   |   |   |   |   |   |--- class: negative
|   |   |   |   |   |   |   |   |   |--- feature_22 >  0.02
|   |   |   |   |   |   |   |   |   |   |--- feature_19 <= 0.47
|   |   |   |   |   |   |   |   |   |   |   |--- truncated branch of depth 3
|   |   |   |   |   |   |   |   |   |   |--- feature_19 >  0.47
|   |   |   |   |   |   |   |   |   |   |   |--- class: positive
|   |   |   |   |   |   |   |--- feature_1 >  402.50
|   |   |   |   |   |   |   |   |--- feature_12 <= 15.59
|   |   |   |   |   |   |   |   |   |--- feature_9 <= 9.77
|   |   |   |   |   |   |   |   |   |   |--- class: positive
|   |   |   |   |   |   |   |   |   |--- feature_9 >  9.77
|   |   |   |   |   |   |   |   |   |   |--- class: negative
|   |   |   |   |   |   |   |   |--- feature_12 >  15.59
|   |   |   |   |   |   |   |   |   |--- feature_10 <= 16.88
|   |   |   |   |   |   |   |   |   |   |--- feature_0 <= 1953.50
|   |   |   |   |   |   |   |   |   |   |   |--- class: negative
|   |   |   |   |   |   |   |   |   |   |--- feature_0 >  1953.50
|   |   |   |   |   |   |   |   |   |   |   |--- truncated branch of depth 3
|   |   |   |   |   |   |   |   |   |--- feature_10 >  16.88
|   |   |   |   |   |   |   |   |   |   |--- class: negative
|   |   |   |   |   |   |--- feature_12 >  92.03
|   |   |   |   |   |   |   |--- feature_11 <= 8.65
|   |   |   |   |   |   |   |   |--- class: negative
|   |   |   |   |   |   |   |--- feature_11 >  8.65
|   |   |   |   |   |   |   |   |--- class: positive
|   |   |   |   |   |--- feature_9 >  18.05
|   |   |   |   |   |   |--- class: negative
|   |   |   |   |--- feature_43 >  0.00
|   |   |   |   |   |--- feature_43 <= 0.99
|   |   |   |   |   |   |--- class: positive
|   |   |   |   |   |--- feature_43 >  0.99
|   |   |   |   |   |   |--- class: negative
|   |   |   |--- feature_28 >  0.00
|   |   |   |   |--- feature_28 <= 1.00
|   |   |   |   |   |--- class: positive
|   |   |   |   |--- feature_28 >  1.00
|   |   |   |   |   |--- feature_1 <= 27.50
|   |   |   |   |   |   |--- feature_0 <= 1960.50
|   |   |   |   |   |   |   |--- feature_8 <= 1.50
|   |   |   |   |   |   |   |   |--- class: negative
|   |   |   |   |   |   |   |--- feature_8 >  1.50
|   |   |   |   |   |   |   |   |--- class: positive
|   |   |   |   |   |   |--- feature_0 >  1960.50
|   |   |   |   |   |   |   |--- class: negative
|   |   |   |   |   |--- feature_1 >  27.50
|   |   |   |   |   |   |--- feature_12 <= 57.15
|   |   |   |   |   |   |   |--- class: negative
|   |   |   |   |   |   |--- feature_12 >  57.15
|   |   |   |   |   |   |   |--- feature_12 <= 57.75
|   |   |   |   |   |   |   |   |--- class: positive
|   |   |   |   |   |   |   |--- feature_12 >  57.75
|   |   |   |   |   |   |   |   |--- class: negative
|   |   |--- feature_48 >  0.00
|   |   |   |--- feature_48 <= 1.00
|   |   |   |   |--- class: positive
|   |   |   |--- feature_48 >  1.00
|   |   |   |   |--- feature_1 <= 59.00
|   |   |   |   |   |--- class: negative
|   |   |   |   |--- feature_1 >  59.00
|   |   |   |   |   |--- feature_27 <= 0.00
|   |   |   |   |   |   |--- feature_35 <= 0.52
|   |   |   |   |   |   |   |--- feature_30 <= 0.99
|   |   |   |   |   |   |   |   |--- feature_30 <= 0.00
|   |   |   |   |   |   |   |   |   |--- feature_13 <= 7.50
|   |   |   |   |   |   |   |   |   |   |--- feature_11 <= 7.55
|   |   |   |   |   |   |   |   |   |   |   |--- truncated branch of depth 2
|   |   |   |   |   |   |   |   |   |   |--- feature_11 >  7.55
|   |   |   |   |   |   |   |   |   |   |   |--- class: negative
|   |   |   |   |   |   |   |   |   |--- feature_13 >  7.50
|   |   |   |   |   |   |   |   |   |   |--- feature_0 <= 1962.50
|   |   |   |   |   |   |   |   |   |   |   |--- class: negative
|   |   |   |   |   |   |   |   |   |   |--- feature_0 >  1962.50
|   |   |   |   |   |   |   |   |   |   |   |--- truncated branch of depth 11
|   |   |   |   |   |   |   |   |--- feature_30 >  0.00
|   |   |   |   |   |   |   |   |   |--- class: positive
|   |   |   |   |   |   |   |--- feature_30 >  0.99
|   |   |   |   |   |   |   |   |--- feature_1 <= 72.50
|   |   |   |   |   |   |   |   |   |--- feature_9 <= 12.05
|   |   |   |   |   |   |   |   |   |   |--- class: positive
|   |   |   |   |   |   |   |   |   |--- feature_9 >  12.05
|   |   |   |   |   |   |   |   |   |   |--- class: negative
|   |   |   |   |   |   |   |   |--- feature_1 >  72.50
|   |   |   |   |   |   |   |   |   |--- class: negative
|   |   |   |   |   |   |--- feature_35 >  0.52
|   |   |   |   |   |   |   |--- class: negative
|   |   |   |   |   |--- feature_27 >  0.00
|   |   |   |   |   |   |--- feature_27 <= 1.00
|   |   |   |   |   |   |   |--- class: positive
|   |   |   |   |   |   |--- feature_27 >  1.00
|   |   |   |   |   |   |   |--- feature_11 <= 8.35
|   |   |   |   |   |   |   |   |--- class: negative
|   |   |   |   |   |   |   |--- feature_11 >  8.35
|   |   |   |   |   |   |   |   |--- class: positive
|   |--- feature_15 >  12.50
|   |   |--- class: positive
|--- feature_15 >  23.50
|   |--- feature_23 <= 0.00
|   |   |--- feature_30 <= 0.00
|   |   |   |--- feature_9 <= 12.85
|   |   |   |   |--- feature_9 <= 12.75
|   |   |   |   |   |--- feature_0 <= 2005.50
|   |   |   |   |   |   |--- feature_11 <= 10.85
|   |   |   |   |   |   |   |--- class: negative
|   |   |   |   |   |   |--- feature_11 >  10.85
|   |   |   |   |   |   |   |--- feature_11 <= 10.95
|   |   |   |   |   |   |   |   |--- feature_10 <= 15.20
|   |   |   |   |   |   |   |   |   |--- class: negative
|   |   |   |   |   |   |   |   |--- feature_10 >  15.20
|   |   |   |   |   |   |   |   |   |--- class: positive
|   |   |   |   |   |   |   |--- feature_11 >  10.95
|   |   |   |   |   |   |   |   |--- class: negative
|   |   |   |   |   |--- feature_0 >  2005.50
|   |   |   |   |   |   |--- feature_1 <= 77.00
|   |   |   |   |   |   |   |--- class: positive
|   |   |   |   |   |   |--- feature_1 >  77.00
|   |   |   |   |   |   |   |--- class: negative
|   |   |   |   |--- feature_9 >  12.75
|   |   |   |   |   |--- feature_7 <= 10.00
|   |   |   |   |   |   |--- feature_19 <= 0.50
|   |   |   |   |   |   |   |--- class: positive
|   |   |   |   |   |   |--- feature_19 >  0.50
|   |   |   |   |   |   |   |--- class: negative
|   |   |   |   |   |--- feature_7 >  10.00
|   |   |   |   |   |   |--- class: negative
|   |   |   |--- feature_9 >  12.85
|   |   |   |   |--- class: negative
|   |   |--- feature_30 >  0.00
|   |   |   |--- feature_30 <= 0.98
|   |   |   |   |--- class: positive
|   |   |   |--- feature_30 >  0.98
|   |   |   |   |--- feature_0 <= 1974.50
|   |   |   |   |   |--- feature_1 <= 307.50
|   |   |   |   |   |   |--- feature_11 <= 10.60
|   |   |   |   |   |   |   |--- class: negative
|   |   |   |   |   |   |--- feature_11 >  10.60
|   |   |   |   |   |   |   |--- feature_11 <= 12.10
|   |   |   |   |   |   |   |   |--- class: positive
|   |   |   |   |   |   |   |--- feature_11 >  12.10
|   |   |   |   |   |   |   |   |--- class: negative
|   |   |   |   |   |--- feature_1 >  307.50
|   |   |   |   |   |   |--- class: negative
|   |   |   |   |--- feature_0 >  1974.50
|   |   |   |   |   |--- feature_10 <= 68.25
|   |   |   |   |   |   |--- class: negative
|   |   |   |   |   |--- feature_10 >  68.25
|   |   |   |   |   |   |--- feature_10 <= 68.55
|   |   |   |   |   |   |   |--- class: positive
|   |   |   |   |   |   |--- feature_10 >  68.55
|   |   |   |   |   |   |   |--- class: negative
|   |--- feature_23 >  0.00
|   |   |--- feature_23 <= 1.00
|   |   |   |--- class: positive
|   |   |--- feature_23 >  1.00
|   |   |   |--- feature_49 <= 0.00
|   |   |   |   |--- feature_13 <= 2.50
|   |   |   |   |   |--- feature_30 <= 0.50
|   |   |   |   |   |   |--- class: negative
|   |   |   |   |   |--- feature_30 >  0.50
|   |   |   |   |   |   |--- feature_12 <= 43.75
|   |   |   |   |   |   |   |--- class: positive
|   |   |   |   |   |   |--- feature_12 >  43.75
|   |   |   |   |   |   |   |--- class: negative
|   |   |   |   |--- feature_13 >  2.50
|   |   |   |   |   |--- class: negative
|   |   |   |--- feature_49 >  0.00
|   |   |   |   |--- feature_28 <= 0.00
|   |   |   |   |   |--- feature_1 <= 15.50
|   |   |   |   |   |   |--- feature_11 <= 7.95
|   |   |   |   |   |   |   |--- class: negative
|   |   |   |   |   |   |--- feature_11 >  7.95
|   |   |   |   |   |   |   |--- class: positive
|   |   |   |   |   |--- feature_1 >  15.50
|   |   |   |   |   |   |--- class: negative
|   |   |   |   |--- feature_28 >  0.00
|   |   |   |   |   |--- feature_11 <= 8.51
|   |   |   |   |   |   |--- feature_12 <= 48.20
|   |   |   |   |   |   |   |--- class: negative
|   |   |   |   |   |   |--- feature_12 >  48.20
|   |   |   |   |   |   |   |--- feature_9 <= 10.35
|   |   |   |   |   |   |   |   |--- class: positive
|   |   |   |   |   |   |   |--- feature_9 >  10.35
|   |   |   |   |   |   |   |   |--- class: negative
|   |   |   |   |   |--- feature_11 >  8.51
|   |   |   |   |   |   |--- feature_1 <= 430.00
|   |   |   |   |   |   |   |--- feature_1 <= 67.50
|   |   |   |   |   |   |   |   |--- class: negative
|   |   |   |   |   |   |   |--- feature_1 >  67.50
|   |   |   |   |   |   |   |   |--- feature_10 <= 12.60
|   |   |   |   |   |   |   |   |   |--- class: negative
|   |   |   |   |   |   |   |   |--- feature_10 >  12.60
|   |   |   |   |   |   |   |   |   |--- feature_11 <= 10.10
|   |   |   |   |   |   |   |   |   |   |--- class: positive
|   |   |   |   |   |   |   |   |   |--- feature_11 >  10.10
|   |   |   |   |   |   |   |   |   |   |--- class: negative
|   |   |   |   |   |   |--- feature_1 >  430.00
|   |   |   |   |   |   |   |--- class: negative
