|--- feature_15 <= 23.50
|   |--- feature_15 <= 12.50
|   |   |--- feature_48 <= 0.00
|   |   |   |--- feature_28 <= 0.00
|   |   |   |   |--- feature_43 <= 0.01
|   |   |   |   |   |--- feature_9 <= 18.05
|   |   |   |   |   |   |--- feature_1 <= 591.00
|   |   |   |   |   |   |   |--- feature_11 <= 4.67
|   |   |   |   |   |   |   |   |--- feature_1 <= 3.00
|   |   |   |   |   |   |   |   |   |--- feature_10 <= 8.70
|   |   |   |   |   |   |   |   |   |   |--- class: positive
|   |   |   |   |   |   |   |   |   |--- feature_10 >  8.70
|   |   |   |   |   |   |   |   |   |   |--- class: negative
|   |   |   |   |   |   |   |   |--- feature_1 >  3.00
|   |   |   |   |   |   |   |   |   |--- class: negative
|   |   |   |   |   |   |   |--- feature_11 >  4.67
|   |   |   |   |   |   |   |   |--- feature_30 <= 0.00
|   |   |   |   |   |   |   |   |   |--- feature_8 <= 5.50
|   |   |   |   |   |   |   |   |   |   |--- class: negative
|   |   |   |   |   |   |   |   |   |--- feature_8 >  5.50
|   |   |   |   |   |   |   |   |   |   |--- feature_0 <= 1936.50
|   |   |   |   |   |   |   |   |   |   |   |--- class: positive
|   |   |   |   |   |   |   |   |   |   |--- feature_0 >  1936.50
|   |   |   |   |   |   |   |   |   |   |   |--- class: negative
|   |   |   |   |   |   |   |   |--- feature_30 >  0.00
|   |   |   |   |   |   |   |   |   |--- feature_12 <= 94.43
|   |   |   |   |   |   |   |   |   |   |--- feature_30 <= 0.52
|   |   |   |   |   |   |   |   |   |   |   |--- class: positive
|   |   |   |   |   |   |   |   |   |   |--- feature_30 >  0.52
|   |   |   |   |   |   |   |   |   |   |   |--- truncated branch of depth 3
|   |   |   |   |   |   |   |   |   |--- feature_12 >  94.43
|   |   |   |   |   |   |   |   |   |   |--- class: positive
|   |   |   |   |   |   |--- feature_1 >  591.00
|   |   |   |   |   |   |   |--- feature_1 <= 949.00
|   |   |   |   |   |   |   |   |--- feature_35 <= 0.50
|   |   |   |   |   |   |   |   |   |--- class: negative
|   |   |   |   |   |   |   |   |--- feature_35 >  0.50
|   |   |   |   |   |   |   |   |   |--- feature_11 <= 8.85
|   |   |   |   |   |   |   |   |   |   |--- class: negative
|   |   |   |   |   |   |   |   |   |--- feature_11 >  8.85
|   |   |   |   |   |   |   |   |   |   |--- class: positive
|   |   |   |   |   |   |   |--- feature_1 >  949.00
|   |   |   |   |   |   |   |   |--- class: negative
|   |   |   |   |   |--- feature_9 >  18.05
|   |   |   |   |   |   |--- class: negative
|   |   |   |   |--- feature_43 >  0.01
|   |   |   |   |   |--- feature_43 <= 1.00
|   |   |   |   |   |   |--- class: positive
|   |   |   |   |   |--- feature_43 >  1.00
|   |   |   |   |   |   |--- class: negative
|   |   |   |--- feature_28 >  0.00
|   |   |   |   |--- feature_28 <= 1.00
|   |   |   |   |   |--- class: positive
|   |   |   |   |--- feature_28 >  1.00
|   |   |   |   |   |--- feature_1 <= 28.00
|   |   |   |   |   |   |--- feature_0 <= 1960.50
|   |   |   |   |   |   |   |--- feature_8 <= 1.50
|   |   |   |   |   |   |   |   |--- class: negative
|   |   |   |   |   |   |   |--- feature_8 >  1.50
|   |   |   |   |   |   |   |   |--- class: positive
|   |   |   |   |   |   |--- feature_0 >  1960.50
|   |   |   |   |   |   |   |--- class: negative
|   |   |   |   |   |--- feature_1 >  28.00
|   |   |   |   |   |   |--- feature_12 <= 57.15
|   |   |   |   |   |   |   |--- class: negative
|   |   |   |   |   |   |--- feature_12 >  57.15
|   |   |   |   |   |   |   |--- feature_12 <= 57.75
|   |   |   |   |   |   |   |   |--- class: positive
|   |   |   |   |   |   |   |--- feature_12 >  57.75
|   |   |   |   |   |   |   |   |--- class: negative
|   |   |--- feature_48 >  0.00
|   |   |   |--- feature_48 <= 1.00
|   |   |   |   |--- class: positive
|   |   |   |--- feature_48 >  1.00
|   |   |   |   |--- feature_1 <= 59.00
|   |   |   |   |   |--- class: negative
|   |   |   |   |--- feature_1 >  59.00
|   |   |   |   |   |--- feature_27 <= 0.00
|   |   |   |   |   |   |--- feature_30 <= 1.00
|   |   |   |   |   |   |   |--- feature_35 <= 0.54
|   |   |   |   |   |   |   |   |--- feature_30 <= 0.00
|   |   |   |   |   |   |   |   |   |--- feature_13 <= 7.50
|   |   |   |   |   |   |   |   |   |   |--- feature_11 <= 7.55
|   |   |   |   |   |   |   |   |   |   |   |--- truncated branch of depth 2
|   |   |   |   |   |   |   |   |   |   |--- feature_11 >  7.55
|   |   |   |   |   |   |   |   |   |   |   |--- class: negative
|   |   |   |   |   |   |   |   |   |--- feature_13 >  7.50
|   |   |   |   |   |   |   |   |   |   |--- feature_0 <= 1962.50
|   |   |   |   |   |   |   |   |   |   |   |--- class: negative
|   |   |   |   |   |   |   |   |   |   |--- feature_0 >  1962.50
|   |   |   |   |   |   |   |   |   |   |   |--- truncated branch of depth 10
|   |   |   |   |   |   |   |   |--- feature_30 >  0.00
|   |   |   |   |   |   |   |   |   |--- class: positive
|   |   |   |   |   |   |   |--- feature_35 >  0.54
|   |   |   |   |   |   |   |   |--- class: negative
|   |   |   |   |   |   |--- feature_30 >  1.00
|   |   |   |   |   |   |   |--- feature_1 <= 72.50
|   |   |   |   |   |   |   |   |--- feature_11 <= 10.40
|   |   |   |   |   |   |   |   |   |--- class: positive
|   |   |   |   |   |   |   |   |--- feature_11 >  10.40
|   |   |   |   |   |   |   |   |   |--- class: negative
|   |   |   |   |   |   |   |--- feature_1 >  72.50
|   |   |   |   |   |   |   |   |--- class: negative
|   |   |   |   |   |--- feature_27 >  0.00
|   |   |   |   |   |   |--- feature_27 <= 1.00
|   |   |   |   |   |   |   |--- class: positive
|   |   |   |   |   |   |--- feature_27 >  1.00
|   |   |   |   |   |   |   |--- feature_11 <= 8.35
|   |   |   |   |   |   |   |   |--- class: negative
|   |   |   |   |   |   |   |--- feature_11 >  8.35
|   |   |   |   |   |   |   |   |--- class: positive
|   |--- feature_15 >  12.50
|   |   |--- class: positive
|--- feature_15 >  23.50
|   |--- feature_23 <= 0.00
|   |   |--- feature_30 <= 0.01
|   |   |   |--- feature_9 <= 12.85
|   |   |   |   |--- feature_9 <= 12.75
|   |   |   |   |   |--- feature_0 <= 2005.50
|   |   |   |   |   |   |--- feature_11 <= 10.85
|   |   |   |   |   |   |   |--- class: negative
|   |   |   |   |   |   |--- feature_11 >  10.85
|   |   |   |   |   |   |   |--- feature_11 <= 10.95
|   |   |   |   |   |   |   |   |--- feature_0 <= 1968.50
|   |   |   |   |   |   |   |   |   |--- class: positive
|   |   |   |   |   |   |   |   |--- feature_0 >  1968.50
|   |   |   |   |   |   |   |   |   |--- class: negative
|   |   |   |   |   |   |   |--- feature_11 >  10.95
|   |   |   |   |   |   |   |   |--- class: negative
|   |   |   |   |   |--- feature_0 >  2005.50
|   |   |   |   |   |   |--- feature_12 <= 99.60
|   |   |   |   |   |   |   |--- class: negative
|   |   |   |   |   |   |--- feature_12 >  99.60
|   |   |   |   |   |   |   |--- class: positive
|   |   |   |   |--- feature_9 >  12.75
|   |   |   |   |   |--- feature_7 <= 10.00
|   |   |   |   |   |   |--- feature_19 <= 0.50
|   |   |   |   |   |   |   |--- class: positive
|   |   |   |   |   |   |--- feature_19 >  0.50
|   |   |   |   |   |   |   |--- class: negative
|   |   |   |   |   |--- feature_7 >  10.00
|   |   |   |   |   |   |--- class: negative
|   |   |   |--- feature_9 >  12.85
|   |   |   |   |--- class: negative
|   |   |--- feature_30 >  0.01
|   |   |   |--- feature_30 <= 1.00
|   |   |   |   |--- class: positive
|   |   |   |--- feature_30 >  1.00
|   |   |   |   |--- feature_0 <= 1974.50
|   |   |   |   |   |--- feature_1 <= 307.50
|   |   |   |   |   |   |--- feature_11 <= 10.60
|   |   |   |   |   |   |   |--- class: negative
|   |   |   |   |   |   |--- feature_11 >  10.60
|   |   |   |   |   |   |   |--- feature_2 <= 3.50
|   |   |   |   |   |   |   |   |--- class: positive
|   |   |   |   |   |   |   |--- feature_2 >  3.50
|   |   |   |   |   |   |   |   |--- class: negative
|   |   |   |   |   |--- feature_1 >  307.50
|   |   |   |   |   |   |--- class: negative
|   |   |   |   |--- feature_0 >  1974.50
|   |   |   |   |   |--- feature_10 <= 68.25
|   |   |   |   |   |   |--- class: negative
|   |   |   |   |   |--- feature_10 >  68.25
|   |   |   |   |   |   |--- feature_10 <= 68.55
|   |   |   |   |   |   |   |--- class: positive
|   |   |   |   |   |   |--- feature_10 >  68.55
|   |   |   |   |   |   |   |--- class: negative
|   |--- feature_23 >  0.00
|   |   |--- feature_23 <= 1.00
|   |   |   |--- class: positive
|   |   |--- feature_23 >  1.00
|   |   |   |--- feature_48 <= 1.00
|   |   |   |   |--- feature_28 <= 0.00
|   |   |   |   |   |--- feature_1 <= 15.50
|   |   |   |   |   |   |--- feature_11 <= 7.95
|   |   |   |   |   |   |   |--- class: negative
|   |   |   |   |   |   |--- feature_11 >  7.95
|   |   |   |   |   |   |   |--- class: positive
|   |   |   |   |   |--- feature_1 >  15.50
|   |   |   |   |   |   |--- class: negative
|   |   |   |   |--- feature_28 >  0.00
|   |   |   |   |   |--- feature_11 <= 8.60
|   |   |   |   |   |   |--- feature_12 <= 47.31
|   |   |   |   |   |   |   |--- class: negative
|   |   |   |   |   |   |--- feature_12 >  47.31
|   |   |   |   |   |   |   |--- feature_7 <= 8.50
|   |   |   |   |   |   |   |   |--- class: negative
|   |   |   |   |   |   |   |--- feature_7 >  8.50
|   |   |   |   |   |   |   |   |--- class: positive
|   |   |   |   |   |--- feature_11 >  8.60
|   |   |   |   |   |   |--- feature_11 <= 9.10
|   |   |   |   |   |   |   |--- feature_1 <= 427.00
|   |   |   |   |   |   |   |   |--- class: positive
|   |   |   |   |   |   |   |--- feature_1 >  427.00
|   |   |   |   |   |   |   |   |--- class: negative
|   |   |   |   |   |   |--- feature_11 >  9.10
|   |   |   |   |   |   |   |--- feature_9 <= 12.24
|   |   |   |   |   |   |   |   |--- class: negative
|   |   |   |   |   |   |   |--- feature_9 >  12.24
|   |   |   |   |   |   |   |   |--- feature_9 <= 13.55
|   |   |   |   |   |   |   |   |   |--- feature_0 <= 1970.50
|   |   |   |   |   |   |   |   |   |   |--- class: positive
|   |   |   |   |   |   |   |   |   |--- feature_0 >  1970.50
|   |   |   |   |   |   |   |   |   |   |--- class: negative
|   |   |   |   |   |   |   |   |--- feature_9 >  13.55
|   |   |   |   |   |   |   |   |   |--- class: negative
|   |   |   |--- feature_48 >  1.00
|   |   |   |   |--- feature_13 <= 2.50
|   |   |   |   |   |--- feature_12 <= 43.30
|   |   |   |   |   |   |--- feature_28 <= 0.50
|   |   |   |   |   |   |   |--- class: positive
|   |   |   |   |   |   |--- feature_28 >  0.50
|   |   |   |   |   |   |   |--- class: negative
|   |   |   |   |   |--- feature_12 >  43.30
|   |   |   |   |   |   |--- class: negative
|   |   |   |   |--- feature_13 >  2.50
|   |   |   |   |   |--- class: negative
