|--- feature_18 <= 23.50
|   |--- feature_18 <= 12.50
|   |   |--- feature_20 <= 1.50
|   |   |   |--- feature_1 <= 50.50
|   |   |   |   |--- feature_11 <= 9.35
|   |   |   |   |   |--- class: negative
|   |   |   |   |--- feature_11 >  9.35
|   |   |   |   |   |--- feature_0 <= 1983.00
|   |   |   |   |   |   |--- feature_4 <= 4.50
|   |   |   |   |   |   |   |--- feature_10 <= 2.50
|   |   |   |   |   |   |   |   |--- class: negative
|   |   |   |   |   |   |   |--- feature_10 >  2.50
|   |   |   |   |   |   |   |   |--- class: positive
|   |   |   |   |   |   |--- feature_4 >  4.50
|   |   |   |   |   |   |   |--- class: negative
|   |   |   |   |   |--- feature_0 >  1983.00
|   |   |   |   |   |   |--- class: negative
|   |   |   |--- feature_1 >  50.50
|   |   |   |   |--- feature_3 <= 6.50
|   |   |   |   |   |--- feature_19 <= 1.00
|   |   |   |   |   |   |--- feature_0 <= 2004.50
|   |   |   |   |   |   |   |--- feature_13 <= 11.00
|   |   |   |   |   |   |   |   |--- feature_0 <= 1929.50
|   |   |   |   |   |   |   |   |   |--- class: negative
|   |   |   |   |   |   |   |   |--- feature_0 >  1929.50
|   |   |   |   |   |   |   |   |   |--- feature_1 <= 65.50
|   |   |   |   |   |   |   |   |   |   |--- class: negative
|   |   |   |   |   |   |   |   |   |--- feature_1 >  65.50
|   |   |   |   |   |   |   |   |   |   |--- feature_1 <= 962.00
|   |   |   |   |   |   |   |   |   |   |   |--- truncated branch of depth 6
|   |   |   |   |   |   |   |   |   |   |--- feature_1 >  962.00
|   |   |   |   |   |   |   |   |   |   |   |--- truncated branch of depth 2
|   |   |   |   |   |   |   |--- feature_13 >  11.00
|   |   |   |   |   |   |   |   |--- feature_16 <= 2.50
|   |   |   |   |   |   |   |   |   |--- feature_4 <= 3.00
|   |   |   |   |   |   |   |   |   |   |--- feature_14 <= 60.06
|   |   |   |   |   |   |   |   |   |   |   |--- class: negative
|   |   |   |   |   |   |   |   |   |   |--- feature_14 >  60.06
|   |   |   |   |   |   |   |   |   |   |   |--- class: positive
|   |   |   |   |   |   |   |   |   |--- feature_4 >  3.00
|   |   |   |   |   |   |   |   |   |   |--- class: negative
|   |   |   |   |   |   |   |   |--- feature_16 >  2.50
|   |   |   |   |   |   |   |   |   |--- feature_0 <= 1992.50
|   |   |   |   |   |   |   |   |   |   |--- feature_9 <= 7.00
|   |   |   |   |   |   |   |   |   |   |   |--- class: positive
|   |   |   |   |   |   |   |   |   |   |--- feature_9 >  7.00
|   |   |   |   |   |   |   |   |   |   |   |--- class: negative
|   |   |   |   |   |   |   |   |   |--- feature_0 >  1992.50
|   |   |   |   |   |   |   |   |   |   |--- class: negative
|   |   |   |   |   |   |--- feature_0 >  2004.50
|   |   |   |   |   |   |   |--- feature_11 <= 9.45
|   |   |   |   |   |   |   |   |--- class: positive
|   |   |   |   |   |   |   |--- feature_11 >  9.45
|   |   |   |   |   |   |   |   |--- class: negative
|   |   |   |   |   |--- feature_19 >  1.00
|   |   |   |   |   |   |--- feature_0 <= 2005.00
|   |   |   |   |   |   |   |--- class: positive
|   |   |   |   |   |   |--- feature_0 >  2005.00
|   |   |   |   |   |   |   |--- class: negative
|   |   |   |   |--- feature_3 >  6.50
|   |   |   |   |   |--- feature_13 <= 9.80
|   |   |   |   |   |   |--- feature_10 <= 2.50
|   |   |   |   |   |   |   |--- feature_4 <= 1.00
|   |   |   |   |   |   |   |   |--- class: negative
|   |   |   |   |   |   |   |--- feature_4 >  1.00
|   |   |   |   |   |   |   |   |--- feature_14 <= 36.35
|   |   |   |   |   |   |   |   |   |--- class: negative
|   |   |   |   |   |   |   |   |--- feature_14 >  36.35
|   |   |   |   |   |   |   |   |   |--- feature_4 <= 4.50
|   |   |   |   |   |   |   |   |   |   |--- feature_1 <= 165.00
|   |   |   |   |   |   |   |   |   |   |   |--- truncated branch of depth 2
|   |   |   |   |   |   |   |   |   |   |--- feature_1 >  165.00
|   |   |   |   |   |   |   |   |   |   |   |--- truncated branch of depth 3
|   |   |   |   |   |   |   |   |   |--- feature_4 >  4.50
|   |   |   |   |   |   |   |   |   |   |--- class: negative
|   |   |   |   |   |   |--- feature_10 >  2.50
|   |   |   |   |   |   |   |--- feature_1 <= 70.00
|   |   |   |   |   |   |   |   |--- feature_11 <= 8.70
|   |   |   |   |   |   |   |   |   |--- class: negative
|   |   |   |   |   |   |   |   |--- feature_11 >  8.70
|   |   |   |   |   |   |   |   |   |--- feature_4 <= 7.00
|   |   |   |   |   |   |   |   |   |   |--- class: positive
|   |   |   |   |   |   |   |   |   |--- feature_4 >  7.00
|   |   |   |   |   |   |   |   |   |   |--- class: negative
|   |   |   |   |   |   |   |--- feature_1 >  70.00
|   |   |   |   |   |   |   |   |--- feature_1 <= 625.00
|   |   |   |   |   |   |   |   |   |--- class: negative
|   |   |   |   |   |   |   |   |--- feature_1 >  625.00
|   |   |   |   |   |   |   |   |   |--- feature_1 <= 675.00
|   |   |   |   |   |   |   |   |   |   |--- class: positive
|   |   |   |   |   |   |   |   |   |--- feature_1 >  675.00
|   |   |   |   |   |   |   |   |   |   |--- feature_1 <= 1525.00
|   |   |   |   |   |   |   |   |   |   |   |--- class: negative
|   |   |   |   |   |   |   |   |   |   |--- feature_1 >  1525.00
|   |   |   |   |   |   |   |   |   |   |   |--- truncated branch of depth 2
|   |   |   |   |   |--- feature_13 >  9.80
|   |   |   |   |   |   |--- feature_1 <= 67.50
|   |   |   |   |   |   |   |--- feature_1 <= 60.00
|   |   |   |   |   |   |   |   |--- class: negative
|   |   |   |   |   |   |   |--- feature_1 >  60.00
|   |   |   |   |   |   |   |   |--- class: positive
|   |   |   |   |   |   |--- feature_1 >  67.50
|   |   |   |   |   |   |   |--- class: negative
|   |   |--- feature_20 >  1.50
|   |   |   |--- feature_11 <= 18.05
|   |   |   |   |--- feature_9 <= 3.00
|   |   |   |   |   |--- feature_12 <= 13.21
|   |   |   |   |   |   |--- feature_13 <= 5.20
|   |   |   |   |   |   |   |--- feature_14 <= 20.50
|   |   |   |   |   |   |   |   |--- class: negative
|   |   |   |   |   |   |   |--- feature_14 >  20.50
|   |   |   |   |   |   |   |   |--- feature_14 <= 31.60
|   |   |   |   |   |   |   |   |   |--- class: positive
|   |   |   |   |   |   |   |   |--- feature_14 >  31.60
|   |   |   |   |   |   |   |   |   |--- class: negative
|   |   |   |   |   |   |--- feature_13 >  5.20
|   |   |   |   |   |   |   |--- feature_1 <= 550.00
|   |   |   |   |   |   |   |   |--- feature_1 <= 8.50
|   |   |   |   |   |   |   |   |   |--- feature_3 <= 3.50
|   |   |   |   |   |   |   |   |   |   |--- class: negative
|   |   |   |   |   |   |   |   |   |--- feature_3 >  3.50
|   |   |   |   |   |   |   |   |   |   |--- feature_3 <= 5.50
|   |   |   |   |   |   |   |   |   |   |   |--- class: positive
|   |   |   |   |   |   |   |   |   |   |--- feature_3 >  5.50
|   |   |   |   |   |   |   |   |   |   |   |--- class: negative
|   |   |   |   |   |   |   |   |--- feature_1 >  8.50
|   |   |   |   |   |   |   |   |   |--- class: negative
|   |   |   |   |   |   |   |--- feature_1 >  550.00
|   |   |   |   |   |   |   |   |--- feature_0 <= 1943.00
|   |   |   |   |   |   |   |   |   |--- class: negative
|   |   |   |   |   |   |   |   |--- feature_0 >  1943.00
|   |   |   |   |   |   |   |   |   |--- feature_0 <= 1957.00
|   |   |   |   |   |   |   |   |   |   |--- feature_4 <= 2.50
|   |   |   |   |   |   |   |   |   |   |   |--- truncated branch of depth 2
|   |   |   |   |   |   |   |   |   |   |--- feature_4 >  2.50
|   |   |   |   |   |   |   |   |   |   |   |--- class: negative
|   |   |   |   |   |   |   |   |   |--- feature_0 >  1957.00
|   |   |   |   |   |   |   |   |   |   |--- class: negative
|   |   |   |   |   |--- feature_12 >  13.21
|   |   |   |   |   |   |--- feature_20 <= 2.50
|   |   |   |   |   |   |   |--- feature_0 <= 1961.50
|   |   |   |   |   |   |   |   |--- feature_3 <= 6.50
|   |   |   |   |   |   |   |   |   |--- feature_15 <= 3.01
|   |   |   |   |   |   |   |   |   |   |--- class: negative
|   |   |   |   |   |   |   |   |   |--- feature_15 >  3.01
|   |   |   |   |   |   |   |   |   |   |--- feature_3 <= 2.50
|   |   |   |   |   |   |   |   |   |   |   |--- class: positive
|   |   |   |   |   |   |   |   |   |   |--- feature_3 >  2.50
|   |   |   |   |   |   |   |   |   |   |   |--- truncated branch of depth 8
|   |   |   |   |   |   |   |   |--- feature_3 >  6.50
|   |   |   |   |   |   |   |   |   |--- feature_11 <= 12.31
|   |   |   |   |   |   |   |   |   |   |--- class: negative
|   |   |   |   |   |   |   |   |   |--- feature_11 >  12.31
|   |   |   |   |   |   |   |   |   |   |--- feature_12 <= 18.24
|   |   |   |   |   |   |   |   |   |   |   |--- class: negative
|   |   |   |   |   |   |   |   |   |   |--- feature_12 >  18.24
|   |   |   |   |   |   |   |   |   |   |   |--- class: positive
|   |   |   |   |   |   |   |--- feature_0 >  1961.50
|   |   |   |   |   |   |   |   |--- feature_1 <= 19.50
|   |   |   |   |   |   |   |   |   |--- feature_1 <= 11.00
|   |   |   |   |   |   |   |   |   |   |--- class: negative
|   |   |   |   |   |   |   |   |   |--- feature_1 >  11.00
|   |   |   |   |   |   |   |   |   |   |--- feature_11 <= 11.83
|   |   |   |   |   |   |   |   |   |   |   |--- class: positive
|   |   |   |   |   |   |   |   |   |   |--- feature_11 >  11.83
|   |   |   |   |   |   |   |   |   |   |   |--- class: negative
|   |   |   |   |   |   |   |   |--- feature_1 >  19.50
|   |   |   |   |   |   |   |   |   |--- feature_0 <= 1966.50
|   |   |   |   |   |   |   |   |   |   |--- feature_14 <= 42.27
|   |   |   |   |   |   |   |   |   |   |   |--- class: negative
|   |   |   |   |   |   |   |   |   |   |--- feature_14 >  42.27
|   |   |   |   |   |   |   |   |   |   |   |--- truncated branch of depth 4
|   |   |   |   |   |   |   |   |   |--- feature_0 >  1966.50
|   |   |   |   |   |   |   |   |   |   |--- feature_3 <= 4.50
|   |   |   |   |   |   |   |   |   |   |   |--- truncated branch of depth 4
|   |   |   |   |   |   |   |   |   |   |--- feature_3 >  4.50
|   |   |   |   |   |   |   |   |   |   |   |--- class: negative
|   |   |   |   |   |   |--- feature_20 >  2.50
|   |   |   |   |   |   |   |--- class: negative
|   |   |   |   |--- feature_9 >  3.00
|   |   |   |   |   |--- class: negative
|   |   |   |--- feature_11 >  18.05
|   |   |   |   |--- class: negative
|   |--- feature_18 >  12.50
|   |   |--- class: positive
|--- feature_18 >  23.50
|   |--- feature_19 <= 1.00
|   |   |--- feature_20 <= 1.50
|   |   |   |--- feature_12 <= 55.11
|   |   |   |   |--- feature_4 <= 1.50
|   |   |   |   |   |--- feature_1 <= 34.50
|   |   |   |   |   |   |--- feature_13 <= 7.15
|   |   |   |   |   |   |   |--- class: negative
|   |   |   |   |   |   |--- feature_13 >  7.15
|   |   |   |   |   |   |   |--- class: positive
|   |   |   |   |   |--- feature_1 >  34.50
|   |   |   |   |   |   |--- class: negative
|   |   |   |   |--- feature_4 >  1.50
|   |   |   |   |   |--- feature_13 <= 13.29
|   |   |   |   |   |   |--- class: negative
|   |   |   |   |   |--- feature_13 >  13.29
|   |   |   |   |   |   |--- feature_13 <= 13.39
|   |   |   |   |   |   |   |--- class: positive
|   |   |   |   |   |   |--- feature_13 >  13.39
|   |   |   |   |   |   |   |--- feature_0 <= 2001.50
|   |   |   |   |   |   |   |   |--- class: negative
|   |   |   |   |   |   |   |--- feature_0 >  2001.50
|   |   |   |   |   |   |   |   |--- feature_0 <= 2003.00
|   |   |   |   |   |   |   |   |   |--- feature_12 <= 37.70
|   |   |   |   |   |   |   |   |   |   |--- class: positive
|   |   |   |   |   |   |   |   |   |--- feature_12 >  37.70
|   |   |   |   |   |   |   |   |   |   |--- class: negative
|   |   |   |   |   |   |   |   |--- feature_0 >  2003.00
|   |   |   |   |   |   |   |   |   |--- class: negative
|   |   |   |--- feature_12 >  55.11
|   |   |   |   |--- feature_4 <= 8.50
|   |   |   |   |   |--- feature_11 <= 17.78
|   |   |   |   |   |   |--- feature_4 <= 6.00
|   |   |   |   |   |   |   |--- class: negative
|   |   |   |   |   |   |--- feature_4 >  6.00
|   |   |   |   |   |   |   |--- class: positive
|   |   |   |   |   |--- feature_11 >  17.78
|   |   |   |   |   |   |--- class: positive
|   |   |   |   |--- feature_4 >  8.50
|   |   |   |   |   |--- class: negative
|   |   |--- feature_20 >  1.50
|   |   |   |--- feature_12 <= 68.25
|   |   |   |   |--- class: negative
|   |   |   |--- feature_12 >  68.25
|   |   |   |   |--- feature_12 <= 68.45
|   |   |   |   |   |--- class: positive
|   |   |   |   |--- feature_12 >  68.45
|   |   |   |   |   |--- feature_1 <= 307.50
|   |   |   |   |   |   |--- feature_1 <= 295.00
|   |   |   |   |   |   |   |--- class: negative
|   |   |   |   |   |   |--- feature_1 >  295.00
|   |   |   |   |   |   |   |--- class: positive
|   |   |   |   |   |--- feature_1 >  307.50
|   |   |   |   |   |   |--- class: negative
|   |--- feature_19 >  1.00
|   |   |--- feature_3 <= 6.50
|   |   |   |--- feature_1 <= 222.50
|   |   |   |   |--- feature_11 <= 9.86
|   |   |   |   |   |--- class: negative
|   |   |   |   |--- feature_11 >  9.86
|   |   |   |   |   |--- feature_19 <= 2.08
|   |   |   |   |   |   |--- feature_3 <= 4.50
|   |   |   |   |   |   |   |--- class: positive
|   |   |   |   |   |   |--- feature_3 >  4.50
|   |   |   |   |   |   |   |--- class: negative
|   |   |   |   |   |--- feature_19 >  2.08
|   |   |   |   |   |   |--- feature_0 <= 1968.00
|   |   |   |   |   |   |   |--- class: negative
|   |   |   |   |   |   |--- feature_0 >  1968.00
|   |   |   |   |   |   |   |--- feature_1 <= 19.00
|   |   |   |   |   |   |   |   |--- class: positive
|   |   |   |   |   |   |   |--- feature_1 >  19.00
|   |   |   |   |   |   |   |   |--- feature_20 <= 1.50
|   |   |   |   |   |   |   |   |   |--- class: positive
|   |   |   |   |   |   |   |   |--- feature_20 >  1.50
|   |   |   |   |   |   |   |   |   |--- class: negative
|   |   |   |--- feature_1 >  222.50
|   |   |   |   |--- feature_1 <= 457.00
|   |   |   |   |   |--- feature_0 <= 1975.50
|   |   |   |   |   |   |--- feature_19 <= 8.00
|   |   |   |   |   |   |   |--- feature_11 <= 7.21
|   |   |   |   |   |   |   |   |--- feature_1 <= 395.50
|   |   |   |   |   |   |   |   |   |--- class: positive
|   |   |   |   |   |   |   |   |--- feature_1 >  395.50
|   |   |   |   |   |   |   |   |   |--- class: negative
|   |   |   |   |   |   |   |--- feature_11 >  7.21
|   |   |   |   |   |   |   |   |--- feature_13 <= 8.42
|   |   |   |   |   |   |   |   |   |--- class: negative
|   |   |   |   |   |   |   |   |--- feature_13 >  8.42
|   |   |   |   |   |   |   |   |   |--- class: positive
|   |   |   |   |   |   |--- feature_19 >  8.00
|   |   |   |   |   |   |   |--- class: negative
|   |   |   |   |   |--- feature_0 >  1975.50
|   |   |   |   |   |   |--- class: negative
|   |   |   |   |--- feature_1 >  457.00
|   |   |   |   |   |--- class: negative
|   |   |--- feature_3 >  6.50
|   |   |   |--- feature_11 <= 9.82
|   |   |   |   |--- feature_20 <= 1.50
|   |   |   |   |   |--- feature_15 <= 2.50
|   |   |   |   |   |   |--- feature_14 <= 43.30
|   |   |   |   |   |   |   |--- feature_4 <= 4.50
|   |   |   |   |   |   |   |   |--- class: negative
|   |   |   |   |   |   |   |--- feature_4 >  4.50
|   |   |   |   |   |   |   |   |--- class: positive
|   |   |   |   |   |   |--- feature_14 >  43.30
|   |   |   |   |   |   |   |--- class: negative
|   |   |   |   |   |--- feature_15 >  2.50
|   |   |   |   |   |   |--- class: negative
|   |   |   |   |--- feature_20 >  1.50
|   |   |   |   |   |--- feature_9 <= 5.00
|   |   |   |   |   |   |--- class: negative
|   |   |   |   |   |--- feature_9 >  5.00
|   |   |   |   |   |   |--- feature_9 <= 25.00
|   |   |   |   |   |   |   |--- class: positive
|   |   |   |   |   |   |--- feature_9 >  25.00
|   |   |   |   |   |   |   |--- class: negative
|   |   |   |--- feature_11 >  9.82
|   |   |   |   |--- feature_13 <= 8.60
|   |   |   |   |   |--- feature_12 <= 10.95
|   |   |   |   |   |   |--- feature_14 <= 44.80
|   |   |   |   |   |   |   |--- class: negative
|   |   |   |   |   |   |--- feature_14 >  44.80
|   |   |   |   |   |   |   |--- class: positive
|   |   |   |   |   |--- feature_12 >  10.95
|   |   |   |   |   |   |--- class: negative
|   |   |   |   |--- feature_13 >  8.60
|   |   |   |   |   |--- feature_13 <= 9.20
|   |   |   |   |   |   |--- feature_14 <= 36.82
|   |   |   |   |   |   |   |--- class: negative
|   |   |   |   |   |   |--- feature_14 >  36.82
|   |   |   |   |   |   |   |--- feature_11 <= 14.29
|   |   |   |   |   |   |   |   |--- class: positive
|   |   |   |   |   |   |   |--- feature_11 >  14.29
|   |   |   |   |   |   |   |   |--- class: negative
|   |   |   |   |   |--- feature_13 >  9.20
|   |   |   |   |   |   |--- feature_0 <= 1968.50
|   |   |   |   |   |   |   |--- feature_11 <= 12.50
|   |   |   |   |   |   |   |   |--- class: negative
|   |   |   |   |   |   |   |--- feature_11 >  12.50
|   |   |   |   |   |   |   |   |--- class: positive
|   |   |   |   |   |   |--- feature_0 >  1968.50
|   |   |   |   |   |   |   |--- class: negative
