|--- feature_15 <= 23.50
|   |--- feature_23 <= 0.00
|   |   |--- feature_15 <= 12.50
|   |   |   |--- feature_28 <= 0.01
|   |   |   |   |--- feature_12 <= 16.81
|   |   |   |   |   |--- feature_0 <= 1959.00
|   |   |   |   |   |   |--- feature_27 <= 0.98
|   |   |   |   |   |   |   |--- feature_51 <= 0.02
|   |   |   |   |   |   |   |   |--- feature_1 <= 1775.00
|   |   |   |   |   |   |   |   |   |--- class: negative
|   |   |   |   |   |   |   |   |--- feature_1 >  1775.00
|   |   |   |   |   |   |   |   |   |--- feature_12 <= 13.00
|   |   |   |   |   |   |   |   |   |   |--- class: negative
|   |   |   |   |   |   |   |   |   |--- feature_12 >  13.00
|   |   |   |   |   |   |   |   |   |   |--- class: positive
|   |   |   |   |   |   |   |--- feature_51 >  0.02
|   |   |   |   |   |   |   |   |--- class: positive
|   |   |   |   |   |   |--- feature_27 >  0.98
|   |   |   |   |   |   |   |--- class: negative
|   |   |   |   |   |--- feature_0 >  1959.00
|   |   |   |   |   |   |--- class: positive
|   |   |   |   |--- feature_12 >  16.81
|   |   |   |   |   |--- feature_9 <= 3.90
|   |   |   |   |   |   |--- feature_1 <= 284.00
|   |   |   |   |   |   |   |--- class: negative
|   |   |   |   |   |   |--- feature_1 >  284.00
|   |   |   |   |   |   |   |--- class: positive
|   |   |   |   |   |--- feature_9 >  3.90
|   |   |   |   |   |   |--- class: negative
|   |   |   |--- feature_28 >  0.01
|   |   |   |   |--- feature_9 <= 10.15
|   |   |   |   |   |--- feature_0 <= 1912.00
|   |   |   |   |   |   |--- class: positive
|   |   |   |   |   |--- feature_0 >  1912.00
|   |   |   |   |   |   |--- class: negative
|   |   |   |   |--- feature_9 >  10.15
|   |   |   |   |   |--- feature_47 <= 0.00
|   |   |   |   |   |   |--- feature_13 <= 7.99
|   |   |   |   |   |   |   |--- feature_13 <= 5.02
|   |   |   |   |   |   |   |   |--- feature_11 <= 6.73
|   |   |   |   |   |   |   |   |   |--- class: negative
|   |   |   |   |   |   |   |   |--- feature_11 >  6.73
|   |   |   |   |   |   |   |   |   |--- feature_11 <= 8.20
|   |   |   |   |   |   |   |   |   |   |--- class: positive
|   |   |   |   |   |   |   |   |   |--- feature_11 >  8.20
|   |   |   |   |   |   |   |   |   |   |--- class: negative
|   |   |   |   |   |   |   |--- feature_13 >  5.02
|   |   |   |   |   |   |   |   |--- class: positive
|   |   |   |   |   |   |--- feature_13 >  7.99
|   |   |   |   |   |   |   |--- feature_33 <= 0.02
|   |   |   |   |   |   |   |   |--- feature_10 <= 27.70
|   |   |   |   |   |   |   |   |   |--- feature_1 <= 123.00
|   |   |   |   |   |   |   |   |   |   |--- class: positive
|   |   |   |   |   |   |   |   |   |--- feature_1 >  123.00
|   |   |   |   |   |   |   |   |   |   |--- feature_9 <= 17.05
|   |   |   |   |   |   |   |   |   |   |   |--- class: negative
|   |   |   |   |   |   |   |   |   |   |--- feature_9 >  17.05
|   |   |   |   |   |   |   |   |   |   |   |--- truncated branch of depth 2
|   |   |   |   |   |   |   |   |--- feature_10 >  27.70
|   |   |   |   |   |   |   |   |   |--- class: negative
|   |   |   |   |   |   |   |--- feature_33 >  0.02
|   |   |   |   |   |   |   |   |--- class: positive
|   |   |   |   |   |--- feature_47 >  0.00
|   |   |   |   |   |   |--- feature_47 <= 1.00
|   |   |   |   |   |   |   |--- class: positive
|   |   |   |   |   |   |--- feature_47 >  1.00
|   |   |   |   |   |   |   |--- feature_11 <= 6.70
|   |   |   |   |   |   |   |   |--- feature_1 <= 289.00
|   |   |   |   |   |   |   |   |   |--- feature_1 <= 242.50
|   |   |   |   |   |   |   |   |   |   |--- class: negative
|   |   |   |   |   |   |   |   |   |--- feature_1 >  242.50
|   |   |   |   |   |   |   |   |   |   |--- feature_13 <= 5.50
|   |   |   |   |   |   |   |   |   |   |   |--- class: negative
|   |   |   |   |   |   |   |   |   |   |--- feature_13 >  5.50
|   |   |   |   |   |   |   |   |   |   |   |--- class: positive
|   |   |   |   |   |   |   |   |--- feature_1 >  289.00
|   |   |   |   |   |   |   |   |   |--- feature_9 <= 17.10
|   |   |   |   |   |   |   |   |   |   |--- class: negative
|   |   |   |   |   |   |   |   |   |--- feature_9 >  17.10
|   |   |   |   |   |   |   |   |   |   |--- feature_0 <= 1954.50
|   |   |   |   |   |   |   |   |   |   |   |--- class: positive
|   |   |   |   |   |   |   |   |   |   |--- feature_0 >  1954.50
|   |   |   |   |   |   |   |   |   |   |   |--- class: negative
|   |   |   |   |   |   |   |--- feature_11 >  6.70
|   |   |   |   |   |   |   |   |--- feature_7 <= 18.00
|   |   |   |   |   |   |   |   |   |--- feature_1 <= 283.00
|   |   |   |   |   |   |   |   |   |   |--- class: negative
|   |   |   |   |   |   |   |   |   |--- feature_1 >  283.00
|   |   |   |   |   |   |   |   |   |   |--- feature_12 <= 27.96
|   |   |   |   |   |   |   |   |   |   |   |--- class: positive
|   |   |   |   |   |   |   |   |   |   |--- feature_12 >  27.96
|   |   |   |   |   |   |   |   |   |   |   |--- truncated branch of depth 3
|   |   |   |   |   |   |   |   |--- feature_7 >  18.00
|   |   |   |   |   |   |   |   |   |--- class: negative
|   |   |--- feature_15 >  12.50
|   |   |   |--- class: positive
|   |--- feature_23 >  0.00
|   |   |--- feature_23 <= 1.00
|   |   |   |--- class: positive
|   |   |--- feature_23 >  1.00
|   |   |   |--- feature_7 <= 0.50
|   |   |   |   |--- feature_11 <= 6.10
|   |   |   |   |   |--- feature_14 <= 1.50
|   |   |   |   |   |   |--- class: negative
|   |   |   |   |   |--- feature_14 >  1.50
|   |   |   |   |   |   |--- feature_9 <= 24.40
|   |   |   |   |   |   |   |--- feature_0 <= 1951.00
|   |   |   |   |   |   |   |   |--- class: negative
|   |   |   |   |   |   |   |--- feature_0 >  1951.00
|   |   |   |   |   |   |   |   |--- feature_13 <= 5.50
|   |   |   |   |   |   |   |   |   |--- class: negative
|   |   |   |   |   |   |   |   |--- feature_13 >  5.50
|   |   |   |   |   |   |   |   |   |--- class: positive
|   |   |   |   |   |   |--- feature_9 >  24.40
|   |   |   |   |   |   |   |--- class: negative
|   |   |   |   |--- feature_11 >  6.10
|   |   |   |   |   |--- feature_0 <= 1951.00
|   |   |   |   |   |   |--- class: negative
|   |   |   |   |   |--- feature_0 >  1951.00
|   |   |   |   |   |   |--- feature_10 <= 56.42
|   |   |   |   |   |   |   |--- class: negative
|   |   |   |   |   |   |--- feature_10 >  56.42
|   |   |   |   |   |   |   |--- feature_32 <= 0.50
|   |   |   |   |   |   |   |   |--- feature_1 <= 1305.50
|   |   |   |   |   |   |   |   |   |--- feature_12 <= 30.96
|   |   |   |   |   |   |   |   |   |   |--- feature_1 <= 832.00
|   |   |   |   |   |   |   |   |   |   |   |--- truncated branch of depth 4
|   |   |   |   |   |   |   |   |   |   |--- feature_1 >  832.00
|   |   |   |   |   |   |   |   |   |   |   |--- class: negative
|   |   |   |   |   |   |   |   |   |--- feature_12 >  30.96
|   |   |   |   |   |   |   |   |   |   |--- class: negative
|   |   |   |   |   |   |   |   |--- feature_1 >  1305.50
|   |   |   |   |   |   |   |   |   |--- feature_10 <= 69.54
|   |   |   |   |   |   |   |   |   |   |--- feature_10 <= 69.45
|   |   |   |   |   |   |   |   |   |   |   |--- truncated branch of depth 3
|   |   |   |   |   |   |   |   |   |   |--- feature_10 >  69.45
|   |   |   |   |   |   |   |   |   |   |   |--- class: negative
|   |   |   |   |   |   |   |   |   |--- feature_10 >  69.54
|   |   |   |   |   |   |   |   |   |   |--- class: positive
|   |   |   |   |   |   |   |--- feature_32 >  0.50
|   |   |   |   |   |   |   |   |--- class: negative
|   |   |   |--- feature_7 >  0.50
|   |   |   |   |--- feature_10 <= 53.03
|   |   |   |   |   |--- feature_28 <= 0.03
|   |   |   |   |   |   |--- class: negative
|   |   |   |   |   |--- feature_28 >  0.03
|   |   |   |   |   |   |--- feature_14 <= 1.50
|   |   |   |   |   |   |   |--- class: negative
|   |   |   |   |   |   |--- feature_14 >  1.50
|   |   |   |   |   |   |   |--- feature_1 <= 4628.50
|   |   |   |   |   |   |   |   |--- feature_7 <= 19.50
|   |   |   |   |   |   |   |   |   |--- class: positive
|   |   |   |   |   |   |   |   |--- feature_7 >  19.50
|   |   |   |   |   |   |   |   |   |--- feature_11 <= 6.44
|   |   |   |   |   |   |   |   |   |   |--- class: positive
|   |   |   |   |   |   |   |   |   |--- feature_11 >  6.44
|   |   |   |   |   |   |   |   |   |   |--- class: negative
|   |   |   |   |   |   |   |--- feature_1 >  4628.50
|   |   |   |   |   |   |   |   |--- class: negative
|   |   |   |   |--- feature_10 >  53.03
|   |   |   |   |   |--- feature_15 <= 12.50
|   |   |   |   |   |   |--- feature_28 <= 1.00
|   |   |   |   |   |   |   |--- feature_1 <= 9758.50
|   |   |   |   |   |   |   |   |--- feature_8 <= 7.50
|   |   |   |   |   |   |   |   |   |--- feature_7 <= 44.50
|   |   |   |   |   |   |   |   |   |   |--- feature_11 <= 7.90
|   |   |   |   |   |   |   |   |   |   |   |--- truncated branch of depth 3
|   |   |   |   |   |   |   |   |   |   |--- feature_11 >  7.90
|   |   |   |   |   |   |   |   |   |   |   |--- class: positive
|   |   |   |   |   |   |   |   |   |--- feature_7 >  44.50
|   |   |   |   |   |   |   |   |   |   |--- feature_10 <= 130.83
|   |   |   |   |   |   |   |   |   |   |   |--- class: negative
|   |   |   |   |   |   |   |   |   |   |--- feature_10 >  130.83
|   |   |   |   |   |   |   |   |   |   |   |--- class: positive
|   |   |   |   |   |   |   |   |--- feature_8 >  7.50
|   |   |   |   |   |   |   |   |   |--- class: negative
|   |   |   |   |   |   |   |--- feature_1 >  9758.50
|   |   |   |   |   |   |   |   |--- feature_7 <= 3.00
|   |   |   |   |   |   |   |   |   |--- class: positive
|   |   |   |   |   |   |   |   |--- feature_7 >  3.00
|   |   |   |   |   |   |   |   |   |--- class: negative
|   |   |   |   |   |   |--- feature_28 >  1.00
|   |   |   |   |   |   |   |--- feature_7 <= 13.50
|   |   |   |   |   |   |   |   |--- feature_2 <= 11.50
|   |   |   |   |   |   |   |   |   |--- class: positive
|   |   |   |   |   |   |   |   |--- feature_2 >  11.50
|   |   |   |   |   |   |   |   |   |--- feature_11 <= 7.00
|   |   |   |   |   |   |   |   |   |   |--- class: positive
|   |   |   |   |   |   |   |   |   |--- feature_11 >  7.00
|   |   |   |   |   |   |   |   |   |   |--- class: negative
|   |   |   |   |   |   |   |--- feature_7 >  13.50
|   |   |   |   |   |   |   |   |--- feature_10 <= 89.30
|   |   |   |   |   |   |   |   |   |--- class: negative
|   |   |   |   |   |   |   |   |--- feature_10 >  89.30
|   |   |   |   |   |   |   |   |   |--- feature_8 <= 3.50
|   |   |   |   |   |   |   |   |   |   |--- class: positive
|   |   |   |   |   |   |   |   |   |--- feature_8 >  3.50
|   |   |   |   |   |   |   |   |   |   |--- class: negative
|   |   |   |   |   |--- feature_15 >  12.50
|   |   |   |   |   |   |--- class: positive
|--- feature_15 >  23.50
|   |--- feature_14 <= 1.50
|   |   |--- feature_22 <= 1.00
|   |   |   |--- feature_22 <= 0.00
|   |   |   |   |--- feature_24 <= 0.00
|   |   |   |   |   |--- feature_17 <= 0.00
|   |   |   |   |   |   |--- feature_2 <= 17.50
|   |   |   |   |   |   |   |--- feature_8 <= 6.50
|   |   |   |   |   |   |   |   |--- class: negative
|   |   |   |   |   |   |   |--- feature_8 >  6.50
|   |   |   |   |   |   |   |   |--- feature_1 <= 15.00
|   |   |   |   |   |   |   |   |   |--- class: positive
|   |   |   |   |   |   |   |   |--- feature_1 >  15.00
|   |   |   |   |   |   |   |   |   |--- class: negative
|   |   |   |   |   |   |--- feature_2 >  17.50
|   |   |   |   |   |   |   |--- feature_12 <= 2.70
|   |   |   |   |   |   |   |   |--- class: positive
|   |   |   |   |   |   |   |--- feature_12 >  2.70
|   |   |   |   |   |   |   |   |--- class: negative
|   |   |   |   |   |--- feature_17 >  0.00
|   |   |   |   |   |   |--- feature_17 <= 1.00
|   |   |   |   |   |   |   |--- class: positive
|   |   |   |   |   |   |--- feature_17 >  1.00
|   |   |   |   |   |   |   |--- feature_13 <= 4.99
|   |   |   |   |   |   |   |   |--- feature_0 <= 1926.00
|   |   |   |   |   |   |   |   |   |--- class: negative
|   |   |   |   |   |   |   |   |--- feature_0 >  1926.00
|   |   |   |   |   |   |   |   |   |--- feature_12 <= 28.62
|   |   |   |   |   |   |   |   |   |   |--- feature_11 <= 4.50
|   |   |   |   |   |   |   |   |   |   |   |--- truncated branch of depth 4
|   |   |   |   |   |   |   |   |   |   |--- feature_11 >  4.50
|   |   |   |   |   |   |   |   |   |   |   |--- truncated branch of depth 2
|   |   |   |   |   |   |   |   |   |--- feature_12 >  28.62
|   |   |   |   |   |   |   |   |   |   |--- class: negative
|   |   |   |   |   |   |   |--- feature_13 >  4.99
|   |   |   |   |   |   |   |   |--- feature_27 <= 0.50
|   |   |   |   |   |   |   |   |   |--- class: negative
|   |   |   |   |   |   |   |   |--- feature_27 >  0.50
|   |   |   |   |   |   |   |   |   |--- feature_11 <= 3.80
|   |   |   |   |   |   |   |   |   |   |--- class: positive
|   |   |   |   |   |   |   |   |   |--- feature_11 >  3.80
|   |   |   |   |   |   |   |   |   |   |--- feature_1 <= 62.50
|   |   |   |   |   |   |   |   |   |   |   |--- class: negative
|   |   |   |   |   |   |   |   |   |   |--- feature_1 >  62.50
|   |   |   |   |   |   |   |   |   |   |   |--- truncated branch of depth 2
|   |   |   |   |--- feature_24 >  0.00
|   |   |   |   |   |--- feature_13 <= 7.99
|   |   |   |   |   |   |--- feature_12 <= 0.00
|   |   |   |   |   |   |   |--- class: negative
|   |   |   |   |   |   |--- feature_12 >  0.00
|   |   |   |   |   |   |   |--- feature_24 <= 1.00
|   |   |   |   |   |   |   |   |--- class: positive
|   |   |   |   |   |   |   |--- feature_24 >  1.00
|   |   |   |   |   |   |   |   |--- feature_1 <= 34.50
|   |   |   |   |   |   |   |   |   |--- feature_10 <= 19.15
|   |   |   |   |   |   |   |   |   |   |--- feature_11 <= 3.40
|   |   |   |   |   |   |   |   |   |   |   |--- class: negative
|   |   |   |   |   |   |   |   |   |   |--- feature_11 >  3.40
|   |   |   |   |   |   |   |   |   |   |   |--- truncated branch of depth 3
|   |   |   |   |   |   |   |   |   |--- feature_10 >  19.15
|   |   |   |   |   |   |   |   |   |   |--- class: negative
|   |   |   |   |   |   |   |   |--- feature_1 >  34.50
|   |   |   |   |   |   |   |   |   |--- feature_11 <= 3.85
|   |   |   |   |   |   |   |   |   |   |--- class: positive
|   |   |   |   |   |   |   |   |   |--- feature_11 >  3.85
|   |   |   |   |   |   |   |   |   |   |--- class: negative
|   |   |   |   |   |--- feature_13 >  7.99
|   |   |   |   |   |   |--- feature_11 <= 3.45
|   |   |   |   |   |   |   |--- class: positive
|   |   |   |   |   |   |--- feature_11 >  3.45
|   |   |   |   |   |   |   |--- feature_0 <= 1913.50
|   |   |   |   |   |   |   |   |--- feature_12 <= 10.35
|   |   |   |   |   |   |   |   |   |--- class: negative
|   |   |   |   |   |   |   |   |--- feature_12 >  10.35
|   |   |   |   |   |   |   |   |   |--- feature_12 <= 12.15
|   |   |   |   |   |   |   |   |   |   |--- class: positive
|   |   |   |   |   |   |   |   |   |--- feature_12 >  12.15
|   |   |   |   |   |   |   |   |   |   |--- class: negative
|   |   |   |   |   |   |   |--- feature_0 >  1913.50
|   |   |   |   |   |   |   |   |--- class: negative
|   |   |   |--- feature_22 >  0.00
|   |   |   |   |--- class: positive
|   |   |--- feature_22 >  1.00
|   |   |   |--- feature_47 <= 1.00
|   |   |   |   |--- feature_47 <= 0.00
|   |   |   |   |   |--- feature_10 <= 15.65
|   |   |   |   |   |   |--- feature_9 <= 14.10
|   |   |   |   |   |   |   |--- feature_11 <= 3.35
|   |   |   |   |   |   |   |   |--- feature_13 <= 4.50
|   |   |   |   |   |   |   |   |   |--- class: positive
|   |   |   |   |   |   |   |   |--- feature_13 >  4.50
|   |   |   |   |   |   |   |   |   |--- class: negative
|   |   |   |   |   |   |   |--- feature_11 >  3.35
|   |   |   |   |   |   |   |   |--- class: negative
|   |   |   |   |   |   |--- feature_9 >  14.10
|   |   |   |   |   |   |   |--- feature_1 <= 19.50
|   |   |   |   |   |   |   |   |--- feature_13 <= 7.98
|   |   |   |   |   |   |   |   |   |--- feature_11 <= 3.61
|   |   |   |   |   |   |   |   |   |   |--- class: negative
|   |   |   |   |   |   |   |   |   |--- feature_11 >  3.61
|   |   |   |   |   |   |   |   |   |   |--- feature_12 <= 4.13
|   |   |   |   |   |   |   |   |   |   |   |--- class: negative
|   |   |   |   |   |   |   |   |   |   |--- feature_12 >  4.13
|   |   |   |   |   |   |   |   |   |   |   |--- truncated branch of depth 3
|   |   |   |   |   |   |   |   |--- feature_13 >  7.98
|   |   |   |   |   |   |   |   |   |--- feature_12 <= 9.00
|   |   |   |   |   |   |   |   |   |   |--- feature_12 <= 7.20
|   |   |   |   |   |   |   |   |   |   |   |--- class: negative
|   |   |   |   |   |   |   |   |   |   |--- feature_12 >  7.20
|   |   |   |   |   |   |   |   |   |   |   |--- class: positive
|   |   |   |   |   |   |   |   |   |--- feature_12 >  9.00
|   |   |   |   |   |   |   |   |   |   |--- class: negative
|   |   |   |   |   |   |   |--- feature_1 >  19.50
|   |   |   |   |   |   |   |   |--- feature_10 <= 14.40
|   |   |   |   |   |   |   |   |   |--- class: positive
|   |   |   |   |   |   |   |   |--- feature_10 >  14.40
|   |   |   |   |   |   |   |   |   |--- class: negative
|   |   |   |   |   |--- feature_10 >  15.65
|   |   |   |   |   |   |--- feature_10 <= 77.51
|   |   |   |   |   |   |   |--- class: negative
|   |   |   |   |   |   |--- feature_10 >  77.51
|   |   |   |   |   |   |   |--- feature_8 <= 1.50
|   |   |   |   |   |   |   |   |--- class: negative
|   |   |   |   |   |   |   |--- feature_8 >  1.50
|   |   |   |   |   |   |   |   |--- feature_12 <= 12.96
|   |   |   |   |   |   |   |   |   |--- feature_9 <= 42.92
|   |   |   |   |   |   |   |   |   |   |--- class: positive
|   |   |   |   |   |   |   |   |   |--- feature_9 >  42.92
|   |   |   |   |   |   |   |   |   |   |--- feature_12 <= 10.02
|   |   |   |   |   |   |   |   |   |   |   |--- class: negative
|   |   |   |   |   |   |   |   |   |   |--- feature_12 >  10.02
|   |   |   |   |   |   |   |   |   |   |   |--- class: positive
|   |   |   |   |   |   |   |   |--- feature_12 >  12.96
|   |   |   |   |   |   |   |   |   |--- class: negative
|   |   |   |   |--- feature_47 >  0.00
|   |   |   |   |   |--- class: positive
|   |   |   |--- feature_47 >  1.00
|   |   |   |   |--- feature_12 <= 31.40
|   |   |   |   |   |--- feature_13 <= 5.00
|   |   |   |   |   |   |--- feature_7 <= 0.50
|   |   |   |   |   |   |   |--- feature_2 <= 9.50
|   |   |   |   |   |   |   |   |--- feature_1 <= 14.50
|   |   |   |   |   |   |   |   |   |--- feature_11 <= 4.20
|   |   |   |   |   |   |   |   |   |   |--- class: negative
|   |   |   |   |   |   |   |   |   |--- feature_11 >  4.20
|   |   |   |   |   |   |   |   |   |   |--- class: positive
|   |   |   |   |   |   |   |   |--- feature_1 >  14.50
|   |   |   |   |   |   |   |   |   |--- class: negative
|   |   |   |   |   |   |   |--- feature_2 >  9.50
|   |   |   |   |   |   |   |   |--- feature_12 <= 19.35
|   |   |   |   |   |   |   |   |   |--- class: negative
|   |   |   |   |   |   |   |   |--- feature_12 >  19.35
|   |   |   |   |   |   |   |   |   |--- feature_12 <= 22.05
|   |   |   |   |   |   |   |   |   |   |--- feature_1 <= 17.50
|   |   |   |   |   |   |   |   |   |   |   |--- truncated branch of depth 3
|   |   |   |   |   |   |   |   |   |   |--- feature_1 >  17.50
|   |   |   |   |   |   |   |   |   |   |   |--- class: negative
|   |   |   |   |   |   |   |   |   |--- feature_12 >  22.05
|   |   |   |   |   |   |   |   |   |   |--- class: negative
|   |   |   |   |   |   |--- feature_7 >  0.50
|   |   |   |   |   |   |   |--- feature_0 <= 1925.50
|   |   |   |   |   |   |   |   |--- feature_7 <= 24.50
|   |   |   |   |   |   |   |   |   |--- class: positive
|   |   |   |   |   |   |   |   |--- feature_7 >  24.50
|   |   |   |   |   |   |   |   |   |--- class: negative
|   |   |   |   |   |   |   |--- feature_0 >  1925.50
|   |   |   |   |   |   |   |   |--- class: negative
|   |   |   |   |   |--- feature_13 >  5.00
|   |   |   |   |   |   |--- feature_13 <= 7.99
|   |   |   |   |   |   |   |--- feature_13 <= 6.99
|   |   |   |   |   |   |   |   |--- class: positive
|   |   |   |   |   |   |   |--- feature_13 >  6.99
|   |   |   |   |   |   |   |   |--- feature_13 <= 7.00
|   |   |   |   |   |   |   |   |   |--- class: negative
|   |   |   |   |   |   |   |   |--- feature_13 >  7.00
|   |   |   |   |   |   |   |   |   |--- class: positive
|   |   |   |   |   |   |--- feature_13 >  7.99
|   |   |   |   |   |   |   |--- feature_0 <= 1939.50
|   |   |   |   |   |   |   |   |--- class: negative
|   |   |   |   |   |   |   |--- feature_0 >  1939.50
|   |   |   |   |   |   |   |   |--- feature_8 <= 1.50
|   |   |   |   |   |   |   |   |   |--- feature_10 <= 9.11
|   |   |   |   |   |   |   |   |   |   |--- feature_11 <= 3.96
|   |   |   |   |   |   |   |   |   |   |   |--- truncated branch of depth 3
|   |   |   |   |   |   |   |   |   |   |--- feature_11 >  3.96
|   |   |   |   |   |   |   |   |   |   |   |--- class: negative
|   |   |   |   |   |   |   |   |   |--- feature_10 >  9.11
|   |   |   |   |   |   |   |   |   |   |--- feature_10 <= 9.40
|   |   |   |   |   |   |   |   |   |   |   |--- class: positive
|   |   |   |   |   |   |   |   |   |   |--- feature_10 >  9.40
|   |   |   |   |   |   |   |   |   |   |   |--- truncated branch of depth 4
|   |   |   |   |   |   |   |   |--- feature_8 >  1.50
|   |   |   |   |   |   |   |   |   |--- feature_1 <= 6495.00
|   |   |   |   |   |   |   |   |   |   |--- class: negative
|   |   |   |   |   |   |   |   |   |--- feature_1 >  6495.00
|   |   |   |   |   |   |   |   |   |   |--- class: positive
|   |   |   |   |--- feature_12 >  31.40
|   |   |   |   |   |--- feature_1 <= 35.50
|   |   |   |   |   |   |--- class: negative
|   |   |   |   |   |--- feature_1 >  35.50
|   |   |   |   |   |   |--- feature_0 <= 1968.00
|   |   |   |   |   |   |   |--- feature_0 <= 1964.00
|   |   |   |   |   |   |   |   |--- class: negative
|   |   |   |   |   |   |   |--- feature_0 >  1964.00
|   |   |   |   |   |   |   |   |--- feature_9 <= 6.83
|   |   |   |   |   |   |   |   |   |--- class: negative
|   |   |   |   |   |   |   |   |--- feature_9 >  6.83
|   |   |   |   |   |   |   |   |   |--- feature_9 <= 14.35
|   |   |   |   |   |   |   |   |   |   |--- class: positive
|   |   |   |   |   |   |   |   |   |--- feature_9 >  14.35
|   |   |   |   |   |   |   |   |   |   |--- class: negative
|   |   |   |   |   |   |--- feature_0 >  1968.00
|   |   |   |   |   |   |   |--- class: negative
|   |--- feature_14 >  1.50
|   |   |--- feature_34 <= 1.00
|   |   |   |--- feature_34 <= 0.00
|   |   |   |   |--- feature_1 <= 5069.50
|   |   |   |   |   |--- feature_22 <= 0.00
|   |   |   |   |   |   |--- feature_23 <= 0.05
|   |   |   |   |   |   |   |--- feature_16 <= 0.50
|   |   |   |   |   |   |   |   |--- feature_12 <= 72.95
|   |   |   |   |   |   |   |   |   |--- class: negative
|   |   |   |   |   |   |   |   |--- feature_12 >  72.95
|   |   |   |   |   |   |   |   |   |--- feature_12 <= 73.40
|   |   |   |   |   |   |   |   |   |   |--- feature_1 <= 239.00
|   |   |   |   |   |   |   |   |   |   |   |--- class: positive
|   |   |   |   |   |   |   |   |   |   |--- feature_1 >  239.00
|   |   |   |   |   |   |   |   |   |   |   |--- class: negative
|   |   |   |   |   |   |   |   |   |--- feature_12 >  73.40
|   |   |   |   |   |   |   |   |   |   |--- class: negative
|   |   |   |   |   |   |   |--- feature_16 >  0.50
|   |   |   |   |   |   |   |   |--- feature_9 <= 13.40
|   |   |   |   |   |   |   |   |   |--- class: negative
|   |   |   |   |   |   |   |   |--- feature_9 >  13.40
|   |   |   |   |   |   |   |   |   |--- feature_1 <= 55.00
|   |   |   |   |   |   |   |   |   |   |--- feature_10 <= 44.35
|   |   |   |   |   |   |   |   |   |   |   |--- truncated branch of depth 3
|   |   |   |   |   |   |   |   |   |   |--- feature_10 >  44.35
|   |   |   |   |   |   |   |   |   |   |   |--- class: negative
|   |   |   |   |   |   |   |   |   |--- feature_1 >  55.00
|   |   |   |   |   |   |   |   |   |   |--- feature_9 <= 13.85
|   |   |   |   |   |   |   |   |   |   |   |--- truncated branch of depth 2
|   |   |   |   |   |   |   |   |   |   |--- feature_9 >  13.85
|   |   |   |   |   |   |   |   |   |   |   |--- class: negative
|   |   |   |   |   |   |--- feature_23 >  0.05
|   |   |   |   |   |   |   |--- feature_23 <= 0.97
|   |   |   |   |   |   |   |   |--- class: positive
|   |   |   |   |   |   |   |--- feature_23 >  0.97
|   |   |   |   |   |   |   |   |--- feature_27 <= 0.00
|   |   |   |   |   |   |   |   |   |--- feature_12 <= 30.30
|   |   |   |   |   |   |   |   |   |   |--- feature_1 <= 570.00
|   |   |   |   |   |   |   |   |   |   |   |--- class: negative
|   |   |   |   |   |   |   |   |   |   |--- feature_1 >  570.00
|   |   |   |   |   |   |   |   |   |   |   |--- truncated branch of depth 4
|   |   |   |   |   |   |   |   |   |--- feature_12 >  30.30
|   |   |   |   |   |   |   |   |   |   |--- class: negative
|   |   |   |   |   |   |   |   |--- feature_27 >  0.00
|   |   |   |   |   |   |   |   |   |--- feature_28 <= 0.01
|   |   |   |   |   |   |   |   |   |   |--- feature_7 <= 32.50
|   |   |   |   |   |   |   |   |   |   |   |--- class: negative
|   |   |   |   |   |   |   |   |   |   |--- feature_7 >  32.50
|   |   |   |   |   |   |   |   |   |   |   |--- truncated branch of depth 2
|   |   |   |   |   |   |   |   |   |--- feature_28 >  0.01
|   |   |   |   |   |   |   |   |   |   |--- class: positive
|   |   |   |   |   |--- feature_22 >  0.00
|   |   |   |   |   |   |--- feature_22 <= 1.00
|   |   |   |   |   |   |   |--- class: positive
|   |   |   |   |   |   |--- feature_22 >  1.00
|   |   |   |   |   |   |   |--- feature_10 <= 38.55
|   |   |   |   |   |   |   |   |--- feature_0 <= 2004.50
|   |   |   |   |   |   |   |   |   |--- feature_0 <= 1966.50
|   |   |   |   |   |   |   |   |   |   |--- feature_12 <= 12.15
|   |   |   |   |   |   |   |   |   |   |   |--- truncated branch of depth 2
|   |   |   |   |   |   |   |   |   |   |--- feature_12 >  12.15
|   |   |   |   |   |   |   |   |   |   |   |--- truncated branch of depth 4
|   |   |   |   |   |   |   |   |   |--- feature_0 >  1966.50
|   |   |   |   |   |   |   |   |   |   |--- class: negative
|   |   |   |   |   |   |   |   |--- feature_0 >  2004.50
|   |   |   |   |   |   |   |   |   |--- feature_11 <= 7.29
|   |   |   |   |   |   |   |   |   |   |--- feature_7 <= 0.50
|   |   |   |   |   |   |   |   |   |   |   |--- truncated branch of depth 4
|   |   |   |   |   |   |   |   |   |   |--- feature_7 >  0.50
|   |   |   |   |   |   |   |   |   |   |   |--- truncated branch of depth 3
|   |   |   |   |   |   |   |   |   |--- feature_11 >  7.29
|   |   |   |   |   |   |   |   |   |   |--- feature_9 <= 31.40
|   |   |   |   |   |   |   |   |   |   |   |--- class: negative
|   |   |   |   |   |   |   |   |   |   |--- feature_9 >  31.40
|   |   |   |   |   |   |   |   |   |   |   |--- truncated branch of depth 2
|   |   |   |   |   |   |   |--- feature_10 >  38.55
|   |   |   |   |   |   |   |   |--- feature_0 <= 1958.50
|   |   |   |   |   |   |   |   |   |--- class: negative
|   |   |   |   |   |   |   |   |--- feature_0 >  1958.50
|   |   |   |   |   |   |   |   |   |--- feature_11 <= 7.22
|   |   |   |   |   |   |   |   |   |   |--- feature_7 <= 1.00
|   |   |   |   |   |   |   |   |   |   |   |--- truncated branch of depth 2
|   |   |   |   |   |   |   |   |   |   |--- feature_7 >  1.00
|   |   |   |   |   |   |   |   |   |   |   |--- truncated branch of depth 4
|   |   |   |   |   |   |   |   |   |--- feature_11 >  7.22
|   |   |   |   |   |   |   |   |   |   |--- class: negative
|   |   |   |   |--- feature_1 >  5069.50
|   |   |   |   |   |--- feature_38 <= 0.00
|   |   |   |   |   |   |--- feature_21 <= 1.00
|   |   |   |   |   |   |   |--- feature_21 <= 0.00
|   |   |   |   |   |   |   |   |--- feature_9 <= 34.11
|   |   |   |   |   |   |   |   |   |--- feature_33 <= 0.00
|   |   |   |   |   |   |   |   |   |   |--- feature_12 <= 35.00
|   |   |   |   |   |   |   |   |   |   |   |--- truncated branch of depth 3
|   |   |   |   |   |   |   |   |   |   |--- feature_12 >  35.00
|   |   |   |   |   |   |   |   |   |   |   |--- truncated branch of depth 3
|   |   |   |   |   |   |   |   |   |--- feature_33 >  0.00
|   |   |   |   |   |   |   |   |   |   |--- feature_31 <= 0.01
|   |   |   |   |   |   |   |   |   |   |   |--- truncated branch of depth 2
|   |   |   |   |   |   |   |   |   |   |--- feature_31 >  0.01
|   |   |   |   |   |   |   |   |   |   |   |--- class: positive
|   |   |   |   |   |   |   |   |--- feature_9 >  34.11
|   |   |   |   |   |   |   |   |   |--- feature_7 <= 1.00
|   |   |   |   |   |   |   |   |   |   |--- feature_1 <= 5732.50
|   |   |   |   |   |   |   |   |   |   |   |--- truncated branch of depth 2
|   |   |   |   |   |   |   |   |   |   |--- feature_1 >  5732.50
|   |   |   |   |   |   |   |   |   |   |   |--- class: negative
|   |   |   |   |   |   |   |   |   |--- feature_7 >  1.00
|   |   |   |   |   |   |   |   |   |   |--- feature_32 <= 0.50
|   |   |   |   |   |   |   |   |   |   |   |--- truncated branch of depth 4
|   |   |   |   |   |   |   |   |   |   |--- feature_32 >  0.50
|   |   |   |   |   |   |   |   |   |   |   |--- class: negative
|   |   |   |   |   |   |   |--- feature_21 >  0.00
|   |   |   |   |   |   |   |   |--- class: positive
|   |   |   |   |   |   |--- feature_21 >  1.00
|   |   |   |   |   |   |   |--- feature_0 <= 1960.00
|   |   |   |   |   |   |   |   |--- feature_0 <= 1955.50
|   |   |   |   |   |   |   |   |   |--- class: negative
|   |   |   |   |   |   |   |   |--- feature_0 >  1955.50
|   |   |   |   |   |   |   |   |   |--- class: positive
|   |   |   |   |   |   |   |--- feature_0 >  1960.00
|   |   |   |   |   |   |   |   |--- class: negative
|   |   |   |   |   |--- feature_38 >  0.00
|   |   |   |   |   |   |--- feature_38 <= 1.00
|   |   |   |   |   |   |   |--- class: positive
|   |   |   |   |   |   |--- feature_38 >  1.00
|   |   |   |   |   |   |   |--- feature_9 <= 9.10
|   |   |   |   |   |   |   |   |--- class: positive
|   |   |   |   |   |   |   |--- feature_9 >  9.10
|   |   |   |   |   |   |   |   |--- class: negative
|   |   |   |--- feature_34 >  0.00
|   |   |   |   |--- class: positive
|   |   |--- feature_34 >  1.00
|   |   |   |--- feature_24 <= 0.01
|   |   |   |   |--- feature_8 <= 1.50
|   |   |   |   |   |--- class: negative
|   |   |   |   |--- feature_8 >  1.50
|   |   |   |   |   |--- feature_11 <= 6.65
|   |   |   |   |   |   |--- feature_9 <= 42.85
|   |   |   |   |   |   |   |--- feature_2 <= 7.50
|   |   |   |   |   |   |   |   |--- feature_11 <= 6.30
|   |   |   |   |   |   |   |   |   |--- class: negative
|   |   |   |   |   |   |   |   |--- feature_11 >  6.30
|   |   |   |   |   |   |   |   |   |--- class: positive
|   |   |   |   |   |   |   |--- feature_2 >  7.50
|   |   |   |   |   |   |   |   |--- feature_11 <= 5.95
|   |   |   |   |   |   |   |   |   |--- feature_13 <= 4.50
|   |   |   |   |   |   |   |   |   |   |--- feature_9 <= 4.00
|   |   |   |   |   |   |   |   |   |   |   |--- truncated branch of depth 2
|   |   |   |   |   |   |   |   |   |   |--- feature_9 >  4.00
|   |   |   |   |   |   |   |   |   |   |   |--- class: negative
|   |   |   |   |   |   |   |   |   |--- feature_13 >  4.50
|   |   |   |   |   |   |   |   |   |   |--- feature_10 <= 32.15
|   |   |   |   |   |   |   |   |   |   |   |--- class: negative
|   |   |   |   |   |   |   |   |   |   |--- feature_10 >  32.15
|   |   |   |   |   |   |   |   |   |   |   |--- truncated branch of depth 2
|   |   |   |   |   |   |   |   |--- feature_11 >  5.95
|   |   |   |   |   |   |   |   |   |--- class: negative
|   |   |   |   |   |   |--- feature_9 >  42.85
|   |   |   |   |   |   |   |--- class: positive
|   |   |   |   |   |--- feature_11 >  6.65
|   |   |   |   |   |   |--- class: negative
|   |   |   |--- feature_24 >  0.01
|   |   |   |   |--- feature_1 <= 29.50
|   |   |   |   |   |--- class: positive
|   |   |   |   |--- feature_1 >  29.50
|   |   |   |   |   |--- class: negative
