|--- feature_15 <= 23.50
|   |--- feature_23 <= 0.00
|   |   |--- feature_15 <= 12.50
|   |   |   |--- feature_28 <= 0.00
|   |   |   |   |--- feature_11 <= 6.10
|   |   |   |   |   |--- feature_11 <= 5.99
|   |   |   |   |   |   |--- feature_1 <= 1775.00
|   |   |   |   |   |   |   |--- class: negative
|   |   |   |   |   |   |--- feature_1 >  1775.00
|   |   |   |   |   |   |   |--- feature_1 <= 2985.00
|   |   |   |   |   |   |   |   |--- class: positive
|   |   |   |   |   |   |   |--- feature_1 >  2985.00
|   |   |   |   |   |   |   |   |--- class: negative
|   |   |   |   |   |--- feature_11 >  5.99
|   |   |   |   |   |   |--- class: positive
|   |   |   |   |--- feature_11 >  6.10
|   |   |   |   |   |--- feature_10 <= 7.45
|   |   |   |   |   |   |--- class: positive
|   |   |   |   |   |--- feature_10 >  7.45
|   |   |   |   |   |   |--- feature_0 <= 1959.50
|   |   |   |   |   |   |   |--- class: negative
|   |   |   |   |   |   |--- feature_0 >  1959.50
|   |   |   |   |   |   |   |--- feature_22 <= 0.50
|   |   |   |   |   |   |   |   |--- class: negative
|   |   |   |   |   |   |   |--- feature_22 >  0.50
|   |   |   |   |   |   |   |   |--- class: positive
|   |   |   |--- feature_28 >  0.00
|   |   |   |   |--- feature_9 <= 10.19
|   |   |   |   |   |--- feature_28 <= 0.97
|   |   |   |   |   |   |--- class: positive
|   |   |   |   |   |--- feature_28 >  0.97
|   |   |   |   |   |   |--- class: negative
|   |   |   |   |--- feature_9 >  10.19
|   |   |   |   |   |--- feature_47 <= 0.00
|   |   |   |   |   |   |--- feature_13 <= 8.00
|   |   |   |   |   |   |   |--- feature_13 <= 5.01
|   |   |   |   |   |   |   |   |--- feature_9 <= 77.95
|   |   |   |   |   |   |   |   |   |--- feature_9 <= 10.50
|   |   |   |   |   |   |   |   |   |   |--- class: positive
|   |   |   |   |   |   |   |   |   |--- feature_9 >  10.50
|   |   |   |   |   |   |   |   |   |   |--- class: negative
|   |   |   |   |   |   |   |   |--- feature_9 >  77.95
|   |   |   |   |   |   |   |   |   |--- feature_12 <= 32.13
|   |   |   |   |   |   |   |   |   |   |--- class: negative
|   |   |   |   |   |   |   |   |   |--- feature_12 >  32.13
|   |   |   |   |   |   |   |   |   |   |--- class: positive
|   |   |   |   |   |   |   |--- feature_13 >  5.01
|   |   |   |   |   |   |   |   |--- class: positive
|   |   |   |   |   |   |--- feature_13 >  8.00
|   |   |   |   |   |   |   |--- feature_10 <= 278.02
|   |   |   |   |   |   |   |   |--- feature_10 <= 27.70
|   |   |   |   |   |   |   |   |   |--- feature_1 <= 123.00
|   |   |   |   |   |   |   |   |   |   |--- class: positive
|   |   |   |   |   |   |   |   |   |--- feature_1 >  123.00
|   |   |   |   |   |   |   |   |   |   |--- feature_9 <= 17.05
|   |   |   |   |   |   |   |   |   |   |   |--- class: negative
|   |   |   |   |   |   |   |   |   |   |--- feature_9 >  17.05
|   |   |   |   |   |   |   |   |   |   |   |--- truncated branch of depth 2
|   |   |   |   |   |   |   |   |--- feature_10 >  27.70
|   |   |   |   |   |   |   |   |   |--- class: negative
|   |   |   |   |   |   |   |--- feature_10 >  278.02
|   |   |   |   |   |   |   |   |--- class: positive
|   |   |   |   |   |--- feature_47 >  0.00
|   |   |   |   |   |   |--- feature_47 <= 1.00
|   |   |   |   |   |   |   |--- class: positive
|   |   |   |   |   |   |--- feature_47 >  1.00
|   |   |   |   |   |   |   |--- feature_11 <= 6.70
|   |   |   |   |   |   |   |   |--- feature_1 <= 292.50
|   |   |   |   |   |   |   |   |   |--- feature_1 <= 243.00
|   |   |   |   |   |   |   |   |   |   |--- class: negative
|   |   |   |   |   |   |   |   |   |--- feature_1 >  243.00
|   |   |   |   |   |   |   |   |   |   |--- feature_2 <= 15.50
|   |   |   |   |   |   |   |   |   |   |   |--- class: positive
|   |   |   |   |   |   |   |   |   |   |--- feature_2 >  15.50
|   |   |   |   |   |   |   |   |   |   |   |--- class: negative
|   |   |   |   |   |   |   |   |--- feature_1 >  292.50
|   |   |   |   |   |   |   |   |   |--- feature_9 <= 17.10
|   |   |   |   |   |   |   |   |   |   |--- class: negative
|   |   |   |   |   |   |   |   |   |--- feature_9 >  17.10
|   |   |   |   |   |   |   |   |   |   |--- feature_7 <= 7.50
|   |   |   |   |   |   |   |   |   |   |   |--- class: negative
|   |   |   |   |   |   |   |   |   |   |--- feature_7 >  7.50
|   |   |   |   |   |   |   |   |   |   |   |--- class: positive
|   |   |   |   |   |   |   |--- feature_11 >  6.70
|   |   |   |   |   |   |   |   |--- feature_7 <= 17.00
|   |   |   |   |   |   |   |   |   |--- feature_12 <= 27.92
|   |   |   |   |   |   |   |   |   |   |--- class: positive
|   |   |   |   |   |   |   |   |   |--- feature_12 >  27.92
|   |   |   |   |   |   |   |   |   |   |--- feature_11 <= 7.60
|   |   |   |   |   |   |   |   |   |   |   |--- truncated branch of depth 2
|   |   |   |   |   |   |   |   |   |   |--- feature_11 >  7.60
|   |   |   |   |   |   |   |   |   |   |   |--- class: positive
|   |   |   |   |   |   |   |   |--- feature_7 >  17.00
|   |   |   |   |   |   |   |   |   |--- class: negative
|   |   |--- feature_15 >  12.50
|   |   |   |--- class: positive
|   |--- feature_23 >  0.00
|   |   |--- feature_23 <= 1.00
|   |   |   |--- class: positive
|   |   |--- feature_23 >  1.00
|   |   |   |--- feature_29 <= 0.00
|   |   |   |   |--- feature_15 <= 12.50
|   |   |   |   |   |--- feature_0 <= 1952.00
|   |   |   |   |   |   |--- feature_0 <= 1928.00
|   |   |   |   |   |   |   |--- class: positive
|   |   |   |   |   |   |--- feature_0 >  1928.00
|   |   |   |   |   |   |   |--- class: negative
|   |   |   |   |   |--- feature_0 >  1952.00
|   |   |   |   |   |   |--- feature_8 <= 3.50
|   |   |   |   |   |   |   |--- feature_14 <= 1.50
|   |   |   |   |   |   |   |   |--- feature_9 <= 24.43
|   |   |   |   |   |   |   |   |   |--- class: negative
|   |   |   |   |   |   |   |   |--- feature_9 >  24.43
|   |   |   |   |   |   |   |   |   |--- feature_1 <= 409.00
|   |   |   |   |   |   |   |   |   |   |--- class: negative
|   |   |   |   |   |   |   |   |   |--- feature_1 >  409.00
|   |   |   |   |   |   |   |   |   |   |--- class: positive
|   |   |   |   |   |   |   |--- feature_14 >  1.50
|   |   |   |   |   |   |   |   |--- feature_27 <= 0.00
|   |   |   |   |   |   |   |   |   |--- feature_1 <= 1864.50
|   |   |   |   |   |   |   |   |   |   |--- feature_10 <= 85.44
|   |   |   |   |   |   |   |   |   |   |   |--- truncated branch of depth 6
|   |   |   |   |   |   |   |   |   |   |--- feature_10 >  85.44
|   |   |   |   |   |   |   |   |   |   |   |--- truncated branch of depth 2
|   |   |   |   |   |   |   |   |   |--- feature_1 >  1864.50
|   |   |   |   |   |   |   |   |   |   |--- feature_32 <= 0.99
|   |   |   |   |   |   |   |   |   |   |   |--- truncated branch of depth 3
|   |   |   |   |   |   |   |   |   |   |--- feature_32 >  0.99
|   |   |   |   |   |   |   |   |   |   |   |--- class: negative
|   |   |   |   |   |   |   |   |--- feature_27 >  0.00
|   |   |   |   |   |   |   |   |   |--- feature_1 <= 769.00
|   |   |   |   |   |   |   |   |   |   |--- class: positive
|   |   |   |   |   |   |   |   |   |--- feature_1 >  769.00
|   |   |   |   |   |   |   |   |   |   |--- feature_1 <= 1104.00
|   |   |   |   |   |   |   |   |   |   |   |--- class: negative
|   |   |   |   |   |   |   |   |   |   |--- feature_1 >  1104.00
|   |   |   |   |   |   |   |   |   |   |   |--- truncated branch of depth 2
|   |   |   |   |   |   |--- feature_8 >  3.50
|   |   |   |   |   |   |   |--- feature_12 <= 48.50
|   |   |   |   |   |   |   |   |--- class: negative
|   |   |   |   |   |   |   |--- feature_12 >  48.50
|   |   |   |   |   |   |   |   |--- feature_2 <= 20.00
|   |   |   |   |   |   |   |   |   |--- class: negative
|   |   |   |   |   |   |   |   |--- feature_2 >  20.00
|   |   |   |   |   |   |   |   |   |--- class: positive
|   |   |   |   |--- feature_15 >  12.50
|   |   |   |   |   |--- class: positive
|   |   |   |--- feature_29 >  0.00
|   |   |   |   |--- feature_1 <= 9250.00
|   |   |   |   |   |--- feature_1 <= 1725.50
|   |   |   |   |   |   |--- class: negative
|   |   |   |   |   |--- feature_1 >  1725.50
|   |   |   |   |   |   |--- feature_7 <= 44.50
|   |   |   |   |   |   |   |--- feature_10 <= 62.80
|   |   |   |   |   |   |   |   |--- feature_7 <= 3.50
|   |   |   |   |   |   |   |   |   |--- class: negative
|   |   |   |   |   |   |   |   |--- feature_7 >  3.50
|   |   |   |   |   |   |   |   |   |--- class: positive
|   |   |   |   |   |   |   |--- feature_10 >  62.80
|   |   |   |   |   |   |   |   |--- feature_11 <= 7.91
|   |   |   |   |   |   |   |   |   |--- feature_12 <= 38.50
|   |   |   |   |   |   |   |   |   |   |--- class: positive
|   |   |   |   |   |   |   |   |   |--- feature_12 >  38.50
|   |   |   |   |   |   |   |   |   |   |--- class: negative
|   |   |   |   |   |   |   |   |--- feature_11 >  7.91
|   |   |   |   |   |   |   |   |   |--- class: positive
|   |   |   |   |   |   |--- feature_7 >  44.50
|   |   |   |   |   |   |   |--- feature_29 <= 0.57
|   |   |   |   |   |   |   |   |--- class: positive
|   |   |   |   |   |   |   |--- feature_29 >  0.57
|   |   |   |   |   |   |   |   |--- class: negative
|   |   |   |   |--- feature_1 >  9250.00
|   |   |   |   |   |--- class: negative
|--- feature_15 >  23.50
|   |--- feature_14 <= 1.50
|   |   |--- feature_22 <= 1.00
|   |   |   |--- feature_22 <= 0.00
|   |   |   |   |--- feature_24 <= 0.00
|   |   |   |   |   |--- feature_17 <= 0.00
|   |   |   |   |   |   |--- feature_2 <= 17.50
|   |   |   |   |   |   |   |--- feature_8 <= 6.50
|   |   |   |   |   |   |   |   |--- class: negative
|   |   |   |   |   |   |   |--- feature_8 >  6.50
|   |   |   |   |   |   |   |   |--- feature_10 <= 12.35
|   |   |   |   |   |   |   |   |   |--- class: positive
|   |   |   |   |   |   |   |   |--- feature_10 >  12.35
|   |   |   |   |   |   |   |   |   |--- class: negative
|   |   |   |   |   |   |--- feature_2 >  17.50
|   |   |   |   |   |   |   |--- feature_0 <= 1942.00
|   |   |   |   |   |   |   |   |--- class: positive
|   |   |   |   |   |   |   |--- feature_0 >  1942.00
|   |   |   |   |   |   |   |   |--- class: negative
|   |   |   |   |   |--- feature_17 >  0.00
|   |   |   |   |   |   |--- feature_17 <= 0.99
|   |   |   |   |   |   |   |--- class: positive
|   |   |   |   |   |   |--- feature_17 >  0.99
|   |   |   |   |   |   |   |--- feature_13 <= 5.00
|   |   |   |   |   |   |   |   |--- feature_0 <= 1926.00
|   |   |   |   |   |   |   |   |   |--- class: negative
|   |   |   |   |   |   |   |   |--- feature_0 >  1926.00
|   |   |   |   |   |   |   |   |   |--- feature_12 <= 28.80
|   |   |   |   |   |   |   |   |   |   |--- feature_11 <= 4.50
|   |   |   |   |   |   |   |   |   |   |   |--- truncated branch of depth 5
|   |   |   |   |   |   |   |   |   |   |--- feature_11 >  4.50
|   |   |   |   |   |   |   |   |   |   |   |--- truncated branch of depth 2
|   |   |   |   |   |   |   |   |   |--- feature_12 >  28.80
|   |   |   |   |   |   |   |   |   |   |--- class: negative
|   |   |   |   |   |   |   |--- feature_13 >  5.00
|   |   |   |   |   |   |   |   |--- feature_27 <= 0.50
|   |   |   |   |   |   |   |   |   |--- class: negative
|   |   |   |   |   |   |   |   |--- feature_27 >  0.50
|   |   |   |   |   |   |   |   |   |--- feature_11 <= 3.80
|   |   |   |   |   |   |   |   |   |   |--- class: positive
|   |   |   |   |   |   |   |   |   |--- feature_11 >  3.80
|   |   |   |   |   |   |   |   |   |   |--- feature_1 <= 62.50
|   |   |   |   |   |   |   |   |   |   |   |--- class: negative
|   |   |   |   |   |   |   |   |   |   |--- feature_1 >  62.50
|   |   |   |   |   |   |   |   |   |   |   |--- truncated branch of depth 2
|   |   |   |   |--- feature_24 >  0.00
|   |   |   |   |   |--- feature_13 <= 8.00
|   |   |   |   |   |   |--- feature_12 <= 0.23
|   |   |   |   |   |   |   |--- class: negative
|   |   |   |   |   |   |--- feature_12 >  0.23
|   |   |   |   |   |   |   |--- feature_24 <= 1.00
|   |   |   |   |   |   |   |   |--- class: positive
|   |   |   |   |   |   |   |--- feature_24 >  1.00
|   |   |   |   |   |   |   |   |--- feature_1 <= 34.50
|   |   |   |   |   |   |   |   |   |--- feature_10 <= 19.10
|   |   |   |   |   |   |   |   |   |   |--- feature_11 <= 3.40
|   |   |   |   |   |   |   |   |   |   |   |--- class: negative
|   |   |   |   |   |   |   |   |   |   |--- feature_11 >  3.40
|   |   |   |   |   |   |   |   |   |   |   |--- truncated branch of depth 3
|   |   |   |   |   |   |   |   |   |--- feature_10 >  19.10
|   |   |   |   |   |   |   |   |   |   |--- class: negative
|   |   |   |   |   |   |   |   |--- feature_1 >  34.50
|   |   |   |   |   |   |   |   |   |--- feature_10 <= 8.35
|   |   |   |   |   |   |   |   |   |   |--- class: positive
|   |   |   |   |   |   |   |   |   |--- feature_10 >  8.35
|   |   |   |   |   |   |   |   |   |   |--- class: negative
|   |   |   |   |   |--- feature_13 >  8.00
|   |   |   |   |   |   |--- feature_11 <= 3.45
|   |   |   |   |   |   |   |--- class: positive
|   |   |   |   |   |   |--- feature_11 >  3.45
|   |   |   |   |   |   |   |--- feature_0 <= 1913.50
|   |   |   |   |   |   |   |   |--- feature_1 <= 17.50
|   |   |   |   |   |   |   |   |   |--- feature_10 <= 14.15
|   |   |   |   |   |   |   |   |   |   |--- class: negative
|   |   |   |   |   |   |   |   |   |--- feature_10 >  14.15
|   |   |   |   |   |   |   |   |   |   |--- class: positive
|   |   |   |   |   |   |   |   |--- feature_1 >  17.50
|   |   |   |   |   |   |   |   |   |--- class: negative
|   |   |   |   |   |   |   |--- feature_0 >  1913.50
|   |   |   |   |   |   |   |   |--- class: negative
|   |   |   |--- feature_22 >  0.00
|   |   |   |   |--- class: positive
|   |   |--- feature_22 >  1.00
|   |   |   |--- feature_47 <= 1.00
|   |   |   |   |--- feature_47 <= 0.00
|   |   |   |   |   |--- feature_10 <= 15.65
|   |   |   |   |   |   |--- feature_10 <= 15.20
|   |   |   |   |   |   |   |--- feature_2 <= 3.50
|   |   |   |   |   |   |   |   |--- class: positive
|   |   |   |   |   |   |   |--- feature_2 >  3.50
|   |   |   |   |   |   |   |   |--- feature_10 <= 13.25
|   |   |   |   |   |   |   |   |   |--- class: negative
|   |   |   |   |   |   |   |   |--- feature_10 >  13.25
|   |   |   |   |   |   |   |   |   |--- feature_2 <= 8.50
|   |   |   |   |   |   |   |   |   |   |--- feature_11 <= 4.67
|   |   |   |   |   |   |   |   |   |   |   |--- class: negative
|   |   |   |   |   |   |   |   |   |   |--- feature_11 >  4.67
|   |   |   |   |   |   |   |   |   |   |   |--- class: positive
|   |   |   |   |   |   |   |   |   |--- feature_2 >  8.50
|   |   |   |   |   |   |   |   |   |   |--- feature_11 <= 3.65
|   |   |   |   |   |   |   |   |   |   |   |--- truncated branch of depth 4
|   |   |   |   |   |   |   |   |   |   |--- feature_11 >  3.65
|   |   |   |   |   |   |   |   |   |   |   |--- class: negative
|   |   |   |   |   |   |--- feature_10 >  15.20
|   |   |   |   |   |   |   |--- feature_1 <= 23.00
|   |   |   |   |   |   |   |   |--- feature_0 <= 1927.00
|   |   |   |   |   |   |   |   |   |--- feature_9 <= 12.19
|   |   |   |   |   |   |   |   |   |   |--- class: negative
|   |   |   |   |   |   |   |   |   |--- feature_9 >  12.19
|   |   |   |   |   |   |   |   |   |   |--- class: positive
|   |   |   |   |   |   |   |   |--- feature_0 >  1927.00
|   |   |   |   |   |   |   |   |   |--- class: negative
|   |   |   |   |   |   |   |--- feature_1 >  23.00
|   |   |   |   |   |   |   |   |--- class: negative
|   |   |   |   |   |--- feature_10 >  15.65
|   |   |   |   |   |   |--- feature_10 <= 83.35
|   |   |   |   |   |   |   |--- class: negative
|   |   |   |   |   |   |--- feature_10 >  83.35
|   |   |   |   |   |   |   |--- feature_13 <= 5.18
|   |   |   |   |   |   |   |   |--- class: negative
|   |   |   |   |   |   |   |--- feature_13 >  5.18
|   |   |   |   |   |   |   |   |--- feature_13 <= 7.79
|   |   |   |   |   |   |   |   |   |--- class: positive
|   |   |   |   |   |   |   |   |--- feature_13 >  7.79
|   |   |   |   |   |   |   |   |   |--- feature_1 <= 1291.00
|   |   |   |   |   |   |   |   |   |   |--- class: negative
|   |   |   |   |   |   |   |   |   |--- feature_1 >  1291.00
|   |   |   |   |   |   |   |   |   |   |--- class: positive
|   |   |   |   |--- feature_47 >  0.00
|   |   |   |   |   |--- class: positive
|   |   |   |--- feature_47 >  1.00
|   |   |   |   |--- feature_12 <= 32.33
|   |   |   |   |   |--- feature_13 <= 5.02
|   |   |   |   |   |   |--- feature_7 <= 0.50
|   |   |   |   |   |   |   |--- feature_2 <= 9.00
|   |   |   |   |   |   |   |   |--- feature_1 <= 13.50
|   |   |   |   |   |   |   |   |   |--- feature_12 <= 11.50
|   |   |   |   |   |   |   |   |   |   |--- class: negative
|   |   |   |   |   |   |   |   |   |--- feature_12 >  11.50
|   |   |   |   |   |   |   |   |   |   |--- class: positive
|   |   |   |   |   |   |   |   |--- feature_1 >  13.50
|   |   |   |   |   |   |   |   |   |--- class: negative
|   |   |   |   |   |   |   |--- feature_2 >  9.00
|   |   |   |   |   |   |   |   |--- feature_9 <= 5.38
|   |   |   |   |   |   |   |   |   |--- feature_8 <= 1.50
|   |   |   |   |   |   |   |   |   |   |--- class: positive
|   |   |   |   |   |   |   |   |   |--- feature_8 >  1.50
|   |   |   |   |   |   |   |   |   |   |--- class: negative
|   |   |   |   |   |   |   |   |--- feature_9 >  5.38
|   |   |   |   |   |   |   |   |   |--- feature_12 <= 19.35
|   |   |   |   |   |   |   |   |   |   |--- class: negative
|   |   |   |   |   |   |   |   |   |--- feature_12 >  19.35
|   |   |   |   |   |   |   |   |   |   |--- feature_12 <= 22.05
|   |   |   |   |   |   |   |   |   |   |   |--- truncated branch of depth 4
|   |   |   |   |   |   |   |   |   |   |--- feature_12 >  22.05
|   |   |   |   |   |   |   |   |   |   |   |--- class: negative
|   |   |   |   |   |   |--- feature_7 >  0.50
|   |   |   |   |   |   |   |--- feature_0 <= 1925.50
|   |   |   |   |   |   |   |   |--- feature_7 <= 24.50
|   |   |   |   |   |   |   |   |   |--- class: positive
|   |   |   |   |   |   |   |   |--- feature_7 >  24.50
|   |   |   |   |   |   |   |   |   |--- class: negative
|   |   |   |   |   |   |   |--- feature_0 >  1925.50
|   |   |   |   |   |   |   |   |--- class: negative
|   |   |   |   |   |--- feature_13 >  5.02
|   |   |   |   |   |   |--- feature_13 <= 7.99
|   |   |   |   |   |   |   |--- feature_13 <= 7.00
|   |   |   |   |   |   |   |   |--- class: positive
|   |   |   |   |   |   |   |--- feature_13 >  7.00
|   |   |   |   |   |   |   |   |--- feature_13 <= 7.01
|   |   |   |   |   |   |   |   |   |--- class: negative
|   |   |   |   |   |   |   |   |--- feature_13 >  7.01
|   |   |   |   |   |   |   |   |   |--- class: positive
|   |   |   |   |   |   |--- feature_13 >  7.99
|   |   |   |   |   |   |   |--- feature_0 <= 1939.50
|   |   |   |   |   |   |   |   |--- class: negative
|   |   |   |   |   |   |   |--- feature_0 >  1939.50
|   |   |   |   |   |   |   |   |--- feature_8 <= 1.50
|   |   |   |   |   |   |   |   |   |--- feature_34 <= 0.99
|   |   |   |   |   |   |   |   |   |   |--- feature_34 <= 0.01
|   |   |   |   |   |   |   |   |   |   |   |--- class: negative
|   |   |   |   |   |   |   |   |   |   |--- feature_34 >  0.01
|   |   |   |   |   |   |   |   |   |   |   |--- class: positive
|   |   |   |   |   |   |   |   |   |--- feature_34 >  0.99
|   |   |   |   |   |   |   |   |   |   |--- feature_11 <= 5.82
|   |   |   |   |   |   |   |   |   |   |   |--- truncated branch of depth 5
|   |   |   |   |   |   |   |   |   |   |--- feature_11 >  5.82
|   |   |   |   |   |   |   |   |   |   |   |--- truncated branch of depth 2
|   |   |   |   |   |   |   |   |--- feature_8 >  1.50
|   |   |   |   |   |   |   |   |   |--- feature_1 <= 6495.00
|   |   |   |   |   |   |   |   |   |   |--- class: negative
|   |   |   |   |   |   |   |   |   |--- feature_1 >  6495.00
|   |   |   |   |   |   |   |   |   |   |--- class: positive
|   |   |   |   |--- feature_12 >  32.33
|   |   |   |   |   |--- feature_1 <= 36.50
|   |   |   |   |   |   |--- class: negative
|   |   |   |   |   |--- feature_1 >  36.50
|   |   |   |   |   |   |--- feature_0 <= 1968.00
|   |   |   |   |   |   |   |--- feature_0 <= 1964.00
|   |   |   |   |   |   |   |   |--- class: negative
|   |   |   |   |   |   |   |--- feature_0 >  1964.00
|   |   |   |   |   |   |   |   |--- feature_9 <= 6.95
|   |   |   |   |   |   |   |   |   |--- class: negative
|   |   |   |   |   |   |   |   |--- feature_9 >  6.95
|   |   |   |   |   |   |   |   |   |--- feature_9 <= 14.39
|   |   |   |   |   |   |   |   |   |   |--- class: positive
|   |   |   |   |   |   |   |   |   |--- feature_9 >  14.39
|   |   |   |   |   |   |   |   |   |   |--- class: negative
|   |   |   |   |   |   |--- feature_0 >  1968.00
|   |   |   |   |   |   |   |--- class: negative
|   |--- feature_14 >  1.50
|   |   |--- feature_34 <= 1.00
|   |   |   |--- feature_34 <= 0.00
|   |   |   |   |--- feature_1 <= 5079.50
|   |   |   |   |   |--- feature_22 <= 0.00
|   |   |   |   |   |   |--- feature_23 <= 0.01
|   |   |   |   |   |   |   |--- feature_16 <= 0.50
|   |   |   |   |   |   |   |   |--- feature_12 <= 72.95
|   |   |   |   |   |   |   |   |   |--- class: negative
|   |   |   |   |   |   |   |   |--- feature_12 >  72.95
|   |   |   |   |   |   |   |   |   |--- feature_12 <= 73.40
|   |   |   |   |   |   |   |   |   |   |--- feature_1 <= 239.00
|   |   |   |   |   |   |   |   |   |   |   |--- class: positive
|   |   |   |   |   |   |   |   |   |   |--- feature_1 >  239.00
|   |   |   |   |   |   |   |   |   |   |   |--- class: negative
|   |   |   |   |   |   |   |   |   |--- feature_12 >  73.40
|   |   |   |   |   |   |   |   |   |   |--- class: negative
|   |   |   |   |   |   |   |--- feature_16 >  0.50
|   |   |   |   |   |   |   |   |--- feature_9 <= 13.40
|   |   |   |   |   |   |   |   |   |--- class: negative
|   |   |   |   |   |   |   |   |--- feature_9 >  13.40
|   |   |   |   |   |   |   |   |   |--- feature_1 <= 55.00
|   |   |   |   |   |   |   |   |   |   |--- feature_10 <= 44.35
|   |   |   |   |   |   |   |   |   |   |   |--- truncated branch of depth 3
|   |   |   |   |   |   |   |   |   |   |--- feature_10 >  44.35
|   |   |   |   |   |   |   |   |   |   |   |--- class: negative
|   |   |   |   |   |   |   |   |   |--- feature_1 >  55.00
|   |   |   |   |   |   |   |   |   |   |--- feature_9 <= 13.85
|   |   |   |   |   |   |   |   |   |   |   |--- truncated branch of depth 2
|   |   |   |   |   |   |   |   |   |   |--- feature_9 >  13.85
|   |   |   |   |   |   |   |   |   |   |   |--- class: negative
|   |   |   |   |   |   |--- feature_23 >  0.01
|   |   |   |   |   |   |   |--- feature_23 <= 1.00
|   |   |   |   |   |   |   |   |--- class: positive
|   |   |   |   |   |   |   |--- feature_23 >  1.00
|   |   |   |   |   |   |   |   |--- feature_27 <= 0.01
|   |   |   |   |   |   |   |   |   |--- feature_12 <= 30.30
|   |   |   |   |   |   |   |   |   |   |--- feature_1 <= 570.00
|   |   |   |   |   |   |   |   |   |   |   |--- class: negative
|   |   |   |   |   |   |   |   |   |   |--- feature_1 >  570.00
|   |   |   |   |   |   |   |   |   |   |   |--- truncated branch of depth 5
|   |   |   |   |   |   |   |   |   |--- feature_12 >  30.30
|   |   |   |   |   |   |   |   |   |   |--- class: negative
|   |   |   |   |   |   |   |   |--- feature_27 >  0.01
|   |   |   |   |   |   |   |   |   |--- feature_28 <= 0.02
|   |   |   |   |   |   |   |   |   |   |--- feature_7 <= 32.50
|   |   |   |   |   |   |   |   |   |   |   |--- class: negative
|   |   |   |   |   |   |   |   |   |   |--- feature_7 >  32.50
|   |   |   |   |   |   |   |   |   |   |   |--- truncated branch of depth 2
|   |   |   |   |   |   |   |   |   |--- feature_28 >  0.02
|   |   |   |   |   |   |   |   |   |   |--- class: positive
|   |   |   |   |   |--- feature_22 >  0.00
|   |   |   |   |   |   |--- feature_22 <= 1.00
|   |   |   |   |   |   |   |--- class: positive
|   |   |   |   |   |   |--- feature_22 >  1.00
|   |   |   |   |   |   |   |--- feature_10 <= 38.21
|   |   |   |   |   |   |   |   |--- feature_0 <= 2004.50
|   |   |   |   |   |   |   |   |   |--- feature_0 <= 1966.50
|   |   |   |   |   |   |   |   |   |   |--- feature_12 <= 12.15
|   |   |   |   |   |   |   |   |   |   |   |--- truncated branch of depth 2
|   |   |   |   |   |   |   |   |   |   |--- feature_12 >  12.15
|   |   |   |   |   |   |   |   |   |   |   |--- truncated branch of depth 5
|   |   |   |   |   |   |   |   |   |--- feature_0 >  1966.50
|   |   |   |   |   |   |   |   |   |   |--- class: negative
|   |   |   |   |   |   |   |   |--- feature_0 >  2004.50
|   |   |   |   |   |   |   |   |   |--- feature_11 <= 7.30
|   |   |   |   |   |   |   |   |   |   |--- feature_10 <= 15.35
|   |   |   |   |   |   |   |   |   |   |   |--- class: negative
|   |   |   |   |   |   |   |   |   |   |--- feature_10 >  15.35
|   |   |   |   |   |   |   |   |   |   |   |--- truncated branch of depth 6
|   |   |   |   |   |   |   |   |   |--- feature_11 >  7.30
|   |   |   |   |   |   |   |   |   |   |--- feature_9 <= 31.40
|   |   |   |   |   |   |   |   |   |   |   |--- class: negative
|   |   |   |   |   |   |   |   |   |   |--- feature_9 >  31.40
|   |   |   |   |   |   |   |   |   |   |   |--- truncated branch of depth 2
|   |   |   |   |   |   |   |--- feature_10 >  38.21
|   |   |   |   |   |   |   |   |--- feature_0 <= 1958.50
|   |   |   |   |   |   |   |   |   |--- class: negative
|   |   |   |   |   |   |   |   |--- feature_0 >  1958.50
|   |   |   |   |   |   |   |   |   |--- feature_11 <= 7.23
|   |   |   |   |   |   |   |   |   |   |--- feature_0 <= 2002.00
|   |   |   |   |   |   |   |   |   |   |   |--- truncated branch of depth 3
|   |   |   |   |   |   |   |   |   |   |--- feature_0 >  2002.00
|   |   |   |   |   |   |   |   |   |   |   |--- class: positive
|   |   |   |   |   |   |   |   |   |--- feature_11 >  7.23
|   |   |   |   |   |   |   |   |   |   |--- class: negative
|   |   |   |   |--- feature_1 >  5079.50
|   |   |   |   |   |--- feature_21 <= 1.00
|   |   |   |   |   |   |--- feature_38 <= 0.01
|   |   |   |   |   |   |   |--- feature_21 <= 0.00
|   |   |   |   |   |   |   |   |--- feature_33 <= 0.00
|   |   |   |   |   |   |   |   |   |--- feature_10 <= 135.79
|   |   |   |   |   |   |   |   |   |   |--- feature_12 <= 37.61
|   |   |   |   |   |   |   |   |   |   |   |--- truncated branch of depth 3
|   |   |   |   |   |   |   |   |   |   |--- feature_12 >  37.61
|   |   |   |   |   |   |   |   |   |   |   |--- truncated branch of depth 3
|   |   |   |   |   |   |   |   |   |--- feature_10 >  135.79
|   |   |   |   |   |   |   |   |   |   |--- feature_1 <= 7836.50
|   |   |   |   |   |   |   |   |   |   |   |--- truncated branch of depth 6
|   |   |   |   |   |   |   |   |   |   |--- feature_1 >  7836.50
|   |   |   |   |   |   |   |   |   |   |   |--- class: negative
|   |   |   |   |   |   |   |   |--- feature_33 >  0.00
|   |   |   |   |   |   |   |   |   |--- feature_1 <= 11647.50
|   |   |   |   |   |   |   |   |   |   |--- class: negative
|   |   |   |   |   |   |   |   |   |--- feature_1 >  11647.50
|   |   |   |   |   |   |   |   |   |   |--- feature_14 <= 3.50
|   |   |   |   |   |   |   |   |   |   |   |--- truncated branch of depth 3
|   |   |   |   |   |   |   |   |   |   |--- feature_14 >  3.50
|   |   |   |   |   |   |   |   |   |   |   |--- class: negative
|   |   |   |   |   |   |   |--- feature_21 >  0.00
|   |   |   |   |   |   |   |   |--- class: positive
|   |   |   |   |   |   |--- feature_38 >  0.01
|   |   |   |   |   |   |   |--- feature_38 <= 1.00
|   |   |   |   |   |   |   |   |--- class: positive
|   |   |   |   |   |   |   |--- feature_38 >  1.00
|   |   |   |   |   |   |   |   |--- feature_10 <= 10.05
|   |   |   |   |   |   |   |   |   |--- class: positive
|   |   |   |   |   |   |   |   |--- feature_10 >  10.05
|   |   |   |   |   |   |   |   |   |--- class: negative
|   |   |   |   |   |--- feature_21 >  1.00
|   |   |   |   |   |   |--- feature_0 <= 1960.00
|   |   |   |   |   |   |   |--- feature_0 <= 1955.50
|   |   |   |   |   |   |   |   |--- class: negative
|   |   |   |   |   |   |   |--- feature_0 >  1955.50
|   |   |   |   |   |   |   |   |--- class: positive
|   |   |   |   |   |   |--- feature_0 >  1960.00
|   |   |   |   |   |   |   |--- class: negative
|   |   |   |--- feature_34 >  0.00
|   |   |   |   |--- class: positive
|   |   |--- feature_34 >  1.00
|   |   |   |--- feature_24 <= 0.00
|   |   |   |   |--- feature_8 <= 1.50
|   |   |   |   |   |--- class: negative
|   |   |   |   |--- feature_8 >  1.50
|   |   |   |   |   |--- feature_11 <= 6.65
|   |   |   |   |   |   |--- feature_10 <= 136.25
|   |   |   |   |   |   |   |--- feature_2 <= 7.50
|   |   |   |   |   |   |   |   |--- feature_11 <= 6.30
|   |   |   |   |   |   |   |   |   |--- class: negative
|   |   |   |   |   |   |   |   |--- feature_11 >  6.30
|   |   |   |   |   |   |   |   |   |--- class: positive
|   |   |   |   |   |   |   |--- feature_2 >  7.50
|   |   |   |   |   |   |   |   |--- feature_11 <= 5.95
|   |   |   |   |   |   |   |   |   |--- feature_13 <= 4.50
|   |   |   |   |   |   |   |   |   |   |--- feature_11 <= 5.55
|   |   |   |   |   |   |   |   |   |   |   |--- class: negative
|   |   |   |   |   |   |   |   |   |   |--- feature_11 >  5.55
|   |   |   |   |   |   |   |   |   |   |   |--- truncated branch of depth 2
|   |   |   |   |   |   |   |   |   |--- feature_13 >  4.50
|   |   |   |   |   |   |   |   |   |   |--- feature_10 <= 32.15
|   |   |   |   |   |   |   |   |   |   |   |--- class: negative
|   |   |   |   |   |   |   |   |   |   |--- feature_10 >  32.15
|   |   |   |   |   |   |   |   |   |   |   |--- truncated branch of depth 2
|   |   |   |   |   |   |   |   |--- feature_11 >  5.95
|   |   |   |   |   |   |   |   |   |--- class: negative
|   |   |   |   |   |   |--- feature_10 >  136.25
|   |   |   |   |   |   |   |--- class: positive
|   |   |   |   |   |--- feature_11 >  6.65
|   |   |   |   |   |   |--- class: negative
|   |   |   |--- feature_24 >  0.00
|   |   |   |   |--- feature_13 <= 5.99
|   |   |   |   |   |--- class: positive
|   |   |   |   |--- feature_13 >  5.99
|   |   |   |   |   |--- class: negative
