|--- feature_15 <= 23.50
|   |--- feature_23 <= 0.00
|   |   |--- feature_15 <= 12.50
|   |   |   |--- feature_28 <= 0.02
|   |   |   |   |--- feature_12 <= 15.99
|   |   |   |   |   |--- feature_12 <= 15.34
|   |   |   |   |   |   |--- feature_1 <= 1942.00
|   |   |   |   |   |   |   |--- class: negative
|   |   |   |   |   |   |--- feature_1 >  1942.00
|   |   |   |   |   |   |   |--- feature_5 <= 37.12
|   |   |   |   |   |   |   |   |--- class: positive
|   |   |   |   |   |   |   |--- feature_5 >  37.12
|   |   |   |   |   |   |   |   |--- class: negative
|   |   |   |   |   |--- feature_12 >  15.34
|   |   |   |   |   |   |--- class: positive
|   |   |   |   |--- feature_12 >  15.99
|   |   |   |   |   |--- feature_0 <= 1959.50
|   |   |   |   |   |   |--- feature_9 <= 3.90
|   |   |   |   |   |   |   |--- feature_1 <= 284.00
|   |   |   |   |   |   |   |   |--- class: negative
|   |   |   |   |   |   |   |--- feature_1 >  284.00
|   |   |   |   |   |   |   |   |--- class: positive
|   |   |   |   |   |   |--- feature_9 >  3.90
|   |   |   |   |   |   |   |--- class: negative
|   |   |   |   |   |--- feature_0 >  1959.50
|   |   |   |   |   |   |--- feature_12 <= 18.88
|   |   |   |   |   |   |   |--- class: positive
|   |   |   |   |   |   |--- feature_12 >  18.88
|   |   |   |   |   |   |   |--- class: negative
|   |   |   |--- feature_28 >  0.02
|   |   |   |   |--- feature_9 <= 10.11
|   |   |   |   |   |--- feature_27 <= 0.46
|   |   |   |   |   |   |--- class: negative
|   |   |   |   |   |--- feature_27 >  0.46
|   |   |   |   |   |   |--- class: positive
|   |   |   |   |--- feature_9 >  10.11
|   |   |   |   |   |--- feature_7 <= 25.50
|   |   |   |   |   |   |--- feature_5 <= 39.69
|   |   |   |   |   |   |   |--- feature_1 <= 1028.50
|   |   |   |   |   |   |   |   |--- feature_51 <= 0.01
|   |   |   |   |   |   |   |   |   |--- feature_28 <= 1.00
|   |   |   |   |   |   |   |   |   |   |--- class: positive
|   |   |   |   |   |   |   |   |   |--- feature_28 >  1.00
|   |   |   |   |   |   |   |   |   |   |--- feature_13 <= 8.00
|   |   |   |   |   |   |   |   |   |   |   |--- truncated branch of depth 2
|   |   |   |   |   |   |   |   |   |   |--- feature_13 >  8.00
|   |   |   |   |   |   |   |   |   |   |   |--- truncated branch of depth 5
|   |   |   |   |   |   |   |   |--- feature_51 >  0.01
|   |   |   |   |   |   |   |   |   |--- feature_12 <= 21.30
|   |   |   |   |   |   |   |   |   |   |--- feature_1 <= 822.50
|   |   |   |   |   |   |   |   |   |   |   |--- class: negative
|   |   |   |   |   |   |   |   |   |   |--- feature_1 >  822.50
|   |   |   |   |   |   |   |   |   |   |   |--- class: positive
|   |   |   |   |   |   |   |   |   |--- feature_12 >  21.30
|   |   |   |   |   |   |   |   |   |   |--- class: positive
|   |   |   |   |   |   |   |--- feature_1 >  1028.50
|   |   |   |   |   |   |   |   |--- feature_0 <= 1962.50
|   |   |   |   |   |   |   |   |   |--- feature_28 <= 0.99
|   |   |   |   |   |   |   |   |   |   |--- class: positive
|   |   |   |   |   |   |   |   |   |--- feature_28 >  0.99
|   |   |   |   |   |   |   |   |   |   |--- class: negative
|   |   |   |   |   |   |   |   |--- feature_0 >  1962.50
|   |   |   |   |   |   |   |   |   |--- feature_22 <= 0.48
|   |   |   |   |   |   |   |   |   |   |--- class: negative
|   |   |   |   |   |   |   |   |   |--- feature_22 >  0.48
|   |   |   |   |   |   |   |   |   |   |--- class: positive
|   |   |   |   |   |   |--- feature_5 >  39.69
|   |   |   |   |   |   |   |--- class: negative
|   |   |   |   |   |--- feature_7 >  25.50
|   |   |   |   |   |   |--- class: negative
|   |   |--- feature_15 >  12.50
|   |   |   |--- class: positive
|   |--- feature_23 >  0.00
|   |   |--- feature_23 <= 1.00
|   |   |   |--- class: positive
|   |   |--- feature_23 >  1.00
|   |   |   |--- feature_1 <= 2050.00
|   |   |   |   |--- feature_15 <= 12.50
|   |   |   |   |   |--- feature_1 <= 699.00
|   |   |   |   |   |   |--- feature_6 <= -94.25
|   |   |   |   |   |   |   |--- class: negative
|   |   |   |   |   |   |--- feature_6 >  -94.25
|   |   |   |   |   |   |   |--- feature_6 <= -91.76
|   |   |   |   |   |   |   |   |--- feature_10 <= 52.55
|   |   |   |   |   |   |   |   |   |--- feature_7 <= 21.50
|   |   |   |   |   |   |   |   |   |   |--- class: negative
|   |   |   |   |   |   |   |   |   |--- feature_7 >  21.50
|   |   |   |   |   |   |   |   |   |   |--- class: positive
|   |   |   |   |   |   |   |   |--- feature_10 >  52.55
|   |   |   |   |   |   |   |   |   |--- feature_12 <= 31.00
|   |   |   |   |   |   |   |   |   |   |--- feature_2 <= 10.50
|   |   |   |   |   |   |   |   |   |   |   |--- truncated branch of depth 4
|   |   |   |   |   |   |   |   |   |   |--- feature_2 >  10.50
|   |   |   |   |   |   |   |   |   |   |   |--- class: negative
|   |   |   |   |   |   |   |   |   |--- feature_12 >  31.00
|   |   |   |   |   |   |   |   |   |   |--- feature_10 <= 65.05
|   |   |   |   |   |   |   |   |   |   |   |--- class: positive
|   |   |   |   |   |   |   |   |   |   |--- feature_10 >  65.05
|   |   |   |   |   |   |   |   |   |   |   |--- class: negative
|   |   |   |   |   |   |   |--- feature_6 >  -91.76
|   |   |   |   |   |   |   |   |--- class: negative
|   |   |   |   |   |--- feature_1 >  699.00
|   |   |   |   |   |   |--- feature_6 <= -94.41
|   |   |   |   |   |   |   |--- feature_12 <= 41.00
|   |   |   |   |   |   |   |   |--- class: positive
|   |   |   |   |   |   |   |--- feature_12 >  41.00
|   |   |   |   |   |   |   |   |--- class: negative
|   |   |   |   |   |   |--- feature_6 >  -94.41
|   |   |   |   |   |   |   |--- class: negative
|   |   |   |   |--- feature_15 >  12.50
|   |   |   |   |   |--- class: positive
|   |   |   |--- feature_1 >  2050.00
|   |   |   |   |--- feature_5 <= 37.30
|   |   |   |   |   |--- class: negative
|   |   |   |   |--- feature_5 >  37.30
|   |   |   |   |   |--- feature_6 <= -94.22
|   |   |   |   |   |   |--- feature_0 <= 1963.50
|   |   |   |   |   |   |   |--- class: negative
|   |   |   |   |   |   |--- feature_0 >  1963.50
|   |   |   |   |   |   |   |--- feature_1 <= 4336.50
|   |   |   |   |   |   |   |   |--- class: negative
|   |   |   |   |   |   |   |--- feature_1 >  4336.50
|   |   |   |   |   |   |   |   |--- class: positive
|   |   |   |   |   |--- feature_6 >  -94.22
|   |   |   |   |   |   |--- feature_7 <= 4.50
|   |   |   |   |   |   |   |--- feature_0 <= 1950.00
|   |   |   |   |   |   |   |   |--- class: negative
|   |   |   |   |   |   |   |--- feature_0 >  1950.00
|   |   |   |   |   |   |   |   |--- feature_1 <= 7222.50
|   |   |   |   |   |   |   |   |   |--- class: positive
|   |   |   |   |   |   |   |   |--- feature_1 >  7222.50
|   |   |   |   |   |   |   |   |   |--- feature_31 <= 0.43
|   |   |   |   |   |   |   |   |   |   |--- class: negative
|   |   |   |   |   |   |   |   |   |--- feature_31 >  0.43
|   |   |   |   |   |   |   |   |   |   |--- class: positive
|   |   |   |   |   |   |--- feature_7 >  4.50
|   |   |   |   |   |   |   |--- class: positive
|--- feature_15 >  23.50
|   |--- feature_0 <= 1979.50
|   |   |--- feature_24 <= 0.00
|   |   |   |--- feature_47 <= 1.00
|   |   |   |   |--- feature_47 <= 0.00
|   |   |   |   |   |--- feature_14 <= 1.50
|   |   |   |   |   |   |--- feature_17 <= 0.00
|   |   |   |   |   |   |   |--- feature_1 <= 19.50
|   |   |   |   |   |   |   |   |--- feature_10 <= 15.65
|   |   |   |   |   |   |   |   |   |--- feature_10 <= 15.20
|   |   |   |   |   |   |   |   |   |   |--- feature_2 <= 9.50
|   |   |   |   |   |   |   |   |   |   |   |--- truncated branch of depth 2
|   |   |   |   |   |   |   |   |   |   |--- feature_2 >  9.50
|   |   |   |   |   |   |   |   |   |   |   |--- truncated branch of depth 4
|   |   |   |   |   |   |   |   |   |--- feature_10 >  15.20
|   |   |   |   |   |   |   |   |   |   |--- feature_13 <= 8.00
|   |   |   |   |   |   |   |   |   |   |   |--- truncated branch of depth 2
|   |   |   |   |   |   |   |   |   |   |--- feature_13 >  8.00
|   |   |   |   |   |   |   |   |   |   |   |--- class: negative
|   |   |   |   |   |   |   |   |--- feature_10 >  15.65
|   |   |   |   |   |   |   |   |   |--- class: negative
|   |   |   |   |   |   |   |--- feature_1 >  19.50
|   |   |   |   |   |   |   |   |--- feature_10 <= 74.04
|   |   |   |   |   |   |   |   |   |--- feature_1 <= 812.50
|   |   |   |   |   |   |   |   |   |   |--- feature_2 <= 2.00
|   |   |   |   |   |   |   |   |   |   |   |--- class: positive
|   |   |   |   |   |   |   |   |   |   |--- feature_2 >  2.00
|   |   |   |   |   |   |   |   |   |   |   |--- truncated branch of depth 4
|   |   |   |   |   |   |   |   |   |--- feature_1 >  812.50
|   |   |   |   |   |   |   |   |   |   |--- feature_34 <= 0.01
|   |   |   |   |   |   |   |   |   |   |   |--- class: negative
|   |   |   |   |   |   |   |   |   |   |--- feature_34 >  0.01
|   |   |   |   |   |   |   |   |   |   |   |--- truncated branch of depth 3
|   |   |   |   |   |   |   |   |--- feature_10 >  74.04
|   |   |   |   |   |   |   |   |   |--- feature_6 <= -92.10
|   |   |   |   |   |   |   |   |   |   |--- feature_12 <= 16.96
|   |   |   |   |   |   |   |   |   |   |   |--- truncated branch of depth 2
|   |   |   |   |   |   |   |   |   |   |--- feature_12 >  16.96
|   |   |   |   |   |   |   |   |   |   |   |--- class: negative
|   |   |   |   |   |   |   |   |   |--- feature_6 >  -92.10
|   |   |   |   |   |   |   |   |   |   |--- class: negative
|   |   |   |   |   |   |--- feature_17 >  0.00
|   |   |   |   |   |   |   |--- feature_17 <= 1.00
|   |   |   |   |   |   |   |   |--- class: positive
|   |   |   |   |   |   |   |--- feature_17 >  1.00
|   |   |   |   |   |   |   |   |--- feature_13 <= 4.97
|   |   |   |   |   |   |   |   |   |--- feature_0 <= 1926.00
|   |   |   |   |   |   |   |   |   |   |--- class: negative
|   |   |   |   |   |   |   |   |   |--- feature_0 >  1926.00
|   |   |   |   |   |   |   |   |   |   |--- feature_11 <= 4.50
|   |   |   |   |   |   |   |   |   |   |   |--- truncated branch of depth 6
|   |   |   |   |   |   |   |   |   |   |--- feature_11 >  4.50
|   |   |   |   |   |   |   |   |   |   |   |--- truncated branch of depth 2
|   |   |   |   |   |   |   |   |--- feature_13 >  4.97
|   |   |   |   |   |   |   |   |   |--- feature_27 <= 0.50
|   |   |   |   |   |   |   |   |   |   |--- class: negative
|   |   |   |   |   |   |   |   |   |--- feature_27 >  0.50
|   |   |   |   |   |   |   |   |   |   |--- feature_5 <= 36.88
|   |   |   |   |   |   |   |   |   |   |   |--- class: positive
|   |   |   |   |   |   |   |   |   |   |--- feature_5 >  36.88
|   |   |   |   |   |   |   |   |   |   |   |--- class: negative
|   |   |   |   |   |--- feature_14 >  1.50
|   |   |   |   |   |   |--- feature_38 <= 0.00
|   |   |   |   |   |   |   |--- feature_11 <= 6.00
|   |   |   |   |   |   |   |   |--- feature_28 <= 0.00
|   |   |   |   |   |   |   |   |   |--- feature_9 <= 45.90
|   |   |   |   |   |   |   |   |   |   |--- feature_13 <= 4.50
|   |   |   |   |   |   |   |   |   |   |   |--- truncated branch of depth 2
|   |   |   |   |   |   |   |   |   |   |--- feature_13 >  4.50
|   |   |   |   |   |   |   |   |   |   |   |--- class: negative
|   |   |   |   |   |   |   |   |   |--- feature_9 >  45.90
|   |   |   |   |   |   |   |   |   |   |--- class: positive
|   |   |   |   |   |   |   |   |--- feature_28 >  0.00
|   |   |   |   |   |   |   |   |   |--- feature_28 <= 0.99
|   |   |   |   |   |   |   |   |   |   |--- class: positive
|   |   |   |   |   |   |   |   |   |--- feature_28 >  0.99
|   |   |   |   |   |   |   |   |   |   |--- class: negative
|   |   |   |   |   |   |   |--- feature_11 >  6.00
|   |   |   |   |   |   |   |   |--- feature_11 <= 12.54
|   |   |   |   |   |   |   |   |   |--- feature_10 <= 15.35
|   |   |   |   |   |   |   |   |   |   |--- feature_9 <= 13.60
|   |   |   |   |   |   |   |   |   |   |   |--- truncated branch of depth 4
|   |   |   |   |   |   |   |   |   |   |--- feature_9 >  13.60
|   |   |   |   |   |   |   |   |   |   |   |--- truncated branch of depth 4
|   |   |   |   |   |   |   |   |   |--- feature_10 >  15.35
|   |   |   |   |   |   |   |   |   |   |--- class: negative
|   |   |   |   |   |   |   |   |--- feature_11 >  12.54
|   |   |   |   |   |   |   |   |   |--- feature_12 <= 32.91
|   |   |   |   |   |   |   |   |   |   |--- feature_11 <= 13.75
|   |   |   |   |   |   |   |   |   |   |   |--- class: positive
|   |   |   |   |   |   |   |   |   |   |--- feature_11 >  13.75
|   |   |   |   |   |   |   |   |   |   |   |--- class: negative
|   |   |   |   |   |   |   |   |   |--- feature_12 >  32.91
|   |   |   |   |   |   |   |   |   |   |--- class: negative
|   |   |   |   |   |   |--- feature_38 >  0.00
|   |   |   |   |   |   |   |--- feature_17 <= 0.02
|   |   |   |   |   |   |   |   |--- feature_33 <= 0.50
|   |   |   |   |   |   |   |   |   |--- class: negative
|   |   |   |   |   |   |   |   |--- feature_33 >  0.50
|   |   |   |   |   |   |   |   |   |--- feature_5 <= 38.72
|   |   |   |   |   |   |   |   |   |   |--- class: negative
|   |   |   |   |   |   |   |   |   |--- feature_5 >  38.72
|   |   |   |   |   |   |   |   |   |   |--- class: positive
|   |   |   |   |   |   |   |--- feature_17 >  0.02
|   |   |   |   |   |   |   |   |--- class: positive
|   |   |   |   |--- feature_47 >  0.00
|   |   |   |   |   |--- class: positive
|   |   |   |--- feature_47 >  1.00
|   |   |   |   |--- feature_13 <= 5.00
|   |   |   |   |   |--- feature_12 <= 19.90
|   |   |   |   |   |   |--- feature_7 <= 1.00
|   |   |   |   |   |   |   |--- feature_2 <= 9.50
|   |   |   |   |   |   |   |   |--- feature_1 <= 14.50
|   |   |   |   |   |   |   |   |   |--- feature_12 <= 11.50
|   |   |   |   |   |   |   |   |   |   |--- class: negative
|   |   |   |   |   |   |   |   |   |--- feature_12 >  11.50
|   |   |   |   |   |   |   |   |   |   |--- class: positive
|   |   |   |   |   |   |   |   |--- feature_1 >  14.50
|   |   |   |   |   |   |   |   |   |--- class: negative
|   |   |   |   |   |   |   |--- feature_2 >  9.50
|   |   |   |   |   |   |   |   |--- feature_6 <= -93.67
|   |   |   |   |   |   |   |   |   |--- feature_6 <= -93.68
|   |   |   |   |   |   |   |   |   |   |--- feature_12 <= 15.63
|   |   |   |   |   |   |   |   |   |   |   |--- class: negative
|   |   |   |   |   |   |   |   |   |   |--- feature_12 >  15.63
|   |   |   |   |   |   |   |   |   |   |   |--- truncated branch of depth 4
|   |   |   |   |   |   |   |   |   |--- feature_6 >  -93.68
|   |   |   |   |   |   |   |   |   |   |--- class: positive
|   |   |   |   |   |   |   |   |--- feature_6 >  -93.67
|   |   |   |   |   |   |   |   |   |--- class: negative
|   |   |   |   |   |   |--- feature_7 >  1.00
|   |   |   |   |   |   |   |--- feature_0 <= 1925.50
|   |   |   |   |   |   |   |   |--- feature_11 <= 4.97
|   |   |   |   |   |   |   |   |   |--- class: positive
|   |   |   |   |   |   |   |   |--- feature_11 >  4.97
|   |   |   |   |   |   |   |   |   |--- class: negative
|   |   |   |   |   |   |   |--- feature_0 >  1925.50
|   |   |   |   |   |   |   |   |--- class: negative
|   |   |   |   |   |--- feature_12 >  19.90
|   |   |   |   |   |   |--- feature_1 <= 2423.50
|   |   |   |   |   |   |   |--- class: negative
|   |   |   |   |   |   |--- feature_1 >  2423.50
|   |   |   |   |   |   |   |--- feature_1 <= 2557.00
|   |   |   |   |   |   |   |   |--- class: positive
|   |   |   |   |   |   |   |--- feature_1 >  2557.00
|   |   |   |   |   |   |   |   |--- feature_5 <= 39.86
|   |   |   |   |   |   |   |   |   |--- class: negative
|   |   |   |   |   |   |   |   |--- feature_5 >  39.86
|   |   |   |   |   |   |   |   |   |--- feature_1 <= 5467.50
|   |   |   |   |   |   |   |   |   |   |--- class: negative
|   |   |   |   |   |   |   |   |   |--- feature_1 >  5467.50
|   |   |   |   |   |   |   |   |   |   |--- class: positive
|   |   |   |   |--- feature_13 >  5.00
|   |   |   |   |   |--- feature_13 <= 6.99
|   |   |   |   |   |   |--- class: positive
|   |   |   |   |   |--- feature_13 >  6.99
|   |   |   |   |   |   |--- feature_0 <= 1932.50
|   |   |   |   |   |   |   |--- class: negative
|   |   |   |   |   |   |--- feature_0 >  1932.50
|   |   |   |   |   |   |   |--- feature_5 <= 37.38
|   |   |   |   |   |   |   |   |--- feature_7 <= 31.50
|   |   |   |   |   |   |   |   |   |--- feature_5 <= 37.35
|   |   |   |   |   |   |   |   |   |   |--- class: negative
|   |   |   |   |   |   |   |   |   |--- feature_5 >  37.35
|   |   |   |   |   |   |   |   |   |   |--- feature_9 <= 19.47
|   |   |   |   |   |   |   |   |   |   |   |--- class: negative
|   |   |   |   |   |   |   |   |   |   |--- feature_9 >  19.47
|   |   |   |   |   |   |   |   |   |   |   |--- class: positive
|   |   |   |   |   |   |   |   |--- feature_7 >  31.50
|   |   |   |   |   |   |   |   |   |--- feature_7 <= 34.50
|   |   |   |   |   |   |   |   |   |   |--- feature_9 <= 24.15
|   |   |   |   |   |   |   |   |   |   |   |--- class: positive
|   |   |   |   |   |   |   |   |   |   |--- feature_9 >  24.15
|   |   |   |   |   |   |   |   |   |   |   |--- class: negative
|   |   |   |   |   |   |   |   |   |--- feature_7 >  34.50
|   |   |   |   |   |   |   |   |   |   |--- feature_5 <= 36.54
|   |   |   |   |   |   |   |   |   |   |   |--- truncated branch of depth 2
|   |   |   |   |   |   |   |   |   |   |--- feature_5 >  36.54
|   |   |   |   |   |   |   |   |   |   |   |--- class: negative
|   |   |   |   |   |   |   |--- feature_5 >  37.38
|   |   |   |   |   |   |   |   |--- feature_7 <= 0.50
|   |   |   |   |   |   |   |   |   |--- feature_1 <= 56.50
|   |   |   |   |   |   |   |   |   |   |--- feature_34 <= 1.00
|   |   |   |   |   |   |   |   |   |   |   |--- truncated branch of depth 4
|   |   |   |   |   |   |   |   |   |   |--- feature_34 >  1.00
|   |   |   |   |   |   |   |   |   |   |   |--- truncated branch of depth 5
|   |   |   |   |   |   |   |   |   |--- feature_1 >  56.50
|   |   |   |   |   |   |   |   |   |   |--- feature_1 <= 5595.00
|   |   |   |   |   |   |   |   |   |   |   |--- truncated branch of depth 3
|   |   |   |   |   |   |   |   |   |   |--- feature_1 >  5595.00
|   |   |   |   |   |   |   |   |   |   |   |--- truncated branch of depth 7
|   |   |   |   |   |   |   |   |--- feature_7 >  0.50
|   |   |   |   |   |   |   |   |   |--- feature_6 <= -90.46
|   |   |   |   |   |   |   |   |   |   |--- feature_12 <= 41.96
|   |   |   |   |   |   |   |   |   |   |   |--- truncated branch of depth 10
|   |   |   |   |   |   |   |   |   |   |--- feature_12 >  41.96
|   |   |   |   |   |   |   |   |   |   |   |--- truncated branch of depth 5
|   |   |   |   |   |   |   |   |   |--- feature_6 >  -90.46
|   |   |   |   |   |   |   |   |   |   |--- class: negative
|   |   |--- feature_24 >  0.00
|   |   |   |--- feature_24 <= 1.00
|   |   |   |   |--- class: positive
|   |   |   |--- feature_24 >  1.00
|   |   |   |   |--- feature_13 <= 8.00
|   |   |   |   |   |--- feature_1 <= 34.50
|   |   |   |   |   |   |--- feature_12 <= 5.52
|   |   |   |   |   |   |   |--- class: negative
|   |   |   |   |   |   |--- feature_12 >  5.52
|   |   |   |   |   |   |   |--- feature_5 <= 40.11
|   |   |   |   |   |   |   |   |--- feature_11 <= 3.40
|   |   |   |   |   |   |   |   |   |--- class: negative
|   |   |   |   |   |   |   |   |--- feature_11 >  3.40
|   |   |   |   |   |   |   |   |   |--- class: positive
|   |   |   |   |   |   |   |--- feature_5 >  40.11
|   |   |   |   |   |   |   |   |--- class: negative
|   |   |   |   |   |--- feature_1 >  34.50
|   |   |   |   |   |   |--- feature_10 <= 8.35
|   |   |   |   |   |   |   |--- class: positive
|   |   |   |   |   |   |--- feature_10 >  8.35
|   |   |   |   |   |   |   |--- class: negative
|   |   |   |   |--- feature_13 >  8.00
|   |   |   |   |   |--- feature_11 <= 3.45
|   |   |   |   |   |   |--- class: positive
|   |   |   |   |   |--- feature_11 >  3.45
|   |   |   |   |   |   |--- feature_1 <= 17.50
|   |   |   |   |   |   |   |--- feature_5 <= 36.33
|   |   |   |   |   |   |   |   |--- feature_6 <= -89.95
|   |   |   |   |   |   |   |   |   |--- class: positive
|   |   |   |   |   |   |   |   |--- feature_6 >  -89.95
|   |   |   |   |   |   |   |   |   |--- class: negative
|   |   |   |   |   |   |   |--- feature_5 >  36.33
|   |   |   |   |   |   |   |   |--- class: negative
|   |   |   |   |   |   |--- feature_1 >  17.50
|   |   |   |   |   |   |   |--- class: negative
|   |--- feature_0 >  1979.50
|   |   |--- feature_1 <= 11002.50
|   |   |   |--- feature_31 <= 0.03
|   |   |   |   |--- feature_6 <= -95.08
|   |   |   |   |   |--- feature_9 <= 10.50
|   |   |   |   |   |   |--- class: positive
|   |   |   |   |   |--- feature_9 >  10.50
|   |   |   |   |   |   |--- class: negative
|   |   |   |   |--- feature_6 >  -95.08
|   |   |   |   |   |--- class: negative
|   |   |   |--- feature_31 >  0.03
|   |   |   |   |--- feature_31 <= 1.00
|   |   |   |   |   |--- class: positive
|   |   |   |   |--- feature_31 >  1.00
|   |   |   |   |   |--- feature_22 <= 0.00
|   |   |   |   |   |   |--- feature_11 <= 3.20
|   |   |   |   |   |   |   |--- class: positive
|   |   |   |   |   |   |--- feature_11 >  3.20
|   |   |   |   |   |   |   |--- feature_12 <= 72.95
|   |   |   |   |   |   |   |   |--- class: negative
|   |   |   |   |   |   |   |--- feature_12 >  72.95
|   |   |   |   |   |   |   |   |--- feature_12 <= 73.40
|   |   |   |   |   |   |   |   |   |--- feature_1 <= 239.00
|   |   |   |   |   |   |   |   |   |   |--- class: positive
|   |   |   |   |   |   |   |   |   |--- feature_1 >  239.00
|   |   |   |   |   |   |   |   |   |   |--- class: negative
|   |   |   |   |   |   |   |   |--- feature_12 >  73.40
|   |   |   |   |   |   |   |   |   |--- feature_16 <= 0.50
|   |   |   |   |   |   |   |   |   |   |--- class: negative
|   |   |   |   |   |   |   |   |   |--- feature_16 >  0.50
|   |   |   |   |   |   |   |   |   |   |--- feature_0 <= 2005.50
|   |   |   |   |   |   |   |   |   |   |   |--- class: negative
|   |   |   |   |   |   |   |   |   |   |--- feature_0 >  2005.50
|   |   |   |   |   |   |   |   |   |   |   |--- class: positive
|   |   |   |   |   |--- feature_22 >  0.00
|   |   |   |   |   |   |--- feature_45 <= 0.00
|   |   |   |   |   |   |   |--- feature_0 <= 2004.50
|   |   |   |   |   |   |   |   |--- class: negative
|   |   |   |   |   |   |   |--- feature_0 >  2004.50
|   |   |   |   |   |   |   |   |--- feature_5 <= 40.07
|   |   |   |   |   |   |   |   |   |--- class: negative
|   |   |   |   |   |   |   |   |--- feature_5 >  40.07
|   |   |   |   |   |   |   |   |   |--- feature_10 <= 31.71
|   |   |   |   |   |   |   |   |   |   |--- feature_0 <= 2005.50
|   |   |   |   |   |   |   |   |   |   |   |--- truncated branch of depth 5
|   |   |   |   |   |   |   |   |   |   |--- feature_0 >  2005.50
|   |   |   |   |   |   |   |   |   |   |   |--- class: negative
|   |   |   |   |   |   |   |   |   |--- feature_10 >  31.71
|   |   |   |   |   |   |   |   |   |   |--- feature_5 <= 40.51
|   |   |   |   |   |   |   |   |   |   |   |--- class: positive
|   |   |   |   |   |   |   |   |   |   |--- feature_5 >  40.51
|   |   |   |   |   |   |   |   |   |   |   |--- class: negative
|   |   |   |   |   |   |--- feature_45 >  0.00
|   |   |   |   |   |   |   |--- class: positive
|   |   |--- feature_1 >  11002.50
|   |   |   |--- feature_21 <= 1.00
|   |   |   |   |--- feature_7 <= 2.00
|   |   |   |   |   |--- class: negative
|   |   |   |   |--- feature_7 >  2.00
|   |   |   |   |   |--- feature_10 <= 188.20
|   |   |   |   |   |   |--- feature_33 <= 0.00
|   |   |   |   |   |   |   |--- feature_21 <= 0.02
|   |   |   |   |   |   |   |   |--- feature_7 <= 12.00
|   |   |   |   |   |   |   |   |   |--- class: positive
|   |   |   |   |   |   |   |   |--- feature_7 >  12.00
|   |   |   |   |   |   |   |   |   |--- class: negative
|   |   |   |   |   |   |   |--- feature_21 >  0.02
|   |   |   |   |   |   |   |   |--- class: positive
|   |   |   |   |   |   |--- feature_33 >  0.00
|   |   |   |   |   |   |   |--- class: positive
|   |   |   |   |   |--- feature_10 >  188.20
|   |   |   |   |   |   |--- class: negative
|   |   |   |--- feature_21 >  1.00
|   |   |   |   |--- class: negative
