|--- feature_15 <= 23.50
|   |--- feature_23 <= 0.00
|   |   |--- feature_15 <= 12.50
|   |   |   |--- feature_28 <= 0.00
|   |   |   |   |--- feature_11 <= 6.10
|   |   |   |   |   |--- feature_11 <= 5.99
|   |   |   |   |   |   |--- feature_1 <= 1775.00
|   |   |   |   |   |   |   |--- class: negative
|   |   |   |   |   |   |--- feature_1 >  1775.00
|   |   |   |   |   |   |   |--- feature_5 <= 37.12
|   |   |   |   |   |   |   |   |--- class: positive
|   |   |   |   |   |   |   |--- feature_5 >  37.12
|   |   |   |   |   |   |   |   |--- class: negative
|   |   |   |   |   |--- feature_11 >  5.99
|   |   |   |   |   |   |--- class: positive
|   |   |   |   |--- feature_11 >  6.10
|   |   |   |   |   |--- feature_9 <= 3.90
|   |   |   |   |   |   |--- class: positive
|   |   |   |   |   |--- feature_9 >  3.90
|   |   |   |   |   |   |--- feature_0 <= 1959.50
|   |   |   |   |   |   |   |--- class: negative
|   |   |   |   |   |   |--- feature_0 >  1959.50
|   |   |   |   |   |   |   |--- feature_12 <= 18.00
|   |   |   |   |   |   |   |   |--- class: positive
|   |   |   |   |   |   |   |--- feature_12 >  18.00
|   |   |   |   |   |   |   |   |--- class: negative
|   |   |   |--- feature_28 >  0.00
|   |   |   |   |--- feature_9 <= 10.24
|   |   |   |   |   |--- feature_28 <= 0.54
|   |   |   |   |   |   |--- class: positive
|   |   |   |   |   |--- feature_28 >  0.54
|   |   |   |   |   |   |--- class: negative
|   |   |   |   |--- feature_9 >  10.24
|   |   |   |   |   |--- feature_47 <= 0.00
|   |   |   |   |   |   |--- feature_13 <= 7.97
|   |   |   |   |   |   |   |--- feature_13 <= 5.03
|   |   |   |   |   |   |   |   |--- feature_10 <= 348.42
|   |   |   |   |   |   |   |   |   |--- feature_9 <= 10.50
|   |   |   |   |   |   |   |   |   |   |--- class: positive
|   |   |   |   |   |   |   |   |   |--- feature_9 >  10.50
|   |   |   |   |   |   |   |   |   |   |--- class: negative
|   |   |   |   |   |   |   |   |--- feature_10 >  348.42
|   |   |   |   |   |   |   |   |   |--- feature_13 <= 4.99
|   |   |   |   |   |   |   |   |   |   |--- class: positive
|   |   |   |   |   |   |   |   |   |--- feature_13 >  4.99
|   |   |   |   |   |   |   |   |   |   |--- class: negative
|   |   |   |   |   |   |   |--- feature_13 >  5.03
|   |   |   |   |   |   |   |   |--- class: positive
|   |   |   |   |   |   |--- feature_13 >  7.97
|   |   |   |   |   |   |   |--- feature_9 <= 57.98
|   |   |   |   |   |   |   |   |--- feature_10 <= 27.70
|   |   |   |   |   |   |   |   |   |--- feature_1 <= 123.00
|   |   |   |   |   |   |   |   |   |   |--- class: positive
|   |   |   |   |   |   |   |   |   |--- feature_1 >  123.00
|   |   |   |   |   |   |   |   |   |   |--- feature_5 <= 37.51
|   |   |   |   |   |   |   |   |   |   |   |--- truncated branch of depth 2
|   |   |   |   |   |   |   |   |   |   |--- feature_5 >  37.51
|   |   |   |   |   |   |   |   |   |   |   |--- class: negative
|   |   |   |   |   |   |   |   |--- feature_10 >  27.70
|   |   |   |   |   |   |   |   |   |--- class: negative
|   |   |   |   |   |   |   |--- feature_9 >  57.98
|   |   |   |   |   |   |   |   |--- class: positive
|   |   |   |   |   |--- feature_47 >  0.00
|   |   |   |   |   |   |--- feature_47 <= 1.00
|   |   |   |   |   |   |   |--- class: positive
|   |   |   |   |   |   |--- feature_47 >  1.00
|   |   |   |   |   |   |   |--- feature_11 <= 6.70
|   |   |   |   |   |   |   |   |--- feature_5 <= 38.08
|   |   |   |   |   |   |   |   |   |--- feature_1 <= 346.50
|   |   |   |   |   |   |   |   |   |   |--- feature_9 <= 13.45
|   |   |   |   |   |   |   |   |   |   |   |--- class: negative
|   |   |   |   |   |   |   |   |   |   |--- feature_9 >  13.45
|   |   |   |   |   |   |   |   |   |   |   |--- class: positive
|   |   |   |   |   |   |   |   |   |--- feature_1 >  346.50
|   |   |   |   |   |   |   |   |   |   |--- feature_9 <= 17.10
|   |   |   |   |   |   |   |   |   |   |   |--- class: negative
|   |   |   |   |   |   |   |   |   |   |--- feature_9 >  17.10
|   |   |   |   |   |   |   |   |   |   |   |--- truncated branch of depth 2
|   |   |   |   |   |   |   |   |--- feature_5 >  38.08
|   |   |   |   |   |   |   |   |   |--- class: negative
|   |   |   |   |   |   |   |--- feature_11 >  6.70
|   |   |   |   |   |   |   |   |--- feature_5 <= 37.40
|   |   |   |   |   |   |   |   |   |--- class: negative
|   |   |   |   |   |   |   |   |--- feature_5 >  37.40
|   |   |   |   |   |   |   |   |   |--- feature_1 <= 1957.00
|   |   |   |   |   |   |   |   |   |   |--- feature_6 <= -94.65
|   |   |   |   |   |   |   |   |   |   |   |--- class: negative
|   |   |   |   |   |   |   |   |   |   |--- feature_6 >  -94.65
|   |   |   |   |   |   |   |   |   |   |   |--- class: positive
|   |   |   |   |   |   |   |   |   |--- feature_1 >  1957.00
|   |   |   |   |   |   |   |   |   |   |--- class: negative
|   |   |--- feature_15 >  12.50
|   |   |   |--- class: positive
|   |--- feature_23 >  0.00
|   |   |--- feature_23 <= 1.00
|   |   |   |--- class: positive
|   |   |--- feature_23 >  1.00
|   |   |   |--- feature_1 <= 2050.00
|   |   |   |   |--- feature_15 <= 12.50
|   |   |   |   |   |--- feature_6 <= -91.76
|   |   |   |   |   |   |--- feature_12 <= 30.99
|   |   |   |   |   |   |   |--- feature_0 <= 1952.50
|   |   |   |   |   |   |   |   |--- class: negative
|   |   |   |   |   |   |   |--- feature_0 >  1952.50
|   |   |   |   |   |   |   |   |--- feature_10 <= 52.48
|   |   |   |   |   |   |   |   |   |--- feature_7 <= 19.00
|   |   |   |   |   |   |   |   |   |   |--- class: negative
|   |   |   |   |   |   |   |   |   |--- feature_7 >  19.00
|   |   |   |   |   |   |   |   |   |   |--- class: positive
|   |   |   |   |   |   |   |   |--- feature_10 >  52.48
|   |   |   |   |   |   |   |   |   |--- feature_2 <= 10.50
|   |   |   |   |   |   |   |   |   |   |--- feature_1 <= 1486.50
|   |   |   |   |   |   |   |   |   |   |   |--- truncated branch of depth 5
|   |   |   |   |   |   |   |   |   |   |--- feature_1 >  1486.50
|   |   |   |   |   |   |   |   |   |   |   |--- class: negative
|   |   |   |   |   |   |   |   |   |--- feature_2 >  10.50
|   |   |   |   |   |   |   |   |   |   |--- class: negative
|   |   |   |   |   |   |--- feature_12 >  30.99
|   |   |   |   |   |   |   |--- feature_10 <= 64.90
|   |   |   |   |   |   |   |   |--- feature_5 <= 38.48
|   |   |   |   |   |   |   |   |   |--- class: positive
|   |   |   |   |   |   |   |   |--- feature_5 >  38.48
|   |   |   |   |   |   |   |   |   |--- class: negative
|   |   |   |   |   |   |   |--- feature_10 >  64.90
|   |   |   |   |   |   |   |   |--- class: negative
|   |   |   |   |   |--- feature_6 >  -91.76
|   |   |   |   |   |   |--- class: negative
|   |   |   |   |--- feature_15 >  12.50
|   |   |   |   |   |--- class: positive
|   |   |   |--- feature_1 >  2050.00
|   |   |   |   |--- feature_5 <= 37.31
|   |   |   |   |   |--- class: negative
|   |   |   |   |--- feature_5 >  37.31
|   |   |   |   |   |--- feature_6 <= -94.22
|   |   |   |   |   |   |--- feature_0 <= 1963.50
|   |   |   |   |   |   |   |--- class: negative
|   |   |   |   |   |   |--- feature_0 >  1963.50
|   |   |   |   |   |   |   |--- feature_1 <= 4350.50
|   |   |   |   |   |   |   |   |--- class: negative
|   |   |   |   |   |   |   |--- feature_1 >  4350.50
|   |   |   |   |   |   |   |   |--- class: positive
|   |   |   |   |   |--- feature_6 >  -94.22
|   |   |   |   |   |   |--- feature_7 <= 4.50
|   |   |   |   |   |   |   |--- feature_0 <= 1950.00
|   |   |   |   |   |   |   |   |--- class: negative
|   |   |   |   |   |   |   |--- feature_0 >  1950.00
|   |   |   |   |   |   |   |   |--- feature_1 <= 7211.00
|   |   |   |   |   |   |   |   |   |--- class: positive
|   |   |   |   |   |   |   |   |--- feature_1 >  7211.00
|   |   |   |   |   |   |   |   |   |--- feature_31 <= 0.45
|   |   |   |   |   |   |   |   |   |   |--- class: negative
|   |   |   |   |   |   |   |   |   |--- feature_31 >  0.45
|   |   |   |   |   |   |   |   |   |   |--- class: positive
|   |   |   |   |   |   |--- feature_7 >  4.50
|   |   |   |   |   |   |   |--- class: positive
|--- feature_15 >  23.50
|   |--- feature_14 <= 1.50
|   |   |--- feature_22 <= 1.00
|   |   |   |--- feature_22 <= 0.00
|   |   |   |   |--- feature_24 <= 0.00
|   |   |   |   |   |--- feature_17 <= 0.00
|   |   |   |   |   |   |--- feature_36 <= 0.50
|   |   |   |   |   |   |   |--- feature_8 <= 6.50
|   |   |   |   |   |   |   |   |--- class: negative
|   |   |   |   |   |   |   |--- feature_8 >  6.50
|   |   |   |   |   |   |   |   |--- feature_10 <= 12.35
|   |   |   |   |   |   |   |   |   |--- class: positive
|   |   |   |   |   |   |   |   |--- feature_10 >  12.35
|   |   |   |   |   |   |   |   |   |--- class: negative
|   |   |   |   |   |   |--- feature_36 >  0.50
|   |   |   |   |   |   |   |--- feature_2 <= 15.00
|   |   |   |   |   |   |   |   |--- class: negative
|   |   |   |   |   |   |   |--- feature_2 >  15.00
|   |   |   |   |   |   |   |   |--- class: positive
|   |   |   |   |   |--- feature_17 >  0.00
|   |   |   |   |   |   |--- feature_17 <= 1.00
|   |   |   |   |   |   |   |--- class: positive
|   |   |   |   |   |   |--- feature_17 >  1.00
|   |   |   |   |   |   |   |--- feature_13 <= 4.97
|   |   |   |   |   |   |   |   |--- feature_0 <= 1926.00
|   |   |   |   |   |   |   |   |   |--- class: negative
|   |   |   |   |   |   |   |   |--- feature_0 >  1926.00
|   |   |   |   |   |   |   |   |   |--- feature_12 <= 28.38
|   |   |   |   |   |   |   |   |   |   |--- feature_11 <= 4.49
|   |   |   |   |   |   |   |   |   |   |   |--- truncated branch of depth 5
|   |   |   |   |   |   |   |   |   |   |--- feature_11 >  4.49
|   |   |   |   |   |   |   |   |   |   |   |--- truncated branch of depth 2
|   |   |   |   |   |   |   |   |   |--- feature_12 >  28.38
|   |   |   |   |   |   |   |   |   |   |--- class: negative
|   |   |   |   |   |   |   |--- feature_13 >  4.97
|   |   |   |   |   |   |   |   |--- feature_27 <= 0.50
|   |   |   |   |   |   |   |   |   |--- class: negative
|   |   |   |   |   |   |   |   |--- feature_27 >  0.50
|   |   |   |   |   |   |   |   |   |--- feature_5 <= 36.88
|   |   |   |   |   |   |   |   |   |   |--- class: positive
|   |   |   |   |   |   |   |   |   |--- feature_5 >  36.88
|   |   |   |   |   |   |   |   |   |   |--- class: negative
|   |   |   |   |--- feature_24 >  0.00
|   |   |   |   |   |--- feature_13 <= 7.98
|   |   |   |   |   |   |--- feature_12 <= 2.08
|   |   |   |   |   |   |   |--- feature_11 <= 3.79
|   |   |   |   |   |   |   |   |--- class: positive
|   |   |   |   |   |   |   |--- feature_11 >  3.79
|   |   |   |   |   |   |   |   |--- class: negative
|   |   |   |   |   |   |--- feature_12 >  2.08
|   |   |   |   |   |   |   |--- feature_5 <= 40.11
|   |   |   |   |   |   |   |   |--- feature_6 <= -90.06
|   |   |   |   |   |   |   |   |   |--- feature_6 <= -94.00
|   |   |   |   |   |   |   |   |   |   |--- class: negative
|   |   |   |   |   |   |   |   |   |--- feature_6 >  -94.00
|   |   |   |   |   |   |   |   |   |   |--- feature_1 <= 49.50
|   |   |   |   |   |   |   |   |   |   |   |--- class: positive
|   |   |   |   |   |   |   |   |   |   |--- feature_1 >  49.50
|   |   |   |   |   |   |   |   |   |   |   |--- class: negative
|   |   |   |   |   |   |   |   |--- feature_6 >  -90.06
|   |   |   |   |   |   |   |   |   |--- feature_1 <= 25.00
|   |   |   |   |   |   |   |   |   |   |--- class: positive
|   |   |   |   |   |   |   |   |   |--- feature_1 >  25.00
|   |   |   |   |   |   |   |   |   |   |--- class: negative
|   |   |   |   |   |   |   |--- feature_5 >  40.11
|   |   |   |   |   |   |   |   |--- class: negative
|   |   |   |   |   |--- feature_13 >  7.98
|   |   |   |   |   |   |--- feature_11 <= 3.45
|   |   |   |   |   |   |   |--- class: positive
|   |   |   |   |   |   |--- feature_11 >  3.45
|   |   |   |   |   |   |   |--- feature_5 <= 36.31
|   |   |   |   |   |   |   |   |--- feature_6 <= -89.95
|   |   |   |   |   |   |   |   |   |--- class: positive
|   |   |   |   |   |   |   |   |--- feature_6 >  -89.95
|   |   |   |   |   |   |   |   |   |--- class: negative
|   |   |   |   |   |   |   |--- feature_5 >  36.31
|   |   |   |   |   |   |   |   |--- class: negative
|   |   |   |--- feature_22 >  0.00
|   |   |   |   |--- class: positive
|   |   |--- feature_22 >  1.00
|   |   |   |--- feature_47 <= 1.00
|   |   |   |   |--- feature_47 <= 0.00
|   |   |   |   |   |--- feature_10 <= 15.65
|   |   |   |   |   |   |--- feature_10 <= 15.20
|   |   |   |   |   |   |   |--- feature_2 <= 8.50
|   |   |   |   |   |   |   |   |--- feature_11 <= 4.67
|   |   |   |   |   |   |   |   |   |--- class: negative
|   |   |   |   |   |   |   |   |--- feature_11 >  4.67
|   |   |   |   |   |   |   |   |   |--- class: positive
|   |   |   |   |   |   |   |--- feature_2 >  8.50
|   |   |   |   |   |   |   |   |--- feature_11 <= 3.65
|   |   |   |   |   |   |   |   |   |--- feature_12 <= 8.55
|   |   |   |   |   |   |   |   |   |   |--- feature_6 <= -93.12
|   |   |   |   |   |   |   |   |   |   |   |--- truncated branch of depth 2
|   |   |   |   |   |   |   |   |   |   |--- feature_6 >  -93.12
|   |   |   |   |   |   |   |   |   |   |   |--- class: negative
|   |   |   |   |   |   |   |   |   |--- feature_12 >  8.55
|   |   |   |   |   |   |   |   |   |   |--- class: negative
|   |   |   |   |   |   |   |   |--- feature_11 >  3.65
|   |   |   |   |   |   |   |   |   |--- class: negative
|   |   |   |   |   |   |--- feature_10 >  15.20
|   |   |   |   |   |   |   |--- feature_5 <= 39.77
|   |   |   |   |   |   |   |   |--- class: negative
|   |   |   |   |   |   |   |--- feature_5 >  39.77
|   |   |   |   |   |   |   |   |--- feature_13 <= 7.99
|   |   |   |   |   |   |   |   |   |--- class: positive
|   |   |   |   |   |   |   |   |--- feature_13 >  7.99
|   |   |   |   |   |   |   |   |   |--- class: negative
|   |   |   |   |   |--- feature_10 >  15.65
|   |   |   |   |   |   |--- feature_10 <= 83.35
|   |   |   |   |   |   |   |--- class: negative
|   |   |   |   |   |   |--- feature_10 >  83.35
|   |   |   |   |   |   |   |--- feature_5 <= 37.97
|   |   |   |   |   |   |   |   |--- feature_1 <= 98.00
|   |   |   |   |   |   |   |   |   |--- class: positive
|   |   |   |   |   |   |   |   |--- feature_1 >  98.00
|   |   |   |   |   |   |   |   |   |--- feature_0 <= 1910.50
|   |   |   |   |   |   |   |   |   |   |--- class: positive
|   |   |   |   |   |   |   |   |   |--- feature_0 >  1910.50
|   |   |   |   |   |   |   |   |   |   |--- class: negative
|   |   |   |   |   |   |   |--- feature_5 >  37.97
|   |   |   |   |   |   |   |   |--- class: negative
|   |   |   |   |--- feature_47 >  0.00
|   |   |   |   |   |--- class: positive
|   |   |   |--- feature_47 >  1.00
|   |   |   |   |--- feature_12 <= 31.49
|   |   |   |   |   |--- feature_13 <= 5.00
|   |   |   |   |   |   |--- feature_7 <= 1.00
|   |   |   |   |   |   |   |--- feature_2 <= 9.50
|   |   |   |   |   |   |   |   |--- feature_1 <= 14.50
|   |   |   |   |   |   |   |   |   |--- feature_12 <= 11.50
|   |   |   |   |   |   |   |   |   |   |--- class: negative
|   |   |   |   |   |   |   |   |   |--- feature_12 >  11.50
|   |   |   |   |   |   |   |   |   |   |--- class: positive
|   |   |   |   |   |   |   |   |--- feature_1 >  14.50
|   |   |   |   |   |   |   |   |   |--- class: negative
|   |   |   |   |   |   |   |--- feature_2 >  9.50
|   |   |   |   |   |   |   |   |--- feature_6 <= -93.89
|   |   |   |   |   |   |   |   |   |--- feature_6 <= -93.89
|   |   |   |   |   |   |   |   |   |   |--- feature_6 <= -95.08
|   |   |   |   |   |   |   |   |   |   |   |--- truncated branch of depth 2
|   |   |   |   |   |   |   |   |   |   |--- feature_6 >  -95.08
|   |   |   |   |   |   |   |   |   |   |   |--- truncated branch of depth 4
|   |   |   |   |   |   |   |   |   |--- feature_6 >  -93.89
|   |   |   |   |   |   |   |   |   |   |--- class: positive
|   |   |   |   |   |   |   |   |--- feature_6 >  -93.89
|   |   |   |   |   |   |   |   |   |--- class: negative
|   |   |   |   |   |   |--- feature_7 >  1.00
|   |   |   |   |   |   |   |--- feature_0 <= 1925.50
|   |   |   |   |   |   |   |   |--- feature_7 <= 24.50
|   |   |   |   |   |   |   |   |   |--- class: positive
|   |   |   |   |   |   |   |   |--- feature_7 >  24.50
|   |   |   |   |   |   |   |   |   |--- class: negative
|   |   |   |   |   |   |   |--- feature_0 >  1925.50
|   |   |   |   |   |   |   |   |--- class: negative
|   |   |   |   |   |--- feature_13 >  5.00
|   |   |   |   |   |   |--- feature_13 <= 8.00
|   |   |   |   |   |   |   |--- feature_5 <= 37.70
|   |   |   |   |   |   |   |   |--- class: negative
|   |   |   |   |   |   |   |--- feature_5 >  37.70
|   |   |   |   |   |   |   |   |--- feature_13 <= 7.00
|   |   |   |   |   |   |   |   |   |--- class: positive
|   |   |   |   |   |   |   |   |--- feature_13 >  7.00
|   |   |   |   |   |   |   |   |   |--- feature_13 <= 7.00
|   |   |   |   |   |   |   |   |   |   |--- class: negative
|   |   |   |   |   |   |   |   |   |--- feature_13 >  7.00
|   |   |   |   |   |   |   |   |   |   |--- class: positive
|   |   |   |   |   |   |--- feature_13 >  8.00
|   |   |   |   |   |   |   |--- feature_0 <= 1939.50
|   |   |   |   |   |   |   |   |--- class: negative
|   |   |   |   |   |   |   |--- feature_0 >  1939.50
|   |   |   |   |   |   |   |   |--- feature_8 <= 1.50
|   |   |   |   |   |   |   |   |   |--- feature_10 <= 9.10
|   |   |   |   |   |   |   |   |   |   |--- feature_6 <= -91.81
|   |   |   |   |   |   |   |   |   |   |   |--- class: negative
|   |   |   |   |   |   |   |   |   |   |--- feature_6 >  -91.81
|   |   |   |   |   |   |   |   |   |   |   |--- truncated branch of depth 2
|   |   |   |   |   |   |   |   |   |--- feature_10 >  9.10
|   |   |   |   |   |   |   |   |   |   |--- feature_10 <= 9.40
|   |   |   |   |   |   |   |   |   |   |   |--- class: positive
|   |   |   |   |   |   |   |   |   |   |--- feature_10 >  9.40
|   |   |   |   |   |   |   |   |   |   |   |--- truncated branch of depth 4
|   |   |   |   |   |   |   |   |--- feature_8 >  1.50
|   |   |   |   |   |   |   |   |   |--- feature_1 <= 6495.00
|   |   |   |   |   |   |   |   |   |   |--- class: negative
|   |   |   |   |   |   |   |   |   |--- feature_1 >  6495.00
|   |   |   |   |   |   |   |   |   |   |--- class: positive
|   |   |   |   |--- feature_12 >  31.49
|   |   |   |   |   |--- feature_5 <= 38.46
|   |   |   |   |   |   |--- feature_5 <= 37.88
|   |   |   |   |   |   |   |--- class: negative
|   |   |   |   |   |   |--- feature_5 >  37.88
|   |   |   |   |   |   |   |--- feature_1 <= 32.50
|   |   |   |   |   |   |   |   |--- class: negative
|   |   |   |   |   |   |   |--- feature_1 >  32.50
|   |   |   |   |   |   |   |   |--- feature_0 <= 1975.50
|   |   |   |   |   |   |   |   |   |--- feature_0 <= 1963.50
|   |   |   |   |   |   |   |   |   |   |--- class: negative
|   |   |   |   |   |   |   |   |   |--- feature_0 >  1963.50
|   |   |   |   |   |   |   |   |   |   |--- feature_34 <= 0.50
|   |   |   |   |   |   |   |   |   |   |   |--- class: negative
|   |   |   |   |   |   |   |   |   |   |--- feature_34 >  0.50
|   |   |   |   |   |   |   |   |   |   |   |--- class: positive
|   |   |   |   |   |   |   |   |--- feature_0 >  1975.50
|   |   |   |   |   |   |   |   |   |--- class: negative
|   |   |   |   |   |--- feature_5 >  38.46
|   |   |   |   |   |   |--- class: negative
|   |--- feature_14 >  1.50
|   |   |--- feature_34 <= 1.00
|   |   |   |--- feature_34 <= 0.00
|   |   |   |   |--- feature_1 <= 5096.50
|   |   |   |   |   |--- feature_22 <= 0.00
|   |   |   |   |   |   |--- feature_23 <= 0.00
|   |   |   |   |   |   |   |--- feature_16 <= 0.50
|   |   |   |   |   |   |   |   |--- feature_5 <= 39.65
|   |   |   |   |   |   |   |   |   |--- class: negative
|   |   |   |   |   |   |   |   |--- feature_5 >  39.65
|   |   |   |   |   |   |   |   |   |--- feature_5 <= 39.66
|   |   |   |   |   |   |   |   |   |   |--- class: positive
|   |   |   |   |   |   |   |   |   |--- feature_5 >  39.66
|   |   |   |   |   |   |   |   |   |   |--- class: negative
|   |   |   |   |   |   |   |--- feature_16 >  0.50
|   |   |   |   |   |   |   |   |--- feature_9 <= 13.40
|   |   |   |   |   |   |   |   |   |--- class: negative
|   |   |   |   |   |   |   |   |--- feature_9 >  13.40
|   |   |   |   |   |   |   |   |   |--- feature_1 <= 55.00
|   |   |   |   |   |   |   |   |   |   |--- feature_6 <= -93.72
|   |   |   |   |   |   |   |   |   |   |   |--- class: positive
|   |   |   |   |   |   |   |   |   |   |--- feature_6 >  -93.72
|   |   |   |   |   |   |   |   |   |   |   |--- class: negative
|   |   |   |   |   |   |   |   |   |--- feature_1 >  55.00
|   |   |   |   |   |   |   |   |   |   |--- feature_9 <= 13.85
|   |   |   |   |   |   |   |   |   |   |   |--- truncated branch of depth 2
|   |   |   |   |   |   |   |   |   |   |--- feature_9 >  13.85
|   |   |   |   |   |   |   |   |   |   |   |--- class: negative
|   |   |   |   |   |   |--- feature_23 >  0.00
|   |   |   |   |   |   |   |--- feature_23 <= 1.00
|   |   |   |   |   |   |   |   |--- class: positive
|   |   |   |   |   |   |   |--- feature_23 >  1.00
|   |   |   |   |   |   |   |   |--- feature_27 <= 0.00
|   |   |   |   |   |   |   |   |   |--- feature_7 <= 14.50
|   |   |   |   |   |   |   |   |   |   |--- class: negative
|   |   |   |   |   |   |   |   |   |--- feature_7 >  14.50
|   |   |   |   |   |   |   |   |   |   |--- feature_1 <= 5080.50
|   |   |   |   |   |   |   |   |   |   |   |--- truncated branch of depth 7
|   |   |   |   |   |   |   |   |   |   |--- feature_1 >  5080.50
|   |   |   |   |   |   |   |   |   |   |   |--- class: positive
|   |   |   |   |   |   |   |   |--- feature_27 >  0.00
|   |   |   |   |   |   |   |   |   |--- feature_27 <= 0.98
|   |   |   |   |   |   |   |   |   |   |--- class: positive
|   |   |   |   |   |   |   |   |   |--- feature_27 >  0.98
|   |   |   |   |   |   |   |   |   |   |--- feature_7 <= 32.50
|   |   |   |   |   |   |   |   |   |   |   |--- class: negative
|   |   |   |   |   |   |   |   |   |   |--- feature_7 >  32.50
|   |   |   |   |   |   |   |   |   |   |   |--- truncated branch of depth 2
|   |   |   |   |   |--- feature_22 >  0.00
|   |   |   |   |   |   |--- feature_22 <= 1.00
|   |   |   |   |   |   |   |--- class: positive
|   |   |   |   |   |   |--- feature_22 >  1.00
|   |   |   |   |   |   |   |--- feature_10 <= 38.17
|   |   |   |   |   |   |   |   |--- feature_0 <= 2004.50
|   |   |   |   |   |   |   |   |   |--- feature_0 <= 1966.50
|   |   |   |   |   |   |   |   |   |   |--- feature_12 <= 12.15
|   |   |   |   |   |   |   |   |   |   |   |--- truncated branch of depth 2
|   |   |   |   |   |   |   |   |   |   |--- feature_12 >  12.15
|   |   |   |   |   |   |   |   |   |   |   |--- truncated branch of depth 5
|   |   |   |   |   |   |   |   |   |--- feature_0 >  1966.50
|   |   |   |   |   |   |   |   |   |   |--- class: negative
|   |   |   |   |   |   |   |   |--- feature_0 >  2004.50
|   |   |   |   |   |   |   |   |   |--- feature_6 <= -94.35
|   |   |   |   |   |   |   |   |   |   |--- feature_6 <= -94.61
|   |   |   |   |   |   |   |   |   |   |   |--- class: negative
|   |   |   |   |   |   |   |   |   |   |--- feature_6 >  -94.61
|   |   |   |   |   |   |   |   |   |   |   |--- truncated branch of depth 3
|   |   |   |   |   |   |   |   |   |--- feature_6 >  -94.35
|   |   |   |   |   |   |   |   |   |   |--- class: negative
|   |   |   |   |   |   |   |--- feature_10 >  38.17
|   |   |   |   |   |   |   |   |--- feature_0 <= 1958.50
|   |   |   |   |   |   |   |   |   |--- class: negative
|   |   |   |   |   |   |   |   |--- feature_0 >  1958.50
|   |   |   |   |   |   |   |   |   |--- feature_11 <= 7.22
|   |   |   |   |   |   |   |   |   |   |--- feature_5 <= 37.50
|   |   |   |   |   |   |   |   |   |   |   |--- class: negative
|   |   |   |   |   |   |   |   |   |   |--- feature_5 >  37.50
|   |   |   |   |   |   |   |   |   |   |   |--- truncated branch of depth 5
|   |   |   |   |   |   |   |   |   |--- feature_11 >  7.22
|   |   |   |   |   |   |   |   |   |   |--- class: negative
|   |   |   |   |--- feature_1 >  5096.50
|   |   |   |   |   |--- feature_21 <= 1.00
|   |   |   |   |   |   |--- feature_21 <= 0.00
|   |   |   |   |   |   |   |--- feature_33 <= 0.01
|   |   |   |   |   |   |   |   |--- feature_1 <= 11612.50
|   |   |   |   |   |   |   |   |   |--- feature_38 <= 0.02
|   |   |   |   |   |   |   |   |   |   |--- feature_10 <= 130.34
|   |   |   |   |   |   |   |   |   |   |   |--- truncated branch of depth 3
|   |   |   |   |   |   |   |   |   |   |--- feature_10 >  130.34
|   |   |   |   |   |   |   |   |   |   |   |--- truncated branch of depth 9
|   |   |   |   |   |   |   |   |   |--- feature_38 >  0.02
|   |   |   |   |   |   |   |   |   |   |--- feature_38 <= 1.00
|   |   |   |   |   |   |   |   |   |   |   |--- class: positive
|   |   |   |   |   |   |   |   |   |   |--- feature_38 >  1.00
|   |   |   |   |   |   |   |   |   |   |   |--- class: negative
|   |   |   |   |   |   |   |   |--- feature_1 >  11612.50
|   |   |   |   |   |   |   |   |   |--- feature_12 <= 42.65
|   |   |   |   |   |   |   |   |   |   |--- feature_12 <= 42.15
|   |   |   |   |   |   |   |   |   |   |   |--- class: negative
|   |   |   |   |   |   |   |   |   |   |--- feature_12 >  42.15
|   |   |   |   |   |   |   |   |   |   |   |--- truncated branch of depth 2
|   |   |   |   |   |   |   |   |   |--- feature_12 >  42.65
|   |   |   |   |   |   |   |   |   |   |--- class: negative
|   |   |   |   |   |   |   |--- feature_33 >  0.01
|   |   |   |   |   |   |   |   |--- feature_33 <= 1.00
|   |   |   |   |   |   |   |   |   |--- class: positive
|   |   |   |   |   |   |   |   |--- feature_33 >  1.00
|   |   |   |   |   |   |   |   |   |--- feature_11 <= 25.13
|   |   |   |   |   |   |   |   |   |   |--- feature_8 <= 1.50
|   |   |   |   |   |   |   |   |   |   |   |--- class: positive
|   |   |   |   |   |   |   |   |   |   |--- feature_8 >  1.50
|   |   |   |   |   |   |   |   |   |   |   |--- class: negative
|   |   |   |   |   |   |   |   |   |--- feature_11 >  25.13
|   |   |   |   |   |   |   |   |   |   |--- class: positive
|   |   |   |   |   |   |--- feature_21 >  0.00
|   |   |   |   |   |   |   |--- class: positive
|   |   |   |   |   |--- feature_21 >  1.00
|   |   |   |   |   |   |--- feature_0 <= 1960.00
|   |   |   |   |   |   |   |--- feature_0 <= 1955.50
|   |   |   |   |   |   |   |   |--- class: negative
|   |   |   |   |   |   |   |--- feature_0 >  1955.50
|   |   |   |   |   |   |   |   |--- class: positive
|   |   |   |   |   |   |--- feature_0 >  1960.00
|   |   |   |   |   |   |   |--- class: negative
|   |   |   |--- feature_34 >  0.00
|   |   |   |   |--- class: positive
|   |   |--- feature_34 >  1.00
|   |   |   |--- feature_24 <= 0.07
|   |   |   |   |--- feature_8 <= 1.50
|   |   |   |   |   |--- class: negative
|   |   |   |   |--- feature_8 >  1.50
|   |   |   |   |   |--- feature_11 <= 6.65
|   |   |   |   |   |   |--- feature_10 <= 136.25
|   |   |   |   |   |   |   |--- feature_2 <= 7.50
|   |   |   |   |   |   |   |   |--- feature_11 <= 6.30
|   |   |   |   |   |   |   |   |   |--- class: negative
|   |   |   |   |   |   |   |   |--- feature_11 >  6.30
|   |   |   |   |   |   |   |   |   |--- class: positive
|   |   |   |   |   |   |   |--- feature_2 >  7.50
|   |   |   |   |   |   |   |   |--- feature_11 <= 5.95
|   |   |   |   |   |   |   |   |   |--- feature_5 <= 38.32
|   |   |   |   |   |   |   |   |   |   |--- class: negative
|   |   |   |   |   |   |   |   |   |--- feature_5 >  38.32
|   |   |   |   |   |   |   |   |   |   |--- feature_5 <= 38.49
|   |   |   |   |   |   |   |   |   |   |   |--- truncated branch of depth 4
|   |   |   |   |   |   |   |   |   |   |--- feature_5 >  38.49
|   |   |   |   |   |   |   |   |   |   |   |--- class: negative
|   |   |   |   |   |   |   |   |--- feature_11 >  5.95
|   |   |   |   |   |   |   |   |   |--- class: negative
|   |   |   |   |   |   |--- feature_10 >  136.25
|   |   |   |   |   |   |   |--- class: positive
|   |   |   |   |   |--- feature_11 >  6.65
|   |   |   |   |   |   |--- class: negative
|   |   |   |--- feature_24 >  0.07
|   |   |   |   |--- feature_13 <= 6.00
|   |   |   |   |   |--- class: positive
|   |   |   |   |--- feature_13 >  6.00
|   |   |   |   |   |--- class: negative
