|--- feature_15 <= 23.50
|   |--- feature_23 <= 0.00
|   |   |--- feature_15 <= 12.50
|   |   |   |--- feature_28 <= 0.00
|   |   |   |   |--- feature_11 <= 6.10
|   |   |   |   |   |--- feature_11 <= 5.98
|   |   |   |   |   |   |--- feature_1 <= 1775.00
|   |   |   |   |   |   |   |--- class: negative
|   |   |   |   |   |   |--- feature_1 >  1775.00
|   |   |   |   |   |   |   |--- feature_1 <= 2985.00
|   |   |   |   |   |   |   |   |--- class: positive
|   |   |   |   |   |   |   |--- feature_1 >  2985.00
|   |   |   |   |   |   |   |   |--- class: negative
|   |   |   |   |   |--- feature_11 >  5.98
|   |   |   |   |   |   |--- class: positive
|   |   |   |   |--- feature_11 >  6.10
|   |   |   |   |   |--- feature_10 <= 7.45
|   |   |   |   |   |   |--- class: positive
|   |   |   |   |   |--- feature_10 >  7.45
|   |   |   |   |   |   |--- feature_0 <= 1959.50
|   |   |   |   |   |   |   |--- class: negative
|   |   |   |   |   |   |--- feature_0 >  1959.50
|   |   |   |   |   |   |   |--- feature_12 <= 18.00
|   |   |   |   |   |   |   |   |--- class: positive
|   |   |   |   |   |   |   |--- feature_12 >  18.00
|   |   |   |   |   |   |   |   |--- class: negative
|   |   |   |--- feature_28 >  0.00
|   |   |   |   |--- feature_16 <= 0.99
|   |   |   |   |   |--- feature_9 <= 10.14
|   |   |   |   |   |   |--- feature_10 <= 9.92
|   |   |   |   |   |   |   |--- class: positive
|   |   |   |   |   |   |--- feature_10 >  9.92
|   |   |   |   |   |   |   |--- class: negative
|   |   |   |   |   |--- feature_9 >  10.14
|   |   |   |   |   |   |--- feature_1 <= 1030.50
|   |   |   |   |   |   |   |--- feature_47 <= 1.00
|   |   |   |   |   |   |   |   |--- feature_47 <= 0.01
|   |   |   |   |   |   |   |   |   |--- feature_12 <= 21.22
|   |   |   |   |   |   |   |   |   |   |--- class: negative
|   |   |   |   |   |   |   |   |   |--- feature_12 >  21.22
|   |   |   |   |   |   |   |   |   |   |--- feature_13 <= 3.14
|   |   |   |   |   |   |   |   |   |   |   |--- truncated branch of depth 2
|   |   |   |   |   |   |   |   |   |   |--- feature_13 >  3.14
|   |   |   |   |   |   |   |   |   |   |   |--- truncated branch of depth 3
|   |   |   |   |   |   |   |   |--- feature_47 >  0.01
|   |   |   |   |   |   |   |   |   |--- class: positive
|   |   |   |   |   |   |   |--- feature_47 >  1.00
|   |   |   |   |   |   |   |   |--- feature_12 <= 27.99
|   |   |   |   |   |   |   |   |   |--- feature_11 <= 6.70
|   |   |   |   |   |   |   |   |   |   |--- feature_7 <= 22.50
|   |   |   |   |   |   |   |   |   |   |   |--- truncated branch of depth 2
|   |   |   |   |   |   |   |   |   |   |--- feature_7 >  22.50
|   |   |   |   |   |   |   |   |   |   |   |--- truncated branch of depth 2
|   |   |   |   |   |   |   |   |   |--- feature_11 >  6.70
|   |   |   |   |   |   |   |   |   |   |--- class: positive
|   |   |   |   |   |   |   |   |--- feature_12 >  27.99
|   |   |   |   |   |   |   |   |   |--- feature_9 <= 15.80
|   |   |   |   |   |   |   |   |   |   |--- class: negative
|   |   |   |   |   |   |   |   |   |--- feature_9 >  15.80
|   |   |   |   |   |   |   |   |   |   |--- feature_11 <= 7.00
|   |   |   |   |   |   |   |   |   |   |   |--- class: negative
|   |   |   |   |   |   |   |   |   |   |--- feature_11 >  7.00
|   |   |   |   |   |   |   |   |   |   |   |--- class: positive
|   |   |   |   |   |   |--- feature_1 >  1030.50
|   |   |   |   |   |   |   |--- feature_0 <= 1962.50
|   |   |   |   |   |   |   |   |--- feature_28 <= 1.00
|   |   |   |   |   |   |   |   |   |--- class: positive
|   |   |   |   |   |   |   |   |--- feature_28 >  1.00
|   |   |   |   |   |   |   |   |   |--- class: negative
|   |   |   |   |   |   |   |--- feature_0 >  1962.50
|   |   |   |   |   |   |   |   |--- feature_12 <= 44.00
|   |   |   |   |   |   |   |   |   |--- class: positive
|   |   |   |   |   |   |   |   |--- feature_12 >  44.00
|   |   |   |   |   |   |   |   |   |--- class: negative
|   |   |   |   |--- feature_16 >  0.99
|   |   |   |   |   |--- feature_1 <= 173.00
|   |   |   |   |   |   |--- feature_13 <= 7.73
|   |   |   |   |   |   |   |--- class: positive
|   |   |   |   |   |   |--- feature_13 >  7.73
|   |   |   |   |   |   |   |--- feature_11 <= 6.35
|   |   |   |   |   |   |   |   |--- feature_7 <= 7.50
|   |   |   |   |   |   |   |   |   |--- class: positive
|   |   |   |   |   |   |   |   |--- feature_7 >  7.50
|   |   |   |   |   |   |   |   |   |--- class: negative
|   |   |   |   |   |   |   |--- feature_11 >  6.35
|   |   |   |   |   |   |   |   |--- class: negative
|   |   |   |   |   |--- feature_1 >  173.00
|   |   |   |   |   |   |--- class: negative
|   |   |--- feature_15 >  12.50
|   |   |   |--- class: positive
|   |--- feature_23 >  0.00
|   |   |--- feature_23 <= 1.00
|   |   |   |--- class: positive
|   |   |--- feature_23 >  1.00
|   |   |   |--- feature_7 <= 0.50
|   |   |   |   |--- feature_11 <= 6.71
|   |   |   |   |   |--- feature_14 <= 1.50
|   |   |   |   |   |   |--- class: negative
|   |   |   |   |   |--- feature_14 >  1.50
|   |   |   |   |   |   |--- feature_10 <= 63.69
|   |   |   |   |   |   |   |--- feature_11 <= 6.15
|   |   |   |   |   |   |   |   |--- feature_0 <= 1952.50
|   |   |   |   |   |   |   |   |   |--- class: negative
|   |   |   |   |   |   |   |   |--- feature_0 >  1952.50
|   |   |   |   |   |   |   |   |   |--- feature_0 <= 1958.50
|   |   |   |   |   |   |   |   |   |   |--- class: positive
|   |   |   |   |   |   |   |   |   |--- feature_0 >  1958.50
|   |   |   |   |   |   |   |   |   |   |--- class: negative
|   |   |   |   |   |   |   |--- feature_11 >  6.15
|   |   |   |   |   |   |   |   |--- class: positive
|   |   |   |   |   |   |--- feature_10 >  63.69
|   |   |   |   |   |   |   |--- feature_0 <= 1951.00
|   |   |   |   |   |   |   |   |--- class: negative
|   |   |   |   |   |   |   |--- feature_0 >  1951.00
|   |   |   |   |   |   |   |   |--- feature_0 <= 1954.50
|   |   |   |   |   |   |   |   |   |--- class: positive
|   |   |   |   |   |   |   |   |--- feature_0 >  1954.50
|   |   |   |   |   |   |   |   |   |--- feature_1 <= 443.00
|   |   |   |   |   |   |   |   |   |   |--- feature_1 <= 396.50
|   |   |   |   |   |   |   |   |   |   |   |--- class: negative
|   |   |   |   |   |   |   |   |   |   |--- feature_1 >  396.50
|   |   |   |   |   |   |   |   |   |   |   |--- class: positive
|   |   |   |   |   |   |   |   |   |--- feature_1 >  443.00
|   |   |   |   |   |   |   |   |   |   |--- class: negative
|   |   |   |   |--- feature_11 >  6.71
|   |   |   |   |   |--- feature_10 <= 58.81
|   |   |   |   |   |   |--- class: negative
|   |   |   |   |   |--- feature_10 >  58.81
|   |   |   |   |   |   |--- feature_32 <= 0.50
|   |   |   |   |   |   |   |--- feature_1 <= 1809.00
|   |   |   |   |   |   |   |   |--- feature_8 <= 3.50
|   |   |   |   |   |   |   |   |   |--- feature_0 <= 1961.50
|   |   |   |   |   |   |   |   |   |   |--- feature_9 <= 24.49
|   |   |   |   |   |   |   |   |   |   |   |--- class: negative
|   |   |   |   |   |   |   |   |   |   |--- feature_9 >  24.49
|   |   |   |   |   |   |   |   |   |   |   |--- class: positive
|   |   |   |   |   |   |   |   |   |--- feature_0 >  1961.50
|   |   |   |   |   |   |   |   |   |   |--- class: positive
|   |   |   |   |   |   |   |   |--- feature_8 >  3.50
|   |   |   |   |   |   |   |   |   |--- class: negative
|   |   |   |   |   |   |   |--- feature_1 >  1809.00
|   |   |   |   |   |   |   |   |--- feature_0 <= 1950.50
|   |   |   |   |   |   |   |   |   |--- class: negative
|   |   |   |   |   |   |   |   |--- feature_0 >  1950.50
|   |   |   |   |   |   |   |   |   |--- feature_10 <= 64.15
|   |   |   |   |   |   |   |   |   |   |--- class: negative
|   |   |   |   |   |   |   |   |   |--- feature_10 >  64.15
|   |   |   |   |   |   |   |   |   |   |--- feature_1 <= 17943.00
|   |   |   |   |   |   |   |   |   |   |   |--- class: positive
|   |   |   |   |   |   |   |   |   |   |--- feature_1 >  17943.00
|   |   |   |   |   |   |   |   |   |   |   |--- truncated branch of depth 2
|   |   |   |   |   |   |--- feature_32 >  0.50
|   |   |   |   |   |   |   |--- class: negative
|   |   |   |--- feature_7 >  0.50
|   |   |   |   |--- feature_10 <= 50.73
|   |   |   |   |   |--- feature_14 <= 1.50
|   |   |   |   |   |   |--- class: negative
|   |   |   |   |   |--- feature_14 >  1.50
|   |   |   |   |   |   |--- feature_28 <= 0.02
|   |   |   |   |   |   |   |--- class: negative
|   |   |   |   |   |   |--- feature_28 >  0.02
|   |   |   |   |   |   |   |--- feature_7 <= 19.50
|   |   |   |   |   |   |   |   |--- class: positive
|   |   |   |   |   |   |   |--- feature_7 >  19.50
|   |   |   |   |   |   |   |   |--- feature_1 <= 224.00
|   |   |   |   |   |   |   |   |   |--- class: positive
|   |   |   |   |   |   |   |   |--- feature_1 >  224.00
|   |   |   |   |   |   |   |   |   |--- class: negative
|   |   |   |   |--- feature_10 >  50.73
|   |   |   |   |   |--- feature_1 <= 9758.50
|   |   |   |   |   |   |--- feature_28 <= 1.00
|   |   |   |   |   |   |   |--- feature_8 <= 8.50
|   |   |   |   |   |   |   |   |--- feature_1 <= 3333.50
|   |   |   |   |   |   |   |   |   |--- feature_12 <= 34.50
|   |   |   |   |   |   |   |   |   |   |--- feature_0 <= 1950.50
|   |   |   |   |   |   |   |   |   |   |   |--- class: negative
|   |   |   |   |   |   |   |   |   |   |--- feature_0 >  1950.50
|   |   |   |   |   |   |   |   |   |   |   |--- truncated branch of depth 3
|   |   |   |   |   |   |   |   |   |--- feature_12 >  34.50
|   |   |   |   |   |   |   |   |   |   |--- class: negative
|   |   |   |   |   |   |   |   |--- feature_1 >  3333.50
|   |   |   |   |   |   |   |   |   |--- class: positive
|   |   |   |   |   |   |   |--- feature_8 >  8.50
|   |   |   |   |   |   |   |   |--- class: negative
|   |   |   |   |   |   |--- feature_28 >  1.00
|   |   |   |   |   |   |   |--- feature_15 <= 12.50
|   |   |   |   |   |   |   |   |--- feature_7 <= 9.50
|   |   |   |   |   |   |   |   |   |--- class: positive
|   |   |   |   |   |   |   |   |--- feature_7 >  9.50
|   |   |   |   |   |   |   |   |   |--- feature_10 <= 124.69
|   |   |   |   |   |   |   |   |   |   |--- feature_2 <= 13.50
|   |   |   |   |   |   |   |   |   |   |   |--- class: negative
|   |   |   |   |   |   |   |   |   |   |--- feature_2 >  13.50
|   |   |   |   |   |   |   |   |   |   |   |--- truncated branch of depth 2
|   |   |   |   |   |   |   |   |   |--- feature_10 >  124.69
|   |   |   |   |   |   |   |   |   |   |--- class: positive
|   |   |   |   |   |   |   |--- feature_15 >  12.50
|   |   |   |   |   |   |   |   |--- class: positive
|   |   |   |   |   |--- feature_1 >  9758.50
|   |   |   |   |   |   |--- feature_33 <= 0.07
|   |   |   |   |   |   |   |--- class: negative
|   |   |   |   |   |   |--- feature_33 >  0.07
|   |   |   |   |   |   |   |--- class: positive
|--- feature_15 >  23.50
|   |--- feature_0 <= 1979.50
|   |   |--- feature_24 <= 0.00
|   |   |   |--- feature_47 <= 1.00
|   |   |   |   |--- feature_47 <= 0.00
|   |   |   |   |   |--- feature_14 <= 1.50
|   |   |   |   |   |   |--- feature_17 <= 0.00
|   |   |   |   |   |   |   |--- feature_9 <= 14.04
|   |   |   |   |   |   |   |   |--- feature_2 <= 8.50
|   |   |   |   |   |   |   |   |   |--- feature_1 <= 19.50
|   |   |   |   |   |   |   |   |   |   |--- feature_42 <= 0.95
|   |   |   |   |   |   |   |   |   |   |   |--- class: positive
|   |   |   |   |   |   |   |   |   |   |--- feature_42 >  0.95
|   |   |   |   |   |   |   |   |   |   |   |--- class: negative
|   |   |   |   |   |   |   |   |   |--- feature_1 >  19.50
|   |   |   |   |   |   |   |   |   |   |--- class: negative
|   |   |   |   |   |   |   |   |--- feature_2 >  8.50
|   |   |   |   |   |   |   |   |   |--- feature_2 <= 17.50
|   |   |   |   |   |   |   |   |   |   |--- feature_11 <= 3.35
|   |   |   |   |   |   |   |   |   |   |   |--- truncated branch of depth 2
|   |   |   |   |   |   |   |   |   |   |--- feature_11 >  3.35
|   |   |   |   |   |   |   |   |   |   |   |--- truncated branch of depth 3
|   |   |   |   |   |   |   |   |   |--- feature_2 >  17.50
|   |   |   |   |   |   |   |   |   |   |--- class: positive
|   |   |   |   |   |   |   |--- feature_9 >  14.04
|   |   |   |   |   |   |   |   |--- feature_10 <= 15.65
|   |   |   |   |   |   |   |   |   |--- feature_10 <= 15.21
|   |   |   |   |   |   |   |   |   |   |--- feature_9 <= 14.29
|   |   |   |   |   |   |   |   |   |   |   |--- class: positive
|   |   |   |   |   |   |   |   |   |   |--- feature_9 >  14.29
|   |   |   |   |   |   |   |   |   |   |   |--- truncated branch of depth 3
|   |   |   |   |   |   |   |   |   |--- feature_10 >  15.21
|   |   |   |   |   |   |   |   |   |   |--- feature_1 <= 22.50
|   |   |   |   |   |   |   |   |   |   |   |--- truncated branch of depth 2
|   |   |   |   |   |   |   |   |   |   |--- feature_1 >  22.50
|   |   |   |   |   |   |   |   |   |   |   |--- class: negative
|   |   |   |   |   |   |   |   |--- feature_10 >  15.65
|   |   |   |   |   |   |   |   |   |--- feature_10 <= 72.85
|   |   |   |   |   |   |   |   |   |   |--- feature_1 <= 1121.50
|   |   |   |   |   |   |   |   |   |   |   |--- class: negative
|   |   |   |   |   |   |   |   |   |   |--- feature_1 >  1121.50
|   |   |   |   |   |   |   |   |   |   |   |--- truncated branch of depth 2
|   |   |   |   |   |   |   |   |   |--- feature_10 >  72.85
|   |   |   |   |   |   |   |   |   |   |--- feature_0 <= 1923.50
|   |   |   |   |   |   |   |   |   |   |   |--- truncated branch of depth 4
|   |   |   |   |   |   |   |   |   |   |--- feature_0 >  1923.50
|   |   |   |   |   |   |   |   |   |   |   |--- class: negative
|   |   |   |   |   |   |--- feature_17 >  0.00
|   |   |   |   |   |   |   |--- feature_17 <= 1.00
|   |   |   |   |   |   |   |   |--- class: positive
|   |   |   |   |   |   |   |--- feature_17 >  1.00
|   |   |   |   |   |   |   |   |--- feature_13 <= 4.99
|   |   |   |   |   |   |   |   |   |--- feature_0 <= 1926.00
|   |   |   |   |   |   |   |   |   |   |--- class: negative
|   |   |   |   |   |   |   |   |   |--- feature_0 >  1926.00
|   |   |   |   |   |   |   |   |   |   |--- feature_11 <= 4.50
|   |   |   |   |   |   |   |   |   |   |   |--- truncated branch of depth 5
|   |   |   |   |   |   |   |   |   |   |--- feature_11 >  4.50
|   |   |   |   |   |   |   |   |   |   |   |--- truncated branch of depth 2
|   |   |   |   |   |   |   |   |--- feature_13 >  4.99
|   |   |   |   |   |   |   |   |   |--- feature_27 <= 0.50
|   |   |   |   |   |   |   |   |   |   |--- class: negative
|   |   |   |   |   |   |   |   |   |--- feature_27 >  0.50
|   |   |   |   |   |   |   |   |   |   |--- feature_11 <= 3.80
|   |   |   |   |   |   |   |   |   |   |   |--- class: positive
|   |   |   |   |   |   |   |   |   |   |--- feature_11 >  3.80
|   |   |   |   |   |   |   |   |   |   |   |--- truncated branch of depth 3
|   |   |   |   |   |--- feature_14 >  1.50
|   |   |   |   |   |   |--- feature_1 <= 9548.50
|   |   |   |   |   |   |   |--- feature_11 <= 5.99
|   |   |   |   |   |   |   |   |--- feature_28 <= 0.00
|   |   |   |   |   |   |   |   |   |--- feature_9 <= 45.90
|   |   |   |   |   |   |   |   |   |   |--- feature_13 <= 4.50
|   |   |   |   |   |   |   |   |   |   |   |--- truncated branch of depth 2
|   |   |   |   |   |   |   |   |   |   |--- feature_13 >  4.50
|   |   |   |   |   |   |   |   |   |   |   |--- class: negative
|   |   |   |   |   |   |   |   |   |--- feature_9 >  45.90
|   |   |   |   |   |   |   |   |   |   |--- class: positive
|   |   |   |   |   |   |   |   |--- feature_28 >  0.00
|   |   |   |   |   |   |   |   |   |--- feature_28 <= 0.98
|   |   |   |   |   |   |   |   |   |   |--- class: positive
|   |   |   |   |   |   |   |   |   |--- feature_28 >  0.98
|   |   |   |   |   |   |   |   |   |   |--- class: negative
|   |   |   |   |   |   |   |--- feature_11 >  5.99
|   |   |   |   |   |   |   |   |--- feature_10 <= 15.35
|   |   |   |   |   |   |   |   |   |--- feature_33 <= 0.50
|   |   |   |   |   |   |   |   |   |   |--- feature_9 <= 13.60
|   |   |   |   |   |   |   |   |   |   |   |--- truncated branch of depth 4
|   |   |   |   |   |   |   |   |   |   |--- feature_9 >  13.60
|   |   |   |   |   |   |   |   |   |   |   |--- truncated branch of depth 4
|   |   |   |   |   |   |   |   |   |--- feature_33 >  0.50
|   |   |   |   |   |   |   |   |   |   |--- class: positive
|   |   |   |   |   |   |   |   |--- feature_10 >  15.35
|   |   |   |   |   |   |   |   |   |--- class: negative
|   |   |   |   |   |   |--- feature_1 >  9548.50
|   |   |   |   |   |   |   |--- feature_1 <= 10991.50
|   |   |   |   |   |   |   |   |--- feature_10 <= 29.25
|   |   |   |   |   |   |   |   |   |--- feature_34 <= 0.50
|   |   |   |   |   |   |   |   |   |   |--- class: positive
|   |   |   |   |   |   |   |   |   |--- feature_34 >  0.50
|   |   |   |   |   |   |   |   |   |   |--- class: negative
|   |   |   |   |   |   |   |   |--- feature_10 >  29.25
|   |   |   |   |   |   |   |   |   |--- class: negative
|   |   |   |   |   |   |   |--- feature_1 >  10991.50
|   |   |   |   |   |   |   |   |--- class: negative
|   |   |   |   |--- feature_47 >  0.00
|   |   |   |   |   |--- class: positive
|   |   |   |--- feature_47 >  1.00
|   |   |   |   |--- feature_7 <= 0.50
|   |   |   |   |   |--- feature_27 <= 0.00
|   |   |   |   |   |   |--- feature_13 <= 5.01
|   |   |   |   |   |   |   |--- feature_2 <= 5.50
|   |   |   |   |   |   |   |   |--- feature_1 <= 7.50
|   |   |   |   |   |   |   |   |   |--- feature_0 <= 1935.00
|   |   |   |   |   |   |   |   |   |   |--- class: positive
|   |   |   |   |   |   |   |   |   |--- feature_0 >  1935.00
|   |   |   |   |   |   |   |   |   |   |--- class: negative
|   |   |   |   |   |   |   |   |--- feature_1 >  7.50
|   |   |   |   |   |   |   |   |   |--- feature_1 <= 2357.50
|   |   |   |   |   |   |   |   |   |   |--- class: negative
|   |   |   |   |   |   |   |   |   |--- feature_1 >  2357.50
|   |   |   |   |   |   |   |   |   |   |--- feature_9 <= 8.05
|   |   |   |   |   |   |   |   |   |   |   |--- class: positive
|   |   |   |   |   |   |   |   |   |   |--- feature_9 >  8.05
|   |   |   |   |   |   |   |   |   |   |   |--- class: negative
|   |   |   |   |   |   |   |--- feature_2 >  5.50
|   |   |   |   |   |   |   |   |--- class: negative
|   |   |   |   |   |   |--- feature_13 >  5.01
|   |   |   |   |   |   |   |--- feature_13 <= 6.98
|   |   |   |   |   |   |   |   |--- class: positive
|   |   |   |   |   |   |   |--- feature_13 >  6.98
|   |   |   |   |   |   |   |   |--- feature_1 <= 56.50
|   |   |   |   |   |   |   |   |   |--- feature_0 <= 1932.50
|   |   |   |   |   |   |   |   |   |   |--- class: negative
|   |   |   |   |   |   |   |   |   |--- feature_0 >  1932.50
|   |   |   |   |   |   |   |   |   |   |--- feature_31 <= 0.00
|   |   |   |   |   |   |   |   |   |   |   |--- truncated branch of depth 7
|   |   |   |   |   |   |   |   |   |   |--- feature_31 >  0.00
|   |   |   |   |   |   |   |   |   |   |   |--- truncated branch of depth 2
|   |   |   |   |   |   |   |   |--- feature_1 >  56.50
|   |   |   |   |   |   |   |   |   |--- feature_2 <= 26.50
|   |   |   |   |   |   |   |   |   |   |--- feature_2 <= 2.50
|   |   |   |   |   |   |   |   |   |   |   |--- truncated branch of depth 4
|   |   |   |   |   |   |   |   |   |   |--- feature_2 >  2.50
|   |   |   |   |   |   |   |   |   |   |   |--- truncated branch of depth 4
|   |   |   |   |   |   |   |   |   |--- feature_2 >  26.50
|   |   |   |   |   |   |   |   |   |   |--- feature_2 <= 31.50
|   |   |   |   |   |   |   |   |   |   |   |--- truncated branch of depth 4
|   |   |   |   |   |   |   |   |   |   |--- feature_2 >  31.50
|   |   |   |   |   |   |   |   |   |   |   |--- class: negative
|   |   |   |   |   |--- feature_27 >  0.00
|   |   |   |   |   |   |--- feature_27 <= 1.00
|   |   |   |   |   |   |   |--- class: positive
|   |   |   |   |   |   |--- feature_27 >  1.00
|   |   |   |   |   |   |   |--- feature_12 <= 11.85
|   |   |   |   |   |   |   |   |--- feature_11 <= 4.91
|   |   |   |   |   |   |   |   |   |--- class: negative
|   |   |   |   |   |   |   |   |--- feature_11 >  4.91
|   |   |   |   |   |   |   |   |   |--- feature_1 <= 30.00
|   |   |   |   |   |   |   |   |   |   |--- class: negative
|   |   |   |   |   |   |   |   |   |--- feature_1 >  30.00
|   |   |   |   |   |   |   |   |   |   |--- feature_1 <= 60.00
|   |   |   |   |   |   |   |   |   |   |   |--- truncated branch of depth 2
|   |   |   |   |   |   |   |   |   |   |--- feature_1 >  60.00
|   |   |   |   |   |   |   |   |   |   |   |--- class: negative
|   |   |   |   |   |   |   |--- feature_12 >  11.85
|   |   |   |   |   |   |   |   |--- feature_1 <= 7875.00
|   |   |   |   |   |   |   |   |   |--- feature_10 <= 7.45
|   |   |   |   |   |   |   |   |   |   |--- feature_1 <= 17.50
|   |   |   |   |   |   |   |   |   |   |   |--- truncated branch of depth 3
|   |   |   |   |   |   |   |   |   |   |--- feature_1 >  17.50
|   |   |   |   |   |   |   |   |   |   |   |--- class: negative
|   |   |   |   |   |   |   |   |   |--- feature_10 >  7.45
|   |   |   |   |   |   |   |   |   |   |--- class: negative
|   |   |   |   |   |   |   |   |--- feature_1 >  7875.00
|   |   |   |   |   |   |   |   |   |--- class: positive
|   |   |   |   |--- feature_7 >  0.50
|   |   |   |   |   |--- feature_9 <= 21.30
|   |   |   |   |   |   |--- feature_22 <= 0.06
|   |   |   |   |   |   |   |--- feature_27 <= 0.50
|   |   |   |   |   |   |   |   |--- class: negative
|   |   |   |   |   |   |   |--- feature_27 >  0.50
|   |   |   |   |   |   |   |   |--- feature_9 <= 20.20
|   |   |   |   |   |   |   |   |   |--- class: negative
|   |   |   |   |   |   |   |   |--- feature_9 >  20.20
|   |   |   |   |   |   |   |   |   |--- feature_0 <= 1957.00
|   |   |   |   |   |   |   |   |   |   |--- class: positive
|   |   |   |   |   |   |   |   |   |--- feature_0 >  1957.00
|   |   |   |   |   |   |   |   |   |   |--- class: negative
|   |   |   |   |   |   |--- feature_22 >  0.06
|   |   |   |   |   |   |   |--- feature_22 <= 0.98
|   |   |   |   |   |   |   |   |--- class: positive
|   |   |   |   |   |   |   |--- feature_22 >  0.98
|   |   |   |   |   |   |   |   |--- feature_11 <= 6.39
|   |   |   |   |   |   |   |   |   |--- feature_10 <= 38.73
|   |   |   |   |   |   |   |   |   |   |--- feature_0 <= 1924.50
|   |   |   |   |   |   |   |   |   |   |   |--- truncated branch of depth 2
|   |   |   |   |   |   |   |   |   |   |--- feature_0 >  1924.50
|   |   |   |   |   |   |   |   |   |   |   |--- truncated branch of depth 6
|   |   |   |   |   |   |   |   |   |--- feature_10 >  38.73
|   |   |   |   |   |   |   |   |   |   |--- feature_27 <= 0.50
|   |   |   |   |   |   |   |   |   |   |   |--- truncated branch of depth 2
|   |   |   |   |   |   |   |   |   |   |--- feature_27 >  0.50
|   |   |   |   |   |   |   |   |   |   |   |--- class: negative
|   |   |   |   |   |   |   |   |--- feature_11 >  6.39
|   |   |   |   |   |   |   |   |   |--- feature_11 <= 8.45
|   |   |   |   |   |   |   |   |   |   |--- class: negative
|   |   |   |   |   |   |   |   |   |--- feature_11 >  8.45
|   |   |   |   |   |   |   |   |   |   |--- feature_28 <= 0.50
|   |   |   |   |   |   |   |   |   |   |   |--- class: negative
|   |   |   |   |   |   |   |   |   |   |--- feature_28 >  0.50
|   |   |   |   |   |   |   |   |   |   |   |--- truncated branch of depth 2
|   |   |   |   |   |--- feature_9 >  21.30
|   |   |   |   |   |   |--- feature_23 <= 1.00
|   |   |   |   |   |   |   |--- feature_23 <= 0.01
|   |   |   |   |   |   |   |   |--- class: negative
|   |   |   |   |   |   |   |--- feature_23 >  0.01
|   |   |   |   |   |   |   |   |--- class: positive
|   |   |   |   |   |   |--- feature_23 >  1.00
|   |   |   |   |   |   |   |--- feature_10 <= 148.11
|   |   |   |   |   |   |   |   |--- feature_27 <= 0.01
|   |   |   |   |   |   |   |   |   |--- feature_33 <= 0.02
|   |   |   |   |   |   |   |   |   |   |--- feature_10 <= 121.88
|   |   |   |   |   |   |   |   |   |   |   |--- truncated branch of depth 6
|   |   |   |   |   |   |   |   |   |   |--- feature_10 >  121.88
|   |   |   |   |   |   |   |   |   |   |   |--- truncated branch of depth 3
|   |   |   |   |   |   |   |   |   |--- feature_33 >  0.02
|   |   |   |   |   |   |   |   |   |   |--- class: positive
|   |   |   |   |   |   |   |   |--- feature_27 >  0.01
|   |   |   |   |   |   |   |   |   |--- feature_10 <= 65.08
|   |   |   |   |   |   |   |   |   |   |--- class: positive
|   |   |   |   |   |   |   |   |   |--- feature_10 >  65.08
|   |   |   |   |   |   |   |   |   |   |--- class: negative
|   |   |   |   |   |   |   |--- feature_10 >  148.11
|   |   |   |   |   |   |   |   |--- feature_2 <= 15.50
|   |   |   |   |   |   |   |   |   |--- class: negative
|   |   |   |   |   |   |   |   |--- feature_2 >  15.50
|   |   |   |   |   |   |   |   |   |--- feature_32 <= 0.50
|   |   |   |   |   |   |   |   |   |   |--- feature_1 <= 8714.50
|   |   |   |   |   |   |   |   |   |   |   |--- truncated branch of depth 5
|   |   |   |   |   |   |   |   |   |   |--- feature_1 >  8714.50
|   |   |   |   |   |   |   |   |   |   |   |--- class: negative
|   |   |   |   |   |   |   |   |   |--- feature_32 >  0.50
|   |   |   |   |   |   |   |   |   |   |--- class: negative
|   |   |--- feature_24 >  0.00
|   |   |   |--- feature_24 <= 1.00
|   |   |   |   |--- class: positive
|   |   |   |--- feature_24 >  1.00
|   |   |   |   |--- feature_13 <= 7.99
|   |   |   |   |   |--- feature_1 <= 34.50
|   |   |   |   |   |   |--- feature_12 <= 10.08
|   |   |   |   |   |   |   |--- feature_10 <= 11.58
|   |   |   |   |   |   |   |   |--- class: positive
|   |   |   |   |   |   |   |--- feature_10 >  11.58
|   |   |   |   |   |   |   |   |--- class: negative
|   |   |   |   |   |   |--- feature_12 >  10.08
|   |   |   |   |   |   |   |--- feature_13 <= 4.50
|   |   |   |   |   |   |   |   |--- class: negative
|   |   |   |   |   |   |   |--- feature_13 >  4.50
|   |   |   |   |   |   |   |   |--- feature_1 <= 5.50
|   |   |   |   |   |   |   |   |   |--- feature_0 <= 1934.00
|   |   |   |   |   |   |   |   |   |   |--- class: negative
|   |   |   |   |   |   |   |   |   |--- feature_0 >  1934.00
|   |   |   |   |   |   |   |   |   |   |--- class: positive
|   |   |   |   |   |   |   |   |--- feature_1 >  5.50
|   |   |   |   |   |   |   |   |   |--- class: positive
|   |   |   |   |   |--- feature_1 >  34.50
|   |   |   |   |   |   |--- feature_11 <= 3.85
|   |   |   |   |   |   |   |--- class: positive
|   |   |   |   |   |   |--- feature_11 >  3.85
|   |   |   |   |   |   |   |--- class: negative
|   |   |   |   |--- feature_13 >  7.99
|   |   |   |   |   |--- feature_11 <= 3.45
|   |   |   |   |   |   |--- class: positive
|   |   |   |   |   |--- feature_11 >  3.45
|   |   |   |   |   |   |--- feature_1 <= 17.50
|   |   |   |   |   |   |   |--- feature_0 <= 1913.50
|   |   |   |   |   |   |   |   |--- feature_12 <= 10.35
|   |   |   |   |   |   |   |   |   |--- class: negative
|   |   |   |   |   |   |   |   |--- feature_12 >  10.35
|   |   |   |   |   |   |   |   |   |--- class: positive
|   |   |   |   |   |   |   |--- feature_0 >  1913.50
|   |   |   |   |   |   |   |   |--- class: negative
|   |   |   |   |   |   |--- feature_1 >  17.50
|   |   |   |   |   |   |   |--- class: negative
|   |--- feature_0 >  1979.50
|   |   |--- feature_1 <= 11063.00
|   |   |   |--- feature_31 <= 0.01
|   |   |   |   |--- feature_0 <= 1980.50
|   |   |   |   |   |--- feature_11 <= 4.45
|   |   |   |   |   |   |--- feature_12 <= 22.50
|   |   |   |   |   |   |   |--- class: positive
|   |   |   |   |   |   |--- feature_12 >  22.50
|   |   |   |   |   |   |   |--- class: negative
|   |   |   |   |   |--- feature_11 >  4.45
|   |   |   |   |   |   |--- class: negative
|   |   |   |   |--- feature_0 >  1980.50
|   |   |   |   |   |--- class: negative
|   |   |   |--- feature_31 >  0.01
|   |   |   |   |--- feature_31 <= 1.00
|   |   |   |   |   |--- class: positive
|   |   |   |   |--- feature_31 >  1.00
|   |   |   |   |   |--- feature_22 <= 0.00
|   |   |   |   |   |   |--- feature_11 <= 3.20
|   |   |   |   |   |   |   |--- class: positive
|   |   |   |   |   |   |--- feature_11 >  3.20
|   |   |   |   |   |   |   |--- feature_12 <= 72.95
|   |   |   |   |   |   |   |   |--- class: negative
|   |   |   |   |   |   |   |--- feature_12 >  72.95
|   |   |   |   |   |   |   |   |--- feature_12 <= 73.40
|   |   |   |   |   |   |   |   |   |--- feature_1 <= 239.00
|   |   |   |   |   |   |   |   |   |   |--- class: positive
|   |   |   |   |   |   |   |   |   |--- feature_1 >  239.00
|   |   |   |   |   |   |   |   |   |   |--- class: negative
|   |   |   |   |   |   |   |   |--- feature_12 >  73.40
|   |   |   |   |   |   |   |   |   |--- feature_16 <= 0.50
|   |   |   |   |   |   |   |   |   |   |--- class: negative
|   |   |   |   |   |   |   |   |   |--- feature_16 >  0.50
|   |   |   |   |   |   |   |   |   |   |--- feature_0 <= 2005.50
|   |   |   |   |   |   |   |   |   |   |   |--- class: negative
|   |   |   |   |   |   |   |   |   |   |--- feature_0 >  2005.50
|   |   |   |   |   |   |   |   |   |   |   |--- class: positive
|   |   |   |   |   |--- feature_22 >  0.00
|   |   |   |   |   |   |--- feature_22 <= 1.00
|   |   |   |   |   |   |   |--- class: positive
|   |   |   |   |   |   |--- feature_22 >  1.00
|   |   |   |   |   |   |   |--- feature_0 <= 2004.50
|   |   |   |   |   |   |   |   |--- class: negative
|   |   |   |   |   |   |   |--- feature_0 >  2004.50
|   |   |   |   |   |   |   |   |--- feature_10 <= 31.53
|   |   |   |   |   |   |   |   |   |--- feature_0 <= 2005.50
|   |   |   |   |   |   |   |   |   |   |--- feature_11 <= 7.12
|   |   |   |   |   |   |   |   |   |   |   |--- truncated branch of depth 5
|   |   |   |   |   |   |   |   |   |   |--- feature_11 >  7.12
|   |   |   |   |   |   |   |   |   |   |   |--- class: negative
|   |   |   |   |   |   |   |   |   |--- feature_0 >  2005.50
|   |   |   |   |   |   |   |   |   |   |--- class: negative
|   |   |   |   |   |   |   |   |--- feature_10 >  31.53
|   |   |   |   |   |   |   |   |   |--- feature_11 <= 7.30
|   |   |   |   |   |   |   |   |   |   |--- class: positive
|   |   |   |   |   |   |   |   |   |--- feature_11 >  7.30
|   |   |   |   |   |   |   |   |   |   |--- feature_12 <= 90.90
|   |   |   |   |   |   |   |   |   |   |   |--- class: negative
|   |   |   |   |   |   |   |   |   |   |--- feature_12 >  90.90
|   |   |   |   |   |   |   |   |   |   |   |--- class: positive
|   |   |--- feature_1 >  11063.00
|   |   |   |--- feature_21 <= 1.00
|   |   |   |   |--- feature_7 <= 2.00
|   |   |   |   |   |--- class: negative
|   |   |   |   |--- feature_7 >  2.00
|   |   |   |   |   |--- feature_8 <= 5.50
|   |   |   |   |   |   |--- feature_14 <= 4.50
|   |   |   |   |   |   |   |--- feature_22 <= 1.00
|   |   |   |   |   |   |   |   |--- feature_23 <= 1.00
|   |   |   |   |   |   |   |   |   |--- feature_20 <= 0.69
|   |   |   |   |   |   |   |   |   |   |--- class: positive
|   |   |   |   |   |   |   |   |   |--- feature_20 >  0.69
|   |   |   |   |   |   |   |   |   |   |--- class: negative
|   |   |   |   |   |   |   |   |--- feature_23 >  1.00
|   |   |   |   |   |   |   |   |   |--- feature_11 <= 25.66
|   |   |   |   |   |   |   |   |   |   |--- class: negative
|   |   |   |   |   |   |   |   |   |--- feature_11 >  25.66
|   |   |   |   |   |   |   |   |   |   |--- class: positive
|   |   |   |   |   |   |   |--- feature_22 >  1.00
|   |   |   |   |   |   |   |   |--- feature_7 <= 17.00
|   |   |   |   |   |   |   |   |   |--- class: positive
|   |   |   |   |   |   |   |   |--- feature_7 >  17.00
|   |   |   |   |   |   |   |   |   |--- class: negative
|   |   |   |   |   |   |--- feature_14 >  4.50
|   |   |   |   |   |   |   |--- class: negative
|   |   |   |   |   |--- feature_8 >  5.50
|   |   |   |   |   |   |--- class: negative
|   |   |   |--- feature_21 >  1.00
|   |   |   |   |--- class: negative
