|--- feature_0 <= 1973.50
|   |--- feature_19 <= 1.00
|   |   |--- feature_8 <= 96360928.00
|   |   |   |--- feature_1 <= 427.50
|   |   |   |   |--- feature_12 <= 10.27
|   |   |   |   |   |--- class: negative
|   |   |   |   |--- feature_12 >  10.27
|   |   |   |   |   |--- feature_2 <= 9.50
|   |   |   |   |   |   |--- feature_0 <= 1959.50
|   |   |   |   |   |   |   |--- feature_1 <= 85.50
|   |   |   |   |   |   |   |   |--- feature_8 <= 96182508.00
|   |   |   |   |   |   |   |   |   |--- feature_12 <= 31.20
|   |   |   |   |   |   |   |   |   |   |--- feature_12 <= 14.45
|   |   |   |   |   |   |   |   |   |   |   |--- truncated branch of depth 2
|   |   |   |   |   |   |   |   |   |   |--- feature_12 >  14.45
|   |   |   |   |   |   |   |   |   |   |   |--- class: negative
|   |   |   |   |   |   |   |   |   |--- feature_12 >  31.20
|   |   |   |   |   |   |   |   |   |   |--- feature_7 <= 40708752.00
|   |   |   |   |   |   |   |   |   |   |   |--- class: positive
|   |   |   |   |   |   |   |   |   |   |--- feature_7 >  40708752.00
|   |   |   |   |   |   |   |   |   |   |   |--- class: negative
|   |   |   |   |   |   |   |   |--- feature_8 >  96182508.00
|   |   |   |   |   |   |   |   |   |--- feature_8 <= 96296600.00
|   |   |   |   |   |   |   |   |   |   |--- feature_7 <= 40486200.00
|   |   |   |   |   |   |   |   |   |   |   |--- class: negative
|   |   |   |   |   |   |   |   |   |   |--- feature_7 >  40486200.00
|   |   |   |   |   |   |   |   |   |   |   |--- truncated branch of depth 6
|   |   |   |   |   |   |   |   |   |--- feature_8 >  96296600.00
|   |   |   |   |   |   |   |   |   |   |--- class: negative
|   |   |   |   |   |   |   |--- feature_1 >  85.50
|   |   |   |   |   |   |   |   |--- feature_20 <= 9.50
|   |   |   |   |   |   |   |   |   |--- feature_11 <= 7.91
|   |   |   |   |   |   |   |   |   |   |--- class: negative
|   |   |   |   |   |   |   |   |   |--- feature_11 >  7.91
|   |   |   |   |   |   |   |   |   |   |--- feature_14 <= 45.45
|   |   |   |   |   |   |   |   |   |   |   |--- truncated branch of depth 2
|   |   |   |   |   |   |   |   |   |   |--- feature_14 >  45.45
|   |   |   |   |   |   |   |   |   |   |   |--- truncated branch of depth 2
|   |   |   |   |   |   |   |   |--- feature_20 >  9.50
|   |   |   |   |   |   |   |   |   |--- class: negative
|   |   |   |   |   |   |--- feature_0 >  1959.50
|   |   |   |   |   |   |   |--- feature_8 <= 96187392.00
|   |   |   |   |   |   |   |   |--- feature_7 <= 40907650.00
|   |   |   |   |   |   |   |   |   |--- feature_13 <= 8.65
|   |   |   |   |   |   |   |   |   |   |--- class: negative
|   |   |   |   |   |   |   |   |   |--- feature_13 >  8.65
|   |   |   |   |   |   |   |   |   |   |--- feature_0 <= 1969.00
|   |   |   |   |   |   |   |   |   |   |   |--- class: negative
|   |   |   |   |   |   |   |   |   |   |--- feature_0 >  1969.00
|   |   |   |   |   |   |   |   |   |   |   |--- class: positive
|   |   |   |   |   |   |   |   |--- feature_7 >  40907650.00
|   |   |   |   |   |   |   |   |   |--- class: positive
|   |   |   |   |   |   |   |--- feature_8 >  96187392.00
|   |   |   |   |   |   |   |   |--- class: negative
|   |   |   |   |   |--- feature_2 >  9.50
|   |   |   |   |   |   |--- feature_14 <= 16.84
|   |   |   |   |   |   |   |--- feature_14 <= 10.09
|   |   |   |   |   |   |   |   |--- class: negative
|   |   |   |   |   |   |   |--- feature_14 >  10.09
|   |   |   |   |   |   |   |   |--- class: positive
|   |   |   |   |   |   |--- feature_14 >  16.84
|   |   |   |   |   |   |   |--- class: negative
|   |   |   |--- feature_1 >  427.50
|   |   |   |   |--- feature_13 <= 13.45
|   |   |   |   |   |--- feature_1 <= 8619.50
|   |   |   |   |   |   |--- feature_0 <= 1953.50
|   |   |   |   |   |   |   |--- feature_9 <= 29.50
|   |   |   |   |   |   |   |   |--- feature_7 <= 40082324.00
|   |   |   |   |   |   |   |   |   |--- class: positive
|   |   |   |   |   |   |   |   |--- feature_7 >  40082324.00
|   |   |   |   |   |   |   |   |   |--- feature_13 <= 12.00
|   |   |   |   |   |   |   |   |   |   |--- feature_8 <= 96218808.00
|   |   |   |   |   |   |   |   |   |   |   |--- truncated branch of depth 3
|   |   |   |   |   |   |   |   |   |   |--- feature_8 >  96218808.00
|   |   |   |   |   |   |   |   |   |   |   |--- class: positive
|   |   |   |   |   |   |   |   |   |--- feature_13 >  12.00
|   |   |   |   |   |   |   |   |   |   |--- feature_15 <= 4.54
|   |   |   |   |   |   |   |   |   |   |   |--- class: positive
|   |   |   |   |   |   |   |   |   |   |--- feature_15 >  4.54
|   |   |   |   |   |   |   |   |   |   |   |--- class: negative
|   |   |   |   |   |   |   |--- feature_9 >  29.50
|   |   |   |   |   |   |   |   |--- class: negative
|   |   |   |   |   |   |--- feature_0 >  1953.50
|   |   |   |   |   |   |   |--- feature_7 <= 41120892.00
|   |   |   |   |   |   |   |   |--- feature_20 <= 4.50
|   |   |   |   |   |   |   |   |   |--- feature_15 <= 3.50
|   |   |   |   |   |   |   |   |   |   |--- class: positive
|   |   |   |   |   |   |   |   |   |--- feature_15 >  3.50
|   |   |   |   |   |   |   |   |   |   |--- feature_3 <= 1.50
|   |   |   |   |   |   |   |   |   |   |   |--- truncated branch of depth 3
|   |   |   |   |   |   |   |   |   |   |--- feature_3 >  1.50
|   |   |   |   |   |   |   |   |   |   |   |--- class: negative
|   |   |   |   |   |   |   |   |--- feature_20 >  4.50
|   |   |   |   |   |   |   |   |   |--- class: positive
|   |   |   |   |   |   |   |--- feature_7 >  41120892.00
|   |   |   |   |   |   |   |   |--- feature_11 <= 11.13
|   |   |   |   |   |   |   |   |   |--- class: negative
|   |   |   |   |   |   |   |   |--- feature_11 >  11.13
|   |   |   |   |   |   |   |   |   |--- feature_2 <= 12.50
|   |   |   |   |   |   |   |   |   |   |--- feature_1 <= 3368.50
|   |   |   |   |   |   |   |   |   |   |   |--- truncated branch of depth 2
|   |   |   |   |   |   |   |   |   |   |--- feature_1 >  3368.50
|   |   |   |   |   |   |   |   |   |   |   |--- truncated branch of depth 2
|   |   |   |   |   |   |   |   |   |--- feature_2 >  12.50
|   |   |   |   |   |   |   |   |   |   |--- class: negative
|   |   |   |   |   |--- feature_1 >  8619.50
|   |   |   |   |   |   |--- feature_7 <= 41133218.00
|   |   |   |   |   |   |   |--- feature_11 <= 10.53
|   |   |   |   |   |   |   |   |--- feature_2 <= 20.50
|   |   |   |   |   |   |   |   |   |--- class: negative
|   |   |   |   |   |   |   |   |--- feature_2 >  20.50
|   |   |   |   |   |   |   |   |   |--- class: positive
|   |   |   |   |   |   |   |--- feature_11 >  10.53
|   |   |   |   |   |   |   |   |--- class: positive
|   |   |   |   |   |   |--- feature_7 >  41133218.00
|   |   |   |   |   |   |   |--- feature_13 <= 11.39
|   |   |   |   |   |   |   |   |--- class: positive
|   |   |   |   |   |   |   |--- feature_13 >  11.39
|   |   |   |   |   |   |   |   |--- class: negative
|   |   |   |   |--- feature_13 >  13.45
|   |   |   |   |   |--- class: negative
|   |   |--- feature_8 >  96360928.00
|   |   |   |--- feature_15 <= 7.99
|   |   |   |   |--- feature_15 <= 5.01
|   |   |   |   |   |--- feature_15 <= 5.00
|   |   |   |   |   |   |--- feature_15 <= 4.00
|   |   |   |   |   |   |   |--- feature_8 <= 97254116.00
|   |   |   |   |   |   |   |   |--- feature_14 <= 12.29
|   |   |   |   |   |   |   |   |   |--- feature_7 <= 41093710.00
|   |   |   |   |   |   |   |   |   |   |--- class: negative
|   |   |   |   |   |   |   |   |   |--- feature_7 >  41093710.00
|   |   |   |   |   |   |   |   |   |   |--- feature_12 <= 21.72
|   |   |   |   |   |   |   |   |   |   |   |--- truncated branch of depth 2
|   |   |   |   |   |   |   |   |   |   |--- feature_12 >  21.72
|   |   |   |   |   |   |   |   |   |   |   |--- truncated branch of depth 2
|   |   |   |   |   |   |   |   |--- feature_14 >  12.29
|   |   |   |   |   |   |   |   |   |--- feature_2 <= 32.50
|   |   |   |   |   |   |   |   |   |   |--- class: negative
|   |   |   |   |   |   |   |   |   |--- feature_2 >  32.50
|   |   |   |   |   |   |   |   |   |   |--- feature_7 <= 40741200.00
|   |   |   |   |   |   |   |   |   |   |   |--- class: positive
|   |   |   |   |   |   |   |   |   |   |--- feature_7 >  40741200.00
|   |   |   |   |   |   |   |   |   |   |   |--- class: negative
|   |   |   |   |   |   |   |--- feature_8 >  97254116.00
|   |   |   |   |   |   |   |   |--- feature_13 <= 4.65
|   |   |   |   |   |   |   |   |   |--- feature_0 <= 1923.00
|   |   |   |   |   |   |   |   |   |   |--- class: negative
|   |   |   |   |   |   |   |   |   |--- feature_0 >  1923.00
|   |   |   |   |   |   |   |   |   |   |--- class: positive
|   |   |   |   |   |   |   |   |--- feature_13 >  4.65
|   |   |   |   |   |   |   |   |   |--- feature_15 <= 3.01
|   |   |   |   |   |   |   |   |   |   |--- feature_15 <= 2.97
|   |   |   |   |   |   |   |   |   |   |   |--- truncated branch of depth 2
|   |   |   |   |   |   |   |   |   |   |--- feature_15 >  2.97
|   |   |   |   |   |   |   |   |   |   |   |--- truncated branch of depth 4
|   |   |   |   |   |   |   |   |   |--- feature_15 >  3.01
|   |   |   |   |   |   |   |   |   |   |--- feature_15 <= 3.99
|   |   |   |   |   |   |   |   |   |   |   |--- class: positive
|   |   |   |   |   |   |   |   |   |   |--- feature_15 >  3.99
|   |   |   |   |   |   |   |   |   |   |   |--- truncated branch of depth 8
|   |   |   |   |   |   |--- feature_15 >  4.00
|   |   |   |   |   |   |   |--- class: positive
|   |   |   |   |   |--- feature_15 >  5.00
|   |   |   |   |   |   |--- feature_12 <= 22.95
|   |   |   |   |   |   |   |--- feature_12 <= 6.55
|   |   |   |   |   |   |   |   |--- class: positive
|   |   |   |   |   |   |   |--- feature_12 >  6.55
|   |   |   |   |   |   |   |   |--- feature_14 <= 10.80
|   |   |   |   |   |   |   |   |   |--- feature_14 <= 9.45
|   |   |   |   |   |   |   |   |   |   |--- class: negative
|   |   |   |   |   |   |   |   |   |--- feature_14 >  9.45
|   |   |   |   |   |   |   |   |   |   |--- class: positive
|   |   |   |   |   |   |   |   |--- feature_14 >  10.80
|   |   |   |   |   |   |   |   |   |--- class: negative
|   |   |   |   |   |   |--- feature_12 >  22.95
|   |   |   |   |   |   |   |--- feature_8 <= 97355000.00
|   |   |   |   |   |   |   |   |--- feature_11 <= 7.00
|   |   |   |   |   |   |   |   |   |--- class: positive
|   |   |   |   |   |   |   |   |--- feature_11 >  7.00
|   |   |   |   |   |   |   |   |   |--- class: negative
|   |   |   |   |   |   |   |--- feature_8 >  97355000.00
|   |   |   |   |   |   |   |   |--- feature_8 <= 98587700.00
|   |   |   |   |   |   |   |   |   |--- feature_14 <= 36.00
|   |   |   |   |   |   |   |   |   |   |--- feature_2 <= 12.00
|   |   |   |   |   |   |   |   |   |   |   |--- truncated branch of depth 2
|   |   |   |   |   |   |   |   |   |   |--- feature_2 >  12.00
|   |   |   |   |   |   |   |   |   |   |   |--- truncated branch of depth 2
|   |   |   |   |   |   |   |   |   |--- feature_14 >  36.00
|   |   |   |   |   |   |   |   |   |   |--- feature_12 <= 177.10
|   |   |   |   |   |   |   |   |   |   |   |--- class: negative
|   |   |   |   |   |   |   |   |   |   |--- feature_12 >  177.10
|   |   |   |   |   |   |   |   |   |   |   |--- class: positive
|   |   |   |   |   |   |   |   |--- feature_8 >  98587700.00
|   |   |   |   |   |   |   |   |   |--- feature_10 <= 3.50
|   |   |   |   |   |   |   |   |   |   |--- feature_1 <= 12.50
|   |   |   |   |   |   |   |   |   |   |   |--- class: positive
|   |   |   |   |   |   |   |   |   |   |--- feature_1 >  12.50
|   |   |   |   |   |   |   |   |   |   |   |--- class: negative
|   |   |   |   |   |   |   |   |   |--- feature_10 >  3.50
|   |   |   |   |   |   |   |   |   |   |--- feature_3 <= 4.00
|   |   |   |   |   |   |   |   |   |   |   |--- truncated branch of depth 2
|   |   |   |   |   |   |   |   |   |   |--- feature_3 >  4.00
|   |   |   |   |   |   |   |   |   |   |   |--- class: positive
|   |   |   |   |--- feature_15 >  5.01
|   |   |   |   |   |--- feature_15 <= 5.99
|   |   |   |   |   |   |--- class: positive
|   |   |   |   |   |--- feature_15 >  5.99
|   |   |   |   |   |   |--- feature_15 <= 6.00
|   |   |   |   |   |   |   |--- class: negative
|   |   |   |   |   |   |--- feature_15 >  6.00
|   |   |   |   |   |   |   |--- feature_9 <= 29.50
|   |   |   |   |   |   |   |   |--- feature_0 <= 1936.50
|   |   |   |   |   |   |   |   |   |--- feature_7 <= 40447456.00
|   |   |   |   |   |   |   |   |   |   |--- class: negative
|   |   |   |   |   |   |   |   |   |--- feature_7 >  40447456.00
|   |   |   |   |   |   |   |   |   |   |--- feature_11 <= 20.80
|   |   |   |   |   |   |   |   |   |   |   |--- class: positive
|   |   |   |   |   |   |   |   |   |   |--- feature_11 >  20.80
|   |   |   |   |   |   |   |   |   |   |   |--- class: negative
|   |   |   |   |   |   |   |   |--- feature_0 >  1936.50
|   |   |   |   |   |   |   |   |   |--- feature_11 <= 6.17
|   |   |   |   |   |   |   |   |   |   |--- class: negative
|   |   |   |   |   |   |   |   |   |--- feature_11 >  6.17
|   |   |   |   |   |   |   |   |   |   |--- class: positive
|   |   |   |   |   |   |   |--- feature_9 >  29.50
|   |   |   |   |   |   |   |   |--- feature_7 <= 41030270.00
|   |   |   |   |   |   |   |   |   |--- class: negative
|   |   |   |   |   |   |   |   |--- feature_7 >  41030270.00
|   |   |   |   |   |   |   |   |   |--- class: positive
|   |   |   |--- feature_15 >  7.99
|   |   |   |   |--- feature_14 <= 34.75
|   |   |   |   |   |--- feature_8 <= 100236200.00
|   |   |   |   |   |   |--- feature_11 <= 8.95
|   |   |   |   |   |   |   |--- class: negative
|   |   |   |   |   |   |--- feature_11 >  8.95
|   |   |   |   |   |   |   |--- feature_10 <= 2.50
|   |   |   |   |   |   |   |   |--- feature_12 <= 12.91
|   |   |   |   |   |   |   |   |   |--- feature_14 <= 15.16
|   |   |   |   |   |   |   |   |   |   |--- feature_11 <= 11.74
|   |   |   |   |   |   |   |   |   |   |   |--- class: positive
|   |   |   |   |   |   |   |   |   |   |--- feature_11 >  11.74
|   |   |   |   |   |   |   |   |   |   |   |--- class: negative
|   |   |   |   |   |   |   |   |   |--- feature_14 >  15.16
|   |   |   |   |   |   |   |   |   |   |--- feature_3 <= 4.00
|   |   |   |   |   |   |   |   |   |   |   |--- class: negative
|   |   |   |   |   |   |   |   |   |   |--- feature_3 >  4.00
|   |   |   |   |   |   |   |   |   |   |   |--- truncated branch of depth 2
|   |   |   |   |   |   |   |   |--- feature_12 >  12.91
|   |   |   |   |   |   |   |   |   |--- feature_0 <= 1936.00
|   |   |   |   |   |   |   |   |   |   |--- feature_14 <= 17.10
|   |   |   |   |   |   |   |   |   |   |   |--- truncated branch of depth 4
|   |   |   |   |   |   |   |   |   |   |--- feature_14 >  17.10
|   |   |   |   |   |   |   |   |   |   |   |--- class: negative
|   |   |   |   |   |   |   |   |   |--- feature_0 >  1936.00
|   |   |   |   |   |   |   |   |   |   |--- feature_0 <= 1949.50
|   |   |   |   |   |   |   |   |   |   |   |--- truncated branch of depth 2
|   |   |   |   |   |   |   |   |   |   |--- feature_0 >  1949.50
|   |   |   |   |   |   |   |   |   |   |   |--- truncated branch of depth 8
|   |   |   |   |   |   |   |--- feature_10 >  2.50
|   |   |   |   |   |   |   |   |--- class: negative
|   |   |   |   |   |--- feature_8 >  100236200.00
|   |   |   |   |   |   |--- feature_7 <= 40791500.00
|   |   |   |   |   |   |   |--- feature_12 <= 29.91
|   |   |   |   |   |   |   |   |--- feature_14 <= 31.95
|   |   |   |   |   |   |   |   |   |--- class: negative
|   |   |   |   |   |   |   |   |--- feature_14 >  31.95
|   |   |   |   |   |   |   |   |   |--- class: positive
|   |   |   |   |   |   |   |--- feature_12 >  29.91
|   |   |   |   |   |   |   |   |--- class: positive
|   |   |   |   |   |   |--- feature_7 >  40791500.00
|   |   |   |   |   |   |   |--- feature_1 <= 1245.00
|   |   |   |   |   |   |   |   |--- class: negative
|   |   |   |   |   |   |   |--- feature_1 >  1245.00
|   |   |   |   |   |   |   |   |--- feature_14 <= 30.60
|   |   |   |   |   |   |   |   |   |--- class: negative
|   |   |   |   |   |   |   |   |--- feature_14 >  30.60
|   |   |   |   |   |   |   |   |   |--- class: positive
|   |   |   |   |--- feature_14 >  34.75
|   |   |   |   |   |--- feature_8 <= 97250600.00
|   |   |   |   |   |   |--- feature_20 <= 1.50
|   |   |   |   |   |   |   |--- feature_8 <= 97065300.00
|   |   |   |   |   |   |   |   |--- feature_3 <= 2.50
|   |   |   |   |   |   |   |   |   |--- feature_8 <= 96382348.00
|   |   |   |   |   |   |   |   |   |   |--- feature_2 <= 13.00
|   |   |   |   |   |   |   |   |   |   |   |--- class: negative
|   |   |   |   |   |   |   |   |   |   |--- feature_2 >  13.00
|   |   |   |   |   |   |   |   |   |   |   |--- class: positive
|   |   |   |   |   |   |   |   |   |--- feature_8 >  96382348.00
|   |   |   |   |   |   |   |   |   |   |--- class: negative
|   |   |   |   |   |   |   |   |--- feature_3 >  2.50
|   |   |   |   |   |   |   |   |   |--- class: positive
|   |   |   |   |   |   |   |--- feature_8 >  97065300.00
|   |   |   |   |   |   |   |   |--- feature_7 <= 41347700.00
|   |   |   |   |   |   |   |   |   |--- class: negative
|   |   |   |   |   |   |   |   |--- feature_7 >  41347700.00
|   |   |   |   |   |   |   |   |   |--- feature_7 <= 42274658.00
|   |   |   |   |   |   |   |   |   |   |--- class: positive
|   |   |   |   |   |   |   |   |   |--- feature_7 >  42274658.00
|   |   |   |   |   |   |   |   |   |   |--- feature_13 <= 10.05
|   |   |   |   |   |   |   |   |   |   |   |--- class: negative
|   |   |   |   |   |   |   |   |   |   |--- feature_13 >  10.05
|   |   |   |   |   |   |   |   |   |   |   |--- class: positive
|   |   |   |   |   |   |--- feature_20 >  1.50
|   |   |   |   |   |   |   |--- feature_7 <= 42239560.00
|   |   |   |   |   |   |   |   |--- class: negative
|   |   |   |   |   |   |   |--- feature_7 >  42239560.00
|   |   |   |   |   |   |   |   |--- feature_7 <= 42250900.00
|   |   |   |   |   |   |   |   |   |--- class: positive
|   |   |   |   |   |   |   |   |--- feature_7 >  42250900.00
|   |   |   |   |   |   |   |   |   |--- class: negative
|   |   |   |   |   |--- feature_8 >  97250600.00
|   |   |   |   |   |   |--- feature_14 <= 37.58
|   |   |   |   |   |   |   |--- feature_14 <= 37.13
|   |   |   |   |   |   |   |   |--- feature_0 <= 1967.00
|   |   |   |   |   |   |   |   |   |--- class: negative
|   |   |   |   |   |   |   |   |--- feature_0 >  1967.00
|   |   |   |   |   |   |   |   |   |--- feature_0 <= 1969.00
|   |   |   |   |   |   |   |   |   |   |--- class: positive
|   |   |   |   |   |   |   |   |   |--- feature_0 >  1969.00
|   |   |   |   |   |   |   |   |   |   |--- class: negative
|   |   |   |   |   |   |   |--- feature_14 >  37.13
|   |   |   |   |   |   |   |   |--- class: positive
|   |   |   |   |   |   |--- feature_14 >  37.58
|   |   |   |   |   |   |   |--- feature_12 <= 135.09
|   |   |   |   |   |   |   |   |--- class: negative
|   |   |   |   |   |   |   |--- feature_12 >  135.09
|   |   |   |   |   |   |   |   |--- feature_12 <= 157.94
|   |   |   |   |   |   |   |   |   |--- class: positive
|   |   |   |   |   |   |   |   |--- feature_12 >  157.94
|   |   |   |   |   |   |   |   |   |--- class: negative
|   |--- feature_19 >  1.00
|   |   |--- feature_19 <= 8.00
|   |   |   |--- feature_15 <= 8.00
|   |   |   |   |--- feature_19 <= 6.00
|   |   |   |   |   |--- feature_19 <= 6.00
|   |   |   |   |   |   |--- feature_1 <= 10.50
|   |   |   |   |   |   |   |--- class: negative
|   |   |   |   |   |   |--- feature_1 >  10.50
|   |   |   |   |   |   |   |--- feature_12 <= 8.22
|   |   |   |   |   |   |   |   |--- feature_12 <= 7.19
|   |   |   |   |   |   |   |   |   |--- class: positive
|   |   |   |   |   |   |   |   |--- feature_12 >  7.19
|   |   |   |   |   |   |   |   |   |--- class: negative
|   |   |   |   |   |   |   |--- feature_12 >  8.22
|   |   |   |   |   |   |   |   |--- feature_14 <= 79.99
|   |   |   |   |   |   |   |   |   |--- feature_1 <= 70.50
|   |   |   |   |   |   |   |   |   |   |--- feature_10 <= 2.50
|   |   |   |   |   |   |   |   |   |   |   |--- truncated branch of depth 6
|   |   |   |   |   |   |   |   |   |   |--- feature_10 >  2.50
|   |   |   |   |   |   |   |   |   |   |   |--- truncated branch of depth 4
|   |   |   |   |   |   |   |   |   |--- feature_1 >  70.50
|   |   |   |   |   |   |   |   |   |   |--- class: positive
|   |   |   |   |   |   |   |   |--- feature_14 >  79.99
|   |   |   |   |   |   |   |   |   |--- class: negative
|   |   |   |   |   |--- feature_19 >  6.00
|   |   |   |   |   |   |--- feature_12 <= 26.04
|   |   |   |   |   |   |   |--- feature_13 <= 5.02
|   |   |   |   |   |   |   |   |--- class: negative
|   |   |   |   |   |   |   |--- feature_13 >  5.02
|   |   |   |   |   |   |   |   |--- feature_13 <= 5.45
|   |   |   |   |   |   |   |   |   |--- class: positive
|   |   |   |   |   |   |   |   |--- feature_13 >  5.45
|   |   |   |   |   |   |   |   |   |--- feature_15 <= 6.47
|   |   |   |   |   |   |   |   |   |   |--- feature_13 <= 6.55
|   |   |   |   |   |   |   |   |   |   |   |--- truncated branch of depth 3
|   |   |   |   |   |   |   |   |   |   |--- feature_13 >  6.55
|   |   |   |   |   |   |   |   |   |   |   |--- class: negative
|   |   |   |   |   |   |   |   |   |--- feature_15 >  6.47
|   |   |   |   |   |   |   |   |   |   |--- class: positive
|   |   |   |   |   |   |--- feature_12 >  26.04
|   |   |   |   |   |   |   |--- feature_13 <= 7.63
|   |   |   |   |   |   |   |   |--- class: positive
|   |   |   |   |   |   |   |--- feature_13 >  7.63
|   |   |   |   |   |   |   |   |--- class: negative
|   |   |   |   |--- feature_19 >  6.00
|   |   |   |   |   |--- feature_7 <= 40010016.00
|   |   |   |   |   |   |--- class: negative
|   |   |   |   |   |--- feature_7 >  40010016.00
|   |   |   |   |   |   |--- class: positive
|   |   |   |--- feature_15 >  8.00
|   |   |   |   |--- feature_0 <= 1935.50
|   |   |   |   |   |--- feature_19 <= 6.03
|   |   |   |   |   |   |--- feature_19 <= 5.98
|   |   |   |   |   |   |   |--- feature_1 <= 15.50
|   |   |   |   |   |   |   |   |--- class: negative
|   |   |   |   |   |   |   |--- feature_1 >  15.50
|   |   |   |   |   |   |   |   |--- feature_11 <= 9.10
|   |   |   |   |   |   |   |   |   |--- class: negative
|   |   |   |   |   |   |   |   |--- feature_11 >  9.10
|   |   |   |   |   |   |   |   |   |--- class: positive
|   |   |   |   |   |   |--- feature_19 >  5.98
|   |   |   |   |   |   |   |--- feature_8 <= 95826428.00
|   |   |   |   |   |   |   |   |--- feature_8 <= 95560900.00
|   |   |   |   |   |   |   |   |   |--- class: negative
|   |   |   |   |   |   |   |   |--- feature_8 >  95560900.00
|   |   |   |   |   |   |   |   |   |--- class: positive
|   |   |   |   |   |   |   |--- feature_8 >  95826428.00
|   |   |   |   |   |   |   |   |--- feature_18 <= 18.00
|   |   |   |   |   |   |   |   |   |--- feature_1 <= 22.50
|   |   |   |   |   |   |   |   |   |   |--- class: negative
|   |   |   |   |   |   |   |   |   |--- feature_1 >  22.50
|   |   |   |   |   |   |   |   |   |   |--- class: positive
|   |   |   |   |   |   |   |   |--- feature_18 >  18.00
|   |   |   |   |   |   |   |   |   |--- feature_14 <= 56.25
|   |   |   |   |   |   |   |   |   |   |--- class: negative
|   |   |   |   |   |   |   |   |   |--- feature_14 >  56.25
|   |   |   |   |   |   |   |   |   |   |--- class: positive
|   |   |   |   |   |--- feature_19 >  6.03
|   |   |   |   |   |   |--- class: positive
|   |   |   |   |--- feature_0 >  1935.50
|   |   |   |   |   |--- feature_19 <= 2.00
|   |   |   |   |   |   |--- feature_19 <= 1.99
|   |   |   |   |   |   |   |--- class: positive
|   |   |   |   |   |   |--- feature_19 >  1.99
|   |   |   |   |   |   |   |--- class: negative
|   |   |   |   |   |--- feature_19 >  2.00
|   |   |   |   |   |   |--- feature_19 <= 5.99
|   |   |   |   |   |   |   |--- class: positive
|   |   |   |   |   |   |--- feature_19 >  5.99
|   |   |   |   |   |   |   |--- feature_19 <= 6.01
|   |   |   |   |   |   |   |   |--- feature_1 <= 42.50
|   |   |   |   |   |   |   |   |   |--- class: negative
|   |   |   |   |   |   |   |   |--- feature_1 >  42.50
|   |   |   |   |   |   |   |   |   |--- class: positive
|   |   |   |   |   |   |   |--- feature_19 >  6.01
|   |   |   |   |   |   |   |   |--- feature_3 <= 1.50
|   |   |   |   |   |   |   |   |   |--- class: negative
|   |   |   |   |   |   |   |   |--- feature_3 >  1.50
|   |   |   |   |   |   |   |   |   |--- class: positive
|   |   |--- feature_19 >  8.00
|   |   |   |--- feature_19 <= 9.00
|   |   |   |   |--- feature_19 <= 8.00
|   |   |   |   |   |--- feature_16 <= 1.50
|   |   |   |   |   |   |--- feature_13 <= 4.80
|   |   |   |   |   |   |   |--- feature_20 <= 9.50
|   |   |   |   |   |   |   |   |--- feature_20 <= 3.50
|   |   |   |   |   |   |   |   |   |--- feature_10 <= 1.50
|   |   |   |   |   |   |   |   |   |   |--- feature_8 <= 97535012.00
|   |   |   |   |   |   |   |   |   |   |   |--- truncated branch of depth 10
|   |   |   |   |   |   |   |   |   |   |--- feature_8 >  97535012.00
|   |   |   |   |   |   |   |   |   |   |   |--- class: negative
|   |   |   |   |   |   |   |   |   |--- feature_10 >  1.50
|   |   |   |   |   |   |   |   |   |   |--- feature_7 <= 42306228.00
|   |   |   |   |   |   |   |   |   |   |   |--- truncated branch of depth 5
|   |   |   |   |   |   |   |   |   |   |--- feature_7 >  42306228.00
|   |   |   |   |   |   |   |   |   |   |   |--- truncated branch of depth 2
|   |   |   |   |   |   |   |   |--- feature_20 >  3.50
|   |   |   |   |   |   |   |   |   |--- class: positive
|   |   |   |   |   |   |   |--- feature_20 >  9.50
|   |   |   |   |   |   |   |   |--- feature_12 <= 32.00
|   |   |   |   |   |   |   |   |   |--- feature_7 <= 40191200.00
|   |   |   |   |   |   |   |   |   |   |--- class: negative
|   |   |   |   |   |   |   |   |   |--- feature_7 >  40191200.00
|   |   |   |   |   |   |   |   |   |   |--- feature_7 <= 40417400.00
|   |   |   |   |   |   |   |   |   |   |   |--- truncated branch of depth 5
|   |   |   |   |   |   |   |   |   |   |--- feature_7 >  40417400.00
|   |   |   |   |   |   |   |   |   |   |   |--- truncated branch of depth 6
|   |   |   |   |   |   |   |   |--- feature_12 >  32.00
|   |   |   |   |   |   |   |   |   |--- feature_14 <= 15.30
|   |   |   |   |   |   |   |   |   |   |--- feature_11 <= 20.55
|   |   |   |   |   |   |   |   |   |   |   |--- truncated branch of depth 2
|   |   |   |   |   |   |   |   |   |   |--- feature_11 >  20.55
|   |   |   |   |   |   |   |   |   |   |   |--- truncated branch of depth 3
|   |   |   |   |   |   |   |   |   |--- feature_14 >  15.30
|   |   |   |   |   |   |   |   |   |   |--- class: positive
|   |   |   |   |   |   |--- feature_13 >  4.80
|   |   |   |   |   |   |   |--- feature_1 <= 4.00
|   |   |   |   |   |   |   |   |--- class: negative
|   |   |   |   |   |   |   |--- feature_1 >  4.00
|   |   |   |   |   |   |   |   |--- class: positive
|   |   |   |   |   |--- feature_16 >  1.50
|   |   |   |   |   |   |--- feature_12 <= 9.41
|   |   |   |   |   |   |   |--- feature_18 <= 23.50
|   |   |   |   |   |   |   |   |--- class: positive
|   |   |   |   |   |   |   |--- feature_18 >  23.50
|   |   |   |   |   |   |   |   |--- feature_7 <= 41135790.00
|   |   |   |   |   |   |   |   |   |--- feature_7 <= 40061200.00
|   |   |   |   |   |   |   |   |   |   |--- feature_11 <= 7.75
|   |   |   |   |   |   |   |   |   |   |   |--- class: negative
|   |   |   |   |   |   |   |   |   |   |--- feature_11 >  7.75
|   |   |   |   |   |   |   |   |   |   |   |--- class: positive
|   |   |   |   |   |   |   |   |   |--- feature_7 >  40061200.00
|   |   |   |   |   |   |   |   |   |   |--- class: negative
|   |   |   |   |   |   |   |   |--- feature_7 >  41135790.00
|   |   |   |   |   |   |   |   |   |--- feature_7 <= 41141200.00
|   |   |   |   |   |   |   |   |   |   |--- class: positive
|   |   |   |   |   |   |   |   |   |--- feature_7 >  41141200.00
|   |   |   |   |   |   |   |   |   |   |--- feature_7 <= 42368674.00
|   |   |   |   |   |   |   |   |   |   |   |--- truncated branch of depth 8
|   |   |   |   |   |   |   |   |   |   |--- feature_7 >  42368674.00
|   |   |   |   |   |   |   |   |   |   |   |--- truncated branch of depth 4
|   |   |   |   |   |   |--- feature_12 >  9.41
|   |   |   |   |   |   |   |--- feature_11 <= 9.40
|   |   |   |   |   |   |   |   |--- feature_8 <= 98093040.00
|   |   |   |   |   |   |   |   |   |--- feature_12 <= 9.80
|   |   |   |   |   |   |   |   |   |   |--- class: positive
|   |   |   |   |   |   |   |   |   |--- feature_12 >  9.80
|   |   |   |   |   |   |   |   |   |   |--- feature_18 <= 23.50
|   |   |   |   |   |   |   |   |   |   |   |--- truncated branch of depth 2
|   |   |   |   |   |   |   |   |   |   |--- feature_18 >  23.50
|   |   |   |   |   |   |   |   |   |   |   |--- truncated branch of depth 4
|   |   |   |   |   |   |   |   |--- feature_8 >  98093040.00
|   |   |   |   |   |   |   |   |   |--- feature_14 <= 14.33
|   |   |   |   |   |   |   |   |   |   |--- feature_7 <= 40106564.00
|   |   |   |   |   |   |   |   |   |   |   |--- class: negative
|   |   |   |   |   |   |   |   |   |   |--- feature_7 >  40106564.00
|   |   |   |   |   |   |   |   |   |   |   |--- truncated branch of depth 9
|   |   |   |   |   |   |   |   |   |--- feature_14 >  14.33
|   |   |   |   |   |   |   |   |   |   |--- feature_1 <= 16.00
|   |   |   |   |   |   |   |   |   |   |   |--- class: negative
|   |   |   |   |   |   |   |   |   |   |--- feature_1 >  16.00
|   |   |   |   |   |   |   |   |   |   |   |--- truncated branch of depth 5
|   |   |   |   |   |   |   |--- feature_11 >  9.40
|   |   |   |   |   |   |   |   |--- feature_15 <= 7.99
|   |   |   |   |   |   |   |   |   |--- feature_15 <= 5.01
|   |   |   |   |   |   |   |   |   |   |--- feature_18 <= 23.00
|   |   |   |   |   |   |   |   |   |   |   |--- truncated branch of depth 3
|   |   |   |   |   |   |   |   |   |   |--- feature_18 >  23.00
|   |   |   |   |   |   |   |   |   |   |   |--- truncated branch of depth 12
|   |   |   |   |   |   |   |   |   |--- feature_15 >  5.01
|   |   |   |   |   |   |   |   |   |   |--- feature_7 <= 42061146.00
|   |   |   |   |   |   |   |   |   |   |   |--- truncated branch of depth 2
|   |   |   |   |   |   |   |   |   |   |--- feature_7 >  42061146.00
|   |   |   |   |   |   |   |   |   |   |   |--- truncated branch of depth 3
|   |   |   |   |   |   |   |   |--- feature_15 >  7.99
|   |   |   |   |   |   |   |   |   |--- feature_9 <= 21.50
|   |   |   |   |   |   |   |   |   |   |--- feature_10 <= 4.00
|   |   |   |   |   |   |   |   |   |   |   |--- truncated branch of depth 10
|   |   |   |   |   |   |   |   |   |   |--- feature_10 >  4.00
|   |   |   |   |   |   |   |   |   |   |   |--- class: positive
|   |   |   |   |   |   |   |   |   |--- feature_9 >  21.50
|   |   |   |   |   |   |   |   |   |   |--- feature_9 <= 28.50
|   |   |   |   |   |   |   |   |   |   |   |--- class: positive
|   |   |   |   |   |   |   |   |   |   |--- feature_9 >  28.50
|   |   |   |   |   |   |   |   |   |   |   |--- truncated branch of depth 3
|   |   |   |   |--- feature_19 >  8.00
|   |   |   |   |   |--- class: positive
|   |   |   |--- feature_19 >  9.00
|   |   |   |   |--- feature_2 <= 0.50
|   |   |   |   |   |--- feature_7 <= 40433176.00
|   |   |   |   |   |   |--- class: negative
|   |   |   |   |   |--- feature_7 >  40433176.00
|   |   |   |   |   |   |--- feature_7 <= 41165316.00
|   |   |   |   |   |   |   |--- feature_0 <= 1935.50
|   |   |   |   |   |   |   |   |--- feature_8 <= 96561500.00
|   |   |   |   |   |   |   |   |   |--- feature_15 <= 6.00
|   |   |   |   |   |   |   |   |   |   |--- class: positive
|   |   |   |   |   |   |   |   |   |--- feature_15 >  6.00
|   |   |   |   |   |   |   |   |   |   |--- class: negative
|   |   |   |   |   |   |   |   |--- feature_8 >  96561500.00
|   |   |   |   |   |   |   |   |   |--- class: negative
|   |   |   |   |   |   |   |--- feature_0 >  1935.50
|   |   |   |   |   |   |   |   |--- feature_1 <= 67.50
|   |   |   |   |   |   |   |   |   |--- feature_14 <= 27.45
|   |   |   |   |   |   |   |   |   |   |--- feature_8 <= 97351132.00
|   |   |   |   |   |   |   |   |   |   |   |--- class: negative
|   |   |   |   |   |   |   |   |   |   |--- feature_8 >  97351132.00
|   |   |   |   |   |   |   |   |   |   |   |--- class: positive
|   |   |   |   |   |   |   |   |   |--- feature_14 >  27.45
|   |   |   |   |   |   |   |   |   |   |--- feature_1 <= 57.50
|   |   |   |   |   |   |   |   |   |   |   |--- class: negative
|   |   |   |   |   |   |   |   |   |   |--- feature_1 >  57.50
|   |   |   |   |   |   |   |   |   |   |   |--- class: positive
|   |   |   |   |   |   |   |   |--- feature_1 >  67.50
|   |   |   |   |   |   |   |   |   |--- class: negative
|   |   |   |   |   |   |--- feature_7 >  41165316.00
|   |   |   |   |   |   |   |--- feature_7 <= 42240300.00
|   |   |   |   |   |   |   |   |--- feature_14 <= 9.45
|   |   |   |   |   |   |   |   |   |--- feature_20 <= 2.50
|   |   |   |   |   |   |   |   |   |   |--- class: negative
|   |   |   |   |   |   |   |   |   |--- feature_20 >  2.50
|   |   |   |   |   |   |   |   |   |   |--- feature_12 <= 13.85
|   |   |   |   |   |   |   |   |   |   |   |--- class: positive
|   |   |   |   |   |   |   |   |   |   |--- feature_12 >  13.85
|   |   |   |   |   |   |   |   |   |   |   |--- class: negative
|   |   |   |   |   |   |   |   |--- feature_14 >  9.45
|   |   |   |   |   |   |   |   |   |--- class: negative
|   |   |   |   |   |   |   |--- feature_7 >  42240300.00
|   |   |   |   |   |   |   |   |--- feature_7 <= 42343028.00
|   |   |   |   |   |   |   |   |   |--- class: positive
|   |   |   |   |   |   |   |   |--- feature_7 >  42343028.00
|   |   |   |   |   |   |   |   |   |--- class: negative
|   |   |   |   |--- feature_2 >  0.50
|   |   |   |   |   |--- feature_13 <= 8.20
|   |   |   |   |   |   |--- feature_8 <= 97046200.00
|   |   |   |   |   |   |   |--- class: negative
|   |   |   |   |   |   |--- feature_8 >  97046200.00
|   |   |   |   |   |   |   |--- feature_7 <= 42326332.00
|   |   |   |   |   |   |   |   |--- feature_11 <= 7.85
|   |   |   |   |   |   |   |   |   |--- class: negative
|   |   |   |   |   |   |   |   |--- feature_11 >  7.85
|   |   |   |   |   |   |   |   |   |--- feature_7 <= 40831940.00
|   |   |   |   |   |   |   |   |   |   |--- feature_0 <= 1954.00
|   |   |   |   |   |   |   |   |   |   |   |--- truncated branch of depth 2
|   |   |   |   |   |   |   |   |   |   |--- feature_0 >  1954.00
|   |   |   |   |   |   |   |   |   |   |   |--- class: negative
|   |   |   |   |   |   |   |   |   |--- feature_7 >  40831940.00
|   |   |   |   |   |   |   |   |   |   |--- class: positive
|   |   |   |   |   |   |   |--- feature_7 >  42326332.00
|   |   |   |   |   |   |   |   |--- class: negative
|   |   |   |   |   |--- feature_13 >  8.20
|   |   |   |   |   |   |--- class: negative
|--- feature_0 >  1973.50
|   |--- feature_19 <= 1.00
|   |   |--- feature_8 <= 97086724.00
|   |   |   |--- feature_20 <= 1.50
|   |   |   |   |--- feature_0 <= 1990.50
|   |   |   |   |   |--- feature_2 <= 9.50
|   |   |   |   |   |   |--- feature_8 <= 96363040.00
|   |   |   |   |   |   |   |--- feature_14 <= 66.68
|   |   |   |   |   |   |   |   |--- feature_12 <= 43.80
|   |   |   |   |   |   |   |   |   |--- feature_3 <= 2.50
|   |   |   |   |   |   |   |   |   |   |--- feature_0 <= 1975.50
|   |   |   |   |   |   |   |   |   |   |   |--- class: positive
|   |   |   |   |   |   |   |   |   |   |--- feature_0 >  1975.50
|   |   |   |   |   |   |   |   |   |   |   |--- class: negative
|   |   |   |   |   |   |   |   |   |--- feature_3 >  2.50
|   |   |   |   |   |   |   |   |   |   |--- class: positive
|   |   |   |   |   |   |   |   |--- feature_12 >  43.80
|   |   |   |   |   |   |   |   |   |--- class: positive
|   |   |   |   |   |   |   |--- feature_14 >  66.68
|   |   |   |   |   |   |   |   |--- feature_9 <= 17.50
|   |   |   |   |   |   |   |   |   |--- class: positive
|   |   |   |   |   |   |   |   |--- feature_9 >  17.50
|   |   |   |   |   |   |   |   |   |--- class: negative
|   |   |   |   |   |   |--- feature_8 >  96363040.00
|   |   |   |   |   |   |   |--- feature_14 <= 59.33
|   |   |   |   |   |   |   |   |--- feature_7 <= 40290000.00
|   |   |   |   |   |   |   |   |   |--- feature_0 <= 1976.50
|   |   |   |   |   |   |   |   |   |   |--- class: positive
|   |   |   |   |   |   |   |   |   |--- feature_0 >  1976.50
|   |   |   |   |   |   |   |   |   |   |--- class: negative
|   |   |   |   |   |   |   |   |--- feature_7 >  40290000.00
|   |   |   |   |   |   |   |   |   |--- feature_12 <= 30.72
|   |   |   |   |   |   |   |   |   |   |--- class: positive
|   |   |   |   |   |   |   |   |   |--- feature_12 >  30.72
|   |   |   |   |   |   |   |   |   |   |--- feature_7 <= 40470498.00
|   |   |   |   |   |   |   |   |   |   |   |--- class: positive
|   |   |   |   |   |   |   |   |   |   |--- feature_7 >  40470498.00
|   |   |   |   |   |   |   |   |   |   |   |--- truncated branch of depth 3
|   |   |   |   |   |   |   |--- feature_14 >  59.33
|   |   |   |   |   |   |   |   |--- feature_1 <= 315.00
|   |   |   |   |   |   |   |   |   |--- feature_4 <= 3.00
|   |   |   |   |   |   |   |   |   |   |--- class: positive
|   |   |   |   |   |   |   |   |   |--- feature_4 >  3.00
|   |   |   |   |   |   |   |   |   |   |--- class: negative
|   |   |   |   |   |   |   |   |--- feature_1 >  315.00
|   |   |   |   |   |   |   |   |   |--- class: positive
|   |   |   |   |   |--- feature_2 >  9.50
|   |   |   |   |   |   |--- class: negative
|   |   |   |   |--- feature_0 >  1990.50
|   |   |   |   |   |--- feature_13 <= 7.46
|   |   |   |   |   |   |--- feature_3 <= 3.00
|   |   |   |   |   |   |   |--- class: negative
|   |   |   |   |   |   |--- feature_3 >  3.00
|   |   |   |   |   |   |   |--- class: positive
|   |   |   |   |   |--- feature_13 >  7.46
|   |   |   |   |   |   |--- feature_8 <= 97010900.00
|   |   |   |   |   |   |   |--- class: negative
|   |   |   |   |   |   |--- feature_8 >  97010900.00
|   |   |   |   |   |   |   |--- feature_9 <= 27.00
|   |   |   |   |   |   |   |   |--- feature_8 <= 97067400.00
|   |   |   |   |   |   |   |   |   |--- class: negative
|   |   |   |   |   |   |   |   |--- feature_8 >  97067400.00
|   |   |   |   |   |   |   |   |   |--- feature_1 <= 322.50
|   |   |   |   |   |   |   |   |   |   |--- class: negative
|   |   |   |   |   |   |   |   |   |--- feature_1 >  322.50
|   |   |   |   |   |   |   |   |   |   |--- class: positive
|   |   |   |   |   |   |   |--- feature_9 >  27.00
|   |   |   |   |   |   |   |   |--- feature_8 <= 97043228.00
|   |   |   |   |   |   |   |   |   |--- class: positive
|   |   |   |   |   |   |   |   |--- feature_8 >  97043228.00
|   |   |   |   |   |   |   |   |   |--- class: negative
|   |   |   |--- feature_20 >  1.50
|   |   |   |   |--- feature_8 <= 96158040.00
|   |   |   |   |   |--- feature_7 <= 41110404.00
|   |   |   |   |   |   |--- class: negative
|   |   |   |   |   |--- feature_7 >  41110404.00
|   |   |   |   |   |   |--- feature_0 <= 1986.00
|   |   |   |   |   |   |   |--- feature_11 <= 13.84
|   |   |   |   |   |   |   |   |--- class: negative
|   |   |   |   |   |   |   |--- feature_11 >  13.84
|   |   |   |   |   |   |   |   |--- feature_7 <= 41349438.00
|   |   |   |   |   |   |   |   |   |--- feature_12 <= 42.71
|   |   |   |   |   |   |   |   |   |   |--- class: positive
|   |   |   |   |   |   |   |   |   |--- feature_12 >  42.71
|   |   |   |   |   |   |   |   |   |   |--- feature_20 <= 2.50
|   |   |   |   |   |   |   |   |   |   |   |--- class: negative
|   |   |   |   |   |   |   |   |   |   |--- feature_20 >  2.50
|   |   |   |   |   |   |   |   |   |   |   |--- class: positive
|   |   |   |   |   |   |   |   |--- feature_7 >  41349438.00
|   |   |   |   |   |   |   |   |   |--- class: negative
|   |   |   |   |   |   |--- feature_0 >  1986.00
|   |   |   |   |   |   |   |--- class: negative
|   |   |   |   |--- feature_8 >  96158040.00
|   |   |   |   |   |--- class: negative
|   |   |--- feature_8 >  97086724.00
|   |   |   |--- feature_0 <= 1978.50
|   |   |   |   |--- feature_15 <= 7.97
|   |   |   |   |   |--- feature_20 <= 1.50
|   |   |   |   |   |   |--- class: positive
|   |   |   |   |   |--- feature_20 >  1.50
|   |   |   |   |   |   |--- feature_13 <= 7.16
|   |   |   |   |   |   |   |--- feature_7 <= 41462100.00
|   |   |   |   |   |   |   |   |--- class: positive
|   |   |   |   |   |   |   |--- feature_7 >  41462100.00
|   |   |   |   |   |   |   |   |--- class: negative
|   |   |   |   |   |   |--- feature_13 >  7.16
|   |   |   |   |   |   |   |--- class: negative
|   |   |   |   |--- feature_15 >  7.97
|   |   |   |   |   |--- feature_7 <= 42011500.00
|   |   |   |   |   |   |--- class: negative
|   |   |   |   |   |--- feature_7 >  42011500.00
|   |   |   |   |   |   |--- feature_8 <= 97327100.00
|   |   |   |   |   |   |   |--- feature_13 <= 8.55
|   |   |   |   |   |   |   |   |--- class: negative
|   |   |   |   |   |   |   |--- feature_13 >  8.55
|   |   |   |   |   |   |   |   |--- class: positive
|   |   |   |   |   |   |--- feature_8 >  97327100.00
|   |   |   |   |   |   |   |--- class: negative
|   |   |   |--- feature_0 >  1978.50
|   |   |   |   |--- feature_18 <= 18.00
|   |   |   |   |   |--- feature_11 <= 14.45
|   |   |   |   |   |   |--- class: negative
|   |   |   |   |   |--- feature_11 >  14.45
|   |   |   |   |   |   |--- class: positive
|   |   |   |   |--- feature_18 >  18.00
|   |   |   |   |   |--- feature_12 <= 29.75
|   |   |   |   |   |   |--- class: negative
|   |   |   |   |   |--- feature_12 >  29.75
|   |   |   |   |   |   |--- feature_14 <= 54.45
|   |   |   |   |   |   |   |--- feature_7 <= 41270900.00
|   |   |   |   |   |   |   |   |--- class: negative
|   |   |   |   |   |   |   |--- feature_7 >  41270900.00
|   |   |   |   |   |   |   |   |--- feature_7 <= 41276500.00
|   |   |   |   |   |   |   |   |   |--- feature_1 <= 210.00
|   |   |   |   |   |   |   |   |   |   |--- class: negative
|   |   |   |   |   |   |   |   |   |--- feature_1 >  210.00
|   |   |   |   |   |   |   |   |   |   |--- class: positive
|   |   |   |   |   |   |   |   |--- feature_7 >  41276500.00
|   |   |   |   |   |   |   |   |   |--- feature_14 <= 53.55
|   |   |   |   |   |   |   |   |   |   |--- class: negative
|   |   |   |   |   |   |   |   |   |--- feature_14 >  53.55
|   |   |   |   |   |   |   |   |   |   |--- feature_7 <= 42266500.00
|   |   |   |   |   |   |   |   |   |   |   |--- class: negative
|   |   |   |   |   |   |   |   |   |   |--- feature_7 >  42266500.00
|   |   |   |   |   |   |   |   |   |   |   |--- class: positive
|   |   |   |   |   |   |--- feature_14 >  54.45
|   |   |   |   |   |   |   |--- class: negative
|   |--- feature_19 >  1.00
|   |   |--- feature_19 <= 2.00
|   |   |   |--- class: positive
|   |   |--- feature_19 >  2.00
|   |   |   |--- feature_4 <= 4.50
|   |   |   |   |--- feature_19 <= 8.99
|   |   |   |   |   |--- feature_1 <= 30.50
|   |   |   |   |   |   |--- feature_4 <= 0.50
|   |   |   |   |   |   |   |--- feature_0 <= 1980.50
|   |   |   |   |   |   |   |   |--- feature_1 <= 22.00
|   |   |   |   |   |   |   |   |   |--- class: negative
|   |   |   |   |   |   |   |   |--- feature_1 >  22.00
|   |   |   |   |   |   |   |   |   |--- feature_9 <= 1.00
|   |   |   |   |   |   |   |   |   |   |--- feature_11 <= 16.90
|   |   |   |   |   |   |   |   |   |   |   |--- class: negative
|   |   |   |   |   |   |   |   |   |   |--- feature_11 >  16.90
|   |   |   |   |   |   |   |   |   |   |   |--- class: positive
|   |   |   |   |   |   |   |   |   |--- feature_9 >  1.00
|   |   |   |   |   |   |   |   |   |   |--- class: positive
|   |   |   |   |   |   |   |--- feature_0 >  1980.50
|   |   |   |   |   |   |   |   |--- class: negative
|   |   |   |   |   |   |--- feature_4 >  0.50
|   |   |   |   |   |   |   |--- feature_13 <= 8.04
|   |   |   |   |   |   |   |   |--- feature_19 <= 2.02
|   |   |   |   |   |   |   |   |   |--- class: negative
|   |   |   |   |   |   |   |   |--- feature_19 >  2.02
|   |   |   |   |   |   |   |   |   |--- feature_13 <= 5.82
|   |   |   |   |   |   |   |   |   |   |--- class: negative
|   |   |   |   |   |   |   |   |   |--- feature_13 >  5.82
|   |   |   |   |   |   |   |   |   |   |--- class: positive
|   |   |   |   |   |   |   |--- feature_13 >  8.04
|   |   |   |   |   |   |   |   |--- class: negative
|   |   |   |   |   |--- feature_1 >  30.50
|   |   |   |   |   |   |--- feature_11 <= 9.42
|   |   |   |   |   |   |   |--- feature_0 <= 1985.50
|   |   |   |   |   |   |   |   |--- feature_7 <= 41180000.00
|   |   |   |   |   |   |   |   |   |--- feature_8 <= 98224060.00
|   |   |   |   |   |   |   |   |   |   |--- feature_7 <= 40798138.00
|   |   |   |   |   |   |   |   |   |   |   |--- class: positive
|   |   |   |   |   |   |   |   |   |   |--- feature_7 >  40798138.00
|   |   |   |   |   |   |   |   |   |   |   |--- truncated branch of depth 2
|   |   |   |   |   |   |   |   |   |--- feature_8 >  98224060.00
|   |   |   |   |   |   |   |   |   |   |--- feature_13 <= 8.85
|   |   |   |   |   |   |   |   |   |   |   |--- class: negative
|   |   |   |   |   |   |   |   |   |   |--- feature_13 >  8.85
|   |   |   |   |   |   |   |   |   |   |   |--- class: positive
|   |   |   |   |   |   |   |   |--- feature_7 >  41180000.00
|   |   |   |   |   |   |   |   |   |--- feature_15 <= 5.52
|   |   |   |   |   |   |   |   |   |   |--- class: negative
|   |   |   |   |   |   |   |   |   |--- feature_15 >  5.52
|   |   |   |   |   |   |   |   |   |   |--- feature_0 <= 1980.50
|   |   |   |   |   |   |   |   |   |   |   |--- truncated branch of depth 3
|   |   |   |   |   |   |   |   |   |   |--- feature_0 >  1980.50
|   |   |   |   |   |   |   |   |   |   |   |--- class: positive
|   |   |   |   |   |   |   |--- feature_0 >  1985.50
|   |   |   |   |   |   |   |   |--- feature_13 <= 7.50
|   |   |   |   |   |   |   |   |   |--- feature_8 <= 98190924.00
|   |   |   |   |   |   |   |   |   |   |--- feature_8 <= 96328992.00
|   |   |   |   |   |   |   |   |   |   |   |--- class: negative
|   |   |   |   |   |   |   |   |   |   |--- feature_8 >  96328992.00
|   |   |   |   |   |   |   |   |   |   |   |--- class: positive
|   |   |   |   |   |   |   |   |   |--- feature_8 >  98190924.00
|   |   |   |   |   |   |   |   |   |   |--- class: negative
|   |   |   |   |   |   |   |   |--- feature_13 >  7.50
|   |   |   |   |   |   |   |   |   |--- class: negative
|   |   |   |   |   |   |--- feature_11 >  9.42
|   |   |   |   |   |   |   |--- feature_19 <= 2.00
|   |   |   |   |   |   |   |   |--- feature_20 <= 3.50
|   |   |   |   |   |   |   |   |   |--- feature_8 <= 100866260.00
|   |   |   |   |   |   |   |   |   |   |--- class: positive
|   |   |   |   |   |   |   |   |   |--- feature_8 >  100866260.00
|   |   |   |   |   |   |   |   |   |   |--- class: negative
|   |   |   |   |   |   |   |   |--- feature_20 >  3.50
|   |   |   |   |   |   |   |   |   |--- feature_0 <= 1984.50
|   |   |   |   |   |   |   |   |   |   |--- class: negative
|   |   |   |   |   |   |   |   |   |--- feature_0 >  1984.50
|   |   |   |   |   |   |   |   |   |   |--- feature_14 <= 50.85
|   |   |   |   |   |   |   |   |   |   |   |--- class: negative
|   |   |   |   |   |   |   |   |   |   |--- feature_14 >  50.85
|   |   |   |   |   |   |   |   |   |   |   |--- class: positive
|   |   |   |   |   |   |   |--- feature_19 >  2.00
|   |   |   |   |   |   |   |   |--- feature_3 <= 6.50
|   |   |   |   |   |   |   |   |   |--- feature_19 <= 7.96
|   |   |   |   |   |   |   |   |   |   |--- class: positive
|   |   |   |   |   |   |   |   |   |--- feature_19 >  7.96
|   |   |   |   |   |   |   |   |   |   |--- feature_19 <= 8.19
|   |   |   |   |   |   |   |   |   |   |   |--- truncated branch of depth 2
|   |   |   |   |   |   |   |   |   |   |--- feature_19 >  8.19
|   |   |   |   |   |   |   |   |   |   |   |--- class: positive
|   |   |   |   |   |   |   |   |--- feature_3 >  6.50
|   |   |   |   |   |   |   |   |   |--- class: negative
|   |   |   |   |--- feature_19 >  8.99
|   |   |   |   |   |--- feature_14 <= 19.80
|   |   |   |   |   |   |--- feature_8 <= 97465412.00
|   |   |   |   |   |   |   |--- class: negative
|   |   |   |   |   |   |--- feature_8 >  97465412.00
|   |   |   |   |   |   |   |--- feature_4 <= 2.00
|   |   |   |   |   |   |   |   |--- class: positive
|   |   |   |   |   |   |   |--- feature_4 >  2.00
|   |   |   |   |   |   |   |   |--- class: negative
|   |   |   |   |   |--- feature_14 >  19.80
|   |   |   |   |   |   |--- feature_1 <= 17.50
|   |   |   |   |   |   |   |--- feature_15 <= 6.50
|   |   |   |   |   |   |   |   |--- feature_11 <= 20.85
|   |   |   |   |   |   |   |   |   |--- class: positive
|   |   |   |   |   |   |   |   |--- feature_11 >  20.85
|   |   |   |   |   |   |   |   |   |--- class: negative
|   |   |   |   |   |   |   |--- feature_15 >  6.50
|   |   |   |   |   |   |   |   |--- class: negative
|   |   |   |   |   |   |--- feature_1 >  17.50
|   |   |   |   |   |   |   |--- feature_7 <= 40026500.00
|   |   |   |   |   |   |   |   |--- feature_8 <= 101310600.00
|   |   |   |   |   |   |   |   |   |--- class: negative
|   |   |   |   |   |   |   |   |--- feature_8 >  101310600.00
|   |   |   |   |   |   |   |   |   |--- class: positive
|   |   |   |   |   |   |   |--- feature_7 >  40026500.00
|   |   |   |   |   |   |   |   |--- class: negative
|   |   |   |--- feature_4 >  4.50
|   |   |   |   |--- feature_0 <= 1990.50
|   |   |   |   |   |--- feature_7 <= 42409962.00
|   |   |   |   |   |   |--- feature_1 <= 86.50
|   |   |   |   |   |   |   |--- class: negative
|   |   |   |   |   |   |--- feature_1 >  86.50
|   |   |   |   |   |   |   |--- feature_12 <= 17.70
|   |   |   |   |   |   |   |   |--- feature_1 <= 105.00
|   |   |   |   |   |   |   |   |   |--- class: positive
|   |   |   |   |   |   |   |   |--- feature_1 >  105.00
|   |   |   |   |   |   |   |   |   |--- feature_15 <= 6.50
|   |   |   |   |   |   |   |   |   |   |--- class: negative
|   |   |   |   |   |   |   |   |   |--- feature_15 >  6.50
|   |   |   |   |   |   |   |   |   |   |--- feature_1 <= 147.50
|   |   |   |   |   |   |   |   |   |   |   |--- class: negative
|   |   |   |   |   |   |   |   |   |   |--- feature_1 >  147.50
|   |   |   |   |   |   |   |   |   |   |   |--- truncated branch of depth 2
|   |   |   |   |   |   |   |--- feature_12 >  17.70
|   |   |   |   |   |   |   |   |--- class: negative
|   |   |   |   |   |--- feature_7 >  42409962.00
|   |   |   |   |   |   |--- class: positive
|   |   |   |   |--- feature_0 >  1990.50
|   |   |   |   |   |--- class: negative
