|--- feature_0 <= 1969.50
|   |--- feature_19 <= 1.00
|   |   |--- feature_8 <= 96360564.00
|   |   |   |--- feature_1 <= 426.00
|   |   |   |   |--- feature_18 <= 22.50
|   |   |   |   |   |--- feature_13 <= 5.53
|   |   |   |   |   |   |--- class: negative
|   |   |   |   |   |--- feature_13 >  5.53
|   |   |   |   |   |   |--- feature_15 <= 7.43
|   |   |   |   |   |   |   |--- feature_12 <= 32.60
|   |   |   |   |   |   |   |   |--- feature_8 <= 96057476.00
|   |   |   |   |   |   |   |   |   |--- class: negative
|   |   |   |   |   |   |   |   |--- feature_8 >  96057476.00
|   |   |   |   |   |   |   |   |   |--- class: positive
|   |   |   |   |   |   |   |--- feature_12 >  32.60
|   |   |   |   |   |   |   |   |--- feature_1 <= 212.50
|   |   |   |   |   |   |   |   |   |--- class: negative
|   |   |   |   |   |   |   |   |--- feature_1 >  212.50
|   |   |   |   |   |   |   |   |   |--- class: positive
|   |   |   |   |   |   |--- feature_15 >  7.43
|   |   |   |   |   |   |   |--- class: negative
|   |   |   |   |--- feature_18 >  22.50
|   |   |   |   |   |--- feature_14 <= 17.95
|   |   |   |   |   |   |--- feature_12 <= 10.40
|   |   |   |   |   |   |   |--- class: negative
|   |   |   |   |   |   |--- feature_12 >  10.40
|   |   |   |   |   |   |   |--- feature_20 <= 9.50
|   |   |   |   |   |   |   |   |--- feature_1 <= 26.00
|   |   |   |   |   |   |   |   |   |--- class: negative
|   |   |   |   |   |   |   |   |--- feature_1 >  26.00
|   |   |   |   |   |   |   |   |   |--- feature_7 <= 41070046.00
|   |   |   |   |   |   |   |   |   |   |--- class: positive
|   |   |   |   |   |   |   |   |   |--- feature_7 >  41070046.00
|   |   |   |   |   |   |   |   |   |   |--- feature_16 <= 1.50
|   |   |   |   |   |   |   |   |   |   |   |--- class: positive
|   |   |   |   |   |   |   |   |   |   |--- feature_16 >  1.50
|   |   |   |   |   |   |   |   |   |   |   |--- class: negative
|   |   |   |   |   |   |   |--- feature_20 >  9.50
|   |   |   |   |   |   |   |   |--- feature_8 <= 95471800.00
|   |   |   |   |   |   |   |   |   |--- class: positive
|   |   |   |   |   |   |   |   |--- feature_8 >  95471800.00
|   |   |   |   |   |   |   |   |   |--- feature_12 <= 15.85
|   |   |   |   |   |   |   |   |   |   |--- feature_15 <= 5.50
|   |   |   |   |   |   |   |   |   |   |   |--- class: positive
|   |   |   |   |   |   |   |   |   |   |--- feature_15 >  5.50
|   |   |   |   |   |   |   |   |   |   |   |--- class: negative
|   |   |   |   |   |   |   |   |   |--- feature_12 >  15.85
|   |   |   |   |   |   |   |   |   |   |--- class: negative
|   |   |   |   |   |--- feature_14 >  17.95
|   |   |   |   |   |   |--- feature_11 <= 11.31
|   |   |   |   |   |   |   |--- class: negative
|   |   |   |   |   |   |--- feature_11 >  11.31
|   |   |   |   |   |   |   |--- feature_11 <= 12.35
|   |   |   |   |   |   |   |   |--- feature_13 <= 7.17
|   |   |   |   |   |   |   |   |   |--- feature_7 <= 41169372.00
|   |   |   |   |   |   |   |   |   |   |--- class: positive
|   |   |   |   |   |   |   |   |   |--- feature_7 >  41169372.00
|   |   |   |   |   |   |   |   |   |   |--- class: negative
|   |   |   |   |   |   |   |   |--- feature_13 >  7.17
|   |   |   |   |   |   |   |   |   |--- feature_1 <= 205.00
|   |   |   |   |   |   |   |   |   |   |--- class: negative
|   |   |   |   |   |   |   |   |   |--- feature_1 >  205.00
|   |   |   |   |   |   |   |   |   |   |--- class: positive
|   |   |   |   |   |   |   |--- feature_11 >  12.35
|   |   |   |   |   |   |   |   |--- feature_9 <= 11.50
|   |   |   |   |   |   |   |   |   |--- feature_7 <= 42195156.00
|   |   |   |   |   |   |   |   |   |   |--- class: negative
|   |   |   |   |   |   |   |   |   |--- feature_7 >  42195156.00
|   |   |   |   |   |   |   |   |   |   |--- class: positive
|   |   |   |   |   |   |   |   |--- feature_9 >  11.50
|   |   |   |   |   |   |   |   |   |--- feature_4 <= 1.50
|   |   |   |   |   |   |   |   |   |   |--- feature_14 <= 25.41
|   |   |   |   |   |   |   |   |   |   |   |--- class: negative
|   |   |   |   |   |   |   |   |   |   |--- feature_14 >  25.41
|   |   |   |   |   |   |   |   |   |   |   |--- class: positive
|   |   |   |   |   |   |   |   |   |--- feature_4 >  1.50
|   |   |   |   |   |   |   |   |   |   |--- feature_11 <= 13.81
|   |   |   |   |   |   |   |   |   |   |   |--- class: positive
|   |   |   |   |   |   |   |   |   |   |--- feature_11 >  13.81
|   |   |   |   |   |   |   |   |   |   |   |--- class: negative
|   |   |   |--- feature_1 >  426.00
|   |   |   |   |--- feature_13 <= 13.45
|   |   |   |   |   |--- feature_1 <= 7677.50
|   |   |   |   |   |   |--- feature_4 <= 4.50
|   |   |   |   |   |   |   |--- feature_0 <= 1950.50
|   |   |   |   |   |   |   |   |--- feature_14 <= 46.31
|   |   |   |   |   |   |   |   |   |--- feature_12 <= 9.52
|   |   |   |   |   |   |   |   |   |   |--- class: negative
|   |   |   |   |   |   |   |   |   |--- feature_12 >  9.52
|   |   |   |   |   |   |   |   |   |   |--- feature_15 <= 2.50
|   |   |   |   |   |   |   |   |   |   |   |--- class: negative
|   |   |   |   |   |   |   |   |   |   |--- feature_15 >  2.50
|   |   |   |   |   |   |   |   |   |   |   |--- truncated branch of depth 4
|   |   |   |   |   |   |   |   |--- feature_14 >  46.31
|   |   |   |   |   |   |   |   |   |--- feature_7 <= 40933526.00
|   |   |   |   |   |   |   |   |   |   |--- class: positive
|   |   |   |   |   |   |   |   |   |--- feature_7 >  40933526.00
|   |   |   |   |   |   |   |   |   |   |--- class: negative
|   |   |   |   |   |   |   |--- feature_0 >  1950.50
|   |   |   |   |   |   |   |   |--- feature_11 <= 11.91
|   |   |   |   |   |   |   |   |   |--- feature_12 <= 33.16
|   |   |   |   |   |   |   |   |   |   |--- class: negative
|   |   |   |   |   |   |   |   |   |--- feature_12 >  33.16
|   |   |   |   |   |   |   |   |   |   |--- class: positive
|   |   |   |   |   |   |   |   |--- feature_11 >  11.91
|   |   |   |   |   |   |   |   |   |--- feature_7 <= 41121428.00
|   |   |   |   |   |   |   |   |   |   |--- feature_11 <= 14.09
|   |   |   |   |   |   |   |   |   |   |   |--- class: positive
|   |   |   |   |   |   |   |   |   |   |--- feature_11 >  14.09
|   |   |   |   |   |   |   |   |   |   |   |--- truncated branch of depth 2
|   |   |   |   |   |   |   |   |   |--- feature_7 >  41121428.00
|   |   |   |   |   |   |   |   |   |   |--- feature_7 <= 41366774.00
|   |   |   |   |   |   |   |   |   |   |   |--- truncated branch of depth 2
|   |   |   |   |   |   |   |   |   |   |--- feature_7 >  41366774.00
|   |   |   |   |   |   |   |   |   |   |   |--- truncated branch of depth 2
|   |   |   |   |   |   |--- feature_4 >  4.50
|   |   |   |   |   |   |   |--- feature_18 <= 20.50
|   |   |   |   |   |   |   |   |--- class: positive
|   |   |   |   |   |   |   |--- feature_18 >  20.50
|   |   |   |   |   |   |   |   |--- feature_13 <= 8.20
|   |   |   |   |   |   |   |   |   |--- class: positive
|   |   |   |   |   |   |   |   |--- feature_13 >  8.20
|   |   |   |   |   |   |   |   |   |--- class: negative
|   |   |   |   |   |--- feature_1 >  7677.50
|   |   |   |   |   |   |--- feature_7 <= 41216500.00
|   |   |   |   |   |   |   |--- feature_7 <= 41127584.00
|   |   |   |   |   |   |   |   |--- feature_11 <= 10.54
|   |   |   |   |   |   |   |   |   |--- feature_14 <= 49.05
|   |   |   |   |   |   |   |   |   |   |--- class: negative
|   |   |   |   |   |   |   |   |   |--- feature_14 >  49.05
|   |   |   |   |   |   |   |   |   |   |--- class: positive
|   |   |   |   |   |   |   |   |--- feature_11 >  10.54
|   |   |   |   |   |   |   |   |   |--- class: positive
|   |   |   |   |   |   |   |--- feature_7 >  41127584.00
|   |   |   |   |   |   |   |   |--- feature_3 <= 2.50
|   |   |   |   |   |   |   |   |   |--- class: negative
|   |   |   |   |   |   |   |   |--- feature_3 >  2.50
|   |   |   |   |   |   |   |   |   |--- class: positive
|   |   |   |   |   |   |--- feature_7 >  41216500.00
|   |   |   |   |   |   |   |--- class: negative
|   |   |   |   |--- feature_13 >  13.45
|   |   |   |   |   |--- class: negative
|   |   |--- feature_8 >  96360564.00
|   |   |   |--- feature_15 <= 7.99
|   |   |   |   |--- feature_15 <= 5.01
|   |   |   |   |   |--- feature_15 <= 5.00
|   |   |   |   |   |   |--- feature_15 <= 4.00
|   |   |   |   |   |   |   |--- feature_16 <= 1.50
|   |   |   |   |   |   |   |   |--- feature_8 <= 97823052.00
|   |   |   |   |   |   |   |   |   |--- feature_13 <= 4.50
|   |   |   |   |   |   |   |   |   |   |--- class: positive
|   |   |   |   |   |   |   |   |   |--- feature_13 >  4.50
|   |   |   |   |   |   |   |   |   |   |--- feature_14 <= 13.05
|   |   |   |   |   |   |   |   |   |   |   |--- truncated branch of depth 2
|   |   |   |   |   |   |   |   |   |   |--- feature_14 >  13.05
|   |   |   |   |   |   |   |   |   |   |   |--- class: negative
|   |   |   |   |   |   |   |   |--- feature_8 >  97823052.00
|   |   |   |   |   |   |   |   |   |--- feature_20 <= 9.50
|   |   |   |   |   |   |   |   |   |   |--- class: positive
|   |   |   |   |   |   |   |   |   |--- feature_20 >  9.50
|   |   |   |   |   |   |   |   |   |   |--- feature_12 <= 22.71
|   |   |   |   |   |   |   |   |   |   |   |--- truncated branch of depth 3
|   |   |   |   |   |   |   |   |   |   |--- feature_12 >  22.71
|   |   |   |   |   |   |   |   |   |   |   |--- class: positive
|   |   |   |   |   |   |   |--- feature_16 >  1.50
|   |   |   |   |   |   |   |   |--- feature_3 <= 2.50
|   |   |   |   |   |   |   |   |   |--- feature_7 <= 41420300.00
|   |   |   |   |   |   |   |   |   |   |--- feature_11 <= 7.08
|   |   |   |   |   |   |   |   |   |   |   |--- truncated branch of depth 2
|   |   |   |   |   |   |   |   |   |   |--- feature_11 >  7.08
|   |   |   |   |   |   |   |   |   |   |   |--- truncated branch of depth 5
|   |   |   |   |   |   |   |   |   |--- feature_7 >  41420300.00
|   |   |   |   |   |   |   |   |   |   |--- class: negative
|   |   |   |   |   |   |   |   |--- feature_3 >  2.50
|   |   |   |   |   |   |   |   |   |--- feature_15 <= 2.94
|   |   |   |   |   |   |   |   |   |   |--- feature_12 <= 8.55
|   |   |   |   |   |   |   |   |   |   |   |--- class: negative
|   |   |   |   |   |   |   |   |   |   |--- feature_12 >  8.55
|   |   |   |   |   |   |   |   |   |   |   |--- class: positive
|   |   |   |   |   |   |   |   |   |--- feature_15 >  2.94
|   |   |   |   |   |   |   |   |   |   |--- feature_7 <= 42323462.00
|   |   |   |   |   |   |   |   |   |   |   |--- truncated branch of depth 7
|   |   |   |   |   |   |   |   |   |   |--- feature_7 >  42323462.00
|   |   |   |   |   |   |   |   |   |   |   |--- truncated branch of depth 3
|   |   |   |   |   |   |--- feature_15 >  4.00
|   |   |   |   |   |   |   |--- class: positive
|   |   |   |   |   |--- feature_15 >  5.00
|   |   |   |   |   |   |--- feature_12 <= 23.23
|   |   |   |   |   |   |   |--- feature_12 <= 6.55
|   |   |   |   |   |   |   |   |--- class: positive
|   |   |   |   |   |   |   |--- feature_12 >  6.55
|   |   |   |   |   |   |   |   |--- feature_14 <= 10.80
|   |   |   |   |   |   |   |   |   |--- feature_14 <= 9.45
|   |   |   |   |   |   |   |   |   |   |--- class: negative
|   |   |   |   |   |   |   |   |   |--- feature_14 >  9.45
|   |   |   |   |   |   |   |   |   |   |--- class: positive
|   |   |   |   |   |   |   |   |--- feature_14 >  10.80
|   |   |   |   |   |   |   |   |   |--- class: negative
|   |   |   |   |   |   |--- feature_12 >  23.23
|   |   |   |   |   |   |   |--- feature_8 <= 97355000.00
|   |   |   |   |   |   |   |   |--- feature_11 <= 7.35
|   |   |   |   |   |   |   |   |   |--- class: positive
|   |   |   |   |   |   |   |   |--- feature_11 >  7.35
|   |   |   |   |   |   |   |   |   |--- class: negative
|   |   |   |   |   |   |   |--- feature_8 >  97355000.00
|   |   |   |   |   |   |   |   |--- feature_0 <= 1955.50
|   |   |   |   |   |   |   |   |   |--- feature_1 <= 183.00
|   |   |   |   |   |   |   |   |   |   |--- feature_3 <= 4.00
|   |   |   |   |   |   |   |   |   |   |   |--- class: negative
|   |   |   |   |   |   |   |   |   |   |--- feature_3 >  4.00
|   |   |   |   |   |   |   |   |   |   |   |--- truncated branch of depth 2
|   |   |   |   |   |   |   |   |   |--- feature_1 >  183.00
|   |   |   |   |   |   |   |   |   |   |--- feature_2 <= 12.50
|   |   |   |   |   |   |   |   |   |   |   |--- truncated branch of depth 5
|   |   |   |   |   |   |   |   |   |   |--- feature_2 >  12.50
|   |   |   |   |   |   |   |   |   |   |   |--- truncated branch of depth 2
|   |   |   |   |   |   |   |   |--- feature_0 >  1955.50
|   |   |   |   |   |   |   |   |   |--- feature_12 <= 127.63
|   |   |   |   |   |   |   |   |   |   |--- feature_14 <= 23.98
|   |   |   |   |   |   |   |   |   |   |   |--- truncated branch of depth 2
|   |   |   |   |   |   |   |   |   |   |--- feature_14 >  23.98
|   |   |   |   |   |   |   |   |   |   |   |--- class: negative
|   |   |   |   |   |   |   |   |   |--- feature_12 >  127.63
|   |   |   |   |   |   |   |   |   |   |--- class: positive
|   |   |   |   |--- feature_15 >  5.01
|   |   |   |   |   |--- feature_9 <= 28.50
|   |   |   |   |   |   |--- feature_11 <= 24.18
|   |   |   |   |   |   |   |--- feature_7 <= 40343020.00
|   |   |   |   |   |   |   |   |--- feature_1 <= 176.00
|   |   |   |   |   |   |   |   |   |--- class: negative
|   |   |   |   |   |   |   |   |--- feature_1 >  176.00
|   |   |   |   |   |   |   |   |   |--- class: positive
|   |   |   |   |   |   |   |--- feature_7 >  40343020.00
|   |   |   |   |   |   |   |   |--- feature_11 <= 6.07
|   |   |   |   |   |   |   |   |   |--- feature_2 <= 15.00
|   |   |   |   |   |   |   |   |   |   |--- class: negative
|   |   |   |   |   |   |   |   |   |--- feature_2 >  15.00
|   |   |   |   |   |   |   |   |   |   |--- class: positive
|   |   |   |   |   |   |   |   |--- feature_11 >  6.07
|   |   |   |   |   |   |   |   |   |--- feature_0 <= 1934.50
|   |   |   |   |   |   |   |   |   |   |--- feature_7 <= 40454012.00
|   |   |   |   |   |   |   |   |   |   |   |--- class: negative
|   |   |   |   |   |   |   |   |   |   |--- feature_7 >  40454012.00
|   |   |   |   |   |   |   |   |   |   |   |--- class: positive
|   |   |   |   |   |   |   |   |   |--- feature_0 >  1934.50
|   |   |   |   |   |   |   |   |   |   |--- feature_7 <= 41055880.00
|   |   |   |   |   |   |   |   |   |   |   |--- truncated branch of depth 3
|   |   |   |   |   |   |   |   |   |   |--- feature_7 >  41055880.00
|   |   |   |   |   |   |   |   |   |   |   |--- class: positive
|   |   |   |   |   |   |--- feature_11 >  24.18
|   |   |   |   |   |   |   |--- feature_2 <= 4.00
|   |   |   |   |   |   |   |   |--- class: negative
|   |   |   |   |   |   |   |--- feature_2 >  4.00
|   |   |   |   |   |   |   |   |--- class: positive
|   |   |   |   |   |--- feature_9 >  28.50
|   |   |   |   |   |   |--- class: negative
|   |   |   |--- feature_15 >  7.99
|   |   |   |   |--- feature_12 <= 88.84
|   |   |   |   |   |--- feature_13 <= 7.60
|   |   |   |   |   |   |--- feature_12 <= 15.55
|   |   |   |   |   |   |   |--- feature_3 <= 5.50
|   |   |   |   |   |   |   |   |--- feature_13 <= 7.54
|   |   |   |   |   |   |   |   |   |--- feature_14 <= 7.22
|   |   |   |   |   |   |   |   |   |   |--- class: positive
|   |   |   |   |   |   |   |   |   |--- feature_14 >  7.22
|   |   |   |   |   |   |   |   |   |   |--- feature_0 <= 1967.50
|   |   |   |   |   |   |   |   |   |   |   |--- class: negative
|   |   |   |   |   |   |   |   |   |   |--- feature_0 >  1967.50
|   |   |   |   |   |   |   |   |   |   |   |--- truncated branch of depth 2
|   |   |   |   |   |   |   |   |--- feature_13 >  7.54
|   |   |   |   |   |   |   |   |   |--- class: positive
|   |   |   |   |   |   |   |--- feature_3 >  5.50
|   |   |   |   |   |   |   |   |--- feature_13 <= 6.05
|   |   |   |   |   |   |   |   |   |--- class: positive
|   |   |   |   |   |   |   |   |--- feature_13 >  6.05
|   |   |   |   |   |   |   |   |   |--- class: negative
|   |   |   |   |   |   |--- feature_12 >  15.55
|   |   |   |   |   |   |   |--- feature_1 <= 263.00
|   |   |   |   |   |   |   |   |--- feature_10 <= 1.50
|   |   |   |   |   |   |   |   |   |--- feature_7 <= 41371426.00
|   |   |   |   |   |   |   |   |   |   |--- feature_13 <= 7.35
|   |   |   |   |   |   |   |   |   |   |   |--- truncated branch of depth 4
|   |   |   |   |   |   |   |   |   |   |--- feature_13 >  7.35
|   |   |   |   |   |   |   |   |   |   |   |--- class: positive
|   |   |   |   |   |   |   |   |   |--- feature_7 >  41371426.00
|   |   |   |   |   |   |   |   |   |   |--- feature_7 <= 41516500.00
|   |   |   |   |   |   |   |   |   |   |   |--- class: positive
|   |   |   |   |   |   |   |   |   |   |--- feature_7 >  41516500.00
|   |   |   |   |   |   |   |   |   |   |   |--- truncated branch of depth 2
|   |   |   |   |   |   |   |   |--- feature_10 >  1.50
|   |   |   |   |   |   |   |   |   |--- feature_10 <= 7.50
|   |   |   |   |   |   |   |   |   |   |--- feature_13 <= 7.45
|   |   |   |   |   |   |   |   |   |   |   |--- class: negative
|   |   |   |   |   |   |   |   |   |   |--- feature_13 >  7.45
|   |   |   |   |   |   |   |   |   |   |   |--- class: positive
|   |   |   |   |   |   |   |   |   |--- feature_10 >  7.50
|   |   |   |   |   |   |   |   |   |   |--- class: positive
|   |   |   |   |   |   |   |--- feature_1 >  263.00
|   |   |   |   |   |   |   |   |--- feature_4 <= 1.50
|   |   |   |   |   |   |   |   |   |--- class: positive
|   |   |   |   |   |   |   |   |--- feature_4 >  1.50
|   |   |   |   |   |   |   |   |   |--- feature_13 <= 7.33
|   |   |   |   |   |   |   |   |   |   |--- class: negative
|   |   |   |   |   |   |   |   |   |--- feature_13 >  7.33
|   |   |   |   |   |   |   |   |   |   |--- class: positive
|   |   |   |   |   |--- feature_13 >  7.60
|   |   |   |   |   |   |--- feature_7 <= 42224474.00
|   |   |   |   |   |   |   |--- feature_12 <= 75.83
|   |   |   |   |   |   |   |   |--- feature_0 <= 1930.50
|   |   |   |   |   |   |   |   |   |--- feature_10 <= 1.50
|   |   |   |   |   |   |   |   |   |   |--- class: positive
|   |   |   |   |   |   |   |   |   |--- feature_10 >  1.50
|   |   |   |   |   |   |   |   |   |   |--- class: negative
|   |   |   |   |   |   |   |   |--- feature_0 >  1930.50
|   |   |   |   |   |   |   |   |   |--- feature_7 <= 41400816.00
|   |   |   |   |   |   |   |   |   |   |--- class: negative
|   |   |   |   |   |   |   |   |   |--- feature_7 >  41400816.00
|   |   |   |   |   |   |   |   |   |   |--- feature_8 <= 100195900.00
|   |   |   |   |   |   |   |   |   |   |   |--- truncated branch of depth 5
|   |   |   |   |   |   |   |   |   |   |--- feature_8 >  100195900.00
|   |   |   |   |   |   |   |   |   |   |   |--- truncated branch of depth 2
|   |   |   |   |   |   |   |--- feature_12 >  75.83
|   |   |   |   |   |   |   |   |--- feature_4 <= 3.50
|   |   |   |   |   |   |   |   |   |--- class: positive
|   |   |   |   |   |   |   |   |--- feature_4 >  3.50
|   |   |   |   |   |   |   |   |   |--- class: negative
|   |   |   |   |   |   |--- feature_7 >  42224474.00
|   |   |   |   |   |   |   |--- feature_7 <= 42250900.00
|   |   |   |   |   |   |   |   |--- feature_1 <= 1640.00
|   |   |   |   |   |   |   |   |   |--- class: positive
|   |   |   |   |   |   |   |   |--- feature_1 >  1640.00
|   |   |   |   |   |   |   |   |   |--- class: negative
|   |   |   |   |   |   |   |--- feature_7 >  42250900.00
|   |   |   |   |   |   |   |   |--- feature_1 <= 2502.50
|   |   |   |   |   |   |   |   |   |--- class: negative
|   |   |   |   |   |   |   |   |--- feature_1 >  2502.50
|   |   |   |   |   |   |   |   |   |--- feature_1 <= 2527.50
|   |   |   |   |   |   |   |   |   |   |--- class: positive
|   |   |   |   |   |   |   |   |   |--- feature_1 >  2527.50
|   |   |   |   |   |   |   |   |   |   |--- class: negative
|   |   |   |   |--- feature_12 >  88.84
|   |   |   |   |   |--- feature_8 <= 100330988.00
|   |   |   |   |   |   |--- feature_1 <= 16039.50
|   |   |   |   |   |   |   |--- class: negative
|   |   |   |   |   |   |--- feature_1 >  16039.50
|   |   |   |   |   |   |   |--- class: positive
|   |   |   |   |   |--- feature_8 >  100330988.00
|   |   |   |   |   |   |--- feature_0 <= 1958.50
|   |   |   |   |   |   |   |--- class: positive
|   |   |   |   |   |   |--- feature_0 >  1958.50
|   |   |   |   |   |   |   |--- feature_20 <= 1.50
|   |   |   |   |   |   |   |   |--- class: positive
|   |   |   |   |   |   |   |--- feature_20 >  1.50
|   |   |   |   |   |   |   |   |--- class: negative
|   |--- feature_19 >  1.00
|   |   |--- feature_19 <= 8.00
|   |   |   |--- feature_1 <= 10.50
|   |   |   |   |--- feature_19 <= 6.43
|   |   |   |   |   |--- feature_18 <= 18.00
|   |   |   |   |   |   |--- class: positive
|   |   |   |   |   |--- feature_18 >  18.00
|   |   |   |   |   |   |--- class: negative
|   |   |   |   |--- feature_19 >  6.43
|   |   |   |   |   |--- class: positive
|   |   |   |--- feature_1 >  10.50
|   |   |   |   |--- feature_12 <= 9.81
|   |   |   |   |   |--- feature_19 <= 6.01
|   |   |   |   |   |   |--- feature_19 <= 6.00
|   |   |   |   |   |   |   |--- feature_1 <= 40.50
|   |   |   |   |   |   |   |   |--- feature_13 <= 5.37
|   |   |   |   |   |   |   |   |   |--- class: positive
|   |   |   |   |   |   |   |   |--- feature_13 >  5.37
|   |   |   |   |   |   |   |   |   |--- class: negative
|   |   |   |   |   |   |   |--- feature_1 >  40.50
|   |   |   |   |   |   |   |   |--- class: positive
|   |   |   |   |   |   |--- feature_19 >  6.00
|   |   |   |   |   |   |   |--- feature_8 <= 95859488.00
|   |   |   |   |   |   |   |   |--- feature_12 <= 9.05
|   |   |   |   |   |   |   |   |   |--- class: positive
|   |   |   |   |   |   |   |   |--- feature_12 >  9.05
|   |   |   |   |   |   |   |   |   |--- class: negative
|   |   |   |   |   |   |   |--- feature_8 >  95859488.00
|   |   |   |   |   |   |   |   |--- feature_7 <= 40216200.00
|   |   |   |   |   |   |   |   |   |--- feature_13 <= 5.20
|   |   |   |   |   |   |   |   |   |   |--- class: negative
|   |   |   |   |   |   |   |   |   |--- feature_13 >  5.20
|   |   |   |   |   |   |   |   |   |   |--- class: positive
|   |   |   |   |   |   |   |   |--- feature_7 >  40216200.00
|   |   |   |   |   |   |   |   |   |--- class: negative
|   |   |   |   |   |--- feature_19 >  6.01
|   |   |   |   |   |   |--- class: positive
|   |   |   |   |--- feature_12 >  9.81
|   |   |   |   |   |--- feature_20 <= 19.00
|   |   |   |   |   |   |--- feature_7 <= 40010320.00
|   |   |   |   |   |   |   |--- class: negative
|   |   |   |   |   |   |--- feature_7 >  40010320.00
|   |   |   |   |   |   |   |--- feature_20 <= 0.50
|   |   |   |   |   |   |   |   |--- class: negative
|   |   |   |   |   |   |   |--- feature_20 >  0.50
|   |   |   |   |   |   |   |   |--- feature_19 <= 6.00
|   |   |   |   |   |   |   |   |   |--- feature_4 <= 4.50
|   |   |   |   |   |   |   |   |   |   |--- feature_7 <= 40073294.00
|   |   |   |   |   |   |   |   |   |   |   |--- truncated branch of depth 4
|   |   |   |   |   |   |   |   |   |   |--- feature_7 >  40073294.00
|   |   |   |   |   |   |   |   |   |   |   |--- truncated branch of depth 7
|   |   |   |   |   |   |   |   |   |--- feature_4 >  4.50
|   |   |   |   |   |   |   |   |   |   |--- feature_0 <= 1947.00
|   |   |   |   |   |   |   |   |   |   |   |--- truncated branch of depth 2
|   |   |   |   |   |   |   |   |   |   |--- feature_0 >  1947.00
|   |   |   |   |   |   |   |   |   |   |   |--- class: positive
|   |   |   |   |   |   |   |   |--- feature_19 >  6.00
|   |   |   |   |   |   |   |   |   |--- feature_19 <= 6.00
|   |   |   |   |   |   |   |   |   |   |--- feature_7 <= 41412100.00
|   |   |   |   |   |   |   |   |   |   |   |--- truncated branch of depth 5
|   |   |   |   |   |   |   |   |   |   |--- feature_7 >  41412100.00
|   |   |   |   |   |   |   |   |   |   |   |--- truncated branch of depth 3
|   |   |   |   |   |   |   |   |   |--- feature_19 >  6.00
|   |   |   |   |   |   |   |   |   |   |--- class: positive
|   |   |   |   |   |--- feature_20 >  19.00
|   |   |   |   |   |   |--- class: negative
|   |   |--- feature_19 >  8.00
|   |   |   |--- feature_19 <= 9.00
|   |   |   |   |--- feature_12 <= 7.32
|   |   |   |   |   |--- feature_13 <= 4.85
|   |   |   |   |   |   |--- feature_8 <= 96400900.00
|   |   |   |   |   |   |   |--- class: negative
|   |   |   |   |   |   |--- feature_8 >  96400900.00
|   |   |   |   |   |   |   |--- feature_7 <= 40105300.00
|   |   |   |   |   |   |   |   |--- class: negative
|   |   |   |   |   |   |   |--- feature_7 >  40105300.00
|   |   |   |   |   |   |   |   |--- class: positive
|   |   |   |   |   |--- feature_13 >  4.85
|   |   |   |   |   |   |--- feature_7 <= 41487400.00
|   |   |   |   |   |   |   |--- class: negative
|   |   |   |   |   |   |--- feature_7 >  41487400.00
|   |   |   |   |   |   |   |--- feature_7 <= 41536200.00
|   |   |   |   |   |   |   |   |--- feature_1 <= 30.00
|   |   |   |   |   |   |   |   |   |--- class: positive
|   |   |   |   |   |   |   |   |--- feature_1 >  30.00
|   |   |   |   |   |   |   |   |   |--- class: negative
|   |   |   |   |   |   |   |--- feature_7 >  41536200.00
|   |   |   |   |   |   |   |   |--- feature_7 <= 41811200.00
|   |   |   |   |   |   |   |   |   |--- feature_7 <= 41580000.00
|   |   |   |   |   |   |   |   |   |   |--- class: negative
|   |   |   |   |   |   |   |   |   |--- feature_7 >  41580000.00
|   |   |   |   |   |   |   |   |   |   |--- class: positive
|   |   |   |   |   |   |   |   |--- feature_7 >  41811200.00
|   |   |   |   |   |   |   |   |   |--- feature_7 <= 42405300.00
|   |   |   |   |   |   |   |   |   |   |--- class: negative
|   |   |   |   |   |   |   |   |   |--- feature_7 >  42405300.00
|   |   |   |   |   |   |   |   |   |   |--- feature_8 <= 97451500.00
|   |   |   |   |   |   |   |   |   |   |   |--- class: positive
|   |   |   |   |   |   |   |   |   |   |--- feature_8 >  97451500.00
|   |   |   |   |   |   |   |   |   |   |   |--- class: negative
|   |   |   |   |--- feature_12 >  7.32
|   |   |   |   |   |--- feature_14 <= 0.01
|   |   |   |   |   |   |--- feature_13 <= 7.55
|   |   |   |   |   |   |   |--- feature_11 <= 5.69
|   |   |   |   |   |   |   |   |--- feature_8 <= 98320600.00
|   |   |   |   |   |   |   |   |   |--- class: negative
|   |   |   |   |   |   |   |   |--- feature_8 >  98320600.00
|   |   |   |   |   |   |   |   |   |--- class: positive
|   |   |   |   |   |   |   |--- feature_11 >  5.69
|   |   |   |   |   |   |   |   |--- feature_10 <= 4.50
|   |   |   |   |   |   |   |   |   |--- feature_11 <= 16.60
|   |   |   |   |   |   |   |   |   |   |--- feature_4 <= 1.50
|   |   |   |   |   |   |   |   |   |   |   |--- truncated branch of depth 3
|   |   |   |   |   |   |   |   |   |   |--- feature_4 >  1.50
|   |   |   |   |   |   |   |   |   |   |   |--- truncated branch of depth 2
|   |   |   |   |   |   |   |   |   |--- feature_11 >  16.60
|   |   |   |   |   |   |   |   |   |   |--- feature_13 <= 4.85
|   |   |   |   |   |   |   |   |   |   |   |--- truncated branch of depth 3
|   |   |   |   |   |   |   |   |   |   |--- feature_13 >  4.85
|   |   |   |   |   |   |   |   |   |   |   |--- truncated branch of depth 2
|   |   |   |   |   |   |   |   |--- feature_10 >  4.50
|   |   |   |   |   |   |   |   |   |--- class: positive
|   |   |   |   |   |   |--- feature_13 >  7.55
|   |   |   |   |   |   |   |--- class: positive
|   |   |   |   |   |--- feature_14 >  0.01
|   |   |   |   |   |   |--- feature_16 <= 1.50
|   |   |   |   |   |   |   |--- feature_13 <= 4.80
|   |   |   |   |   |   |   |   |--- feature_8 <= 97509336.00
|   |   |   |   |   |   |   |   |   |--- feature_20 <= 9.50
|   |   |   |   |   |   |   |   |   |   |--- feature_10 <= 1.50
|   |   |   |   |   |   |   |   |   |   |   |--- truncated branch of depth 13
|   |   |   |   |   |   |   |   |   |   |--- feature_10 >  1.50
|   |   |   |   |   |   |   |   |   |   |   |--- truncated branch of depth 5
|   |   |   |   |   |   |   |   |   |--- feature_20 >  9.50
|   |   |   |   |   |   |   |   |   |   |--- feature_12 <= 23.05
|   |   |   |   |   |   |   |   |   |   |   |--- truncated branch of depth 6
|   |   |   |   |   |   |   |   |   |   |--- feature_12 >  23.05
|   |   |   |   |   |   |   |   |   |   |   |--- truncated branch of depth 5
|   |   |   |   |   |   |   |   |--- feature_8 >  97509336.00
|   |   |   |   |   |   |   |   |   |--- feature_14 <= 7.20
|   |   |   |   |   |   |   |   |   |   |--- feature_13 <= 4.60
|   |   |   |   |   |   |   |   |   |   |   |--- class: negative
|   |   |   |   |   |   |   |   |   |   |--- feature_13 >  4.60
|   |   |   |   |   |   |   |   |   |   |   |--- class: positive
|   |   |   |   |   |   |   |   |   |--- feature_14 >  7.20
|   |   |   |   |   |   |   |   |   |   |--- feature_7 <= 42571200.00
|   |   |   |   |   |   |   |   |   |   |   |--- class: negative
|   |   |   |   |   |   |   |   |   |   |--- feature_7 >  42571200.00
|   |   |   |   |   |   |   |   |   |   |   |--- truncated branch of depth 2
|   |   |   |   |   |   |   |--- feature_13 >  4.80
|   |   |   |   |   |   |   |   |--- feature_7 <= 40010206.00
|   |   |   |   |   |   |   |   |   |--- class: negative
|   |   |   |   |   |   |   |   |--- feature_7 >  40010206.00
|   |   |   |   |   |   |   |   |   |--- class: positive
|   |   |   |   |   |   |--- feature_16 >  1.50
|   |   |   |   |   |   |   |--- feature_13 <= 4.90
|   |   |   |   |   |   |   |   |--- feature_18 <= 22.50
|   |   |   |   |   |   |   |   |   |--- class: positive
|   |   |   |   |   |   |   |   |--- feature_18 >  22.50
|   |   |   |   |   |   |   |   |   |--- feature_8 <= 95506200.00
|   |   |   |   |   |   |   |   |   |   |--- feature_10 <= 1.50
|   |   |   |   |   |   |   |   |   |   |   |--- class: positive
|   |   |   |   |   |   |   |   |   |   |--- feature_10 >  1.50
|   |   |   |   |   |   |   |   |   |   |   |--- class: negative
|   |   |   |   |   |   |   |   |   |--- feature_8 >  95506200.00
|   |   |   |   |   |   |   |   |   |   |--- feature_10 <= 3.50
|   |   |   |   |   |   |   |   |   |   |   |--- truncated branch of depth 5
|   |   |   |   |   |   |   |   |   |   |--- feature_10 >  3.50
|   |   |   |   |   |   |   |   |   |   |   |--- class: positive
|   |   |   |   |   |   |   |--- feature_13 >  4.90
|   |   |   |   |   |   |   |   |--- feature_19 <= 8.00
|   |   |   |   |   |   |   |   |   |--- feature_14 <= 10.75
|   |   |   |   |   |   |   |   |   |   |--- feature_8 <= 98076548.00
|   |   |   |   |   |   |   |   |   |   |   |--- truncated branch of depth 6
|   |   |   |   |   |   |   |   |   |   |--- feature_8 >  98076548.00
|   |   |   |   |   |   |   |   |   |   |   |--- truncated branch of depth 14
|   |   |   |   |   |   |   |   |   |--- feature_14 >  10.75
|   |   |   |   |   |   |   |   |   |   |--- feature_13 <= 5.79
|   |   |   |   |   |   |   |   |   |   |   |--- truncated branch of depth 8
|   |   |   |   |   |   |   |   |   |   |--- feature_13 >  5.79
|   |   |   |   |   |   |   |   |   |   |   |--- truncated branch of depth 13
|   |   |   |   |   |   |   |   |--- feature_19 >  8.00
|   |   |   |   |   |   |   |   |   |--- class: positive
|   |   |   |--- feature_19 >  9.00
|   |   |   |   |--- feature_2 <= 0.50
|   |   |   |   |   |--- feature_9 <= 0.50
|   |   |   |   |   |   |--- feature_7 <= 42240300.00
|   |   |   |   |   |   |   |--- feature_18 <= 18.00
|   |   |   |   |   |   |   |   |--- feature_12 <= 10.65
|   |   |   |   |   |   |   |   |   |--- class: negative
|   |   |   |   |   |   |   |   |--- feature_12 >  10.65
|   |   |   |   |   |   |   |   |   |--- class: positive
|   |   |   |   |   |   |   |--- feature_18 >  18.00
|   |   |   |   |   |   |   |   |--- feature_8 <= 98192100.00
|   |   |   |   |   |   |   |   |   |--- feature_14 <= 9.45
|   |   |   |   |   |   |   |   |   |   |--- feature_11 <= 18.60
|   |   |   |   |   |   |   |   |   |   |   |--- class: negative
|   |   |   |   |   |   |   |   |   |   |--- feature_11 >  18.60
|   |   |   |   |   |   |   |   |   |   |   |--- class: positive
|   |   |   |   |   |   |   |   |   |--- feature_14 >  9.45
|   |   |   |   |   |   |   |   |   |   |--- class: negative
|   |   |   |   |   |   |   |   |--- feature_8 >  98192100.00
|   |   |   |   |   |   |   |   |   |--- feature_8 <= 98330064.00
|   |   |   |   |   |   |   |   |   |   |--- feature_1 <= 67.50
|   |   |   |   |   |   |   |   |   |   |   |--- class: positive
|   |   |   |   |   |   |   |   |   |   |--- feature_1 >  67.50
|   |   |   |   |   |   |   |   |   |   |   |--- class: negative
|   |   |   |   |   |   |   |   |   |--- feature_8 >  98330064.00
|   |   |   |   |   |   |   |   |   |   |--- class: negative
|   |   |   |   |   |   |--- feature_7 >  42240300.00
|   |   |   |   |   |   |   |--- feature_15 <= 3.83
|   |   |   |   |   |   |   |   |--- class: positive
|   |   |   |   |   |   |   |--- feature_15 >  3.83
|   |   |   |   |   |   |   |   |--- class: negative
|   |   |   |   |   |--- feature_9 >  0.50
|   |   |   |   |   |   |--- feature_14 <= 18.03
|   |   |   |   |   |   |   |--- feature_11 <= 12.79
|   |   |   |   |   |   |   |   |--- feature_20 <= 2.50
|   |   |   |   |   |   |   |   |   |--- class: negative
|   |   |   |   |   |   |   |   |--- feature_20 >  2.50
|   |   |   |   |   |   |   |   |   |--- class: positive
|   |   |   |   |   |   |   |--- feature_11 >  12.79
|   |   |   |   |   |   |   |   |--- class: positive
|   |   |   |   |   |   |--- feature_14 >  18.03
|   |   |   |   |   |   |   |--- class: negative
|   |   |   |   |--- feature_2 >  0.50
|   |   |   |   |   |--- feature_13 <= 8.20
|   |   |   |   |   |   |--- feature_0 <= 1951.50
|   |   |   |   |   |   |   |--- feature_1 <= 52.50
|   |   |   |   |   |   |   |   |--- class: negative
|   |   |   |   |   |   |   |--- feature_1 >  52.50
|   |   |   |   |   |   |   |   |--- feature_15 <= 6.50
|   |   |   |   |   |   |   |   |   |--- feature_8 <= 96276200.00
|   |   |   |   |   |   |   |   |   |   |--- class: negative
|   |   |   |   |   |   |   |   |   |--- feature_8 >  96276200.00
|   |   |   |   |   |   |   |   |   |   |--- class: positive
|   |   |   |   |   |   |   |   |--- feature_15 >  6.50
|   |   |   |   |   |   |   |   |   |--- class: negative
|   |   |   |   |   |   |--- feature_0 >  1951.50
|   |   |   |   |   |   |   |--- feature_2 <= 1.50
|   |   |   |   |   |   |   |   |--- class: positive
|   |   |   |   |   |   |   |--- feature_2 >  1.50
|   |   |   |   |   |   |   |   |--- feature_13 <= 5.95
|   |   |   |   |   |   |   |   |   |--- feature_8 <= 97245408.00
|   |   |   |   |   |   |   |   |   |   |--- class: negative
|   |   |   |   |   |   |   |   |   |--- feature_8 >  97245408.00
|   |   |   |   |   |   |   |   |   |   |--- class: positive
|   |   |   |   |   |   |   |   |--- feature_13 >  5.95
|   |   |   |   |   |   |   |   |   |--- class: negative
|   |   |   |   |   |--- feature_13 >  8.20
|   |   |   |   |   |   |--- class: negative
|--- feature_0 >  1969.50
|   |--- feature_19 <= 1.00
|   |   |--- feature_0 <= 1984.50
|   |   |   |--- feature_20 <= 1.50
|   |   |   |   |--- feature_8 <= 97230504.00
|   |   |   |   |   |--- feature_11 <= 9.17
|   |   |   |   |   |   |--- feature_3 <= 3.50
|   |   |   |   |   |   |   |--- class: negative
|   |   |   |   |   |   |--- feature_3 >  3.50
|   |   |   |   |   |   |   |--- class: positive
|   |   |   |   |   |--- feature_11 >  9.17
|   |   |   |   |   |   |--- feature_8 <= 96105272.00
|   |   |   |   |   |   |   |--- class: negative
|   |   |   |   |   |   |--- feature_8 >  96105272.00
|   |   |   |   |   |   |   |--- feature_10 <= 2.50
|   |   |   |   |   |   |   |   |--- feature_3 <= 1.50
|   |   |   |   |   |   |   |   |   |--- class: negative
|   |   |   |   |   |   |   |   |--- feature_3 >  1.50
|   |   |   |   |   |   |   |   |   |--- class: positive
|   |   |   |   |   |   |   |--- feature_10 >  2.50
|   |   |   |   |   |   |   |   |--- feature_13 <= 8.61
|   |   |   |   |   |   |   |   |   |--- feature_8 <= 96462868.00
|   |   |   |   |   |   |   |   |   |   |--- class: negative
|   |   |   |   |   |   |   |   |   |--- feature_8 >  96462868.00
|   |   |   |   |   |   |   |   |   |   |--- feature_8 <= 97073000.00
|   |   |   |   |   |   |   |   |   |   |   |--- truncated branch of depth 2
|   |   |   |   |   |   |   |   |   |   |--- feature_8 >  97073000.00
|   |   |   |   |   |   |   |   |   |   |   |--- class: negative
|   |   |   |   |   |   |   |   |--- feature_13 >  8.61
|   |   |   |   |   |   |   |   |   |--- feature_2 <= 9.50
|   |   |   |   |   |   |   |   |   |   |--- feature_15 <= 5.88
|   |   |   |   |   |   |   |   |   |   |   |--- class: negative
|   |   |   |   |   |   |   |   |   |   |--- feature_15 >  5.88
|   |   |   |   |   |   |   |   |   |   |   |--- truncated branch of depth 3
|   |   |   |   |   |   |   |   |   |--- feature_2 >  9.50
|   |   |   |   |   |   |   |   |   |   |--- feature_12 <= 61.69
|   |   |   |   |   |   |   |   |   |   |   |--- class: negative
|   |   |   |   |   |   |   |   |   |   |--- feature_12 >  61.69
|   |   |   |   |   |   |   |   |   |   |   |--- class: positive
|   |   |   |   |--- feature_8 >  97230504.00
|   |   |   |   |   |--- class: negative
|   |   |   |--- feature_20 >  1.50
|   |   |   |   |--- feature_8 <= 96161452.00
|   |   |   |   |   |--- feature_7 <= 41055832.00
|   |   |   |   |   |   |--- feature_18 <= 23.50
|   |   |   |   |   |   |   |--- class: positive
|   |   |   |   |   |   |--- feature_18 >  23.50
|   |   |   |   |   |   |   |--- feature_0 <= 1973.50
|   |   |   |   |   |   |   |   |--- feature_12 <= 23.60
|   |   |   |   |   |   |   |   |   |--- class: positive
|   |   |   |   |   |   |   |   |--- feature_12 >  23.60
|   |   |   |   |   |   |   |   |   |--- class: negative
|   |   |   |   |   |   |   |--- feature_0 >  1973.50
|   |   |   |   |   |   |   |   |--- class: negative
|   |   |   |   |   |--- feature_7 >  41055832.00
|   |   |   |   |   |   |--- feature_11 <= 15.32
|   |   |   |   |   |   |   |--- class: negative
|   |   |   |   |   |   |--- feature_11 >  15.32
|   |   |   |   |   |   |   |--- feature_7 <= 41352206.00
|   |   |   |   |   |   |   |   |--- feature_1 <= 14956.50
|   |   |   |   |   |   |   |   |   |--- feature_14 <= 78.75
|   |   |   |   |   |   |   |   |   |   |--- feature_2 <= 9.50
|   |   |   |   |   |   |   |   |   |   |   |--- truncated branch of depth 4
|   |   |   |   |   |   |   |   |   |   |--- feature_2 >  9.50
|   |   |   |   |   |   |   |   |   |   |   |--- truncated branch of depth 2
|   |   |   |   |   |   |   |   |   |--- feature_14 >  78.75
|   |   |   |   |   |   |   |   |   |   |--- class: negative
|   |   |   |   |   |   |   |   |--- feature_1 >  14956.50
|   |   |   |   |   |   |   |   |   |--- class: negative
|   |   |   |   |   |   |   |--- feature_7 >  41352206.00
|   |   |   |   |   |   |   |   |--- class: negative
|   |   |   |   |--- feature_8 >  96161452.00
|   |   |   |   |   |--- feature_16 <= 1.50
|   |   |   |   |   |   |--- class: positive
|   |   |   |   |   |--- feature_16 >  1.50
|   |   |   |   |   |   |--- feature_18 <= 23.00
|   |   |   |   |   |   |   |--- feature_7 <= 41241500.00
|   |   |   |   |   |   |   |   |--- class: negative
|   |   |   |   |   |   |   |--- feature_7 >  41241500.00
|   |   |   |   |   |   |   |   |--- class: positive
|   |   |   |   |   |   |--- feature_18 >  23.00
|   |   |   |   |   |   |   |--- feature_13 <= 7.25
|   |   |   |   |   |   |   |   |--- feature_13 <= 7.20
|   |   |   |   |   |   |   |   |   |--- feature_20 <= 3.50
|   |   |   |   |   |   |   |   |   |   |--- feature_9 <= 21.00
|   |   |   |   |   |   |   |   |   |   |   |--- class: negative
|   |   |   |   |   |   |   |   |   |   |--- feature_9 >  21.00
|   |   |   |   |   |   |   |   |   |   |   |--- truncated branch of depth 3
|   |   |   |   |   |   |   |   |   |--- feature_20 >  3.50
|   |   |   |   |   |   |   |   |   |   |--- feature_1 <= 37.50
|   |   |   |   |   |   |   |   |   |   |   |--- class: positive
|   |   |   |   |   |   |   |   |   |   |--- feature_1 >  37.50
|   |   |   |   |   |   |   |   |   |   |   |--- class: negative
|   |   |   |   |   |   |   |   |--- feature_13 >  7.20
|   |   |   |   |   |   |   |   |   |--- class: positive
|   |   |   |   |   |   |   |--- feature_13 >  7.25
|   |   |   |   |   |   |   |   |--- feature_1 <= 7170.00
|   |   |   |   |   |   |   |   |   |--- feature_14 <= 28.35
|   |   |   |   |   |   |   |   |   |   |--- feature_14 <= 26.55
|   |   |   |   |   |   |   |   |   |   |   |--- class: negative
|   |   |   |   |   |   |   |   |   |   |--- feature_14 >  26.55
|   |   |   |   |   |   |   |   |   |   |   |--- truncated branch of depth 4
|   |   |   |   |   |   |   |   |   |--- feature_14 >  28.35
|   |   |   |   |   |   |   |   |   |   |--- feature_0 <= 1982.50
|   |   |   |   |   |   |   |   |   |   |   |--- class: negative
|   |   |   |   |   |   |   |   |   |   |--- feature_0 >  1982.50
|   |   |   |   |   |   |   |   |   |   |   |--- truncated branch of depth 3
|   |   |   |   |   |   |   |   |--- feature_1 >  7170.00
|   |   |   |   |   |   |   |   |   |--- feature_7 <= 42011500.00
|   |   |   |   |   |   |   |   |   |   |--- class: negative
|   |   |   |   |   |   |   |   |   |--- feature_7 >  42011500.00
|   |   |   |   |   |   |   |   |   |   |--- class: positive
|   |   |--- feature_0 >  1984.50
|   |   |   |--- feature_20 <= 1.50
|   |   |   |   |--- feature_13 <= 7.36
|   |   |   |   |   |--- feature_3 <= 3.50
|   |   |   |   |   |   |--- class: negative
|   |   |   |   |   |--- feature_3 >  3.50
|   |   |   |   |   |   |--- class: positive
|   |   |   |   |--- feature_13 >  7.36
|   |   |   |   |   |--- feature_8 <= 96129376.00
|   |   |   |   |   |   |--- feature_4 <= 4.50
|   |   |   |   |   |   |   |--- feature_7 <= 40734814.00
|   |   |   |   |   |   |   |   |--- class: negative
|   |   |   |   |   |   |   |--- feature_7 >  40734814.00
|   |   |   |   |   |   |   |   |--- class: positive
|   |   |   |   |   |   |--- feature_4 >  4.50
|   |   |   |   |   |   |   |--- class: negative
|   |   |   |   |   |--- feature_8 >  96129376.00
|   |   |   |   |   |   |--- feature_7 <= 42146500.00
|   |   |   |   |   |   |   |--- feature_8 <= 97072400.00
|   |   |   |   |   |   |   |   |--- feature_8 <= 97066200.00
|   |   |   |   |   |   |   |   |   |--- feature_0 <= 1988.50
|   |   |   |   |   |   |   |   |   |   |--- feature_7 <= 40458032.00
|   |   |   |   |   |   |   |   |   |   |   |--- truncated branch of depth 2
|   |   |   |   |   |   |   |   |   |   |--- feature_7 >  40458032.00
|   |   |   |   |   |   |   |   |   |   |   |--- class: negative
|   |   |   |   |   |   |   |   |   |--- feature_0 >  1988.50
|   |   |   |   |   |   |   |   |   |   |--- class: negative
|   |   |   |   |   |   |   |   |--- feature_8 >  97066200.00
|   |   |   |   |   |   |   |   |   |--- class: positive
|   |   |   |   |   |   |   |--- feature_8 >  97072400.00
|   |   |   |   |   |   |   |   |--- class: negative
|   |   |   |   |   |   |--- feature_7 >  42146500.00
|   |   |   |   |   |   |   |--- feature_7 <= 42209520.00
|   |   |   |   |   |   |   |   |--- feature_9 <= 19.50
|   |   |   |   |   |   |   |   |   |--- class: negative
|   |   |   |   |   |   |   |   |--- feature_9 >  19.50
|   |   |   |   |   |   |   |   |   |--- feature_9 <= 37.50
|   |   |   |   |   |   |   |   |   |   |--- class: positive
|   |   |   |   |   |   |   |   |   |--- feature_9 >  37.50
|   |   |   |   |   |   |   |   |   |   |--- class: negative
|   |   |   |   |   |   |   |--- feature_7 >  42209520.00
|   |   |   |   |   |   |   |   |--- class: negative
|   |   |   |--- feature_20 >  1.50
|   |   |   |   |--- feature_7 <= 42471500.00
|   |   |   |   |   |--- feature_8 <= 95963788.00
|   |   |   |   |   |   |--- feature_8 <= 95759688.00
|   |   |   |   |   |   |   |--- class: negative
|   |   |   |   |   |   |--- feature_8 >  95759688.00
|   |   |   |   |   |   |   |--- class: positive
|   |   |   |   |   |--- feature_8 >  95963788.00
|   |   |   |   |   |   |--- class: negative
|   |   |   |   |--- feature_7 >  42471500.00
|   |   |   |   |   |--- feature_7 <= 42472700.00
|   |   |   |   |   |   |--- class: positive
|   |   |   |   |   |--- feature_7 >  42472700.00
|   |   |   |   |   |   |--- class: negative
|   |--- feature_19 >  1.00
|   |   |--- feature_19 <= 2.00
|   |   |   |--- class: positive
|   |   |--- feature_19 >  2.00
|   |   |   |--- feature_13 <= 8.39
|   |   |   |   |--- feature_19 <= 7.98
|   |   |   |   |   |--- feature_19 <= 2.03
|   |   |   |   |   |   |--- feature_14 <= 19.80
|   |   |   |   |   |   |   |--- feature_7 <= 41460760.00
|   |   |   |   |   |   |   |   |--- class: positive
|   |   |   |   |   |   |   |--- feature_7 >  41460760.00
|   |   |   |   |   |   |   |   |--- class: negative
|   |   |   |   |   |   |--- feature_14 >  19.80
|   |   |   |   |   |   |   |--- feature_2 <= 4.50
|   |   |   |   |   |   |   |   |--- feature_11 <= 12.59
|   |   |   |   |   |   |   |   |   |--- class: negative
|   |   |   |   |   |   |   |   |--- feature_11 >  12.59
|   |   |   |   |   |   |   |   |   |--- feature_1 <= 45.00
|   |   |   |   |   |   |   |   |   |   |--- class: negative
|   |   |   |   |   |   |   |   |   |--- feature_1 >  45.00
|   |   |   |   |   |   |   |   |   |   |--- feature_4 <= 2.50
|   |   |   |   |   |   |   |   |   |   |   |--- class: positive
|   |   |   |   |   |   |   |   |   |   |--- feature_4 >  2.50
|   |   |   |   |   |   |   |   |   |   |   |--- class: negative
|   |   |   |   |   |   |   |--- feature_2 >  4.50
|   |   |   |   |   |   |   |   |--- class: positive
|   |   |   |   |   |--- feature_19 >  2.03
|   |   |   |   |   |   |--- feature_13 <= 6.00
|   |   |   |   |   |   |   |--- class: negative
|   |   |   |   |   |   |--- feature_13 >  6.00
|   |   |   |   |   |   |   |--- feature_14 <= 5.40
|   |   |   |   |   |   |   |   |--- class: negative
|   |   |   |   |   |   |   |--- feature_14 >  5.40
|   |   |   |   |   |   |   |   |--- feature_1 <= 9583.00
|   |   |   |   |   |   |   |   |   |--- feature_14 <= 60.17
|   |   |   |   |   |   |   |   |   |   |--- feature_18 <= 12.50
|   |   |   |   |   |   |   |   |   |   |   |--- truncated branch of depth 2
|   |   |   |   |   |   |   |   |   |   |--- feature_18 >  12.50
|   |   |   |   |   |   |   |   |   |   |   |--- class: positive
|   |   |   |   |   |   |   |   |   |--- feature_14 >  60.17
|   |   |   |   |   |   |   |   |   |   |--- class: negative
|   |   |   |   |   |   |   |   |--- feature_1 >  9583.00
|   |   |   |   |   |   |   |   |   |--- class: negative
|   |   |   |   |--- feature_19 >  7.98
|   |   |   |   |   |--- feature_18 <= 23.50
|   |   |   |   |   |   |--- feature_13 <= 6.00
|   |   |   |   |   |   |   |--- class: negative
|   |   |   |   |   |   |--- feature_13 >  6.00
|   |   |   |   |   |   |   |--- class: positive
|   |   |   |   |   |--- feature_18 >  23.50
|   |   |   |   |   |   |--- feature_0 <= 1975.50
|   |   |   |   |   |   |   |--- feature_9 <= 0.50
|   |   |   |   |   |   |   |   |--- feature_8 <= 98119744.00
|   |   |   |   |   |   |   |   |   |--- feature_11 <= 18.51
|   |   |   |   |   |   |   |   |   |   |--- class: negative
|   |   |   |   |   |   |   |   |   |--- feature_11 >  18.51
|   |   |   |   |   |   |   |   |   |   |--- class: positive
|   |   |   |   |   |   |   |   |--- feature_8 >  98119744.00
|   |   |   |   |   |   |   |   |   |--- feature_8 <= 98520956.00
|   |   |   |   |   |   |   |   |   |   |--- feature_10 <= 1.50
|   |   |   |   |   |   |   |   |   |   |   |--- class: positive
|   |   |   |   |   |   |   |   |   |   |--- feature_10 >  1.50
|   |   |   |   |   |   |   |   |   |   |   |--- class: negative
|   |   |   |   |   |   |   |   |   |--- feature_8 >  98520956.00
|   |   |   |   |   |   |   |   |   |   |--- feature_12 <= 17.37
|   |   |   |   |   |   |   |   |   |   |   |--- class: negative
|   |   |   |   |   |   |   |   |   |   |--- feature_12 >  17.37
|   |   |   |   |   |   |   |   |   |   |   |--- truncated branch of depth 2
|   |   |   |   |   |   |   |--- feature_9 >  0.50
|   |   |   |   |   |   |   |   |--- feature_7 <= 40489858.00
|   |   |   |   |   |   |   |   |   |--- class: negative
|   |   |   |   |   |   |   |   |--- feature_7 >  40489858.00
|   |   |   |   |   |   |   |   |   |--- class: positive
|   |   |   |   |   |   |--- feature_0 >  1975.50
|   |   |   |   |   |   |   |--- feature_9 <= 35.50
|   |   |   |   |   |   |   |   |--- feature_16 <= 1.50
|   |   |   |   |   |   |   |   |   |--- feature_15 <= 6.46
|   |   |   |   |   |   |   |   |   |   |--- class: negative
|   |   |   |   |   |   |   |   |   |--- feature_15 >  6.46
|   |   |   |   |   |   |   |   |   |   |--- class: positive
|   |   |   |   |   |   |   |   |--- feature_16 >  1.50
|   |   |   |   |   |   |   |   |   |--- feature_11 <= 14.75
|   |   |   |   |   |   |   |   |   |   |--- feature_7 <= 42406200.00
|   |   |   |   |   |   |   |   |   |   |   |--- truncated branch of depth 3
|   |   |   |   |   |   |   |   |   |   |--- feature_7 >  42406200.00
|   |   |   |   |   |   |   |   |   |   |   |--- truncated branch of depth 2
|   |   |   |   |   |   |   |   |   |--- feature_11 >  14.75
|   |   |   |   |   |   |   |   |   |   |--- feature_0 <= 1977.50
|   |   |   |   |   |   |   |   |   |   |   |--- class: positive
|   |   |   |   |   |   |   |   |   |   |--- feature_0 >  1977.50
|   |   |   |   |   |   |   |   |   |   |   |--- truncated branch of depth 3
|   |   |   |   |   |   |   |--- feature_9 >  35.50
|   |   |   |   |   |   |   |   |--- feature_12 <= 7.99
|   |   |   |   |   |   |   |   |   |--- class: negative
|   |   |   |   |   |   |   |   |--- feature_12 >  7.99
|   |   |   |   |   |   |   |   |   |--- class: positive
|   |   |   |--- feature_13 >  8.39
|   |   |   |   |--- feature_1 <= 115.50
|   |   |   |   |   |--- feature_14 <= 19.80
|   |   |   |   |   |   |--- feature_7 <= 40525562.00
|   |   |   |   |   |   |   |--- class: negative
|   |   |   |   |   |   |--- feature_7 >  40525562.00
|   |   |   |   |   |   |   |--- feature_12 <= 16.30
|   |   |   |   |   |   |   |   |--- class: positive
|   |   |   |   |   |   |   |--- feature_12 >  16.30
|   |   |   |   |   |   |   |   |--- class: negative
|   |   |   |   |   |--- feature_14 >  19.80
|   |   |   |   |   |   |--- feature_14 <= 30.31
|   |   |   |   |   |   |   |--- feature_8 <= 97068540.00
|   |   |   |   |   |   |   |   |--- feature_8 <= 96785300.00
|   |   |   |   |   |   |   |   |   |--- class: negative
|   |   |   |   |   |   |   |   |--- feature_8 >  96785300.00
|   |   |   |   |   |   |   |   |   |--- class: positive
|   |   |   |   |   |   |   |--- feature_8 >  97068540.00
|   |   |   |   |   |   |   |   |--- class: negative
|   |   |   |   |   |   |--- feature_14 >  30.31
|   |   |   |   |   |   |   |--- feature_0 <= 1980.50
|   |   |   |   |   |   |   |   |--- feature_20 <= 1.50
|   |   |   |   |   |   |   |   |   |--- class: positive
|   |   |   |   |   |   |   |   |--- feature_20 >  1.50
|   |   |   |   |   |   |   |   |   |--- class: negative
|   |   |   |   |   |   |   |--- feature_0 >  1980.50
|   |   |   |   |   |   |   |   |--- feature_1 <= 107.00
|   |   |   |   |   |   |   |   |   |--- class: negative
|   |   |   |   |   |   |   |   |--- feature_1 >  107.00
|   |   |   |   |   |   |   |   |   |--- feature_1 <= 109.50
|   |   |   |   |   |   |   |   |   |   |--- class: positive
|   |   |   |   |   |   |   |   |   |--- feature_1 >  109.50
|   |   |   |   |   |   |   |   |   |   |--- class: negative
|   |   |   |   |--- feature_1 >  115.50
|   |   |   |   |   |--- feature_19 <= 9.00
|   |   |   |   |   |   |--- feature_19 <= 2.02
|   |   |   |   |   |   |   |--- feature_14 <= 73.31
|   |   |   |   |   |   |   |   |--- feature_8 <= 96256800.00
|   |   |   |   |   |   |   |   |   |--- feature_2 <= 5.00
|   |   |   |   |   |   |   |   |   |   |--- class: positive
|   |   |   |   |   |   |   |   |   |--- feature_2 >  5.00
|   |   |   |   |   |   |   |   |   |   |--- class: negative
|   |   |   |   |   |   |   |   |--- feature_8 >  96256800.00
|   |   |   |   |   |   |   |   |   |--- class: negative
|   |   |   |   |   |   |   |--- feature_14 >  73.31
|   |   |   |   |   |   |   |   |--- feature_7 <= 40529766.00
|   |   |   |   |   |   |   |   |   |--- class: positive
|   |   |   |   |   |   |   |   |--- feature_7 >  40529766.00
|   |   |   |   |   |   |   |   |   |--- class: negative
|   |   |   |   |   |   |--- feature_19 >  2.02
|   |   |   |   |   |   |   |--- class: positive
|   |   |   |   |   |--- feature_19 >  9.00
|   |   |   |   |   |   |--- feature_7 <= 40057400.00
|   |   |   |   |   |   |   |--- feature_11 <= 26.35
|   |   |   |   |   |   |   |   |--- class: positive
|   |   |   |   |   |   |   |--- feature_11 >  26.35
|   |   |   |   |   |   |   |   |--- class: negative
|   |   |   |   |   |   |--- feature_7 >  40057400.00
|   |   |   |   |   |   |   |--- class: negative
