|--- feature_0 <= 1979.50
|   |--- feature_3 <= 41.44
|   |   |--- feature_6 <= 2.00
|   |   |   |--- feature_1 <= 37.50
|   |   |   |   |--- class: positive
|   |   |   |--- feature_1 >  37.50
|   |   |   |   |--- feature_2 <= 10.00
|   |   |   |   |   |--- class: negative
|   |   |   |   |--- feature_2 >  10.00
|   |   |   |   |   |--- class: positive
|   |   |--- feature_6 >  2.00
|   |   |   |--- class: positive
|   |--- feature_3 >  41.44
|   |   |--- class: positive
|--- feature_0 >  1979.50
|   |--- feature_3 <= 42.30
|   |   |--- class: negative
|   |--- feature_3 >  42.30
|   |   |--- feature_9 <= 67.05
|   |   |   |--- class: positive
|   |   |--- feature_9 >  67.05
|   |   |   |--- class: negative
