|--- feature_0 <= 1973.50
|   |--- feature_13 <= 8.00
|   |   |--- feature_13 <= 5.00
|   |   |   |--- feature_13 <= 5.00
|   |   |   |   |--- feature_13 <= 4.00
|   |   |   |   |   |--- feature_44 <= 1.00
|   |   |   |   |   |   |--- feature_44 <= 0.00
|   |   |   |   |   |   |   |--- feature_12 <= 20.70
|   |   |   |   |   |   |   |   |--- feature_13 <= 3.00
|   |   |   |   |   |   |   |   |   |--- feature_1 <= 16.50
|   |   |   |   |   |   |   |   |   |   |--- feature_10 <= 26.20
|   |   |   |   |   |   |   |   |   |   |   |--- class: negative
|   |   |   |   |   |   |   |   |   |   |--- feature_10 >  26.20
|   |   |   |   |   |   |   |   |   |   |   |--- truncated branch of depth 2
|   |   |   |   |   |   |   |   |   |--- feature_1 >  16.50
|   |   |   |   |   |   |   |   |   |   |--- feature_13 <= 2.99
|   |   |   |   |   |   |   |   |   |   |   |--- truncated branch of depth 4
|   |   |   |   |   |   |   |   |   |   |--- feature_13 >  2.99
|   |   |   |   |   |   |   |   |   |   |   |--- truncated branch of depth 8
|   |   |   |   |   |   |   |   |--- feature_13 >  3.00
|   |   |   |   |   |   |   |   |   |--- feature_13 <= 3.99
|   |   |   |   |   |   |   |   |   |   |--- class: positive
|   |   |   |   |   |   |   |   |   |--- feature_13 >  3.99
|   |   |   |   |   |   |   |   |   |   |--- feature_1 <= 52.50
|   |   |   |   |   |   |   |   |   |   |   |--- truncated branch of depth 8
|   |   |   |   |   |   |   |   |   |   |--- feature_1 >  52.50
|   |   |   |   |   |   |   |   |   |   |   |--- truncated branch of depth 5
|   |   |   |   |   |   |   |--- feature_12 >  20.70
|   |   |   |   |   |   |   |   |--- feature_10 <= 22.71
|   |   |   |   |   |   |   |   |   |--- feature_5 <= 42.51
|   |   |   |   |   |   |   |   |   |   |--- feature_5 <= 41.52
|   |   |   |   |   |   |   |   |   |   |   |--- truncated branch of depth 4
|   |   |   |   |   |   |   |   |   |   |--- feature_5 >  41.52
|   |   |   |   |   |   |   |   |   |   |   |--- class: negative
|   |   |   |   |   |   |   |   |   |--- feature_5 >  42.51
|   |   |   |   |   |   |   |   |   |   |--- class: positive
|   |   |   |   |   |   |   |   |--- feature_10 >  22.71
|   |   |   |   |   |   |   |   |   |--- feature_13 <= 3.94
|   |   |   |   |   |   |   |   |   |   |--- feature_5 <= 41.61
|   |   |   |   |   |   |   |   |   |   |   |--- truncated branch of depth 4
|   |   |   |   |   |   |   |   |   |   |--- feature_5 >  41.61
|   |   |   |   |   |   |   |   |   |   |   |--- class: negative
|   |   |   |   |   |   |   |   |   |--- feature_13 >  3.94
|   |   |   |   |   |   |   |   |   |   |--- feature_10 <= 24.55
|   |   |   |   |   |   |   |   |   |   |   |--- truncated branch of depth 2
|   |   |   |   |   |   |   |   |   |   |--- feature_10 >  24.55
|   |   |   |   |   |   |   |   |   |   |   |--- truncated branch of depth 2
|   |   |   |   |   |   |--- feature_44 >  0.00
|   |   |   |   |   |   |   |--- class: positive
|   |   |   |   |   |--- feature_44 >  1.00
|   |   |   |   |   |   |--- feature_13 <= 4.00
|   |   |   |   |   |   |   |--- feature_13 <= 3.00
|   |   |   |   |   |   |   |   |--- feature_9 <= 7.31
|   |   |   |   |   |   |   |   |   |--- feature_29 <= 0.05
|   |   |   |   |   |   |   |   |   |   |--- feature_9 <= 5.65
|   |   |   |   |   |   |   |   |   |   |   |--- truncated branch of depth 2
|   |   |   |   |   |   |   |   |   |   |--- feature_9 >  5.65
|   |   |   |   |   |   |   |   |   |   |   |--- truncated branch of depth 3
|   |   |   |   |   |   |   |   |   |--- feature_29 >  0.05
|   |   |   |   |   |   |   |   |   |   |--- feature_10 <= 7.65
|   |   |   |   |   |   |   |   |   |   |   |--- class: negative
|   |   |   |   |   |   |   |   |   |   |--- feature_10 >  7.65
|   |   |   |   |   |   |   |   |   |   |   |--- class: positive
|   |   |   |   |   |   |   |   |--- feature_9 >  7.31
|   |   |   |   |   |   |   |   |   |--- feature_10 <= 10.69
|   |   |   |   |   |   |   |   |   |   |--- feature_1 <= 19.50
|   |   |   |   |   |   |   |   |   |   |   |--- truncated branch of depth 5
|   |   |   |   |   |   |   |   |   |   |--- feature_1 >  19.50
|   |   |   |   |   |   |   |   |   |   |   |--- truncated branch of depth 8
|   |   |   |   |   |   |   |   |   |--- feature_10 >  10.69
|   |   |   |   |   |   |   |   |   |   |--- feature_2 <= 20.50
|   |   |   |   |   |   |   |   |   |   |   |--- truncated branch of depth 7
|   |   |   |   |   |   |   |   |   |   |--- feature_2 >  20.50
|   |   |   |   |   |   |   |   |   |   |   |--- truncated branch of depth 2
|   |   |   |   |   |   |   |--- feature_13 >  3.00
|   |   |   |   |   |   |   |   |--- class: positive
|   |   |   |   |   |   |--- feature_13 >  4.00
|   |   |   |   |   |   |   |--- feature_10 <= 59.29
|   |   |   |   |   |   |   |   |--- feature_14 <= 1.50
|   |   |   |   |   |   |   |   |   |--- feature_9 <= 9.25
|   |   |   |   |   |   |   |   |   |   |--- feature_5 <= 41.60
|   |   |   |   |   |   |   |   |   |   |   |--- class: negative
|   |   |   |   |   |   |   |   |   |   |--- feature_5 >  41.60
|   |   |   |   |   |   |   |   |   |   |   |--- truncated branch of depth 2
|   |   |   |   |   |   |   |   |   |--- feature_9 >  9.25
|   |   |   |   |   |   |   |   |   |   |--- feature_12 <= 13.91
|   |   |   |   |   |   |   |   |   |   |   |--- truncated branch of depth 3
|   |   |   |   |   |   |   |   |   |   |--- feature_12 >  13.91
|   |   |   |   |   |   |   |   |   |   |   |--- class: positive
|   |   |   |   |   |   |   |   |--- feature_14 >  1.50
|   |   |   |   |   |   |   |   |   |--- feature_8 <= 3.50
|   |   |   |   |   |   |   |   |   |   |--- feature_29 <= 0.01
|   |   |   |   |   |   |   |   |   |   |   |--- truncated branch of depth 5
|   |   |   |   |   |   |   |   |   |   |--- feature_29 >  0.01
|   |   |   |   |   |   |   |   |   |   |   |--- truncated branch of depth 3
|   |   |   |   |   |   |   |   |   |--- feature_8 >  3.50
|   |   |   |   |   |   |   |   |   |   |--- feature_12 <= 35.78
|   |   |   |   |   |   |   |   |   |   |   |--- class: negative
|   |   |   |   |   |   |   |   |   |   |--- feature_12 >  35.78
|   |   |   |   |   |   |   |   |   |   |   |--- class: positive
|   |   |   |   |   |   |   |--- feature_10 >  59.29
|   |   |   |   |   |   |   |   |--- feature_6 <= -97.96
|   |   |   |   |   |   |   |   |   |--- class: positive
|   |   |   |   |   |   |   |   |--- feature_6 >  -97.96
|   |   |   |   |   |   |   |   |   |--- feature_10 <= 61.44
|   |   |   |   |   |   |   |   |   |   |--- class: positive
|   |   |   |   |   |   |   |   |   |--- feature_10 >  61.44
|   |   |   |   |   |   |   |   |   |   |--- class: negative
|   |   |   |   |--- feature_13 >  4.00
|   |   |   |   |   |--- class: positive
|   |   |   |--- feature_13 >  5.00
|   |   |   |   |--- feature_10 <= 31.78
|   |   |   |   |   |--- feature_12 <= 11.62
|   |   |   |   |   |   |--- feature_1 <= 27.50
|   |   |   |   |   |   |   |--- feature_32 <= 0.50
|   |   |   |   |   |   |   |   |--- feature_8 <= 2.50
|   |   |   |   |   |   |   |   |   |--- class: positive
|   |   |   |   |   |   |   |   |--- feature_8 >  2.50
|   |   |   |   |   |   |   |   |   |--- class: negative
|   |   |   |   |   |   |   |--- feature_32 >  0.50
|   |   |   |   |   |   |   |   |--- class: negative
|   |   |   |   |   |   |--- feature_1 >  27.50
|   |   |   |   |   |   |   |--- feature_5 <= 40.75
|   |   |   |   |   |   |   |   |--- feature_40 <= 0.36
|   |   |   |   |   |   |   |   |   |--- feature_26 <= 0.50
|   |   |   |   |   |   |   |   |   |   |--- class: negative
|   |   |   |   |   |   |   |   |   |--- feature_26 >  0.50
|   |   |   |   |   |   |   |   |   |   |--- feature_6 <= -97.65
|   |   |   |   |   |   |   |   |   |   |   |--- class: positive
|   |   |   |   |   |   |   |   |   |   |--- feature_6 >  -97.65
|   |   |   |   |   |   |   |   |   |   |   |--- class: negative
|   |   |   |   |   |   |   |   |--- feature_40 >  0.36
|   |   |   |   |   |   |   |   |   |--- class: positive
|   |   |   |   |   |   |   |--- feature_5 >  40.75
|   |   |   |   |   |   |   |   |--- feature_5 <= 41.80
|   |   |   |   |   |   |   |   |   |--- feature_6 <= -98.71
|   |   |   |   |   |   |   |   |   |   |--- class: positive
|   |   |   |   |   |   |   |   |   |--- feature_6 >  -98.71
|   |   |   |   |   |   |   |   |   |   |--- feature_9 <= 9.40
|   |   |   |   |   |   |   |   |   |   |   |--- class: negative
|   |   |   |   |   |   |   |   |   |   |--- feature_9 >  9.40
|   |   |   |   |   |   |   |   |   |   |   |--- class: positive
|   |   |   |   |   |   |   |   |--- feature_5 >  41.80
|   |   |   |   |   |   |   |   |   |--- feature_9 <= 11.45
|   |   |   |   |   |   |   |   |   |   |--- class: negative
|   |   |   |   |   |   |   |   |   |--- feature_9 >  11.45
|   |   |   |   |   |   |   |   |   |   |--- feature_12 <= 3.15
|   |   |   |   |   |   |   |   |   |   |   |--- class: negative
|   |   |   |   |   |   |   |   |   |   |--- feature_12 >  3.15
|   |   |   |   |   |   |   |   |   |   |   |--- truncated branch of depth 2
|   |   |   |   |   |--- feature_12 >  11.62
|   |   |   |   |   |   |--- feature_0 <= 1951.50
|   |   |   |   |   |   |   |--- feature_43 <= 0.11
|   |   |   |   |   |   |   |   |--- feature_14 <= 1.50
|   |   |   |   |   |   |   |   |   |--- feature_11 <= 4.85
|   |   |   |   |   |   |   |   |   |   |--- feature_12 <= 25.65
|   |   |   |   |   |   |   |   |   |   |   |--- truncated branch of depth 2
|   |   |   |   |   |   |   |   |   |   |--- feature_12 >  25.65
|   |   |   |   |   |   |   |   |   |   |   |--- class: positive
|   |   |   |   |   |   |   |   |   |--- feature_11 >  4.85
|   |   |   |   |   |   |   |   |   |   |--- class: positive
|   |   |   |   |   |   |   |   |--- feature_14 >  1.50
|   |   |   |   |   |   |   |   |   |--- feature_11 <= 5.95
|   |   |   |   |   |   |   |   |   |   |--- feature_1 <= 22.50
|   |   |   |   |   |   |   |   |   |   |   |--- class: negative
|   |   |   |   |   |   |   |   |   |   |--- feature_1 >  22.50
|   |   |   |   |   |   |   |   |   |   |   |--- truncated branch of depth 4
|   |   |   |   |   |   |   |   |   |--- feature_11 >  5.95
|   |   |   |   |   |   |   |   |   |   |--- feature_5 <= 41.07
|   |   |   |   |   |   |   |   |   |   |   |--- class: negative
|   |   |   |   |   |   |   |   |   |   |--- feature_5 >  41.07
|   |   |   |   |   |   |   |   |   |   |   |--- truncated branch of depth 4
|   |   |   |   |   |   |   |--- feature_43 >  0.11
|   |   |   |   |   |   |   |   |--- feature_43 <= 0.95
|   |   |   |   |   |   |   |   |   |--- class: positive
|   |   |   |   |   |   |   |   |--- feature_43 >  0.95
|   |   |   |   |   |   |   |   |   |--- feature_10 <= 24.70
|   |   |   |   |   |   |   |   |   |   |--- feature_1 <= 95.00
|   |   |   |   |   |   |   |   |   |   |   |--- class: positive
|   |   |   |   |   |   |   |   |   |   |--- feature_1 >  95.00
|   |   |   |   |   |   |   |   |   |   |   |--- class: negative
|   |   |   |   |   |   |   |   |   |--- feature_10 >  24.70
|   |   |   |   |   |   |   |   |   |   |--- feature_11 <= 9.52
|   |   |   |   |   |   |   |   |   |   |   |--- truncated branch of depth 2
|   |   |   |   |   |   |   |   |   |   |--- feature_11 >  9.52
|   |   |   |   |   |   |   |   |   |   |   |--- class: positive
|   |   |   |   |   |   |--- feature_0 >  1951.50
|   |   |   |   |   |   |   |--- feature_40 <= 0.50
|   |   |   |   |   |   |   |   |--- class: negative
|   |   |   |   |   |   |   |--- feature_40 >  0.50
|   |   |   |   |   |   |   |   |--- class: positive
|   |   |   |   |--- feature_10 >  31.78
|   |   |   |   |   |--- feature_12 <= 42.77
|   |   |   |   |   |   |--- feature_1 <= 352.50
|   |   |   |   |   |   |   |--- feature_0 <= 1915.50
|   |   |   |   |   |   |   |   |--- feature_12 <= 9.52
|   |   |   |   |   |   |   |   |   |--- class: negative
|   |   |   |   |   |   |   |   |--- feature_12 >  9.52
|   |   |   |   |   |   |   |   |   |--- class: positive
|   |   |   |   |   |   |   |--- feature_0 >  1915.50
|   |   |   |   |   |   |   |   |--- feature_10 <= 32.96
|   |   |   |   |   |   |   |   |   |--- class: positive
|   |   |   |   |   |   |   |   |--- feature_10 >  32.96
|   |   |   |   |   |   |   |   |   |--- class: negative
|   |   |   |   |   |   |--- feature_1 >  352.50
|   |   |   |   |   |   |   |--- feature_1 <= 2298.50
|   |   |   |   |   |   |   |   |--- feature_0 <= 1953.50
|   |   |   |   |   |   |   |   |   |--- feature_6 <= -99.97
|   |   |   |   |   |   |   |   |   |   |--- class: negative
|   |   |   |   |   |   |   |   |   |--- feature_6 >  -99.97
|   |   |   |   |   |   |   |   |   |   |--- feature_20 <= 0.05
|   |   |   |   |   |   |   |   |   |   |   |--- truncated branch of depth 2
|   |   |   |   |   |   |   |   |   |   |--- feature_20 >  0.05
|   |   |   |   |   |   |   |   |   |   |   |--- class: positive
|   |   |   |   |   |   |   |   |--- feature_0 >  1953.50
|   |   |   |   |   |   |   |   |   |--- feature_22 <= 0.41
|   |   |   |   |   |   |   |   |   |   |--- class: negative
|   |   |   |   |   |   |   |   |   |--- feature_22 >  0.41
|   |   |   |   |   |   |   |   |   |   |--- class: positive
|   |   |   |   |   |   |   |--- feature_1 >  2298.50
|   |   |   |   |   |   |   |   |--- class: negative
|   |   |   |   |   |--- feature_12 >  42.77
|   |   |   |   |   |   |--- feature_8 <= 4.50
|   |   |   |   |   |   |   |--- class: negative
|   |   |   |   |   |   |--- feature_8 >  4.50
|   |   |   |   |   |   |   |--- feature_26 <= 0.04
|   |   |   |   |   |   |   |   |--- feature_12 <= 67.05
|   |   |   |   |   |   |   |   |   |--- class: negative
|   |   |   |   |   |   |   |   |--- feature_12 >  67.05
|   |   |   |   |   |   |   |   |   |--- class: positive
|   |   |   |   |   |   |   |--- feature_26 >  0.04
|   |   |   |   |   |   |   |   |--- class: positive
|   |   |--- feature_13 >  5.00
|   |   |   |--- feature_12 <= 22.48
|   |   |   |   |--- feature_5 <= 42.12
|   |   |   |   |   |--- feature_16 <= 0.77
|   |   |   |   |   |   |--- feature_9 <= 24.68
|   |   |   |   |   |   |   |--- class: positive
|   |   |   |   |   |   |--- feature_9 >  24.68
|   |   |   |   |   |   |   |--- class: negative
|   |   |   |   |   |--- feature_16 >  0.77
|   |   |   |   |   |   |--- class: negative
|   |   |   |   |--- feature_5 >  42.12
|   |   |   |   |   |--- feature_13 <= 6.01
|   |   |   |   |   |   |--- feature_13 <= 5.99
|   |   |   |   |   |   |   |--- class: positive
|   |   |   |   |   |   |--- feature_13 >  5.99
|   |   |   |   |   |   |   |--- feature_9 <= 7.45
|   |   |   |   |   |   |   |   |--- feature_1 <= 22.50
|   |   |   |   |   |   |   |   |   |--- feature_9 <= 7.15
|   |   |   |   |   |   |   |   |   |   |--- class: negative
|   |   |   |   |   |   |   |   |   |--- feature_9 >  7.15
|   |   |   |   |   |   |   |   |   |   |--- class: positive
|   |   |   |   |   |   |   |   |--- feature_1 >  22.50
|   |   |   |   |   |   |   |   |   |--- class: positive
|   |   |   |   |   |   |   |--- feature_9 >  7.45
|   |   |   |   |   |   |   |   |--- class: negative
|   |   |   |   |   |--- feature_13 >  6.01
|   |   |   |   |   |   |--- class: positive
|   |   |   |--- feature_12 >  22.48
|   |   |   |   |--- feature_13 <= 7.00
|   |   |   |   |   |--- feature_13 <= 6.00
|   |   |   |   |   |   |--- class: positive
|   |   |   |   |   |--- feature_13 >  6.00
|   |   |   |   |   |   |--- feature_13 <= 6.00
|   |   |   |   |   |   |   |--- feature_12 <= 66.60
|   |   |   |   |   |   |   |   |--- class: negative
|   |   |   |   |   |   |   |--- feature_12 >  66.60
|   |   |   |   |   |   |   |   |--- feature_12 <= 74.70
|   |   |   |   |   |   |   |   |   |--- class: positive
|   |   |   |   |   |   |   |   |--- feature_12 >  74.70
|   |   |   |   |   |   |   |   |   |--- class: negative
|   |   |   |   |   |   |--- feature_13 >  6.00
|   |   |   |   |   |   |   |--- feature_13 <= 7.00
|   |   |   |   |   |   |   |   |--- class: positive
|   |   |   |   |   |   |   |--- feature_13 >  7.00
|   |   |   |   |   |   |   |   |--- class: negative
|   |   |   |   |--- feature_13 >  7.00
|   |   |   |   |   |--- class: positive
|   |--- feature_13 >  8.00
|   |   |--- feature_1 <= 16908.50
|   |   |   |--- feature_40 <= 0.01
|   |   |   |   |--- feature_22 <= 0.00
|   |   |   |   |   |--- feature_6 <= -95.98
|   |   |   |   |   |   |--- feature_27 <= 0.00
|   |   |   |   |   |   |   |--- feature_47 <= 0.01
|   |   |   |   |   |   |   |   |--- feature_5 <= 42.03
|   |   |   |   |   |   |   |   |   |--- feature_20 <= 0.00
|   |   |   |   |   |   |   |   |   |   |--- feature_36 <= 0.07
|   |   |   |   |   |   |   |   |   |   |   |--- truncated branch of depth 8
|   |   |   |   |   |   |   |   |   |   |--- feature_36 >  0.07
|   |   |   |   |   |   |   |   |   |   |   |--- truncated branch of depth 2
|   |   |   |   |   |   |   |   |   |--- feature_20 >  0.00
|   |   |   |   |   |   |   |   |   |   |--- feature_20 <= 1.00
|   |   |   |   |   |   |   |   |   |   |   |--- class: positive
|   |   |   |   |   |   |   |   |   |   |--- feature_20 >  1.00
|   |   |   |   |   |   |   |   |   |   |   |--- truncated branch of depth 8
|   |   |   |   |   |   |   |   |--- feature_5 >  42.03
|   |   |   |   |   |   |   |   |   |--- feature_2 <= 16.50
|   |   |   |   |   |   |   |   |   |   |--- class: negative
|   |   |   |   |   |   |   |   |   |--- feature_2 >  16.50
|   |   |   |   |   |   |   |   |   |   |--- feature_1 <= 2502.50
|   |   |   |   |   |   |   |   |   |   |   |--- class: negative
|   |   |   |   |   |   |   |   |   |   |--- feature_1 >  2502.50
|   |   |   |   |   |   |   |   |   |   |   |--- class: positive
|   |   |   |   |   |   |   |--- feature_47 >  0.01
|   |   |   |   |   |   |   |   |--- feature_47 <= 0.86
|   |   |   |   |   |   |   |   |   |--- class: positive
|   |   |   |   |   |   |   |   |--- feature_47 >  0.86
|   |   |   |   |   |   |   |   |   |--- feature_1 <= 52.50
|   |   |   |   |   |   |   |   |   |   |--- feature_1 <= 10.50
|   |   |   |   |   |   |   |   |   |   |   |--- truncated branch of depth 3
|   |   |   |   |   |   |   |   |   |   |--- feature_1 >  10.50
|   |   |   |   |   |   |   |   |   |   |   |--- truncated branch of depth 6
|   |   |   |   |   |   |   |   |   |--- feature_1 >  52.50
|   |   |   |   |   |   |   |   |   |   |--- class: negative
|   |   |   |   |   |   |--- feature_27 >  0.00
|   |   |   |   |   |   |   |--- feature_27 <= 0.99
|   |   |   |   |   |   |   |   |--- class: positive
|   |   |   |   |   |   |   |--- feature_27 >  0.99
|   |   |   |   |   |   |   |   |--- feature_10 <= 108.55
|   |   |   |   |   |   |   |   |   |--- feature_2 <= 17.50
|   |   |   |   |   |   |   |   |   |   |--- class: negative
|   |   |   |   |   |   |   |   |   |--- feature_2 >  17.50
|   |   |   |   |   |   |   |   |   |   |--- feature_10 <= 39.15
|   |   |   |   |   |   |   |   |   |   |   |--- class: negative
|   |   |   |   |   |   |   |   |   |   |--- feature_10 >  39.15
|   |   |   |   |   |   |   |   |   |   |   |--- class: positive
|   |   |   |   |   |   |   |   |--- feature_10 >  108.55
|   |   |   |   |   |   |   |   |   |--- class: positive
|   |   |   |   |   |--- feature_6 >  -95.98
|   |   |   |   |   |   |--- feature_2 <= 9.50
|   |   |   |   |   |   |   |--- feature_44 <= 1.00
|   |   |   |   |   |   |   |   |--- class: positive
|   |   |   |   |   |   |   |--- feature_44 >  1.00
|   |   |   |   |   |   |   |   |--- feature_11 <= 8.59
|   |   |   |   |   |   |   |   |   |--- feature_10 <= 7.45
|   |   |   |   |   |   |   |   |   |   |--- class: positive
|   |   |   |   |   |   |   |   |   |--- feature_10 >  7.45
|   |   |   |   |   |   |   |   |   |   |--- class: negative
|   |   |   |   |   |   |   |   |--- feature_11 >  8.59
|   |   |   |   |   |   |   |   |   |--- class: positive
|   |   |   |   |   |   |--- feature_2 >  9.50
|   |   |   |   |   |   |   |--- feature_6 <= -95.94
|   |   |   |   |   |   |   |   |--- feature_10 <= 33.31
|   |   |   |   |   |   |   |   |   |--- class: negative
|   |   |   |   |   |   |   |   |--- feature_10 >  33.31
|   |   |   |   |   |   |   |   |   |--- class: positive
|   |   |   |   |   |   |   |--- feature_6 >  -95.94
|   |   |   |   |   |   |   |   |--- class: negative
|   |   |   |   |--- feature_22 >  0.00
|   |   |   |   |   |--- feature_22 <= 1.00
|   |   |   |   |   |   |--- class: positive
|   |   |   |   |   |--- feature_22 >  1.00
|   |   |   |   |   |   |--- feature_12 <= 16.65
|   |   |   |   |   |   |   |--- feature_10 <= 10.11
|   |   |   |   |   |   |   |   |--- feature_11 <= 5.60
|   |   |   |   |   |   |   |   |   |--- feature_0 <= 1943.50
|   |   |   |   |   |   |   |   |   |   |--- feature_6 <= -98.67
|   |   |   |   |   |   |   |   |   |   |   |--- class: negative
|   |   |   |   |   |   |   |   |   |   |--- feature_6 >  -98.67
|   |   |   |   |   |   |   |   |   |   |   |--- truncated branch of depth 4
|   |   |   |   |   |   |   |   |   |--- feature_0 >  1943.50
|   |   |   |   |   |   |   |   |   |   |--- class: negative
|   |   |   |   |   |   |   |   |--- feature_11 >  5.60
|   |   |   |   |   |   |   |   |   |--- feature_5 <= 40.85
|   |   |   |   |   |   |   |   |   |   |--- feature_12 <= 11.25
|   |   |   |   |   |   |   |   |   |   |   |--- class: negative
|   |   |   |   |   |   |   |   |   |   |--- feature_12 >  11.25
|   |   |   |   |   |   |   |   |   |   |   |--- truncated branch of depth 3
|   |   |   |   |   |   |   |   |   |--- feature_5 >  40.85
|   |   |   |   |   |   |   |   |   |   |--- feature_1 <= 85.00
|   |   |   |   |   |   |   |   |   |   |   |--- class: negative
|   |   |   |   |   |   |   |   |   |   |--- feature_1 >  85.00
|   |   |   |   |   |   |   |   |   |   |   |--- truncated branch of depth 2
|   |   |   |   |   |   |   |--- feature_10 >  10.11
|   |   |   |   |   |   |   |   |--- feature_5 <= 40.50
|   |   |   |   |   |   |   |   |   |--- feature_7 <= 5.00
|   |   |   |   |   |   |   |   |   |   |--- class: negative
|   |   |   |   |   |   |   |   |   |--- feature_7 >  5.00
|   |   |   |   |   |   |   |   |   |   |--- class: positive
|   |   |   |   |   |   |   |   |--- feature_5 >  40.50
|   |   |   |   |   |   |   |   |   |--- feature_11 <= 4.91
|   |   |   |   |   |   |   |   |   |   |--- feature_10 <= 22.45
|   |   |   |   |   |   |   |   |   |   |   |--- class: negative
|   |   |   |   |   |   |   |   |   |   |--- feature_10 >  22.45
|   |   |   |   |   |   |   |   |   |   |   |--- class: positive
|   |   |   |   |   |   |   |   |   |--- feature_11 >  4.91
|   |   |   |   |   |   |   |   |   |   |--- feature_11 <= 6.10
|   |   |   |   |   |   |   |   |   |   |   |--- truncated branch of depth 7
|   |   |   |   |   |   |   |   |   |   |--- feature_11 >  6.10
|   |   |   |   |   |   |   |   |   |   |   |--- truncated branch of depth 4
|   |   |   |   |   |   |--- feature_12 >  16.65
|   |   |   |   |   |   |   |--- feature_1 <= 107.50
|   |   |   |   |   |   |   |   |--- class: negative
|   |   |   |   |   |   |   |--- feature_1 >  107.50
|   |   |   |   |   |   |   |   |--- feature_5 <= 42.51
|   |   |   |   |   |   |   |   |   |--- class: negative
|   |   |   |   |   |   |   |   |--- feature_5 >  42.51
|   |   |   |   |   |   |   |   |   |--- class: positive
|   |   |   |--- feature_40 >  0.01
|   |   |   |   |--- feature_40 <= 0.98
|   |   |   |   |   |--- class: positive
|   |   |   |   |--- feature_40 >  0.98
|   |   |   |   |   |--- feature_26 <= 0.01
|   |   |   |   |   |   |--- feature_6 <= -96.33
|   |   |   |   |   |   |   |--- feature_1 <= 49.00
|   |   |   |   |   |   |   |   |--- feature_1 <= 42.50
|   |   |   |   |   |   |   |   |   |--- feature_11 <= 4.70
|   |   |   |   |   |   |   |   |   |   |--- class: positive
|   |   |   |   |   |   |   |   |   |--- feature_11 >  4.70
|   |   |   |   |   |   |   |   |   |   |--- feature_9 <= 12.05
|   |   |   |   |   |   |   |   |   |   |   |--- class: negative
|   |   |   |   |   |   |   |   |   |   |--- feature_9 >  12.05
|   |   |   |   |   |   |   |   |   |   |   |--- truncated branch of depth 4
|   |   |   |   |   |   |   |   |--- feature_1 >  42.50
|   |   |   |   |   |   |   |   |   |--- feature_5 <= 42.31
|   |   |   |   |   |   |   |   |   |   |--- class: positive
|   |   |   |   |   |   |   |   |   |--- feature_5 >  42.31
|   |   |   |   |   |   |   |   |   |   |--- class: negative
|   |   |   |   |   |   |   |--- feature_1 >  49.00
|   |   |   |   |   |   |   |   |--- class: negative
|   |   |   |   |   |   |--- feature_6 >  -96.33
|   |   |   |   |   |   |   |--- class: positive
|   |   |   |   |   |--- feature_26 >  0.01
|   |   |   |   |   |   |--- feature_11 <= 7.19
|   |   |   |   |   |   |   |--- class: positive
|   |   |   |   |   |   |--- feature_11 >  7.19
|   |   |   |   |   |   |   |--- class: negative
|   |   |--- feature_1 >  16908.50
|   |   |   |--- feature_11 <= 12.90
|   |   |   |   |--- feature_12 <= 40.90
|   |   |   |   |   |--- feature_5 <= 40.92
|   |   |   |   |   |   |--- class: negative
|   |   |   |   |   |--- feature_5 >  40.92
|   |   |   |   |   |   |--- class: positive
|   |   |   |   |--- feature_12 >  40.90
|   |   |   |   |   |--- class: positive
|   |   |   |--- feature_11 >  12.90
|   |   |   |   |--- class: negative
|--- feature_0 >  1973.50
|   |--- feature_0 <= 1985.50
|   |   |--- feature_44 <= 1.00
|   |   |   |--- feature_44 <= 0.00
|   |   |   |   |--- feature_45 <= 1.00
|   |   |   |   |   |--- feature_9 <= 9.52
|   |   |   |   |   |   |--- class: negative
|   |   |   |   |   |--- feature_9 >  9.52
|   |   |   |   |   |   |--- feature_10 <= 30.40
|   |   |   |   |   |   |   |--- feature_1 <= 184.50
|   |   |   |   |   |   |   |   |--- feature_6 <= -99.49
|   |   |   |   |   |   |   |   |   |--- class: negative
|   |   |   |   |   |   |   |   |--- feature_6 >  -99.49
|   |   |   |   |   |   |   |   |   |--- feature_5 <= 40.61
|   |   |   |   |   |   |   |   |   |   |--- class: negative
|   |   |   |   |   |   |   |   |   |--- feature_5 >  40.61
|   |   |   |   |   |   |   |   |   |   |--- feature_6 <= -97.00
|   |   |   |   |   |   |   |   |   |   |   |--- truncated branch of depth 3
|   |   |   |   |   |   |   |   |   |   |--- feature_6 >  -97.00
|   |   |   |   |   |   |   |   |   |   |   |--- truncated branch of depth 3
|   |   |   |   |   |   |   |--- feature_1 >  184.50
|   |   |   |   |   |   |   |   |--- feature_10 <= 29.95
|   |   |   |   |   |   |   |   |   |--- class: negative
|   |   |   |   |   |   |   |   |--- feature_10 >  29.95
|   |   |   |   |   |   |   |   |   |--- class: positive
|   |   |   |   |   |   |--- feature_10 >  30.40
|   |   |   |   |   |   |   |--- feature_36 <= 0.33
|   |   |   |   |   |   |   |   |--- feature_0 <= 1976.50
|   |   |   |   |   |   |   |   |   |--- feature_6 <= -97.49
|   |   |   |   |   |   |   |   |   |   |--- class: negative
|   |   |   |   |   |   |   |   |   |--- feature_6 >  -97.49
|   |   |   |   |   |   |   |   |   |   |--- feature_9 <= 24.55
|   |   |   |   |   |   |   |   |   |   |   |--- class: positive
|   |   |   |   |   |   |   |   |   |   |--- feature_9 >  24.55
|   |   |   |   |   |   |   |   |   |   |   |--- class: negative
|   |   |   |   |   |   |   |   |--- feature_0 >  1976.50
|   |   |   |   |   |   |   |   |   |--- feature_5 <= 40.10
|   |   |   |   |   |   |   |   |   |   |--- class: positive
|   |   |   |   |   |   |   |   |   |--- feature_5 >  40.10
|   |   |   |   |   |   |   |   |   |   |--- feature_9 <= 12.13
|   |   |   |   |   |   |   |   |   |   |   |--- truncated branch of depth 2
|   |   |   |   |   |   |   |   |   |   |--- feature_9 >  12.13
|   |   |   |   |   |   |   |   |   |   |   |--- class: negative
|   |   |   |   |   |   |   |--- feature_36 >  0.33
|   |   |   |   |   |   |   |   |--- class: positive
|   |   |   |   |--- feature_45 >  1.00
|   |   |   |   |   |--- feature_11 <= 8.00
|   |   |   |   |   |   |--- feature_0 <= 1984.50
|   |   |   |   |   |   |   |--- class: negative
|   |   |   |   |   |   |--- feature_0 >  1984.50
|   |   |   |   |   |   |   |--- class: positive
|   |   |   |   |   |--- feature_11 >  8.00
|   |   |   |   |   |   |--- class: negative
|   |   |   |--- feature_44 >  0.00
|   |   |   |   |--- class: positive
|   |   |--- feature_44 >  1.00
|   |   |   |--- feature_22 <= 0.02
|   |   |   |   |--- feature_12 <= 37.61
|   |   |   |   |   |--- feature_1 <= 37.50
|   |   |   |   |   |   |--- class: negative
|   |   |   |   |   |--- feature_1 >  37.50
|   |   |   |   |   |   |--- feature_9 <= 16.09
|   |   |   |   |   |   |   |--- feature_32 <= 0.04
|   |   |   |   |   |   |   |   |--- class: negative
|   |   |   |   |   |   |   |--- feature_32 >  0.04
|   |   |   |   |   |   |   |   |--- feature_2 <= 0.50
|   |   |   |   |   |   |   |   |   |--- feature_12 <= 26.96
|   |   |   |   |   |   |   |   |   |   |--- feature_20 <= 0.88
|   |   |   |   |   |   |   |   |   |   |   |--- class: positive
|   |   |   |   |   |   |   |   |   |   |--- feature_20 >  0.88
|   |   |   |   |   |   |   |   |   |   |   |--- truncated branch of depth 4
|   |   |   |   |   |   |   |   |   |--- feature_12 >  26.96
|   |   |   |   |   |   |   |   |   |   |--- feature_9 <= 9.47
|   |   |   |   |   |   |   |   |   |   |   |--- truncated branch of depth 2
|   |   |   |   |   |   |   |   |   |   |--- feature_9 >  9.47
|   |   |   |   |   |   |   |   |   |   |   |--- truncated branch of depth 7
|   |   |   |   |   |   |   |   |--- feature_2 >  0.50
|   |   |   |   |   |   |   |   |   |--- feature_6 <= -98.87
|   |   |   |   |   |   |   |   |   |   |--- class: negative
|   |   |   |   |   |   |   |   |   |--- feature_6 >  -98.87
|   |   |   |   |   |   |   |   |   |   |--- class: positive
|   |   |   |   |   |   |--- feature_9 >  16.09
|   |   |   |   |   |   |   |--- class: negative
|   |   |   |   |--- feature_12 >  37.61
|   |   |   |   |   |--- feature_13 <= 7.98
|   |   |   |   |   |   |--- feature_26 <= 0.00
|   |   |   |   |   |   |   |--- feature_1 <= 277.50
|   |   |   |   |   |   |   |   |--- feature_13 <= 6.39
|   |   |   |   |   |   |   |   |   |--- feature_5 <= 42.57
|   |   |   |   |   |   |   |   |   |   |--- class: negative
|   |   |   |   |   |   |   |   |   |--- feature_5 >  42.57
|   |   |   |   |   |   |   |   |   |   |--- feature_6 <= -97.44
|   |   |   |   |   |   |   |   |   |   |   |--- class: negative
|   |   |   |   |   |   |   |   |   |   |--- feature_6 >  -97.44
|   |   |   |   |   |   |   |   |   |   |   |--- class: positive
|   |   |   |   |   |   |   |   |--- feature_13 >  6.39
|   |   |   |   |   |   |   |   |   |--- class: positive
|   |   |   |   |   |   |   |--- feature_1 >  277.50
|   |   |   |   |   |   |   |   |--- feature_1 <= 480.00
|   |   |   |   |   |   |   |   |   |--- feature_6 <= -97.54
|   |   |   |   |   |   |   |   |   |   |--- class: negative
|   |   |   |   |   |   |   |   |   |--- feature_6 >  -97.54
|   |   |   |   |   |   |   |   |   |   |--- class: positive
|   |   |   |   |   |   |   |   |--- feature_1 >  480.00
|   |   |   |   |   |   |   |   |   |--- class: negative
|   |   |   |   |   |   |--- feature_26 >  0.00
|   |   |   |   |   |   |   |--- feature_26 <= 1.00
|   |   |   |   |   |   |   |   |--- class: positive
|   |   |   |   |   |   |   |--- feature_26 >  1.00
|   |   |   |   |   |   |   |   |--- feature_1 <= 20.00
|   |   |   |   |   |   |   |   |   |--- feature_1 <= 12.50
|   |   |   |   |   |   |   |   |   |   |--- class: negative
|   |   |   |   |   |   |   |   |   |--- feature_1 >  12.50
|   |   |   |   |   |   |   |   |   |   |--- class: positive
|   |   |   |   |   |   |   |   |--- feature_1 >  20.00
|   |   |   |   |   |   |   |   |   |--- class: negative
|   |   |   |   |   |--- feature_13 >  7.98
|   |   |   |   |   |   |--- feature_21 <= 0.50
|   |   |   |   |   |   |   |--- class: negative
|   |   |   |   |   |   |--- feature_21 >  0.50
|   |   |   |   |   |   |   |--- feature_10 <= 35.95
|   |   |   |   |   |   |   |   |--- class: positive
|   |   |   |   |   |   |   |--- feature_10 >  35.95
|   |   |   |   |   |   |   |   |--- feature_5 <= 40.06
|   |   |   |   |   |   |   |   |   |--- feature_6 <= -99.79
|   |   |   |   |   |   |   |   |   |   |--- class: positive
|   |   |   |   |   |   |   |   |   |--- feature_6 >  -99.79
|   |   |   |   |   |   |   |   |   |   |--- class: negative
|   |   |   |   |   |   |   |   |--- feature_5 >  40.06
|   |   |   |   |   |   |   |   |   |--- class: negative
|   |   |   |--- feature_22 >  0.02
|   |   |   |   |--- feature_22 <= 0.99
|   |   |   |   |   |--- class: positive
|   |   |   |   |--- feature_22 >  0.99
|   |   |   |   |   |--- feature_12 <= 8.55
|   |   |   |   |   |   |--- feature_12 <= 5.06
|   |   |   |   |   |   |   |--- class: negative
|   |   |   |   |   |   |--- feature_12 >  5.06
|   |   |   |   |   |   |   |--- feature_1 <= 35.50
|   |   |   |   |   |   |   |   |--- feature_0 <= 1974.50
|   |   |   |   |   |   |   |   |   |--- class: positive
|   |   |   |   |   |   |   |   |--- feature_0 >  1974.50
|   |   |   |   |   |   |   |   |   |--- class: negative
|   |   |   |   |   |   |   |--- feature_1 >  35.50
|   |   |   |   |   |   |   |   |--- class: positive
|   |   |   |   |   |--- feature_12 >  8.55
|   |   |   |   |   |   |--- class: negative
|   |--- feature_0 >  1985.50
|   |   |--- feature_11 <= 8.50
|   |   |   |--- feature_44 <= 0.98
|   |   |   |   |--- feature_44 <= 0.00
|   |   |   |   |   |--- feature_18 <= 0.21
|   |   |   |   |   |   |--- class: negative
|   |   |   |   |   |--- feature_18 >  0.21
|   |   |   |   |   |   |--- feature_32 <= 0.01
|   |   |   |   |   |   |   |--- feature_17 <= 0.04
|   |   |   |   |   |   |   |   |--- class: negative
|   |   |   |   |   |   |   |--- feature_17 >  0.04
|   |   |   |   |   |   |   |   |--- class: positive
|   |   |   |   |   |   |--- feature_32 >  0.01
|   |   |   |   |   |   |   |--- class: positive
|   |   |   |   |--- feature_44 >  0.00
|   |   |   |   |   |--- class: positive
|   |   |   |--- feature_44 >  0.98
|   |   |   |   |--- feature_0 <= 1989.50
|   |   |   |   |   |--- feature_5 <= 40.96
|   |   |   |   |   |   |--- feature_5 <= 40.35
|   |   |   |   |   |   |   |--- class: negative
|   |   |   |   |   |   |--- feature_5 >  40.35
|   |   |   |   |   |   |   |--- feature_8 <= 1.50
|   |   |   |   |   |   |   |   |--- feature_13 <= 5.06
|   |   |   |   |   |   |   |   |   |--- class: negative
|   |   |   |   |   |   |   |   |--- feature_13 >  5.06
|   |   |   |   |   |   |   |   |   |--- class: positive
|   |   |   |   |   |   |   |--- feature_8 >  1.50
|   |   |   |   |   |   |   |   |--- class: negative
|   |   |   |   |   |--- feature_5 >  40.96
|   |   |   |   |   |   |--- feature_11 <= 6.15
|   |   |   |   |   |   |   |--- feature_7 <= 2.50
|   |   |   |   |   |   |   |   |--- class: negative
|   |   |   |   |   |   |   |--- feature_7 >  2.50
|   |   |   |   |   |   |   |   |--- class: positive
|   |   |   |   |   |   |--- feature_11 >  6.15
|   |   |   |   |   |   |   |--- class: negative
|   |   |   |   |--- feature_0 >  1989.50
|   |   |   |   |   |--- class: negative
|   |   |--- feature_11 >  8.50
|   |   |   |--- feature_17 <= 0.10
|   |   |   |   |--- feature_12 <= 19.35
|   |   |   |   |   |--- feature_7 <= 32.50
|   |   |   |   |   |   |--- class: negative
|   |   |   |   |   |--- feature_7 >  32.50
|   |   |   |   |   |   |--- class: positive
|   |   |   |   |--- feature_12 >  19.35
|   |   |   |   |   |--- feature_6 <= -99.12
|   |   |   |   |   |   |--- feature_6 <= -99.16
|   |   |   |   |   |   |   |--- class: negative
|   |   |   |   |   |   |--- feature_6 >  -99.16
|   |   |   |   |   |   |   |--- feature_5 <= 42.66
|   |   |   |   |   |   |   |   |--- feature_1 <= 142.50
|   |   |   |   |   |   |   |   |   |--- class: negative
|   |   |   |   |   |   |   |   |--- feature_1 >  142.50
|   |   |   |   |   |   |   |   |   |--- feature_12 <= 69.75
|   |   |   |   |   |   |   |   |   |   |--- class: negative
|   |   |   |   |   |   |   |   |   |--- feature_12 >  69.75
|   |   |   |   |   |   |   |   |   |   |--- class: positive
|   |   |   |   |   |   |   |--- feature_5 >  42.66
|   |   |   |   |   |   |   |   |--- class: positive
|   |   |   |   |   |--- feature_6 >  -99.12
|   |   |   |   |   |   |--- class: negative
|   |   |   |--- feature_17 >  0.10
|   |   |   |   |--- feature_17 <= 1.00
|   |   |   |   |   |--- class: positive
|   |   |   |   |--- feature_17 >  1.00
|   |   |   |   |   |--- feature_6 <= -97.12
|   |   |   |   |   |   |--- class: negative
|   |   |   |   |   |--- feature_6 >  -97.12
|   |   |   |   |   |   |--- feature_6 <= -96.83
|   |   |   |   |   |   |   |--- feature_0 <= 1993.50
|   |   |   |   |   |   |   |   |--- feature_10 <= 37.06
|   |   |   |   |   |   |   |   |   |--- feature_6 <= -97.01
|   |   |   |   |   |   |   |   |   |   |--- class: positive
|   |   |   |   |   |   |   |   |   |--- feature_6 >  -97.01
|   |   |   |   |   |   |   |   |   |   |--- feature_12 <= 59.05
|   |   |   |   |   |   |   |   |   |   |   |--- class: positive
|   |   |   |   |   |   |   |   |   |   |--- feature_12 >  59.05
|   |   |   |   |   |   |   |   |   |   |   |--- class: negative
|   |   |   |   |   |   |   |   |--- feature_10 >  37.06
|   |   |   |   |   |   |   |   |   |--- class: negative
|   |   |   |   |   |   |   |--- feature_0 >  1993.50
|   |   |   |   |   |   |   |   |--- feature_7 <= 20.50
|   |   |   |   |   |   |   |   |   |--- class: negative
|   |   |   |   |   |   |   |   |--- feature_7 >  20.50
|   |   |   |   |   |   |   |   |   |--- feature_1 <= 45.00
|   |   |   |   |   |   |   |   |   |   |--- class: negative
|   |   |   |   |   |   |   |   |   |--- feature_1 >  45.00
|   |   |   |   |   |   |   |   |   |   |--- class: positive
|   |   |   |   |   |   |--- feature_6 >  -96.83
|   |   |   |   |   |   |   |--- feature_27 <= 0.50
|   |   |   |   |   |   |   |   |--- class: negative
|   |   |   |   |   |   |   |--- feature_27 >  0.50
|   |   |   |   |   |   |   |   |--- feature_1 <= 547.00
|   |   |   |   |   |   |   |   |   |--- class: negative
|   |   |   |   |   |   |   |   |--- feature_1 >  547.00
|   |   |   |   |   |   |   |   |   |--- class: positive
