|--- feature_0 <= 1969.50
|   |--- feature_13 <= 8.00
|   |   |--- feature_13 <= 5.00
|   |   |   |--- feature_13 <= 5.00
|   |   |   |   |--- feature_13 <= 4.00
|   |   |   |   |   |--- feature_44 <= 1.00
|   |   |   |   |   |   |--- feature_44 <= 0.00
|   |   |   |   |   |   |   |--- feature_12 <= 20.70
|   |   |   |   |   |   |   |   |--- feature_13 <= 3.00
|   |   |   |   |   |   |   |   |   |--- feature_1 <= 16.00
|   |   |   |   |   |   |   |   |   |   |--- feature_10 <= 26.20
|   |   |   |   |   |   |   |   |   |   |   |--- class: negative
|   |   |   |   |   |   |   |   |   |   |--- feature_10 >  26.20
|   |   |   |   |   |   |   |   |   |   |   |--- truncated branch of depth 2
|   |   |   |   |   |   |   |   |   |--- feature_1 >  16.00
|   |   |   |   |   |   |   |   |   |   |--- feature_13 <= 3.00
|   |   |   |   |   |   |   |   |   |   |   |--- truncated branch of depth 4
|   |   |   |   |   |   |   |   |   |   |--- feature_13 >  3.00
|   |   |   |   |   |   |   |   |   |   |   |--- truncated branch of depth 8
|   |   |   |   |   |   |   |   |--- feature_13 >  3.00
|   |   |   |   |   |   |   |   |   |--- feature_13 <= 4.00
|   |   |   |   |   |   |   |   |   |   |--- class: positive
|   |   |   |   |   |   |   |   |   |--- feature_13 >  4.00
|   |   |   |   |   |   |   |   |   |   |--- feature_1 <= 55.00
|   |   |   |   |   |   |   |   |   |   |   |--- truncated branch of depth 8
|   |   |   |   |   |   |   |   |   |   |--- feature_1 >  55.00
|   |   |   |   |   |   |   |   |   |   |   |--- truncated branch of depth 4
|   |   |   |   |   |   |   |--- feature_12 >  20.70
|   |   |   |   |   |   |   |   |--- feature_10 <= 21.75
|   |   |   |   |   |   |   |   |   |--- feature_12 <= 30.15
|   |   |   |   |   |   |   |   |   |   |--- feature_10 <= 16.35
|   |   |   |   |   |   |   |   |   |   |   |--- truncated branch of depth 3
|   |   |   |   |   |   |   |   |   |   |--- feature_10 >  16.35
|   |   |   |   |   |   |   |   |   |   |   |--- truncated branch of depth 2
|   |   |   |   |   |   |   |   |   |--- feature_12 >  30.15
|   |   |   |   |   |   |   |   |   |   |--- class: negative
|   |   |   |   |   |   |   |   |--- feature_10 >  21.75
|   |   |   |   |   |   |   |   |   |--- feature_13 <= 3.99
|   |   |   |   |   |   |   |   |   |   |--- feature_13 <= 3.02
|   |   |   |   |   |   |   |   |   |   |   |--- truncated branch of depth 4
|   |   |   |   |   |   |   |   |   |   |--- feature_13 >  3.02
|   |   |   |   |   |   |   |   |   |   |   |--- class: positive
|   |   |   |   |   |   |   |   |   |--- feature_13 >  3.99
|   |   |   |   |   |   |   |   |   |   |--- feature_40 <= 0.03
|   |   |   |   |   |   |   |   |   |   |   |--- truncated branch of depth 4
|   |   |   |   |   |   |   |   |   |   |--- feature_40 >  0.03
|   |   |   |   |   |   |   |   |   |   |   |--- class: positive
|   |   |   |   |   |   |--- feature_44 >  0.00
|   |   |   |   |   |   |   |--- class: positive
|   |   |   |   |   |--- feature_44 >  1.00
|   |   |   |   |   |   |--- feature_13 <= 4.00
|   |   |   |   |   |   |   |--- feature_13 <= 3.00
|   |   |   |   |   |   |   |   |--- feature_1 <= 19.50
|   |   |   |   |   |   |   |   |   |--- feature_10 <= 9.80
|   |   |   |   |   |   |   |   |   |   |--- feature_10 <= 7.63
|   |   |   |   |   |   |   |   |   |   |   |--- truncated branch of depth 3
|   |   |   |   |   |   |   |   |   |   |--- feature_10 >  7.63
|   |   |   |   |   |   |   |   |   |   |   |--- truncated branch of depth 4
|   |   |   |   |   |   |   |   |   |--- feature_10 >  9.80
|   |   |   |   |   |   |   |   |   |   |--- feature_0 <= 1960.00
|   |   |   |   |   |   |   |   |   |   |   |--- truncated branch of depth 5
|   |   |   |   |   |   |   |   |   |   |--- feature_0 >  1960.00
|   |   |   |   |   |   |   |   |   |   |   |--- class: positive
|   |   |   |   |   |   |   |   |--- feature_1 >  19.50
|   |   |   |   |   |   |   |   |   |--- feature_9 <= 8.81
|   |   |   |   |   |   |   |   |   |   |--- feature_7 <= 2.50
|   |   |   |   |   |   |   |   |   |   |   |--- truncated branch of depth 6
|   |   |   |   |   |   |   |   |   |   |--- feature_7 >  2.50
|   |   |   |   |   |   |   |   |   |   |   |--- truncated branch of depth 2
|   |   |   |   |   |   |   |   |   |--- feature_9 >  8.81
|   |   |   |   |   |   |   |   |   |   |--- feature_11 <= 4.85
|   |   |   |   |   |   |   |   |   |   |   |--- class: negative
|   |   |   |   |   |   |   |   |   |   |--- feature_11 >  4.85
|   |   |   |   |   |   |   |   |   |   |   |--- truncated branch of depth 8
|   |   |   |   |   |   |   |--- feature_13 >  3.00
|   |   |   |   |   |   |   |   |--- class: positive
|   |   |   |   |   |   |--- feature_13 >  4.00
|   |   |   |   |   |   |   |--- feature_10 <= 59.01
|   |   |   |   |   |   |   |   |--- feature_14 <= 1.50
|   |   |   |   |   |   |   |   |   |--- feature_9 <= 9.25
|   |   |   |   |   |   |   |   |   |   |--- feature_1 <= 37.50
|   |   |   |   |   |   |   |   |   |   |   |--- class: negative
|   |   |   |   |   |   |   |   |   |   |--- feature_1 >  37.50
|   |   |   |   |   |   |   |   |   |   |   |--- truncated branch of depth 3
|   |   |   |   |   |   |   |   |   |--- feature_9 >  9.25
|   |   |   |   |   |   |   |   |   |   |--- feature_12 <= 13.89
|   |   |   |   |   |   |   |   |   |   |   |--- truncated branch of depth 3
|   |   |   |   |   |   |   |   |   |   |--- feature_12 >  13.89
|   |   |   |   |   |   |   |   |   |   |   |--- class: positive
|   |   |   |   |   |   |   |   |--- feature_14 >  1.50
|   |   |   |   |   |   |   |   |   |--- feature_0 <= 1952.50
|   |   |   |   |   |   |   |   |   |   |--- feature_0 <= 1950.50
|   |   |   |   |   |   |   |   |   |   |   |--- truncated branch of depth 6
|   |   |   |   |   |   |   |   |   |   |--- feature_0 >  1950.50
|   |   |   |   |   |   |   |   |   |   |   |--- class: positive
|   |   |   |   |   |   |   |   |   |--- feature_0 >  1952.50
|   |   |   |   |   |   |   |   |   |   |--- class: negative
|   |   |   |   |   |   |   |--- feature_10 >  59.01
|   |   |   |   |   |   |   |   |--- feature_20 <= 0.50
|   |   |   |   |   |   |   |   |   |--- class: negative
|   |   |   |   |   |   |   |   |--- feature_20 >  0.50
|   |   |   |   |   |   |   |   |   |--- feature_1 <= 517.50
|   |   |   |   |   |   |   |   |   |   |--- class: positive
|   |   |   |   |   |   |   |   |   |--- feature_1 >  517.50
|   |   |   |   |   |   |   |   |   |   |--- class: negative
|   |   |   |   |--- feature_13 >  4.00
|   |   |   |   |   |--- class: positive
|   |   |   |--- feature_13 >  5.00
|   |   |   |   |--- feature_10 <= 27.55
|   |   |   |   |   |--- feature_12 <= 15.27
|   |   |   |   |   |   |--- feature_1 <= 22.50
|   |   |   |   |   |   |   |--- feature_9 <= 5.80
|   |   |   |   |   |   |   |   |--- class: positive
|   |   |   |   |   |   |   |--- feature_9 >  5.80
|   |   |   |   |   |   |   |   |--- class: negative
|   |   |   |   |   |   |--- feature_1 >  22.50
|   |   |   |   |   |   |   |--- feature_9 <= 8.47
|   |   |   |   |   |   |   |   |--- feature_9 <= 7.01
|   |   |   |   |   |   |   |   |   |--- feature_2 <= 5.00
|   |   |   |   |   |   |   |   |   |   |--- class: negative
|   |   |   |   |   |   |   |   |   |--- feature_2 >  5.00
|   |   |   |   |   |   |   |   |   |   |--- feature_0 <= 1932.50
|   |   |   |   |   |   |   |   |   |   |   |--- class: positive
|   |   |   |   |   |   |   |   |   |   |--- feature_0 >  1932.50
|   |   |   |   |   |   |   |   |   |   |   |--- class: negative
|   |   |   |   |   |   |   |   |--- feature_9 >  7.01
|   |   |   |   |   |   |   |   |   |--- feature_8 <= 2.50
|   |   |   |   |   |   |   |   |   |   |--- feature_10 <= 7.97
|   |   |   |   |   |   |   |   |   |   |   |--- truncated branch of depth 2
|   |   |   |   |   |   |   |   |   |   |--- feature_10 >  7.97
|   |   |   |   |   |   |   |   |   |   |   |--- class: positive
|   |   |   |   |   |   |   |   |   |--- feature_8 >  2.50
|   |   |   |   |   |   |   |   |   |   |--- class: negative
|   |   |   |   |   |   |   |--- feature_9 >  8.47
|   |   |   |   |   |   |   |   |--- feature_12 <= 11.63
|   |   |   |   |   |   |   |   |   |--- feature_20 <= 0.04
|   |   |   |   |   |   |   |   |   |   |--- feature_9 <= 11.75
|   |   |   |   |   |   |   |   |   |   |   |--- class: negative
|   |   |   |   |   |   |   |   |   |   |--- feature_9 >  11.75
|   |   |   |   |   |   |   |   |   |   |   |--- truncated branch of depth 2
|   |   |   |   |   |   |   |   |   |--- feature_20 >  0.04
|   |   |   |   |   |   |   |   |   |   |--- feature_22 <= 0.02
|   |   |   |   |   |   |   |   |   |   |   |--- truncated branch of depth 6
|   |   |   |   |   |   |   |   |   |   |--- feature_22 >  0.02
|   |   |   |   |   |   |   |   |   |   |   |--- class: positive
|   |   |   |   |   |   |   |   |--- feature_12 >  11.63
|   |   |   |   |   |   |   |   |   |--- feature_0 <= 1965.50
|   |   |   |   |   |   |   |   |   |   |--- feature_1 <= 27.50
|   |   |   |   |   |   |   |   |   |   |   |--- truncated branch of depth 2
|   |   |   |   |   |   |   |   |   |   |--- feature_1 >  27.50
|   |   |   |   |   |   |   |   |   |   |   |--- class: negative
|   |   |   |   |   |   |   |   |   |--- feature_0 >  1965.50
|   |   |   |   |   |   |   |   |   |   |--- class: positive
|   |   |   |   |   |--- feature_12 >  15.27
|   |   |   |   |   |   |--- feature_0 <= 1946.50
|   |   |   |   |   |   |   |--- feature_0 <= 1944.00
|   |   |   |   |   |   |   |   |--- feature_11 <= 6.65
|   |   |   |   |   |   |   |   |   |--- feature_1 <= 12.00
|   |   |   |   |   |   |   |   |   |   |--- class: negative
|   |   |   |   |   |   |   |   |   |--- feature_1 >  12.00
|   |   |   |   |   |   |   |   |   |   |--- feature_8 <= 1.50
|   |   |   |   |   |   |   |   |   |   |   |--- truncated branch of depth 6
|   |   |   |   |   |   |   |   |   |   |--- feature_8 >  1.50
|   |   |   |   |   |   |   |   |   |   |   |--- class: negative
|   |   |   |   |   |   |   |   |--- feature_11 >  6.65
|   |   |   |   |   |   |   |   |   |--- class: negative
|   |   |   |   |   |   |   |--- feature_0 >  1944.00
|   |   |   |   |   |   |   |   |--- class: positive
|   |   |   |   |   |   |--- feature_0 >  1946.50
|   |   |   |   |   |   |   |--- class: negative
|   |   |   |   |--- feature_10 >  27.55
|   |   |   |   |   |--- feature_26 <= 0.01
|   |   |   |   |   |   |--- feature_12 <= 39.15
|   |   |   |   |   |   |   |--- feature_1 <= 289.00
|   |   |   |   |   |   |   |   |--- feature_10 <= 59.75
|   |   |   |   |   |   |   |   |   |--- feature_12 <= 35.55
|   |   |   |   |   |   |   |   |   |   |--- class: negative
|   |   |   |   |   |   |   |   |   |--- feature_12 >  35.55
|   |   |   |   |   |   |   |   |   |   |--- class: positive
|   |   |   |   |   |   |   |   |--- feature_10 >  59.75
|   |   |   |   |   |   |   |   |   |--- feature_9 <= 25.49
|   |   |   |   |   |   |   |   |   |   |--- class: negative
|   |   |   |   |   |   |   |   |   |--- feature_9 >  25.49
|   |   |   |   |   |   |   |   |   |   |--- class: positive
|   |   |   |   |   |   |   |--- feature_1 >  289.00
|   |   |   |   |   |   |   |   |--- feature_9 <= 15.11
|   |   |   |   |   |   |   |   |   |--- class: positive
|   |   |   |   |   |   |   |   |--- feature_9 >  15.11
|   |   |   |   |   |   |   |   |   |--- feature_2 <= 12.50
|   |   |   |   |   |   |   |   |   |   |--- class: negative
|   |   |   |   |   |   |   |   |   |--- feature_2 >  12.50
|   |   |   |   |   |   |   |   |   |   |--- class: positive
|   |   |   |   |   |   |--- feature_12 >  39.15
|   |   |   |   |   |   |   |--- feature_8 <= 5.50
|   |   |   |   |   |   |   |   |--- class: negative
|   |   |   |   |   |   |   |--- feature_8 >  5.50
|   |   |   |   |   |   |   |   |--- feature_11 <= 8.80
|   |   |   |   |   |   |   |   |   |--- class: negative
|   |   |   |   |   |   |   |   |--- feature_11 >  8.80
|   |   |   |   |   |   |   |   |   |--- class: positive
|   |   |   |   |   |--- feature_26 >  0.01
|   |   |   |   |   |   |--- feature_26 <= 0.97
|   |   |   |   |   |   |   |--- class: positive
|   |   |   |   |   |   |--- feature_26 >  0.97
|   |   |   |   |   |   |   |--- feature_0 <= 1951.50
|   |   |   |   |   |   |   |   |--- feature_1 <= 372.50
|   |   |   |   |   |   |   |   |   |--- class: negative
|   |   |   |   |   |   |   |   |--- feature_1 >  372.50
|   |   |   |   |   |   |   |   |   |--- feature_0 <= 1937.50
|   |   |   |   |   |   |   |   |   |   |--- feature_16 <= 0.50
|   |   |   |   |   |   |   |   |   |   |   |--- class: negative
|   |   |   |   |   |   |   |   |   |   |--- feature_16 >  0.50
|   |   |   |   |   |   |   |   |   |   |   |--- class: positive
|   |   |   |   |   |   |   |   |   |--- feature_0 >  1937.50
|   |   |   |   |   |   |   |   |   |   |--- class: positive
|   |   |   |   |   |   |   |--- feature_0 >  1951.50
|   |   |   |   |   |   |   |   |--- feature_8 <= 4.50
|   |   |   |   |   |   |   |   |   |--- class: negative
|   |   |   |   |   |   |   |   |--- feature_8 >  4.50
|   |   |   |   |   |   |   |   |   |--- class: positive
|   |   |--- feature_13 >  5.00
|   |   |   |--- feature_13 <= 6.00
|   |   |   |   |--- class: positive
|   |   |   |--- feature_13 >  6.00
|   |   |   |   |--- feature_13 <= 6.00
|   |   |   |   |   |--- feature_12 <= 66.60
|   |   |   |   |   |   |--- feature_10 <= 8.85
|   |   |   |   |   |   |   |--- feature_11 <= 6.15
|   |   |   |   |   |   |   |   |--- feature_0 <= 1950.50
|   |   |   |   |   |   |   |   |   |--- class: positive
|   |   |   |   |   |   |   |   |--- feature_0 >  1950.50
|   |   |   |   |   |   |   |   |   |--- class: negative
|   |   |   |   |   |   |   |--- feature_11 >  6.15
|   |   |   |   |   |   |   |   |--- class: negative
|   |   |   |   |   |   |--- feature_10 >  8.85
|   |   |   |   |   |   |   |--- class: negative
|   |   |   |   |   |--- feature_12 >  66.60
|   |   |   |   |   |   |--- class: positive
|   |   |   |   |--- feature_13 >  6.00
|   |   |   |   |   |--- feature_2 <= 26.50
|   |   |   |   |   |   |--- feature_27 <= 1.00
|   |   |   |   |   |   |   |--- feature_26 <= 1.00
|   |   |   |   |   |   |   |   |--- feature_16 <= 1.00
|   |   |   |   |   |   |   |   |   |--- feature_11 <= 7.90
|   |   |   |   |   |   |   |   |   |   |--- class: positive
|   |   |   |   |   |   |   |   |   |--- feature_11 >  7.90
|   |   |   |   |   |   |   |   |   |   |--- feature_11 <= 7.94
|   |   |   |   |   |   |   |   |   |   |   |--- class: negative
|   |   |   |   |   |   |   |   |   |   |--- feature_11 >  7.94
|   |   |   |   |   |   |   |   |   |   |   |--- class: positive
|   |   |   |   |   |   |   |   |--- feature_16 >  1.00
|   |   |   |   |   |   |   |   |   |--- feature_43 <= 0.50
|   |   |   |   |   |   |   |   |   |   |--- class: negative
|   |   |   |   |   |   |   |   |   |--- feature_43 >  0.50
|   |   |   |   |   |   |   |   |   |   |--- class: positive
|   |   |   |   |   |   |   |--- feature_26 >  1.00
|   |   |   |   |   |   |   |   |--- feature_10 <= 19.32
|   |   |   |   |   |   |   |   |   |--- class: negative
|   |   |   |   |   |   |   |   |--- feature_10 >  19.32
|   |   |   |   |   |   |   |   |   |--- feature_9 <= 24.05
|   |   |   |   |   |   |   |   |   |   |--- class: positive
|   |   |   |   |   |   |   |   |   |--- feature_9 >  24.05
|   |   |   |   |   |   |   |   |   |   |--- feature_1 <= 464.00
|   |   |   |   |   |   |   |   |   |   |   |--- class: negative
|   |   |   |   |   |   |   |   |   |   |--- feature_1 >  464.00
|   |   |   |   |   |   |   |   |   |   |   |--- class: positive
|   |   |   |   |   |   |--- feature_27 >  1.00
|   |   |   |   |   |   |   |--- feature_10 <= 50.19
|   |   |   |   |   |   |   |   |--- class: negative
|   |   |   |   |   |   |   |--- feature_10 >  50.19
|   |   |   |   |   |   |   |   |--- class: positive
|   |   |   |   |   |--- feature_2 >  26.50
|   |   |   |   |   |   |--- feature_29 <= 0.68
|   |   |   |   |   |   |   |--- class: positive
|   |   |   |   |   |   |--- feature_29 >  0.68
|   |   |   |   |   |   |   |--- class: negative
|   |--- feature_13 >  8.00
|   |   |--- feature_1 <= 16008.00
|   |   |   |--- feature_22 <= 0.00
|   |   |   |   |--- feature_44 <= 1.00
|   |   |   |   |   |--- feature_44 <= 0.00
|   |   |   |   |   |   |--- feature_2 <= 8.50
|   |   |   |   |   |   |   |--- feature_11 <= 12.39
|   |   |   |   |   |   |   |   |--- feature_9 <= 15.27
|   |   |   |   |   |   |   |   |   |--- feature_27 <= 0.01
|   |   |   |   |   |   |   |   |   |   |--- feature_36 <= 0.03
|   |   |   |   |   |   |   |   |   |   |   |--- truncated branch of depth 8
|   |   |   |   |   |   |   |   |   |   |--- feature_36 >  0.03
|   |   |   |   |   |   |   |   |   |   |   |--- class: positive
|   |   |   |   |   |   |   |   |   |--- feature_27 >  0.01
|   |   |   |   |   |   |   |   |   |   |--- feature_10 <= 22.45
|   |   |   |   |   |   |   |   |   |   |   |--- class: negative
|   |   |   |   |   |   |   |   |   |   |--- feature_10 >  22.45
|   |   |   |   |   |   |   |   |   |   |   |--- class: positive
|   |   |   |   |   |   |   |   |--- feature_9 >  15.27
|   |   |   |   |   |   |   |   |   |--- feature_10 <= 27.85
|   |   |   |   |   |   |   |   |   |   |--- feature_12 <= 12.65
|   |   |   |   |   |   |   |   |   |   |   |--- truncated branch of depth 7
|   |   |   |   |   |   |   |   |   |   |--- feature_12 >  12.65
|   |   |   |   |   |   |   |   |   |   |   |--- truncated branch of depth 6
|   |   |   |   |   |   |   |   |   |--- feature_10 >  27.85
|   |   |   |   |   |   |   |   |   |   |--- feature_11 <= 4.70
|   |   |   |   |   |   |   |   |   |   |   |--- class: positive
|   |   |   |   |   |   |   |   |   |   |--- feature_11 >  4.70
|   |   |   |   |   |   |   |   |   |   |   |--- class: negative
|   |   |   |   |   |   |   |--- feature_11 >  12.39
|   |   |   |   |   |   |   |   |--- feature_8 <= 3.50
|   |   |   |   |   |   |   |   |   |--- class: negative
|   |   |   |   |   |   |   |   |--- feature_8 >  3.50
|   |   |   |   |   |   |   |   |   |--- class: positive
|   |   |   |   |   |   |--- feature_2 >  8.50
|   |   |   |   |   |   |   |--- feature_9 <= 13.85
|   |   |   |   |   |   |   |   |--- feature_9 <= 3.55
|   |   |   |   |   |   |   |   |   |--- class: positive
|   |   |   |   |   |   |   |   |--- feature_9 >  3.55
|   |   |   |   |   |   |   |   |   |--- feature_12 <= 34.65
|   |   |   |   |   |   |   |   |   |   |--- feature_12 <= 33.75
|   |   |   |   |   |   |   |   |   |   |   |--- class: negative
|   |   |   |   |   |   |   |   |   |   |--- feature_12 >  33.75
|   |   |   |   |   |   |   |   |   |   |   |--- truncated branch of depth 2
|   |   |   |   |   |   |   |   |   |--- feature_12 >  34.65
|   |   |   |   |   |   |   |   |   |   |--- class: negative
|   |   |   |   |   |   |   |--- feature_9 >  13.85
|   |   |   |   |   |   |   |   |--- feature_1 <= 2238.00
|   |   |   |   |   |   |   |   |   |--- class: negative
|   |   |   |   |   |   |   |   |--- feature_1 >  2238.00
|   |   |   |   |   |   |   |   |   |--- feature_9 <= 14.67
|   |   |   |   |   |   |   |   |   |   |--- class: positive
|   |   |   |   |   |   |   |   |   |--- feature_9 >  14.67
|   |   |   |   |   |   |   |   |   |   |--- feature_21 <= 0.17
|   |   |   |   |   |   |   |   |   |   |   |--- class: negative
|   |   |   |   |   |   |   |   |   |   |--- feature_21 >  0.17
|   |   |   |   |   |   |   |   |   |   |   |--- class: positive
|   |   |   |   |   |--- feature_44 >  0.00
|   |   |   |   |   |   |--- class: positive
|   |   |   |   |--- feature_44 >  1.00
|   |   |   |   |   |--- feature_10 <= 71.20
|   |   |   |   |   |   |--- feature_1 <= 34.50
|   |   |   |   |   |   |   |--- feature_29 <= 0.18
|   |   |   |   |   |   |   |   |--- feature_10 <= 9.85
|   |   |   |   |   |   |   |   |   |--- feature_14 <= 1.50
|   |   |   |   |   |   |   |   |   |   |--- feature_11 <= 4.89
|   |   |   |   |   |   |   |   |   |   |   |--- truncated branch of depth 2
|   |   |   |   |   |   |   |   |   |   |--- feature_11 >  4.89
|   |   |   |   |   |   |   |   |   |   |   |--- class: positive
|   |   |   |   |   |   |   |   |   |--- feature_14 >  1.50
|   |   |   |   |   |   |   |   |   |   |--- feature_12 <= 31.95
|   |   |   |   |   |   |   |   |   |   |   |--- truncated branch of depth 6
|   |   |   |   |   |   |   |   |   |   |--- feature_12 >  31.95
|   |   |   |   |   |   |   |   |   |   |   |--- class: negative
|   |   |   |   |   |   |   |   |--- feature_10 >  9.85
|   |   |   |   |   |   |   |   |   |--- class: negative
|   |   |   |   |   |   |   |--- feature_29 >  0.18
|   |   |   |   |   |   |   |   |--- feature_11 <= 7.19
|   |   |   |   |   |   |   |   |   |--- feature_11 <= 4.97
|   |   |   |   |   |   |   |   |   |   |--- feature_29 <= 0.68
|   |   |   |   |   |   |   |   |   |   |   |--- class: positive
|   |   |   |   |   |   |   |   |   |   |--- feature_29 >  0.68
|   |   |   |   |   |   |   |   |   |   |   |--- class: negative
|   |   |   |   |   |   |   |   |   |--- feature_11 >  4.97
|   |   |   |   |   |   |   |   |   |   |--- feature_10 <= 16.61
|   |   |   |   |   |   |   |   |   |   |   |--- class: positive
|   |   |   |   |   |   |   |   |   |   |--- feature_10 >  16.61
|   |   |   |   |   |   |   |   |   |   |   |--- class: negative
|   |   |   |   |   |   |   |   |--- feature_11 >  7.19
|   |   |   |   |   |   |   |   |   |--- class: negative
|   |   |   |   |   |   |--- feature_1 >  34.50
|   |   |   |   |   |   |   |--- feature_12 <= 36.61
|   |   |   |   |   |   |   |   |--- feature_12 <= 33.56
|   |   |   |   |   |   |   |   |   |--- feature_1 <= 391.00
|   |   |   |   |   |   |   |   |   |   |--- feature_10 <= 9.95
|   |   |   |   |   |   |   |   |   |   |   |--- class: negative
|   |   |   |   |   |   |   |   |   |   |--- feature_10 >  9.95
|   |   |   |   |   |   |   |   |   |   |   |--- truncated branch of depth 6
|   |   |   |   |   |   |   |   |   |--- feature_1 >  391.00
|   |   |   |   |   |   |   |   |   |   |--- feature_11 <= 7.57
|   |   |   |   |   |   |   |   |   |   |   |--- truncated branch of depth 2
|   |   |   |   |   |   |   |   |   |   |--- feature_11 >  7.57
|   |   |   |   |   |   |   |   |   |   |   |--- truncated branch of depth 3
|   |   |   |   |   |   |   |   |--- feature_12 >  33.56
|   |   |   |   |   |   |   |   |   |--- feature_0 <= 1965.50
|   |   |   |   |   |   |   |   |   |   |--- feature_1 <= 442.00
|   |   |   |   |   |   |   |   |   |   |   |--- class: negative
|   |   |   |   |   |   |   |   |   |   |--- feature_1 >  442.00
|   |   |   |   |   |   |   |   |   |   |   |--- truncated branch of depth 2
|   |   |   |   |   |   |   |   |   |--- feature_0 >  1965.50
|   |   |   |   |   |   |   |   |   |   |--- feature_9 <= 11.60
|   |   |   |   |   |   |   |   |   |   |   |--- truncated branch of depth 3
|   |   |   |   |   |   |   |   |   |   |--- feature_9 >  11.60
|   |   |   |   |   |   |   |   |   |   |   |--- class: negative
|   |   |   |   |   |   |   |--- feature_12 >  36.61
|   |   |   |   |   |   |   |   |--- feature_2 <= 19.50
|   |   |   |   |   |   |   |   |   |--- class: negative
|   |   |   |   |   |   |   |   |--- feature_2 >  19.50
|   |   |   |   |   |   |   |   |   |--- feature_27 <= 0.50
|   |   |   |   |   |   |   |   |   |   |--- class: negative
|   |   |   |   |   |   |   |   |   |--- feature_27 >  0.50
|   |   |   |   |   |   |   |   |   |   |--- feature_7 <= 14.50
|   |   |   |   |   |   |   |   |   |   |   |--- class: negative
|   |   |   |   |   |   |   |   |   |   |--- feature_7 >  14.50
|   |   |   |   |   |   |   |   |   |   |   |--- class: positive
|   |   |   |   |   |--- feature_10 >  71.20
|   |   |   |   |   |   |--- feature_20 <= 0.06
|   |   |   |   |   |   |   |--- class: negative
|   |   |   |   |   |   |--- feature_20 >  0.06
|   |   |   |   |   |   |   |--- feature_2 <= 12.00
|   |   |   |   |   |   |   |   |--- feature_1 <= 5586.00
|   |   |   |   |   |   |   |   |   |--- class: negative
|   |   |   |   |   |   |   |   |--- feature_1 >  5586.00
|   |   |   |   |   |   |   |   |   |--- class: positive
|   |   |   |   |   |   |   |--- feature_2 >  12.00
|   |   |   |   |   |   |   |   |--- feature_11 <= 12.83
|   |   |   |   |   |   |   |   |   |--- class: positive
|   |   |   |   |   |   |   |   |--- feature_11 >  12.83
|   |   |   |   |   |   |   |   |   |--- class: negative
|   |   |   |--- feature_22 >  0.00
|   |   |   |   |--- feature_22 <= 1.00
|   |   |   |   |   |--- class: positive
|   |   |   |   |--- feature_22 >  1.00
|   |   |   |   |   |--- feature_10 <= 10.41
|   |   |   |   |   |   |--- feature_11 <= 5.73
|   |   |   |   |   |   |   |--- feature_12 <= 15.75
|   |   |   |   |   |   |   |   |--- feature_12 <= 0.36
|   |   |   |   |   |   |   |   |   |--- feature_10 <= 9.60
|   |   |   |   |   |   |   |   |   |   |--- class: negative
|   |   |   |   |   |   |   |   |   |--- feature_10 >  9.60
|   |   |   |   |   |   |   |   |   |   |--- class: positive
|   |   |   |   |   |   |   |   |--- feature_12 >  0.36
|   |   |   |   |   |   |   |   |   |--- feature_0 <= 1944.00
|   |   |   |   |   |   |   |   |   |   |--- feature_12 <= 12.59
|   |   |   |   |   |   |   |   |   |   |   |--- class: positive
|   |   |   |   |   |   |   |   |   |   |--- feature_12 >  12.59
|   |   |   |   |   |   |   |   |   |   |   |--- truncated branch of depth 3
|   |   |   |   |   |   |   |   |   |--- feature_0 >  1944.00
|   |   |   |   |   |   |   |   |   |   |--- class: negative
|   |   |   |   |   |   |   |--- feature_12 >  15.75
|   |   |   |   |   |   |   |   |--- class: negative
|   |   |   |   |   |   |--- feature_11 >  5.73
|   |   |   |   |   |   |   |--- feature_15 <= 23.00
|   |   |   |   |   |   |   |   |--- feature_15 <= 13.00
|   |   |   |   |   |   |   |   |   |--- class: negative
|   |   |   |   |   |   |   |   |--- feature_15 >  13.00
|   |   |   |   |   |   |   |   |   |--- class: positive
|   |   |   |   |   |   |   |--- feature_15 >  23.00
|   |   |   |   |   |   |   |   |--- feature_12 <= 8.55
|   |   |   |   |   |   |   |   |   |--- class: negative
|   |   |   |   |   |   |   |   |--- feature_12 >  8.55
|   |   |   |   |   |   |   |   |   |--- feature_10 <= 9.60
|   |   |   |   |   |   |   |   |   |   |--- feature_1 <= 85.00
|   |   |   |   |   |   |   |   |   |   |   |--- class: negative
|   |   |   |   |   |   |   |   |   |   |--- feature_1 >  85.00
|   |   |   |   |   |   |   |   |   |   |   |--- truncated branch of depth 2
|   |   |   |   |   |   |   |   |   |--- feature_10 >  9.60
|   |   |   |   |   |   |   |   |   |   |--- feature_12 <= 11.25
|   |   |   |   |   |   |   |   |   |   |   |--- class: negative
|   |   |   |   |   |   |   |   |   |   |--- feature_12 >  11.25
|   |   |   |   |   |   |   |   |   |   |   |--- truncated branch of depth 5
|   |   |   |   |   |--- feature_10 >  10.41
|   |   |   |   |   |   |--- feature_12 <= 15.94
|   |   |   |   |   |   |   |--- feature_11 <= 4.92
|   |   |   |   |   |   |   |   |--- feature_10 <= 22.45
|   |   |   |   |   |   |   |   |   |--- class: negative
|   |   |   |   |   |   |   |   |--- feature_10 >  22.45
|   |   |   |   |   |   |   |   |   |--- class: positive
|   |   |   |   |   |   |   |--- feature_11 >  4.92
|   |   |   |   |   |   |   |   |--- feature_1 <= 75.00
|   |   |   |   |   |   |   |   |   |--- feature_1 <= 50.50
|   |   |   |   |   |   |   |   |   |   |--- feature_11 <= 6.09
|   |   |   |   |   |   |   |   |   |   |   |--- truncated branch of depth 8
|   |   |   |   |   |   |   |   |   |   |--- feature_11 >  6.09
|   |   |   |   |   |   |   |   |   |   |   |--- truncated branch of depth 6
|   |   |   |   |   |   |   |   |   |--- feature_1 >  50.50
|   |   |   |   |   |   |   |   |   |   |--- class: positive
|   |   |   |   |   |   |   |   |--- feature_1 >  75.00
|   |   |   |   |   |   |   |   |   |--- class: negative
|   |   |   |   |   |   |--- feature_12 >  15.94
|   |   |   |   |   |   |   |--- class: negative
|   |   |--- feature_1 >  16008.00
|   |   |   |--- feature_1 <= 20053.00
|   |   |   |   |--- feature_12 <= 40.76
|   |   |   |   |   |--- feature_12 <= 40.42
|   |   |   |   |   |   |--- class: positive
|   |   |   |   |   |--- feature_12 >  40.42
|   |   |   |   |   |   |--- class: negative
|   |   |   |   |--- feature_12 >  40.76
|   |   |   |   |   |--- class: positive
|   |   |   |--- feature_1 >  20053.00
|   |   |   |   |--- class: negative
|--- feature_0 >  1969.50
|   |--- feature_0 <= 1986.50
|   |   |--- feature_11 <= 8.40
|   |   |   |--- feature_44 <= 1.00
|   |   |   |   |--- feature_44 <= 0.00
|   |   |   |   |   |--- feature_13 <= 5.02
|   |   |   |   |   |   |--- feature_8 <= 2.50
|   |   |   |   |   |   |   |--- class: negative
|   |   |   |   |   |   |--- feature_8 >  2.50
|   |   |   |   |   |   |   |--- feature_11 <= 6.95
|   |   |   |   |   |   |   |   |--- class: positive
|   |   |   |   |   |   |   |--- feature_11 >  6.95
|   |   |   |   |   |   |   |   |--- class: negative
|   |   |   |   |   |--- feature_13 >  5.02
|   |   |   |   |   |   |--- feature_9 <= 10.75
|   |   |   |   |   |   |   |--- class: negative
|   |   |   |   |   |   |--- feature_9 >  10.75
|   |   |   |   |   |   |   |--- feature_32 <= 0.06
|   |   |   |   |   |   |   |   |--- feature_11 <= 8.10
|   |   |   |   |   |   |   |   |   |--- class: negative
|   |   |   |   |   |   |   |   |--- feature_11 >  8.10
|   |   |   |   |   |   |   |   |   |--- class: positive
|   |   |   |   |   |   |   |--- feature_32 >  0.06
|   |   |   |   |   |   |   |   |--- feature_32 <= 1.00
|   |   |   |   |   |   |   |   |   |--- class: positive
|   |   |   |   |   |   |   |   |--- feature_32 >  1.00
|   |   |   |   |   |   |   |   |   |--- feature_40 <= 0.99
|   |   |   |   |   |   |   |   |   |   |--- feature_40 <= 0.06
|   |   |   |   |   |   |   |   |   |   |   |--- truncated branch of depth 2
|   |   |   |   |   |   |   |   |   |   |--- feature_40 >  0.06
|   |   |   |   |   |   |   |   |   |   |   |--- class: positive
|   |   |   |   |   |   |   |   |   |--- feature_40 >  0.99
|   |   |   |   |   |   |   |   |   |   |--- class: negative
|   |   |   |   |--- feature_44 >  0.00
|   |   |   |   |   |--- class: positive
|   |   |   |--- feature_44 >  1.00
|   |   |   |   |--- feature_1 <= 60.50
|   |   |   |   |   |--- feature_26 <= 0.02
|   |   |   |   |   |   |--- feature_1 <= 31.00
|   |   |   |   |   |   |   |--- feature_27 <= 0.19
|   |   |   |   |   |   |   |   |--- class: negative
|   |   |   |   |   |   |   |--- feature_27 >  0.19
|   |   |   |   |   |   |   |   |--- feature_12 <= 51.41
|   |   |   |   |   |   |   |   |   |--- class: negative
|   |   |   |   |   |   |   |   |--- feature_12 >  51.41
|   |   |   |   |   |   |   |   |   |--- class: positive
|   |   |   |   |   |   |--- feature_1 >  31.00
|   |   |   |   |   |   |   |--- feature_20 <= 0.97
|   |   |   |   |   |   |   |   |--- feature_20 <= 0.06
|   |   |   |   |   |   |   |   |   |--- feature_11 <= 7.94
|   |   |   |   |   |   |   |   |   |   |--- feature_0 <= 1985.00
|   |   |   |   |   |   |   |   |   |   |   |--- class: negative
|   |   |   |   |   |   |   |   |   |   |--- feature_0 >  1985.00
|   |   |   |   |   |   |   |   |   |   |   |--- class: positive
|   |   |   |   |   |   |   |   |   |--- feature_11 >  7.94
|   |   |   |   |   |   |   |   |   |   |--- feature_13 <= 5.03
|   |   |   |   |   |   |   |   |   |   |   |--- class: negative
|   |   |   |   |   |   |   |   |   |   |--- feature_13 >  5.03
|   |   |   |   |   |   |   |   |   |   |   |--- class: positive
|   |   |   |   |   |   |   |   |--- feature_20 >  0.06
|   |   |   |   |   |   |   |   |   |--- class: positive
|   |   |   |   |   |   |   |--- feature_20 >  0.97
|   |   |   |   |   |   |   |   |--- feature_12 <= 42.02
|   |   |   |   |   |   |   |   |   |--- feature_9 <= 15.55
|   |   |   |   |   |   |   |   |   |   |--- feature_13 <= 7.57
|   |   |   |   |   |   |   |   |   |   |   |--- truncated branch of depth 4
|   |   |   |   |   |   |   |   |   |   |--- feature_13 >  7.57
|   |   |   |   |   |   |   |   |   |   |   |--- truncated branch of depth 5
|   |   |   |   |   |   |   |   |   |--- feature_9 >  15.55
|   |   |   |   |   |   |   |   |   |   |--- class: negative
|   |   |   |   |   |   |   |   |--- feature_12 >  42.02
|   |   |   |   |   |   |   |   |   |--- class: negative
|   |   |   |   |   |--- feature_26 >  0.02
|   |   |   |   |   |   |--- feature_26 <= 0.99
|   |   |   |   |   |   |   |--- class: positive
|   |   |   |   |   |   |--- feature_26 >  0.99
|   |   |   |   |   |   |   |--- feature_0 <= 1971.00
|   |   |   |   |   |   |   |   |--- class: positive
|   |   |   |   |   |   |   |--- feature_0 >  1971.00
|   |   |   |   |   |   |   |   |--- feature_12 <= 47.70
|   |   |   |   |   |   |   |   |   |--- class: negative
|   |   |   |   |   |   |   |   |--- feature_12 >  47.70
|   |   |   |   |   |   |   |   |   |--- feature_12 <= 52.20
|   |   |   |   |   |   |   |   |   |   |--- class: positive
|   |   |   |   |   |   |   |   |   |--- feature_12 >  52.20
|   |   |   |   |   |   |   |   |   |   |--- class: negative
|   |   |   |   |--- feature_1 >  60.50
|   |   |   |   |   |--- feature_12 <= 47.25
|   |   |   |   |   |   |--- feature_32 <= 0.00
|   |   |   |   |   |   |   |--- class: negative
|   |   |   |   |   |   |--- feature_32 >  0.00
|   |   |   |   |   |   |   |--- feature_13 <= 5.02
|   |   |   |   |   |   |   |   |--- feature_32 <= 0.84
|   |   |   |   |   |   |   |   |   |--- class: positive
|   |   |   |   |   |   |   |   |--- feature_32 >  0.84
|   |   |   |   |   |   |   |   |   |--- class: negative
|   |   |   |   |   |   |   |--- feature_13 >  5.02
|   |   |   |   |   |   |   |   |--- feature_13 <= 7.88
|   |   |   |   |   |   |   |   |   |--- class: positive
|   |   |   |   |   |   |   |   |--- feature_13 >  7.88
|   |   |   |   |   |   |   |   |   |--- feature_10 <= 17.41
|   |   |   |   |   |   |   |   |   |   |--- feature_12 <= 37.70
|   |   |   |   |   |   |   |   |   |   |   |--- truncated branch of depth 4
|   |   |   |   |   |   |   |   |   |   |--- feature_12 >  37.70
|   |   |   |   |   |   |   |   |   |   |   |--- class: negative
|   |   |   |   |   |   |   |   |   |--- feature_10 >  17.41
|   |   |   |   |   |   |   |   |   |   |--- feature_12 <= 45.45
|   |   |   |   |   |   |   |   |   |   |   |--- class: negative
|   |   |   |   |   |   |   |   |   |   |--- feature_12 >  45.45
|   |   |   |   |   |   |   |   |   |   |   |--- class: positive
|   |   |   |   |   |--- feature_12 >  47.25
|   |   |   |   |   |   |--- class: negative
|   |   |--- feature_11 >  8.40
|   |   |   |--- feature_43 <= 0.01
|   |   |   |   |--- feature_22 <= 0.00
|   |   |   |   |   |--- feature_1 <= 150.50
|   |   |   |   |   |   |--- feature_12 <= 26.85
|   |   |   |   |   |   |   |--- feature_10 <= 9.05
|   |   |   |   |   |   |   |   |--- feature_1 <= 69.50
|   |   |   |   |   |   |   |   |   |--- class: positive
|   |   |   |   |   |   |   |   |--- feature_1 >  69.50
|   |   |   |   |   |   |   |   |   |--- class: negative
|   |   |   |   |   |   |   |--- feature_10 >  9.05
|   |   |   |   |   |   |   |   |--- class: negative
|   |   |   |   |   |   |--- feature_12 >  26.85
|   |   |   |   |   |   |   |--- feature_40 <= 0.02
|   |   |   |   |   |   |   |   |--- class: negative
|   |   |   |   |   |   |   |--- feature_40 >  0.02
|   |   |   |   |   |   |   |   |--- feature_16 <= 0.50
|   |   |   |   |   |   |   |   |   |--- class: positive
|   |   |   |   |   |   |   |   |--- feature_16 >  0.50
|   |   |   |   |   |   |   |   |   |--- class: negative
|   |   |   |   |   |--- feature_1 >  150.50
|   |   |   |   |   |   |--- feature_20 <= 0.05
|   |   |   |   |   |   |   |--- feature_36 <= 0.50
|   |   |   |   |   |   |   |   |--- feature_26 <= 0.50
|   |   |   |   |   |   |   |   |   |--- class: negative
|   |   |   |   |   |   |   |   |--- feature_26 >  0.50
|   |   |   |   |   |   |   |   |   |--- feature_9 <= 25.15
|   |   |   |   |   |   |   |   |   |   |--- class: negative
|   |   |   |   |   |   |   |   |   |--- feature_9 >  25.15
|   |   |   |   |   |   |   |   |   |   |--- feature_9 <= 26.35
|   |   |   |   |   |   |   |   |   |   |   |--- class: positive
|   |   |   |   |   |   |   |   |   |   |--- feature_9 >  26.35
|   |   |   |   |   |   |   |   |   |   |   |--- class: negative
|   |   |   |   |   |   |   |--- feature_36 >  0.50
|   |   |   |   |   |   |   |   |--- feature_12 <= 63.00
|   |   |   |   |   |   |   |   |   |--- class: negative
|   |   |   |   |   |   |   |   |--- feature_12 >  63.00
|   |   |   |   |   |   |   |   |   |--- class: positive
|   |   |   |   |   |   |--- feature_20 >  0.05
|   |   |   |   |   |   |   |--- feature_20 <= 0.98
|   |   |   |   |   |   |   |   |--- class: positive
|   |   |   |   |   |   |   |--- feature_20 >  0.98
|   |   |   |   |   |   |   |   |--- feature_13 <= 7.97
|   |   |   |   |   |   |   |   |   |--- feature_1 <= 483.50
|   |   |   |   |   |   |   |   |   |   |--- feature_9 <= 11.74
|   |   |   |   |   |   |   |   |   |   |   |--- class: negative
|   |   |   |   |   |   |   |   |   |   |--- feature_9 >  11.74
|   |   |   |   |   |   |   |   |   |   |   |--- truncated branch of depth 4
|   |   |   |   |   |   |   |   |   |--- feature_1 >  483.50
|   |   |   |   |   |   |   |   |   |   |--- class: negative
|   |   |   |   |   |   |   |   |--- feature_13 >  7.97
|   |   |   |   |   |   |   |   |   |--- feature_1 <= 159.50
|   |   |   |   |   |   |   |   |   |   |--- class: positive
|   |   |   |   |   |   |   |   |   |--- feature_1 >  159.50
|   |   |   |   |   |   |   |   |   |   |--- feature_12 <= 32.85
|   |   |   |   |   |   |   |   |   |   |   |--- truncated branch of depth 4
|   |   |   |   |   |   |   |   |   |   |--- feature_12 >  32.85
|   |   |   |   |   |   |   |   |   |   |   |--- class: negative
|   |   |   |   |--- feature_22 >  0.00
|   |   |   |   |   |--- feature_0 <= 1981.50
|   |   |   |   |   |   |--- class: positive
|   |   |   |   |   |--- feature_0 >  1981.50
|   |   |   |   |   |   |--- feature_22 <= 0.91
|   |   |   |   |   |   |   |--- class: positive
|   |   |   |   |   |   |--- feature_22 >  0.91
|   |   |   |   |   |   |   |--- class: negative
|   |   |   |--- feature_43 >  0.01
|   |   |   |   |--- feature_43 <= 1.00
|   |   |   |   |   |--- class: positive
|   |   |   |   |--- feature_43 >  1.00
|   |   |   |   |   |--- feature_26 <= 0.00
|   |   |   |   |   |   |--- feature_2 <= 9.50
|   |   |   |   |   |   |   |--- feature_7 <= 1.00
|   |   |   |   |   |   |   |   |--- feature_0 <= 1976.50
|   |   |   |   |   |   |   |   |   |--- feature_1 <= 1354.50
|   |   |   |   |   |   |   |   |   |   |--- class: negative
|   |   |   |   |   |   |   |   |   |--- feature_1 >  1354.50
|   |   |   |   |   |   |   |   |   |   |--- class: positive
|   |   |   |   |   |   |   |   |--- feature_0 >  1976.50
|   |   |   |   |   |   |   |   |   |--- feature_18 <= 0.50
|   |   |   |   |   |   |   |   |   |   |--- class: negative
|   |   |   |   |   |   |   |   |   |--- feature_18 >  0.50
|   |   |   |   |   |   |   |   |   |   |--- feature_9 <= 7.75
|   |   |   |   |   |   |   |   |   |   |   |--- class: negative
|   |   |   |   |   |   |   |   |   |   |--- feature_9 >  7.75
|   |   |   |   |   |   |   |   |   |   |   |--- class: positive
|   |   |   |   |   |   |   |--- feature_7 >  1.00
|   |   |   |   |   |   |   |   |--- feature_7 <= 9.50
|   |   |   |   |   |   |   |   |   |--- class: positive
|   |   |   |   |   |   |   |   |--- feature_7 >  9.50
|   |   |   |   |   |   |   |   |   |--- feature_1 <= 75.00
|   |   |   |   |   |   |   |   |   |   |--- feature_12 <= 57.58
|   |   |   |   |   |   |   |   |   |   |   |--- truncated branch of depth 4
|   |   |   |   |   |   |   |   |   |   |--- feature_12 >  57.58
|   |   |   |   |   |   |   |   |   |   |   |--- class: negative
|   |   |   |   |   |   |   |   |   |--- feature_1 >  75.00
|   |   |   |   |   |   |   |   |   |   |--- feature_7 <= 12.50
|   |   |   |   |   |   |   |   |   |   |   |--- truncated branch of depth 2
|   |   |   |   |   |   |   |   |   |   |--- feature_7 >  12.50
|   |   |   |   |   |   |   |   |   |   |   |--- class: negative
|   |   |   |   |   |   |--- feature_2 >  9.50
|   |   |   |   |   |   |   |--- class: negative
|   |   |   |   |   |--- feature_26 >  0.00
|   |   |   |   |   |   |--- feature_26 <= 1.00
|   |   |   |   |   |   |   |--- class: positive
|   |   |   |   |   |   |--- feature_26 >  1.00
|   |   |   |   |   |   |   |--- feature_7 <= 37.50
|   |   |   |   |   |   |   |   |--- class: negative
|   |   |   |   |   |   |   |--- feature_7 >  37.50
|   |   |   |   |   |   |   |   |--- feature_12 <= 51.75
|   |   |   |   |   |   |   |   |   |--- class: negative
|   |   |   |   |   |   |   |   |--- feature_12 >  51.75
|   |   |   |   |   |   |   |   |   |--- class: positive
|   |--- feature_0 >  1986.50
|   |   |--- feature_44 <= 1.00
|   |   |   |--- feature_44 <= 0.00
|   |   |   |   |--- feature_11 <= 8.37
|   |   |   |   |   |--- feature_18 <= 0.13
|   |   |   |   |   |   |--- class: negative
|   |   |   |   |   |--- feature_18 >  0.13
|   |   |   |   |   |   |--- feature_18 <= 0.99
|   |   |   |   |   |   |   |--- class: positive
|   |   |   |   |   |   |--- feature_18 >  0.99
|   |   |   |   |   |   |   |--- feature_32 <= 0.10
|   |   |   |   |   |   |   |   |--- class: negative
|   |   |   |   |   |   |   |--- feature_32 >  0.10
|   |   |   |   |   |   |   |   |--- class: positive
|   |   |   |   |--- feature_11 >  8.37
|   |   |   |   |   |--- feature_10 <= 30.65
|   |   |   |   |   |   |--- feature_0 <= 1987.50
|   |   |   |   |   |   |   |--- feature_17 <= 0.35
|   |   |   |   |   |   |   |   |--- class: negative
|   |   |   |   |   |   |   |--- feature_17 >  0.35
|   |   |   |   |   |   |   |   |--- feature_18 <= 0.15
|   |   |   |   |   |   |   |   |   |--- class: negative
|   |   |   |   |   |   |   |   |--- feature_18 >  0.15
|   |   |   |   |   |   |   |   |   |--- class: positive
|   |   |   |   |   |   |--- feature_0 >  1987.50
|   |   |   |   |   |   |   |--- class: negative
|   |   |   |   |   |--- feature_10 >  30.65
|   |   |   |   |   |   |--- feature_2 <= 2.50
|   |   |   |   |   |   |   |--- feature_26 <= 0.14
|   |   |   |   |   |   |   |   |--- feature_1 <= 51.50
|   |   |   |   |   |   |   |   |   |--- feature_12 <= 54.45
|   |   |   |   |   |   |   |   |   |   |--- feature_12 <= 53.55
|   |   |   |   |   |   |   |   |   |   |   |--- class: negative
|   |   |   |   |   |   |   |   |   |   |--- feature_12 >  53.55
|   |   |   |   |   |   |   |   |   |   |   |--- class: positive
|   |   |   |   |   |   |   |   |   |--- feature_12 >  54.45
|   |   |   |   |   |   |   |   |   |   |--- class: negative
|   |   |   |   |   |   |   |   |--- feature_1 >  51.50
|   |   |   |   |   |   |   |   |   |--- feature_17 <= 0.50
|   |   |   |   |   |   |   |   |   |   |--- class: negative
|   |   |   |   |   |   |   |   |   |--- feature_17 >  0.50
|   |   |   |   |   |   |   |   |   |   |--- feature_1 <= 73.00
|   |   |   |   |   |   |   |   |   |   |   |--- truncated branch of depth 5
|   |   |   |   |   |   |   |   |   |   |--- feature_1 >  73.00
|   |   |   |   |   |   |   |   |   |   |   |--- truncated branch of depth 4
|   |   |   |   |   |   |   |--- feature_26 >  0.14
|   |   |   |   |   |   |   |   |--- class: positive
|   |   |   |   |   |   |--- feature_2 >  2.50
|   |   |   |   |   |   |   |--- class: negative
|   |   |   |--- feature_44 >  0.00
|   |   |   |   |--- class: positive
|   |   |--- feature_44 >  1.00
|   |   |   |--- feature_12 <= 38.25
|   |   |   |   |--- feature_0 <= 1987.50
|   |   |   |   |   |--- feature_1 <= 27.50
|   |   |   |   |   |   |--- class: negative
|   |   |   |   |   |--- feature_1 >  27.50
|   |   |   |   |   |   |--- feature_9 <= 8.65
|   |   |   |   |   |   |   |--- class: negative
|   |   |   |   |   |   |--- feature_9 >  8.65
|   |   |   |   |   |   |   |--- feature_9 <= 10.20
|   |   |   |   |   |   |   |   |--- class: positive
|   |   |   |   |   |   |   |--- feature_9 >  10.20
|   |   |   |   |   |   |   |   |--- feature_29 <= 0.38
|   |   |   |   |   |   |   |   |   |--- class: negative
|   |   |   |   |   |   |   |   |--- feature_29 >  0.38
|   |   |   |   |   |   |   |   |   |--- class: positive
|   |   |   |   |--- feature_0 >  1987.50
|   |   |   |   |   |--- feature_12 <= 37.35
|   |   |   |   |   |   |--- class: negative
|   |   |   |   |   |--- feature_12 >  37.35
|   |   |   |   |   |   |--- feature_9 <= 15.85
|   |   |   |   |   |   |   |--- class: negative
|   |   |   |   |   |   |--- feature_9 >  15.85
|   |   |   |   |   |   |   |--- class: positive
|   |   |   |--- feature_12 >  38.25
|   |   |   |   |--- class: negative
