|--- feature_0 <= 1973.50
|   |--- feature_13 <= 8.00
|   |   |--- feature_13 <= 5.00
|   |   |   |--- feature_13 <= 5.00
|   |   |   |   |--- feature_13 <= 4.00
|   |   |   |   |   |--- feature_44 <= 1.00
|   |   |   |   |   |   |--- feature_44 <= 0.00
|   |   |   |   |   |   |   |--- feature_14 <= 1.50
|   |   |   |   |   |   |   |   |--- feature_11 <= 4.80
|   |   |   |   |   |   |   |   |   |--- feature_12 <= 0.03
|   |   |   |   |   |   |   |   |   |   |--- feature_0 <= 1942.00
|   |   |   |   |   |   |   |   |   |   |   |--- class: negative
|   |   |   |   |   |   |   |   |   |   |--- feature_0 >  1942.00
|   |   |   |   |   |   |   |   |   |   |   |--- truncated branch of depth 2
|   |   |   |   |   |   |   |   |   |--- feature_12 >  0.03
|   |   |   |   |   |   |   |   |   |   |--- feature_11 <= 4.80
|   |   |   |   |   |   |   |   |   |   |   |--- truncated branch of depth 11
|   |   |   |   |   |   |   |   |   |   |--- feature_11 >  4.80
|   |   |   |   |   |   |   |   |   |   |   |--- truncated branch of depth 6
|   |   |   |   |   |   |   |   |--- feature_11 >  4.80
|   |   |   |   |   |   |   |   |   |--- class: positive
|   |   |   |   |   |   |   |--- feature_14 >  1.50
|   |   |   |   |   |   |   |   |--- feature_47 <= 0.01
|   |   |   |   |   |   |   |   |   |--- feature_29 <= 0.50
|   |   |   |   |   |   |   |   |   |   |--- feature_5 <= 40.28
|   |   |   |   |   |   |   |   |   |   |   |--- class: negative
|   |   |   |   |   |   |   |   |   |   |--- feature_5 >  40.28
|   |   |   |   |   |   |   |   |   |   |   |--- truncated branch of depth 11
|   |   |   |   |   |   |   |   |   |--- feature_29 >  0.50
|   |   |   |   |   |   |   |   |   |   |--- class: negative
|   |   |   |   |   |   |   |   |--- feature_47 >  0.01
|   |   |   |   |   |   |   |   |   |--- feature_47 <= 1.00
|   |   |   |   |   |   |   |   |   |   |--- class: positive
|   |   |   |   |   |   |   |   |   |--- feature_47 >  1.00
|   |   |   |   |   |   |   |   |   |   |--- feature_10 <= 21.69
|   |   |   |   |   |   |   |   |   |   |   |--- truncated branch of depth 5
|   |   |   |   |   |   |   |   |   |   |--- feature_10 >  21.69
|   |   |   |   |   |   |   |   |   |   |   |--- truncated branch of depth 7
|   |   |   |   |   |   |--- feature_44 >  0.00
|   |   |   |   |   |   |   |--- class: positive
|   |   |   |   |   |--- feature_44 >  1.00
|   |   |   |   |   |   |--- feature_13 <= 4.00
|   |   |   |   |   |   |   |--- feature_13 <= 3.00
|   |   |   |   |   |   |   |   |--- feature_8 <= 1.50
|   |   |   |   |   |   |   |   |   |--- feature_1 <= 19.50
|   |   |   |   |   |   |   |   |   |   |--- feature_10 <= 9.79
|   |   |   |   |   |   |   |   |   |   |   |--- truncated branch of depth 4
|   |   |   |   |   |   |   |   |   |   |--- feature_10 >  9.79
|   |   |   |   |   |   |   |   |   |   |   |--- truncated branch of depth 5
|   |   |   |   |   |   |   |   |   |--- feature_1 >  19.50
|   |   |   |   |   |   |   |   |   |   |--- feature_10 <= 9.21
|   |   |   |   |   |   |   |   |   |   |   |--- truncated branch of depth 4
|   |   |   |   |   |   |   |   |   |   |--- feature_10 >  9.21
|   |   |   |   |   |   |   |   |   |   |   |--- truncated branch of depth 8
|   |   |   |   |   |   |   |   |--- feature_8 >  1.50
|   |   |   |   |   |   |   |   |   |--- feature_1 <= 962.50
|   |   |   |   |   |   |   |   |   |   |--- feature_0 <= 1958.50
|   |   |   |   |   |   |   |   |   |   |   |--- truncated branch of depth 5
|   |   |   |   |   |   |   |   |   |   |--- feature_0 >  1958.50
|   |   |   |   |   |   |   |   |   |   |   |--- truncated branch of depth 2
|   |   |   |   |   |   |   |   |   |--- feature_1 >  962.50
|   |   |   |   |   |   |   |   |   |   |--- class: positive
|   |   |   |   |   |   |   |--- feature_13 >  3.00
|   |   |   |   |   |   |   |   |--- class: positive
|   |   |   |   |   |   |--- feature_13 >  4.00
|   |   |   |   |   |   |   |--- feature_10 <= 70.85
|   |   |   |   |   |   |   |   |--- feature_14 <= 1.50
|   |   |   |   |   |   |   |   |   |--- feature_9 <= 9.25
|   |   |   |   |   |   |   |   |   |   |--- feature_1 <= 37.50
|   |   |   |   |   |   |   |   |   |   |   |--- class: negative
|   |   |   |   |   |   |   |   |   |   |--- feature_1 >  37.50
|   |   |   |   |   |   |   |   |   |   |   |--- truncated branch of depth 2
|   |   |   |   |   |   |   |   |   |--- feature_9 >  9.25
|   |   |   |   |   |   |   |   |   |   |--- feature_12 <= 13.52
|   |   |   |   |   |   |   |   |   |   |   |--- truncated branch of depth 3
|   |   |   |   |   |   |   |   |   |   |--- feature_12 >  13.52
|   |   |   |   |   |   |   |   |   |   |   |--- class: positive
|   |   |   |   |   |   |   |   |--- feature_14 >  1.50
|   |   |   |   |   |   |   |   |   |--- feature_29 <= 0.05
|   |   |   |   |   |   |   |   |   |   |--- feature_12 <= 40.90
|   |   |   |   |   |   |   |   |   |   |   |--- truncated branch of depth 3
|   |   |   |   |   |   |   |   |   |   |--- feature_12 >  40.90
|   |   |   |   |   |   |   |   |   |   |   |--- truncated branch of depth 5
|   |   |   |   |   |   |   |   |   |--- feature_29 >  0.05
|   |   |   |   |   |   |   |   |   |   |--- feature_29 <= 0.93
|   |   |   |   |   |   |   |   |   |   |   |--- class: positive
|   |   |   |   |   |   |   |   |   |   |--- feature_29 >  0.93
|   |   |   |   |   |   |   |   |   |   |   |--- truncated branch of depth 2
|   |   |   |   |   |   |   |--- feature_10 >  70.85
|   |   |   |   |   |   |   |   |--- feature_6 <= -98.01
|   |   |   |   |   |   |   |   |   |--- class: positive
|   |   |   |   |   |   |   |   |--- feature_6 >  -98.01
|   |   |   |   |   |   |   |   |   |--- class: negative
|   |   |   |   |--- feature_13 >  4.00
|   |   |   |   |   |--- class: positive
|   |   |   |--- feature_13 >  5.00
|   |   |   |   |--- feature_26 <= 0.01
|   |   |   |   |   |--- feature_12 <= 8.77
|   |   |   |   |   |   |--- feature_1 <= 47.50
|   |   |   |   |   |   |   |--- feature_6 <= -96.04
|   |   |   |   |   |   |   |   |--- feature_9 <= 5.95
|   |   |   |   |   |   |   |   |   |--- class: positive
|   |   |   |   |   |   |   |   |--- feature_9 >  5.95
|   |   |   |   |   |   |   |   |   |--- class: negative
|   |   |   |   |   |   |   |--- feature_6 >  -96.04
|   |   |   |   |   |   |   |   |--- feature_15 <= 18.00
|   |   |   |   |   |   |   |   |   |--- class: negative
|   |   |   |   |   |   |   |   |--- feature_15 >  18.00
|   |   |   |   |   |   |   |   |   |--- class: positive
|   |   |   |   |   |   |--- feature_1 >  47.50
|   |   |   |   |   |   |   |--- feature_11 <= 4.81
|   |   |   |   |   |   |   |   |--- class: negative
|   |   |   |   |   |   |   |--- feature_11 >  4.81
|   |   |   |   |   |   |   |   |--- feature_6 <= -100.65
|   |   |   |   |   |   |   |   |   |--- class: negative
|   |   |   |   |   |   |   |   |--- feature_6 >  -100.65
|   |   |   |   |   |   |   |   |   |--- feature_10 <= 11.29
|   |   |   |   |   |   |   |   |   |   |--- feature_1 <= 95.00
|   |   |   |   |   |   |   |   |   |   |   |--- class: negative
|   |   |   |   |   |   |   |   |   |   |--- feature_1 >  95.00
|   |   |   |   |   |   |   |   |   |   |   |--- class: positive
|   |   |   |   |   |   |   |   |   |--- feature_10 >  11.29
|   |   |   |   |   |   |   |   |   |   |--- class: positive
|   |   |   |   |   |--- feature_12 >  8.77
|   |   |   |   |   |   |--- feature_12 <= 35.76
|   |   |   |   |   |   |   |--- feature_10 <= 35.76
|   |   |   |   |   |   |   |   |--- feature_1 <= 10.50
|   |   |   |   |   |   |   |   |   |--- class: negative
|   |   |   |   |   |   |   |   |--- feature_1 >  10.50
|   |   |   |   |   |   |   |   |   |--- feature_11 <= 6.65
|   |   |   |   |   |   |   |   |   |   |--- feature_8 <= 1.50
|   |   |   |   |   |   |   |   |   |   |   |--- truncated branch of depth 10
|   |   |   |   |   |   |   |   |   |   |--- feature_8 >  1.50
|   |   |   |   |   |   |   |   |   |   |   |--- class: negative
|   |   |   |   |   |   |   |   |   |--- feature_11 >  6.65
|   |   |   |   |   |   |   |   |   |   |--- feature_10 <= 22.24
|   |   |   |   |   |   |   |   |   |   |   |--- class: negative
|   |   |   |   |   |   |   |   |   |   |--- feature_10 >  22.24
|   |   |   |   |   |   |   |   |   |   |   |--- truncated branch of depth 3
|   |   |   |   |   |   |   |--- feature_10 >  35.76
|   |   |   |   |   |   |   |   |--- feature_6 <= -98.32
|   |   |   |   |   |   |   |   |   |--- class: negative
|   |   |   |   |   |   |   |   |--- feature_6 >  -98.32
|   |   |   |   |   |   |   |   |   |--- feature_9 <= 23.05
|   |   |   |   |   |   |   |   |   |   |--- class: positive
|   |   |   |   |   |   |   |   |   |--- feature_9 >  23.05
|   |   |   |   |   |   |   |   |   |   |--- feature_11 <= 5.90
|   |   |   |   |   |   |   |   |   |   |   |--- class: positive
|   |   |   |   |   |   |   |   |   |   |--- feature_11 >  5.90
|   |   |   |   |   |   |   |   |   |   |   |--- class: negative
|   |   |   |   |   |   |--- feature_12 >  35.76
|   |   |   |   |   |   |   |--- feature_8 <= 5.50
|   |   |   |   |   |   |   |   |--- feature_0 <= 1941.50
|   |   |   |   |   |   |   |   |   |--- feature_6 <= -98.30
|   |   |   |   |   |   |   |   |   |   |--- feature_0 <= 1938.00
|   |   |   |   |   |   |   |   |   |   |   |--- truncated branch of depth 3
|   |   |   |   |   |   |   |   |   |   |--- feature_0 >  1938.00
|   |   |   |   |   |   |   |   |   |   |   |--- class: positive
|   |   |   |   |   |   |   |   |   |--- feature_6 >  -98.30
|   |   |   |   |   |   |   |   |   |   |--- class: negative
|   |   |   |   |   |   |   |   |--- feature_0 >  1941.50
|   |   |   |   |   |   |   |   |   |--- class: negative
|   |   |   |   |   |   |   |--- feature_8 >  5.50
|   |   |   |   |   |   |   |   |--- feature_11 <= 8.80
|   |   |   |   |   |   |   |   |   |--- class: negative
|   |   |   |   |   |   |   |   |--- feature_11 >  8.80
|   |   |   |   |   |   |   |   |   |--- class: positive
|   |   |   |   |--- feature_26 >  0.01
|   |   |   |   |   |--- feature_26 <= 1.00
|   |   |   |   |   |   |--- class: positive
|   |   |   |   |   |--- feature_26 >  1.00
|   |   |   |   |   |   |--- feature_10 <= 36.12
|   |   |   |   |   |   |   |--- feature_12 <= 6.30
|   |   |   |   |   |   |   |   |--- class: positive
|   |   |   |   |   |   |   |--- feature_12 >  6.30
|   |   |   |   |   |   |   |   |--- feature_8 <= 4.50
|   |   |   |   |   |   |   |   |   |--- class: negative
|   |   |   |   |   |   |   |   |--- feature_8 >  4.50
|   |   |   |   |   |   |   |   |   |--- class: positive
|   |   |   |   |   |   |--- feature_10 >  36.12
|   |   |   |   |   |   |   |--- feature_1 <= 580.00
|   |   |   |   |   |   |   |   |--- class: negative
|   |   |   |   |   |   |   |--- feature_1 >  580.00
|   |   |   |   |   |   |   |   |--- feature_0 <= 1951.50
|   |   |   |   |   |   |   |   |   |--- feature_0 <= 1937.50
|   |   |   |   |   |   |   |   |   |   |--- class: negative
|   |   |   |   |   |   |   |   |   |--- feature_0 >  1937.50
|   |   |   |   |   |   |   |   |   |   |--- class: positive
|   |   |   |   |   |   |   |   |--- feature_0 >  1951.50
|   |   |   |   |   |   |   |   |   |--- feature_8 <= 3.50
|   |   |   |   |   |   |   |   |   |   |--- class: negative
|   |   |   |   |   |   |   |   |   |--- feature_8 >  3.50
|   |   |   |   |   |   |   |   |   |   |--- class: positive
|   |   |--- feature_13 >  5.00
|   |   |   |--- feature_12 <= 22.48
|   |   |   |   |--- feature_5 <= 42.12
|   |   |   |   |   |--- feature_16 <= 0.70
|   |   |   |   |   |   |--- feature_9 <= 24.53
|   |   |   |   |   |   |   |--- class: positive
|   |   |   |   |   |   |--- feature_9 >  24.53
|   |   |   |   |   |   |   |--- feature_0 <= 1957.00
|   |   |   |   |   |   |   |   |--- class: positive
|   |   |   |   |   |   |   |--- feature_0 >  1957.00
|   |   |   |   |   |   |   |   |--- class: negative
|   |   |   |   |   |--- feature_16 >  0.70
|   |   |   |   |   |   |--- class: negative
|   |   |   |   |--- feature_5 >  42.12
|   |   |   |   |   |--- feature_13 <= 6.01
|   |   |   |   |   |   |--- feature_13 <= 5.99
|   |   |   |   |   |   |   |--- class: positive
|   |   |   |   |   |   |--- feature_13 >  5.99
|   |   |   |   |   |   |   |--- feature_9 <= 7.45
|   |   |   |   |   |   |   |   |--- feature_1 <= 22.50
|   |   |   |   |   |   |   |   |   |--- feature_10 <= 7.45
|   |   |   |   |   |   |   |   |   |   |--- class: negative
|   |   |   |   |   |   |   |   |   |--- feature_10 >  7.45
|   |   |   |   |   |   |   |   |   |   |--- class: positive
|   |   |   |   |   |   |   |   |--- feature_1 >  22.50
|   |   |   |   |   |   |   |   |   |--- class: positive
|   |   |   |   |   |   |   |--- feature_9 >  7.45
|   |   |   |   |   |   |   |   |--- class: negative
|   |   |   |   |   |--- feature_13 >  6.01
|   |   |   |   |   |   |--- class: positive
|   |   |   |--- feature_12 >  22.48
|   |   |   |   |--- feature_13 <= 6.00
|   |   |   |   |   |--- class: positive
|   |   |   |   |--- feature_13 >  6.00
|   |   |   |   |   |--- feature_13 <= 6.00
|   |   |   |   |   |   |--- feature_12 <= 66.60
|   |   |   |   |   |   |   |--- class: negative
|   |   |   |   |   |   |--- feature_12 >  66.60
|   |   |   |   |   |   |   |--- feature_10 <= 19.40
|   |   |   |   |   |   |   |   |--- class: negative
|   |   |   |   |   |   |   |--- feature_10 >  19.40
|   |   |   |   |   |   |   |   |--- class: positive
|   |   |   |   |   |--- feature_13 >  6.00
|   |   |   |   |   |   |--- feature_7 <= 29.50
|   |   |   |   |   |   |   |--- feature_13 <= 7.00
|   |   |   |   |   |   |   |   |--- class: positive
|   |   |   |   |   |   |   |--- feature_13 >  7.00
|   |   |   |   |   |   |   |   |--- feature_13 <= 7.01
|   |   |   |   |   |   |   |   |   |--- class: negative
|   |   |   |   |   |   |   |   |--- feature_13 >  7.01
|   |   |   |   |   |   |   |   |   |--- class: positive
|   |   |   |   |   |   |--- feature_7 >  29.50
|   |   |   |   |   |   |   |--- feature_13 <= 7.12
|   |   |   |   |   |   |   |   |--- class: negative
|   |   |   |   |   |   |   |--- feature_13 >  7.12
|   |   |   |   |   |   |   |   |--- class: positive
|   |--- feature_13 >  8.00
|   |   |--- feature_1 <= 16936.50
|   |   |   |--- feature_12 <= 36.75
|   |   |   |   |--- feature_40 <= 0.00
|   |   |   |   |   |--- feature_20 <= 1.00
|   |   |   |   |   |   |--- feature_20 <= 0.00
|   |   |   |   |   |   |   |--- feature_11 <= 6.00
|   |   |   |   |   |   |   |   |--- feature_12 <= 15.30
|   |   |   |   |   |   |   |   |   |--- feature_5 <= 40.40
|   |   |   |   |   |   |   |   |   |   |--- class: negative
|   |   |   |   |   |   |   |   |   |--- feature_5 >  40.40
|   |   |   |   |   |   |   |   |   |   |--- feature_11 <= 4.92
|   |   |   |   |   |   |   |   |   |   |   |--- truncated branch of depth 4
|   |   |   |   |   |   |   |   |   |   |--- feature_11 >  4.92
|   |   |   |   |   |   |   |   |   |   |   |--- truncated branch of depth 7
|   |   |   |   |   |   |   |   |--- feature_12 >  15.30
|   |   |   |   |   |   |   |   |   |--- class: negative
|   |   |   |   |   |   |   |--- feature_11 >  6.00
|   |   |   |   |   |   |   |   |--- feature_6 <= -95.78
|   |   |   |   |   |   |   |   |   |--- feature_0 <= 1953.50
|   |   |   |   |   |   |   |   |   |   |--- feature_1 <= 51.50
|   |   |   |   |   |   |   |   |   |   |   |--- truncated branch of depth 7
|   |   |   |   |   |   |   |   |   |   |--- feature_1 >  51.50
|   |   |   |   |   |   |   |   |   |   |   |--- truncated branch of depth 8
|   |   |   |   |   |   |   |   |   |--- feature_0 >  1953.50
|   |   |   |   |   |   |   |   |   |   |--- feature_1 <= 7.50
|   |   |   |   |   |   |   |   |   |   |   |--- class: positive
|   |   |   |   |   |   |   |   |   |   |--- feature_1 >  7.50
|   |   |   |   |   |   |   |   |   |   |   |--- truncated branch of depth 3
|   |   |   |   |   |   |   |   |--- feature_6 >  -95.78
|   |   |   |   |   |   |   |   |   |--- class: positive
|   |   |   |   |   |   |--- feature_20 >  0.00
|   |   |   |   |   |   |   |--- class: positive
|   |   |   |   |   |--- feature_20 >  1.00
|   |   |   |   |   |   |--- feature_9 <= 18.32
|   |   |   |   |   |   |   |--- feature_0 <= 1965.50
|   |   |   |   |   |   |   |   |--- feature_1 <= 26.50
|   |   |   |   |   |   |   |   |   |--- feature_6 <= -97.05
|   |   |   |   |   |   |   |   |   |   |--- feature_1 <= 22.50
|   |   |   |   |   |   |   |   |   |   |   |--- class: negative
|   |   |   |   |   |   |   |   |   |   |--- feature_1 >  22.50
|   |   |   |   |   |   |   |   |   |   |   |--- truncated branch of depth 3
|   |   |   |   |   |   |   |   |   |--- feature_6 >  -97.05
|   |   |   |   |   |   |   |   |   |   |--- feature_12 <= 30.15
|   |   |   |   |   |   |   |   |   |   |   |--- truncated branch of depth 6
|   |   |   |   |   |   |   |   |   |   |--- feature_12 >  30.15
|   |   |   |   |   |   |   |   |   |   |   |--- class: positive
|   |   |   |   |   |   |   |   |--- feature_1 >  26.50
|   |   |   |   |   |   |   |   |   |--- feature_9 <= 18.08
|   |   |   |   |   |   |   |   |   |   |--- feature_11 <= 6.15
|   |   |   |   |   |   |   |   |   |   |   |--- truncated branch of depth 4
|   |   |   |   |   |   |   |   |   |   |--- feature_11 >  6.15
|   |   |   |   |   |   |   |   |   |   |   |--- class: negative
|   |   |   |   |   |   |   |   |   |--- feature_9 >  18.08
|   |   |   |   |   |   |   |   |   |   |--- feature_0 <= 1936.50
|   |   |   |   |   |   |   |   |   |   |   |--- class: negative
|   |   |   |   |   |   |   |   |   |   |--- feature_0 >  1936.50
|   |   |   |   |   |   |   |   |   |   |   |--- truncated branch of depth 3
|   |   |   |   |   |   |   |--- feature_0 >  1965.50
|   |   |   |   |   |   |   |   |--- feature_1 <= 67.00
|   |   |   |   |   |   |   |   |   |--- feature_10 <= 19.63
|   |   |   |   |   |   |   |   |   |   |--- class: negative
|   |   |   |   |   |   |   |   |   |--- feature_10 >  19.63
|   |   |   |   |   |   |   |   |   |   |--- feature_10 <= 23.50
|   |   |   |   |   |   |   |   |   |   |   |--- class: positive
|   |   |   |   |   |   |   |   |   |   |--- feature_10 >  23.50
|   |   |   |   |   |   |   |   |   |   |   |--- class: negative
|   |   |   |   |   |   |   |   |--- feature_1 >  67.00
|   |   |   |   |   |   |   |   |   |--- feature_1 <= 79.50
|   |   |   |   |   |   |   |   |   |   |--- feature_9 <= 16.51
|   |   |   |   |   |   |   |   |   |   |   |--- class: positive
|   |   |   |   |   |   |   |   |   |   |--- feature_9 >  16.51
|   |   |   |   |   |   |   |   |   |   |   |--- class: negative
|   |   |   |   |   |   |   |   |   |--- feature_1 >  79.50
|   |   |   |   |   |   |   |   |   |   |--- feature_7 <= 2.00
|   |   |   |   |   |   |   |   |   |   |   |--- class: negative
|   |   |   |   |   |   |   |   |   |   |--- feature_7 >  2.00
|   |   |   |   |   |   |   |   |   |   |   |--- truncated branch of depth 2
|   |   |   |   |   |   |--- feature_9 >  18.32
|   |   |   |   |   |   |   |--- feature_2 <= 11.50
|   |   |   |   |   |   |   |   |--- feature_9 <= 24.32
|   |   |   |   |   |   |   |   |   |--- feature_0 <= 1934.00
|   |   |   |   |   |   |   |   |   |   |--- class: positive
|   |   |   |   |   |   |   |   |   |--- feature_0 >  1934.00
|   |   |   |   |   |   |   |   |   |   |--- feature_6 <= -97.88
|   |   |   |   |   |   |   |   |   |   |   |--- class: negative
|   |   |   |   |   |   |   |   |   |   |--- feature_6 >  -97.88
|   |   |   |   |   |   |   |   |   |   |   |--- truncated branch of depth 6
|   |   |   |   |   |   |   |   |--- feature_9 >  24.32
|   |   |   |   |   |   |   |   |   |--- feature_12 <= 33.94
|   |   |   |   |   |   |   |   |   |   |--- feature_5 <= 42.93
|   |   |   |   |   |   |   |   |   |   |   |--- class: negative
|   |   |   |   |   |   |   |   |   |   |--- feature_5 >  42.93
|   |   |   |   |   |   |   |   |   |   |   |--- truncated branch of depth 2
|   |   |   |   |   |   |   |   |   |--- feature_12 >  33.94
|   |   |   |   |   |   |   |   |   |   |--- class: positive
|   |   |   |   |   |   |   |--- feature_2 >  11.50
|   |   |   |   |   |   |   |   |--- feature_11 <= 13.20
|   |   |   |   |   |   |   |   |   |--- class: positive
|   |   |   |   |   |   |   |   |--- feature_11 >  13.20
|   |   |   |   |   |   |   |   |   |--- class: negative
|   |   |   |   |--- feature_40 >  0.00
|   |   |   |   |   |--- feature_40 <= 1.00
|   |   |   |   |   |   |--- class: positive
|   |   |   |   |   |--- feature_40 >  1.00
|   |   |   |   |   |   |--- feature_12 <= 15.30
|   |   |   |   |   |   |   |--- feature_15 <= 18.00
|   |   |   |   |   |   |   |   |--- feature_1 <= 67.50
|   |   |   |   |   |   |   |   |   |--- feature_1 <= 20.00
|   |   |   |   |   |   |   |   |   |   |--- class: negative
|   |   |   |   |   |   |   |   |   |--- feature_1 >  20.00
|   |   |   |   |   |   |   |   |   |   |--- class: positive
|   |   |   |   |   |   |   |   |--- feature_1 >  67.50
|   |   |   |   |   |   |   |   |   |--- class: negative
|   |   |   |   |   |   |   |--- feature_15 >  18.00
|   |   |   |   |   |   |   |   |--- feature_12 <= 13.95
|   |   |   |   |   |   |   |   |   |--- class: negative
|   |   |   |   |   |   |   |   |--- feature_12 >  13.95
|   |   |   |   |   |   |   |   |   |--- feature_9 <= 16.45
|   |   |   |   |   |   |   |   |   |   |--- class: negative
|   |   |   |   |   |   |   |   |   |--- feature_9 >  16.45
|   |   |   |   |   |   |   |   |   |   |--- class: positive
|   |   |   |   |   |   |--- feature_12 >  15.30
|   |   |   |   |   |   |   |--- feature_0 <= 1942.50
|   |   |   |   |   |   |   |   |--- feature_9 <= 8.70
|   |   |   |   |   |   |   |   |   |--- class: positive
|   |   |   |   |   |   |   |   |--- feature_9 >  8.70
|   |   |   |   |   |   |   |   |   |--- class: negative
|   |   |   |   |   |   |   |--- feature_0 >  1942.50
|   |   |   |   |   |   |   |   |--- feature_11 <= 6.84
|   |   |   |   |   |   |   |   |   |--- class: positive
|   |   |   |   |   |   |   |   |--- feature_11 >  6.84
|   |   |   |   |   |   |   |   |   |--- feature_10 <= 11.85
|   |   |   |   |   |   |   |   |   |   |--- class: positive
|   |   |   |   |   |   |   |   |   |--- feature_10 >  11.85
|   |   |   |   |   |   |   |   |   |   |--- feature_6 <= -96.36
|   |   |   |   |   |   |   |   |   |   |   |--- class: negative
|   |   |   |   |   |   |   |   |   |   |--- feature_6 >  -96.36
|   |   |   |   |   |   |   |   |   |   |   |--- class: positive
|   |   |   |--- feature_12 >  36.75
|   |   |   |   |--- feature_10 <= 150.54
|   |   |   |   |   |--- feature_26 <= 0.02
|   |   |   |   |   |   |--- feature_12 <= 65.50
|   |   |   |   |   |   |   |--- feature_32 <= 0.96
|   |   |   |   |   |   |   |   |--- feature_32 <= 0.06
|   |   |   |   |   |   |   |   |   |--- feature_11 <= 7.10
|   |   |   |   |   |   |   |   |   |   |--- feature_0 <= 1922.50
|   |   |   |   |   |   |   |   |   |   |   |--- class: negative
|   |   |   |   |   |   |   |   |   |   |--- feature_0 >  1922.50
|   |   |   |   |   |   |   |   |   |   |   |--- class: positive
|   |   |   |   |   |   |   |   |   |--- feature_11 >  7.10
|   |   |   |   |   |   |   |   |   |   |--- feature_6 <= -96.52
|   |   |   |   |   |   |   |   |   |   |   |--- truncated branch of depth 4
|   |   |   |   |   |   |   |   |   |   |--- feature_6 >  -96.52
|   |   |   |   |   |   |   |   |   |   |   |--- truncated branch of depth 4
|   |   |   |   |   |   |   |   |--- feature_32 >  0.06
|   |   |   |   |   |   |   |   |   |--- class: positive
|   |   |   |   |   |   |   |--- feature_32 >  0.96
|   |   |   |   |   |   |   |   |--- feature_20 <= 0.91
|   |   |   |   |   |   |   |   |   |--- feature_20 <= 0.41
|   |   |   |   |   |   |   |   |   |   |--- feature_1 <= 830.00
|   |   |   |   |   |   |   |   |   |   |   |--- class: negative
|   |   |   |   |   |   |   |   |   |   |--- feature_1 >  830.00
|   |   |   |   |   |   |   |   |   |   |   |--- truncated branch of depth 2
|   |   |   |   |   |   |   |   |   |--- feature_20 >  0.41
|   |   |   |   |   |   |   |   |   |   |--- class: positive
|   |   |   |   |   |   |   |   |--- feature_20 >  0.91
|   |   |   |   |   |   |   |   |   |--- class: negative
|   |   |   |   |   |   |--- feature_12 >  65.50
|   |   |   |   |   |   |   |--- class: negative
|   |   |   |   |   |--- feature_26 >  0.02
|   |   |   |   |   |   |--- feature_26 <= 0.96
|   |   |   |   |   |   |   |--- class: positive
|   |   |   |   |   |   |--- feature_26 >  0.96
|   |   |   |   |   |   |   |--- feature_21 <= 0.18
|   |   |   |   |   |   |   |   |--- feature_6 <= -95.85
|   |   |   |   |   |   |   |   |   |--- feature_5 <= 42.68
|   |   |   |   |   |   |   |   |   |   |--- class: negative
|   |   |   |   |   |   |   |   |   |--- feature_5 >  42.68
|   |   |   |   |   |   |   |   |   |   |--- feature_1 <= 1850.00
|   |   |   |   |   |   |   |   |   |   |   |--- class: negative
|   |   |   |   |   |   |   |   |   |   |--- feature_1 >  1850.00
|   |   |   |   |   |   |   |   |   |   |   |--- class: positive
|   |   |   |   |   |   |   |   |--- feature_6 >  -95.85
|   |   |   |   |   |   |   |   |   |--- feature_6 <= -95.57
|   |   |   |   |   |   |   |   |   |   |--- class: positive
|   |   |   |   |   |   |   |   |   |--- feature_6 >  -95.57
|   |   |   |   |   |   |   |   |   |   |--- class: negative
|   |   |   |   |   |   |   |--- feature_21 >  0.18
|   |   |   |   |   |   |   |   |--- feature_17 <= 0.13
|   |   |   |   |   |   |   |   |   |--- class: negative
|   |   |   |   |   |   |   |   |--- feature_17 >  0.13
|   |   |   |   |   |   |   |   |   |--- class: positive
|   |   |   |   |--- feature_10 >  150.54
|   |   |   |   |   |--- feature_18 <= 1.00
|   |   |   |   |   |   |--- feature_6 <= -100.66
|   |   |   |   |   |   |   |--- class: negative
|   |   |   |   |   |   |--- feature_6 >  -100.66
|   |   |   |   |   |   |   |--- feature_31 <= 0.50
|   |   |   |   |   |   |   |   |--- class: positive
|   |   |   |   |   |   |   |--- feature_31 >  0.50
|   |   |   |   |   |   |   |   |--- class: negative
|   |   |   |   |   |--- feature_18 >  1.00
|   |   |   |   |   |   |--- class: negative
|   |   |--- feature_1 >  16936.50
|   |   |   |--- feature_1 <= 20053.00
|   |   |   |   |--- feature_12 <= 40.67
|   |   |   |   |   |--- feature_5 <= 40.92
|   |   |   |   |   |   |--- class: negative
|   |   |   |   |   |--- feature_5 >  40.92
|   |   |   |   |   |   |--- class: positive
|   |   |   |   |--- feature_12 >  40.67
|   |   |   |   |   |--- class: positive
|   |   |   |--- feature_1 >  20053.00
|   |   |   |   |--- class: negative
|--- feature_0 >  1973.50
|   |--- feature_0 <= 1986.50
|   |   |--- feature_44 <= 1.00
|   |   |   |--- feature_44 <= 0.00
|   |   |   |   |--- feature_45 <= 0.99
|   |   |   |   |   |--- feature_18 <= 0.01
|   |   |   |   |   |   |--- feature_6 <= -97.13
|   |   |   |   |   |   |   |--- feature_15 <= 22.00
|   |   |   |   |   |   |   |   |--- class: positive
|   |   |   |   |   |   |   |--- feature_15 >  22.00
|   |   |   |   |   |   |   |   |--- class: negative
|   |   |   |   |   |   |--- feature_6 >  -97.13
|   |   |   |   |   |   |   |--- feature_6 <= -97.01
|   |   |   |   |   |   |   |   |--- feature_1 <= 531.50
|   |   |   |   |   |   |   |   |   |--- feature_10 <= 16.60
|   |   |   |   |   |   |   |   |   |   |--- class: negative
|   |   |   |   |   |   |   |   |   |--- feature_10 >  16.60
|   |   |   |   |   |   |   |   |   |   |--- class: positive
|   |   |   |   |   |   |   |   |--- feature_1 >  531.50
|   |   |   |   |   |   |   |   |   |--- class: negative
|   |   |   |   |   |   |   |--- feature_6 >  -97.01
|   |   |   |   |   |   |   |   |--- feature_21 <= 0.34
|   |   |   |   |   |   |   |   |   |--- feature_0 <= 1976.50
|   |   |   |   |   |   |   |   |   |   |--- feature_9 <= 24.55
|   |   |   |   |   |   |   |   |   |   |   |--- class: positive
|   |   |   |   |   |   |   |   |   |   |--- feature_9 >  24.55
|   |   |   |   |   |   |   |   |   |   |   |--- class: negative
|   |   |   |   |   |   |   |   |   |--- feature_0 >  1976.50
|   |   |   |   |   |   |   |   |   |   |--- feature_11 <= 8.65
|   |   |   |   |   |   |   |   |   |   |   |--- class: negative
|   |   |   |   |   |   |   |   |   |   |--- feature_11 >  8.65
|   |   |   |   |   |   |   |   |   |   |   |--- truncated branch of depth 3
|   |   |   |   |   |   |   |   |--- feature_21 >  0.34
|   |   |   |   |   |   |   |   |   |--- class: positive
|   |   |   |   |   |--- feature_18 >  0.01
|   |   |   |   |   |   |--- feature_9 <= 8.20
|   |   |   |   |   |   |   |--- class: negative
|   |   |   |   |   |   |--- feature_9 >  8.20
|   |   |   |   |   |   |   |--- feature_13 <= 6.50
|   |   |   |   |   |   |   |   |--- class: negative
|   |   |   |   |   |   |   |--- feature_13 >  6.50
|   |   |   |   |   |   |   |   |--- class: positive
|   |   |   |   |--- feature_45 >  0.99
|   |   |   |   |   |--- feature_11 <= 8.00
|   |   |   |   |   |   |--- feature_0 <= 1984.50
|   |   |   |   |   |   |   |--- class: negative
|   |   |   |   |   |   |--- feature_0 >  1984.50
|   |   |   |   |   |   |   |--- class: positive
|   |   |   |   |   |--- feature_11 >  8.00
|   |   |   |   |   |   |--- class: negative
|   |   |   |--- feature_44 >  0.00
|   |   |   |   |--- class: positive
|   |   |--- feature_44 >  1.00
|   |   |   |--- feature_22 <= 0.00
|   |   |   |   |--- feature_12 <= 29.63
|   |   |   |   |   |--- feature_1 <= 37.50
|   |   |   |   |   |   |--- class: negative
|   |   |   |   |   |--- feature_1 >  37.50
|   |   |   |   |   |   |--- feature_10 <= 17.97
|   |   |   |   |   |   |   |--- feature_32 <= 0.02
|   |   |   |   |   |   |   |   |--- class: negative
|   |   |   |   |   |   |   |--- feature_32 >  0.02
|   |   |   |   |   |   |   |   |--- feature_20 <= 0.92
|   |   |   |   |   |   |   |   |   |--- class: positive
|   |   |   |   |   |   |   |   |--- feature_20 >  0.92
|   |   |   |   |   |   |   |   |   |--- feature_1 <= 196.50
|   |   |   |   |   |   |   |   |   |   |--- feature_5 <= 41.55
|   |   |   |   |   |   |   |   |   |   |   |--- truncated branch of depth 5
|   |   |   |   |   |   |   |   |   |   |--- feature_5 >  41.55
|   |   |   |   |   |   |   |   |   |   |   |--- class: negative
|   |   |   |   |   |   |   |   |   |--- feature_1 >  196.50
|   |   |   |   |   |   |   |   |   |   |--- class: positive
|   |   |   |   |   |   |--- feature_10 >  17.97
|   |   |   |   |   |   |   |--- class: negative
|   |   |   |   |--- feature_12 >  29.63
|   |   |   |   |   |--- feature_2 <= 0.50
|   |   |   |   |   |   |--- feature_21 <= 0.01
|   |   |   |   |   |   |   |--- feature_13 <= 4.92
|   |   |   |   |   |   |   |   |--- feature_13 <= 4.06
|   |   |   |   |   |   |   |   |   |--- feature_1 <= 17.50
|   |   |   |   |   |   |   |   |   |   |--- feature_10 <= 13.85
|   |   |   |   |   |   |   |   |   |   |   |--- class: negative
|   |   |   |   |   |   |   |   |   |   |--- feature_10 >  13.85
|   |   |   |   |   |   |   |   |   |   |   |--- class: positive
|   |   |   |   |   |   |   |   |   |--- feature_1 >  17.50
|   |   |   |   |   |   |   |   |   |   |--- feature_7 <= 21.50
|   |   |   |   |   |   |   |   |   |   |   |--- class: negative
|   |   |   |   |   |   |   |   |   |   |--- feature_7 >  21.50
|   |   |   |   |   |   |   |   |   |   |   |--- truncated branch of depth 2
|   |   |   |   |   |   |   |   |--- feature_13 >  4.06
|   |   |   |   |   |   |   |   |   |--- class: positive
|   |   |   |   |   |   |   |--- feature_13 >  4.92
|   |   |   |   |   |   |   |   |--- feature_1 <= 88.50
|   |   |   |   |   |   |   |   |   |--- class: negative
|   |   |   |   |   |   |   |   |--- feature_1 >  88.50
|   |   |   |   |   |   |   |   |   |--- feature_12 <= 41.85
|   |   |   |   |   |   |   |   |   |   |--- feature_9 <= 12.05
|   |   |   |   |   |   |   |   |   |   |   |--- class: negative
|   |   |   |   |   |   |   |   |   |   |--- feature_9 >  12.05
|   |   |   |   |   |   |   |   |   |   |   |--- truncated branch of depth 3
|   |   |   |   |   |   |   |   |   |--- feature_12 >  41.85
|   |   |   |   |   |   |   |   |   |   |--- class: negative
|   |   |   |   |   |   |--- feature_21 >  0.01
|   |   |   |   |   |   |   |--- feature_21 <= 0.97
|   |   |   |   |   |   |   |   |--- class: positive
|   |   |   |   |   |   |   |--- feature_21 >  0.97
|   |   |   |   |   |   |   |   |--- feature_9 <= 16.30
|   |   |   |   |   |   |   |   |   |--- class: positive
|   |   |   |   |   |   |   |   |--- feature_9 >  16.30
|   |   |   |   |   |   |   |   |   |--- feature_6 <= -101.52
|   |   |   |   |   |   |   |   |   |   |--- feature_11 <= 9.80
|   |   |   |   |   |   |   |   |   |   |   |--- class: positive
|   |   |   |   |   |   |   |   |   |   |--- feature_11 >  9.80
|   |   |   |   |   |   |   |   |   |   |   |--- class: negative
|   |   |   |   |   |   |   |   |   |--- feature_6 >  -101.52
|   |   |   |   |   |   |   |   |   |   |--- class: negative
|   |   |   |   |   |--- feature_2 >  0.50
|   |   |   |   |   |   |--- feature_2 <= 6.50
|   |   |   |   |   |   |   |--- feature_10 <= 23.67
|   |   |   |   |   |   |   |   |--- class: positive
|   |   |   |   |   |   |   |--- feature_10 >  23.67
|   |   |   |   |   |   |   |   |--- feature_27 <= 0.38
|   |   |   |   |   |   |   |   |   |--- class: negative
|   |   |   |   |   |   |   |   |--- feature_27 >  0.38
|   |   |   |   |   |   |   |   |   |--- class: positive
|   |   |   |   |   |   |--- feature_2 >  6.50
|   |   |   |   |   |   |   |--- feature_13 <= 4.91
|   |   |   |   |   |   |   |   |--- feature_9 <= 25.81
|   |   |   |   |   |   |   |   |   |--- class: negative
|   |   |   |   |   |   |   |   |--- feature_9 >  25.81
|   |   |   |   |   |   |   |   |   |--- class: positive
|   |   |   |   |   |   |   |--- feature_13 >  4.91
|   |   |   |   |   |   |   |   |--- feature_11 <= 7.62
|   |   |   |   |   |   |   |   |   |--- feature_29 <= 0.37
|   |   |   |   |   |   |   |   |   |   |--- class: negative
|   |   |   |   |   |   |   |   |   |--- feature_29 >  0.37
|   |   |   |   |   |   |   |   |   |   |--- class: positive
|   |   |   |   |   |   |   |   |--- feature_11 >  7.62
|   |   |   |   |   |   |   |   |   |--- class: negative
|   |   |   |--- feature_22 >  0.00
|   |   |   |   |--- feature_22 <= 0.99
|   |   |   |   |   |--- class: positive
|   |   |   |   |--- feature_22 >  0.99
|   |   |   |   |   |--- feature_1 <= 27.50
|   |   |   |   |   |   |--- class: negative
|   |   |   |   |   |--- feature_1 >  27.50
|   |   |   |   |   |   |--- feature_6 <= -99.05
|   |   |   |   |   |   |   |--- class: negative
|   |   |   |   |   |   |--- feature_6 >  -99.05
|   |   |   |   |   |   |   |--- feature_10 <= 16.92
|   |   |   |   |   |   |   |   |--- feature_6 <= -97.36
|   |   |   |   |   |   |   |   |   |--- class: positive
|   |   |   |   |   |   |   |   |--- feature_6 >  -97.36
|   |   |   |   |   |   |   |   |   |--- class: negative
|   |   |   |   |   |   |   |--- feature_10 >  16.92
|   |   |   |   |   |   |   |   |--- class: negative
|   |--- feature_0 >  1986.50
|   |   |--- feature_11 <= 8.49
|   |   |   |--- feature_44 <= 0.97
|   |   |   |   |--- feature_44 <= 0.00
|   |   |   |   |   |--- feature_18 <= 0.01
|   |   |   |   |   |   |--- class: negative
|   |   |   |   |   |--- feature_18 >  0.01
|   |   |   |   |   |   |--- feature_18 <= 1.00
|   |   |   |   |   |   |   |--- class: positive
|   |   |   |   |   |   |--- feature_18 >  1.00
|   |   |   |   |   |   |   |--- feature_32 <= 0.18
|   |   |   |   |   |   |   |   |--- class: negative
|   |   |   |   |   |   |   |--- feature_32 >  0.18
|   |   |   |   |   |   |   |   |--- class: positive
|   |   |   |   |--- feature_44 >  0.00
|   |   |   |   |   |--- class: positive
|   |   |   |--- feature_44 >  0.97
|   |   |   |   |--- feature_1 <= 94.00
|   |   |   |   |   |--- feature_26 <= 0.50
|   |   |   |   |   |   |--- class: negative
|   |   |   |   |   |--- feature_26 >  0.50
|   |   |   |   |   |   |--- feature_12 <= 19.35
|   |   |   |   |   |   |   |--- class: positive
|   |   |   |   |   |   |--- feature_12 >  19.35
|   |   |   |   |   |   |   |--- class: negative
|   |   |   |   |--- feature_1 >  94.00
|   |   |   |   |   |--- feature_5 <= 40.86
|   |   |   |   |   |   |--- feature_2 <= 4.00
|   |   |   |   |   |   |   |--- class: negative
|   |   |   |   |   |   |--- feature_2 >  4.00
|   |   |   |   |   |   |   |--- class: positive
|   |   |   |   |   |--- feature_5 >  40.86
|   |   |   |   |   |   |--- class: negative
|   |   |--- feature_11 >  8.49
|   |   |   |--- feature_17 <= 0.03
|   |   |   |   |--- feature_12 <= 19.35
|   |   |   |   |   |--- feature_7 <= 32.50
|   |   |   |   |   |   |--- class: negative
|   |   |   |   |   |--- feature_7 >  32.50
|   |   |   |   |   |   |--- class: positive
|   |   |   |   |--- feature_12 >  19.35
|   |   |   |   |   |--- feature_5 <= 42.78
|   |   |   |   |   |   |--- class: negative
|   |   |   |   |   |--- feature_5 >  42.78
|   |   |   |   |   |   |--- feature_5 <= 42.79
|   |   |   |   |   |   |   |--- class: positive
|   |   |   |   |   |   |--- feature_5 >  42.79
|   |   |   |   |   |   |   |--- class: negative
|   |   |   |--- feature_17 >  0.03
|   |   |   |   |--- feature_5 <= 41.81
|   |   |   |   |   |--- feature_0 <= 1988.50
|   |   |   |   |   |   |--- feature_6 <= -97.00
|   |   |   |   |   |   |   |--- class: negative
|   |   |   |   |   |   |--- feature_6 >  -97.00
|   |   |   |   |   |   |   |--- feature_6 <= -96.72
|   |   |   |   |   |   |   |   |--- class: positive
|   |   |   |   |   |   |   |--- feature_6 >  -96.72
|   |   |   |   |   |   |   |   |--- feature_12 <= 67.05
|   |   |   |   |   |   |   |   |   |--- class: negative
|   |   |   |   |   |   |   |   |--- feature_12 >  67.05
|   |   |   |   |   |   |   |   |   |--- class: positive
|   |   |   |   |   |--- feature_0 >  1988.50
|   |   |   |   |   |   |--- class: negative
|   |   |   |   |--- feature_5 >  41.81
|   |   |   |   |   |--- feature_2 <= 5.00
|   |   |   |   |   |   |--- feature_11 <= 8.50
|   |   |   |   |   |   |   |--- feature_7 <= 31.50
|   |   |   |   |   |   |   |   |--- class: negative
|   |   |   |   |   |   |   |--- feature_7 >  31.50
|   |   |   |   |   |   |   |   |--- feature_6 <= -97.13
|   |   |   |   |   |   |   |   |   |--- class: negative
|   |   |   |   |   |   |   |   |--- feature_6 >  -97.13
|   |   |   |   |   |   |   |   |   |--- class: positive
|   |   |   |   |   |   |--- feature_11 >  8.50
|   |   |   |   |   |   |   |--- feature_6 <= -96.94
|   |   |   |   |   |   |   |   |--- class: positive
|   |   |   |   |   |   |   |--- feature_6 >  -96.94
|   |   |   |   |   |   |   |   |--- feature_0 <= 1989.50
|   |   |   |   |   |   |   |   |   |--- class: negative
|   |   |   |   |   |   |   |   |--- feature_0 >  1989.50
|   |   |   |   |   |   |   |   |   |--- class: positive
|   |   |   |   |   |--- feature_2 >  5.00
|   |   |   |   |   |   |--- class: negative
