|--- feature_0 <= 1973.50
|   |--- feature_13 <= 8.00
|   |   |--- feature_13 <= 5.00
|   |   |   |--- feature_13 <= 5.00
|   |   |   |   |--- feature_13 <= 4.00
|   |   |   |   |   |--- feature_14 <= 1.50
|   |   |   |   |   |   |--- feature_11 <= 4.80
|   |   |   |   |   |   |   |--- feature_13 <= 2.00
|   |   |   |   |   |   |   |   |--- class: negative
|   |   |   |   |   |   |   |--- feature_13 >  2.00
|   |   |   |   |   |   |   |   |--- feature_11 <= 4.80
|   |   |   |   |   |   |   |   |   |--- feature_11 <= 4.70
|   |   |   |   |   |   |   |   |   |   |--- feature_11 <= 4.70
|   |   |   |   |   |   |   |   |   |   |   |--- truncated branch of depth 8
|   |   |   |   |   |   |   |   |   |   |--- feature_11 >  4.70
|   |   |   |   |   |   |   |   |   |   |   |--- truncated branch of depth 6
|   |   |   |   |   |   |   |   |   |--- feature_11 >  4.70
|   |   |   |   |   |   |   |   |   |   |--- class: positive
|   |   |   |   |   |   |   |   |--- feature_11 >  4.80
|   |   |   |   |   |   |   |   |   |--- feature_10 <= 25.12
|   |   |   |   |   |   |   |   |   |   |--- feature_12 <= 6.75
|   |   |   |   |   |   |   |   |   |   |   |--- truncated branch of depth 3
|   |   |   |   |   |   |   |   |   |   |--- feature_12 >  6.75
|   |   |   |   |   |   |   |   |   |   |   |--- truncated branch of depth 9
|   |   |   |   |   |   |   |   |   |--- feature_10 >  25.12
|   |   |   |   |   |   |   |   |   |   |--- feature_10 <= 45.01
|   |   |   |   |   |   |   |   |   |   |   |--- truncated branch of depth 4
|   |   |   |   |   |   |   |   |   |   |--- feature_10 >  45.01
|   |   |   |   |   |   |   |   |   |   |   |--- class: positive
|   |   |   |   |   |   |--- feature_11 >  4.80
|   |   |   |   |   |   |   |--- class: positive
|   |   |   |   |   |--- feature_14 >  1.50
|   |   |   |   |   |   |--- feature_13 <= 4.00
|   |   |   |   |   |   |   |--- feature_13 <= 3.00
|   |   |   |   |   |   |   |   |--- feature_13 <= 3.00
|   |   |   |   |   |   |   |   |   |--- feature_13 <= 2.01
|   |   |   |   |   |   |   |   |   |   |--- feature_9 <= 15.47
|   |   |   |   |   |   |   |   |   |   |   |--- truncated branch of depth 4
|   |   |   |   |   |   |   |   |   |   |--- feature_9 >  15.47
|   |   |   |   |   |   |   |   |   |   |   |--- truncated branch of depth 2
|   |   |   |   |   |   |   |   |   |--- feature_13 >  2.01
|   |   |   |   |   |   |   |   |   |   |--- class: positive
|   |   |   |   |   |   |   |   |--- feature_13 >  3.00
|   |   |   |   |   |   |   |   |   |--- feature_44 <= 1.00
|   |   |   |   |   |   |   |   |   |   |--- feature_44 <= 0.00
|   |   |   |   |   |   |   |   |   |   |   |--- truncated branch of depth 9
|   |   |   |   |   |   |   |   |   |   |--- feature_44 >  0.00
|   |   |   |   |   |   |   |   |   |   |   |--- class: positive
|   |   |   |   |   |   |   |   |   |--- feature_44 >  1.00
|   |   |   |   |   |   |   |   |   |   |--- feature_10 <= 9.80
|   |   |   |   |   |   |   |   |   |   |   |--- truncated branch of depth 8
|   |   |   |   |   |   |   |   |   |   |--- feature_10 >  9.80
|   |   |   |   |   |   |   |   |   |   |   |--- truncated branch of depth 10
|   |   |   |   |   |   |   |--- feature_13 >  3.00
|   |   |   |   |   |   |   |   |--- class: positive
|   |   |   |   |   |   |--- feature_13 >  4.00
|   |   |   |   |   |   |   |--- feature_20 <= 0.03
|   |   |   |   |   |   |   |   |--- feature_1 <= 1148.50
|   |   |   |   |   |   |   |   |   |--- class: negative
|   |   |   |   |   |   |   |   |--- feature_1 >  1148.50
|   |   |   |   |   |   |   |   |   |--- feature_1 <= 1182.50
|   |   |   |   |   |   |   |   |   |   |--- class: positive
|   |   |   |   |   |   |   |   |   |--- feature_1 >  1182.50
|   |   |   |   |   |   |   |   |   |   |--- feature_8 <= 3.50
|   |   |   |   |   |   |   |   |   |   |   |--- truncated branch of depth 3
|   |   |   |   |   |   |   |   |   |   |--- feature_8 >  3.50
|   |   |   |   |   |   |   |   |   |   |   |--- class: positive
|   |   |   |   |   |   |   |--- feature_20 >  0.03
|   |   |   |   |   |   |   |   |--- feature_44 <= 1.00
|   |   |   |   |   |   |   |   |   |--- feature_44 <= 0.03
|   |   |   |   |   |   |   |   |   |   |--- feature_11 <= 4.93
|   |   |   |   |   |   |   |   |   |   |   |--- truncated branch of depth 2
|   |   |   |   |   |   |   |   |   |   |--- feature_11 >  4.93
|   |   |   |   |   |   |   |   |   |   |   |--- truncated branch of depth 9
|   |   |   |   |   |   |   |   |   |--- feature_44 >  0.03
|   |   |   |   |   |   |   |   |   |   |--- class: positive
|   |   |   |   |   |   |   |   |--- feature_44 >  1.00
|   |   |   |   |   |   |   |   |   |--- feature_10 <= 44.15
|   |   |   |   |   |   |   |   |   |   |--- feature_0 <= 1952.50
|   |   |   |   |   |   |   |   |   |   |   |--- truncated branch of depth 7
|   |   |   |   |   |   |   |   |   |   |--- feature_0 >  1952.50
|   |   |   |   |   |   |   |   |   |   |   |--- class: negative
|   |   |   |   |   |   |   |   |   |--- feature_10 >  44.15
|   |   |   |   |   |   |   |   |   |   |--- feature_12 <= 33.30
|   |   |   |   |   |   |   |   |   |   |   |--- class: negative
|   |   |   |   |   |   |   |   |   |   |--- feature_12 >  33.30
|   |   |   |   |   |   |   |   |   |   |   |--- truncated branch of depth 2
|   |   |   |   |--- feature_13 >  4.00
|   |   |   |   |   |--- class: positive
|   |   |   |--- feature_13 >  5.00
|   |   |   |   |--- feature_26 <= 0.01
|   |   |   |   |   |--- feature_12 <= 36.51
|   |   |   |   |   |   |--- feature_1 <= 47.50
|   |   |   |   |   |   |   |--- feature_14 <= 1.50
|   |   |   |   |   |   |   |   |--- feature_11 <= 4.83
|   |   |   |   |   |   |   |   |   |--- feature_9 <= 10.65
|   |   |   |   |   |   |   |   |   |   |--- feature_1 <= 12.50
|   |   |   |   |   |   |   |   |   |   |   |--- class: negative
|   |   |   |   |   |   |   |   |   |   |--- feature_1 >  12.50
|   |   |   |   |   |   |   |   |   |   |   |--- truncated branch of depth 4
|   |   |   |   |   |   |   |   |   |--- feature_9 >  10.65
|   |   |   |   |   |   |   |   |   |   |--- feature_2 <= 17.50
|   |   |   |   |   |   |   |   |   |   |   |--- truncated branch of depth 3
|   |   |   |   |   |   |   |   |   |   |--- feature_2 >  17.50
|   |   |   |   |   |   |   |   |   |   |   |--- class: positive
|   |   |   |   |   |   |   |   |--- feature_11 >  4.83
|   |   |   |   |   |   |   |   |   |--- class: positive
|   |   |   |   |   |   |   |--- feature_14 >  1.50
|   |   |   |   |   |   |   |   |--- feature_11 <= 5.95
|   |   |   |   |   |   |   |   |   |--- feature_1 <= 22.50
|   |   |   |   |   |   |   |   |   |   |--- class: negative
|   |   |   |   |   |   |   |   |   |--- feature_1 >  22.50
|   |   |   |   |   |   |   |   |   |   |--- feature_10 <= 10.25
|   |   |   |   |   |   |   |   |   |   |   |--- truncated branch of depth 3
|   |   |   |   |   |   |   |   |   |   |--- feature_10 >  10.25
|   |   |   |   |   |   |   |   |   |   |   |--- class: negative
|   |   |   |   |   |   |   |   |--- feature_11 >  5.95
|   |   |   |   |   |   |   |   |   |--- class: negative
|   |   |   |   |   |   |--- feature_1 >  47.50
|   |   |   |   |   |   |   |--- feature_12 <= 8.96
|   |   |   |   |   |   |   |   |--- feature_11 <= 4.76
|   |   |   |   |   |   |   |   |   |--- class: negative
|   |   |   |   |   |   |   |   |--- feature_11 >  4.76
|   |   |   |   |   |   |   |   |   |--- feature_9 <= 8.73
|   |   |   |   |   |   |   |   |   |   |--- class: positive
|   |   |   |   |   |   |   |   |   |--- feature_9 >  8.73
|   |   |   |   |   |   |   |   |   |   |--- feature_20 <= 0.06
|   |   |   |   |   |   |   |   |   |   |   |--- class: negative
|   |   |   |   |   |   |   |   |   |   |--- feature_20 >  0.06
|   |   |   |   |   |   |   |   |   |   |   |--- truncated branch of depth 2
|   |   |   |   |   |   |   |--- feature_12 >  8.96
|   |   |   |   |   |   |   |   |--- feature_43 <= 0.05
|   |   |   |   |   |   |   |   |   |--- feature_1 <= 324.50
|   |   |   |   |   |   |   |   |   |   |--- feature_9 <= 33.55
|   |   |   |   |   |   |   |   |   |   |   |--- truncated branch of depth 4
|   |   |   |   |   |   |   |   |   |   |--- feature_9 >  33.55
|   |   |   |   |   |   |   |   |   |   |   |--- class: positive
|   |   |   |   |   |   |   |   |   |--- feature_1 >  324.50
|   |   |   |   |   |   |   |   |   |   |--- feature_11 <= 8.08
|   |   |   |   |   |   |   |   |   |   |   |--- truncated branch of depth 3
|   |   |   |   |   |   |   |   |   |   |--- feature_11 >  8.08
|   |   |   |   |   |   |   |   |   |   |   |--- truncated branch of depth 2
|   |   |   |   |   |   |   |   |--- feature_43 >  0.05
|   |   |   |   |   |   |   |   |   |--- feature_43 <= 0.91
|   |   |   |   |   |   |   |   |   |   |--- class: positive
|   |   |   |   |   |   |   |   |   |--- feature_43 >  0.91
|   |   |   |   |   |   |   |   |   |   |--- feature_12 <= 27.45
|   |   |   |   |   |   |   |   |   |   |   |--- class: negative
|   |   |   |   |   |   |   |   |   |   |--- feature_12 >  27.45
|   |   |   |   |   |   |   |   |   |   |   |--- truncated branch of depth 2
|   |   |   |   |   |--- feature_12 >  36.51
|   |   |   |   |   |   |--- feature_8 <= 5.50
|   |   |   |   |   |   |   |--- feature_0 <= 1941.50
|   |   |   |   |   |   |   |   |--- feature_45 <= 0.50
|   |   |   |   |   |   |   |   |   |--- feature_0 <= 1939.50
|   |   |   |   |   |   |   |   |   |   |--- class: negative
|   |   |   |   |   |   |   |   |   |--- feature_0 >  1939.50
|   |   |   |   |   |   |   |   |   |   |--- feature_11 <= 6.00
|   |   |   |   |   |   |   |   |   |   |   |--- class: positive
|   |   |   |   |   |   |   |   |   |   |--- feature_11 >  6.00
|   |   |   |   |   |   |   |   |   |   |   |--- class: negative
|   |   |   |   |   |   |   |   |--- feature_45 >  0.50
|   |   |   |   |   |   |   |   |   |--- feature_1 <= 15.00
|   |   |   |   |   |   |   |   |   |   |--- class: positive
|   |   |   |   |   |   |   |   |   |--- feature_1 >  15.00
|   |   |   |   |   |   |   |   |   |   |--- class: negative
|   |   |   |   |   |   |   |--- feature_0 >  1941.50
|   |   |   |   |   |   |   |   |--- class: negative
|   |   |   |   |   |   |--- feature_8 >  5.50
|   |   |   |   |   |   |   |--- feature_11 <= 8.80
|   |   |   |   |   |   |   |   |--- class: negative
|   |   |   |   |   |   |   |--- feature_11 >  8.80
|   |   |   |   |   |   |   |   |--- class: positive
|   |   |   |   |--- feature_26 >  0.01
|   |   |   |   |   |--- feature_26 <= 0.97
|   |   |   |   |   |   |--- class: positive
|   |   |   |   |   |--- feature_26 >  0.97
|   |   |   |   |   |   |--- feature_0 <= 1951.50
|   |   |   |   |   |   |   |--- feature_10 <= 38.68
|   |   |   |   |   |   |   |   |--- feature_12 <= 8.10
|   |   |   |   |   |   |   |   |   |--- class: positive
|   |   |   |   |   |   |   |   |--- feature_12 >  8.10
|   |   |   |   |   |   |   |   |   |--- feature_8 <= 4.00
|   |   |   |   |   |   |   |   |   |   |--- class: negative
|   |   |   |   |   |   |   |   |   |--- feature_8 >  4.00
|   |   |   |   |   |   |   |   |   |   |--- class: positive
|   |   |   |   |   |   |   |--- feature_10 >  38.68
|   |   |   |   |   |   |   |   |--- feature_1 <= 477.50
|   |   |   |   |   |   |   |   |   |--- class: negative
|   |   |   |   |   |   |   |   |--- feature_1 >  477.50
|   |   |   |   |   |   |   |   |   |--- feature_0 <= 1937.50
|   |   |   |   |   |   |   |   |   |   |--- class: negative
|   |   |   |   |   |   |   |   |   |--- feature_0 >  1937.50
|   |   |   |   |   |   |   |   |   |   |--- class: positive
|   |   |   |   |   |   |--- feature_0 >  1951.50
|   |   |   |   |   |   |   |--- feature_0 <= 1969.50
|   |   |   |   |   |   |   |   |--- feature_8 <= 4.50
|   |   |   |   |   |   |   |   |   |--- class: negative
|   |   |   |   |   |   |   |   |--- feature_8 >  4.50
|   |   |   |   |   |   |   |   |   |--- class: positive
|   |   |   |   |   |   |   |--- feature_0 >  1969.50
|   |   |   |   |   |   |   |   |--- class: positive
|   |   |--- feature_13 >  5.00
|   |   |   |--- feature_12 <= 22.50
|   |   |   |   |--- feature_16 <= 0.78
|   |   |   |   |   |--- feature_13 <= 6.01
|   |   |   |   |   |   |--- feature_13 <= 6.00
|   |   |   |   |   |   |   |--- class: positive
|   |   |   |   |   |   |--- feature_13 >  6.00
|   |   |   |   |   |   |   |--- feature_9 <= 7.45
|   |   |   |   |   |   |   |   |--- feature_9 <= 7.15
|   |   |   |   |   |   |   |   |   |--- feature_1 <= 22.50
|   |   |   |   |   |   |   |   |   |   |--- class: negative
|   |   |   |   |   |   |   |   |   |--- feature_1 >  22.50
|   |   |   |   |   |   |   |   |   |   |--- class: positive
|   |   |   |   |   |   |   |   |--- feature_9 >  7.15
|   |   |   |   |   |   |   |   |   |--- class: positive
|   |   |   |   |   |   |   |--- feature_9 >  7.45
|   |   |   |   |   |   |   |   |--- class: negative
|   |   |   |   |   |--- feature_13 >  6.01
|   |   |   |   |   |   |--- class: positive
|   |   |   |   |--- feature_16 >  0.78
|   |   |   |   |   |--- class: negative
|   |   |   |--- feature_12 >  22.50
|   |   |   |   |--- feature_13 <= 7.00
|   |   |   |   |   |--- feature_13 <= 6.00
|   |   |   |   |   |   |--- class: positive
|   |   |   |   |   |--- feature_13 >  6.00
|   |   |   |   |   |   |--- feature_13 <= 6.00
|   |   |   |   |   |   |   |--- feature_12 <= 66.60
|   |   |   |   |   |   |   |   |--- class: negative
|   |   |   |   |   |   |   |--- feature_12 >  66.60
|   |   |   |   |   |   |   |   |--- feature_32 <= 0.50
|   |   |   |   |   |   |   |   |   |--- class: positive
|   |   |   |   |   |   |   |   |--- feature_32 >  0.50
|   |   |   |   |   |   |   |   |   |--- class: negative
|   |   |   |   |   |   |--- feature_13 >  6.00
|   |   |   |   |   |   |   |--- feature_13 <= 7.00
|   |   |   |   |   |   |   |   |--- class: positive
|   |   |   |   |   |   |   |--- feature_13 >  7.00
|   |   |   |   |   |   |   |   |--- class: negative
|   |   |   |   |--- feature_13 >  7.00
|   |   |   |   |   |--- class: positive
|   |--- feature_13 >  8.00
|   |   |--- feature_1 <= 16154.00
|   |   |   |--- feature_40 <= 0.00
|   |   |   |   |--- feature_22 <= 0.00
|   |   |   |   |   |--- feature_26 <= 0.03
|   |   |   |   |   |   |--- feature_47 <= 0.01
|   |   |   |   |   |   |   |--- feature_14 <= 1.50
|   |   |   |   |   |   |   |   |--- feature_11 <= 5.06
|   |   |   |   |   |   |   |   |   |--- feature_12 <= 30.15
|   |   |   |   |   |   |   |   |   |   |--- feature_1 <= 45.00
|   |   |   |   |   |   |   |   |   |   |   |--- class: negative
|   |   |   |   |   |   |   |   |   |   |--- feature_1 >  45.00
|   |   |   |   |   |   |   |   |   |   |   |--- truncated branch of depth 2
|   |   |   |   |   |   |   |   |   |--- feature_12 >  30.15
|   |   |   |   |   |   |   |   |   |   |--- feature_11 <= 4.79
|   |   |   |   |   |   |   |   |   |   |   |--- class: positive
|   |   |   |   |   |   |   |   |   |   |--- feature_11 >  4.79
|   |   |   |   |   |   |   |   |   |   |   |--- class: negative
|   |   |   |   |   |   |   |   |--- feature_11 >  5.06
|   |   |   |   |   |   |   |   |   |--- class: positive
|   |   |   |   |   |   |   |--- feature_14 >  1.50
|   |   |   |   |   |   |   |   |--- feature_30 <= 0.00
|   |   |   |   |   |   |   |   |   |--- feature_0 <= 1971.50
|   |   |   |   |   |   |   |   |   |   |--- feature_10 <= 111.25
|   |   |   |   |   |   |   |   |   |   |   |--- truncated branch of depth 11
|   |   |   |   |   |   |   |   |   |   |--- feature_10 >  111.25
|   |   |   |   |   |   |   |   |   |   |   |--- truncated branch of depth 3
|   |   |   |   |   |   |   |   |   |--- feature_0 >  1971.50
|   |   |   |   |   |   |   |   |   |   |--- feature_12 <= 37.74
|   |   |   |   |   |   |   |   |   |   |   |--- truncated branch of depth 8
|   |   |   |   |   |   |   |   |   |   |--- feature_12 >  37.74
|   |   |   |   |   |   |   |   |   |   |   |--- truncated branch of depth 2
|   |   |   |   |   |   |   |   |--- feature_30 >  0.00
|   |   |   |   |   |   |   |   |   |--- feature_9 <= 36.60
|   |   |   |   |   |   |   |   |   |   |--- class: positive
|   |   |   |   |   |   |   |   |   |--- feature_9 >  36.60
|   |   |   |   |   |   |   |   |   |   |--- class: negative
|   |   |   |   |   |   |--- feature_47 >  0.01
|   |   |   |   |   |   |   |--- feature_11 <= 6.02
|   |   |   |   |   |   |   |   |--- feature_11 <= 5.47
|   |   |   |   |   |   |   |   |   |--- feature_9 <= 20.17
|   |   |   |   |   |   |   |   |   |   |--- feature_0 <= 1932.50
|   |   |   |   |   |   |   |   |   |   |   |--- truncated branch of depth 2
|   |   |   |   |   |   |   |   |   |   |--- feature_0 >  1932.50
|   |   |   |   |   |   |   |   |   |   |   |--- class: negative
|   |   |   |   |   |   |   |   |   |--- feature_9 >  20.17
|   |   |   |   |   |   |   |   |   |   |--- feature_10 <= 35.35
|   |   |   |   |   |   |   |   |   |   |   |--- truncated branch of depth 2
|   |   |   |   |   |   |   |   |   |   |--- feature_10 >  35.35
|   |   |   |   |   |   |   |   |   |   |   |--- class: negative
|   |   |   |   |   |   |   |   |--- feature_11 >  5.47
|   |   |   |   |   |   |   |   |   |--- class: negative
|   |   |   |   |   |   |   |--- feature_11 >  6.02
|   |   |   |   |   |   |   |   |--- feature_12 <= 12.85
|   |   |   |   |   |   |   |   |   |--- feature_11 <= 6.35
|   |   |   |   |   |   |   |   |   |   |--- class: positive
|   |   |   |   |   |   |   |   |   |--- feature_11 >  6.35
|   |   |   |   |   |   |   |   |   |   |--- class: negative
|   |   |   |   |   |   |   |   |--- feature_12 >  12.85
|   |   |   |   |   |   |   |   |   |--- feature_1 <= 14.50
|   |   |   |   |   |   |   |   |   |   |--- class: negative
|   |   |   |   |   |   |   |   |   |--- feature_1 >  14.50
|   |   |   |   |   |   |   |   |   |   |--- feature_0 <= 1930.50
|   |   |   |   |   |   |   |   |   |   |   |--- truncated branch of depth 2
|   |   |   |   |   |   |   |   |   |   |--- feature_0 >  1930.50
|   |   |   |   |   |   |   |   |   |   |   |--- class: positive
|   |   |   |   |   |--- feature_26 >  0.03
|   |   |   |   |   |   |--- feature_26 <= 0.99
|   |   |   |   |   |   |   |--- class: positive
|   |   |   |   |   |   |--- feature_26 >  0.99
|   |   |   |   |   |   |   |--- feature_12 <= 37.44
|   |   |   |   |   |   |   |   |--- feature_17 <= 0.94
|   |   |   |   |   |   |   |   |   |--- feature_43 <= 0.13
|   |   |   |   |   |   |   |   |   |   |--- feature_12 <= 35.13
|   |   |   |   |   |   |   |   |   |   |   |--- truncated branch of depth 3
|   |   |   |   |   |   |   |   |   |   |--- feature_12 >  35.13
|   |   |   |   |   |   |   |   |   |   |   |--- truncated branch of depth 2
|   |   |   |   |   |   |   |   |   |--- feature_43 >  0.13
|   |   |   |   |   |   |   |   |   |   |--- feature_10 <= 17.24
|   |   |   |   |   |   |   |   |   |   |   |--- class: negative
|   |   |   |   |   |   |   |   |   |   |--- feature_10 >  17.24
|   |   |   |   |   |   |   |   |   |   |   |--- truncated branch of depth 3
|   |   |   |   |   |   |   |   |--- feature_17 >  0.94
|   |   |   |   |   |   |   |   |   |--- feature_2 <= 17.50
|   |   |   |   |   |   |   |   |   |   |--- class: negative
|   |   |   |   |   |   |   |   |   |--- feature_2 >  17.50
|   |   |   |   |   |   |   |   |   |   |--- feature_0 <= 1943.00
|   |   |   |   |   |   |   |   |   |   |   |--- class: negative
|   |   |   |   |   |   |   |   |   |   |--- feature_0 >  1943.00
|   |   |   |   |   |   |   |   |   |   |   |--- class: positive
|   |   |   |   |   |   |   |--- feature_12 >  37.44
|   |   |   |   |   |   |   |   |--- feature_7 <= 21.00
|   |   |   |   |   |   |   |   |   |--- feature_1 <= 2515.00
|   |   |   |   |   |   |   |   |   |   |--- class: negative
|   |   |   |   |   |   |   |   |   |--- feature_1 >  2515.00
|   |   |   |   |   |   |   |   |   |   |--- feature_1 <= 2540.00
|   |   |   |   |   |   |   |   |   |   |   |--- class: positive
|   |   |   |   |   |   |   |   |   |   |--- feature_1 >  2540.00
|   |   |   |   |   |   |   |   |   |   |   |--- class: negative
|   |   |   |   |   |   |   |   |--- feature_7 >  21.00
|   |   |   |   |   |   |   |   |   |--- feature_7 <= 29.50
|   |   |   |   |   |   |   |   |   |   |--- class: positive
|   |   |   |   |   |   |   |   |   |--- feature_7 >  29.50
|   |   |   |   |   |   |   |   |   |   |--- feature_11 <= 6.90
|   |   |   |   |   |   |   |   |   |   |   |--- truncated branch of depth 2
|   |   |   |   |   |   |   |   |   |   |--- feature_11 >  6.90
|   |   |   |   |   |   |   |   |   |   |   |--- class: negative
|   |   |   |   |--- feature_22 >  0.00
|   |   |   |   |   |--- feature_22 <= 0.97
|   |   |   |   |   |   |--- class: positive
|   |   |   |   |   |--- feature_22 >  0.97
|   |   |   |   |   |   |--- feature_10 <= 9.81
|   |   |   |   |   |   |   |--- feature_11 <= 5.55
|   |   |   |   |   |   |   |   |--- feature_12 <= 15.75
|   |   |   |   |   |   |   |   |   |--- feature_12 <= 0.26
|   |   |   |   |   |   |   |   |   |   |--- feature_10 <= 9.60
|   |   |   |   |   |   |   |   |   |   |   |--- class: negative
|   |   |   |   |   |   |   |   |   |   |--- feature_10 >  9.60
|   |   |   |   |   |   |   |   |   |   |   |--- class: positive
|   |   |   |   |   |   |   |   |   |--- feature_12 >  0.26
|   |   |   |   |   |   |   |   |   |   |--- feature_12 <= 6.21
|   |   |   |   |   |   |   |   |   |   |   |--- class: positive
|   |   |   |   |   |   |   |   |   |   |--- feature_12 >  6.21
|   |   |   |   |   |   |   |   |   |   |   |--- truncated branch of depth 4
|   |   |   |   |   |   |   |   |--- feature_12 >  15.75
|   |   |   |   |   |   |   |   |   |--- class: negative
|   |   |   |   |   |   |   |--- feature_11 >  5.55
|   |   |   |   |   |   |   |   |--- feature_1 <= 85.00
|   |   |   |   |   |   |   |   |   |--- feature_10 <= 9.60
|   |   |   |   |   |   |   |   |   |   |--- class: negative
|   |   |   |   |   |   |   |   |   |--- feature_10 >  9.60
|   |   |   |   |   |   |   |   |   |   |--- feature_12 <= 13.05
|   |   |   |   |   |   |   |   |   |   |   |--- class: negative
|   |   |   |   |   |   |   |   |   |   |--- feature_12 >  13.05
|   |   |   |   |   |   |   |   |   |   |   |--- truncated branch of depth 4
|   |   |   |   |   |   |   |   |--- feature_1 >  85.00
|   |   |   |   |   |   |   |   |   |--- feature_11 <= 7.05
|   |   |   |   |   |   |   |   |   |   |--- feature_11 <= 6.10
|   |   |   |   |   |   |   |   |   |   |   |--- class: negative
|   |   |   |   |   |   |   |   |   |   |--- feature_11 >  6.10
|   |   |   |   |   |   |   |   |   |   |   |--- class: positive
|   |   |   |   |   |   |   |   |   |--- feature_11 >  7.05
|   |   |   |   |   |   |   |   |   |   |--- class: negative
|   |   |   |   |   |   |--- feature_10 >  9.81
|   |   |   |   |   |   |   |--- feature_12 <= 16.08
|   |   |   |   |   |   |   |   |--- feature_1 <= 75.00
|   |   |   |   |   |   |   |   |   |--- feature_1 <= 50.50
|   |   |   |   |   |   |   |   |   |   |--- feature_11 <= 6.00
|   |   |   |   |   |   |   |   |   |   |   |--- truncated branch of depth 7
|   |   |   |   |   |   |   |   |   |   |--- feature_11 >  6.00
|   |   |   |   |   |   |   |   |   |   |   |--- truncated branch of depth 10
|   |   |   |   |   |   |   |   |   |--- feature_1 >  50.50
|   |   |   |   |   |   |   |   |   |   |--- class: positive
|   |   |   |   |   |   |   |   |--- feature_1 >  75.00
|   |   |   |   |   |   |   |   |   |--- class: negative
|   |   |   |   |   |   |   |--- feature_12 >  16.08
|   |   |   |   |   |   |   |   |--- class: negative
|   |   |   |--- feature_40 >  0.00
|   |   |   |   |--- feature_40 <= 1.00
|   |   |   |   |   |--- class: positive
|   |   |   |   |--- feature_40 >  1.00
|   |   |   |   |   |--- feature_12 <= 15.30
|   |   |   |   |   |   |--- feature_15 <= 18.00
|   |   |   |   |   |   |   |--- feature_0 <= 1949.50
|   |   |   |   |   |   |   |   |--- feature_12 <= 8.10
|   |   |   |   |   |   |   |   |   |--- class: negative
|   |   |   |   |   |   |   |   |--- feature_12 >  8.10
|   |   |   |   |   |   |   |   |   |--- class: positive
|   |   |   |   |   |   |   |--- feature_0 >  1949.50
|   |   |   |   |   |   |   |   |--- class: negative
|   |   |   |   |   |   |--- feature_15 >  18.00
|   |   |   |   |   |   |   |--- feature_12 <= 13.95
|   |   |   |   |   |   |   |   |--- class: negative
|   |   |   |   |   |   |   |--- feature_12 >  13.95
|   |   |   |   |   |   |   |   |--- feature_9 <= 16.45
|   |   |   |   |   |   |   |   |   |--- class: negative
|   |   |   |   |   |   |   |   |--- feature_9 >  16.45
|   |   |   |   |   |   |   |   |   |--- class: positive
|   |   |   |   |   |--- feature_12 >  15.30
|   |   |   |   |   |   |--- feature_0 <= 1942.50
|   |   |   |   |   |   |   |--- feature_9 <= 8.70
|   |   |   |   |   |   |   |   |--- class: positive
|   |   |   |   |   |   |   |--- feature_9 >  8.70
|   |   |   |   |   |   |   |   |--- class: negative
|   |   |   |   |   |   |--- feature_0 >  1942.50
|   |   |   |   |   |   |   |--- feature_1 <= 135.00
|   |   |   |   |   |   |   |   |--- feature_12 <= 32.35
|   |   |   |   |   |   |   |   |   |--- feature_1 <= 60.00
|   |   |   |   |   |   |   |   |   |   |--- class: positive
|   |   |   |   |   |   |   |   |   |--- feature_1 >  60.00
|   |   |   |   |   |   |   |   |   |   |--- feature_0 <= 1965.50
|   |   |   |   |   |   |   |   |   |   |   |--- class: negative
|   |   |   |   |   |   |   |   |   |   |--- feature_0 >  1965.50
|   |   |   |   |   |   |   |   |   |   |   |--- class: positive
|   |   |   |   |   |   |   |   |--- feature_12 >  32.35
|   |   |   |   |   |   |   |   |   |--- class: negative
|   |   |   |   |   |   |   |--- feature_1 >  135.00
|   |   |   |   |   |   |   |   |--- class: negative
|   |   |--- feature_1 >  16154.00
|   |   |   |--- feature_11 <= 12.90
|   |   |   |   |--- feature_0 <= 1967.50
|   |   |   |   |   |--- feature_12 <= 40.78
|   |   |   |   |   |   |--- feature_9 <= 11.15
|   |   |   |   |   |   |   |--- class: negative
|   |   |   |   |   |   |--- feature_9 >  11.15
|   |   |   |   |   |   |   |--- class: positive
|   |   |   |   |   |--- feature_12 >  40.78
|   |   |   |   |   |   |--- class: positive
|   |   |   |   |--- feature_0 >  1967.50
|   |   |   |   |   |--- class: negative
|   |   |   |--- feature_11 >  12.90
|   |   |   |   |--- class: negative
|--- feature_0 >  1973.50
|   |--- feature_0 <= 1986.50
|   |   |--- feature_44 <= 1.00
|   |   |   |--- feature_44 <= 0.00
|   |   |   |   |--- feature_45 <= 0.98
|   |   |   |   |   |--- feature_18 <= 0.01
|   |   |   |   |   |   |--- feature_9 <= 9.60
|   |   |   |   |   |   |   |--- class: negative
|   |   |   |   |   |   |--- feature_9 >  9.60
|   |   |   |   |   |   |   |--- feature_2 <= 8.50
|   |   |   |   |   |   |   |   |--- feature_27 <= 1.00
|   |   |   |   |   |   |   |   |   |--- feature_27 <= 0.29
|   |   |   |   |   |   |   |   |   |   |--- feature_9 <= 11.23
|   |   |   |   |   |   |   |   |   |   |   |--- truncated branch of depth 4
|   |   |   |   |   |   |   |   |   |   |--- feature_9 >  11.23
|   |   |   |   |   |   |   |   |   |   |   |--- truncated branch of depth 7
|   |   |   |   |   |   |   |   |   |--- feature_27 >  0.29
|   |   |   |   |   |   |   |   |   |   |--- class: positive
|   |   |   |   |   |   |   |   |--- feature_27 >  1.00
|   |   |   |   |   |   |   |   |   |--- feature_1 <= 2582.50
|   |   |   |   |   |   |   |   |   |   |--- feature_12 <= 64.80
|   |   |   |   |   |   |   |   |   |   |   |--- class: negative
|   |   |   |   |   |   |   |   |   |   |--- feature_12 >  64.80
|   |   |   |   |   |   |   |   |   |   |   |--- truncated branch of depth 3
|   |   |   |   |   |   |   |   |   |--- feature_1 >  2582.50
|   |   |   |   |   |   |   |   |   |   |--- class: positive
|   |   |   |   |   |   |   |--- feature_2 >  8.50
|   |   |   |   |   |   |   |   |--- feature_15 <= 18.00
|   |   |   |   |   |   |   |   |   |--- class: positive
|   |   |   |   |   |   |   |   |--- feature_15 >  18.00
|   |   |   |   |   |   |   |   |   |--- feature_10 <= 54.70
|   |   |   |   |   |   |   |   |   |   |--- class: negative
|   |   |   |   |   |   |   |   |   |--- feature_10 >  54.70
|   |   |   |   |   |   |   |   |   |   |--- feature_0 <= 1979.00
|   |   |   |   |   |   |   |   |   |   |   |--- class: positive
|   |   |   |   |   |   |   |   |   |   |--- feature_0 >  1979.00
|   |   |   |   |   |   |   |   |   |   |   |--- class: negative
|   |   |   |   |   |--- feature_18 >  0.01
|   |   |   |   |   |   |--- feature_9 <= 8.20
|   |   |   |   |   |   |   |--- class: negative
|   |   |   |   |   |   |--- feature_9 >  8.20
|   |   |   |   |   |   |   |--- feature_13 <= 6.50
|   |   |   |   |   |   |   |   |--- class: negative
|   |   |   |   |   |   |   |--- feature_13 >  6.50
|   |   |   |   |   |   |   |   |--- class: positive
|   |   |   |   |--- feature_45 >  0.98
|   |   |   |   |   |--- feature_11 <= 8.01
|   |   |   |   |   |   |--- feature_0 <= 1984.50
|   |   |   |   |   |   |   |--- class: negative
|   |   |   |   |   |   |--- feature_0 >  1984.50
|   |   |   |   |   |   |   |--- class: positive
|   |   |   |   |   |--- feature_11 >  8.01
|   |   |   |   |   |   |--- class: negative
|   |   |   |--- feature_44 >  0.00
|   |   |   |   |--- class: positive
|   |   |--- feature_44 >  1.00
|   |   |   |--- feature_22 <= 0.01
|   |   |   |   |--- feature_12 <= 26.98
|   |   |   |   |   |--- feature_16 <= 0.02
|   |   |   |   |   |   |--- feature_1 <= 37.50
|   |   |   |   |   |   |   |--- class: negative
|   |   |   |   |   |   |--- feature_1 >  37.50
|   |   |   |   |   |   |   |--- feature_10 <= 15.65
|   |   |   |   |   |   |   |   |--- feature_32 <= 0.08
|   |   |   |   |   |   |   |   |   |--- class: negative
|   |   |   |   |   |   |   |   |--- feature_32 >  0.08
|   |   |   |   |   |   |   |   |   |--- feature_12 <= 23.44
|   |   |   |   |   |   |   |   |   |   |--- feature_10 <= 13.81
|   |   |   |   |   |   |   |   |   |   |   |--- truncated branch of depth 3
|   |   |   |   |   |   |   |   |   |   |--- feature_10 >  13.81
|   |   |   |   |   |   |   |   |   |   |   |--- class: positive
|   |   |   |   |   |   |   |   |   |--- feature_12 >  23.44
|   |   |   |   |   |   |   |   |   |   |--- feature_11 <= 6.89
|   |   |   |   |   |   |   |   |   |   |   |--- class: negative
|   |   |   |   |   |   |   |   |   |   |--- feature_11 >  6.89
|   |   |   |   |   |   |   |   |   |   |   |--- class: positive
|   |   |   |   |   |   |   |--- feature_10 >  15.65
|   |   |   |   |   |   |   |   |--- class: negative
|   |   |   |   |   |--- feature_16 >  0.02
|   |   |   |   |   |   |--- class: positive
|   |   |   |   |--- feature_12 >  26.98
|   |   |   |   |   |--- feature_13 <= 4.95
|   |   |   |   |   |   |--- feature_13 <= 4.00
|   |   |   |   |   |   |   |--- feature_1 <= 18.00
|   |   |   |   |   |   |   |   |--- feature_32 <= 0.55
|   |   |   |   |   |   |   |   |   |--- class: positive
|   |   |   |   |   |   |   |   |--- feature_32 >  0.55
|   |   |   |   |   |   |   |   |   |--- class: negative
|   |   |   |   |   |   |   |--- feature_1 >  18.00
|   |   |   |   |   |   |   |   |--- feature_12 <= 68.69
|   |   |   |   |   |   |   |   |   |--- feature_7 <= 21.50
|   |   |   |   |   |   |   |   |   |   |--- class: negative
|   |   |   |   |   |   |   |   |   |--- feature_7 >  21.50
|   |   |   |   |   |   |   |   |   |   |--- feature_32 <= 0.50
|   |   |   |   |   |   |   |   |   |   |   |--- class: negative
|   |   |   |   |   |   |   |   |   |   |--- feature_32 >  0.50
|   |   |   |   |   |   |   |   |   |   |   |--- class: positive
|   |   |   |   |   |   |   |   |--- feature_12 >  68.69
|   |   |   |   |   |   |   |   |   |--- feature_1 <= 239.00
|   |   |   |   |   |   |   |   |   |   |--- class: negative
|   |   |   |   |   |   |   |   |   |--- feature_1 >  239.00
|   |   |   |   |   |   |   |   |   |   |--- class: positive
|   |   |   |   |   |   |--- feature_13 >  4.00
|   |   |   |   |   |   |   |--- class: positive
|   |   |   |   |   |--- feature_13 >  4.95
|   |   |   |   |   |   |--- feature_12 <= 40.19
|   |   |   |   |   |   |   |--- feature_2 <= 0.50
|   |   |   |   |   |   |   |   |--- feature_9 <= 14.07
|   |   |   |   |   |   |   |   |   |--- feature_10 <= 12.65
|   |   |   |   |   |   |   |   |   |   |--- feature_0 <= 1979.50
|   |   |   |   |   |   |   |   |   |   |   |--- truncated branch of depth 7
|   |   |   |   |   |   |   |   |   |   |--- feature_0 >  1979.50
|   |   |   |   |   |   |   |   |   |   |   |--- class: negative
|   |   |   |   |   |   |   |   |   |--- feature_10 >  12.65
|   |   |   |   |   |   |   |   |   |   |--- feature_8 <= 1.50
|   |   |   |   |   |   |   |   |   |   |   |--- truncated branch of depth 2
|   |   |   |   |   |   |   |   |   |   |--- feature_8 >  1.50
|   |   |   |   |   |   |   |   |   |   |   |--- class: negative
|   |   |   |   |   |   |   |   |--- feature_9 >  14.07
|   |   |   |   |   |   |   |   |   |--- class: negative
|   |   |   |   |   |   |   |--- feature_2 >  0.50
|   |   |   |   |   |   |   |   |--- feature_9 <= 16.86
|   |   |   |   |   |   |   |   |   |--- feature_16 <= 0.50
|   |   |   |   |   |   |   |   |   |   |--- class: positive
|   |   |   |   |   |   |   |   |   |--- feature_16 >  0.50
|   |   |   |   |   |   |   |   |   |   |--- class: negative
|   |   |   |   |   |   |   |   |--- feature_9 >  16.86
|   |   |   |   |   |   |   |   |   |--- class: negative
|   |   |   |   |   |   |--- feature_12 >  40.19
|   |   |   |   |   |   |   |--- feature_10 <= 20.85
|   |   |   |   |   |   |   |   |--- class: negative
|   |   |   |   |   |   |   |--- feature_10 >  20.85
|   |   |   |   |   |   |   |   |--- feature_13 <= 7.86
|   |   |   |   |   |   |   |   |   |--- feature_13 <= 6.04
|   |   |   |   |   |   |   |   |   |   |--- feature_10 <= 30.20
|   |   |   |   |   |   |   |   |   |   |   |--- truncated branch of depth 3
|   |   |   |   |   |   |   |   |   |   |--- feature_10 >  30.20
|   |   |   |   |   |   |   |   |   |   |   |--- class: negative
|   |   |   |   |   |   |   |   |   |--- feature_13 >  6.04
|   |   |   |   |   |   |   |   |   |   |--- feature_21 <= 0.18
|   |   |   |   |   |   |   |   |   |   |   |--- class: negative
|   |   |   |   |   |   |   |   |   |   |--- feature_21 >  0.18
|   |   |   |   |   |   |   |   |   |   |   |--- class: positive
|   |   |   |   |   |   |   |   |--- feature_13 >  7.86
|   |   |   |   |   |   |   |   |   |--- feature_12 <= 47.25
|   |   |   |   |   |   |   |   |   |   |--- feature_11 <= 7.75
|   |   |   |   |   |   |   |   |   |   |   |--- truncated branch of depth 2
|   |   |   |   |   |   |   |   |   |   |--- feature_11 >  7.75
|   |   |   |   |   |   |   |   |   |   |   |--- truncated branch of depth 3
|   |   |   |   |   |   |   |   |   |--- feature_12 >  47.25
|   |   |   |   |   |   |   |   |   |   |--- class: negative
|   |   |   |--- feature_22 >  0.01
|   |   |   |   |--- feature_22 <= 1.00
|   |   |   |   |   |--- class: positive
|   |   |   |   |--- feature_22 >  1.00
|   |   |   |   |   |--- feature_1 <= 26.00
|   |   |   |   |   |   |--- class: negative
|   |   |   |   |   |--- feature_1 >  26.00
|   |   |   |   |   |   |--- feature_12 <= 8.55
|   |   |   |   |   |   |   |--- feature_12 <= 5.42
|   |   |   |   |   |   |   |   |--- class: negative
|   |   |   |   |   |   |   |--- feature_12 >  5.42
|   |   |   |   |   |   |   |   |--- feature_13 <= 5.35
|   |   |   |   |   |   |   |   |   |--- class: negative
|   |   |   |   |   |   |   |   |--- feature_13 >  5.35
|   |   |   |   |   |   |   |   |   |--- class: positive
|   |   |   |   |   |   |--- feature_12 >  8.55
|   |   |   |   |   |   |   |--- feature_1 <= 37.50
|   |   |   |   |   |   |   |   |--- class: positive
|   |   |   |   |   |   |   |--- feature_1 >  37.50
|   |   |   |   |   |   |   |   |--- class: negative
|   |--- feature_0 >  1986.50
|   |   |--- feature_44 <= 0.99
|   |   |   |--- feature_44 <= 0.01
|   |   |   |   |--- feature_11 <= 8.49
|   |   |   |   |   |--- feature_18 <= 0.01
|   |   |   |   |   |   |--- class: negative
|   |   |   |   |   |--- feature_18 >  0.01
|   |   |   |   |   |   |--- feature_18 <= 0.95
|   |   |   |   |   |   |   |--- class: positive
|   |   |   |   |   |   |--- feature_18 >  0.95
|   |   |   |   |   |   |   |--- feature_32 <= 0.09
|   |   |   |   |   |   |   |   |--- class: negative
|   |   |   |   |   |   |   |--- feature_32 >  0.09
|   |   |   |   |   |   |   |   |--- class: positive
|   |   |   |   |--- feature_11 >  8.49
|   |   |   |   |   |--- feature_10 <= 30.33
|   |   |   |   |   |   |--- feature_0 <= 1988.50
|   |   |   |   |   |   |   |--- feature_7 <= 11.50
|   |   |   |   |   |   |   |   |--- class: negative
|   |   |   |   |   |   |   |--- feature_7 >  11.50
|   |   |   |   |   |   |   |   |--- feature_7 <= 14.00
|   |   |   |   |   |   |   |   |   |--- class: positive
|   |   |   |   |   |   |   |   |--- feature_7 >  14.00
|   |   |   |   |   |   |   |   |   |--- class: negative
|   |   |   |   |   |   |--- feature_0 >  1988.50
|   |   |   |   |   |   |   |--- class: negative
|   |   |   |   |   |--- feature_10 >  30.33
|   |   |   |   |   |   |--- feature_2 <= 2.50
|   |   |   |   |   |   |   |--- feature_26 <= 0.01
|   |   |   |   |   |   |   |   |--- feature_1 <= 52.00
|   |   |   |   |   |   |   |   |   |--- feature_12 <= 54.45
|   |   |   |   |   |   |   |   |   |   |--- feature_12 <= 53.55
|   |   |   |   |   |   |   |   |   |   |   |--- class: negative
|   |   |   |   |   |   |   |   |   |   |--- feature_12 >  53.55
|   |   |   |   |   |   |   |   |   |   |   |--- class: positive
|   |   |   |   |   |   |   |   |   |--- feature_12 >  54.45
|   |   |   |   |   |   |   |   |   |   |--- class: negative
|   |   |   |   |   |   |   |   |--- feature_1 >  52.00
|   |   |   |   |   |   |   |   |   |--- feature_1 <= 73.00
|   |   |   |   |   |   |   |   |   |   |--- feature_7 <= 25.50
|   |   |   |   |   |   |   |   |   |   |   |--- truncated branch of depth 5
|   |   |   |   |   |   |   |   |   |   |--- feature_7 >  25.50
|   |   |   |   |   |   |   |   |   |   |   |--- truncated branch of depth 2
|   |   |   |   |   |   |   |   |   |--- feature_1 >  73.00
|   |   |   |   |   |   |   |   |   |   |--- feature_27 <= 0.09
|   |   |   |   |   |   |   |   |   |   |   |--- truncated branch of depth 4
|   |   |   |   |   |   |   |   |   |   |--- feature_27 >  0.09
|   |   |   |   |   |   |   |   |   |   |   |--- truncated branch of depth 2
|   |   |   |   |   |   |   |--- feature_26 >  0.01
|   |   |   |   |   |   |   |   |--- class: positive
|   |   |   |   |   |   |--- feature_2 >  2.50
|   |   |   |   |   |   |   |--- class: negative
|   |   |   |--- feature_44 >  0.01
|   |   |   |   |--- class: positive
|   |   |--- feature_44 >  0.99
|   |   |   |--- feature_12 <= 38.25
|   |   |   |   |--- feature_0 <= 1989.50
|   |   |   |   |   |--- feature_2 <= 4.00
|   |   |   |   |   |   |--- feature_7 <= 37.50
|   |   |   |   |   |   |   |--- feature_12 <= 6.75
|   |   |   |   |   |   |   |   |--- feature_32 <= 0.50
|   |   |   |   |   |   |   |   |   |--- class: positive
|   |   |   |   |   |   |   |   |--- feature_32 >  0.50
|   |   |   |   |   |   |   |   |   |--- class: negative
|   |   |   |   |   |   |   |--- feature_12 >  6.75
|   |   |   |   |   |   |   |   |--- class: negative
|   |   |   |   |   |   |--- feature_7 >  37.50
|   |   |   |   |   |   |   |--- class: positive
|   |   |   |   |   |--- feature_2 >  4.00
|   |   |   |   |   |   |--- feature_20 <= 0.41
|   |   |   |   |   |   |   |--- class: negative
|   |   |   |   |   |   |--- feature_20 >  0.41
|   |   |   |   |   |   |   |--- class: positive
|   |   |   |   |--- feature_0 >  1989.50
|   |   |   |   |   |--- class: negative
|   |   |   |--- feature_12 >  38.25
|   |   |   |   |--- class: negative
