|--- feature_0 <= 1969.50
|   |--- feature_19 <= 1.00
|   |   |--- feature_1 <= 16042.00
|   |   |   |--- feature_15 <= 7.99
|   |   |   |   |--- feature_15 <= 5.00
|   |   |   |   |   |--- feature_15 <= 5.00
|   |   |   |   |   |   |--- feature_15 <= 4.00
|   |   |   |   |   |   |   |--- feature_12 <= 9.87
|   |   |   |   |   |   |   |   |--- feature_12 <= 9.60
|   |   |   |   |   |   |   |   |   |--- class: negative
|   |   |   |   |   |   |   |   |--- feature_12 >  9.60
|   |   |   |   |   |   |   |   |   |--- feature_8 <= 97305900.00
|   |   |   |   |   |   |   |   |   |   |--- class: negative
|   |   |   |   |   |   |   |   |   |--- feature_8 >  97305900.00
|   |   |   |   |   |   |   |   |   |   |--- feature_11 <= 9.25
|   |   |   |   |   |   |   |   |   |   |   |--- class: positive
|   |   |   |   |   |   |   |   |   |   |--- feature_11 >  9.25
|   |   |   |   |   |   |   |   |   |   |   |--- class: negative
|   |   |   |   |   |   |   |--- feature_12 >  9.87
|   |   |   |   |   |   |   |   |--- feature_15 <= 3.99
|   |   |   |   |   |   |   |   |   |--- feature_15 <= 3.00
|   |   |   |   |   |   |   |   |   |   |--- feature_13 <= 6.40
|   |   |   |   |   |   |   |   |   |   |   |--- truncated branch of depth 8
|   |   |   |   |   |   |   |   |   |   |--- feature_13 >  6.40
|   |   |   |   |   |   |   |   |   |   |   |--- truncated branch of depth 5
|   |   |   |   |   |   |   |   |   |--- feature_15 >  3.00
|   |   |   |   |   |   |   |   |   |   |--- class: positive
|   |   |   |   |   |   |   |   |--- feature_15 >  3.99
|   |   |   |   |   |   |   |   |   |--- feature_8 <= 97351708.00
|   |   |   |   |   |   |   |   |   |   |--- feature_7 <= 41226200.00
|   |   |   |   |   |   |   |   |   |   |   |--- truncated branch of depth 2
|   |   |   |   |   |   |   |   |   |   |--- feature_7 >  41226200.00
|   |   |   |   |   |   |   |   |   |   |   |--- truncated branch of depth 4
|   |   |   |   |   |   |   |   |   |--- feature_8 >  97351708.00
|   |   |   |   |   |   |   |   |   |   |--- feature_8 <= 99516200.00
|   |   |   |   |   |   |   |   |   |   |   |--- truncated branch of depth 7
|   |   |   |   |   |   |   |   |   |   |--- feature_8 >  99516200.00
|   |   |   |   |   |   |   |   |   |   |   |--- class: negative
|   |   |   |   |   |   |--- feature_15 >  4.00
|   |   |   |   |   |   |   |--- class: positive
|   |   |   |   |   |--- feature_15 >  5.00
|   |   |   |   |   |   |--- feature_12 <= 23.95
|   |   |   |   |   |   |   |--- feature_12 <= 6.55
|   |   |   |   |   |   |   |   |--- class: positive
|   |   |   |   |   |   |   |--- feature_12 >  6.55
|   |   |   |   |   |   |   |   |--- feature_14 <= 10.80
|   |   |   |   |   |   |   |   |   |--- feature_14 <= 9.45
|   |   |   |   |   |   |   |   |   |   |--- class: negative
|   |   |   |   |   |   |   |   |   |--- feature_14 >  9.45
|   |   |   |   |   |   |   |   |   |   |--- class: positive
|   |   |   |   |   |   |   |   |--- feature_14 >  10.80
|   |   |   |   |   |   |   |   |   |--- class: negative
|   |   |   |   |   |   |--- feature_12 >  23.95
|   |   |   |   |   |   |   |--- feature_8 <= 97355000.00
|   |   |   |   |   |   |   |   |--- feature_18 <= 18.00
|   |   |   |   |   |   |   |   |   |--- class: positive
|   |   |   |   |   |   |   |   |--- feature_18 >  18.00
|   |   |   |   |   |   |   |   |   |--- feature_11 <= 7.35
|   |   |   |   |   |   |   |   |   |   |--- class: positive
|   |   |   |   |   |   |   |   |   |--- feature_11 >  7.35
|   |   |   |   |   |   |   |   |   |   |--- feature_7 <= 42046200.00
|   |   |   |   |   |   |   |   |   |   |   |--- class: negative
|   |   |   |   |   |   |   |   |   |   |--- feature_7 >  42046200.00
|   |   |   |   |   |   |   |   |   |   |   |--- truncated branch of depth 2
|   |   |   |   |   |   |   |--- feature_8 >  97355000.00
|   |   |   |   |   |   |   |   |--- feature_0 <= 1955.50
|   |   |   |   |   |   |   |   |   |--- feature_1 <= 347.00
|   |   |   |   |   |   |   |   |   |   |--- feature_3 <= 4.00
|   |   |   |   |   |   |   |   |   |   |   |--- class: negative
|   |   |   |   |   |   |   |   |   |   |--- feature_3 >  4.00
|   |   |   |   |   |   |   |   |   |   |   |--- truncated branch of depth 2
|   |   |   |   |   |   |   |   |   |--- feature_1 >  347.00
|   |   |   |   |   |   |   |   |   |   |--- feature_2 <= 12.50
|   |   |   |   |   |   |   |   |   |   |   |--- truncated branch of depth 5
|   |   |   |   |   |   |   |   |   |   |--- feature_2 >  12.50
|   |   |   |   |   |   |   |   |   |   |   |--- truncated branch of depth 2
|   |   |   |   |   |   |   |   |--- feature_0 >  1955.50
|   |   |   |   |   |   |   |   |   |--- feature_2 <= 5.00
|   |   |   |   |   |   |   |   |   |   |--- feature_7 <= 40725342.00
|   |   |   |   |   |   |   |   |   |   |   |--- class: negative
|   |   |   |   |   |   |   |   |   |   |--- feature_7 >  40725342.00
|   |   |   |   |   |   |   |   |   |   |   |--- class: positive
|   |   |   |   |   |   |   |   |   |--- feature_2 >  5.00
|   |   |   |   |   |   |   |   |   |   |--- class: negative
|   |   |   |   |--- feature_15 >  5.00
|   |   |   |   |   |--- feature_15 <= 5.99
|   |   |   |   |   |   |--- class: positive
|   |   |   |   |   |--- feature_15 >  5.99
|   |   |   |   |   |   |--- feature_15 <= 6.00
|   |   |   |   |   |   |   |--- feature_14 <= 66.60
|   |   |   |   |   |   |   |   |--- class: negative
|   |   |   |   |   |   |   |--- feature_14 >  66.60
|   |   |   |   |   |   |   |   |--- class: positive
|   |   |   |   |   |   |--- feature_15 >  6.00
|   |   |   |   |   |   |   |--- feature_9 <= 29.50
|   |   |   |   |   |   |   |   |--- feature_15 <= 7.00
|   |   |   |   |   |   |   |   |   |--- class: positive
|   |   |   |   |   |   |   |   |--- feature_15 >  7.00
|   |   |   |   |   |   |   |   |   |--- feature_15 <= 7.02
|   |   |   |   |   |   |   |   |   |   |--- class: negative
|   |   |   |   |   |   |   |   |   |--- feature_15 >  7.02
|   |   |   |   |   |   |   |   |   |   |--- class: positive
|   |   |   |   |   |   |   |--- feature_9 >  29.50
|   |   |   |   |   |   |   |   |--- feature_15 <= 7.10
|   |   |   |   |   |   |   |   |   |--- class: negative
|   |   |   |   |   |   |   |   |--- feature_15 >  7.10
|   |   |   |   |   |   |   |   |   |--- class: positive
|   |   |   |--- feature_15 >  7.99
|   |   |   |   |--- feature_8 <= 95432100.00
|   |   |   |   |   |--- feature_4 <= 4.50
|   |   |   |   |   |   |--- class: positive
|   |   |   |   |   |--- feature_4 >  4.50
|   |   |   |   |   |   |--- class: negative
|   |   |   |   |--- feature_8 >  95432100.00
|   |   |   |   |   |--- feature_12 <= 111.14
|   |   |   |   |   |   |--- feature_4 <= 4.50
|   |   |   |   |   |   |   |--- feature_12 <= 16.84
|   |   |   |   |   |   |   |   |--- feature_3 <= 3.50
|   |   |   |   |   |   |   |   |   |--- feature_11 <= 11.12
|   |   |   |   |   |   |   |   |   |   |--- class: negative
|   |   |   |   |   |   |   |   |   |--- feature_11 >  11.12
|   |   |   |   |   |   |   |   |   |   |--- feature_11 <= 11.57
|   |   |   |   |   |   |   |   |   |   |   |--- truncated branch of depth 2
|   |   |   |   |   |   |   |   |   |   |--- feature_11 >  11.57
|   |   |   |   |   |   |   |   |   |   |   |--- truncated branch of depth 5
|   |   |   |   |   |   |   |   |--- feature_3 >  3.50
|   |   |   |   |   |   |   |   |   |--- feature_13 <= 6.09
|   |   |   |   |   |   |   |   |   |   |--- feature_8 <= 96387536.00
|   |   |   |   |   |   |   |   |   |   |   |--- truncated branch of depth 2
|   |   |   |   |   |   |   |   |   |   |--- feature_8 >  96387536.00
|   |   |   |   |   |   |   |   |   |   |   |--- class: positive
|   |   |   |   |   |   |   |   |   |--- feature_13 >  6.09
|   |   |   |   |   |   |   |   |   |   |--- feature_8 <= 99436500.00
|   |   |   |   |   |   |   |   |   |   |   |--- class: negative
|   |   |   |   |   |   |   |   |   |   |--- feature_8 >  99436500.00
|   |   |   |   |   |   |   |   |   |   |   |--- class: positive
|   |   |   |   |   |   |   |--- feature_12 >  16.84
|   |   |   |   |   |   |   |   |--- feature_13 <= 7.84
|   |   |   |   |   |   |   |   |   |--- feature_1 <= 111.00
|   |   |   |   |   |   |   |   |   |   |--- feature_14 <= 20.42
|   |   |   |   |   |   |   |   |   |   |   |--- truncated branch of depth 6
|   |   |   |   |   |   |   |   |   |   |--- feature_14 >  20.42
|   |   |   |   |   |   |   |   |   |   |   |--- truncated branch of depth 3
|   |   |   |   |   |   |   |   |   |--- feature_1 >  111.00
|   |   |   |   |   |   |   |   |   |   |--- feature_4 <= 1.50
|   |   |   |   |   |   |   |   |   |   |   |--- truncated branch of depth 5
|   |   |   |   |   |   |   |   |   |   |--- feature_4 >  1.50
|   |   |   |   |   |   |   |   |   |   |   |--- truncated branch of depth 4
|   |   |   |   |   |   |   |   |--- feature_13 >  7.84
|   |   |   |   |   |   |   |   |   |--- feature_7 <= 41487460.00
|   |   |   |   |   |   |   |   |   |   |--- feature_11 <= 13.51
|   |   |   |   |   |   |   |   |   |   |   |--- class: negative
|   |   |   |   |   |   |   |   |   |   |--- feature_11 >  13.51
|   |   |   |   |   |   |   |   |   |   |   |--- truncated branch of depth 5
|   |   |   |   |   |   |   |   |   |--- feature_7 >  41487460.00
|   |   |   |   |   |   |   |   |   |   |--- feature_1 <= 1640.00
|   |   |   |   |   |   |   |   |   |   |   |--- truncated branch of depth 4
|   |   |   |   |   |   |   |   |   |   |--- feature_1 >  1640.00
|   |   |   |   |   |   |   |   |   |   |   |--- truncated branch of depth 3
|   |   |   |   |   |   |--- feature_4 >  4.50
|   |   |   |   |   |   |   |--- feature_1 <= 12104.00
|   |   |   |   |   |   |   |   |--- class: negative
|   |   |   |   |   |   |   |--- feature_1 >  12104.00
|   |   |   |   |   |   |   |   |--- feature_13 <= 11.11
|   |   |   |   |   |   |   |   |   |--- class: positive
|   |   |   |   |   |   |   |   |--- feature_13 >  11.11
|   |   |   |   |   |   |   |   |   |--- class: negative
|   |   |   |   |   |--- feature_12 >  111.14
|   |   |   |   |   |   |--- feature_13 <= 12.54
|   |   |   |   |   |   |   |--- feature_4 <= 2.50
|   |   |   |   |   |   |   |   |--- class: negative
|   |   |   |   |   |   |   |--- feature_4 >  2.50
|   |   |   |   |   |   |   |   |--- feature_3 <= 3.50
|   |   |   |   |   |   |   |   |   |--- class: positive
|   |   |   |   |   |   |   |   |--- feature_3 >  3.50
|   |   |   |   |   |   |   |   |   |--- feature_7 <= 41120354.00
|   |   |   |   |   |   |   |   |   |   |--- class: negative
|   |   |   |   |   |   |   |   |   |--- feature_7 >  41120354.00
|   |   |   |   |   |   |   |   |   |   |--- class: positive
|   |   |   |   |   |   |--- feature_13 >  12.54
|   |   |   |   |   |   |   |--- class: negative
|   |   |--- feature_1 >  16042.00
|   |   |   |--- feature_13 <= 12.90
|   |   |   |   |--- feature_14 <= 40.51
|   |   |   |   |   |--- feature_13 <= 11.70
|   |   |   |   |   |   |--- class: positive
|   |   |   |   |   |--- feature_13 >  11.70
|   |   |   |   |   |   |--- class: negative
|   |   |   |   |--- feature_14 >  40.51
|   |   |   |   |   |--- class: positive
|   |   |   |--- feature_13 >  12.90
|   |   |   |   |--- class: negative
|   |--- feature_19 >  1.00
|   |   |--- feature_19 <= 8.00
|   |   |   |--- feature_15 <= 8.00
|   |   |   |   |--- feature_19 <= 5.00
|   |   |   |   |   |--- feature_1 <= 11.00
|   |   |   |   |   |   |--- class: negative
|   |   |   |   |   |--- feature_1 >  11.00
|   |   |   |   |   |   |--- feature_20 <= 18.00
|   |   |   |   |   |   |   |--- feature_4 <= 4.50
|   |   |   |   |   |   |   |   |--- feature_8 <= 102980228.00
|   |   |   |   |   |   |   |   |   |--- class: positive
|   |   |   |   |   |   |   |   |--- feature_8 >  102980228.00
|   |   |   |   |   |   |   |   |   |--- feature_1 <= 39.00
|   |   |   |   |   |   |   |   |   |   |--- class: negative
|   |   |   |   |   |   |   |   |   |--- feature_1 >  39.00
|   |   |   |   |   |   |   |   |   |   |--- class: positive
|   |   |   |   |   |   |   |--- feature_4 >  4.50
|   |   |   |   |   |   |   |   |--- feature_0 <= 1952.50
|   |   |   |   |   |   |   |   |   |--- class: negative
|   |   |   |   |   |   |   |   |--- feature_0 >  1952.50
|   |   |   |   |   |   |   |   |   |--- class: positive
|   |   |   |   |   |   |--- feature_20 >  18.00
|   |   |   |   |   |   |   |--- class: negative
|   |   |   |   |--- feature_19 >  5.00
|   |   |   |   |   |--- feature_19 <= 6.00
|   |   |   |   |   |   |--- feature_19 <= 6.00
|   |   |   |   |   |   |   |--- feature_19 <= 5.01
|   |   |   |   |   |   |   |   |--- class: negative
|   |   |   |   |   |   |   |--- feature_19 >  5.01
|   |   |   |   |   |   |   |   |--- class: positive
|   |   |   |   |   |   |--- feature_19 >  6.00
|   |   |   |   |   |   |   |--- feature_12 <= 25.32
|   |   |   |   |   |   |   |   |--- feature_13 <= 5.00
|   |   |   |   |   |   |   |   |   |--- class: negative
|   |   |   |   |   |   |   |   |--- feature_13 >  5.00
|   |   |   |   |   |   |   |   |   |--- feature_13 <= 6.65
|   |   |   |   |   |   |   |   |   |   |--- feature_12 <= 12.33
|   |   |   |   |   |   |   |   |   |   |   |--- truncated branch of depth 2
|   |   |   |   |   |   |   |   |   |   |--- feature_12 >  12.33
|   |   |   |   |   |   |   |   |   |   |   |--- truncated branch of depth 2
|   |   |   |   |   |   |   |   |   |--- feature_13 >  6.65
|   |   |   |   |   |   |   |   |   |   |--- class: negative
|   |   |   |   |   |   |   |--- feature_12 >  25.32
|   |   |   |   |   |   |   |   |--- class: positive
|   |   |   |   |   |--- feature_19 >  6.00
|   |   |   |   |   |   |--- feature_7 <= 40011040.00
|   |   |   |   |   |   |   |--- class: negative
|   |   |   |   |   |   |--- feature_7 >  40011040.00
|   |   |   |   |   |   |   |--- class: positive
|   |   |   |--- feature_15 >  8.00
|   |   |   |   |--- feature_0 <= 1935.50
|   |   |   |   |   |--- feature_19 <= 6.01
|   |   |   |   |   |   |--- feature_19 <= 5.95
|   |   |   |   |   |   |   |--- feature_14 <= 29.15
|   |   |   |   |   |   |   |   |--- feature_20 <= 1.50
|   |   |   |   |   |   |   |   |   |--- class: negative
|   |   |   |   |   |   |   |   |--- feature_20 >  1.50
|   |   |   |   |   |   |   |   |   |--- class: positive
|   |   |   |   |   |   |   |--- feature_14 >  29.15
|   |   |   |   |   |   |   |   |--- feature_19 <= 1.52
|   |   |   |   |   |   |   |   |   |--- class: positive
|   |   |   |   |   |   |   |   |--- feature_19 >  1.52
|   |   |   |   |   |   |   |   |   |--- class: negative
|   |   |   |   |   |   |--- feature_19 >  5.95
|   |   |   |   |   |   |   |--- feature_8 <= 95821132.00
|   |   |   |   |   |   |   |   |--- feature_13 <= 5.88
|   |   |   |   |   |   |   |   |   |--- class: negative
|   |   |   |   |   |   |   |   |--- feature_13 >  5.88
|   |   |   |   |   |   |   |   |   |--- class: positive
|   |   |   |   |   |   |   |--- feature_8 >  95821132.00
|   |   |   |   |   |   |   |   |--- feature_18 <= 18.00
|   |   |   |   |   |   |   |   |   |--- feature_1 <= 22.50
|   |   |   |   |   |   |   |   |   |   |--- class: negative
|   |   |   |   |   |   |   |   |   |--- feature_1 >  22.50
|   |   |   |   |   |   |   |   |   |   |--- class: positive
|   |   |   |   |   |   |   |   |--- feature_18 >  18.00
|   |   |   |   |   |   |   |   |   |--- feature_14 <= 56.25
|   |   |   |   |   |   |   |   |   |   |--- class: negative
|   |   |   |   |   |   |   |   |   |--- feature_14 >  56.25
|   |   |   |   |   |   |   |   |   |   |--- class: positive
|   |   |   |   |   |--- feature_19 >  6.01
|   |   |   |   |   |   |--- class: positive
|   |   |   |   |--- feature_0 >  1935.50
|   |   |   |   |   |--- feature_7 <= 41152618.00
|   |   |   |   |   |   |--- feature_11 <= 11.43
|   |   |   |   |   |   |   |--- feature_0 <= 1952.50
|   |   |   |   |   |   |   |   |--- class: positive
|   |   |   |   |   |   |   |--- feature_0 >  1952.50
|   |   |   |   |   |   |   |   |--- feature_14 <= 36.69
|   |   |   |   |   |   |   |   |   |--- feature_8 <= 97020544.00
|   |   |   |   |   |   |   |   |   |   |--- class: positive
|   |   |   |   |   |   |   |   |   |--- feature_8 >  97020544.00
|   |   |   |   |   |   |   |   |   |   |--- feature_19 <= 7.11
|   |   |   |   |   |   |   |   |   |   |   |--- class: negative
|   |   |   |   |   |   |   |   |   |   |--- feature_19 >  7.11
|   |   |   |   |   |   |   |   |   |   |   |--- class: positive
|   |   |   |   |   |   |   |   |--- feature_14 >  36.69
|   |   |   |   |   |   |   |   |   |--- class: negative
|   |   |   |   |   |   |--- feature_11 >  11.43
|   |   |   |   |   |   |   |--- feature_14 <= 2.37
|   |   |   |   |   |   |   |   |--- class: negative
|   |   |   |   |   |   |   |--- feature_14 >  2.37
|   |   |   |   |   |   |   |   |--- class: positive
|   |   |   |   |   |--- feature_7 >  41152618.00
|   |   |   |   |   |   |--- feature_13 <= 4.81
|   |   |   |   |   |   |   |--- feature_0 <= 1950.50
|   |   |   |   |   |   |   |   |--- class: positive
|   |   |   |   |   |   |   |--- feature_0 >  1950.50
|   |   |   |   |   |   |   |   |--- class: negative
|   |   |   |   |   |   |--- feature_13 >  4.81
|   |   |   |   |   |   |   |--- class: positive
|   |   |--- feature_19 >  8.00
|   |   |   |--- feature_19 <= 9.00
|   |   |   |   |--- feature_19 <= 8.00
|   |   |   |   |   |--- feature_16 <= 1.50
|   |   |   |   |   |   |--- feature_13 <= 4.80
|   |   |   |   |   |   |   |--- feature_20 <= 9.50
|   |   |   |   |   |   |   |   |--- feature_20 <= 3.50
|   |   |   |   |   |   |   |   |   |--- feature_10 <= 1.50
|   |   |   |   |   |   |   |   |   |   |--- feature_8 <= 97535028.00
|   |   |   |   |   |   |   |   |   |   |   |--- truncated branch of depth 11
|   |   |   |   |   |   |   |   |   |   |--- feature_8 >  97535028.00
|   |   |   |   |   |   |   |   |   |   |   |--- truncated branch of depth 2
|   |   |   |   |   |   |   |   |   |--- feature_10 >  1.50
|   |   |   |   |   |   |   |   |   |   |--- feature_7 <= 42311200.00
|   |   |   |   |   |   |   |   |   |   |   |--- truncated branch of depth 5
|   |   |   |   |   |   |   |   |   |   |--- feature_7 >  42311200.00
|   |   |   |   |   |   |   |   |   |   |   |--- truncated branch of depth 2
|   |   |   |   |   |   |   |   |--- feature_20 >  3.50
|   |   |   |   |   |   |   |   |   |--- class: positive
|   |   |   |   |   |   |   |--- feature_20 >  9.50
|   |   |   |   |   |   |   |   |--- feature_12 <= 22.24
|   |   |   |   |   |   |   |   |   |--- feature_8 <= 96130952.00
|   |   |   |   |   |   |   |   |   |   |--- class: negative
|   |   |   |   |   |   |   |   |   |--- feature_8 >  96130952.00
|   |   |   |   |   |   |   |   |   |   |--- feature_8 <= 96161200.00
|   |   |   |   |   |   |   |   |   |   |   |--- class: positive
|   |   |   |   |   |   |   |   |   |   |--- feature_8 >  96161200.00
|   |   |   |   |   |   |   |   |   |   |   |--- truncated branch of depth 8
|   |   |   |   |   |   |   |   |--- feature_12 >  22.24
|   |   |   |   |   |   |   |   |   |--- feature_14 <= 0.52
|   |   |   |   |   |   |   |   |   |   |--- feature_0 <= 1942.00
|   |   |   |   |   |   |   |   |   |   |   |--- class: negative
|   |   |   |   |   |   |   |   |   |   |--- feature_0 >  1942.00
|   |   |   |   |   |   |   |   |   |   |   |--- truncated branch of depth 2
|   |   |   |   |   |   |   |   |   |--- feature_14 >  0.52
|   |   |   |   |   |   |   |   |   |   |--- feature_1 <= 48.00
|   |   |   |   |   |   |   |   |   |   |   |--- truncated branch of depth 7
|   |   |   |   |   |   |   |   |   |   |--- feature_1 >  48.00
|   |   |   |   |   |   |   |   |   |   |   |--- truncated branch of depth 3
|   |   |   |   |   |   |--- feature_13 >  4.80
|   |   |   |   |   |   |   |--- feature_1 <= 4.00
|   |   |   |   |   |   |   |   |--- class: negative
|   |   |   |   |   |   |   |--- feature_1 >  4.00
|   |   |   |   |   |   |   |   |--- class: positive
|   |   |   |   |   |--- feature_16 >  1.50
|   |   |   |   |   |   |--- feature_13 <= 4.90
|   |   |   |   |   |   |   |--- feature_18 <= 19.50
|   |   |   |   |   |   |   |   |--- class: positive
|   |   |   |   |   |   |   |--- feature_18 >  19.50
|   |   |   |   |   |   |   |   |--- feature_8 <= 95506200.00
|   |   |   |   |   |   |   |   |   |--- feature_7 <= 40226800.00
|   |   |   |   |   |   |   |   |   |   |--- class: positive
|   |   |   |   |   |   |   |   |   |--- feature_7 >  40226800.00
|   |   |   |   |   |   |   |   |   |   |--- class: negative
|   |   |   |   |   |   |   |   |--- feature_8 >  95506200.00
|   |   |   |   |   |   |   |   |   |--- feature_11 <= 7.60
|   |   |   |   |   |   |   |   |   |   |--- feature_15 <= 5.50
|   |   |   |   |   |   |   |   |   |   |   |--- class: negative
|   |   |   |   |   |   |   |   |   |   |--- feature_15 >  5.50
|   |   |   |   |   |   |   |   |   |   |   |--- truncated branch of depth 3
|   |   |   |   |   |   |   |   |   |--- feature_11 >  7.60
|   |   |   |   |   |   |   |   |   |   |--- feature_15 <= 3.50
|   |   |   |   |   |   |   |   |   |   |   |--- truncated branch of depth 4
|   |   |   |   |   |   |   |   |   |   |--- feature_15 >  3.50
|   |   |   |   |   |   |   |   |   |   |   |--- class: negative
|   |   |   |   |   |   |--- feature_13 >  4.90
|   |   |   |   |   |   |   |--- feature_12 <= 7.31
|   |   |   |   |   |   |   |   |--- feature_7 <= 41516800.00
|   |   |   |   |   |   |   |   |   |--- class: negative
|   |   |   |   |   |   |   |   |--- feature_7 >  41516800.00
|   |   |   |   |   |   |   |   |   |--- feature_7 <= 41536200.00
|   |   |   |   |   |   |   |   |   |   |--- class: positive
|   |   |   |   |   |   |   |   |   |--- feature_7 >  41536200.00
|   |   |   |   |   |   |   |   |   |   |--- feature_13 <= 6.05
|   |   |   |   |   |   |   |   |   |   |   |--- class: negative
|   |   |   |   |   |   |   |   |   |   |--- feature_13 >  6.05
|   |   |   |   |   |   |   |   |   |   |   |--- truncated branch of depth 4
|   |   |   |   |   |   |   |--- feature_12 >  7.31
|   |   |   |   |   |   |   |   |--- feature_15 <= 7.99
|   |   |   |   |   |   |   |   |   |--- feature_15 <= 5.00
|   |   |   |   |   |   |   |   |   |   |--- feature_13 <= 6.99
|   |   |   |   |   |   |   |   |   |   |   |--- truncated branch of depth 10
|   |   |   |   |   |   |   |   |   |   |--- feature_13 >  6.99
|   |   |   |   |   |   |   |   |   |   |   |--- truncated branch of depth 4
|   |   |   |   |   |   |   |   |   |--- feature_15 >  5.00
|   |   |   |   |   |   |   |   |   |   |--- feature_14 <= 33.51
|   |   |   |   |   |   |   |   |   |   |   |--- truncated branch of depth 4
|   |   |   |   |   |   |   |   |   |   |--- feature_14 >  33.51
|   |   |   |   |   |   |   |   |   |   |   |--- class: negative
|   |   |   |   |   |   |   |   |--- feature_15 >  7.99
|   |   |   |   |   |   |   |   |   |--- feature_11 <= 9.37
|   |   |   |   |   |   |   |   |   |   |--- feature_12 <= 9.85
|   |   |   |   |   |   |   |   |   |   |   |--- truncated branch of depth 7
|   |   |   |   |   |   |   |   |   |   |--- feature_12 >  9.85
|   |   |   |   |   |   |   |   |   |   |   |--- truncated branch of depth 7
|   |   |   |   |   |   |   |   |   |--- feature_11 >  9.37
|   |   |   |   |   |   |   |   |   |   |--- feature_0 <= 1967.50
|   |   |   |   |   |   |   |   |   |   |   |--- truncated branch of depth 11
|   |   |   |   |   |   |   |   |   |   |--- feature_0 >  1967.50
|   |   |   |   |   |   |   |   |   |   |   |--- class: positive
|   |   |   |   |--- feature_19 >  8.00
|   |   |   |   |   |--- class: positive
|   |   |   |--- feature_19 >  9.00
|   |   |   |   |--- feature_2 <= 0.50
|   |   |   |   |   |--- feature_7 <= 40442586.00
|   |   |   |   |   |   |--- class: negative
|   |   |   |   |   |--- feature_7 >  40442586.00
|   |   |   |   |   |   |--- feature_7 <= 41134636.00
|   |   |   |   |   |   |   |--- feature_8 <= 98186800.00
|   |   |   |   |   |   |   |   |--- feature_9 <= 2.00
|   |   |   |   |   |   |   |   |   |--- feature_8 <= 96561500.00
|   |   |   |   |   |   |   |   |   |   |--- feature_14 <= 6.75
|   |   |   |   |   |   |   |   |   |   |   |--- class: negative
|   |   |   |   |   |   |   |   |   |   |--- feature_14 >  6.75
|   |   |   |   |   |   |   |   |   |   |   |--- class: positive
|   |   |   |   |   |   |   |   |   |--- feature_8 >  96561500.00
|   |   |   |   |   |   |   |   |   |   |--- class: negative
|   |   |   |   |   |   |   |   |--- feature_9 >  2.00
|   |   |   |   |   |   |   |   |   |--- feature_15 <= 6.26
|   |   |   |   |   |   |   |   |   |   |--- class: positive
|   |   |   |   |   |   |   |   |   |--- feature_15 >  6.26
|   |   |   |   |   |   |   |   |   |   |--- class: negative
|   |   |   |   |   |   |   |--- feature_8 >  98186800.00
|   |   |   |   |   |   |   |   |--- feature_8 <= 98681720.00
|   |   |   |   |   |   |   |   |   |--- class: positive
|   |   |   |   |   |   |   |   |--- feature_8 >  98681720.00
|   |   |   |   |   |   |   |   |   |--- class: negative
|   |   |   |   |   |   |--- feature_7 >  41134636.00
|   |   |   |   |   |   |   |--- feature_7 <= 42162400.00
|   |   |   |   |   |   |   |   |--- feature_18 <= 18.00
|   |   |   |   |   |   |   |   |   |--- class: positive
|   |   |   |   |   |   |   |   |--- feature_18 >  18.00
|   |   |   |   |   |   |   |   |   |--- class: negative
|   |   |   |   |   |   |   |--- feature_7 >  42162400.00
|   |   |   |   |   |   |   |   |--- feature_14 <= 36.19
|   |   |   |   |   |   |   |   |   |--- feature_14 <= 3.60
|   |   |   |   |   |   |   |   |   |   |--- class: positive
|   |   |   |   |   |   |   |   |   |--- feature_14 >  3.60
|   |   |   |   |   |   |   |   |   |   |--- class: negative
|   |   |   |   |   |   |   |   |--- feature_14 >  36.19
|   |   |   |   |   |   |   |   |   |--- class: positive
|   |   |   |   |--- feature_2 >  0.50
|   |   |   |   |   |--- feature_13 <= 8.20
|   |   |   |   |   |   |--- feature_8 <= 97046200.00
|   |   |   |   |   |   |   |--- class: negative
|   |   |   |   |   |   |--- feature_8 >  97046200.00
|   |   |   |   |   |   |   |--- feature_1 <= 54.00
|   |   |   |   |   |   |   |   |--- class: negative
|   |   |   |   |   |   |   |--- feature_1 >  54.00
|   |   |   |   |   |   |   |   |--- feature_15 <= 6.50
|   |   |   |   |   |   |   |   |   |--- feature_11 <= 23.65
|   |   |   |   |   |   |   |   |   |   |--- class: positive
|   |   |   |   |   |   |   |   |   |--- feature_11 >  23.65
|   |   |   |   |   |   |   |   |   |   |--- class: negative
|   |   |   |   |   |   |   |   |--- feature_15 >  6.50
|   |   |   |   |   |   |   |   |   |--- feature_12 <= 12.30
|   |   |   |   |   |   |   |   |   |   |--- class: positive
|   |   |   |   |   |   |   |   |   |--- feature_12 >  12.30
|   |   |   |   |   |   |   |   |   |   |--- class: negative
|   |   |   |   |   |--- feature_13 >  8.20
|   |   |   |   |   |   |--- class: negative
|--- feature_0 >  1969.50
|   |--- feature_19 <= 1.00
|   |   |--- feature_8 <= 97120300.00
|   |   |   |--- feature_0 <= 1985.50
|   |   |   |   |--- feature_20 <= 1.50
|   |   |   |   |   |--- feature_2 <= 9.50
|   |   |   |   |   |   |--- feature_8 <= 96067204.00
|   |   |   |   |   |   |   |--- class: negative
|   |   |   |   |   |   |--- feature_8 >  96067204.00
|   |   |   |   |   |   |   |--- feature_13 <= 8.61
|   |   |   |   |   |   |   |   |--- feature_13 <= 8.49
|   |   |   |   |   |   |   |   |   |--- feature_3 <= 1.50
|   |   |   |   |   |   |   |   |   |   |--- class: negative
|   |   |   |   |   |   |   |   |   |--- feature_3 >  1.50
|   |   |   |   |   |   |   |   |   |   |--- feature_0 <= 1970.50
|   |   |   |   |   |   |   |   |   |   |   |--- class: negative
|   |   |   |   |   |   |   |   |   |   |--- feature_0 >  1970.50
|   |   |   |   |   |   |   |   |   |   |   |--- class: positive
|   |   |   |   |   |   |   |   |--- feature_13 >  8.49
|   |   |   |   |   |   |   |   |   |--- feature_8 <= 96807260.00
|   |   |   |   |   |   |   |   |   |   |--- feature_2 <= 1.50
|   |   |   |   |   |   |   |   |   |   |   |--- class: negative
|   |   |   |   |   |   |   |   |   |   |--- feature_2 >  1.50
|   |   |   |   |   |   |   |   |   |   |   |--- class: positive
|   |   |   |   |   |   |   |   |   |--- feature_8 >  96807260.00
|   |   |   |   |   |   |   |   |   |   |--- feature_8 <= 97073000.00
|   |   |   |   |   |   |   |   |   |   |   |--- class: positive
|   |   |   |   |   |   |   |   |   |   |--- feature_8 >  97073000.00
|   |   |   |   |   |   |   |   |   |   |   |--- class: negative
|   |   |   |   |   |   |   |--- feature_13 >  8.61
|   |   |   |   |   |   |   |   |--- feature_14 <= 47.70
|   |   |   |   |   |   |   |   |   |--- class: negative
|   |   |   |   |   |   |   |   |--- feature_14 >  47.70
|   |   |   |   |   |   |   |   |   |--- feature_15 <= 5.52
|   |   |   |   |   |   |   |   |   |   |--- feature_14 <= 64.81
|   |   |   |   |   |   |   |   |   |   |   |--- class: negative
|   |   |   |   |   |   |   |   |   |   |--- feature_14 >  64.81
|   |   |   |   |   |   |   |   |   |   |   |--- class: positive
|   |   |   |   |   |   |   |   |   |--- feature_15 >  5.52
|   |   |   |   |   |   |   |   |   |   |--- feature_8 <= 96123108.00
|   |   |   |   |   |   |   |   |   |   |   |--- class: negative
|   |   |   |   |   |   |   |   |   |   |--- feature_8 >  96123108.00
|   |   |   |   |   |   |   |   |   |   |   |--- class: positive
|   |   |   |   |   |--- feature_2 >  9.50
|   |   |   |   |   |   |--- class: negative
|   |   |   |   |--- feature_20 >  1.50
|   |   |   |   |   |--- feature_8 <= 96160312.00
|   |   |   |   |   |   |--- feature_7 <= 41059898.00
|   |   |   |   |   |   |   |--- feature_0 <= 1973.50
|   |   |   |   |   |   |   |   |--- feature_4 <= 1.00
|   |   |   |   |   |   |   |   |   |--- feature_10 <= 2.00
|   |   |   |   |   |   |   |   |   |   |--- class: positive
|   |   |   |   |   |   |   |   |   |--- feature_10 >  2.00
|   |   |   |   |   |   |   |   |   |   |--- class: negative
|   |   |   |   |   |   |   |   |--- feature_4 >  1.00
|   |   |   |   |   |   |   |   |   |--- class: negative
|   |   |   |   |   |   |   |--- feature_0 >  1973.50
|   |   |   |   |   |   |   |   |--- class: negative
|   |   |   |   |   |   |--- feature_7 >  41059898.00
|   |   |   |   |   |   |   |--- feature_11 <= 15.32
|   |   |   |   |   |   |   |   |--- class: negative
|   |   |   |   |   |   |   |--- feature_11 >  15.32
|   |   |   |   |   |   |   |   |--- feature_8 <= 96007088.00
|   |   |   |   |   |   |   |   |   |--- class: positive
|   |   |   |   |   |   |   |   |--- feature_8 >  96007088.00
|   |   |   |   |   |   |   |   |   |--- feature_12 <= 30.35
|   |   |   |   |   |   |   |   |   |   |--- feature_7 <= 41349320.00
|   |   |   |   |   |   |   |   |   |   |   |--- class: positive
|   |   |   |   |   |   |   |   |   |   |--- feature_7 >  41349320.00
|   |   |   |   |   |   |   |   |   |   |   |--- class: negative
|   |   |   |   |   |   |   |   |   |--- feature_12 >  30.35
|   |   |   |   |   |   |   |   |   |   |--- class: negative
|   |   |   |   |   |--- feature_8 >  96160312.00
|   |   |   |   |   |   |--- feature_0 <= 1973.50
|   |   |   |   |   |   |   |--- feature_8 <= 97110868.00
|   |   |   |   |   |   |   |   |--- feature_4 <= 1.00
|   |   |   |   |   |   |   |   |   |--- class: negative
|   |   |   |   |   |   |   |   |--- feature_4 >  1.00
|   |   |   |   |   |   |   |   |   |--- feature_14 <= 44.09
|   |   |   |   |   |   |   |   |   |   |--- class: negative
|   |   |   |   |   |   |   |   |   |--- feature_14 >  44.09
|   |   |   |   |   |   |   |   |   |   |--- feature_14 <= 59.05
|   |   |   |   |   |   |   |   |   |   |   |--- class: positive
|   |   |   |   |   |   |   |   |   |   |--- feature_14 >  59.05
|   |   |   |   |   |   |   |   |   |   |   |--- class: negative
|   |   |   |   |   |   |   |--- feature_8 >  97110868.00
|   |   |   |   |   |   |   |   |--- class: positive
|   |   |   |   |   |   |--- feature_0 >  1973.50
|   |   |   |   |   |   |   |--- class: negative
|   |   |   |--- feature_0 >  1985.50
|   |   |   |   |--- feature_20 <= 1.50
|   |   |   |   |   |--- feature_13 <= 7.36
|   |   |   |   |   |   |--- feature_8 <= 96319820.00
|   |   |   |   |   |   |   |--- class: negative
|   |   |   |   |   |   |--- feature_8 >  96319820.00
|   |   |   |   |   |   |   |--- class: positive
|   |   |   |   |   |--- feature_13 >  7.36
|   |   |   |   |   |   |--- feature_7 <= 42146500.00
|   |   |   |   |   |   |   |--- feature_16 <= 1.50
|   |   |   |   |   |   |   |   |--- class: positive
|   |   |   |   |   |   |   |--- feature_16 >  1.50
|   |   |   |   |   |   |   |   |--- feature_0 <= 1993.50
|   |   |   |   |   |   |   |   |   |--- feature_12 <= 29.49
|   |   |   |   |   |   |   |   |   |   |--- class: negative
|   |   |   |   |   |   |   |   |   |--- feature_12 >  29.49
|   |   |   |   |   |   |   |   |   |   |--- feature_12 <= 36.75
|   |   |   |   |   |   |   |   |   |   |   |--- truncated branch of depth 4
|   |   |   |   |   |   |   |   |   |   |--- feature_12 >  36.75
|   |   |   |   |   |   |   |   |   |   |   |--- class: negative
|   |   |   |   |   |   |   |   |--- feature_0 >  1993.50
|   |   |   |   |   |   |   |   |   |--- class: negative
|   |   |   |   |   |   |--- feature_7 >  42146500.00
|   |   |   |   |   |   |   |--- feature_9 <= 25.50
|   |   |   |   |   |   |   |   |--- class: negative
|   |   |   |   |   |   |   |--- feature_9 >  25.50
|   |   |   |   |   |   |   |   |--- feature_8 <= 97075652.00
|   |   |   |   |   |   |   |   |   |--- class: positive
|   |   |   |   |   |   |   |   |--- feature_8 >  97075652.00
|   |   |   |   |   |   |   |   |   |--- class: negative
|   |   |   |   |--- feature_20 >  1.50
|   |   |   |   |   |--- class: negative
|   |   |--- feature_8 >  97120300.00
|   |   |   |--- feature_14 <= 32.34
|   |   |   |   |--- feature_1 <= 4968.00
|   |   |   |   |   |--- feature_7 <= 42191800.00
|   |   |   |   |   |   |--- feature_20 <= 7.00
|   |   |   |   |   |   |   |--- class: negative
|   |   |   |   |   |   |--- feature_20 >  7.00
|   |   |   |   |   |   |   |--- class: positive
|   |   |   |   |   |--- feature_7 >  42191800.00
|   |   |   |   |   |   |--- feature_0 <= 1977.50
|   |   |   |   |   |   |   |--- feature_14 <= 25.65
|   |   |   |   |   |   |   |   |--- class: negative
|   |   |   |   |   |   |   |--- feature_14 >  25.65
|   |   |   |   |   |   |   |   |--- feature_4 <= 2.00
|   |   |   |   |   |   |   |   |   |--- class: positive
|   |   |   |   |   |   |   |   |--- feature_4 >  2.00
|   |   |   |   |   |   |   |   |   |--- class: negative
|   |   |   |   |   |   |--- feature_0 >  1977.50
|   |   |   |   |   |   |   |--- class: negative
|   |   |   |   |--- feature_1 >  4968.00
|   |   |   |   |   |--- class: positive
|   |   |   |--- feature_14 >  32.34
|   |   |   |   |--- feature_14 <= 54.45
|   |   |   |   |   |--- feature_7 <= 42471500.00
|   |   |   |   |   |   |--- feature_15 <= 5.50
|   |   |   |   |   |   |   |--- feature_0 <= 1983.50
|   |   |   |   |   |   |   |   |--- feature_1 <= 45.00
|   |   |   |   |   |   |   |   |   |--- class: negative
|   |   |   |   |   |   |   |   |--- feature_1 >  45.00
|   |   |   |   |   |   |   |   |   |--- feature_13 <= 7.15
|   |   |   |   |   |   |   |   |   |   |--- class: positive
|   |   |   |   |   |   |   |   |   |--- feature_13 >  7.15
|   |   |   |   |   |   |   |   |   |   |--- feature_8 <= 97197700.00
|   |   |   |   |   |   |   |   |   |   |   |--- truncated branch of depth 2
|   |   |   |   |   |   |   |   |   |   |--- feature_8 >  97197700.00
|   |   |   |   |   |   |   |   |   |   |   |--- class: negative
|   |   |   |   |   |   |   |--- feature_0 >  1983.50
|   |   |   |   |   |   |   |   |--- class: negative
|   |   |   |   |   |   |--- feature_15 >  5.50
|   |   |   |   |   |   |   |--- class: negative
|   |   |   |   |   |--- feature_7 >  42471500.00
|   |   |   |   |   |   |--- feature_14 <= 53.10
|   |   |   |   |   |   |   |--- class: negative
|   |   |   |   |   |   |--- feature_14 >  53.10
|   |   |   |   |   |   |   |--- class: positive
|   |   |   |   |--- feature_14 >  54.45
|   |   |   |   |   |--- class: negative
|   |--- feature_19 >  1.00
|   |   |--- feature_19 <= 2.00
|   |   |   |--- class: positive
|   |   |--- feature_19 >  2.00
|   |   |   |--- feature_13 <= 8.40
|   |   |   |   |--- feature_19 <= 8.00
|   |   |   |   |   |--- feature_19 <= 2.01
|   |   |   |   |   |   |--- feature_1 <= 52.50
|   |   |   |   |   |   |   |--- class: negative
|   |   |   |   |   |   |--- feature_1 >  52.50
|   |   |   |   |   |   |   |--- feature_4 <= 2.50
|   |   |   |   |   |   |   |   |--- class: positive
|   |   |   |   |   |   |   |--- feature_4 >  2.50
|   |   |   |   |   |   |   |   |--- feature_11 <= 15.11
|   |   |   |   |   |   |   |   |   |--- class: negative
|   |   |   |   |   |   |   |   |--- feature_11 >  15.11
|   |   |   |   |   |   |   |   |   |--- class: positive
|   |   |   |   |   |--- feature_19 >  2.01
|   |   |   |   |   |   |--- feature_19 <= 5.95
|   |   |   |   |   |   |   |--- class: positive
|   |   |   |   |   |   |--- feature_19 >  5.95
|   |   |   |   |   |   |   |--- feature_19 <= 6.01
|   |   |   |   |   |   |   |   |--- feature_8 <= 96920900.00
|   |   |   |   |   |   |   |   |   |--- feature_14 <= 15.75
|   |   |   |   |   |   |   |   |   |   |--- class: positive
|   |   |   |   |   |   |   |   |   |--- feature_14 >  15.75
|   |   |   |   |   |   |   |   |   |   |--- class: negative
|   |   |   |   |   |   |   |   |--- feature_8 >  96920900.00
|   |   |   |   |   |   |   |   |   |--- class: negative
|   |   |   |   |   |   |   |--- feature_19 >  6.01
|   |   |   |   |   |   |   |   |--- class: positive
|   |   |   |   |--- feature_19 >  8.00
|   |   |   |   |   |--- feature_0 <= 1980.50
|   |   |   |   |   |   |--- feature_9 <= 0.50
|   |   |   |   |   |   |   |--- feature_18 <= 23.50
|   |   |   |   |   |   |   |   |--- class: positive
|   |   |   |   |   |   |   |--- feature_18 >  23.50
|   |   |   |   |   |   |   |   |--- feature_12 <= 9.83
|   |   |   |   |   |   |   |   |   |--- class: negative
|   |   |   |   |   |   |   |   |--- feature_12 >  9.83
|   |   |   |   |   |   |   |   |   |--- feature_8 <= 98111916.00
|   |   |   |   |   |   |   |   |   |   |--- feature_2 <= 0.50
|   |   |   |   |   |   |   |   |   |   |   |--- class: negative
|   |   |   |   |   |   |   |   |   |   |--- feature_2 >  0.50
|   |   |   |   |   |   |   |   |   |   |   |--- class: positive
|   |   |   |   |   |   |   |   |   |--- feature_8 >  98111916.00
|   |   |   |   |   |   |   |   |   |   |--- feature_8 <= 98797960.00
|   |   |   |   |   |   |   |   |   |   |   |--- truncated branch of depth 3
|   |   |   |   |   |   |   |   |   |   |--- feature_8 >  98797960.00
|   |   |   |   |   |   |   |   |   |   |   |--- truncated branch of depth 2
|   |   |   |   |   |   |--- feature_9 >  0.50
|   |   |   |   |   |   |   |--- feature_8 <= 98393712.00
|   |   |   |   |   |   |   |   |--- class: positive
|   |   |   |   |   |   |   |--- feature_8 >  98393712.00
|   |   |   |   |   |   |   |   |--- feature_13 <= 8.19
|   |   |   |   |   |   |   |   |   |--- class: negative
|   |   |   |   |   |   |   |   |--- feature_13 >  8.19
|   |   |   |   |   |   |   |   |   |--- class: positive
|   |   |   |   |   |--- feature_0 >  1980.50
|   |   |   |   |   |   |--- feature_7 <= 42394074.00
|   |   |   |   |   |   |   |--- feature_4 <= 0.50
|   |   |   |   |   |   |   |   |--- class: negative
|   |   |   |   |   |   |   |--- feature_4 >  0.50
|   |   |   |   |   |   |   |   |--- feature_4 <= 4.50
|   |   |   |   |   |   |   |   |   |--- feature_14 <= 10.80
|   |   |   |   |   |   |   |   |   |   |--- class: positive
|   |   |   |   |   |   |   |   |   |--- feature_14 >  10.80
|   |   |   |   |   |   |   |   |   |   |--- feature_14 <= 44.10
|   |   |   |   |   |   |   |   |   |   |   |--- class: negative
|   |   |   |   |   |   |   |   |   |   |--- feature_14 >  44.10
|   |   |   |   |   |   |   |   |   |   |   |--- class: positive
|   |   |   |   |   |   |   |   |--- feature_4 >  4.50
|   |   |   |   |   |   |   |   |   |--- class: negative
|   |   |   |   |   |   |--- feature_7 >  42394074.00
|   |   |   |   |   |   |   |--- feature_1 <= 25.50
|   |   |   |   |   |   |   |   |--- class: negative
|   |   |   |   |   |   |   |--- feature_1 >  25.50
|   |   |   |   |   |   |   |   |--- class: positive
|   |   |   |--- feature_13 >  8.40
|   |   |   |   |--- feature_0 <= 1987.50
|   |   |   |   |   |--- feature_19 <= 8.99
|   |   |   |   |   |   |--- feature_20 <= 3.00
|   |   |   |   |   |   |   |--- feature_1 <= 105.50
|   |   |   |   |   |   |   |   |--- feature_14 <= 31.15
|   |   |   |   |   |   |   |   |   |--- feature_7 <= 40526656.00
|   |   |   |   |   |   |   |   |   |   |--- class: negative
|   |   |   |   |   |   |   |   |   |--- feature_7 >  40526656.00
|   |   |   |   |   |   |   |   |   |   |--- feature_8 <= 99071680.00
|   |   |   |   |   |   |   |   |   |   |   |--- class: positive
|   |   |   |   |   |   |   |   |   |   |--- feature_8 >  99071680.00
|   |   |   |   |   |   |   |   |   |   |   |--- class: negative
|   |   |   |   |   |   |   |   |--- feature_14 >  31.15
|   |   |   |   |   |   |   |   |   |--- feature_12 <= 11.54
|   |   |   |   |   |   |   |   |   |   |--- class: negative
|   |   |   |   |   |   |   |   |   |--- feature_12 >  11.54
|   |   |   |   |   |   |   |   |   |   |--- feature_10 <= 1.50
|   |   |   |   |   |   |   |   |   |   |   |--- truncated branch of depth 2
|   |   |   |   |   |   |   |   |   |   |--- feature_10 >  1.50
|   |   |   |   |   |   |   |   |   |   |   |--- class: negative
|   |   |   |   |   |   |   |--- feature_1 >  105.50
|   |   |   |   |   |   |   |   |--- feature_3 <= 1.50
|   |   |   |   |   |   |   |   |   |--- class: negative
|   |   |   |   |   |   |   |   |--- feature_3 >  1.50
|   |   |   |   |   |   |   |   |   |--- feature_14 <= 76.95
|   |   |   |   |   |   |   |   |   |   |--- class: positive
|   |   |   |   |   |   |   |   |   |--- feature_14 >  76.95
|   |   |   |   |   |   |   |   |   |   |--- class: negative
|   |   |   |   |   |   |--- feature_20 >  3.00
|   |   |   |   |   |   |   |--- feature_11 <= 15.70
|   |   |   |   |   |   |   |   |--- class: negative
|   |   |   |   |   |   |   |--- feature_11 >  15.70
|   |   |   |   |   |   |   |   |--- feature_7 <= 41196200.00
|   |   |   |   |   |   |   |   |   |--- class: positive
|   |   |   |   |   |   |   |   |--- feature_7 >  41196200.00
|   |   |   |   |   |   |   |   |   |--- class: negative
|   |   |   |   |   |--- feature_19 >  8.99
|   |   |   |   |   |   |--- feature_7 <= 40577700.00
|   |   |   |   |   |   |   |--- feature_7 <= 40546500.00
|   |   |   |   |   |   |   |   |--- feature_8 <= 101310600.00
|   |   |   |   |   |   |   |   |   |--- class: negative
|   |   |   |   |   |   |   |   |--- feature_8 >  101310600.00
|   |   |   |   |   |   |   |   |   |--- feature_7 <= 40016500.00
|   |   |   |   |   |   |   |   |   |   |--- class: negative
|   |   |   |   |   |   |   |   |   |--- feature_7 >  40016500.00
|   |   |   |   |   |   |   |   |   |   |--- class: positive
|   |   |   |   |   |   |   |--- feature_7 >  40546500.00
|   |   |   |   |   |   |   |   |--- class: positive
|   |   |   |   |   |   |--- feature_7 >  40577700.00
|   |   |   |   |   |   |   |--- class: negative
|   |   |   |   |--- feature_0 >  1987.50
|   |   |   |   |   |--- class: negative
