|--- feature_0 <= 1973.50
|   |--- feature_13 <= 8.00
|   |   |--- feature_13 <= 5.00
|   |   |   |--- feature_13 <= 5.00
|   |   |   |   |--- feature_13 <= 4.00
|   |   |   |   |   |--- feature_13 <= 4.00
|   |   |   |   |   |   |--- feature_13 <= 3.00
|   |   |   |   |   |   |   |--- feature_13 <= 3.00
|   |   |   |   |   |   |   |   |--- feature_13 <= 2.00
|   |   |   |   |   |   |   |   |   |--- feature_1 <= 42.50
|   |   |   |   |   |   |   |   |   |   |--- feature_14 <= 1.50
|   |   |   |   |   |   |   |   |   |   |   |--- class: negative
|   |   |   |   |   |   |   |   |   |   |--- feature_14 >  1.50
|   |   |   |   |   |   |   |   |   |   |   |--- truncated branch of depth 5
|   |   |   |   |   |   |   |   |   |--- feature_1 >  42.50
|   |   |   |   |   |   |   |   |   |   |--- feature_9 <= 16.36
|   |   |   |   |   |   |   |   |   |   |   |--- truncated branch of depth 2
|   |   |   |   |   |   |   |   |   |   |--- feature_9 >  16.36
|   |   |   |   |   |   |   |   |   |   |   |--- truncated branch of depth 2
|   |   |   |   |   |   |   |   |--- feature_13 >  2.00
|   |   |   |   |   |   |   |   |   |--- class: positive
|   |   |   |   |   |   |   |--- feature_13 >  3.00
|   |   |   |   |   |   |   |   |--- feature_6 <= 96295300.00
|   |   |   |   |   |   |   |   |   |--- feature_5 <= 40187664.00
|   |   |   |   |   |   |   |   |   |   |--- feature_1 <= 53.00
|   |   |   |   |   |   |   |   |   |   |   |--- class: negative
|   |   |   |   |   |   |   |   |   |   |--- feature_1 >  53.00
|   |   |   |   |   |   |   |   |   |   |   |--- truncated branch of depth 2
|   |   |   |   |   |   |   |   |   |--- feature_5 >  40187664.00
|   |   |   |   |   |   |   |   |   |   |--- feature_0 <= 1922.50
|   |   |   |   |   |   |   |   |   |   |   |--- class: negative
|   |   |   |   |   |   |   |   |   |   |--- feature_0 >  1922.50
|   |   |   |   |   |   |   |   |   |   |   |--- truncated branch of depth 9
|   |   |   |   |   |   |   |   |--- feature_6 >  96295300.00
|   |   |   |   |   |   |   |   |   |--- feature_0 <= 1934.50
|   |   |   |   |   |   |   |   |   |   |--- feature_5 <= 40578416.00
|   |   |   |   |   |   |   |   |   |   |   |--- truncated branch of depth 6
|   |   |   |   |   |   |   |   |   |   |--- feature_5 >  40578416.00
|   |   |   |   |   |   |   |   |   |   |   |--- truncated branch of depth 2
|   |   |   |   |   |   |   |   |   |--- feature_0 >  1934.50
|   |   |   |   |   |   |   |   |   |   |--- feature_6 <= 98372632.00
|   |   |   |   |   |   |   |   |   |   |   |--- truncated branch of depth 12
|   |   |   |   |   |   |   |   |   |   |--- feature_6 >  98372632.00
|   |   |   |   |   |   |   |   |   |   |   |--- truncated branch of depth 5
|   |   |   |   |   |   |--- feature_13 >  3.00
|   |   |   |   |   |   |   |--- class: positive
|   |   |   |   |   |--- feature_13 >  4.00
|   |   |   |   |   |   |--- feature_14 <= 1.50
|   |   |   |   |   |   |   |--- feature_11 <= 4.81
|   |   |   |   |   |   |   |   |--- feature_5 <= 40553386.00
|   |   |   |   |   |   |   |   |   |--- feature_9 <= 9.25
|   |   |   |   |   |   |   |   |   |   |--- class: negative
|   |   |   |   |   |   |   |   |   |--- feature_9 >  9.25
|   |   |   |   |   |   |   |   |   |   |--- feature_12 <= 12.55
|   |   |   |   |   |   |   |   |   |   |   |--- truncated branch of depth 2
|   |   |   |   |   |   |   |   |   |   |--- feature_12 >  12.55
|   |   |   |   |   |   |   |   |   |   |   |--- truncated branch of depth 4
|   |   |   |   |   |   |   |   |--- feature_5 >  40553386.00
|   |   |   |   |   |   |   |   |   |--- feature_1 <= 42.50
|   |   |   |   |   |   |   |   |   |   |--- feature_6 <= 97223880.00
|   |   |   |   |   |   |   |   |   |   |   |--- truncated branch of depth 4
|   |   |   |   |   |   |   |   |   |   |--- feature_6 >  97223880.00
|   |   |   |   |   |   |   |   |   |   |   |--- class: negative
|   |   |   |   |   |   |   |   |   |--- feature_1 >  42.50
|   |   |   |   |   |   |   |   |   |   |--- class: negative
|   |   |   |   |   |   |   |--- feature_11 >  4.81
|   |   |   |   |   |   |   |   |--- class: positive
|   |   |   |   |   |   |--- feature_14 >  1.50
|   |   |   |   |   |   |   |--- feature_0 <= 1959.50
|   |   |   |   |   |   |   |   |--- feature_10 <= 39.75
|   |   |   |   |   |   |   |   |   |--- feature_10 <= 8.95
|   |   |   |   |   |   |   |   |   |   |--- class: negative
|   |   |   |   |   |   |   |   |   |--- feature_10 >  8.95
|   |   |   |   |   |   |   |   |   |   |--- feature_6 <= 99231200.00
|   |   |   |   |   |   |   |   |   |   |   |--- truncated branch of depth 10
|   |   |   |   |   |   |   |   |   |   |--- feature_6 >  99231200.00
|   |   |   |   |   |   |   |   |   |   |   |--- class: negative
|   |   |   |   |   |   |   |   |--- feature_10 >  39.75
|   |   |   |   |   |   |   |   |   |--- feature_6 <= 97120300.00
|   |   |   |   |   |   |   |   |   |   |--- class: negative
|   |   |   |   |   |   |   |   |   |--- feature_6 >  97120300.00
|   |   |   |   |   |   |   |   |   |   |--- feature_12 <= 38.01
|   |   |   |   |   |   |   |   |   |   |   |--- truncated branch of depth 3
|   |   |   |   |   |   |   |   |   |   |--- feature_12 >  38.01
|   |   |   |   |   |   |   |   |   |   |   |--- class: positive
|   |   |   |   |   |   |   |--- feature_0 >  1959.50
|   |   |   |   |   |   |   |   |--- feature_12 <= 64.20
|   |   |   |   |   |   |   |   |   |--- class: negative
|   |   |   |   |   |   |   |   |--- feature_12 >  64.20
|   |   |   |   |   |   |   |   |   |--- feature_12 <= 67.35
|   |   |   |   |   |   |   |   |   |   |--- class: positive
|   |   |   |   |   |   |   |   |   |--- feature_12 >  67.35
|   |   |   |   |   |   |   |   |   |   |--- class: negative
|   |   |   |   |--- feature_13 >  4.00
|   |   |   |   |   |--- class: positive
|   |   |   |--- feature_13 >  5.00
|   |   |   |   |--- feature_12 <= 41.32
|   |   |   |   |   |--- feature_1 <= 46.00
|   |   |   |   |   |   |--- feature_7 <= 1.00
|   |   |   |   |   |   |   |--- feature_6 <= 96045300.00
|   |   |   |   |   |   |   |   |--- feature_6 <= 96007400.00
|   |   |   |   |   |   |   |   |   |--- class: negative
|   |   |   |   |   |   |   |   |--- feature_6 >  96007400.00
|   |   |   |   |   |   |   |   |   |--- class: positive
|   |   |   |   |   |   |   |--- feature_6 >  96045300.00
|   |   |   |   |   |   |   |   |--- feature_12 <= 36.03
|   |   |   |   |   |   |   |   |   |--- feature_2 <= 25.00
|   |   |   |   |   |   |   |   |   |   |--- feature_9 <= 7.45
|   |   |   |   |   |   |   |   |   |   |   |--- truncated branch of depth 3
|   |   |   |   |   |   |   |   |   |   |--- feature_9 >  7.45
|   |   |   |   |   |   |   |   |   |   |   |--- truncated branch of depth 3
|   |   |   |   |   |   |   |   |   |--- feature_2 >  25.00
|   |   |   |   |   |   |   |   |   |   |--- class: positive
|   |   |   |   |   |   |   |   |--- feature_12 >  36.03
|   |   |   |   |   |   |   |   |   |--- feature_8 <= 2.50
|   |   |   |   |   |   |   |   |   |   |--- feature_12 <= 39.90
|   |   |   |   |   |   |   |   |   |   |   |--- class: negative
|   |   |   |   |   |   |   |   |   |   |--- feature_12 >  39.90
|   |   |   |   |   |   |   |   |   |   |   |--- class: positive
|   |   |   |   |   |   |   |   |   |--- feature_8 >  2.50
|   |   |   |   |   |   |   |   |   |   |--- class: positive
|   |   |   |   |   |   |--- feature_7 >  1.00
|   |   |   |   |   |   |   |--- feature_7 <= 19.50
|   |   |   |   |   |   |   |   |--- feature_11 <= 6.90
|   |   |   |   |   |   |   |   |   |--- feature_9 <= 7.28
|   |   |   |   |   |   |   |   |   |   |--- class: negative
|   |   |   |   |   |   |   |   |   |--- feature_9 >  7.28
|   |   |   |   |   |   |   |   |   |   |--- feature_12 <= 6.35
|   |   |   |   |   |   |   |   |   |   |   |--- truncated branch of depth 2
|   |   |   |   |   |   |   |   |   |   |--- feature_12 >  6.35
|   |   |   |   |   |   |   |   |   |   |   |--- class: positive
|   |   |   |   |   |   |   |   |--- feature_11 >  6.90
|   |   |   |   |   |   |   |   |   |--- class: negative
|   |   |   |   |   |   |   |--- feature_7 >  19.50
|   |   |   |   |   |   |   |   |--- class: negative
|   |   |   |   |   |--- feature_1 >  46.00
|   |   |   |   |   |   |--- feature_6 <= 96341500.00
|   |   |   |   |   |   |   |--- feature_10 <= 47.70
|   |   |   |   |   |   |   |   |--- class: negative
|   |   |   |   |   |   |   |--- feature_10 >  47.70
|   |   |   |   |   |   |   |   |--- feature_1 <= 1415.00
|   |   |   |   |   |   |   |   |   |--- class: negative
|   |   |   |   |   |   |   |   |--- feature_1 >  1415.00
|   |   |   |   |   |   |   |   |   |--- feature_9 <= 121.15
|   |   |   |   |   |   |   |   |   |   |--- class: positive
|   |   |   |   |   |   |   |   |   |--- feature_9 >  121.15
|   |   |   |   |   |   |   |   |   |   |--- class: negative
|   |   |   |   |   |   |--- feature_6 >  96341500.00
|   |   |   |   |   |   |   |--- feature_12 <= 31.41
|   |   |   |   |   |   |   |   |--- feature_0 <= 1966.50
|   |   |   |   |   |   |   |   |   |--- feature_11 <= 4.83
|   |   |   |   |   |   |   |   |   |   |--- feature_6 <= 96741200.00
|   |   |   |   |   |   |   |   |   |   |   |--- class: positive
|   |   |   |   |   |   |   |   |   |   |--- feature_6 >  96741200.00
|   |   |   |   |   |   |   |   |   |   |   |--- class: negative
|   |   |   |   |   |   |   |   |   |--- feature_11 >  4.83
|   |   |   |   |   |   |   |   |   |   |--- feature_14 <= 1.50
|   |   |   |   |   |   |   |   |   |   |   |--- class: positive
|   |   |   |   |   |   |   |   |   |   |--- feature_14 >  1.50
|   |   |   |   |   |   |   |   |   |   |   |--- truncated branch of depth 11
|   |   |   |   |   |   |   |   |--- feature_0 >  1966.50
|   |   |   |   |   |   |   |   |   |--- class: negative
|   |   |   |   |   |   |   |--- feature_12 >  31.41
|   |   |   |   |   |   |   |   |--- feature_0 <= 1952.50
|   |   |   |   |   |   |   |   |   |--- feature_6 <= 96810756.00
|   |   |   |   |   |   |   |   |   |   |--- class: negative
|   |   |   |   |   |   |   |   |   |--- feature_6 >  96810756.00
|   |   |   |   |   |   |   |   |   |   |--- feature_6 <= 98926200.00
|   |   |   |   |   |   |   |   |   |   |   |--- truncated branch of depth 3
|   |   |   |   |   |   |   |   |   |   |--- feature_6 >  98926200.00
|   |   |   |   |   |   |   |   |   |   |   |--- truncated branch of depth 3
|   |   |   |   |   |   |   |   |--- feature_0 >  1952.50
|   |   |   |   |   |   |   |   |   |--- feature_10 <= 94.98
|   |   |   |   |   |   |   |   |   |   |--- feature_1 <= 49.00
|   |   |   |   |   |   |   |   |   |   |   |--- class: positive
|   |   |   |   |   |   |   |   |   |   |--- feature_1 >  49.00
|   |   |   |   |   |   |   |   |   |   |   |--- class: negative
|   |   |   |   |   |   |   |   |   |--- feature_10 >  94.98
|   |   |   |   |   |   |   |   |   |   |--- class: positive
|   |   |   |   |--- feature_12 >  41.32
|   |   |   |   |   |--- feature_8 <= 3.50
|   |   |   |   |   |   |--- feature_2 <= 2.00
|   |   |   |   |   |   |   |--- feature_2 <= 0.50
|   |   |   |   |   |   |   |   |--- feature_1 <= 62.50
|   |   |   |   |   |   |   |   |   |--- class: negative
|   |   |   |   |   |   |   |   |--- feature_1 >  62.50
|   |   |   |   |   |   |   |   |   |--- feature_0 <= 1945.00
|   |   |   |   |   |   |   |   |   |   |--- feature_6 <= 98176500.00
|   |   |   |   |   |   |   |   |   |   |   |--- class: negative
|   |   |   |   |   |   |   |   |   |   |--- feature_6 >  98176500.00
|   |   |   |   |   |   |   |   |   |   |   |--- class: positive
|   |   |   |   |   |   |   |   |   |--- feature_0 >  1945.00
|   |   |   |   |   |   |   |   |   |   |--- class: negative
|   |   |   |   |   |   |   |--- feature_2 >  0.50
|   |   |   |   |   |   |   |   |--- class: positive
|   |   |   |   |   |   |--- feature_2 >  2.00
|   |   |   |   |   |   |   |--- class: negative
|   |   |   |   |   |--- feature_8 >  3.50
|   |   |   |   |   |   |--- feature_5 <= 40756500.00
|   |   |   |   |   |   |   |--- class: negative
|   |   |   |   |   |   |--- feature_5 >  40756500.00
|   |   |   |   |   |   |   |--- feature_2 <= 0.50
|   |   |   |   |   |   |   |   |--- class: negative
|   |   |   |   |   |   |   |--- feature_2 >  0.50
|   |   |   |   |   |   |   |   |--- feature_10 <= 330.85
|   |   |   |   |   |   |   |   |   |--- class: positive
|   |   |   |   |   |   |   |   |--- feature_10 >  330.85
|   |   |   |   |   |   |   |   |   |--- class: negative
|   |   |--- feature_13 >  5.00
|   |   |   |--- feature_13 <= 6.00
|   |   |   |   |--- feature_13 <= 6.00
|   |   |   |   |   |--- class: positive
|   |   |   |   |--- feature_13 >  6.00
|   |   |   |   |   |--- feature_5 <= 42370600.00
|   |   |   |   |   |   |--- feature_12 <= 66.60
|   |   |   |   |   |   |   |--- class: negative
|   |   |   |   |   |   |--- feature_12 >  66.60
|   |   |   |   |   |   |   |--- feature_0 <= 1964.50
|   |   |   |   |   |   |   |   |--- class: positive
|   |   |   |   |   |   |   |--- feature_0 >  1964.50
|   |   |   |   |   |   |   |   |--- class: negative
|   |   |   |   |   |--- feature_5 >  42370600.00
|   |   |   |   |   |   |--- feature_6 <= 97356200.00
|   |   |   |   |   |   |   |--- class: positive
|   |   |   |   |   |   |--- feature_6 >  97356200.00
|   |   |   |   |   |   |   |--- class: negative
|   |   |   |--- feature_13 >  6.00
|   |   |   |   |--- feature_2 <= 26.00
|   |   |   |   |   |--- feature_12 <= 30.59
|   |   |   |   |   |   |--- feature_5 <= 40143152.00
|   |   |   |   |   |   |   |--- feature_5 <= 40142632.00
|   |   |   |   |   |   |   |   |--- class: positive
|   |   |   |   |   |   |   |--- feature_5 >  40142632.00
|   |   |   |   |   |   |   |   |--- class: negative
|   |   |   |   |   |   |--- feature_5 >  40143152.00
|   |   |   |   |   |   |   |--- class: positive
|   |   |   |   |   |--- feature_12 >  30.59
|   |   |   |   |   |   |--- feature_13 <= 7.00
|   |   |   |   |   |   |   |--- class: positive
|   |   |   |   |   |   |--- feature_13 >  7.00
|   |   |   |   |   |   |   |--- feature_13 <= 7.01
|   |   |   |   |   |   |   |   |--- class: negative
|   |   |   |   |   |   |   |--- feature_13 >  7.01
|   |   |   |   |   |   |   |   |--- class: positive
|   |   |   |   |--- feature_2 >  26.00
|   |   |   |   |   |--- feature_5 <= 41027638.00
|   |   |   |   |   |   |--- class: negative
|   |   |   |   |   |--- feature_5 >  41027638.00
|   |   |   |   |   |   |--- class: positive
|   |--- feature_13 >  8.00
|   |   |--- feature_1 <= 17031.50
|   |   |   |--- feature_12 <= 31.49
|   |   |   |   |--- feature_10 <= 9.81
|   |   |   |   |   |--- feature_10 <= 7.30
|   |   |   |   |   |   |--- feature_11 <= 5.55
|   |   |   |   |   |   |   |--- feature_5 <= 41475300.00
|   |   |   |   |   |   |   |   |--- class: negative
|   |   |   |   |   |   |   |--- feature_5 >  41475300.00
|   |   |   |   |   |   |   |   |--- feature_12 <= 17.55
|   |   |   |   |   |   |   |   |   |--- class: positive
|   |   |   |   |   |   |   |   |--- feature_12 >  17.55
|   |   |   |   |   |   |   |   |   |--- class: negative
|   |   |   |   |   |   |--- feature_11 >  5.55
|   |   |   |   |   |   |   |--- feature_6 <= 95871800.00
|   |   |   |   |   |   |   |   |--- class: positive
|   |   |   |   |   |   |   |--- feature_6 >  95871800.00
|   |   |   |   |   |   |   |   |--- class: negative
|   |   |   |   |   |--- feature_10 >  7.30
|   |   |   |   |   |   |--- feature_1 <= 40.50
|   |   |   |   |   |   |   |--- feature_10 <= 7.57
|   |   |   |   |   |   |   |   |--- class: positive
|   |   |   |   |   |   |   |--- feature_10 >  7.57
|   |   |   |   |   |   |   |   |--- feature_11 <= 5.97
|   |   |   |   |   |   |   |   |   |--- feature_5 <= 41548148.00
|   |   |   |   |   |   |   |   |   |   |--- feature_5 <= 41471956.00
|   |   |   |   |   |   |   |   |   |   |   |--- truncated branch of depth 7
|   |   |   |   |   |   |   |   |   |   |--- feature_5 >  41471956.00
|   |   |   |   |   |   |   |   |   |   |   |--- truncated branch of depth 2
|   |   |   |   |   |   |   |   |   |--- feature_5 >  41548148.00
|   |   |   |   |   |   |   |   |   |   |--- class: negative
|   |   |   |   |   |   |   |   |--- feature_11 >  5.97
|   |   |   |   |   |   |   |   |   |--- feature_6 <= 97326200.00
|   |   |   |   |   |   |   |   |   |   |--- feature_11 <= 7.13
|   |   |   |   |   |   |   |   |   |   |   |--- class: negative
|   |   |   |   |   |   |   |   |   |   |--- feature_11 >  7.13
|   |   |   |   |   |   |   |   |   |   |   |--- truncated branch of depth 3
|   |   |   |   |   |   |   |   |   |--- feature_6 >  97326200.00
|   |   |   |   |   |   |   |   |   |   |--- class: negative
|   |   |   |   |   |   |--- feature_1 >  40.50
|   |   |   |   |   |   |   |--- feature_11 <= 7.04
|   |   |   |   |   |   |   |   |--- feature_6 <= 96430596.00
|   |   |   |   |   |   |   |   |   |--- class: negative
|   |   |   |   |   |   |   |   |--- feature_6 >  96430596.00
|   |   |   |   |   |   |   |   |   |--- feature_9 <= 9.38
|   |   |   |   |   |   |   |   |   |   |--- feature_9 <= 7.02
|   |   |   |   |   |   |   |   |   |   |   |--- class: negative
|   |   |   |   |   |   |   |   |   |   |--- feature_9 >  7.02
|   |   |   |   |   |   |   |   |   |   |   |--- truncated branch of depth 6
|   |   |   |   |   |   |   |   |   |--- feature_9 >  9.38
|   |   |   |   |   |   |   |   |   |   |--- feature_5 <= 41302288.00
|   |   |   |   |   |   |   |   |   |   |   |--- truncated branch of depth 3
|   |   |   |   |   |   |   |   |   |   |--- feature_5 >  41302288.00
|   |   |   |   |   |   |   |   |   |   |   |--- class: negative
|   |   |   |   |   |   |   |--- feature_11 >  7.04
|   |   |   |   |   |   |   |   |--- feature_1 <= 43.50
|   |   |   |   |   |   |   |   |   |--- class: positive
|   |   |   |   |   |   |   |   |--- feature_1 >  43.50
|   |   |   |   |   |   |   |   |   |--- feature_6 <= 98484760.00
|   |   |   |   |   |   |   |   |   |   |--- class: negative
|   |   |   |   |   |   |   |   |   |--- feature_6 >  98484760.00
|   |   |   |   |   |   |   |   |   |   |--- feature_11 <= 8.09
|   |   |   |   |   |   |   |   |   |   |   |--- class: negative
|   |   |   |   |   |   |   |   |   |   |--- feature_11 >  8.09
|   |   |   |   |   |   |   |   |   |   |   |--- truncated branch of depth 2
|   |   |   |   |--- feature_10 >  9.81
|   |   |   |   |   |--- feature_1 <= 10.50
|   |   |   |   |   |   |--- feature_5 <= 41056200.00
|   |   |   |   |   |   |   |--- class: negative
|   |   |   |   |   |   |--- feature_5 >  41056200.00
|   |   |   |   |   |   |   |--- feature_12 <= 8.05
|   |   |   |   |   |   |   |   |--- feature_5 <= 41514404.00
|   |   |   |   |   |   |   |   |   |--- class: positive
|   |   |   |   |   |   |   |   |--- feature_5 >  41514404.00
|   |   |   |   |   |   |   |   |   |--- feature_0 <= 1966.50
|   |   |   |   |   |   |   |   |   |   |--- class: negative
|   |   |   |   |   |   |   |   |   |--- feature_0 >  1966.50
|   |   |   |   |   |   |   |   |   |   |--- class: positive
|   |   |   |   |   |   |   |--- feature_12 >  8.05
|   |   |   |   |   |   |   |   |--- feature_11 <= 5.71
|   |   |   |   |   |   |   |   |   |--- feature_11 <= 4.94
|   |   |   |   |   |   |   |   |   |   |--- feature_11 <= 4.44
|   |   |   |   |   |   |   |   |   |   |   |--- class: positive
|   |   |   |   |   |   |   |   |   |   |--- feature_11 >  4.44
|   |   |   |   |   |   |   |   |   |   |   |--- class: negative
|   |   |   |   |   |   |   |   |   |--- feature_11 >  4.94
|   |   |   |   |   |   |   |   |   |   |--- class: positive
|   |   |   |   |   |   |   |   |--- feature_11 >  5.71
|   |   |   |   |   |   |   |   |   |--- class: negative
|   |   |   |   |   |--- feature_1 >  10.50
|   |   |   |   |   |   |--- feature_6 <= 96209496.00
|   |   |   |   |   |   |   |--- feature_11 <= 6.00
|   |   |   |   |   |   |   |   |--- class: negative
|   |   |   |   |   |   |   |--- feature_11 >  6.00
|   |   |   |   |   |   |   |   |--- feature_1 <= 44.00
|   |   |   |   |   |   |   |   |   |--- class: negative
|   |   |   |   |   |   |   |   |--- feature_1 >  44.00
|   |   |   |   |   |   |   |   |   |--- feature_2 <= 9.50
|   |   |   |   |   |   |   |   |   |   |--- feature_9 <= 27.40
|   |   |   |   |   |   |   |   |   |   |   |--- truncated branch of depth 3
|   |   |   |   |   |   |   |   |   |   |--- feature_9 >  27.40
|   |   |   |   |   |   |   |   |   |   |   |--- truncated branch of depth 2
|   |   |   |   |   |   |   |   |   |--- feature_2 >  9.50
|   |   |   |   |   |   |   |   |   |   |--- class: negative
|   |   |   |   |   |   |--- feature_6 >  96209496.00
|   |   |   |   |   |   |   |--- feature_11 <= 7.20
|   |   |   |   |   |   |   |   |--- feature_5 <= 40106500.00
|   |   |   |   |   |   |   |   |   |--- class: negative
|   |   |   |   |   |   |   |   |--- feature_5 >  40106500.00
|   |   |   |   |   |   |   |   |   |--- feature_11 <= 6.10
|   |   |   |   |   |   |   |   |   |   |--- feature_12 <= 25.11
|   |   |   |   |   |   |   |   |   |   |   |--- truncated branch of depth 13
|   |   |   |   |   |   |   |   |   |   |--- feature_12 >  25.11
|   |   |   |   |   |   |   |   |   |   |   |--- truncated branch of depth 7
|   |   |   |   |   |   |   |   |   |--- feature_11 >  6.10
|   |   |   |   |   |   |   |   |   |   |--- feature_2 <= 8.50
|   |   |   |   |   |   |   |   |   |   |   |--- truncated branch of depth 9
|   |   |   |   |   |   |   |   |   |   |--- feature_2 >  8.50
|   |   |   |   |   |   |   |   |   |   |   |--- class: negative
|   |   |   |   |   |   |   |--- feature_11 >  7.20
|   |   |   |   |   |   |   |   |--- feature_1 <= 52.00
|   |   |   |   |   |   |   |   |   |--- feature_11 <= 7.40
|   |   |   |   |   |   |   |   |   |   |--- feature_11 <= 7.30
|   |   |   |   |   |   |   |   |   |   |   |--- truncated branch of depth 3
|   |   |   |   |   |   |   |   |   |   |--- feature_11 >  7.30
|   |   |   |   |   |   |   |   |   |   |   |--- class: positive
|   |   |   |   |   |   |   |   |   |--- feature_11 >  7.40
|   |   |   |   |   |   |   |   |   |   |--- class: negative
|   |   |   |   |   |   |   |   |--- feature_1 >  52.00
|   |   |   |   |   |   |   |   |   |--- feature_11 <= 7.30
|   |   |   |   |   |   |   |   |   |   |--- feature_11 <= 7.28
|   |   |   |   |   |   |   |   |   |   |   |--- truncated branch of depth 2
|   |   |   |   |   |   |   |   |   |   |--- feature_11 >  7.28
|   |   |   |   |   |   |   |   |   |   |   |--- class: negative
|   |   |   |   |   |   |   |   |   |--- feature_11 >  7.30
|   |   |   |   |   |   |   |   |   |   |--- feature_6 <= 96365364.00
|   |   |   |   |   |   |   |   |   |   |   |--- truncated branch of depth 2
|   |   |   |   |   |   |   |   |   |   |--- feature_6 >  96365364.00
|   |   |   |   |   |   |   |   |   |   |   |--- truncated branch of depth 9
|   |   |   |--- feature_12 >  31.49
|   |   |   |   |--- feature_10 <= 93.89
|   |   |   |   |   |--- feature_12 <= 61.18
|   |   |   |   |   |   |--- feature_10 <= 12.87
|   |   |   |   |   |   |   |--- feature_11 <= 6.94
|   |   |   |   |   |   |   |   |--- feature_6 <= 98076800.00
|   |   |   |   |   |   |   |   |   |--- feature_6 <= 96470600.00
|   |   |   |   |   |   |   |   |   |   |--- feature_0 <= 1971.50
|   |   |   |   |   |   |   |   |   |   |   |--- truncated branch of depth 4
|   |   |   |   |   |   |   |   |   |   |--- feature_0 >  1971.50
|   |   |   |   |   |   |   |   |   |   |   |--- class: positive
|   |   |   |   |   |   |   |   |   |--- feature_6 >  96470600.00
|   |   |   |   |   |   |   |   |   |   |--- class: negative
|   |   |   |   |   |   |   |   |--- feature_6 >  98076800.00
|   |   |   |   |   |   |   |   |   |--- feature_6 <= 98487932.00
|   |   |   |   |   |   |   |   |   |   |--- feature_0 <= 1937.50
|   |   |   |   |   |   |   |   |   |   |   |--- truncated branch of depth 3
|   |   |   |   |   |   |   |   |   |   |--- feature_0 >  1937.50
|   |   |   |   |   |   |   |   |   |   |   |--- class: positive
|   |   |   |   |   |   |   |   |   |--- feature_6 >  98487932.00
|   |   |   |   |   |   |   |   |   |   |--- class: negative
|   |   |   |   |   |   |   |--- feature_11 >  6.94
|   |   |   |   |   |   |   |   |--- feature_12 <= 58.79
|   |   |   |   |   |   |   |   |   |--- class: negative
|   |   |   |   |   |   |   |   |--- feature_12 >  58.79
|   |   |   |   |   |   |   |   |   |--- feature_12 <= 59.24
|   |   |   |   |   |   |   |   |   |   |--- class: positive
|   |   |   |   |   |   |   |   |   |--- feature_12 >  59.24
|   |   |   |   |   |   |   |   |   |   |--- class: negative
|   |   |   |   |   |   |--- feature_10 >  12.87
|   |   |   |   |   |   |   |--- feature_11 <= 7.89
|   |   |   |   |   |   |   |   |--- feature_1 <= 166.00
|   |   |   |   |   |   |   |   |   |--- feature_10 <= 17.61
|   |   |   |   |   |   |   |   |   |   |--- feature_6 <= 98080900.00
|   |   |   |   |   |   |   |   |   |   |   |--- class: negative
|   |   |   |   |   |   |   |   |   |   |--- feature_6 >  98080900.00
|   |   |   |   |   |   |   |   |   |   |   |--- truncated branch of depth 2
|   |   |   |   |   |   |   |   |   |--- feature_10 >  17.61
|   |   |   |   |   |   |   |   |   |   |--- feature_12 <= 38.68
|   |   |   |   |   |   |   |   |   |   |   |--- truncated branch of depth 5
|   |   |   |   |   |   |   |   |   |   |--- feature_12 >  38.68
|   |   |   |   |   |   |   |   |   |   |   |--- class: negative
|   |   |   |   |   |   |   |   |--- feature_1 >  166.00
|   |   |   |   |   |   |   |   |   |--- feature_9 <= 9.28
|   |   |   |   |   |   |   |   |   |   |--- feature_10 <= 29.89
|   |   |   |   |   |   |   |   |   |   |   |--- class: negative
|   |   |   |   |   |   |   |   |   |   |--- feature_10 >  29.89
|   |   |   |   |   |   |   |   |   |   |   |--- class: positive
|   |   |   |   |   |   |   |   |   |--- feature_9 >  9.28
|   |   |   |   |   |   |   |   |   |   |--- feature_5 <= 41950448.00
|   |   |   |   |   |   |   |   |   |   |   |--- truncated branch of depth 5
|   |   |   |   |   |   |   |   |   |   |--- feature_5 >  41950448.00
|   |   |   |   |   |   |   |   |   |   |   |--- class: negative
|   |   |   |   |   |   |   |--- feature_11 >  7.89
|   |   |   |   |   |   |   |   |--- feature_6 <= 95476800.00
|   |   |   |   |   |   |   |   |   |--- feature_2 <= 8.50
|   |   |   |   |   |   |   |   |   |   |--- class: positive
|   |   |   |   |   |   |   |   |   |--- feature_2 >  8.50
|   |   |   |   |   |   |   |   |   |   |--- class: negative
|   |   |   |   |   |   |   |   |--- feature_6 >  95476800.00
|   |   |   |   |   |   |   |   |   |--- feature_11 <= 12.19
|   |   |   |   |   |   |   |   |   |   |--- feature_1 <= 1152.50
|   |   |   |   |   |   |   |   |   |   |   |--- truncated branch of depth 6
|   |   |   |   |   |   |   |   |   |   |--- feature_1 >  1152.50
|   |   |   |   |   |   |   |   |   |   |   |--- truncated branch of depth 5
|   |   |   |   |   |   |   |   |   |--- feature_11 >  12.19
|   |   |   |   |   |   |   |   |   |   |--- feature_5 <= 42241200.00
|   |   |   |   |   |   |   |   |   |   |   |--- class: negative
|   |   |   |   |   |   |   |   |   |   |--- feature_5 >  42241200.00
|   |   |   |   |   |   |   |   |   |   |   |--- truncated branch of depth 4
|   |   |   |   |   |--- feature_12 >  61.18
|   |   |   |   |   |   |--- feature_1 <= 14869.50
|   |   |   |   |   |   |   |--- class: negative
|   |   |   |   |   |   |--- feature_1 >  14869.50
|   |   |   |   |   |   |   |--- feature_6 <= 96396372.00
|   |   |   |   |   |   |   |   |--- class: positive
|   |   |   |   |   |   |   |--- feature_6 >  96396372.00
|   |   |   |   |   |   |   |   |--- class: negative
|   |   |   |   |--- feature_10 >  93.89
|   |   |   |   |   |--- feature_11 <= 11.76
|   |   |   |   |   |   |--- feature_2 <= 10.50
|   |   |   |   |   |   |   |--- feature_7 <= 28.50
|   |   |   |   |   |   |   |   |--- class: positive
|   |   |   |   |   |   |   |--- feature_7 >  28.50
|   |   |   |   |   |   |   |   |--- class: negative
|   |   |   |   |   |   |--- feature_2 >  10.50
|   |   |   |   |   |   |   |--- feature_9 <= 20.61
|   |   |   |   |   |   |   |   |--- class: positive
|   |   |   |   |   |   |   |--- feature_9 >  20.61
|   |   |   |   |   |   |   |   |--- class: negative
|   |   |   |   |   |--- feature_11 >  11.76
|   |   |   |   |   |   |--- feature_9 <= 20.62
|   |   |   |   |   |   |   |--- feature_2 <= 25.00
|   |   |   |   |   |   |   |   |--- class: negative
|   |   |   |   |   |   |   |--- feature_2 >  25.00
|   |   |   |   |   |   |   |   |--- class: positive
|   |   |   |   |   |   |--- feature_9 >  20.62
|   |   |   |   |   |   |   |--- class: negative
|   |   |--- feature_1 >  17031.50
|   |   |   |--- feature_11 <= 12.90
|   |   |   |   |--- feature_12 <= 40.91
|   |   |   |   |   |--- feature_7 <= 3.50
|   |   |   |   |   |   |--- class: negative
|   |   |   |   |   |--- feature_7 >  3.50
|   |   |   |   |   |   |--- class: positive
|   |   |   |   |--- feature_12 >  40.91
|   |   |   |   |   |--- class: positive
|   |   |   |--- feature_11 >  12.90
|   |   |   |   |--- class: negative
|--- feature_0 >  1973.50
|   |--- feature_0 <= 1986.50
|   |   |--- feature_1 <= 36.00
|   |   |   |--- feature_11 <= 7.77
|   |   |   |   |--- feature_14 <= 1.50
|   |   |   |   |   |--- feature_12 <= 23.70
|   |   |   |   |   |   |--- class: negative
|   |   |   |   |   |--- feature_12 >  23.70
|   |   |   |   |   |   |--- class: positive
|   |   |   |   |--- feature_14 >  1.50
|   |   |   |   |   |--- feature_1 <= 21.50
|   |   |   |   |   |   |--- feature_9 <= 13.72
|   |   |   |   |   |   |   |--- class: negative
|   |   |   |   |   |   |--- feature_9 >  13.72
|   |   |   |   |   |   |   |--- feature_11 <= 7.60
|   |   |   |   |   |   |   |   |--- feature_13 <= 3.50
|   |   |   |   |   |   |   |   |   |--- class: positive
|   |   |   |   |   |   |   |   |--- feature_13 >  3.50
|   |   |   |   |   |   |   |   |   |--- feature_9 <= 13.87
|   |   |   |   |   |   |   |   |   |   |--- class: positive
|   |   |   |   |   |   |   |   |   |--- feature_9 >  13.87
|   |   |   |   |   |   |   |   |   |   |--- class: negative
|   |   |   |   |   |   |   |--- feature_11 >  7.60
|   |   |   |   |   |   |   |   |--- class: positive
|   |   |   |   |   |--- feature_1 >  21.50
|   |   |   |   |   |   |--- feature_11 <= 7.04
|   |   |   |   |   |   |   |--- feature_13 <= 5.50
|   |   |   |   |   |   |   |   |--- feature_0 <= 1974.50
|   |   |   |   |   |   |   |   |   |--- feature_5 <= 40432172.00
|   |   |   |   |   |   |   |   |   |   |--- class: negative
|   |   |   |   |   |   |   |   |   |--- feature_5 >  40432172.00
|   |   |   |   |   |   |   |   |   |   |--- class: positive
|   |   |   |   |   |   |   |   |--- feature_0 >  1974.50
|   |   |   |   |   |   |   |   |   |--- class: negative
|   |   |   |   |   |   |   |--- feature_13 >  5.50
|   |   |   |   |   |   |   |   |--- feature_13 <= 7.89
|   |   |   |   |   |   |   |   |   |--- class: positive
|   |   |   |   |   |   |   |   |--- feature_13 >  7.89
|   |   |   |   |   |   |   |   |   |--- feature_12 <= 23.11
|   |   |   |   |   |   |   |   |   |   |--- class: positive
|   |   |   |   |   |   |   |   |   |--- feature_12 >  23.11
|   |   |   |   |   |   |   |   |   |   |--- class: negative
|   |   |   |   |   |   |--- feature_11 >  7.04
|   |   |   |   |   |   |   |--- feature_5 <= 40057670.00
|   |   |   |   |   |   |   |   |--- class: positive
|   |   |   |   |   |   |   |--- feature_5 >  40057670.00
|   |   |   |   |   |   |   |   |--- class: negative
|   |   |   |--- feature_11 >  7.77
|   |   |   |   |--- class: negative
|   |   |--- feature_1 >  36.00
|   |   |   |--- feature_11 <= 8.50
|   |   |   |   |--- feature_13 <= 5.03
|   |   |   |   |   |--- feature_7 <= 15.00
|   |   |   |   |   |   |--- feature_0 <= 1977.50
|   |   |   |   |   |   |   |--- feature_5 <= 40112916.00
|   |   |   |   |   |   |   |   |--- class: positive
|   |   |   |   |   |   |   |--- feature_5 >  40112916.00
|   |   |   |   |   |   |   |   |--- feature_0 <= 1976.50
|   |   |   |   |   |   |   |   |   |--- class: negative
|   |   |   |   |   |   |   |   |--- feature_0 >  1976.50
|   |   |   |   |   |   |   |   |   |--- class: positive
|   |   |   |   |   |   |--- feature_0 >  1977.50
|   |   |   |   |   |   |   |--- class: negative
|   |   |   |   |   |--- feature_7 >  15.00
|   |   |   |   |   |   |--- feature_5 <= 40338690.00
|   |   |   |   |   |   |   |--- class: negative
|   |   |   |   |   |   |--- feature_5 >  40338690.00
|   |   |   |   |   |   |   |--- feature_5 <= 40988084.00
|   |   |   |   |   |   |   |   |--- class: positive
|   |   |   |   |   |   |   |--- feature_5 >  40988084.00
|   |   |   |   |   |   |   |   |--- class: negative
|   |   |   |   |--- feature_13 >  5.03
|   |   |   |   |   |--- feature_13 <= 7.99
|   |   |   |   |   |   |--- feature_0 <= 1974.50
|   |   |   |   |   |   |   |--- feature_11 <= 8.39
|   |   |   |   |   |   |   |   |--- class: positive
|   |   |   |   |   |   |   |--- feature_11 >  8.39
|   |   |   |   |   |   |   |   |--- feature_8 <= 2.50
|   |   |   |   |   |   |   |   |   |--- class: negative
|   |   |   |   |   |   |   |   |--- feature_8 >  2.50
|   |   |   |   |   |   |   |   |   |--- class: positive
|   |   |   |   |   |   |--- feature_0 >  1974.50
|   |   |   |   |   |   |   |--- class: positive
|   |   |   |   |   |--- feature_13 >  7.99
|   |   |   |   |   |   |--- feature_5 <= 41576636.00
|   |   |   |   |   |   |   |--- feature_1 <= 50.50
|   |   |   |   |   |   |   |   |--- feature_10 <= 14.00
|   |   |   |   |   |   |   |   |   |--- class: negative
|   |   |   |   |   |   |   |   |--- feature_10 >  14.00
|   |   |   |   |   |   |   |   |   |--- feature_12 <= 43.38
|   |   |   |   |   |   |   |   |   |   |--- feature_2 <= 6.50
|   |   |   |   |   |   |   |   |   |   |   |--- class: negative
|   |   |   |   |   |   |   |   |   |   |--- feature_2 >  6.50
|   |   |   |   |   |   |   |   |   |   |   |--- class: positive
|   |   |   |   |   |   |   |   |   |--- feature_12 >  43.38
|   |   |   |   |   |   |   |   |   |   |--- class: positive
|   |   |   |   |   |   |   |--- feature_1 >  50.50
|   |   |   |   |   |   |   |   |--- feature_5 <= 40265240.00
|   |   |   |   |   |   |   |   |   |--- class: negative
|   |   |   |   |   |   |   |   |--- feature_5 >  40265240.00
|   |   |   |   |   |   |   |   |   |--- feature_11 <= 7.27
|   |   |   |   |   |   |   |   |   |   |--- feature_12 <= 13.48
|   |   |   |   |   |   |   |   |   |   |   |--- class: negative
|   |   |   |   |   |   |   |   |   |   |--- feature_12 >  13.48
|   |   |   |   |   |   |   |   |   |   |   |--- truncated branch of depth 2
|   |   |   |   |   |   |   |   |   |--- feature_11 >  7.27
|   |   |   |   |   |   |   |   |   |   |--- feature_10 <= 12.52
|   |   |   |   |   |   |   |   |   |   |   |--- truncated branch of depth 3
|   |   |   |   |   |   |   |   |   |   |--- feature_10 >  12.52
|   |   |   |   |   |   |   |   |   |   |   |--- truncated branch of depth 7
|   |   |   |   |   |   |--- feature_5 >  41576636.00
|   |   |   |   |   |   |   |--- class: negative
|   |   |   |--- feature_11 >  8.50
|   |   |   |   |--- feature_6 <= 96219748.00
|   |   |   |   |   |--- feature_5 <= 41112006.00
|   |   |   |   |   |   |--- class: negative
|   |   |   |   |   |--- feature_5 >  41112006.00
|   |   |   |   |   |   |--- feature_9 <= 12.21
|   |   |   |   |   |   |   |--- class: negative
|   |   |   |   |   |   |--- feature_9 >  12.21
|   |   |   |   |   |   |   |--- feature_7 <= 13.50
|   |   |   |   |   |   |   |   |--- feature_12 <= 57.01
|   |   |   |   |   |   |   |   |   |--- feature_6 <= 95950284.00
|   |   |   |   |   |   |   |   |   |   |--- class: positive
|   |   |   |   |   |   |   |   |   |--- feature_6 >  95950284.00
|   |   |   |   |   |   |   |   |   |   |--- feature_7 <= 3.00
|   |   |   |   |   |   |   |   |   |   |   |--- class: negative
|   |   |   |   |   |   |   |   |   |   |--- feature_7 >  3.00
|   |   |   |   |   |   |   |   |   |   |   |--- class: positive
|   |   |   |   |   |   |   |   |--- feature_12 >  57.01
|   |   |   |   |   |   |   |   |   |--- feature_1 <= 103.00
|   |   |   |   |   |   |   |   |   |   |--- class: negative
|   |   |   |   |   |   |   |   |   |--- feature_1 >  103.00
|   |   |   |   |   |   |   |   |   |   |--- class: positive
|   |   |   |   |   |   |   |--- feature_7 >  13.50
|   |   |   |   |   |   |   |   |--- feature_10 <= 29.32
|   |   |   |   |   |   |   |   |   |--- class: positive
|   |   |   |   |   |   |   |   |--- feature_10 >  29.32
|   |   |   |   |   |   |   |   |   |--- class: negative
|   |   |   |   |--- feature_6 >  96219748.00
|   |   |   |   |   |--- feature_9 <= 15.78
|   |   |   |   |   |   |--- feature_6 <= 99151516.00
|   |   |   |   |   |   |   |--- feature_6 <= 98511896.00
|   |   |   |   |   |   |   |   |--- feature_6 <= 97266800.00
|   |   |   |   |   |   |   |   |   |--- feature_5 <= 42192146.00
|   |   |   |   |   |   |   |   |   |   |--- feature_1 <= 923.00
|   |   |   |   |   |   |   |   |   |   |   |--- truncated branch of depth 6
|   |   |   |   |   |   |   |   |   |   |--- feature_1 >  923.00
|   |   |   |   |   |   |   |   |   |   |   |--- truncated branch of depth 4
|   |   |   |   |   |   |   |   |   |--- feature_5 >  42192146.00
|   |   |   |   |   |   |   |   |   |   |--- feature_7 <= 8.00
|   |   |   |   |   |   |   |   |   |   |   |--- class: negative
|   |   |   |   |   |   |   |   |   |   |--- feature_7 >  8.00
|   |   |   |   |   |   |   |   |   |   |   |--- class: positive
|   |   |   |   |   |   |   |   |--- feature_6 >  97266800.00
|   |   |   |   |   |   |   |   |   |--- class: negative
|   |   |   |   |   |   |   |--- feature_6 >  98511896.00
|   |   |   |   |   |   |   |   |--- feature_9 <= 11.56
|   |   |   |   |   |   |   |   |   |--- feature_9 <= 7.30
|   |   |   |   |   |   |   |   |   |   |--- feature_5 <= 41308870.00
|   |   |   |   |   |   |   |   |   |   |   |--- class: negative
|   |   |   |   |   |   |   |   |   |   |--- feature_5 >  41308870.00
|   |   |   |   |   |   |   |   |   |   |   |--- class: positive
|   |   |   |   |   |   |   |   |   |--- feature_9 >  7.30
|   |   |   |   |   |   |   |   |   |   |--- class: positive
|   |   |   |   |   |   |   |   |--- feature_9 >  11.56
|   |   |   |   |   |   |   |   |   |--- class: negative
|   |   |   |   |   |   |--- feature_6 >  99151516.00
|   |   |   |   |   |   |   |--- class: negative
|   |   |   |   |   |--- feature_9 >  15.78
|   |   |   |   |   |   |--- feature_5 <= 40028204.00
|   |   |   |   |   |   |   |--- feature_12 <= 43.54
|   |   |   |   |   |   |   |   |--- class: negative
|   |   |   |   |   |   |   |--- feature_12 >  43.54
|   |   |   |   |   |   |   |   |--- feature_10 <= 84.45
|   |   |   |   |   |   |   |   |   |--- class: negative
|   |   |   |   |   |   |   |   |--- feature_10 >  84.45
|   |   |   |   |   |   |   |   |   |--- class: positive
|   |   |   |   |   |   |--- feature_5 >  40028204.00
|   |   |   |   |   |   |   |--- feature_1 <= 549.50
|   |   |   |   |   |   |   |   |--- class: negative
|   |   |   |   |   |   |   |--- feature_1 >  549.50
|   |   |   |   |   |   |   |   |--- feature_11 <= 8.70
|   |   |   |   |   |   |   |   |   |--- feature_10 <= 59.44
|   |   |   |   |   |   |   |   |   |   |--- class: positive
|   |   |   |   |   |   |   |   |   |--- feature_10 >  59.44
|   |   |   |   |   |   |   |   |   |   |--- class: negative
|   |   |   |   |   |   |   |   |--- feature_11 >  8.70
|   |   |   |   |   |   |   |   |   |--- class: negative
|   |--- feature_0 >  1986.50
|   |   |--- feature_14 <= 1.50
|   |   |   |--- feature_8 <= 1.50
|   |   |   |   |--- class: negative
|   |   |   |--- feature_8 >  1.50
|   |   |   |   |--- class: positive
|   |   |--- feature_14 >  1.50
|   |   |   |--- feature_11 <= 7.79
|   |   |   |   |--- feature_1 <= 71.00
|   |   |   |   |   |--- feature_12 <= 8.93
|   |   |   |   |   |   |--- feature_0 <= 1987.50
|   |   |   |   |   |   |   |--- class: positive
|   |   |   |   |   |   |--- feature_0 >  1987.50
|   |   |   |   |   |   |   |--- class: negative
|   |   |   |   |   |--- feature_12 >  8.93
|   |   |   |   |   |   |--- feature_10 <= 31.40
|   |   |   |   |   |   |   |--- feature_1 <= 57.50
|   |   |   |   |   |   |   |   |--- class: negative
|   |   |   |   |   |   |   |--- feature_1 >  57.50
|   |   |   |   |   |   |   |   |--- feature_6 <= 96399668.00
|   |   |   |   |   |   |   |   |   |--- feature_7 <= 7.50
|   |   |   |   |   |   |   |   |   |   |--- class: positive
|   |   |   |   |   |   |   |   |   |--- feature_7 >  7.50
|   |   |   |   |   |   |   |   |   |   |--- class: negative
|   |   |   |   |   |   |   |   |--- feature_6 >  96399668.00
|   |   |   |   |   |   |   |   |   |--- class: negative
|   |   |   |   |   |   |--- feature_10 >  31.40
|   |   |   |   |   |   |   |--- feature_6 <= 98831216.00
|   |   |   |   |   |   |   |   |--- class: negative
|   |   |   |   |   |   |   |--- feature_6 >  98831216.00
|   |   |   |   |   |   |   |   |--- feature_12 <= 51.80
|   |   |   |   |   |   |   |   |   |--- class: positive
|   |   |   |   |   |   |   |   |--- feature_12 >  51.80
|   |   |   |   |   |   |   |   |   |--- class: negative
|   |   |   |   |--- feature_1 >  71.00
|   |   |   |   |   |--- feature_5 <= 41252588.00
|   |   |   |   |   |   |--- feature_12 <= 43.65
|   |   |   |   |   |   |   |--- class: positive
|   |   |   |   |   |   |--- feature_12 >  43.65
|   |   |   |   |   |   |   |--- feature_6 <= 96420720.00
|   |   |   |   |   |   |   |   |--- feature_10 <= 17.26
|   |   |   |   |   |   |   |   |   |--- class: positive
|   |   |   |   |   |   |   |   |--- feature_10 >  17.26
|   |   |   |   |   |   |   |   |   |--- class: negative
|   |   |   |   |   |   |   |--- feature_6 >  96420720.00
|   |   |   |   |   |   |   |   |--- class: negative
|   |   |   |   |   |--- feature_5 >  41252588.00
|   |   |   |   |   |   |--- class: negative
|   |   |   |--- feature_11 >  7.79
|   |   |   |   |--- feature_7 <= 30.50
|   |   |   |   |   |--- feature_0 <= 1989.50
|   |   |   |   |   |   |--- feature_6 <= 97069944.00
|   |   |   |   |   |   |   |--- feature_1 <= 378.50
|   |   |   |   |   |   |   |   |--- feature_5 <= 40455600.00
|   |   |   |   |   |   |   |   |   |--- feature_5 <= 40441200.00
|   |   |   |   |   |   |   |   |   |   |--- class: negative
|   |   |   |   |   |   |   |   |   |--- feature_5 >  40441200.00
|   |   |   |   |   |   |   |   |   |   |--- class: positive
|   |   |   |   |   |   |   |   |--- feature_5 >  40455600.00
|   |   |   |   |   |   |   |   |   |--- class: negative
|   |   |   |   |   |   |   |--- feature_1 >  378.50
|   |   |   |   |   |   |   |   |--- feature_1 <= 1002.00
|   |   |   |   |   |   |   |   |   |--- feature_2 <= 5.50
|   |   |   |   |   |   |   |   |   |   |--- class: positive
|   |   |   |   |   |   |   |   |   |--- feature_2 >  5.50
|   |   |   |   |   |   |   |   |   |   |--- class: negative
|   |   |   |   |   |   |   |   |--- feature_1 >  1002.00
|   |   |   |   |   |   |   |   |   |--- class: negative
|   |   |   |   |   |   |--- feature_6 >  97069944.00
|   |   |   |   |   |   |   |--- class: negative
|   |   |   |   |   |--- feature_0 >  1989.50
|   |   |   |   |   |   |--- feature_10 <= 36.45
|   |   |   |   |   |   |   |--- class: negative
|   |   |   |   |   |   |--- feature_10 >  36.45
|   |   |   |   |   |   |   |--- feature_5 <= 41552700.00
|   |   |   |   |   |   |   |   |--- class: negative
|   |   |   |   |   |   |   |--- feature_5 >  41552700.00
|   |   |   |   |   |   |   |   |--- feature_5 <= 41556800.00
|   |   |   |   |   |   |   |   |   |--- class: positive
|   |   |   |   |   |   |   |   |--- feature_5 >  41556800.00
|   |   |   |   |   |   |   |   |   |--- feature_1 <= 22.50
|   |   |   |   |   |   |   |   |   |   |--- feature_5 <= 42462400.00
|   |   |   |   |   |   |   |   |   |   |   |--- class: negative
|   |   |   |   |   |   |   |   |   |   |--- feature_5 >  42462400.00
|   |   |   |   |   |   |   |   |   |   |   |--- class: positive
|   |   |   |   |   |   |   |   |   |--- feature_1 >  22.50
|   |   |   |   |   |   |   |   |   |   |--- class: negative
|   |   |   |   |--- feature_7 >  30.50
|   |   |   |   |   |--- feature_5 <= 42141800.00
|   |   |   |   |   |   |--- feature_12 <= 25.65
|   |   |   |   |   |   |   |--- class: positive
|   |   |   |   |   |   |--- feature_12 >  25.65
|   |   |   |   |   |   |   |--- class: negative
|   |   |   |   |   |--- feature_5 >  42141800.00
|   |   |   |   |   |   |--- feature_7 <= 34.50
|   |   |   |   |   |   |   |--- class: positive
|   |   |   |   |   |   |--- feature_7 >  34.50
|   |   |   |   |   |   |   |--- feature_5 <= 42162700.00
|   |   |   |   |   |   |   |   |--- class: positive
|   |   |   |   |   |   |   |--- feature_5 >  42162700.00
|   |   |   |   |   |   |   |   |--- class: negative
