|--- feature_0 <= 1969.50
|   |--- feature_13 <= 8.00
|   |   |--- feature_13 <= 5.00
|   |   |   |--- feature_13 <= 5.00
|   |   |   |   |--- feature_13 <= 4.00
|   |   |   |   |   |--- feature_44 <= 1.00
|   |   |   |   |   |   |--- feature_44 <= 0.00
|   |   |   |   |   |   |   |--- feature_12 <= 20.68
|   |   |   |   |   |   |   |   |--- feature_12 <= 0.02
|   |   |   |   |   |   |   |   |   |--- feature_11 <= 4.85
|   |   |   |   |   |   |   |   |   |   |--- feature_0 <= 1942.00
|   |   |   |   |   |   |   |   |   |   |   |--- class: negative
|   |   |   |   |   |   |   |   |   |   |--- feature_0 >  1942.00
|   |   |   |   |   |   |   |   |   |   |   |--- truncated branch of depth 2
|   |   |   |   |   |   |   |   |   |--- feature_11 >  4.85
|   |   |   |   |   |   |   |   |   |   |--- feature_5 <= 41.40
|   |   |   |   |   |   |   |   |   |   |   |--- class: negative
|   |   |   |   |   |   |   |   |   |   |--- feature_5 >  41.40
|   |   |   |   |   |   |   |   |   |   |   |--- truncated branch of depth 4
|   |   |   |   |   |   |   |   |--- feature_12 >  0.02
|   |   |   |   |   |   |   |   |   |--- feature_14 <= 1.50
|   |   |   |   |   |   |   |   |   |   |--- feature_11 <= 4.80
|   |   |   |   |   |   |   |   |   |   |   |--- truncated branch of depth 10
|   |   |   |   |   |   |   |   |   |   |--- feature_11 >  4.80
|   |   |   |   |   |   |   |   |   |   |   |--- class: positive
|   |   |   |   |   |   |   |   |   |--- feature_14 >  1.50
|   |   |   |   |   |   |   |   |   |   |--- feature_47 <= 0.01
|   |   |   |   |   |   |   |   |   |   |   |--- truncated branch of depth 8
|   |   |   |   |   |   |   |   |   |   |--- feature_47 >  0.01
|   |   |   |   |   |   |   |   |   |   |   |--- truncated branch of depth 9
|   |   |   |   |   |   |   |--- feature_12 >  20.68
|   |   |   |   |   |   |   |   |--- feature_10 <= 95.56
|   |   |   |   |   |   |   |   |   |--- feature_10 <= 16.35
|   |   |   |   |   |   |   |   |   |   |--- feature_11 <= 4.65
|   |   |   |   |   |   |   |   |   |   |   |--- truncated branch of depth 2
|   |   |   |   |   |   |   |   |   |   |--- feature_11 >  4.65
|   |   |   |   |   |   |   |   |   |   |   |--- class: negative
|   |   |   |   |   |   |   |   |   |--- feature_10 >  16.35
|   |   |   |   |   |   |   |   |   |   |--- feature_12 <= 36.00
|   |   |   |   |   |   |   |   |   |   |   |--- truncated branch of depth 10
|   |   |   |   |   |   |   |   |   |   |--- feature_12 >  36.00
|   |   |   |   |   |   |   |   |   |   |   |--- truncated branch of depth 3
|   |   |   |   |   |   |   |   |--- feature_10 >  95.56
|   |   |   |   |   |   |   |   |   |--- class: positive
|   |   |   |   |   |   |--- feature_44 >  0.00
|   |   |   |   |   |   |   |--- class: positive
|   |   |   |   |   |--- feature_44 >  1.00
|   |   |   |   |   |   |--- feature_13 <= 4.00
|   |   |   |   |   |   |   |--- feature_13 <= 3.00
|   |   |   |   |   |   |   |   |--- feature_13 <= 3.00
|   |   |   |   |   |   |   |   |   |--- feature_13 <= 2.00
|   |   |   |   |   |   |   |   |   |   |--- feature_6 <= -97.51
|   |   |   |   |   |   |   |   |   |   |   |--- truncated branch of depth 3
|   |   |   |   |   |   |   |   |   |   |--- feature_6 >  -97.51
|   |   |   |   |   |   |   |   |   |   |   |--- truncated branch of depth 3
|   |   |   |   |   |   |   |   |   |--- feature_13 >  2.00
|   |   |   |   |   |   |   |   |   |   |--- class: positive
|   |   |   |   |   |   |   |   |--- feature_13 >  3.00
|   |   |   |   |   |   |   |   |   |--- feature_12 <= 11.25
|   |   |   |   |   |   |   |   |   |   |--- feature_6 <= -98.61
|   |   |   |   |   |   |   |   |   |   |   |--- truncated branch of depth 2
|   |   |   |   |   |   |   |   |   |   |--- feature_6 >  -98.61
|   |   |   |   |   |   |   |   |   |   |   |--- class: negative
|   |   |   |   |   |   |   |   |   |--- feature_12 >  11.25
|   |   |   |   |   |   |   |   |   |   |--- feature_11 <= 5.99
|   |   |   |   |   |   |   |   |   |   |   |--- truncated branch of depth 10
|   |   |   |   |   |   |   |   |   |   |--- feature_11 >  5.99
|   |   |   |   |   |   |   |   |   |   |   |--- truncated branch of depth 6
|   |   |   |   |   |   |   |--- feature_13 >  3.00
|   |   |   |   |   |   |   |   |--- class: positive
|   |   |   |   |   |   |--- feature_13 >  4.00
|   |   |   |   |   |   |   |--- feature_10 <= 58.20
|   |   |   |   |   |   |   |   |--- feature_14 <= 1.50
|   |   |   |   |   |   |   |   |   |--- feature_9 <= 9.25
|   |   |   |   |   |   |   |   |   |   |--- feature_1 <= 37.50
|   |   |   |   |   |   |   |   |   |   |   |--- class: negative
|   |   |   |   |   |   |   |   |   |   |--- feature_1 >  37.50
|   |   |   |   |   |   |   |   |   |   |   |--- truncated branch of depth 2
|   |   |   |   |   |   |   |   |   |--- feature_9 >  9.25
|   |   |   |   |   |   |   |   |   |   |--- feature_7 <= 1.50
|   |   |   |   |   |   |   |   |   |   |   |--- truncated branch of depth 2
|   |   |   |   |   |   |   |   |   |   |--- feature_7 >  1.50
|   |   |   |   |   |   |   |   |   |   |   |--- class: positive
|   |   |   |   |   |   |   |   |--- feature_14 >  1.50
|   |   |   |   |   |   |   |   |   |--- feature_8 <= 3.50
|   |   |   |   |   |   |   |   |   |   |--- feature_0 <= 1952.50
|   |   |   |   |   |   |   |   |   |   |   |--- truncated branch of depth 6
|   |   |   |   |   |   |   |   |   |   |--- feature_0 >  1952.50
|   |   |   |   |   |   |   |   |   |   |   |--- class: negative
|   |   |   |   |   |   |   |   |   |--- feature_8 >  3.50
|   |   |   |   |   |   |   |   |   |   |--- feature_5 <= 41.02
|   |   |   |   |   |   |   |   |   |   |   |--- class: negative
|   |   |   |   |   |   |   |   |   |   |--- feature_5 >  41.02
|   |   |   |   |   |   |   |   |   |   |   |--- class: positive
|   |   |   |   |   |   |   |--- feature_10 >  58.20
|   |   |   |   |   |   |   |   |--- feature_6 <= -97.69
|   |   |   |   |   |   |   |   |   |--- feature_5 <= 42.09
|   |   |   |   |   |   |   |   |   |   |--- class: positive
|   |   |   |   |   |   |   |   |   |--- feature_5 >  42.09
|   |   |   |   |   |   |   |   |   |   |--- class: negative
|   |   |   |   |   |   |   |   |--- feature_6 >  -97.69
|   |   |   |   |   |   |   |   |   |--- class: negative
|   |   |   |   |--- feature_13 >  4.00
|   |   |   |   |   |--- class: positive
|   |   |   |--- feature_13 >  5.00
|   |   |   |   |--- feature_10 <= 28.49
|   |   |   |   |   |--- feature_12 <= 11.25
|   |   |   |   |   |   |--- feature_1 <= 27.50
|   |   |   |   |   |   |   |--- feature_9 <= 5.95
|   |   |   |   |   |   |   |   |--- class: positive
|   |   |   |   |   |   |   |--- feature_9 >  5.95
|   |   |   |   |   |   |   |   |--- class: negative
|   |   |   |   |   |   |--- feature_1 >  27.50
|   |   |   |   |   |   |   |--- feature_6 <= -97.57
|   |   |   |   |   |   |   |   |--- feature_6 <= -99.48
|   |   |   |   |   |   |   |   |   |--- class: negative
|   |   |   |   |   |   |   |   |--- feature_6 >  -99.48
|   |   |   |   |   |   |   |   |   |--- feature_44 <= 0.95
|   |   |   |   |   |   |   |   |   |   |--- class: positive
|   |   |   |   |   |   |   |   |   |--- feature_44 >  0.95
|   |   |   |   |   |   |   |   |   |   |--- feature_1 <= 95.00
|   |   |   |   |   |   |   |   |   |   |   |--- truncated branch of depth 3
|   |   |   |   |   |   |   |   |   |   |--- feature_1 >  95.00
|   |   |   |   |   |   |   |   |   |   |   |--- truncated branch of depth 2
|   |   |   |   |   |   |   |--- feature_6 >  -97.57
|   |   |   |   |   |   |   |   |--- feature_6 <= -96.03
|   |   |   |   |   |   |   |   |   |--- class: negative
|   |   |   |   |   |   |   |   |--- feature_6 >  -96.03
|   |   |   |   |   |   |   |   |   |--- feature_44 <= 0.50
|   |   |   |   |   |   |   |   |   |   |--- class: negative
|   |   |   |   |   |   |   |   |   |--- feature_44 >  0.50
|   |   |   |   |   |   |   |   |   |   |--- class: positive
|   |   |   |   |   |--- feature_12 >  11.25
|   |   |   |   |   |   |--- feature_11 <= 6.65
|   |   |   |   |   |   |   |--- feature_43 <= 0.15
|   |   |   |   |   |   |   |   |--- feature_5 <= 40.23
|   |   |   |   |   |   |   |   |   |--- feature_6 <= -97.06
|   |   |   |   |   |   |   |   |   |   |--- class: negative
|   |   |   |   |   |   |   |   |   |--- feature_6 >  -97.06
|   |   |   |   |   |   |   |   |   |   |--- feature_6 <= -95.98
|   |   |   |   |   |   |   |   |   |   |   |--- truncated branch of depth 4
|   |   |   |   |   |   |   |   |   |   |--- feature_6 >  -95.98
|   |   |   |   |   |   |   |   |   |   |   |--- class: negative
|   |   |   |   |   |   |   |   |--- feature_5 >  40.23
|   |   |   |   |   |   |   |   |   |--- feature_1 <= 42.50
|   |   |   |   |   |   |   |   |   |   |--- class: negative
|   |   |   |   |   |   |   |   |   |--- feature_1 >  42.50
|   |   |   |   |   |   |   |   |   |   |--- feature_5 <= 40.92
|   |   |   |   |   |   |   |   |   |   |   |--- class: negative
|   |   |   |   |   |   |   |   |   |   |--- feature_5 >  40.92
|   |   |   |   |   |   |   |   |   |   |   |--- truncated branch of depth 3
|   |   |   |   |   |   |   |--- feature_43 >  0.15
|   |   |   |   |   |   |   |   |--- feature_10 <= 9.19
|   |   |   |   |   |   |   |   |   |--- class: positive
|   |   |   |   |   |   |   |   |--- feature_10 >  9.19
|   |   |   |   |   |   |   |   |   |--- class: negative
|   |   |   |   |   |   |--- feature_11 >  6.65
|   |   |   |   |   |   |   |--- feature_10 <= 24.85
|   |   |   |   |   |   |   |   |--- class: negative
|   |   |   |   |   |   |   |--- feature_10 >  24.85
|   |   |   |   |   |   |   |   |--- feature_9 <= 9.30
|   |   |   |   |   |   |   |   |   |--- feature_6 <= -97.85
|   |   |   |   |   |   |   |   |   |   |--- feature_8 <= 4.00
|   |   |   |   |   |   |   |   |   |   |   |--- class: negative
|   |   |   |   |   |   |   |   |   |   |--- feature_8 >  4.00
|   |   |   |   |   |   |   |   |   |   |   |--- class: positive
|   |   |   |   |   |   |   |   |   |--- feature_6 >  -97.85
|   |   |   |   |   |   |   |   |   |   |--- class: positive
|   |   |   |   |   |   |   |   |--- feature_9 >  9.30
|   |   |   |   |   |   |   |   |   |--- class: negative
|   |   |   |   |--- feature_10 >  28.49
|   |   |   |   |   |--- feature_12 <= 39.15
|   |   |   |   |   |   |--- feature_1 <= 346.00
|   |   |   |   |   |   |   |--- feature_0 <= 1915.50
|   |   |   |   |   |   |   |   |--- feature_12 <= 11.49
|   |   |   |   |   |   |   |   |   |--- class: negative
|   |   |   |   |   |   |   |   |--- feature_12 >  11.49
|   |   |   |   |   |   |   |   |   |--- class: positive
|   |   |   |   |   |   |   |--- feature_0 >  1915.50
|   |   |   |   |   |   |   |   |--- feature_12 <= 35.55
|   |   |   |   |   |   |   |   |   |--- class: negative
|   |   |   |   |   |   |   |   |--- feature_12 >  35.55
|   |   |   |   |   |   |   |   |   |--- class: positive
|   |   |   |   |   |   |--- feature_1 >  346.00
|   |   |   |   |   |   |   |--- feature_1 <= 1891.50
|   |   |   |   |   |   |   |   |--- feature_26 <= 0.94
|   |   |   |   |   |   |   |   |   |--- feature_27 <= 0.88
|   |   |   |   |   |   |   |   |   |   |--- class: positive
|   |   |   |   |   |   |   |   |   |--- feature_27 >  0.88
|   |   |   |   |   |   |   |   |   |   |--- feature_11 <= 8.60
|   |   |   |   |   |   |   |   |   |   |   |--- class: negative
|   |   |   |   |   |   |   |   |   |   |--- feature_11 >  8.60
|   |   |   |   |   |   |   |   |   |   |   |--- class: positive
|   |   |   |   |   |   |   |   |--- feature_26 >  0.94
|   |   |   |   |   |   |   |   |   |--- feature_0 <= 1953.00
|   |   |   |   |   |   |   |   |   |   |--- feature_1 <= 477.50
|   |   |   |   |   |   |   |   |   |   |   |--- class: negative
|   |   |   |   |   |   |   |   |   |   |--- feature_1 >  477.50
|   |   |   |   |   |   |   |   |   |   |   |--- truncated branch of depth 2
|   |   |   |   |   |   |   |   |   |--- feature_0 >  1953.00
|   |   |   |   |   |   |   |   |   |   |--- class: negative
|   |   |   |   |   |   |   |--- feature_1 >  1891.50
|   |   |   |   |   |   |   |   |--- class: negative
|   |   |   |   |   |--- feature_12 >  39.15
|   |   |   |   |   |   |--- feature_8 <= 4.50
|   |   |   |   |   |   |   |--- class: negative
|   |   |   |   |   |   |--- feature_8 >  4.50
|   |   |   |   |   |   |   |--- feature_1 <= 2427.50
|   |   |   |   |   |   |   |   |--- class: positive
|   |   |   |   |   |   |   |--- feature_1 >  2427.50
|   |   |   |   |   |   |   |   |--- feature_12 <= 67.05
|   |   |   |   |   |   |   |   |   |--- class: negative
|   |   |   |   |   |   |   |   |--- feature_12 >  67.05
|   |   |   |   |   |   |   |   |   |--- class: positive
|   |   |--- feature_13 >  5.00
|   |   |   |--- feature_7 <= 29.50
|   |   |   |   |--- feature_13 <= 6.00
|   |   |   |   |   |--- feature_13 <= 6.00
|   |   |   |   |   |   |--- class: positive
|   |   |   |   |   |--- feature_13 >  6.00
|   |   |   |   |   |   |--- feature_5 <= 42.62
|   |   |   |   |   |   |   |--- feature_12 <= 62.10
|   |   |   |   |   |   |   |   |--- class: negative
|   |   |   |   |   |   |   |--- feature_12 >  62.10
|   |   |   |   |   |   |   |   |--- class: positive
|   |   |   |   |   |   |--- feature_5 >  42.62
|   |   |   |   |   |   |   |--- feature_6 <= -97.60
|   |   |   |   |   |   |   |   |--- class: negative
|   |   |   |   |   |   |   |--- feature_6 >  -97.60
|   |   |   |   |   |   |   |   |--- class: positive
|   |   |   |   |--- feature_13 >  6.00
|   |   |   |   |   |--- feature_27 <= 1.00
|   |   |   |   |   |   |--- feature_26 <= 1.00
|   |   |   |   |   |   |   |--- feature_16 <= 1.00
|   |   |   |   |   |   |   |   |--- feature_6 <= -96.68
|   |   |   |   |   |   |   |   |   |--- class: positive
|   |   |   |   |   |   |   |   |--- feature_6 >  -96.68
|   |   |   |   |   |   |   |   |   |--- feature_6 <= -96.67
|   |   |   |   |   |   |   |   |   |   |--- class: negative
|   |   |   |   |   |   |   |   |   |--- feature_6 >  -96.67
|   |   |   |   |   |   |   |   |   |   |--- class: positive
|   |   |   |   |   |   |   |--- feature_16 >  1.00
|   |   |   |   |   |   |   |   |--- feature_43 <= 0.35
|   |   |   |   |   |   |   |   |   |--- class: negative
|   |   |   |   |   |   |   |   |--- feature_43 >  0.35
|   |   |   |   |   |   |   |   |   |--- class: positive
|   |   |   |   |   |   |--- feature_26 >  1.00
|   |   |   |   |   |   |   |--- feature_9 <= 5.84
|   |   |   |   |   |   |   |   |--- class: negative
|   |   |   |   |   |   |   |--- feature_9 >  5.84
|   |   |   |   |   |   |   |   |--- feature_5 <= 42.10
|   |   |   |   |   |   |   |   |   |--- class: positive
|   |   |   |   |   |   |   |   |--- feature_5 >  42.10
|   |   |   |   |   |   |   |   |   |--- feature_20 <= 0.50
|   |   |   |   |   |   |   |   |   |   |--- class: positive
|   |   |   |   |   |   |   |   |   |--- feature_20 >  0.50
|   |   |   |   |   |   |   |   |   |   |--- class: negative
|   |   |   |   |   |--- feature_27 >  1.00
|   |   |   |   |   |   |--- feature_20 <= 1.00
|   |   |   |   |   |   |   |--- class: positive
|   |   |   |   |   |   |--- feature_20 >  1.00
|   |   |   |   |   |   |   |--- class: negative
|   |   |   |--- feature_7 >  29.50
|   |   |   |   |--- feature_5 <= 41.22
|   |   |   |   |   |--- feature_30 <= 0.43
|   |   |   |   |   |   |--- class: negative
|   |   |   |   |   |--- feature_30 >  0.43
|   |   |   |   |   |   |--- class: positive
|   |   |   |   |--- feature_5 >  41.22
|   |   |   |   |   |--- feature_1 <= 557.00
|   |   |   |   |   |   |--- class: positive
|   |   |   |   |   |--- feature_1 >  557.00
|   |   |   |   |   |   |--- class: negative
|   |--- feature_13 >  8.00
|   |   |--- feature_1 <= 16314.50
|   |   |   |--- feature_40 <= 0.00
|   |   |   |   |--- feature_22 <= 0.00
|   |   |   |   |   |--- feature_8 <= 3.50
|   |   |   |   |   |   |--- feature_47 <= 0.13
|   |   |   |   |   |   |   |--- feature_27 <= 0.00
|   |   |   |   |   |   |   |   |--- feature_14 <= 1.50
|   |   |   |   |   |   |   |   |   |--- feature_11 <= 5.04
|   |   |   |   |   |   |   |   |   |   |--- feature_29 <= 0.09
|   |   |   |   |   |   |   |   |   |   |   |--- truncated branch of depth 4
|   |   |   |   |   |   |   |   |   |   |--- feature_29 >  0.09
|   |   |   |   |   |   |   |   |   |   |   |--- truncated branch of depth 2
|   |   |   |   |   |   |   |   |   |--- feature_11 >  5.04
|   |   |   |   |   |   |   |   |   |   |--- class: positive
|   |   |   |   |   |   |   |   |--- feature_14 >  1.50
|   |   |   |   |   |   |   |   |   |--- feature_11 <= 7.76
|   |   |   |   |   |   |   |   |   |   |--- feature_29 <= 0.01
|   |   |   |   |   |   |   |   |   |   |   |--- truncated branch of depth 10
|   |   |   |   |   |   |   |   |   |   |--- feature_29 >  0.01
|   |   |   |   |   |   |   |   |   |   |   |--- truncated branch of depth 4
|   |   |   |   |   |   |   |   |   |--- feature_11 >  7.76
|   |   |   |   |   |   |   |   |   |   |--- feature_26 <= 0.11
|   |   |   |   |   |   |   |   |   |   |   |--- truncated branch of depth 4
|   |   |   |   |   |   |   |   |   |   |--- feature_26 >  0.11
|   |   |   |   |   |   |   |   |   |   |   |--- truncated branch of depth 7
|   |   |   |   |   |   |   |--- feature_27 >  0.00
|   |   |   |   |   |   |   |   |--- feature_27 <= 0.98
|   |   |   |   |   |   |   |   |   |--- class: positive
|   |   |   |   |   |   |   |   |--- feature_27 >  0.98
|   |   |   |   |   |   |   |   |   |--- feature_10 <= 39.15
|   |   |   |   |   |   |   |   |   |   |--- class: negative
|   |   |   |   |   |   |   |   |   |--- feature_10 >  39.15
|   |   |   |   |   |   |   |   |   |   |--- feature_0 <= 1953.00
|   |   |   |   |   |   |   |   |   |   |   |--- truncated branch of depth 2
|   |   |   |   |   |   |   |   |   |   |--- feature_0 >  1953.00
|   |   |   |   |   |   |   |   |   |   |   |--- class: negative
|   |   |   |   |   |   |--- feature_47 >  0.13
|   |   |   |   |   |   |   |--- feature_44 <= 0.00
|   |   |   |   |   |   |   |   |--- feature_9 <= 18.63
|   |   |   |   |   |   |   |   |   |--- feature_0 <= 1932.50
|   |   |   |   |   |   |   |   |   |   |--- feature_11 <= 6.28
|   |   |   |   |   |   |   |   |   |   |   |--- truncated branch of depth 3
|   |   |   |   |   |   |   |   |   |   |--- feature_11 >  6.28
|   |   |   |   |   |   |   |   |   |   |   |--- class: positive
|   |   |   |   |   |   |   |   |   |--- feature_0 >  1932.50
|   |   |   |   |   |   |   |   |   |   |--- feature_5 <= 42.49
|   |   |   |   |   |   |   |   |   |   |   |--- class: negative
|   |   |   |   |   |   |   |   |   |   |--- feature_5 >  42.49
|   |   |   |   |   |   |   |   |   |   |   |--- truncated branch of depth 2
|   |   |   |   |   |   |   |   |--- feature_9 >  18.63
|   |   |   |   |   |   |   |   |   |--- feature_10 <= 29.25
|   |   |   |   |   |   |   |   |   |   |--- feature_12 <= 13.17
|   |   |   |   |   |   |   |   |   |   |   |--- truncated branch of depth 5
|   |   |   |   |   |   |   |   |   |   |--- feature_12 >  13.17
|   |   |   |   |   |   |   |   |   |   |   |--- truncated branch of depth 3
|   |   |   |   |   |   |   |   |   |--- feature_10 >  29.25
|   |   |   |   |   |   |   |   |   |   |--- feature_12 <= 38.70
|   |   |   |   |   |   |   |   |   |   |   |--- class: negative
|   |   |   |   |   |   |   |   |   |   |--- feature_12 >  38.70
|   |   |   |   |   |   |   |   |   |   |   |--- class: positive
|   |   |   |   |   |   |   |--- feature_44 >  0.00
|   |   |   |   |   |   |   |   |--- class: positive
|   |   |   |   |   |--- feature_8 >  3.50
|   |   |   |   |   |   |--- feature_1 <= 1256.50
|   |   |   |   |   |   |   |--- feature_2 <= 22.50
|   |   |   |   |   |   |   |   |--- class: negative
|   |   |   |   |   |   |   |--- feature_2 >  22.50
|   |   |   |   |   |   |   |   |--- class: positive
|   |   |   |   |   |   |--- feature_1 >  1256.50
|   |   |   |   |   |   |   |--- feature_18 <= 0.96
|   |   |   |   |   |   |   |   |--- feature_1 <= 1982.00
|   |   |   |   |   |   |   |   |   |--- feature_12 <= 27.90
|   |   |   |   |   |   |   |   |   |   |--- class: negative
|   |   |   |   |   |   |   |   |   |--- feature_12 >  27.90
|   |   |   |   |   |   |   |   |   |   |--- feature_2 <= 4.00
|   |   |   |   |   |   |   |   |   |   |   |--- class: negative
|   |   |   |   |   |   |   |   |   |   |--- feature_2 >  4.00
|   |   |   |   |   |   |   |   |   |   |   |--- class: positive
|   |   |   |   |   |   |   |   |--- feature_1 >  1982.00
|   |   |   |   |   |   |   |   |   |--- feature_1 <= 6229.00
|   |   |   |   |   |   |   |   |   |   |--- class: negative
|   |   |   |   |   |   |   |   |   |--- feature_1 >  6229.00
|   |   |   |   |   |   |   |   |   |   |--- feature_14 <= 3.00
|   |   |   |   |   |   |   |   |   |   |   |--- truncated branch of depth 2
|   |   |   |   |   |   |   |   |   |   |--- feature_14 >  3.00
|   |   |   |   |   |   |   |   |   |   |   |--- class: negative
|   |   |   |   |   |   |   |--- feature_18 >  0.96
|   |   |   |   |   |   |   |   |--- class: negative
|   |   |   |   |--- feature_22 >  0.00
|   |   |   |   |   |--- feature_22 <= 1.00
|   |   |   |   |   |   |--- class: positive
|   |   |   |   |   |--- feature_22 >  1.00
|   |   |   |   |   |   |--- feature_10 <= 9.81
|   |   |   |   |   |   |   |--- feature_11 <= 5.56
|   |   |   |   |   |   |   |   |--- feature_6 <= -98.62
|   |   |   |   |   |   |   |   |   |--- class: negative
|   |   |   |   |   |   |   |   |--- feature_6 >  -98.62
|   |   |   |   |   |   |   |   |   |--- feature_6 <= -98.06
|   |   |   |   |   |   |   |   |   |   |--- class: positive
|   |   |   |   |   |   |   |   |   |--- feature_6 >  -98.06
|   |   |   |   |   |   |   |   |   |   |--- feature_5 <= 41.83
|   |   |   |   |   |   |   |   |   |   |   |--- truncated branch of depth 4
|   |   |   |   |   |   |   |   |   |   |--- feature_5 >  41.83
|   |   |   |   |   |   |   |   |   |   |   |--- class: negative
|   |   |   |   |   |   |   |--- feature_11 >  5.56
|   |   |   |   |   |   |   |   |--- feature_15 <= 20.50
|   |   |   |   |   |   |   |   |   |--- class: positive
|   |   |   |   |   |   |   |   |--- feature_15 >  20.50
|   |   |   |   |   |   |   |   |   |--- feature_5 <= 42.79
|   |   |   |   |   |   |   |   |   |   |--- feature_10 <= 8.95
|   |   |   |   |   |   |   |   |   |   |   |--- class: negative
|   |   |   |   |   |   |   |   |   |   |--- feature_10 >  8.95
|   |   |   |   |   |   |   |   |   |   |   |--- truncated branch of depth 7
|   |   |   |   |   |   |   |   |   |--- feature_5 >  42.79
|   |   |   |   |   |   |   |   |   |   |--- class: positive
|   |   |   |   |   |   |--- feature_10 >  9.81
|   |   |   |   |   |   |   |--- feature_12 <= 16.05
|   |   |   |   |   |   |   |   |--- feature_9 <= 9.40
|   |   |   |   |   |   |   |   |   |--- feature_1 <= 75.00
|   |   |   |   |   |   |   |   |   |   |--- feature_1 <= 50.50
|   |   |   |   |   |   |   |   |   |   |   |--- truncated branch of depth 6
|   |   |   |   |   |   |   |   |   |   |--- feature_1 >  50.50
|   |   |   |   |   |   |   |   |   |   |   |--- class: positive
|   |   |   |   |   |   |   |   |   |--- feature_1 >  75.00
|   |   |   |   |   |   |   |   |   |   |--- class: negative
|   |   |   |   |   |   |   |   |--- feature_9 >  9.40
|   |   |   |   |   |   |   |   |   |--- feature_11 <= 5.80
|   |   |   |   |   |   |   |   |   |   |--- feature_11 <= 4.90
|   |   |   |   |   |   |   |   |   |   |   |--- class: negative
|   |   |   |   |   |   |   |   |   |   |--- feature_11 >  4.90
|   |   |   |   |   |   |   |   |   |   |   |--- truncated branch of depth 3
|   |   |   |   |   |   |   |   |   |--- feature_11 >  5.80
|   |   |   |   |   |   |   |   |   |   |--- feature_5 <= 41.91
|   |   |   |   |   |   |   |   |   |   |   |--- truncated branch of depth 2
|   |   |   |   |   |   |   |   |   |   |--- feature_5 >  41.91
|   |   |   |   |   |   |   |   |   |   |   |--- truncated branch of depth 2
|   |   |   |   |   |   |   |--- feature_12 >  16.05
|   |   |   |   |   |   |   |   |--- class: negative
|   |   |   |--- feature_40 >  0.00
|   |   |   |   |--- feature_40 <= 1.00
|   |   |   |   |   |--- class: positive
|   |   |   |   |--- feature_40 >  1.00
|   |   |   |   |   |--- feature_15 <= 23.00
|   |   |   |   |   |   |--- feature_5 <= 41.54
|   |   |   |   |   |   |   |--- feature_6 <= -99.52
|   |   |   |   |   |   |   |   |--- class: positive
|   |   |   |   |   |   |   |--- feature_6 >  -99.52
|   |   |   |   |   |   |   |   |--- class: negative
|   |   |   |   |   |   |--- feature_5 >  41.54
|   |   |   |   |   |   |   |--- class: positive
|   |   |   |   |   |--- feature_15 >  23.00
|   |   |   |   |   |   |--- feature_0 <= 1967.00
|   |   |   |   |   |   |   |--- feature_12 <= 13.95
|   |   |   |   |   |   |   |   |--- class: negative
|   |   |   |   |   |   |   |--- feature_12 >  13.95
|   |   |   |   |   |   |   |   |--- feature_6 <= -97.31
|   |   |   |   |   |   |   |   |   |--- class: negative
|   |   |   |   |   |   |   |   |--- feature_6 >  -97.31
|   |   |   |   |   |   |   |   |   |--- feature_6 <= -97.24
|   |   |   |   |   |   |   |   |   |   |--- class: positive
|   |   |   |   |   |   |   |   |   |--- feature_6 >  -97.24
|   |   |   |   |   |   |   |   |   |   |--- feature_11 <= 4.85
|   |   |   |   |   |   |   |   |   |   |   |--- class: positive
|   |   |   |   |   |   |   |   |   |   |--- feature_11 >  4.85
|   |   |   |   |   |   |   |   |   |   |   |--- truncated branch of depth 2
|   |   |   |   |   |   |--- feature_0 >  1967.00
|   |   |   |   |   |   |   |--- class: positive
|   |   |--- feature_1 >  16314.50
|   |   |   |--- feature_1 <= 20053.00
|   |   |   |   |--- feature_12 <= 40.60
|   |   |   |   |   |--- feature_9 <= 11.15
|   |   |   |   |   |   |--- class: negative
|   |   |   |   |   |--- feature_9 >  11.15
|   |   |   |   |   |   |--- class: positive
|   |   |   |   |--- feature_12 >  40.60
|   |   |   |   |   |--- class: positive
|   |   |   |--- feature_1 >  20053.00
|   |   |   |   |--- class: negative
|--- feature_0 >  1969.50
|   |--- feature_0 <= 1986.50
|   |   |--- feature_11 <= 8.50
|   |   |   |--- feature_44 <= 1.00
|   |   |   |   |--- feature_44 <= 0.01
|   |   |   |   |   |--- feature_9 <= 10.91
|   |   |   |   |   |   |--- class: negative
|   |   |   |   |   |--- feature_9 >  10.91
|   |   |   |   |   |   |--- feature_13 <= 5.06
|   |   |   |   |   |   |   |--- feature_1 <= 27.50
|   |   |   |   |   |   |   |   |--- feature_10 <= 28.66
|   |   |   |   |   |   |   |   |   |--- class: negative
|   |   |   |   |   |   |   |   |--- feature_10 >  28.66
|   |   |   |   |   |   |   |   |   |--- class: positive
|   |   |   |   |   |   |   |--- feature_1 >  27.50
|   |   |   |   |   |   |   |   |--- class: negative
|   |   |   |   |   |   |--- feature_13 >  5.06
|   |   |   |   |   |   |   |--- feature_6 <= -98.04
|   |   |   |   |   |   |   |   |--- feature_1 <= 25.00
|   |   |   |   |   |   |   |   |   |--- class: negative
|   |   |   |   |   |   |   |   |--- feature_1 >  25.00
|   |   |   |   |   |   |   |   |   |--- feature_43 <= 0.71
|   |   |   |   |   |   |   |   |   |   |--- feature_16 <= 0.50
|   |   |   |   |   |   |   |   |   |   |   |--- class: positive
|   |   |   |   |   |   |   |   |   |   |--- feature_16 >  0.50
|   |   |   |   |   |   |   |   |   |   |   |--- class: negative
|   |   |   |   |   |   |   |   |   |--- feature_43 >  0.71
|   |   |   |   |   |   |   |   |   |   |--- class: negative
|   |   |   |   |   |   |   |--- feature_6 >  -98.04
|   |   |   |   |   |   |   |   |--- feature_10 <= 20.96
|   |   |   |   |   |   |   |   |   |--- class: negative
|   |   |   |   |   |   |   |   |--- feature_10 >  20.96
|   |   |   |   |   |   |   |   |   |--- feature_10 <= 32.23
|   |   |   |   |   |   |   |   |   |   |--- class: positive
|   |   |   |   |   |   |   |   |   |--- feature_10 >  32.23
|   |   |   |   |   |   |   |   |   |   |--- class: negative
|   |   |   |   |--- feature_44 >  0.01
|   |   |   |   |   |--- class: positive
|   |   |   |--- feature_44 >  1.00
|   |   |   |   |--- feature_20 <= 1.00
|   |   |   |   |   |--- feature_20 <= 0.01
|   |   |   |   |   |   |--- feature_1 <= 26.00
|   |   |   |   |   |   |   |--- feature_0 <= 1971.00
|   |   |   |   |   |   |   |   |--- feature_26 <= 0.50
|   |   |   |   |   |   |   |   |   |--- class: negative
|   |   |   |   |   |   |   |   |--- feature_26 >  0.50
|   |   |   |   |   |   |   |   |   |--- class: positive
|   |   |   |   |   |   |   |--- feature_0 >  1971.00
|   |   |   |   |   |   |   |   |--- class: negative
|   |   |   |   |   |   |--- feature_1 >  26.00
|   |   |   |   |   |   |   |--- feature_13 <= 5.07
|   |   |   |   |   |   |   |   |--- class: negative
|   |   |   |   |   |   |   |--- feature_13 >  5.07
|   |   |   |   |   |   |   |   |--- feature_13 <= 7.81
|   |   |   |   |   |   |   |   |   |--- class: positive
|   |   |   |   |   |   |   |   |--- feature_13 >  7.81
|   |   |   |   |   |   |   |   |   |--- feature_26 <= 0.25
|   |   |   |   |   |   |   |   |   |   |--- feature_22 <= 0.81
|   |   |   |   |   |   |   |   |   |   |   |--- truncated branch of depth 2
|   |   |   |   |   |   |   |   |   |   |--- feature_22 >  0.81
|   |   |   |   |   |   |   |   |   |   |   |--- class: negative
|   |   |   |   |   |   |   |   |   |--- feature_26 >  0.25
|   |   |   |   |   |   |   |   |   |   |--- class: positive
|   |   |   |   |   |--- feature_20 >  0.01
|   |   |   |   |   |   |--- class: positive
|   |   |   |   |--- feature_20 >  1.00
|   |   |   |   |   |--- feature_1 <= 61.50
|   |   |   |   |   |   |--- feature_13 <= 4.98
|   |   |   |   |   |   |   |--- feature_26 <= 0.04
|   |   |   |   |   |   |   |   |--- feature_13 <= 4.01
|   |   |   |   |   |   |   |   |   |--- feature_7 <= 21.50
|   |   |   |   |   |   |   |   |   |   |--- class: negative
|   |   |   |   |   |   |   |   |   |--- feature_7 >  21.50
|   |   |   |   |   |   |   |   |   |   |--- feature_7 <= 24.00
|   |   |   |   |   |   |   |   |   |   |   |--- class: positive
|   |   |   |   |   |   |   |   |   |   |--- feature_7 >  24.00
|   |   |   |   |   |   |   |   |   |   |   |--- class: negative
|   |   |   |   |   |   |   |   |--- feature_13 >  4.01
|   |   |   |   |   |   |   |   |   |--- class: positive
|   |   |   |   |   |   |   |--- feature_26 >  0.04
|   |   |   |   |   |   |   |   |--- class: positive
|   |   |   |   |   |   |--- feature_13 >  4.98
|   |   |   |   |   |   |   |--- feature_1 <= 37.50
|   |   |   |   |   |   |   |   |--- feature_32 <= 0.71
|   |   |   |   |   |   |   |   |   |--- feature_32 <= 0.11
|   |   |   |   |   |   |   |   |   |   |--- feature_2 <= 1.00
|   |   |   |   |   |   |   |   |   |   |   |--- class: negative
|   |   |   |   |   |   |   |   |   |   |--- feature_2 >  1.00
|   |   |   |   |   |   |   |   |   |   |   |--- class: positive
|   |   |   |   |   |   |   |   |   |--- feature_32 >  0.11
|   |   |   |   |   |   |   |   |   |   |--- class: positive
|   |   |   |   |   |   |   |   |--- feature_32 >  0.71
|   |   |   |   |   |   |   |   |   |--- class: negative
|   |   |   |   |   |   |   |--- feature_1 >  37.50
|   |   |   |   |   |   |   |   |--- feature_12 <= 38.58
|   |   |   |   |   |   |   |   |   |--- feature_9 <= 10.59
|   |   |   |   |   |   |   |   |   |   |--- feature_1 <= 49.00
|   |   |   |   |   |   |   |   |   |   |   |--- truncated branch of depth 3
|   |   |   |   |   |   |   |   |   |   |--- feature_1 >  49.00
|   |   |   |   |   |   |   |   |   |   |   |--- class: negative
|   |   |   |   |   |   |   |   |   |--- feature_9 >  10.59
|   |   |   |   |   |   |   |   |   |   |--- feature_12 <= 38.13
|   |   |   |   |   |   |   |   |   |   |   |--- truncated branch of depth 3
|   |   |   |   |   |   |   |   |   |   |--- feature_12 >  38.13
|   |   |   |   |   |   |   |   |   |   |   |--- class: positive
|   |   |   |   |   |   |   |   |--- feature_12 >  38.58
|   |   |   |   |   |   |   |   |   |--- class: negative
|   |   |   |   |   |--- feature_1 >  61.50
|   |   |   |   |   |   |--- feature_12 <= 37.75
|   |   |   |   |   |   |   |--- feature_5 <= 40.58
|   |   |   |   |   |   |   |   |--- class: negative
|   |   |   |   |   |   |   |--- feature_5 >  40.58
|   |   |   |   |   |   |   |   |--- feature_5 <= 41.91
|   |   |   |   |   |   |   |   |   |--- feature_13 <= 6.50
|   |   |   |   |   |   |   |   |   |   |--- feature_27 <= 0.29
|   |   |   |   |   |   |   |   |   |   |   |--- class: negative
|   |   |   |   |   |   |   |   |   |   |--- feature_27 >  0.29
|   |   |   |   |   |   |   |   |   |   |   |--- class: positive
|   |   |   |   |   |   |   |   |   |--- feature_13 >  6.50
|   |   |   |   |   |   |   |   |   |   |--- feature_32 <= 0.06
|   |   |   |   |   |   |   |   |   |   |   |--- class: negative
|   |   |   |   |   |   |   |   |   |   |--- feature_32 >  0.06
|   |   |   |   |   |   |   |   |   |   |   |--- truncated branch of depth 4
|   |   |   |   |   |   |   |   |--- feature_5 >  41.91
|   |   |   |   |   |   |   |   |   |--- class: negative
|   |   |   |   |   |   |--- feature_12 >  37.75
|   |   |   |   |   |   |   |--- feature_11 <= 8.42
|   |   |   |   |   |   |   |   |--- class: negative
|   |   |   |   |   |   |   |--- feature_11 >  8.42
|   |   |   |   |   |   |   |   |--- class: positive
|   |   |--- feature_11 >  8.50
|   |   |   |--- feature_43 <= 0.00
|   |   |   |   |--- feature_22 <= 0.05
|   |   |   |   |   |--- feature_1 <= 151.00
|   |   |   |   |   |   |--- feature_12 <= 26.55
|   |   |   |   |   |   |   |--- feature_10 <= 8.81
|   |   |   |   |   |   |   |   |--- feature_10 <= 7.60
|   |   |   |   |   |   |   |   |   |--- class: negative
|   |   |   |   |   |   |   |   |--- feature_10 >  7.60
|   |   |   |   |   |   |   |   |   |--- class: positive
|   |   |   |   |   |   |   |--- feature_10 >  8.81
|   |   |   |   |   |   |   |   |--- class: negative
|   |   |   |   |   |   |--- feature_12 >  26.55
|   |   |   |   |   |   |   |--- class: negative
|   |   |   |   |   |--- feature_1 >  151.00
|   |   |   |   |   |   |--- feature_20 <= 0.02
|   |   |   |   |   |   |   |--- feature_36 <= 0.50
|   |   |   |   |   |   |   |   |--- feature_5 <= 40.05
|   |   |   |   |   |   |   |   |   |--- feature_1 <= 250.00
|   |   |   |   |   |   |   |   |   |   |--- feature_9 <= 26.35
|   |   |   |   |   |   |   |   |   |   |   |--- class: positive
|   |   |   |   |   |   |   |   |   |   |--- feature_9 >  26.35
|   |   |   |   |   |   |   |   |   |   |   |--- class: negative
|   |   |   |   |   |   |   |   |   |--- feature_1 >  250.00
|   |   |   |   |   |   |   |   |   |   |--- class: negative
|   |   |   |   |   |   |   |   |--- feature_5 >  40.05
|   |   |   |   |   |   |   |   |   |--- class: negative
|   |   |   |   |   |   |   |--- feature_36 >  0.50
|   |   |   |   |   |   |   |   |--- feature_12 <= 63.00
|   |   |   |   |   |   |   |   |   |--- class: negative
|   |   |   |   |   |   |   |   |--- feature_12 >  63.00
|   |   |   |   |   |   |   |   |   |--- class: positive
|   |   |   |   |   |   |--- feature_20 >  0.02
|   |   |   |   |   |   |   |--- feature_20 <= 0.98
|   |   |   |   |   |   |   |   |--- class: positive
|   |   |   |   |   |   |   |--- feature_20 >  0.98
|   |   |   |   |   |   |   |   |--- feature_13 <= 7.88
|   |   |   |   |   |   |   |   |   |--- feature_1 <= 484.50
|   |   |   |   |   |   |   |   |   |   |--- feature_32 <= 0.96
|   |   |   |   |   |   |   |   |   |   |   |--- truncated branch of depth 3
|   |   |   |   |   |   |   |   |   |   |--- feature_32 >  0.96
|   |   |   |   |   |   |   |   |   |   |   |--- class: negative
|   |   |   |   |   |   |   |   |   |--- feature_1 >  484.50
|   |   |   |   |   |   |   |   |   |   |--- class: negative
|   |   |   |   |   |   |   |   |--- feature_13 >  7.88
|   |   |   |   |   |   |   |   |   |--- feature_1 <= 158.50
|   |   |   |   |   |   |   |   |   |   |--- class: positive
|   |   |   |   |   |   |   |   |   |--- feature_1 >  158.50
|   |   |   |   |   |   |   |   |   |   |--- feature_5 <= 42.01
|   |   |   |   |   |   |   |   |   |   |   |--- class: negative
|   |   |   |   |   |   |   |   |   |   |--- feature_5 >  42.01
|   |   |   |   |   |   |   |   |   |   |   |--- truncated branch of depth 2
|   |   |   |   |--- feature_22 >  0.05
|   |   |   |   |   |--- feature_0 <= 1981.50
|   |   |   |   |   |   |--- class: positive
|   |   |   |   |   |--- feature_0 >  1981.50
|   |   |   |   |   |   |--- feature_1 <= 107.50
|   |   |   |   |   |   |   |--- class: negative
|   |   |   |   |   |   |--- feature_1 >  107.50
|   |   |   |   |   |   |   |--- class: positive
|   |   |   |--- feature_43 >  0.00
|   |   |   |   |--- feature_43 <= 1.00
|   |   |   |   |   |--- class: positive
|   |   |   |   |--- feature_43 >  1.00
|   |   |   |   |   |--- feature_6 <= -97.13
|   |   |   |   |   |   |--- feature_18 <= 0.50
|   |   |   |   |   |   |   |--- class: negative
|   |   |   |   |   |   |--- feature_18 >  0.50
|   |   |   |   |   |   |   |--- feature_6 <= -99.06
|   |   |   |   |   |   |   |   |--- class: positive
|   |   |   |   |   |   |   |--- feature_6 >  -99.06
|   |   |   |   |   |   |   |   |--- class: negative
|   |   |   |   |   |--- feature_6 >  -97.13
|   |   |   |   |   |   |--- feature_6 <= -97.06
|   |   |   |   |   |   |   |--- feature_9 <= 9.15
|   |   |   |   |   |   |   |   |--- class: negative
|   |   |   |   |   |   |   |--- feature_9 >  9.15
|   |   |   |   |   |   |   |   |--- class: positive
|   |   |   |   |   |   |--- feature_6 >  -97.06
|   |   |   |   |   |   |   |--- feature_11 <= 8.71
|   |   |   |   |   |   |   |   |--- class: negative
|   |   |   |   |   |   |   |--- feature_11 >  8.71
|   |   |   |   |   |   |   |   |--- feature_2 <= 9.50
|   |   |   |   |   |   |   |   |   |--- feature_6 <= -96.30
|   |   |   |   |   |   |   |   |   |   |--- feature_0 <= 1977.50
|   |   |   |   |   |   |   |   |   |   |   |--- class: positive
|   |   |   |   |   |   |   |   |   |   |--- feature_0 >  1977.50
|   |   |   |   |   |   |   |   |   |   |   |--- truncated branch of depth 3
|   |   |   |   |   |   |   |   |   |--- feature_6 >  -96.30
|   |   |   |   |   |   |   |   |   |   |--- class: negative
|   |   |   |   |   |   |   |   |--- feature_2 >  9.50
|   |   |   |   |   |   |   |   |   |--- class: negative
|   |--- feature_0 >  1986.50
|   |   |--- feature_11 <= 8.49
|   |   |   |--- feature_44 <= 0.87
|   |   |   |   |--- feature_44 <= 0.01
|   |   |   |   |   |--- feature_18 <= 0.01
|   |   |   |   |   |   |--- class: negative
|   |   |   |   |   |--- feature_18 >  0.01
|   |   |   |   |   |   |--- feature_32 <= 0.01
|   |   |   |   |   |   |   |--- feature_18 <= 0.98
|   |   |   |   |   |   |   |   |--- class: positive
|   |   |   |   |   |   |   |--- feature_18 >  0.98
|   |   |   |   |   |   |   |   |--- class: negative
|   |   |   |   |   |   |--- feature_32 >  0.01
|   |   |   |   |   |   |   |--- class: positive
|   |   |   |   |--- feature_44 >  0.01
|   |   |   |   |   |--- class: positive
|   |   |   |--- feature_44 >  0.87
|   |   |   |   |--- feature_1 <= 94.00
|   |   |   |   |   |--- feature_26 <= 0.50
|   |   |   |   |   |   |--- class: negative
|   |   |   |   |   |--- feature_26 >  0.50
|   |   |   |   |   |   |--- feature_5 <= 40.52
|   |   |   |   |   |   |   |--- class: positive
|   |   |   |   |   |   |--- feature_5 >  40.52
|   |   |   |   |   |   |   |--- class: negative
|   |   |   |   |--- feature_1 >  94.00
|   |   |   |   |   |--- feature_5 <= 40.83
|   |   |   |   |   |   |--- feature_12 <= 43.65
|   |   |   |   |   |   |   |--- class: positive
|   |   |   |   |   |   |--- feature_12 >  43.65
|   |   |   |   |   |   |   |--- class: negative
|   |   |   |   |   |--- feature_5 >  40.83
|   |   |   |   |   |   |--- class: negative
|   |   |--- feature_11 >  8.49
|   |   |   |--- feature_17 <= 0.21
|   |   |   |   |--- feature_12 <= 19.35
|   |   |   |   |   |--- feature_6 <= -97.61
|   |   |   |   |   |   |--- class: positive
|   |   |   |   |   |--- feature_6 >  -97.61
|   |   |   |   |   |   |--- class: negative
|   |   |   |   |--- feature_12 >  19.35
|   |   |   |   |   |--- feature_5 <= 42.78
|   |   |   |   |   |   |--- class: negative
|   |   |   |   |   |--- feature_5 >  42.78
|   |   |   |   |   |   |--- feature_5 <= 42.79
|   |   |   |   |   |   |   |--- class: positive
|   |   |   |   |   |   |--- feature_5 >  42.79
|   |   |   |   |   |   |   |--- class: negative
|   |   |   |--- feature_17 >  0.21
|   |   |   |   |--- feature_26 <= 0.04
|   |   |   |   |   |--- feature_6 <= -97.12
|   |   |   |   |   |   |--- feature_17 <= 0.71
|   |   |   |   |   |   |   |--- class: positive
|   |   |   |   |   |   |--- feature_17 >  0.71
|   |   |   |   |   |   |   |--- class: negative
|   |   |   |   |   |--- feature_6 >  -97.12
|   |   |   |   |   |   |--- feature_6 <= -96.83
|   |   |   |   |   |   |   |--- feature_0 <= 1993.50
|   |   |   |   |   |   |   |   |--- feature_7 <= 9.00
|   |   |   |   |   |   |   |   |   |--- feature_9 <= 10.56
|   |   |   |   |   |   |   |   |   |   |--- class: negative
|   |   |   |   |   |   |   |   |   |--- feature_9 >  10.56
|   |   |   |   |   |   |   |   |   |   |--- class: positive
|   |   |   |   |   |   |   |   |--- feature_7 >  9.00
|   |   |   |   |   |   |   |   |   |--- feature_12 <= 60.79
|   |   |   |   |   |   |   |   |   |   |--- feature_10 <= 51.07
|   |   |   |   |   |   |   |   |   |   |   |--- class: positive
|   |   |   |   |   |   |   |   |   |   |--- feature_10 >  51.07
|   |   |   |   |   |   |   |   |   |   |   |--- class: negative
|   |   |   |   |   |   |   |   |   |--- feature_12 >  60.79
|   |   |   |   |   |   |   |   |   |   |--- class: negative
|   |   |   |   |   |   |   |--- feature_0 >  1993.50
|   |   |   |   |   |   |   |   |--- feature_7 <= 22.50
|   |   |   |   |   |   |   |   |   |--- class: negative
|   |   |   |   |   |   |   |   |--- feature_7 >  22.50
|   |   |   |   |   |   |   |   |   |--- feature_6 <= -96.94
|   |   |   |   |   |   |   |   |   |   |--- class: positive
|   |   |   |   |   |   |   |   |   |--- feature_6 >  -96.94
|   |   |   |   |   |   |   |   |   |   |--- class: negative
|   |   |   |   |   |   |--- feature_6 >  -96.83
|   |   |   |   |   |   |   |--- feature_0 <= 1987.50
|   |   |   |   |   |   |   |   |--- feature_12 <= 66.87
|   |   |   |   |   |   |   |   |   |--- class: negative
|   |   |   |   |   |   |   |   |--- feature_12 >  66.87
|   |   |   |   |   |   |   |   |   |--- class: positive
|   |   |   |   |   |   |   |--- feature_0 >  1987.50
|   |   |   |   |   |   |   |   |--- class: negative
|   |   |   |   |--- feature_26 >  0.04
|   |   |   |   |   |--- feature_29 <= 0.26
|   |   |   |   |   |   |--- class: negative
|   |   |   |   |   |--- feature_29 >  0.26
|   |   |   |   |   |   |--- class: positive
