|--- feature_0 <= 1973.50
|   |--- feature_13 <= 8.00
|   |   |--- feature_13 <= 5.00
|   |   |   |--- feature_13 <= 5.00
|   |   |   |   |--- feature_13 <= 4.00
|   |   |   |   |   |--- feature_44 <= 1.00
|   |   |   |   |   |   |--- feature_44 <= 0.00
|   |   |   |   |   |   |   |--- feature_12 <= 20.67
|   |   |   |   |   |   |   |   |--- feature_12 <= 0.08
|   |   |   |   |   |   |   |   |   |--- feature_7 <= 4.50
|   |   |   |   |   |   |   |   |   |   |--- feature_11 <= 5.65
|   |   |   |   |   |   |   |   |   |   |   |--- truncated branch of depth 4
|   |   |   |   |   |   |   |   |   |   |--- feature_11 >  5.65
|   |   |   |   |   |   |   |   |   |   |   |--- truncated branch of depth 2
|   |   |   |   |   |   |   |   |   |--- feature_7 >  4.50
|   |   |   |   |   |   |   |   |   |   |--- class: positive
|   |   |   |   |   |   |   |   |--- feature_12 >  0.08
|   |   |   |   |   |   |   |   |   |--- feature_14 <= 1.50
|   |   |   |   |   |   |   |   |   |   |--- feature_11 <= 4.80
|   |   |   |   |   |   |   |   |   |   |   |--- truncated branch of depth 11
|   |   |   |   |   |   |   |   |   |   |--- feature_11 >  4.80
|   |   |   |   |   |   |   |   |   |   |   |--- class: positive
|   |   |   |   |   |   |   |   |   |--- feature_14 >  1.50
|   |   |   |   |   |   |   |   |   |   |--- feature_47 <= 0.00
|   |   |   |   |   |   |   |   |   |   |   |--- truncated branch of depth 10
|   |   |   |   |   |   |   |   |   |   |--- feature_47 >  0.00
|   |   |   |   |   |   |   |   |   |   |   |--- truncated branch of depth 10
|   |   |   |   |   |   |   |--- feature_12 >  20.67
|   |   |   |   |   |   |   |   |--- feature_10 <= 22.71
|   |   |   |   |   |   |   |   |   |--- feature_12 <= 31.05
|   |   |   |   |   |   |   |   |   |   |--- feature_10 <= 16.35
|   |   |   |   |   |   |   |   |   |   |   |--- truncated branch of depth 3
|   |   |   |   |   |   |   |   |   |   |--- feature_10 >  16.35
|   |   |   |   |   |   |   |   |   |   |   |--- truncated branch of depth 4
|   |   |   |   |   |   |   |   |   |--- feature_12 >  31.05
|   |   |   |   |   |   |   |   |   |   |--- class: negative
|   |   |   |   |   |   |   |   |--- feature_10 >  22.71
|   |   |   |   |   |   |   |   |   |--- feature_13 <= 3.99
|   |   |   |   |   |   |   |   |   |   |--- feature_13 <= 3.01
|   |   |   |   |   |   |   |   |   |   |   |--- truncated branch of depth 4
|   |   |   |   |   |   |   |   |   |   |--- feature_13 >  3.01
|   |   |   |   |   |   |   |   |   |   |   |--- class: positive
|   |   |   |   |   |   |   |   |   |--- feature_13 >  3.99
|   |   |   |   |   |   |   |   |   |   |--- feature_10 <= 24.55
|   |   |   |   |   |   |   |   |   |   |   |--- truncated branch of depth 2
|   |   |   |   |   |   |   |   |   |   |--- feature_10 >  24.55
|   |   |   |   |   |   |   |   |   |   |   |--- truncated branch of depth 2
|   |   |   |   |   |   |--- feature_44 >  0.00
|   |   |   |   |   |   |   |--- class: positive
|   |   |   |   |   |--- feature_44 >  1.00
|   |   |   |   |   |   |--- feature_13 <= 4.00
|   |   |   |   |   |   |   |--- feature_13 <= 3.00
|   |   |   |   |   |   |   |   |--- feature_13 <= 3.00
|   |   |   |   |   |   |   |   |   |--- feature_13 <= 2.01
|   |   |   |   |   |   |   |   |   |   |--- feature_10 <= 9.95
|   |   |   |   |   |   |   |   |   |   |   |--- truncated branch of depth 5
|   |   |   |   |   |   |   |   |   |   |--- feature_10 >  9.95
|   |   |   |   |   |   |   |   |   |   |   |--- class: negative
|   |   |   |   |   |   |   |   |   |--- feature_13 >  2.01
|   |   |   |   |   |   |   |   |   |   |--- class: positive
|   |   |   |   |   |   |   |   |--- feature_13 >  3.00
|   |   |   |   |   |   |   |   |   |--- feature_12 <= 10.92
|   |   |   |   |   |   |   |   |   |   |--- feature_9 <= 8.95
|   |   |   |   |   |   |   |   |   |   |   |--- class: negative
|   |   |   |   |   |   |   |   |   |   |--- feature_9 >  8.95
|   |   |   |   |   |   |   |   |   |   |   |--- truncated branch of depth 3
|   |   |   |   |   |   |   |   |   |--- feature_12 >  10.92
|   |   |   |   |   |   |   |   |   |   |--- feature_11 <= 5.98
|   |   |   |   |   |   |   |   |   |   |   |--- truncated branch of depth 10
|   |   |   |   |   |   |   |   |   |   |--- feature_11 >  5.98
|   |   |   |   |   |   |   |   |   |   |   |--- truncated branch of depth 8
|   |   |   |   |   |   |   |--- feature_13 >  3.00
|   |   |   |   |   |   |   |   |--- class: positive
|   |   |   |   |   |   |--- feature_13 >  4.00
|   |   |   |   |   |   |   |--- feature_8 <= 4.50
|   |   |   |   |   |   |   |   |--- feature_14 <= 1.50
|   |   |   |   |   |   |   |   |   |--- feature_7 <= 1.50
|   |   |   |   |   |   |   |   |   |   |--- feature_11 <= 4.90
|   |   |   |   |   |   |   |   |   |   |   |--- truncated branch of depth 5
|   |   |   |   |   |   |   |   |   |   |--- feature_11 >  4.90
|   |   |   |   |   |   |   |   |   |   |   |--- class: positive
|   |   |   |   |   |   |   |   |   |--- feature_7 >  1.50
|   |   |   |   |   |   |   |   |   |   |--- class: positive
|   |   |   |   |   |   |   |   |--- feature_14 >  1.50
|   |   |   |   |   |   |   |   |   |--- feature_29 <= 0.06
|   |   |   |   |   |   |   |   |   |   |--- feature_12 <= 49.05
|   |   |   |   |   |   |   |   |   |   |   |--- truncated branch of depth 5
|   |   |   |   |   |   |   |   |   |   |--- feature_12 >  49.05
|   |   |   |   |   |   |   |   |   |   |   |--- truncated branch of depth 5
|   |   |   |   |   |   |   |   |   |--- feature_29 >  0.06
|   |   |   |   |   |   |   |   |   |   |--- feature_29 <= 0.84
|   |   |   |   |   |   |   |   |   |   |   |--- class: positive
|   |   |   |   |   |   |   |   |   |   |--- feature_29 >  0.84
|   |   |   |   |   |   |   |   |   |   |   |--- truncated branch of depth 2
|   |   |   |   |   |   |   |--- feature_8 >  4.50
|   |   |   |   |   |   |   |   |--- feature_1 <= 240.00
|   |   |   |   |   |   |   |   |   |--- class: negative
|   |   |   |   |   |   |   |   |--- feature_1 >  240.00
|   |   |   |   |   |   |   |   |   |--- class: positive
|   |   |   |   |--- feature_13 >  4.00
|   |   |   |   |   |--- class: positive
|   |   |   |--- feature_13 >  5.00
|   |   |   |   |--- feature_26 <= 0.02
|   |   |   |   |   |--- feature_12 <= 36.61
|   |   |   |   |   |   |--- feature_1 <= 41.00
|   |   |   |   |   |   |   |--- feature_14 <= 1.50
|   |   |   |   |   |   |   |   |--- feature_11 <= 4.88
|   |   |   |   |   |   |   |   |   |--- feature_11 <= 4.69
|   |   |   |   |   |   |   |   |   |   |--- feature_1 <= 27.50
|   |   |   |   |   |   |   |   |   |   |   |--- class: negative
|   |   |   |   |   |   |   |   |   |   |--- feature_1 >  27.50
|   |   |   |   |   |   |   |   |   |   |   |--- truncated branch of depth 3
|   |   |   |   |   |   |   |   |   |--- feature_11 >  4.69
|   |   |   |   |   |   |   |   |   |   |--- feature_10 <= 11.60
|   |   |   |   |   |   |   |   |   |   |   |--- truncated branch of depth 3
|   |   |   |   |   |   |   |   |   |   |--- feature_10 >  11.60
|   |   |   |   |   |   |   |   |   |   |   |--- class: negative
|   |   |   |   |   |   |   |   |--- feature_11 >  4.88
|   |   |   |   |   |   |   |   |   |--- class: positive
|   |   |   |   |   |   |   |--- feature_14 >  1.50
|   |   |   |   |   |   |   |   |--- feature_11 <= 5.95
|   |   |   |   |   |   |   |   |   |--- feature_1 <= 22.50
|   |   |   |   |   |   |   |   |   |   |--- class: negative
|   |   |   |   |   |   |   |   |   |--- feature_1 >  22.50
|   |   |   |   |   |   |   |   |   |   |--- feature_10 <= 11.90
|   |   |   |   |   |   |   |   |   |   |   |--- truncated branch of depth 4
|   |   |   |   |   |   |   |   |   |   |--- feature_10 >  11.90
|   |   |   |   |   |   |   |   |   |   |   |--- class: negative
|   |   |   |   |   |   |   |   |--- feature_11 >  5.95
|   |   |   |   |   |   |   |   |   |--- class: negative
|   |   |   |   |   |   |--- feature_1 >  41.00
|   |   |   |   |   |   |   |--- feature_12 <= 8.87
|   |   |   |   |   |   |   |   |--- feature_1 <= 95.00
|   |   |   |   |   |   |   |   |   |--- feature_12 <= 5.85
|   |   |   |   |   |   |   |   |   |   |--- class: negative
|   |   |   |   |   |   |   |   |   |--- feature_12 >  5.85
|   |   |   |   |   |   |   |   |   |   |--- feature_1 <= 65.00
|   |   |   |   |   |   |   |   |   |   |   |--- class: positive
|   |   |   |   |   |   |   |   |   |   |--- feature_1 >  65.00
|   |   |   |   |   |   |   |   |   |   |   |--- class: negative
|   |   |   |   |   |   |   |   |--- feature_1 >  95.00
|   |   |   |   |   |   |   |   |   |--- feature_12 <= 7.10
|   |   |   |   |   |   |   |   |   |   |--- class: positive
|   |   |   |   |   |   |   |   |   |--- feature_12 >  7.10
|   |   |   |   |   |   |   |   |   |   |--- feature_40 <= 0.16
|   |   |   |   |   |   |   |   |   |   |   |--- class: negative
|   |   |   |   |   |   |   |   |   |   |--- feature_40 >  0.16
|   |   |   |   |   |   |   |   |   |   |   |--- class: positive
|   |   |   |   |   |   |   |--- feature_12 >  8.87
|   |   |   |   |   |   |   |   |--- feature_9 <= 30.53
|   |   |   |   |   |   |   |   |   |--- feature_43 <= 0.00
|   |   |   |   |   |   |   |   |   |   |--- feature_1 <= 328.50
|   |   |   |   |   |   |   |   |   |   |   |--- truncated branch of depth 5
|   |   |   |   |   |   |   |   |   |   |--- feature_1 >  328.50
|   |   |   |   |   |   |   |   |   |   |   |--- truncated branch of depth 4
|   |   |   |   |   |   |   |   |   |--- feature_43 >  0.00
|   |   |   |   |   |   |   |   |   |   |--- feature_43 <= 0.96
|   |   |   |   |   |   |   |   |   |   |   |--- class: positive
|   |   |   |   |   |   |   |   |   |   |--- feature_43 >  0.96
|   |   |   |   |   |   |   |   |   |   |   |--- truncated branch of depth 3
|   |   |   |   |   |   |   |   |--- feature_9 >  30.53
|   |   |   |   |   |   |   |   |   |--- class: positive
|   |   |   |   |   |--- feature_12 >  36.61
|   |   |   |   |   |   |--- feature_8 <= 5.50
|   |   |   |   |   |   |   |--- feature_0 <= 1941.50
|   |   |   |   |   |   |   |   |--- feature_18 <= 0.50
|   |   |   |   |   |   |   |   |   |--- feature_0 <= 1938.00
|   |   |   |   |   |   |   |   |   |   |--- class: negative
|   |   |   |   |   |   |   |   |   |--- feature_0 >  1938.00
|   |   |   |   |   |   |   |   |   |   |--- feature_11 <= 6.00
|   |   |   |   |   |   |   |   |   |   |   |--- class: positive
|   |   |   |   |   |   |   |   |   |   |--- feature_11 >  6.00
|   |   |   |   |   |   |   |   |   |   |   |--- class: negative
|   |   |   |   |   |   |   |   |--- feature_18 >  0.50
|   |   |   |   |   |   |   |   |   |--- feature_12 <= 44.10
|   |   |   |   |   |   |   |   |   |   |--- class: positive
|   |   |   |   |   |   |   |   |   |--- feature_12 >  44.10
|   |   |   |   |   |   |   |   |   |   |--- class: negative
|   |   |   |   |   |   |   |--- feature_0 >  1941.50
|   |   |   |   |   |   |   |   |--- class: negative
|   |   |   |   |   |   |--- feature_8 >  5.50
|   |   |   |   |   |   |   |--- feature_11 <= 8.80
|   |   |   |   |   |   |   |   |--- class: negative
|   |   |   |   |   |   |   |--- feature_11 >  8.80
|   |   |   |   |   |   |   |   |--- class: positive
|   |   |   |   |--- feature_26 >  0.02
|   |   |   |   |   |--- feature_26 <= 0.99
|   |   |   |   |   |   |--- class: positive
|   |   |   |   |   |--- feature_26 >  0.99
|   |   |   |   |   |   |--- feature_0 <= 1951.50
|   |   |   |   |   |   |   |--- feature_9 <= 18.36
|   |   |   |   |   |   |   |   |--- feature_12 <= 8.10
|   |   |   |   |   |   |   |   |   |--- class: positive
|   |   |   |   |   |   |   |   |--- feature_12 >  8.10
|   |   |   |   |   |   |   |   |   |--- feature_8 <= 4.00
|   |   |   |   |   |   |   |   |   |   |--- class: negative
|   |   |   |   |   |   |   |   |   |--- feature_8 >  4.00
|   |   |   |   |   |   |   |   |   |   |--- class: positive
|   |   |   |   |   |   |   |--- feature_9 >  18.36
|   |   |   |   |   |   |   |   |--- feature_1 <= 477.50
|   |   |   |   |   |   |   |   |   |--- class: negative
|   |   |   |   |   |   |   |   |--- feature_1 >  477.50
|   |   |   |   |   |   |   |   |   |--- feature_0 <= 1937.50
|   |   |   |   |   |   |   |   |   |   |--- class: negative
|   |   |   |   |   |   |   |   |   |--- feature_0 >  1937.50
|   |   |   |   |   |   |   |   |   |   |--- class: positive
|   |   |   |   |   |   |--- feature_0 >  1951.50
|   |   |   |   |   |   |   |--- feature_12 <= 6.30
|   |   |   |   |   |   |   |   |--- class: positive
|   |   |   |   |   |   |   |--- feature_12 >  6.30
|   |   |   |   |   |   |   |   |--- feature_8 <= 4.50
|   |   |   |   |   |   |   |   |   |--- class: negative
|   |   |   |   |   |   |   |   |--- feature_8 >  4.50
|   |   |   |   |   |   |   |   |   |--- class: positive
|   |   |--- feature_13 >  5.00
|   |   |   |--- feature_12 <= 22.49
|   |   |   |   |--- feature_16 <= 0.76
|   |   |   |   |   |--- feature_13 <= 6.00
|   |   |   |   |   |   |--- feature_13 <= 6.00
|   |   |   |   |   |   |   |--- class: positive
|   |   |   |   |   |   |--- feature_13 >  6.00
|   |   |   |   |   |   |   |--- feature_10 <= 9.90
|   |   |   |   |   |   |   |   |--- feature_9 <= 7.15
|   |   |   |   |   |   |   |   |   |--- feature_12 <= 9.90
|   |   |   |   |   |   |   |   |   |   |--- class: positive
|   |   |   |   |   |   |   |   |   |--- feature_12 >  9.90
|   |   |   |   |   |   |   |   |   |   |--- class: negative
|   |   |   |   |   |   |   |   |--- feature_9 >  7.15
|   |   |   |   |   |   |   |   |   |--- class: positive
|   |   |   |   |   |   |   |--- feature_10 >  9.90
|   |   |   |   |   |   |   |   |--- class: negative
|   |   |   |   |   |--- feature_13 >  6.00
|   |   |   |   |   |   |--- class: positive
|   |   |   |   |--- feature_16 >  0.76
|   |   |   |   |   |--- class: negative
|   |   |   |--- feature_12 >  22.49
|   |   |   |   |--- feature_13 <= 7.00
|   |   |   |   |   |--- feature_13 <= 6.00
|   |   |   |   |   |   |--- class: positive
|   |   |   |   |   |--- feature_13 >  6.00
|   |   |   |   |   |   |--- feature_13 <= 6.00
|   |   |   |   |   |   |   |--- feature_12 <= 66.60
|   |   |   |   |   |   |   |   |--- class: negative
|   |   |   |   |   |   |   |--- feature_12 >  66.60
|   |   |   |   |   |   |   |   |--- feature_18 <= 0.50
|   |   |   |   |   |   |   |   |   |--- class: positive
|   |   |   |   |   |   |   |   |--- feature_18 >  0.50
|   |   |   |   |   |   |   |   |   |--- class: negative
|   |   |   |   |   |   |--- feature_13 >  6.00
|   |   |   |   |   |   |   |--- feature_13 <= 7.00
|   |   |   |   |   |   |   |   |--- class: positive
|   |   |   |   |   |   |   |--- feature_13 >  7.00
|   |   |   |   |   |   |   |   |--- class: negative
|   |   |   |   |--- feature_13 >  7.00
|   |   |   |   |   |--- class: positive
|   |--- feature_13 >  8.00
|   |   |--- feature_1 <= 16839.50
|   |   |   |--- feature_40 <= 0.00
|   |   |   |   |--- feature_22 <= 0.00
|   |   |   |   |   |--- feature_27 <= 0.01
|   |   |   |   |   |   |--- feature_47 <= 0.07
|   |   |   |   |   |   |   |--- feature_26 <= 0.01
|   |   |   |   |   |   |   |   |--- feature_30 <= 0.04
|   |   |   |   |   |   |   |   |   |--- feature_11 <= 8.20
|   |   |   |   |   |   |   |   |   |   |--- feature_12 <= 19.21
|   |   |   |   |   |   |   |   |   |   |   |--- truncated branch of depth 4
|   |   |   |   |   |   |   |   |   |   |--- feature_12 >  19.21
|   |   |   |   |   |   |   |   |   |   |   |--- truncated branch of depth 11
|   |   |   |   |   |   |   |   |   |--- feature_11 >  8.20
|   |   |   |   |   |   |   |   |   |   |--- feature_36 <= 0.01
|   |   |   |   |   |   |   |   |   |   |   |--- truncated branch of depth 6
|   |   |   |   |   |   |   |   |   |   |--- feature_36 >  0.01
|   |   |   |   |   |   |   |   |   |   |   |--- truncated branch of depth 2
|   |   |   |   |   |   |   |   |--- feature_30 >  0.04
|   |   |   |   |   |   |   |   |   |--- feature_30 <= 0.99
|   |   |   |   |   |   |   |   |   |   |--- class: positive
|   |   |   |   |   |   |   |   |   |--- feature_30 >  0.99
|   |   |   |   |   |   |   |   |   |   |--- class: negative
|   |   |   |   |   |   |   |--- feature_26 >  0.01
|   |   |   |   |   |   |   |   |--- feature_26 <= 1.00
|   |   |   |   |   |   |   |   |   |--- class: positive
|   |   |   |   |   |   |   |   |--- feature_26 >  1.00
|   |   |   |   |   |   |   |   |   |--- feature_10 <= 19.95
|   |   |   |   |   |   |   |   |   |   |--- class: negative
|   |   |   |   |   |   |   |   |   |--- feature_10 >  19.95
|   |   |   |   |   |   |   |   |   |   |--- feature_12 <= 44.84
|   |   |   |   |   |   |   |   |   |   |   |--- truncated branch of depth 6
|   |   |   |   |   |   |   |   |   |   |--- feature_12 >  44.84
|   |   |   |   |   |   |   |   |   |   |   |--- class: negative
|   |   |   |   |   |   |--- feature_47 >  0.07
|   |   |   |   |   |   |   |--- feature_47 <= 1.00
|   |   |   |   |   |   |   |   |--- class: positive
|   |   |   |   |   |   |   |--- feature_47 >  1.00
|   |   |   |   |   |   |   |   |--- feature_9 <= 18.63
|   |   |   |   |   |   |   |   |   |--- feature_0 <= 1932.50
|   |   |   |   |   |   |   |   |   |   |--- feature_1 <= 12.50
|   |   |   |   |   |   |   |   |   |   |   |--- class: negative
|   |   |   |   |   |   |   |   |   |   |--- feature_1 >  12.50
|   |   |   |   |   |   |   |   |   |   |   |--- truncated branch of depth 2
|   |   |   |   |   |   |   |   |   |--- feature_0 >  1932.50
|   |   |   |   |   |   |   |   |   |   |--- feature_0 <= 1958.00
|   |   |   |   |   |   |   |   |   |   |   |--- class: negative
|   |   |   |   |   |   |   |   |   |   |--- feature_0 >  1958.00
|   |   |   |   |   |   |   |   |   |   |   |--- truncated branch of depth 2
|   |   |   |   |   |   |   |   |--- feature_9 >  18.63
|   |   |   |   |   |   |   |   |   |--- feature_10 <= 29.25
|   |   |   |   |   |   |   |   |   |   |--- feature_12 <= 1.80
|   |   |   |   |   |   |   |   |   |   |   |--- class: negative
|   |   |   |   |   |   |   |   |   |   |--- feature_12 >  1.80
|   |   |   |   |   |   |   |   |   |   |   |--- truncated branch of depth 7
|   |   |   |   |   |   |   |   |   |--- feature_10 >  29.25
|   |   |   |   |   |   |   |   |   |   |--- feature_10 <= 437.85
|   |   |   |   |   |   |   |   |   |   |   |--- class: negative
|   |   |   |   |   |   |   |   |   |   |--- feature_10 >  437.85
|   |   |   |   |   |   |   |   |   |   |   |--- class: positive
|   |   |   |   |   |--- feature_27 >  0.01
|   |   |   |   |   |   |--- feature_27 <= 0.98
|   |   |   |   |   |   |   |--- class: positive
|   |   |   |   |   |   |--- feature_27 >  0.98
|   |   |   |   |   |   |   |--- feature_10 <= 39.30
|   |   |   |   |   |   |   |   |--- class: negative
|   |   |   |   |   |   |   |--- feature_10 >  39.30
|   |   |   |   |   |   |   |   |--- feature_0 <= 1953.00
|   |   |   |   |   |   |   |   |   |--- feature_1 <= 1890.00
|   |   |   |   |   |   |   |   |   |   |--- class: positive
|   |   |   |   |   |   |   |   |   |--- feature_1 >  1890.00
|   |   |   |   |   |   |   |   |   |   |--- class: negative
|   |   |   |   |   |   |   |   |--- feature_0 >  1953.00
|   |   |   |   |   |   |   |   |   |--- class: negative
|   |   |   |   |--- feature_22 >  0.00
|   |   |   |   |   |--- feature_22 <= 1.00
|   |   |   |   |   |   |--- class: positive
|   |   |   |   |   |--- feature_22 >  1.00
|   |   |   |   |   |   |--- feature_10 <= 7.66
|   |   |   |   |   |   |   |--- feature_15 <= 19.00
|   |   |   |   |   |   |   |   |--- class: positive
|   |   |   |   |   |   |   |--- feature_15 >  19.00
|   |   |   |   |   |   |   |   |--- feature_11 <= 5.55
|   |   |   |   |   |   |   |   |   |--- feature_1 <= 7.50
|   |   |   |   |   |   |   |   |   |   |--- class: positive
|   |   |   |   |   |   |   |   |   |--- feature_1 >  7.50
|   |   |   |   |   |   |   |   |   |   |--- feature_12 <= 6.30
|   |   |   |   |   |   |   |   |   |   |   |--- truncated branch of depth 2
|   |   |   |   |   |   |   |   |   |   |--- feature_12 >  6.30
|   |   |   |   |   |   |   |   |   |   |   |--- class: negative
|   |   |   |   |   |   |   |   |--- feature_11 >  5.55
|   |   |   |   |   |   |   |   |   |--- feature_1 <= 102.50
|   |   |   |   |   |   |   |   |   |   |--- class: negative
|   |   |   |   |   |   |   |   |   |--- feature_1 >  102.50
|   |   |   |   |   |   |   |   |   |   |--- feature_9 <= 7.15
|   |   |   |   |   |   |   |   |   |   |   |--- class: negative
|   |   |   |   |   |   |   |   |   |   |--- feature_9 >  7.15
|   |   |   |   |   |   |   |   |   |   |   |--- class: positive
|   |   |   |   |   |   |--- feature_10 >  7.66
|   |   |   |   |   |   |   |--- feature_12 <= 16.65
|   |   |   |   |   |   |   |   |--- feature_11 <= 5.79
|   |   |   |   |   |   |   |   |   |--- feature_11 <= 4.90
|   |   |   |   |   |   |   |   |   |   |--- feature_12 <= 7.65
|   |   |   |   |   |   |   |   |   |   |   |--- truncated branch of depth 5
|   |   |   |   |   |   |   |   |   |   |--- feature_12 >  7.65
|   |   |   |   |   |   |   |   |   |   |   |--- class: negative
|   |   |   |   |   |   |   |   |   |--- feature_11 >  4.90
|   |   |   |   |   |   |   |   |   |   |--- feature_12 <= 0.03
|   |   |   |   |   |   |   |   |   |   |   |--- truncated branch of depth 3
|   |   |   |   |   |   |   |   |   |   |--- feature_12 >  0.03
|   |   |   |   |   |   |   |   |   |   |   |--- truncated branch of depth 6
|   |   |   |   |   |   |   |   |--- feature_11 >  5.79
|   |   |   |   |   |   |   |   |   |--- feature_9 <= 8.15
|   |   |   |   |   |   |   |   |   |   |--- feature_1 <= 21.50
|   |   |   |   |   |   |   |   |   |   |   |--- class: negative
|   |   |   |   |   |   |   |   |   |   |--- feature_1 >  21.50
|   |   |   |   |   |   |   |   |   |   |   |--- truncated branch of depth 6
|   |   |   |   |   |   |   |   |   |--- feature_9 >  8.15
|   |   |   |   |   |   |   |   |   |   |--- feature_11 <= 6.09
|   |   |   |   |   |   |   |   |   |   |   |--- truncated branch of depth 3
|   |   |   |   |   |   |   |   |   |   |--- feature_11 >  6.09
|   |   |   |   |   |   |   |   |   |   |   |--- truncated branch of depth 9
|   |   |   |   |   |   |   |--- feature_12 >  16.65
|   |   |   |   |   |   |   |   |--- class: negative
|   |   |   |--- feature_40 >  0.00
|   |   |   |   |--- feature_40 <= 1.00
|   |   |   |   |   |--- class: positive
|   |   |   |   |--- feature_40 >  1.00
|   |   |   |   |   |--- feature_26 <= 0.02
|   |   |   |   |   |   |--- feature_15 <= 22.50
|   |   |   |   |   |   |   |--- feature_1 <= 70.00
|   |   |   |   |   |   |   |   |--- feature_1 <= 25.00
|   |   |   |   |   |   |   |   |   |--- class: negative
|   |   |   |   |   |   |   |   |--- feature_1 >  25.00
|   |   |   |   |   |   |   |   |   |--- class: positive
|   |   |   |   |   |   |   |--- feature_1 >  70.00
|   |   |   |   |   |   |   |   |--- class: negative
|   |   |   |   |   |   |--- feature_15 >  22.50
|   |   |   |   |   |   |   |--- feature_12 <= 13.95
|   |   |   |   |   |   |   |   |--- class: negative
|   |   |   |   |   |   |   |--- feature_12 >  13.95
|   |   |   |   |   |   |   |   |--- feature_12 <= 26.55
|   |   |   |   |   |   |   |   |   |--- feature_10 <= 18.45
|   |   |   |   |   |   |   |   |   |   |--- feature_9 <= 16.45
|   |   |   |   |   |   |   |   |   |   |   |--- truncated branch of depth 4
|   |   |   |   |   |   |   |   |   |   |--- feature_9 >  16.45
|   |   |   |   |   |   |   |   |   |   |   |--- class: positive
|   |   |   |   |   |   |   |   |   |--- feature_10 >  18.45
|   |   |   |   |   |   |   |   |   |   |--- class: negative
|   |   |   |   |   |   |   |   |--- feature_12 >  26.55
|   |   |   |   |   |   |   |   |   |--- class: negative
|   |   |   |   |   |--- feature_26 >  0.02
|   |   |   |   |   |   |--- feature_11 <= 7.18
|   |   |   |   |   |   |   |--- class: positive
|   |   |   |   |   |   |--- feature_11 >  7.18
|   |   |   |   |   |   |   |--- class: negative
|   |   |--- feature_1 >  16839.50
|   |   |   |--- feature_11 <= 12.90
|   |   |   |   |--- feature_12 <= 40.60
|   |   |   |   |   |--- feature_10 <= 27.75
|   |   |   |   |   |   |--- class: negative
|   |   |   |   |   |--- feature_10 >  27.75
|   |   |   |   |   |   |--- class: positive
|   |   |   |   |--- feature_12 >  40.60
|   |   |   |   |   |--- class: positive
|   |   |   |--- feature_11 >  12.90
|   |   |   |   |--- class: negative
|--- feature_0 >  1973.50
|   |--- feature_0 <= 1985.50
|   |   |--- feature_44 <= 1.00
|   |   |   |--- feature_44 <= 0.00
|   |   |   |   |--- feature_45 <= 0.98
|   |   |   |   |   |--- feature_9 <= 9.19
|   |   |   |   |   |   |--- class: negative
|   |   |   |   |   |--- feature_9 >  9.19
|   |   |   |   |   |   |--- feature_36 <= 0.05
|   |   |   |   |   |   |   |--- feature_1 <= 72.50
|   |   |   |   |   |   |   |   |--- feature_10 <= 28.98
|   |   |   |   |   |   |   |   |   |--- feature_17 <= 0.02
|   |   |   |   |   |   |   |   |   |   |--- feature_15 <= 21.50
|   |   |   |   |   |   |   |   |   |   |   |--- class: positive
|   |   |   |   |   |   |   |   |   |   |--- feature_15 >  21.50
|   |   |   |   |   |   |   |   |   |   |   |--- class: negative
|   |   |   |   |   |   |   |   |   |--- feature_17 >  0.02
|   |   |   |   |   |   |   |   |   |   |--- feature_1 <= 32.50
|   |   |   |   |   |   |   |   |   |   |   |--- class: negative
|   |   |   |   |   |   |   |   |   |   |--- feature_1 >  32.50
|   |   |   |   |   |   |   |   |   |   |   |--- truncated branch of depth 2
|   |   |   |   |   |   |   |   |--- feature_10 >  28.98
|   |   |   |   |   |   |   |   |   |--- feature_12 <= 15.30
|   |   |   |   |   |   |   |   |   |   |--- class: positive
|   |   |   |   |   |   |   |   |   |--- feature_12 >  15.30
|   |   |   |   |   |   |   |   |   |   |--- class: negative
|   |   |   |   |   |   |   |--- feature_1 >  72.50
|   |   |   |   |   |   |   |   |--- feature_27 <= 0.36
|   |   |   |   |   |   |   |   |   |--- feature_10 <= 52.75
|   |   |   |   |   |   |   |   |   |   |--- class: negative
|   |   |   |   |   |   |   |   |   |--- feature_10 >  52.75
|   |   |   |   |   |   |   |   |   |   |--- feature_0 <= 1979.00
|   |   |   |   |   |   |   |   |   |   |   |--- class: positive
|   |   |   |   |   |   |   |   |   |   |--- feature_0 >  1979.00
|   |   |   |   |   |   |   |   |   |   |   |--- class: negative
|   |   |   |   |   |   |   |   |--- feature_27 >  0.36
|   |   |   |   |   |   |   |   |   |--- feature_27 <= 0.97
|   |   |   |   |   |   |   |   |   |   |--- class: positive
|   |   |   |   |   |   |   |   |   |--- feature_27 >  0.97
|   |   |   |   |   |   |   |   |   |   |--- feature_0 <= 1977.00
|   |   |   |   |   |   |   |   |   |   |   |--- class: positive
|   |   |   |   |   |   |   |   |   |   |--- feature_0 >  1977.00
|   |   |   |   |   |   |   |   |   |   |   |--- truncated branch of depth 3
|   |   |   |   |   |   |--- feature_36 >  0.05
|   |   |   |   |   |   |   |--- feature_2 <= 9.00
|   |   |   |   |   |   |   |   |--- class: positive
|   |   |   |   |   |   |   |--- feature_2 >  9.00
|   |   |   |   |   |   |   |   |--- class: negative
|   |   |   |   |--- feature_45 >  0.98
|   |   |   |   |   |--- feature_11 <= 8.00
|   |   |   |   |   |   |--- feature_0 <= 1984.50
|   |   |   |   |   |   |   |--- class: negative
|   |   |   |   |   |   |--- feature_0 >  1984.50
|   |   |   |   |   |   |   |--- class: positive
|   |   |   |   |   |--- feature_11 >  8.00
|   |   |   |   |   |   |--- class: negative
|   |   |   |--- feature_44 >  0.00
|   |   |   |   |--- class: positive
|   |   |--- feature_44 >  1.00
|   |   |   |--- feature_12 <= 28.75
|   |   |   |   |--- feature_1 <= 36.00
|   |   |   |   |   |--- feature_26 <= 0.24
|   |   |   |   |   |   |--- class: negative
|   |   |   |   |   |--- feature_26 >  0.24
|   |   |   |   |   |   |--- feature_32 <= 0.05
|   |   |   |   |   |   |   |--- class: negative
|   |   |   |   |   |   |--- feature_32 >  0.05
|   |   |   |   |   |   |   |--- class: positive
|   |   |   |   |--- feature_1 >  36.00
|   |   |   |   |   |--- feature_32 <= 0.18
|   |   |   |   |   |   |--- class: negative
|   |   |   |   |   |--- feature_32 >  0.18
|   |   |   |   |   |   |--- feature_10 <= 17.93
|   |   |   |   |   |   |   |--- feature_13 <= 5.33
|   |   |   |   |   |   |   |   |--- class: negative
|   |   |   |   |   |   |   |--- feature_13 >  5.33
|   |   |   |   |   |   |   |   |--- feature_20 <= 0.95
|   |   |   |   |   |   |   |   |   |--- feature_11 <= 7.35
|   |   |   |   |   |   |   |   |   |   |--- feature_22 <= 0.65
|   |   |   |   |   |   |   |   |   |   |   |--- class: positive
|   |   |   |   |   |   |   |   |   |   |--- feature_22 >  0.65
|   |   |   |   |   |   |   |   |   |   |   |--- truncated branch of depth 2
|   |   |   |   |   |   |   |   |   |--- feature_11 >  7.35
|   |   |   |   |   |   |   |   |   |   |--- class: positive
|   |   |   |   |   |   |   |   |--- feature_20 >  0.95
|   |   |   |   |   |   |   |   |   |--- feature_2 <= 0.50
|   |   |   |   |   |   |   |   |   |   |--- feature_11 <= 7.11
|   |   |   |   |   |   |   |   |   |   |   |--- class: positive
|   |   |   |   |   |   |   |   |   |   |--- feature_11 >  7.11
|   |   |   |   |   |   |   |   |   |   |   |--- truncated branch of depth 4
|   |   |   |   |   |   |   |   |   |--- feature_2 >  0.50
|   |   |   |   |   |   |   |   |   |   |--- class: positive
|   |   |   |   |   |   |--- feature_10 >  17.93
|   |   |   |   |   |   |   |--- feature_12 <= 28.30
|   |   |   |   |   |   |   |   |--- class: negative
|   |   |   |   |   |   |   |--- feature_12 >  28.30
|   |   |   |   |   |   |   |   |--- class: positive
|   |   |   |--- feature_12 >  28.75
|   |   |   |   |--- feature_13 <= 7.69
|   |   |   |   |   |--- feature_13 <= 5.01
|   |   |   |   |   |   |--- feature_13 <= 5.00
|   |   |   |   |   |   |   |--- feature_13 <= 4.00
|   |   |   |   |   |   |   |   |--- feature_1 <= 18.00
|   |   |   |   |   |   |   |   |   |--- feature_32 <= 0.57
|   |   |   |   |   |   |   |   |   |   |--- class: positive
|   |   |   |   |   |   |   |   |   |--- feature_32 >  0.57
|   |   |   |   |   |   |   |   |   |   |--- class: negative
|   |   |   |   |   |   |   |   |--- feature_1 >  18.00
|   |   |   |   |   |   |   |   |   |--- feature_7 <= 0.50
|   |   |   |   |   |   |   |   |   |   |--- class: negative
|   |   |   |   |   |   |   |   |   |--- feature_7 >  0.50
|   |   |   |   |   |   |   |   |   |   |--- feature_2 <= 5.00
|   |   |   |   |   |   |   |   |   |   |   |--- truncated branch of depth 2
|   |   |   |   |   |   |   |   |   |   |--- feature_2 >  5.00
|   |   |   |   |   |   |   |   |   |   |   |--- class: positive
|   |   |   |   |   |   |   |--- feature_13 >  4.00
|   |   |   |   |   |   |   |   |--- class: positive
|   |   |   |   |   |   |--- feature_13 >  5.00
|   |   |   |   |   |   |   |--- feature_22 <= 0.02
|   |   |   |   |   |   |   |   |--- feature_27 <= 0.50
|   |   |   |   |   |   |   |   |   |--- class: negative
|   |   |   |   |   |   |   |   |--- feature_27 >  0.50
|   |   |   |   |   |   |   |   |   |--- feature_10 <= 19.95
|   |   |   |   |   |   |   |   |   |   |--- class: negative
|   |   |   |   |   |   |   |   |   |--- feature_10 >  19.95
|   |   |   |   |   |   |   |   |   |   |--- feature_10 <= 22.55
|   |   |   |   |   |   |   |   |   |   |   |--- class: positive
|   |   |   |   |   |   |   |   |   |   |--- feature_10 >  22.55
|   |   |   |   |   |   |   |   |   |   |   |--- truncated branch of depth 3
|   |   |   |   |   |   |   |--- feature_22 >  0.02
|   |   |   |   |   |   |   |   |--- feature_10 <= 22.92
|   |   |   |   |   |   |   |   |   |--- class: negative
|   |   |   |   |   |   |   |   |--- feature_10 >  22.92
|   |   |   |   |   |   |   |   |   |--- class: positive
|   |   |   |   |   |--- feature_13 >  5.01
|   |   |   |   |   |   |--- feature_0 <= 1977.50
|   |   |   |   |   |   |   |--- feature_13 <= 5.79
|   |   |   |   |   |   |   |   |--- class: positive
|   |   |   |   |   |   |   |--- feature_13 >  5.79
|   |   |   |   |   |   |   |   |--- class: negative
|   |   |   |   |   |   |--- feature_0 >  1977.50
|   |   |   |   |   |   |   |--- feature_18 <= 0.50
|   |   |   |   |   |   |   |   |--- class: positive
|   |   |   |   |   |   |   |--- feature_18 >  0.50
|   |   |   |   |   |   |   |   |--- class: negative
|   |   |   |   |--- feature_13 >  7.69
|   |   |   |   |   |--- feature_12 <= 37.68
|   |   |   |   |   |   |--- feature_10 <= 17.44
|   |   |   |   |   |   |   |--- feature_2 <= 1.00
|   |   |   |   |   |   |   |   |--- feature_1 <= 40.50
|   |   |   |   |   |   |   |   |   |--- class: negative
|   |   |   |   |   |   |   |   |--- feature_1 >  40.50
|   |   |   |   |   |   |   |   |   |--- feature_1 <= 43.50
|   |   |   |   |   |   |   |   |   |   |--- class: positive
|   |   |   |   |   |   |   |   |   |--- feature_1 >  43.50
|   |   |   |   |   |   |   |   |   |   |--- feature_1 <= 81.00
|   |   |   |   |   |   |   |   |   |   |   |--- class: negative
|   |   |   |   |   |   |   |   |   |   |--- feature_1 >  81.00
|   |   |   |   |   |   |   |   |   |   |   |--- truncated branch of depth 3
|   |   |   |   |   |   |   |--- feature_2 >  1.00
|   |   |   |   |   |   |   |   |--- class: positive
|   |   |   |   |   |   |--- feature_10 >  17.44
|   |   |   |   |   |   |   |--- class: negative
|   |   |   |   |   |--- feature_12 >  37.68
|   |   |   |   |   |   |--- feature_21 <= 0.50
|   |   |   |   |   |   |   |--- class: negative
|   |   |   |   |   |   |--- feature_21 >  0.50
|   |   |   |   |   |   |   |--- feature_10 <= 35.95
|   |   |   |   |   |   |   |   |--- class: positive
|   |   |   |   |   |   |   |--- feature_10 >  35.95
|   |   |   |   |   |   |   |   |--- feature_26 <= 0.50
|   |   |   |   |   |   |   |   |   |--- class: negative
|   |   |   |   |   |   |   |   |--- feature_26 >  0.50
|   |   |   |   |   |   |   |   |   |--- feature_8 <= 3.50
|   |   |   |   |   |   |   |   |   |   |--- class: negative
|   |   |   |   |   |   |   |   |   |--- feature_8 >  3.50
|   |   |   |   |   |   |   |   |   |   |--- class: positive
|   |--- feature_0 >  1985.50
|   |   |--- feature_44 <= 1.00
|   |   |   |--- feature_44 <= 0.01
|   |   |   |   |--- feature_11 <= 8.49
|   |   |   |   |   |--- feature_18 <= 0.01
|   |   |   |   |   |   |--- feature_1 <= 554.50
|   |   |   |   |   |   |   |--- class: negative
|   |   |   |   |   |   |--- feature_1 >  554.50
|   |   |   |   |   |   |   |--- class: positive
|   |   |   |   |   |--- feature_18 >  0.01
|   |   |   |   |   |   |--- feature_17 <= 0.04
|   |   |   |   |   |   |   |--- feature_32 <= 0.03
|   |   |   |   |   |   |   |   |--- class: negative
|   |   |   |   |   |   |   |--- feature_32 >  0.03
|   |   |   |   |   |   |   |   |--- class: positive
|   |   |   |   |   |   |--- feature_17 >  0.04
|   |   |   |   |   |   |   |--- class: positive
|   |   |   |   |--- feature_11 >  8.49
|   |   |   |   |   |--- feature_26 <= 0.11
|   |   |   |   |   |   |--- feature_10 <= 29.96
|   |   |   |   |   |   |   |--- feature_0 <= 1986.50
|   |   |   |   |   |   |   |   |--- feature_10 <= 9.60
|   |   |   |   |   |   |   |   |   |--- feature_18 <= 0.50
|   |   |   |   |   |   |   |   |   |   |--- class: negative
|   |   |   |   |   |   |   |   |   |--- feature_18 >  0.50
|   |   |   |   |   |   |   |   |   |   |--- class: positive
|   |   |   |   |   |   |   |   |--- feature_10 >  9.60
|   |   |   |   |   |   |   |   |   |--- class: negative
|   |   |   |   |   |   |   |--- feature_0 >  1986.50
|   |   |   |   |   |   |   |   |--- class: negative
|   |   |   |   |   |   |--- feature_10 >  29.96
|   |   |   |   |   |   |   |--- feature_2 <= 2.50
|   |   |   |   |   |   |   |   |--- feature_1 <= 51.00
|   |   |   |   |   |   |   |   |   |--- feature_12 <= 54.45
|   |   |   |   |   |   |   |   |   |   |--- feature_12 <= 53.55
|   |   |   |   |   |   |   |   |   |   |   |--- class: negative
|   |   |   |   |   |   |   |   |   |   |--- feature_12 >  53.55
|   |   |   |   |   |   |   |   |   |   |   |--- class: positive
|   |   |   |   |   |   |   |   |   |--- feature_12 >  54.45
|   |   |   |   |   |   |   |   |   |   |--- class: negative
|   |   |   |   |   |   |   |   |--- feature_1 >  51.00
|   |   |   |   |   |   |   |   |   |--- feature_1 <= 73.00
|   |   |   |   |   |   |   |   |   |   |--- feature_7 <= 31.00
|   |   |   |   |   |   |   |   |   |   |   |--- truncated branch of depth 4
|   |   |   |   |   |   |   |   |   |   |--- feature_7 >  31.00
|   |   |   |   |   |   |   |   |   |   |   |--- class: positive
|   |   |   |   |   |   |   |   |   |--- feature_1 >  73.00
|   |   |   |   |   |   |   |   |   |   |--- feature_1 <= 418.50
|   |   |   |   |   |   |   |   |   |   |   |--- class: negative
|   |   |   |   |   |   |   |   |   |   |--- feature_1 >  418.50
|   |   |   |   |   |   |   |   |   |   |   |--- truncated branch of depth 3
|   |   |   |   |   |   |   |--- feature_2 >  2.50
|   |   |   |   |   |   |   |   |--- class: negative
|   |   |   |   |   |--- feature_26 >  0.11
|   |   |   |   |   |   |--- feature_26 <= 0.85
|   |   |   |   |   |   |   |--- class: positive
|   |   |   |   |   |   |--- feature_26 >  0.85
|   |   |   |   |   |   |   |--- class: negative
|   |   |   |--- feature_44 >  0.01
|   |   |   |   |--- class: positive
|   |   |--- feature_44 >  1.00
|   |   |   |--- feature_0 <= 1989.50
|   |   |   |   |--- feature_11 <= 7.68
|   |   |   |   |   |--- feature_11 <= 7.62
|   |   |   |   |   |   |--- feature_12 <= 7.68
|   |   |   |   |   |   |   |--- feature_1 <= 20.00
|   |   |   |   |   |   |   |   |--- class: negative
|   |   |   |   |   |   |   |--- feature_1 >  20.00
|   |   |   |   |   |   |   |   |--- class: positive
|   |   |   |   |   |   |--- feature_12 >  7.68
|   |   |   |   |   |   |   |--- feature_11 <= 7.55
|   |   |   |   |   |   |   |   |--- feature_7 <= 2.50
|   |   |   |   |   |   |   |   |   |--- class: negative
|   |   |   |   |   |   |   |   |--- feature_7 >  2.50
|   |   |   |   |   |   |   |   |   |--- feature_7 <= 7.50
|   |   |   |   |   |   |   |   |   |   |--- class: positive
|   |   |   |   |   |   |   |   |   |--- feature_7 >  7.50
|   |   |   |   |   |   |   |   |   |   |--- class: negative
|   |   |   |   |   |   |   |--- feature_11 >  7.55
|   |   |   |   |   |   |   |   |--- feature_10 <= 14.65
|   |   |   |   |   |   |   |   |   |--- class: negative
|   |   |   |   |   |   |   |   |--- feature_10 >  14.65
|   |   |   |   |   |   |   |   |   |--- class: positive
|   |   |   |   |   |--- feature_11 >  7.62
|   |   |   |   |   |   |--- class: positive
|   |   |   |   |--- feature_11 >  7.68
|   |   |   |   |   |--- feature_12 <= 19.35
|   |   |   |   |   |   |--- feature_7 <= 22.50
|   |   |   |   |   |   |   |--- class: negative
|   |   |   |   |   |   |--- feature_7 >  22.50
|   |   |   |   |   |   |   |--- class: positive
|   |   |   |   |   |--- feature_12 >  19.35
|   |   |   |   |   |   |--- class: negative
|   |   |   |--- feature_0 >  1989.50
|   |   |   |   |--- class: negative
