|--- feature_0 <= 1969.50
|   |--- feature_14 <= 8.00
|   |   |--- feature_14 <= 5.00
|   |   |   |--- feature_14 <= 5.00
|   |   |   |   |--- feature_14 <= 4.00
|   |   |   |   |   |--- feature_14 <= 4.00
|   |   |   |   |   |   |--- feature_14 <= 3.00
|   |   |   |   |   |   |   |--- feature_14 <= 3.00
|   |   |   |   |   |   |   |   |--- feature_14 <= 2.00
|   |   |   |   |   |   |   |   |   |--- feature_1 <= 96.00
|   |   |   |   |   |   |   |   |   |   |--- feature_12 <= 4.85
|   |   |   |   |   |   |   |   |   |   |   |--- class: negative
|   |   |   |   |   |   |   |   |   |   |--- feature_12 >  4.85
|   |   |   |   |   |   |   |   |   |   |   |--- truncated branch of depth 4
|   |   |   |   |   |   |   |   |   |--- feature_1 >  96.00
|   |   |   |   |   |   |   |   |   |   |--- feature_1 <= 715.00
|   |   |   |   |   |   |   |   |   |   |   |--- class: positive
|   |   |   |   |   |   |   |   |   |   |--- feature_1 >  715.00
|   |   |   |   |   |   |   |   |   |   |   |--- class: negative
|   |   |   |   |   |   |   |   |--- feature_14 >  2.00
|   |   |   |   |   |   |   |   |   |--- class: positive
|   |   |   |   |   |   |   |--- feature_14 >  3.00
|   |   |   |   |   |   |   |   |--- feature_7 <= 96298548.00
|   |   |   |   |   |   |   |   |   |--- feature_1 <= 50.50
|   |   |   |   |   |   |   |   |   |   |--- feature_0 <= 1933.50
|   |   |   |   |   |   |   |   |   |   |   |--- class: negative
|   |   |   |   |   |   |   |   |   |   |--- feature_0 >  1933.50
|   |   |   |   |   |   |   |   |   |   |   |--- truncated branch of depth 11
|   |   |   |   |   |   |   |   |   |--- feature_1 >  50.50
|   |   |   |   |   |   |   |   |   |   |--- feature_20 <= 0.02
|   |   |   |   |   |   |   |   |   |   |   |--- truncated branch of depth 2
|   |   |   |   |   |   |   |   |   |   |--- feature_20 >  0.02
|   |   |   |   |   |   |   |   |   |   |   |--- truncated branch of depth 5
|   |   |   |   |   |   |   |   |--- feature_7 >  96298548.00
|   |   |   |   |   |   |   |   |   |--- feature_0 <= 1934.50
|   |   |   |   |   |   |   |   |   |   |--- feature_6 <= 40579630.00
|   |   |   |   |   |   |   |   |   |   |   |--- truncated branch of depth 5
|   |   |   |   |   |   |   |   |   |   |--- feature_6 >  40579630.00
|   |   |   |   |   |   |   |   |   |   |   |--- truncated branch of depth 2
|   |   |   |   |   |   |   |   |   |--- feature_0 >  1934.50
|   |   |   |   |   |   |   |   |   |   |--- feature_6 <= 41460900.00
|   |   |   |   |   |   |   |   |   |   |   |--- truncated branch of depth 11
|   |   |   |   |   |   |   |   |   |   |--- feature_6 >  41460900.00
|   |   |   |   |   |   |   |   |   |   |   |--- truncated branch of depth 7
|   |   |   |   |   |   |--- feature_14 >  3.00
|   |   |   |   |   |   |   |--- class: positive
|   |   |   |   |   |--- feature_14 >  4.00
|   |   |   |   |   |   |--- feature_15 <= 1.50
|   |   |   |   |   |   |   |--- feature_12 <= 4.80
|   |   |   |   |   |   |   |   |--- feature_6 <= 40811376.00
|   |   |   |   |   |   |   |   |   |--- feature_13 <= 12.51
|   |   |   |   |   |   |   |   |   |   |--- feature_22 <= 0.50
|   |   |   |   |   |   |   |   |   |   |   |--- truncated branch of depth 3
|   |   |   |   |   |   |   |   |   |   |--- feature_22 >  0.50
|   |   |   |   |   |   |   |   |   |   |   |--- class: negative
|   |   |   |   |   |   |   |   |   |--- feature_13 >  12.51
|   |   |   |   |   |   |   |   |   |   |--- feature_6 <= 40256800.00
|   |   |   |   |   |   |   |   |   |   |   |--- class: negative
|   |   |   |   |   |   |   |   |   |   |--- feature_6 >  40256800.00
|   |   |   |   |   |   |   |   |   |   |   |--- truncated branch of depth 3
|   |   |   |   |   |   |   |   |--- feature_6 >  40811376.00
|   |   |   |   |   |   |   |   |   |--- feature_7 <= 97160900.00
|   |   |   |   |   |   |   |   |   |   |--- feature_1 <= 42.50
|   |   |   |   |   |   |   |   |   |   |   |--- truncated branch of depth 3
|   |   |   |   |   |   |   |   |   |   |--- feature_1 >  42.50
|   |   |   |   |   |   |   |   |   |   |   |--- class: negative
|   |   |   |   |   |   |   |   |   |--- feature_7 >  97160900.00
|   |   |   |   |   |   |   |   |   |   |--- class: negative
|   |   |   |   |   |   |   |--- feature_12 >  4.80
|   |   |   |   |   |   |   |   |--- class: positive
|   |   |   |   |   |   |--- feature_15 >  1.50
|   |   |   |   |   |   |   |--- feature_20 <= 0.01
|   |   |   |   |   |   |   |   |--- feature_1 <= 1230.00
|   |   |   |   |   |   |   |   |   |--- class: negative
|   |   |   |   |   |   |   |   |--- feature_1 >  1230.00
|   |   |   |   |   |   |   |   |   |--- feature_1 <= 3192.50
|   |   |   |   |   |   |   |   |   |   |--- feature_6 <= 40941200.00
|   |   |   |   |   |   |   |   |   |   |   |--- class: negative
|   |   |   |   |   |   |   |   |   |   |--- feature_6 >  40941200.00
|   |   |   |   |   |   |   |   |   |   |   |--- truncated branch of depth 2
|   |   |   |   |   |   |   |   |   |--- feature_1 >  3192.50
|   |   |   |   |   |   |   |   |   |   |--- class: negative
|   |   |   |   |   |   |   |--- feature_20 >  0.01
|   |   |   |   |   |   |   |   |--- feature_17 <= 0.00
|   |   |   |   |   |   |   |   |   |--- feature_9 <= 4.50
|   |   |   |   |   |   |   |   |   |   |--- feature_13 <= 21.58
|   |   |   |   |   |   |   |   |   |   |   |--- truncated branch of depth 11
|   |   |   |   |   |   |   |   |   |   |--- feature_13 >  21.58
|   |   |   |   |   |   |   |   |   |   |   |--- truncated branch of depth 6
|   |   |   |   |   |   |   |   |   |--- feature_9 >  4.50
|   |   |   |   |   |   |   |   |   |   |--- class: positive
|   |   |   |   |   |   |   |   |--- feature_17 >  0.00
|   |   |   |   |   |   |   |   |   |--- class: positive
|   |   |   |   |--- feature_14 >  4.00
|   |   |   |   |   |--- class: positive
|   |   |   |--- feature_14 >  5.00
|   |   |   |   |--- feature_13 <= 41.37
|   |   |   |   |   |--- feature_1 <= 46.50
|   |   |   |   |   |   |--- feature_8 <= 1.00
|   |   |   |   |   |   |   |--- feature_7 <= 96045300.00
|   |   |   |   |   |   |   |   |--- feature_7 <= 96007400.00
|   |   |   |   |   |   |   |   |   |--- class: negative
|   |   |   |   |   |   |   |   |--- feature_7 >  96007400.00
|   |   |   |   |   |   |   |   |   |--- class: positive
|   |   |   |   |   |   |   |--- feature_7 >  96045300.00
|   |   |   |   |   |   |   |   |--- feature_18 <= 0.49
|   |   |   |   |   |   |   |   |   |--- feature_2 <= 25.00
|   |   |   |   |   |   |   |   |   |   |--- feature_10 <= 7.45
|   |   |   |   |   |   |   |   |   |   |   |--- truncated branch of depth 3
|   |   |   |   |   |   |   |   |   |   |--- feature_10 >  7.45
|   |   |   |   |   |   |   |   |   |   |   |--- class: negative
|   |   |   |   |   |   |   |   |   |--- feature_2 >  25.00
|   |   |   |   |   |   |   |   |   |   |--- class: positive
|   |   |   |   |   |   |   |   |--- feature_18 >  0.49
|   |   |   |   |   |   |   |   |   |--- class: positive
|   |   |   |   |   |   |--- feature_8 >  1.00
|   |   |   |   |   |   |   |--- feature_12 <= 5.79
|   |   |   |   |   |   |   |   |--- feature_6 <= 41624632.00
|   |   |   |   |   |   |   |   |   |--- class: positive
|   |   |   |   |   |   |   |   |--- feature_6 >  41624632.00
|   |   |   |   |   |   |   |   |   |--- class: negative
|   |   |   |   |   |   |   |--- feature_12 >  5.79
|   |   |   |   |   |   |   |   |--- feature_1 <= 15.00
|   |   |   |   |   |   |   |   |   |--- feature_10 <= 7.92
|   |   |   |   |   |   |   |   |   |   |--- class: negative
|   |   |   |   |   |   |   |   |   |--- feature_10 >  7.92
|   |   |   |   |   |   |   |   |   |   |--- class: positive
|   |   |   |   |   |   |   |   |--- feature_1 >  15.00
|   |   |   |   |   |   |   |   |   |--- class: negative
|   |   |   |   |   |--- feature_1 >  46.50
|   |   |   |   |   |   |--- feature_18 <= 0.01
|   |   |   |   |   |   |   |--- feature_0 <= 1951.50
|   |   |   |   |   |   |   |   |--- feature_7 <= 96341500.00
|   |   |   |   |   |   |   |   |   |--- feature_11 <= 47.70
|   |   |   |   |   |   |   |   |   |   |--- class: negative
|   |   |   |   |   |   |   |   |   |--- feature_11 >  47.70
|   |   |   |   |   |   |   |   |   |   |--- feature_10 <= 118.40
|   |   |   |   |   |   |   |   |   |   |   |--- class: positive
|   |   |   |   |   |   |   |   |   |   |--- feature_10 >  118.40
|   |   |   |   |   |   |   |   |   |   |   |--- class: negative
|   |   |   |   |   |   |   |   |--- feature_7 >  96341500.00
|   |   |   |   |   |   |   |   |   |--- feature_7 <= 99397400.00
|   |   |   |   |   |   |   |   |   |   |--- feature_17 <= 0.97
|   |   |   |   |   |   |   |   |   |   |   |--- truncated branch of depth 8
|   |   |   |   |   |   |   |   |   |   |--- feature_17 >  0.97
|   |   |   |   |   |   |   |   |   |   |   |--- truncated branch of depth 2
|   |   |   |   |   |   |   |   |   |--- feature_7 >  99397400.00
|   |   |   |   |   |   |   |   |   |   |--- class: negative
|   |   |   |   |   |   |   |--- feature_0 >  1951.50
|   |   |   |   |   |   |   |   |--- feature_13 <= 16.16
|   |   |   |   |   |   |   |   |   |--- feature_11 <= 19.61
|   |   |   |   |   |   |   |   |   |   |--- class: negative
|   |   |   |   |   |   |   |   |   |--- feature_11 >  19.61
|   |   |   |   |   |   |   |   |   |   |--- class: positive
|   |   |   |   |   |   |   |   |--- feature_13 >  16.16
|   |   |   |   |   |   |   |   |   |--- feature_1 <= 49.00
|   |   |   |   |   |   |   |   |   |   |--- class: positive
|   |   |   |   |   |   |   |   |   |--- feature_1 >  49.00
|   |   |   |   |   |   |   |   |   |   |--- class: negative
|   |   |   |   |   |   |--- feature_18 >  0.01
|   |   |   |   |   |   |   |--- class: positive
|   |   |   |   |--- feature_13 >  41.37
|   |   |   |   |   |--- feature_9 <= 3.50
|   |   |   |   |   |   |--- feature_3 <= 3.00
|   |   |   |   |   |   |   |--- feature_0 <= 1965.50
|   |   |   |   |   |   |   |   |--- feature_11 <= 37.65
|   |   |   |   |   |   |   |   |   |--- feature_12 <= 5.95
|   |   |   |   |   |   |   |   |   |   |--- feature_1 <= 57.50
|   |   |   |   |   |   |   |   |   |   |   |--- class: negative
|   |   |   |   |   |   |   |   |   |   |--- feature_1 >  57.50
|   |   |   |   |   |   |   |   |   |   |   |--- truncated branch of depth 2
|   |   |   |   |   |   |   |   |   |--- feature_12 >  5.95
|   |   |   |   |   |   |   |   |   |   |--- class: negative
|   |   |   |   |   |   |   |   |--- feature_11 >  37.65
|   |   |   |   |   |   |   |   |   |--- feature_2 <= 4.50
|   |   |   |   |   |   |   |   |   |   |--- class: positive
|   |   |   |   |   |   |   |   |   |--- feature_2 >  4.50
|   |   |   |   |   |   |   |   |   |   |--- class: negative
|   |   |   |   |   |   |   |--- feature_0 >  1965.50
|   |   |   |   |   |   |   |   |--- feature_10 <= 20.73
|   |   |   |   |   |   |   |   |   |--- class: positive
|   |   |   |   |   |   |   |   |--- feature_10 >  20.73
|   |   |   |   |   |   |   |   |   |--- class: negative
|   |   |   |   |   |   |--- feature_3 >  3.00
|   |   |   |   |   |   |   |--- class: negative
|   |   |   |   |   |--- feature_9 >  3.50
|   |   |   |   |   |   |--- feature_8 <= 27.50
|   |   |   |   |   |   |   |--- feature_9 <= 7.50
|   |   |   |   |   |   |   |   |--- feature_3 <= 7.00
|   |   |   |   |   |   |   |   |   |--- class: positive
|   |   |   |   |   |   |   |   |--- feature_3 >  7.00
|   |   |   |   |   |   |   |   |   |--- class: negative
|   |   |   |   |   |   |   |--- feature_9 >  7.50
|   |   |   |   |   |   |   |   |--- feature_18 <= 0.50
|   |   |   |   |   |   |   |   |   |--- class: negative
|   |   |   |   |   |   |   |   |--- feature_18 >  0.50
|   |   |   |   |   |   |   |   |   |--- class: positive
|   |   |   |   |   |   |--- feature_8 >  27.50
|   |   |   |   |   |   |   |--- class: negative
|   |   |--- feature_14 >  5.00
|   |   |   |--- feature_13 <= 31.37
|   |   |   |   |--- feature_14 <= 6.00
|   |   |   |   |   |--- feature_14 <= 6.00
|   |   |   |   |   |   |--- class: positive
|   |   |   |   |   |--- feature_14 >  6.00
|   |   |   |   |   |   |--- feature_11 <= 9.90
|   |   |   |   |   |   |   |--- feature_6 <= 42401226.00
|   |   |   |   |   |   |   |   |--- feature_11 <= 7.45
|   |   |   |   |   |   |   |   |   |--- class: negative
|   |   |   |   |   |   |   |   |--- feature_11 >  7.45
|   |   |   |   |   |   |   |   |   |--- class: positive
|   |   |   |   |   |   |   |--- feature_6 >  42401226.00
|   |   |   |   |   |   |   |   |--- class: positive
|   |   |   |   |   |   |--- feature_11 >  9.90
|   |   |   |   |   |   |   |--- class: negative
|   |   |   |   |--- feature_14 >  6.00
|   |   |   |   |   |--- feature_17 <= 0.97
|   |   |   |   |   |   |--- feature_16 <= 1.00
|   |   |   |   |   |   |   |--- class: positive
|   |   |   |   |   |   |--- feature_16 >  1.00
|   |   |   |   |   |   |   |--- feature_0 <= 1949.00
|   |   |   |   |   |   |   |   |--- class: negative
|   |   |   |   |   |   |   |--- feature_0 >  1949.00
|   |   |   |   |   |   |   |   |--- class: positive
|   |   |   |   |   |--- feature_17 >  0.97
|   |   |   |   |   |   |--- class: negative
|   |   |   |--- feature_13 >  31.37
|   |   |   |   |--- feature_14 <= 6.00
|   |   |   |   |   |--- class: positive
|   |   |   |   |--- feature_14 >  6.00
|   |   |   |   |   |--- feature_14 <= 6.00
|   |   |   |   |   |   |--- feature_13 <= 66.60
|   |   |   |   |   |   |   |--- class: negative
|   |   |   |   |   |   |--- feature_13 >  66.60
|   |   |   |   |   |   |   |--- class: positive
|   |   |   |   |   |--- feature_14 >  6.00
|   |   |   |   |   |   |--- feature_12 <= 12.70
|   |   |   |   |   |   |   |--- feature_2 <= 41.50
|   |   |   |   |   |   |   |   |--- feature_0 <= 1936.50
|   |   |   |   |   |   |   |   |   |--- feature_10 <= 14.76
|   |   |   |   |   |   |   |   |   |   |--- feature_11 <= 31.40
|   |   |   |   |   |   |   |   |   |   |   |--- class: positive
|   |   |   |   |   |   |   |   |   |   |--- feature_11 >  31.40
|   |   |   |   |   |   |   |   |   |   |   |--- truncated branch of depth 2
|   |   |   |   |   |   |   |   |   |--- feature_10 >  14.76
|   |   |   |   |   |   |   |   |   |   |--- class: negative
|   |   |   |   |   |   |   |   |--- feature_0 >  1936.50
|   |   |   |   |   |   |   |   |   |--- feature_17 <= 1.00
|   |   |   |   |   |   |   |   |   |   |--- class: positive
|   |   |   |   |   |   |   |   |   |--- feature_17 >  1.00
|   |   |   |   |   |   |   |   |   |   |--- feature_10 <= 12.29
|   |   |   |   |   |   |   |   |   |   |   |--- class: negative
|   |   |   |   |   |   |   |   |   |   |--- feature_10 >  12.29
|   |   |   |   |   |   |   |   |   |   |   |--- class: positive
|   |   |   |   |   |   |   |--- feature_2 >  41.50
|   |   |   |   |   |   |   |   |--- feature_11 <= 98.43
|   |   |   |   |   |   |   |   |   |--- class: negative
|   |   |   |   |   |   |   |   |--- feature_11 >  98.43
|   |   |   |   |   |   |   |   |   |--- class: positive
|   |   |   |   |   |   |--- feature_12 >  12.70
|   |   |   |   |   |   |   |--- class: negative
|   |--- feature_14 >  8.00
|   |   |--- feature_1 <= 16605.00
|   |   |   |--- feature_13 <= 37.79
|   |   |   |   |--- feature_11 <= 10.11
|   |   |   |   |   |--- feature_11 <= 7.33
|   |   |   |   |   |   |--- feature_1 <= 26.50
|   |   |   |   |   |   |   |--- feature_13 <= 4.95
|   |   |   |   |   |   |   |   |--- feature_10 <= 7.15
|   |   |   |   |   |   |   |   |   |--- class: positive
|   |   |   |   |   |   |   |   |--- feature_10 >  7.15
|   |   |   |   |   |   |   |   |   |--- class: negative
|   |   |   |   |   |   |   |--- feature_13 >  4.95
|   |   |   |   |   |   |   |   |--- feature_12 <= 5.15
|   |   |   |   |   |   |   |   |   |--- feature_1 <= 17.50
|   |   |   |   |   |   |   |   |   |   |--- class: positive
|   |   |   |   |   |   |   |   |   |--- feature_1 >  17.50
|   |   |   |   |   |   |   |   |   |   |--- class: negative
|   |   |   |   |   |   |   |   |--- feature_12 >  5.15
|   |   |   |   |   |   |   |   |   |--- feature_7 <= 96490600.00
|   |   |   |   |   |   |   |   |   |   |--- feature_6 <= 41570600.00
|   |   |   |   |   |   |   |   |   |   |   |--- class: negative
|   |   |   |   |   |   |   |   |   |   |--- feature_6 >  41570600.00
|   |   |   |   |   |   |   |   |   |   |   |--- class: positive
|   |   |   |   |   |   |   |   |   |--- feature_7 >  96490600.00
|   |   |   |   |   |   |   |   |   |   |--- class: negative
|   |   |   |   |   |   |--- feature_1 >  26.50
|   |   |   |   |   |   |   |--- class: negative
|   |   |   |   |   |--- feature_11 >  7.33
|   |   |   |   |   |   |--- feature_10 <= 8.79
|   |   |   |   |   |   |   |--- feature_0 <= 1935.50
|   |   |   |   |   |   |   |   |--- feature_22 <= 0.01
|   |   |   |   |   |   |   |   |   |--- feature_7 <= 95859748.00
|   |   |   |   |   |   |   |   |   |   |--- feature_6 <= 40267232.00
|   |   |   |   |   |   |   |   |   |   |   |--- class: negative
|   |   |   |   |   |   |   |   |   |   |--- feature_6 >  40267232.00
|   |   |   |   |   |   |   |   |   |   |   |--- class: positive
|   |   |   |   |   |   |   |   |   |--- feature_7 >  95859748.00
|   |   |   |   |   |   |   |   |   |   |--- feature_6 <= 41431212.00
|   |   |   |   |   |   |   |   |   |   |   |--- class: negative
|   |   |   |   |   |   |   |   |   |   |--- feature_6 >  41431212.00
|   |   |   |   |   |   |   |   |   |   |   |--- truncated branch of depth 2
|   |   |   |   |   |   |   |   |--- feature_22 >  0.01
|   |   |   |   |   |   |   |   |   |--- feature_22 <= 1.00
|   |   |   |   |   |   |   |   |   |   |--- class: positive
|   |   |   |   |   |   |   |   |   |--- feature_22 >  1.00
|   |   |   |   |   |   |   |   |   |   |--- feature_10 <= 7.30
|   |   |   |   |   |   |   |   |   |   |   |--- truncated branch of depth 6
|   |   |   |   |   |   |   |   |   |   |--- feature_10 >  7.30
|   |   |   |   |   |   |   |   |   |   |   |--- truncated branch of depth 3
|   |   |   |   |   |   |   |--- feature_0 >  1935.50
|   |   |   |   |   |   |   |   |--- feature_12 <= 6.87
|   |   |   |   |   |   |   |   |   |--- feature_10 <= 7.05
|   |   |   |   |   |   |   |   |   |   |--- class: negative
|   |   |   |   |   |   |   |   |   |--- feature_10 >  7.05
|   |   |   |   |   |   |   |   |   |   |--- feature_22 <= 0.98
|   |   |   |   |   |   |   |   |   |   |   |--- truncated branch of depth 2
|   |   |   |   |   |   |   |   |   |   |--- feature_22 >  0.98
|   |   |   |   |   |   |   |   |   |   |   |--- truncated branch of depth 3
|   |   |   |   |   |   |   |   |--- feature_12 >  6.87
|   |   |   |   |   |   |   |   |   |--- feature_12 <= 7.34
|   |   |   |   |   |   |   |   |   |   |--- feature_16 <= 0.36
|   |   |   |   |   |   |   |   |   |   |   |--- class: negative
|   |   |   |   |   |   |   |   |   |   |--- feature_16 >  0.36
|   |   |   |   |   |   |   |   |   |   |   |--- class: positive
|   |   |   |   |   |   |   |   |   |--- feature_12 >  7.34
|   |   |   |   |   |   |   |   |   |   |--- feature_7 <= 97237020.00
|   |   |   |   |   |   |   |   |   |   |   |--- class: positive
|   |   |   |   |   |   |   |   |   |   |--- feature_7 >  97237020.00
|   |   |   |   |   |   |   |   |   |   |   |--- truncated branch of depth 2
|   |   |   |   |   |   |--- feature_10 >  8.79
|   |   |   |   |   |   |   |--- feature_10 <= 8.81
|   |   |   |   |   |   |   |   |--- feature_1 <= 78.50
|   |   |   |   |   |   |   |   |   |--- class: negative
|   |   |   |   |   |   |   |   |--- feature_1 >  78.50
|   |   |   |   |   |   |   |   |   |--- feature_1 <= 102.50
|   |   |   |   |   |   |   |   |   |   |--- class: positive
|   |   |   |   |   |   |   |   |   |--- feature_1 >  102.50
|   |   |   |   |   |   |   |   |   |   |--- class: negative
|   |   |   |   |   |   |   |--- feature_10 >  8.81
|   |   |   |   |   |   |   |   |--- feature_10 <= 9.09
|   |   |   |   |   |   |   |   |   |--- class: positive
|   |   |   |   |   |   |   |   |--- feature_10 >  9.09
|   |   |   |   |   |   |   |   |   |--- feature_18 <= 0.07
|   |   |   |   |   |   |   |   |   |   |--- feature_1 <= 52.50
|   |   |   |   |   |   |   |   |   |   |   |--- truncated branch of depth 11
|   |   |   |   |   |   |   |   |   |   |--- feature_1 >  52.50
|   |   |   |   |   |   |   |   |   |   |   |--- class: negative
|   |   |   |   |   |   |   |   |   |--- feature_18 >  0.07
|   |   |   |   |   |   |   |   |   |   |--- feature_12 <= 8.90
|   |   |   |   |   |   |   |   |   |   |   |--- class: positive
|   |   |   |   |   |   |   |   |   |   |--- feature_12 >  8.90
|   |   |   |   |   |   |   |   |   |   |   |--- class: negative
|   |   |   |   |--- feature_11 >  10.11
|   |   |   |   |   |--- feature_22 <= 0.01
|   |   |   |   |   |   |--- feature_7 <= 95865684.00
|   |   |   |   |   |   |   |--- feature_0 <= 1955.00
|   |   |   |   |   |   |   |   |--- class: positive
|   |   |   |   |   |   |   |--- feature_0 >  1955.00
|   |   |   |   |   |   |   |   |--- feature_20 <= 0.44
|   |   |   |   |   |   |   |   |   |--- class: negative
|   |   |   |   |   |   |   |   |--- feature_20 >  0.44
|   |   |   |   |   |   |   |   |   |--- class: positive
|   |   |   |   |   |   |--- feature_7 >  95865684.00
|   |   |   |   |   |   |   |--- feature_10 <= 12.21
|   |   |   |   |   |   |   |   |--- feature_15 <= 1.50
|   |   |   |   |   |   |   |   |   |--- feature_12 <= 4.80
|   |   |   |   |   |   |   |   |   |   |--- feature_11 <= 12.35
|   |   |   |   |   |   |   |   |   |   |   |--- truncated branch of depth 2
|   |   |   |   |   |   |   |   |   |   |--- feature_11 >  12.35
|   |   |   |   |   |   |   |   |   |   |   |--- class: negative
|   |   |   |   |   |   |   |   |   |--- feature_12 >  4.80
|   |   |   |   |   |   |   |   |   |   |--- class: positive
|   |   |   |   |   |   |   |   |--- feature_15 >  1.50
|   |   |   |   |   |   |   |   |   |--- feature_12 <= 7.60
|   |   |   |   |   |   |   |   |   |   |--- feature_12 <= 7.50
|   |   |   |   |   |   |   |   |   |   |   |--- truncated branch of depth 9
|   |   |   |   |   |   |   |   |   |   |--- feature_12 >  7.50
|   |   |   |   |   |   |   |   |   |   |   |--- class: positive
|   |   |   |   |   |   |   |   |   |--- feature_12 >  7.60
|   |   |   |   |   |   |   |   |   |   |--- feature_2 <= 17.50
|   |   |   |   |   |   |   |   |   |   |   |--- class: negative
|   |   |   |   |   |   |   |   |   |   |--- feature_2 >  17.50
|   |   |   |   |   |   |   |   |   |   |   |--- truncated branch of depth 2
|   |   |   |   |   |   |   |--- feature_10 >  12.21
|   |   |   |   |   |   |   |   |--- feature_1 <= 1342.50
|   |   |   |   |   |   |   |   |   |--- feature_0 <= 1935.50
|   |   |   |   |   |   |   |   |   |   |--- feature_13 <= 16.65
|   |   |   |   |   |   |   |   |   |   |   |--- truncated branch of depth 8
|   |   |   |   |   |   |   |   |   |   |--- feature_13 >  16.65
|   |   |   |   |   |   |   |   |   |   |   |--- class: negative
|   |   |   |   |   |   |   |   |   |--- feature_0 >  1935.50
|   |   |   |   |   |   |   |   |   |   |--- feature_0 <= 1949.50
|   |   |   |   |   |   |   |   |   |   |   |--- truncated branch of depth 4
|   |   |   |   |   |   |   |   |   |   |--- feature_0 >  1949.50
|   |   |   |   |   |   |   |   |   |   |   |--- truncated branch of depth 11
|   |   |   |   |   |   |   |   |--- feature_1 >  1342.50
|   |   |   |   |   |   |   |   |   |--- class: negative
|   |   |   |   |   |--- feature_22 >  0.01
|   |   |   |   |   |   |--- feature_22 <= 1.00
|   |   |   |   |   |   |   |--- class: positive
|   |   |   |   |   |   |--- feature_22 >  1.00
|   |   |   |   |   |   |   |--- feature_10 <= 9.36
|   |   |   |   |   |   |   |   |--- feature_1 <= 31.00
|   |   |   |   |   |   |   |   |   |--- feature_13 <= 8.10
|   |   |   |   |   |   |   |   |   |   |--- feature_7 <= 97739172.00
|   |   |   |   |   |   |   |   |   |   |   |--- class: negative
|   |   |   |   |   |   |   |   |   |   |--- feature_7 >  97739172.00
|   |   |   |   |   |   |   |   |   |   |   |--- class: positive
|   |   |   |   |   |   |   |   |   |--- feature_13 >  8.10
|   |   |   |   |   |   |   |   |   |   |--- class: negative
|   |   |   |   |   |   |   |   |--- feature_1 >  31.00
|   |   |   |   |   |   |   |   |   |--- feature_8 <= 20.00
|   |   |   |   |   |   |   |   |   |   |--- feature_12 <= 5.51
|   |   |   |   |   |   |   |   |   |   |   |--- class: negative
|   |   |   |   |   |   |   |   |   |   |--- feature_12 >  5.51
|   |   |   |   |   |   |   |   |   |   |   |--- truncated branch of depth 6
|   |   |   |   |   |   |   |   |   |--- feature_8 >  20.00
|   |   |   |   |   |   |   |   |   |   |--- class: negative
|   |   |   |   |   |   |   |--- feature_10 >  9.36
|   |   |   |   |   |   |   |   |--- feature_6 <= 41806800.00
|   |   |   |   |   |   |   |   |   |--- feature_13 <= 12.60
|   |   |   |   |   |   |   |   |   |   |--- class: negative
|   |   |   |   |   |   |   |   |   |--- feature_13 >  12.60
|   |   |   |   |   |   |   |   |   |   |--- feature_6 <= 40536800.00
|   |   |   |   |   |   |   |   |   |   |   |--- class: positive
|   |   |   |   |   |   |   |   |   |   |--- feature_6 >  40536800.00
|   |   |   |   |   |   |   |   |   |   |   |--- class: negative
|   |   |   |   |   |   |   |   |--- feature_6 >  41806800.00
|   |   |   |   |   |   |   |   |   |--- feature_6 <= 42055600.00
|   |   |   |   |   |   |   |   |   |   |--- class: positive
|   |   |   |   |   |   |   |   |   |--- feature_6 >  42055600.00
|   |   |   |   |   |   |   |   |   |   |--- feature_13 <= 2.70
|   |   |   |   |   |   |   |   |   |   |   |--- class: positive
|   |   |   |   |   |   |   |   |   |   |--- feature_13 >  2.70
|   |   |   |   |   |   |   |   |   |   |   |--- class: negative
|   |   |   |--- feature_13 >  37.79
|   |   |   |   |--- feature_13 <= 58.45
|   |   |   |   |   |--- feature_10 <= 8.81
|   |   |   |   |   |   |--- class: negative
|   |   |   |   |   |--- feature_10 >  8.81
|   |   |   |   |   |   |--- feature_20 <= 0.96
|   |   |   |   |   |   |   |--- feature_20 <= 0.02
|   |   |   |   |   |   |   |   |--- feature_22 <= 0.04
|   |   |   |   |   |   |   |   |   |--- feature_7 <= 95898596.00
|   |   |   |   |   |   |   |   |   |   |--- feature_2 <= 10.50
|   |   |   |   |   |   |   |   |   |   |   |--- class: positive
|   |   |   |   |   |   |   |   |   |   |--- feature_2 >  10.50
|   |   |   |   |   |   |   |   |   |   |   |--- class: negative
|   |   |   |   |   |   |   |   |   |--- feature_7 >  95898596.00
|   |   |   |   |   |   |   |   |   |   |--- feature_3 <= 3.50
|   |   |   |   |   |   |   |   |   |   |   |--- truncated branch of depth 5
|   |   |   |   |   |   |   |   |   |   |--- feature_3 >  3.50
|   |   |   |   |   |   |   |   |   |   |   |--- class: negative
|   |   |   |   |   |   |   |   |--- feature_22 >  0.04
|   |   |   |   |   |   |   |   |   |--- class: positive
|   |   |   |   |   |   |   |--- feature_20 >  0.02
|   |   |   |   |   |   |   |   |--- class: positive
|   |   |   |   |   |   |--- feature_20 >  0.96
|   |   |   |   |   |   |   |--- feature_3 <= 1.00
|   |   |   |   |   |   |   |   |--- class: negative
|   |   |   |   |   |   |   |--- feature_3 >  1.00
|   |   |   |   |   |   |   |   |--- feature_10 <= 16.15
|   |   |   |   |   |   |   |   |   |--- feature_7 <= 97090000.00
|   |   |   |   |   |   |   |   |   |   |--- class: negative
|   |   |   |   |   |   |   |   |   |--- feature_7 >  97090000.00
|   |   |   |   |   |   |   |   |   |   |--- feature_7 <= 97152860.00
|   |   |   |   |   |   |   |   |   |   |   |--- class: positive
|   |   |   |   |   |   |   |   |   |   |--- feature_7 >  97152860.00
|   |   |   |   |   |   |   |   |   |   |   |--- truncated branch of depth 3
|   |   |   |   |   |   |   |   |--- feature_10 >  16.15
|   |   |   |   |   |   |   |   |   |--- class: negative
|   |   |   |   |--- feature_13 >  58.45
|   |   |   |   |   |--- feature_1 <= 5352.50
|   |   |   |   |   |   |--- class: negative
|   |   |   |   |   |--- feature_1 >  5352.50
|   |   |   |   |   |   |--- feature_12 <= 11.21
|   |   |   |   |   |   |   |--- feature_0 <= 1965.50
|   |   |   |   |   |   |   |   |--- class: positive
|   |   |   |   |   |   |   |--- feature_0 >  1965.50
|   |   |   |   |   |   |   |   |--- class: negative
|   |   |   |   |   |   |--- feature_12 >  11.21
|   |   |   |   |   |   |   |--- feature_1 <= 6531.00
|   |   |   |   |   |   |   |   |--- feature_9 <= 6.50
|   |   |   |   |   |   |   |   |   |--- class: negative
|   |   |   |   |   |   |   |   |--- feature_9 >  6.50
|   |   |   |   |   |   |   |   |   |--- class: positive
|   |   |   |   |   |   |   |--- feature_1 >  6531.00
|   |   |   |   |   |   |   |   |--- class: negative
|   |   |--- feature_1 >  16605.00
|   |   |   |--- feature_1 <= 20053.00
|   |   |   |   |--- feature_13 <= 40.56
|   |   |   |   |   |--- feature_6 <= 40549454.00
|   |   |   |   |   |   |--- class: negative
|   |   |   |   |   |--- feature_6 >  40549454.00
|   |   |   |   |   |   |--- class: positive
|   |   |   |   |--- feature_13 >  40.56
|   |   |   |   |   |--- class: positive
|   |   |   |--- feature_1 >  20053.00
|   |   |   |   |--- class: negative
|--- feature_0 >  1969.50
|   |--- feature_0 <= 1986.50
|   |   |--- feature_20 <= 1.00
|   |   |   |--- feature_20 <= 0.00
|   |   |   |   |--- feature_22 <= 0.03
|   |   |   |   |   |--- feature_7 <= 97066800.00
|   |   |   |   |   |   |--- feature_6 <= 41147100.00
|   |   |   |   |   |   |   |--- feature_17 <= 0.22
|   |   |   |   |   |   |   |   |--- class: negative
|   |   |   |   |   |   |   |--- feature_17 >  0.22
|   |   |   |   |   |   |   |   |--- feature_1 <= 442.50
|   |   |   |   |   |   |   |   |   |--- class: negative
|   |   |   |   |   |   |   |   |--- feature_1 >  442.50
|   |   |   |   |   |   |   |   |   |--- feature_6 <= 40504800.00
|   |   |   |   |   |   |   |   |   |   |--- feature_13 <= 47.25
|   |   |   |   |   |   |   |   |   |   |   |--- class: negative
|   |   |   |   |   |   |   |   |   |   |--- feature_13 >  47.25
|   |   |   |   |   |   |   |   |   |   |   |--- truncated branch of depth 2
|   |   |   |   |   |   |   |   |   |--- feature_6 >  40504800.00
|   |   |   |   |   |   |   |   |   |   |--- class: negative
|   |   |   |   |   |   |--- feature_6 >  41147100.00
|   |   |   |   |   |   |   |--- feature_2 <= 9.50
|   |   |   |   |   |   |   |   |--- feature_13 <= 51.93
|   |   |   |   |   |   |   |   |   |--- feature_12 <= 8.11
|   |   |   |   |   |   |   |   |   |   |--- class: positive
|   |   |   |   |   |   |   |   |   |--- feature_12 >  8.11
|   |   |   |   |   |   |   |   |   |   |--- class: negative
|   |   |   |   |   |   |   |   |--- feature_13 >  51.93
|   |   |   |   |   |   |   |   |   |--- feature_18 <= 1.00
|   |   |   |   |   |   |   |   |   |   |--- feature_18 <= 0.05
|   |   |   |   |   |   |   |   |   |   |   |--- truncated branch of depth 6
|   |   |   |   |   |   |   |   |   |   |--- feature_18 >  0.05
|   |   |   |   |   |   |   |   |   |   |   |--- class: positive
|   |   |   |   |   |   |   |   |   |--- feature_18 >  1.00
|   |   |   |   |   |   |   |   |   |   |--- feature_11 <= 19.05
|   |   |   |   |   |   |   |   |   |   |   |--- class: positive
|   |   |   |   |   |   |   |   |   |   |--- feature_11 >  19.05
|   |   |   |   |   |   |   |   |   |   |   |--- class: negative
|   |   |   |   |   |   |   |--- feature_2 >  9.50
|   |   |   |   |   |   |   |   |--- class: negative
|   |   |   |   |   |--- feature_7 >  97066800.00
|   |   |   |   |   |   |--- feature_7 <= 99091200.00
|   |   |   |   |   |   |   |--- class: negative
|   |   |   |   |   |   |--- feature_7 >  99091200.00
|   |   |   |   |   |   |   |--- feature_12 <= 8.50
|   |   |   |   |   |   |   |   |--- feature_14 <= 6.20
|   |   |   |   |   |   |   |   |   |--- class: negative
|   |   |   |   |   |   |   |   |--- feature_14 >  6.20
|   |   |   |   |   |   |   |   |   |--- feature_1 <= 52.50
|   |   |   |   |   |   |   |   |   |   |--- class: negative
|   |   |   |   |   |   |   |   |   |--- feature_1 >  52.50
|   |   |   |   |   |   |   |   |   |   |--- class: positive
|   |   |   |   |   |   |   |--- feature_12 >  8.50
|   |   |   |   |   |   |   |   |--- feature_7 <= 99143608.00
|   |   |   |   |   |   |   |   |   |--- feature_13 <= 66.34
|   |   |   |   |   |   |   |   |   |   |--- class: negative
|   |   |   |   |   |   |   |   |   |--- feature_13 >  66.34
|   |   |   |   |   |   |   |   |   |   |--- class: positive
|   |   |   |   |   |   |   |   |--- feature_7 >  99143608.00
|   |   |   |   |   |   |   |   |   |--- feature_6 <= 40031200.00
|   |   |   |   |   |   |   |   |   |   |--- feature_13 <= 39.60
|   |   |   |   |   |   |   |   |   |   |   |--- class: negative
|   |   |   |   |   |   |   |   |   |   |--- feature_13 >  39.60
|   |   |   |   |   |   |   |   |   |   |   |--- truncated branch of depth 2
|   |   |   |   |   |   |   |   |   |--- feature_6 >  40031200.00
|   |   |   |   |   |   |   |   |   |   |--- class: negative
|   |   |   |   |--- feature_22 >  0.03
|   |   |   |   |   |--- feature_22 <= 0.99
|   |   |   |   |   |   |--- class: positive
|   |   |   |   |   |--- feature_22 >  0.99
|   |   |   |   |   |   |--- feature_1 <= 26.50
|   |   |   |   |   |   |   |--- feature_0 <= 1973.50
|   |   |   |   |   |   |   |   |--- feature_13 <= 20.86
|   |   |   |   |   |   |   |   |   |--- feature_13 <= 7.20
|   |   |   |   |   |   |   |   |   |   |--- class: positive
|   |   |   |   |   |   |   |   |   |--- feature_13 >  7.20
|   |   |   |   |   |   |   |   |   |   |--- class: negative
|   |   |   |   |   |   |   |   |--- feature_13 >  20.86
|   |   |   |   |   |   |   |   |   |--- class: positive
|   |   |   |   |   |   |   |--- feature_0 >  1973.50
|   |   |   |   |   |   |   |   |--- class: negative
|   |   |   |   |   |   |--- feature_1 >  26.50
|   |   |   |   |   |   |   |--- feature_7 <= 99062452.00
|   |   |   |   |   |   |   |   |--- feature_11 <= 17.40
|   |   |   |   |   |   |   |   |   |--- feature_1 <= 145.00
|   |   |   |   |   |   |   |   |   |   |--- feature_7 <= 97200592.00
|   |   |   |   |   |   |   |   |   |   |   |--- class: negative
|   |   |   |   |   |   |   |   |   |   |--- feature_7 >  97200592.00
|   |   |   |   |   |   |   |   |   |   |   |--- class: positive
|   |   |   |   |   |   |   |   |   |--- feature_1 >  145.00
|   |   |   |   |   |   |   |   |   |   |--- class: negative
|   |   |   |   |   |   |   |   |--- feature_11 >  17.40
|   |   |   |   |   |   |   |   |   |--- class: negative
|   |   |   |   |   |   |   |--- feature_7 >  99062452.00
|   |   |   |   |   |   |   |   |--- feature_12 <= 8.44
|   |   |   |   |   |   |   |   |   |--- class: negative
|   |   |   |   |   |   |   |   |--- feature_12 >  8.44
|   |   |   |   |   |   |   |   |   |--- feature_0 <= 1978.00
|   |   |   |   |   |   |   |   |   |   |--- class: positive
|   |   |   |   |   |   |   |   |   |--- feature_0 >  1978.00
|   |   |   |   |   |   |   |   |   |   |--- class: negative
|   |   |   |--- feature_20 >  0.00
|   |   |   |   |--- class: positive
|   |   |--- feature_20 >  1.00
|   |   |   |--- feature_10 <= 9.41
|   |   |   |   |--- feature_13 <= 26.55
|   |   |   |   |   |--- feature_13 <= 25.65
|   |   |   |   |   |   |--- class: negative
|   |   |   |   |   |--- feature_13 >  25.65
|   |   |   |   |   |   |--- feature_10 <= 8.05
|   |   |   |   |   |   |   |--- class: positive
|   |   |   |   |   |   |--- feature_10 >  8.05
|   |   |   |   |   |   |   |--- class: negative
|   |   |   |   |--- feature_13 >  26.55
|   |   |   |   |   |--- class: negative
|   |   |   |--- feature_10 >  9.41
|   |   |   |   |--- feature_13 <= 36.81
|   |   |   |   |   |--- feature_1 <= 50.50
|   |   |   |   |   |   |--- feature_11 <= 10.89
|   |   |   |   |   |   |   |--- class: positive
|   |   |   |   |   |   |--- feature_11 >  10.89
|   |   |   |   |   |   |   |--- feature_2 <= 6.00
|   |   |   |   |   |   |   |   |--- feature_0 <= 1974.50
|   |   |   |   |   |   |   |   |   |--- feature_10 <= 11.60
|   |   |   |   |   |   |   |   |   |   |--- class: positive
|   |   |   |   |   |   |   |   |   |--- feature_10 >  11.60
|   |   |   |   |   |   |   |   |   |   |--- feature_12 <= 7.03
|   |   |   |   |   |   |   |   |   |   |   |--- truncated branch of depth 3
|   |   |   |   |   |   |   |   |   |   |--- feature_12 >  7.03
|   |   |   |   |   |   |   |   |   |   |   |--- class: negative
|   |   |   |   |   |   |   |   |--- feature_0 >  1974.50
|   |   |   |   |   |   |   |   |   |--- class: negative
|   |   |   |   |   |   |   |--- feature_2 >  6.00
|   |   |   |   |   |   |   |   |--- feature_12 <= 7.55
|   |   |   |   |   |   |   |   |   |--- feature_12 <= 6.62
|   |   |   |   |   |   |   |   |   |   |--- class: negative
|   |   |   |   |   |   |   |   |   |--- feature_12 >  6.62
|   |   |   |   |   |   |   |   |   |   |--- class: positive
|   |   |   |   |   |   |   |   |--- feature_12 >  7.55
|   |   |   |   |   |   |   |   |   |--- class: negative
|   |   |   |   |   |--- feature_1 >  50.50
|   |   |   |   |   |   |--- feature_14 <= 5.48
|   |   |   |   |   |   |   |--- feature_13 <= 33.69
|   |   |   |   |   |   |   |   |--- class: negative
|   |   |   |   |   |   |   |--- feature_13 >  33.69
|   |   |   |   |   |   |   |   |--- feature_0 <= 1979.50
|   |   |   |   |   |   |   |   |   |--- class: positive
|   |   |   |   |   |   |   |   |--- feature_0 >  1979.50
|   |   |   |   |   |   |   |   |   |--- class: negative
|   |   |   |   |   |   |--- feature_14 >  5.48
|   |   |   |   |   |   |   |--- feature_14 <= 7.99
|   |   |   |   |   |   |   |   |--- class: positive
|   |   |   |   |   |   |   |--- feature_14 >  7.99
|   |   |   |   |   |   |   |   |--- feature_12 <= 7.08
|   |   |   |   |   |   |   |   |   |--- feature_6 <= 40796800.00
|   |   |   |   |   |   |   |   |   |   |--- class: negative
|   |   |   |   |   |   |   |   |   |--- feature_6 >  40796800.00
|   |   |   |   |   |   |   |   |   |   |--- class: positive
|   |   |   |   |   |   |   |   |--- feature_12 >  7.08
|   |   |   |   |   |   |   |   |   |--- feature_7 <= 96236028.00
|   |   |   |   |   |   |   |   |   |   |--- feature_6 <= 41478044.00
|   |   |   |   |   |   |   |   |   |   |   |--- truncated branch of depth 3
|   |   |   |   |   |   |   |   |   |   |--- feature_6 >  41478044.00
|   |   |   |   |   |   |   |   |   |   |   |--- class: positive
|   |   |   |   |   |   |   |   |   |--- feature_7 >  96236028.00
|   |   |   |   |   |   |   |   |   |   |--- feature_6 <= 41412400.00
|   |   |   |   |   |   |   |   |   |   |   |--- class: negative
|   |   |   |   |   |   |   |   |   |   |--- feature_6 >  41412400.00
|   |   |   |   |   |   |   |   |   |   |   |--- truncated branch of depth 4
|   |   |   |   |--- feature_13 >  36.81
|   |   |   |   |   |--- feature_3 <= 0.50
|   |   |   |   |   |   |--- class: negative
|   |   |   |   |   |--- feature_3 >  0.50
|   |   |   |   |   |   |--- feature_14 <= 4.90
|   |   |   |   |   |   |   |--- feature_7 <= 96368772.00
|   |   |   |   |   |   |   |   |--- class: positive
|   |   |   |   |   |   |   |--- feature_7 >  96368772.00
|   |   |   |   |   |   |   |   |--- feature_6 <= 42298050.00
|   |   |   |   |   |   |   |   |   |--- class: negative
|   |   |   |   |   |   |   |   |--- feature_6 >  42298050.00
|   |   |   |   |   |   |   |   |   |--- class: positive
|   |   |   |   |   |   |--- feature_14 >  4.90
|   |   |   |   |   |   |   |--- feature_8 <= 8.50
|   |   |   |   |   |   |   |   |--- feature_8 <= 1.00
|   |   |   |   |   |   |   |   |   |--- feature_7 <= 97167100.00
|   |   |   |   |   |   |   |   |   |   |--- class: negative
|   |   |   |   |   |   |   |   |   |--- feature_7 >  97167100.00
|   |   |   |   |   |   |   |   |   |   |--- feature_7 <= 97251540.00
|   |   |   |   |   |   |   |   |   |   |   |--- truncated branch of depth 2
|   |   |   |   |   |   |   |   |   |   |--- feature_7 >  97251540.00
|   |   |   |   |   |   |   |   |   |   |   |--- truncated branch of depth 3
|   |   |   |   |   |   |   |   |--- feature_8 >  1.00
|   |   |   |   |   |   |   |   |   |--- class: positive
|   |   |   |   |   |   |   |--- feature_8 >  8.50
|   |   |   |   |   |   |   |   |--- class: negative
|   |--- feature_0 >  1986.50
|   |   |--- feature_3 <= 4.50
|   |   |   |--- feature_3 <= 1.50
|   |   |   |   |--- feature_8 <= 42.50
|   |   |   |   |   |--- class: negative
|   |   |   |   |--- feature_8 >  42.50
|   |   |   |   |   |--- feature_0 <= 1988.50
|   |   |   |   |   |   |--- class: positive
|   |   |   |   |   |--- feature_0 >  1988.50
|   |   |   |   |   |   |--- class: negative
|   |   |   |--- feature_3 >  1.50
|   |   |   |   |--- feature_12 <= 8.40
|   |   |   |   |   |--- feature_14 <= 5.69
|   |   |   |   |   |   |--- class: negative
|   |   |   |   |   |--- feature_14 >  5.69
|   |   |   |   |   |   |--- feature_11 <= 9.45
|   |   |   |   |   |   |   |--- class: negative
|   |   |   |   |   |   |--- feature_11 >  9.45
|   |   |   |   |   |   |   |--- class: positive
|   |   |   |   |--- feature_12 >  8.40
|   |   |   |   |   |--- feature_15 <= 1.50
|   |   |   |   |   |   |--- class: positive
|   |   |   |   |   |--- feature_15 >  1.50
|   |   |   |   |   |   |--- feature_17 <= 0.50
|   |   |   |   |   |   |   |--- class: negative
|   |   |   |   |   |   |--- feature_17 >  0.50
|   |   |   |   |   |   |   |--- feature_1 <= 166.50
|   |   |   |   |   |   |   |   |--- class: negative
|   |   |   |   |   |   |   |--- feature_1 >  166.50
|   |   |   |   |   |   |   |   |--- feature_7 <= 96778232.00
|   |   |   |   |   |   |   |   |   |--- class: positive
|   |   |   |   |   |   |   |   |--- feature_7 >  96778232.00
|   |   |   |   |   |   |   |   |   |--- class: negative
|   |   |--- feature_3 >  4.50
|   |   |   |--- feature_17 <= 0.50
|   |   |   |   |--- feature_6 <= 42471200.00
|   |   |   |   |   |--- feature_12 <= 7.65
|   |   |   |   |   |   |--- feature_1 <= 95.00
|   |   |   |   |   |   |   |--- class: negative
|   |   |   |   |   |   |--- feature_1 >  95.00
|   |   |   |   |   |   |   |--- feature_12 <= 7.45
|   |   |   |   |   |   |   |   |--- class: negative
|   |   |   |   |   |   |   |--- feature_12 >  7.45
|   |   |   |   |   |   |   |   |--- class: positive
|   |   |   |   |   |--- feature_12 >  7.65
|   |   |   |   |   |   |--- class: negative
|   |   |   |   |--- feature_6 >  42471200.00
|   |   |   |   |   |--- feature_6 <= 42472700.00
|   |   |   |   |   |   |--- class: positive
|   |   |   |   |   |--- feature_6 >  42472700.00
|   |   |   |   |   |   |--- class: negative
|   |   |   |--- feature_17 >  0.50
|   |   |   |   |--- feature_6 <= 41547400.00
|   |   |   |   |   |--- feature_0 <= 1988.50
|   |   |   |   |   |   |--- feature_13 <= 59.00
|   |   |   |   |   |   |   |--- feature_6 <= 40772472.00
|   |   |   |   |   |   |   |   |--- class: positive
|   |   |   |   |   |   |   |--- feature_6 >  40772472.00
|   |   |   |   |   |   |   |   |--- class: negative
|   |   |   |   |   |   |--- feature_13 >  59.00
|   |   |   |   |   |   |   |--- class: negative
|   |   |   |   |   |--- feature_0 >  1988.50
|   |   |   |   |   |   |--- class: negative
|   |   |   |   |--- feature_6 >  41547400.00
|   |   |   |   |   |--- feature_7 <= 97077100.00
|   |   |   |   |   |   |--- feature_8 <= 25.50
|   |   |   |   |   |   |   |--- feature_0 <= 1993.50
|   |   |   |   |   |   |   |   |--- feature_7 <= 96790268.00
|   |   |   |   |   |   |   |   |   |--- class: negative
|   |   |   |   |   |   |   |   |--- feature_7 >  96790268.00
|   |   |   |   |   |   |   |   |   |--- class: positive
|   |   |   |   |   |   |   |--- feature_0 >  1993.50
|   |   |   |   |   |   |   |   |--- class: negative
|   |   |   |   |   |   |--- feature_8 >  25.50
|   |   |   |   |   |   |   |--- class: positive
|   |   |   |   |   |--- feature_7 >  97077100.00
|   |   |   |   |   |   |--- class: negative
