|--- feature_0 <= 1961.50
|   |--- feature_5 <= 41.00
|   |   |--- feature_12 <= 34.75
|   |   |   |--- feature_7 <= 2.50
|   |   |   |   |--- feature_12 <= 12.15
|   |   |   |   |   |--- feature_10 <= 18.75
|   |   |   |   |   |   |--- feature_2 <= 1.50
|   |   |   |   |   |   |   |--- feature_6 <= -99.97
|   |   |   |   |   |   |   |   |--- feature_40 <= 0.50
|   |   |   |   |   |   |   |   |   |--- feature_8 <= 1.50
|   |   |   |   |   |   |   |   |   |   |--- feature_22 <= 0.50
|   |   |   |   |   |   |   |   |   |   |   |--- class: positive
|   |   |   |   |   |   |   |   |   |   |--- feature_22 >  0.50
|   |   |   |   |   |   |   |   |   |   |   |--- truncated branch of depth 3
|   |   |   |   |   |   |   |   |   |--- feature_8 >  1.50
|   |   |   |   |   |   |   |   |   |   |--- feature_11 <= 7.35
|   |   |   |   |   |   |   |   |   |   |   |--- class: negative
|   |   |   |   |   |   |   |   |   |   |--- feature_11 >  7.35
|   |   |   |   |   |   |   |   |   |   |   |--- class: positive
|   |   |   |   |   |   |   |   |--- feature_40 >  0.50
|   |   |   |   |   |   |   |   |   |--- class: negative
|   |   |   |   |   |   |   |--- feature_6 >  -99.97
|   |   |   |   |   |   |   |   |--- feature_6 <= -96.94
|   |   |   |   |   |   |   |   |   |--- feature_11 <= 6.25
|   |   |   |   |   |   |   |   |   |   |--- feature_0 <= 1937.50
|   |   |   |   |   |   |   |   |   |   |   |--- truncated branch of depth 9
|   |   |   |   |   |   |   |   |   |   |--- feature_0 >  1937.50
|   |   |   |   |   |   |   |   |   |   |   |--- class: negative
|   |   |   |   |   |   |   |   |   |--- feature_11 >  6.25
|   |   |   |   |   |   |   |   |   |   |--- class: negative
|   |   |   |   |   |   |   |   |--- feature_6 >  -96.94
|   |   |   |   |   |   |   |   |   |--- feature_13 <= 2.50
|   |   |   |   |   |   |   |   |   |   |--- class: negative
|   |   |   |   |   |   |   |   |   |--- feature_13 >  2.50
|   |   |   |   |   |   |   |   |   |   |--- feature_0 <= 1908.00
|   |   |   |   |   |   |   |   |   |   |   |--- class: negative
|   |   |   |   |   |   |   |   |   |   |--- feature_0 >  1908.00
|   |   |   |   |   |   |   |   |   |   |   |--- truncated branch of depth 13
|   |   |   |   |   |   |--- feature_2 >  1.50
|   |   |   |   |   |   |   |--- class: negative
|   |   |   |   |   |--- feature_10 >  18.75
|   |   |   |   |   |   |--- feature_5 <= 40.51
|   |   |   |   |   |   |   |--- feature_6 <= -96.24
|   |   |   |   |   |   |   |   |--- feature_0 <= 1907.50
|   |   |   |   |   |   |   |   |   |--- class: positive
|   |   |   |   |   |   |   |   |--- feature_0 >  1907.50
|   |   |   |   |   |   |   |   |   |--- feature_10 <= 19.05
|   |   |   |   |   |   |   |   |   |   |--- feature_9 <= 9.90
|   |   |   |   |   |   |   |   |   |   |   |--- class: positive
|   |   |   |   |   |   |   |   |   |   |--- feature_9 >  9.90
|   |   |   |   |   |   |   |   |   |   |   |--- class: negative
|   |   |   |   |   |   |   |   |   |--- feature_10 >  19.05
|   |   |   |   |   |   |   |   |   |   |--- class: negative
|   |   |   |   |   |   |   |--- feature_6 >  -96.24
|   |   |   |   |   |   |   |   |--- feature_6 <= -95.90
|   |   |   |   |   |   |   |   |   |--- feature_12 <= 7.65
|   |   |   |   |   |   |   |   |   |   |--- class: positive
|   |   |   |   |   |   |   |   |   |--- feature_12 >  7.65
|   |   |   |   |   |   |   |   |   |   |--- feature_32 <= 0.50
|   |   |   |   |   |   |   |   |   |   |   |--- class: positive
|   |   |   |   |   |   |   |   |   |   |--- feature_32 >  0.50
|   |   |   |   |   |   |   |   |   |   |   |--- class: negative
|   |   |   |   |   |   |   |   |--- feature_6 >  -95.90
|   |   |   |   |   |   |   |   |   |--- class: negative
|   |   |   |   |   |   |--- feature_5 >  40.51
|   |   |   |   |   |   |   |--- feature_6 <= -96.34
|   |   |   |   |   |   |   |   |--- feature_47 <= 0.50
|   |   |   |   |   |   |   |   |   |--- class: negative
|   |   |   |   |   |   |   |   |--- feature_47 >  0.50
|   |   |   |   |   |   |   |   |   |--- feature_9 <= 20.60
|   |   |   |   |   |   |   |   |   |   |--- class: positive
|   |   |   |   |   |   |   |   |   |--- feature_9 >  20.60
|   |   |   |   |   |   |   |   |   |   |--- feature_2 <= 15.00
|   |   |   |   |   |   |   |   |   |   |   |--- class: negative
|   |   |   |   |   |   |   |   |   |   |--- feature_2 >  15.00
|   |   |   |   |   |   |   |   |   |   |   |--- class: positive
|   |   |   |   |   |   |   |--- feature_6 >  -96.34
|   |   |   |   |   |   |   |   |--- class: negative
|   |   |   |   |--- feature_12 >  12.15
|   |   |   |   |   |--- feature_6 <= -96.44
|   |   |   |   |   |   |--- feature_5 <= 40.05
|   |   |   |   |   |   |   |--- feature_5 <= 40.03
|   |   |   |   |   |   |   |   |--- feature_10 <= 9.30
|   |   |   |   |   |   |   |   |   |--- feature_10 <= 7.75
|   |   |   |   |   |   |   |   |   |   |--- class: negative
|   |   |   |   |   |   |   |   |   |--- feature_10 >  7.75
|   |   |   |   |   |   |   |   |   |   |--- class: positive
|   |   |   |   |   |   |   |   |--- feature_10 >  9.30
|   |   |   |   |   |   |   |   |   |--- class: negative
|   |   |   |   |   |   |   |--- feature_5 >  40.03
|   |   |   |   |   |   |   |   |--- feature_13 <= 3.50
|   |   |   |   |   |   |   |   |   |--- class: negative
|   |   |   |   |   |   |   |   |--- feature_13 >  3.50
|   |   |   |   |   |   |   |   |   |--- feature_0 <= 1953.00
|   |   |   |   |   |   |   |   |   |   |--- feature_12 <= 31.95
|   |   |   |   |   |   |   |   |   |   |   |--- class: positive
|   |   |   |   |   |   |   |   |   |   |--- feature_12 >  31.95
|   |   |   |   |   |   |   |   |   |   |   |--- truncated branch of depth 2
|   |   |   |   |   |   |   |   |   |--- feature_0 >  1953.00
|   |   |   |   |   |   |   |   |   |   |--- class: negative
|   |   |   |   |   |   |--- feature_5 >  40.05
|   |   |   |   |   |   |   |--- feature_11 <= 6.15
|   |   |   |   |   |   |   |   |--- feature_8 <= 1.50
|   |   |   |   |   |   |   |   |   |--- feature_6 <= -97.69
|   |   |   |   |   |   |   |   |   |   |--- feature_6 <= -101.20
|   |   |   |   |   |   |   |   |   |   |   |--- class: positive
|   |   |   |   |   |   |   |   |   |   |--- feature_6 >  -101.20
|   |   |   |   |   |   |   |   |   |   |   |--- truncated branch of depth 7
|   |   |   |   |   |   |   |   |   |--- feature_6 >  -97.69
|   |   |   |   |   |   |   |   |   |   |--- feature_0 <= 1936.00
|   |   |   |   |   |   |   |   |   |   |   |--- truncated branch of depth 9
|   |   |   |   |   |   |   |   |   |   |--- feature_0 >  1936.00
|   |   |   |   |   |   |   |   |   |   |   |--- class: negative
|   |   |   |   |   |   |   |   |--- feature_8 >  1.50
|   |   |   |   |   |   |   |   |   |--- class: negative
|   |   |   |   |   |   |   |--- feature_11 >  6.15
|   |   |   |   |   |   |   |   |--- feature_6 <= -100.41
|   |   |   |   |   |   |   |   |   |--- feature_5 <= 40.12
|   |   |   |   |   |   |   |   |   |   |--- class: positive
|   |   |   |   |   |   |   |   |   |--- feature_5 >  40.12
|   |   |   |   |   |   |   |   |   |   |--- feature_12 <= 31.95
|   |   |   |   |   |   |   |   |   |   |   |--- class: negative
|   |   |   |   |   |   |   |   |   |   |--- feature_12 >  31.95
|   |   |   |   |   |   |   |   |   |   |   |--- truncated branch of depth 2
|   |   |   |   |   |   |   |   |--- feature_6 >  -100.41
|   |   |   |   |   |   |   |   |   |--- feature_10 <= 18.60
|   |   |   |   |   |   |   |   |   |   |--- class: negative
|   |   |   |   |   |   |   |   |   |--- feature_10 >  18.60
|   |   |   |   |   |   |   |   |   |   |--- feature_12 <= 33.75
|   |   |   |   |   |   |   |   |   |   |   |--- truncated branch of depth 4
|   |   |   |   |   |   |   |   |   |   |--- feature_12 >  33.75
|   |   |   |   |   |   |   |   |   |   |   |--- truncated branch of depth 2
|   |   |   |   |   |--- feature_6 >  -96.44
|   |   |   |   |   |   |--- feature_13 <= 2.50
|   |   |   |   |   |   |   |--- feature_11 <= 5.10
|   |   |   |   |   |   |   |   |--- class: negative
|   |   |   |   |   |   |   |--- feature_11 >  5.10
|   |   |   |   |   |   |   |   |--- class: positive
|   |   |   |   |   |   |--- feature_13 >  2.50
|   |   |   |   |   |   |   |--- feature_26 <= 0.50
|   |   |   |   |   |   |   |   |--- feature_1 <= 220.00
|   |   |   |   |   |   |   |   |   |--- feature_6 <= -95.98
|   |   |   |   |   |   |   |   |   |   |--- feature_5 <= 40.82
|   |   |   |   |   |   |   |   |   |   |   |--- truncated branch of depth 13
|   |   |   |   |   |   |   |   |   |   |--- feature_5 >  40.82
|   |   |   |   |   |   |   |   |   |   |   |--- truncated branch of depth 3
|   |   |   |   |   |   |   |   |   |--- feature_6 >  -95.98
|   |   |   |   |   |   |   |   |   |   |--- feature_5 <= 40.47
|   |   |   |   |   |   |   |   |   |   |   |--- truncated branch of depth 4
|   |   |   |   |   |   |   |   |   |   |--- feature_5 >  40.47
|   |   |   |   |   |   |   |   |   |   |   |--- truncated branch of depth 2
|   |   |   |   |   |   |   |   |--- feature_1 >  220.00
|   |   |   |   |   |   |   |   |   |--- feature_17 <= 0.50
|   |   |   |   |   |   |   |   |   |   |--- class: positive
|   |   |   |   |   |   |   |   |   |--- feature_17 >  0.50
|   |   |   |   |   |   |   |   |   |   |--- class: negative
|   |   |   |   |   |   |   |--- feature_26 >  0.50
|   |   |   |   |   |   |   |   |--- feature_6 <= -95.72
|   |   |   |   |   |   |   |   |   |--- class: negative
|   |   |   |   |   |   |   |   |--- feature_6 >  -95.72
|   |   |   |   |   |   |   |   |   |--- class: positive
|   |   |   |--- feature_7 >  2.50
|   |   |   |   |--- feature_2 <= 15.50
|   |   |   |   |   |--- feature_0 <= 1944.50
|   |   |   |   |   |   |--- feature_12 <= 9.45
|   |   |   |   |   |   |   |--- class: negative
|   |   |   |   |   |   |--- feature_12 >  9.45
|   |   |   |   |   |   |   |--- feature_11 <= 4.75
|   |   |   |   |   |   |   |   |--- class: positive
|   |   |   |   |   |   |   |--- feature_11 >  4.75
|   |   |   |   |   |   |   |   |--- feature_9 <= 21.20
|   |   |   |   |   |   |   |   |   |--- feature_12 <= 10.80
|   |   |   |   |   |   |   |   |   |   |--- class: positive
|   |   |   |   |   |   |   |   |   |--- feature_12 >  10.80
|   |   |   |   |   |   |   |   |   |   |--- feature_6 <= -96.36
|   |   |   |   |   |   |   |   |   |   |   |--- class: negative
|   |   |   |   |   |   |   |   |   |   |--- feature_6 >  -96.36
|   |   |   |   |   |   |   |   |   |   |   |--- truncated branch of depth 2
|   |   |   |   |   |   |   |   |--- feature_9 >  21.20
|   |   |   |   |   |   |   |   |   |--- class: positive
|   |   |   |   |   |--- feature_0 >  1944.50
|   |   |   |   |   |   |--- class: negative
|   |   |   |   |--- feature_2 >  15.50
|   |   |   |   |   |--- feature_0 <= 1937.50
|   |   |   |   |   |   |--- class: negative
|   |   |   |   |   |--- feature_0 >  1937.50
|   |   |   |   |   |   |--- class: positive
|   |   |--- feature_12 >  34.75
|   |   |   |--- feature_6 <= -96.69
|   |   |   |   |--- feature_6 <= -100.46
|   |   |   |   |   |--- feature_12 <= 44.55
|   |   |   |   |   |   |--- feature_17 <= 0.50
|   |   |   |   |   |   |   |--- feature_11 <= 8.20
|   |   |   |   |   |   |   |   |--- class: positive
|   |   |   |   |   |   |   |--- feature_11 >  8.20
|   |   |   |   |   |   |   |   |--- class: negative
|   |   |   |   |   |   |--- feature_17 >  0.50
|   |   |   |   |   |   |   |--- class: negative
|   |   |   |   |   |--- feature_12 >  44.55
|   |   |   |   |   |   |--- class: negative
|   |   |   |   |--- feature_6 >  -100.46
|   |   |   |   |   |--- feature_11 <= 6.15
|   |   |   |   |   |   |--- feature_12 <= 50.85
|   |   |   |   |   |   |   |--- feature_2 <= 30.00
|   |   |   |   |   |   |   |   |--- class: negative
|   |   |   |   |   |   |   |--- feature_2 >  30.00
|   |   |   |   |   |   |   |   |--- feature_5 <= 40.78
|   |   |   |   |   |   |   |   |   |--- class: negative
|   |   |   |   |   |   |   |   |--- feature_5 >  40.78
|   |   |   |   |   |   |   |   |   |--- class: positive
|   |   |   |   |   |   |--- feature_12 >  50.85
|   |   |   |   |   |   |   |--- feature_12 <= 53.55
|   |   |   |   |   |   |   |   |--- class: positive
|   |   |   |   |   |   |   |--- feature_12 >  53.55
|   |   |   |   |   |   |   |   |--- feature_10 <= 9.95
|   |   |   |   |   |   |   |   |   |--- feature_5 <= 40.34
|   |   |   |   |   |   |   |   |   |   |--- class: negative
|   |   |   |   |   |   |   |   |   |--- feature_5 >  40.34
|   |   |   |   |   |   |   |   |   |   |--- class: positive
|   |   |   |   |   |   |   |   |--- feature_10 >  9.95
|   |   |   |   |   |   |   |   |   |--- class: negative
|   |   |   |   |   |--- feature_11 >  6.15
|   |   |   |   |   |   |--- class: negative
|   |   |   |--- feature_6 >  -96.69
|   |   |   |   |--- feature_9 <= 14.75
|   |   |   |   |   |--- feature_32 <= 0.50
|   |   |   |   |   |   |--- feature_7 <= 12.50
|   |   |   |   |   |   |   |--- feature_6 <= -96.55
|   |   |   |   |   |   |   |   |--- class: positive
|   |   |   |   |   |   |   |--- feature_6 >  -96.55
|   |   |   |   |   |   |   |   |--- feature_17 <= 0.50
|   |   |   |   |   |   |   |   |   |--- feature_16 <= 0.50
|   |   |   |   |   |   |   |   |   |   |--- feature_26 <= 0.50
|   |   |   |   |   |   |   |   |   |   |   |--- truncated branch of depth 3
|   |   |   |   |   |   |   |   |   |   |--- feature_26 >  0.50
|   |   |   |   |   |   |   |   |   |   |   |--- class: negative
|   |   |   |   |   |   |   |   |   |--- feature_16 >  0.50
|   |   |   |   |   |   |   |   |   |   |--- feature_9 <= 10.70
|   |   |   |   |   |   |   |   |   |   |   |--- class: negative
|   |   |   |   |   |   |   |   |   |   |--- feature_9 >  10.70
|   |   |   |   |   |   |   |   |   |   |   |--- class: positive
|   |   |   |   |   |   |   |   |--- feature_17 >  0.50
|   |   |   |   |   |   |   |   |   |--- feature_9 <= 13.85
|   |   |   |   |   |   |   |   |   |   |--- class: negative
|   |   |   |   |   |   |   |   |   |--- feature_9 >  13.85
|   |   |   |   |   |   |   |   |   |   |--- class: positive
|   |   |   |   |   |   |--- feature_7 >  12.50
|   |   |   |   |   |   |   |--- feature_11 <= 6.95
|   |   |   |   |   |   |   |   |--- feature_43 <= 0.50
|   |   |   |   |   |   |   |   |   |--- class: negative
|   |   |   |   |   |   |   |   |--- feature_43 >  0.50
|   |   |   |   |   |   |   |   |   |--- class: positive
|   |   |   |   |   |   |   |--- feature_11 >  6.95
|   |   |   |   |   |   |   |   |--- class: negative
|   |   |   |   |   |--- feature_32 >  0.50
|   |   |   |   |   |   |--- class: negative
|   |   |   |   |--- feature_9 >  14.75
|   |   |   |   |   |--- feature_5 <= 40.89
|   |   |   |   |   |   |--- class: negative
|   |   |   |   |   |--- feature_5 >  40.89
|   |   |   |   |   |   |--- feature_2 <= 14.50
|   |   |   |   |   |   |   |--- class: negative
|   |   |   |   |   |   |--- feature_2 >  14.50
|   |   |   |   |   |   |   |--- class: positive
|   |--- feature_5 >  41.00
|   |   |--- feature_12 <= 8.55
|   |   |   |--- feature_5 <= 42.67
|   |   |   |   |--- feature_11 <= 4.95
|   |   |   |   |   |--- feature_10 <= 12.80
|   |   |   |   |   |   |--- feature_6 <= -97.16
|   |   |   |   |   |   |   |--- feature_11 <= 4.85
|   |   |   |   |   |   |   |   |--- feature_6 <= -97.70
|   |   |   |   |   |   |   |   |   |--- class: positive
|   |   |   |   |   |   |   |   |--- feature_6 >  -97.70
|   |   |   |   |   |   |   |   |   |--- class: negative
|   |   |   |   |   |   |   |--- feature_11 >  4.85
|   |   |   |   |   |   |   |   |--- class: negative
|   |   |   |   |   |   |--- feature_6 >  -97.16
|   |   |   |   |   |   |   |--- feature_14 <= 1.50
|   |   |   |   |   |   |   |   |--- class: negative
|   |   |   |   |   |   |   |--- feature_14 >  1.50
|   |   |   |   |   |   |   |   |--- feature_5 <= 41.12
|   |   |   |   |   |   |   |   |   |--- class: negative
|   |   |   |   |   |   |   |   |--- feature_5 >  41.12
|   |   |   |   |   |   |   |   |   |--- class: positive
|   |   |   |   |   |--- feature_10 >  12.80
|   |   |   |   |   |   |--- feature_40 <= 0.50
|   |   |   |   |   |   |   |--- feature_13 <= 6.50
|   |   |   |   |   |   |   |   |--- class: negative
|   |   |   |   |   |   |   |--- feature_13 >  6.50
|   |   |   |   |   |   |   |   |--- feature_5 <= 41.92
|   |   |   |   |   |   |   |   |   |--- feature_5 <= 41.43
|   |   |   |   |   |   |   |   |   |   |--- class: negative
|   |   |   |   |   |   |   |   |   |--- feature_5 >  41.43
|   |   |   |   |   |   |   |   |   |   |--- class: positive
|   |   |   |   |   |   |   |   |--- feature_5 >  41.92
|   |   |   |   |   |   |   |   |   |--- class: negative
|   |   |   |   |   |   |--- feature_40 >  0.50
|   |   |   |   |   |   |   |--- class: positive
|   |   |   |   |--- feature_11 >  4.95
|   |   |   |   |   |--- feature_11 <= 6.15
|   |   |   |   |   |   |--- feature_1 <= 42.50
|   |   |   |   |   |   |   |--- feature_6 <= -98.07
|   |   |   |   |   |   |   |   |--- feature_6 <= -98.42
|   |   |   |   |   |   |   |   |   |--- class: negative
|   |   |   |   |   |   |   |   |--- feature_6 >  -98.42
|   |   |   |   |   |   |   |   |   |--- class: positive
|   |   |   |   |   |   |   |--- feature_6 >  -98.07
|   |   |   |   |   |   |   |   |--- class: negative
|   |   |   |   |   |   |--- feature_1 >  42.50
|   |   |   |   |   |   |   |--- feature_1 <= 67.50
|   |   |   |   |   |   |   |   |--- feature_9 <= 9.25
|   |   |   |   |   |   |   |   |   |--- class: negative
|   |   |   |   |   |   |   |   |--- feature_9 >  9.25
|   |   |   |   |   |   |   |   |   |--- feature_5 <= 41.28
|   |   |   |   |   |   |   |   |   |   |--- class: negative
|   |   |   |   |   |   |   |   |   |--- feature_5 >  41.28
|   |   |   |   |   |   |   |   |   |   |--- feature_0 <= 1942.50
|   |   |   |   |   |   |   |   |   |   |   |--- class: positive
|   |   |   |   |   |   |   |   |   |   |--- feature_0 >  1942.50
|   |   |   |   |   |   |   |   |   |   |   |--- truncated branch of depth 2
|   |   |   |   |   |   |   |--- feature_1 >  67.50
|   |   |   |   |   |   |   |   |--- class: negative
|   |   |   |   |   |--- feature_11 >  6.15
|   |   |   |   |   |   |--- feature_10 <= 15.35
|   |   |   |   |   |   |   |--- feature_11 <= 6.25
|   |   |   |   |   |   |   |   |--- feature_6 <= -97.21
|   |   |   |   |   |   |   |   |   |--- feature_13 <= 3.50
|   |   |   |   |   |   |   |   |   |   |--- class: negative
|   |   |   |   |   |   |   |   |   |--- feature_13 >  3.50
|   |   |   |   |   |   |   |   |   |   |--- class: positive
|   |   |   |   |   |   |   |   |--- feature_6 >  -97.21
|   |   |   |   |   |   |   |   |   |--- class: negative
|   |   |   |   |   |   |   |--- feature_11 >  6.25
|   |   |   |   |   |   |   |   |--- class: negative
|   |   |   |   |   |   |--- feature_10 >  15.35
|   |   |   |   |   |   |   |--- feature_6 <= -97.05
|   |   |   |   |   |   |   |   |--- feature_6 <= -98.82
|   |   |   |   |   |   |   |   |   |--- class: positive
|   |   |   |   |   |   |   |   |--- feature_6 >  -98.82
|   |   |   |   |   |   |   |   |   |--- feature_11 <= 6.25
|   |   |   |   |   |   |   |   |   |   |--- class: positive
|   |   |   |   |   |   |   |   |   |--- feature_11 >  6.25
|   |   |   |   |   |   |   |   |   |   |--- class: negative
|   |   |   |   |   |   |   |--- feature_6 >  -97.05
|   |   |   |   |   |   |   |   |--- class: positive
|   |   |   |--- feature_5 >  42.67
|   |   |   |   |--- feature_9 <= 9.00
|   |   |   |   |   |--- class: positive
|   |   |   |   |--- feature_9 >  9.00
|   |   |   |   |   |--- feature_15 <= 18.00
|   |   |   |   |   |   |--- class: positive
|   |   |   |   |   |--- feature_15 >  18.00
|   |   |   |   |   |   |--- class: negative
|   |   |--- feature_12 >  8.55
|   |   |   |--- feature_5 <= 41.13
|   |   |   |   |--- feature_12 <= 26.55
|   |   |   |   |   |--- feature_10 <= 12.80
|   |   |   |   |   |   |--- feature_10 <= 8.65
|   |   |   |   |   |   |   |--- class: negative
|   |   |   |   |   |   |--- feature_10 >  8.65
|   |   |   |   |   |   |   |--- feature_12 <= 18.90
|   |   |   |   |   |   |   |   |--- feature_1 <= 340.00
|   |   |   |   |   |   |   |   |   |--- class: negative
|   |   |   |   |   |   |   |   |--- feature_1 >  340.00
|   |   |   |   |   |   |   |   |   |--- class: positive
|   |   |   |   |   |   |   |--- feature_12 >  18.90
|   |   |   |   |   |   |   |   |--- class: positive
|   |   |   |   |   |--- feature_10 >  12.80
|   |   |   |   |   |   |--- feature_0 <= 1928.00
|   |   |   |   |   |   |   |--- class: positive
|   |   |   |   |   |   |--- feature_0 >  1928.00
|   |   |   |   |   |   |   |--- class: negative
|   |   |   |   |--- feature_12 >  26.55
|   |   |   |   |   |--- feature_6 <= -100.81
|   |   |   |   |   |   |--- feature_1 <= 15.00
|   |   |   |   |   |   |   |--- class: positive
|   |   |   |   |   |   |--- feature_1 >  15.00
|   |   |   |   |   |   |   |--- feature_8 <= 4.50
|   |   |   |   |   |   |   |   |--- class: negative
|   |   |   |   |   |   |   |--- feature_8 >  4.50
|   |   |   |   |   |   |   |   |--- feature_13 <= 6.50
|   |   |   |   |   |   |   |   |   |--- class: positive
|   |   |   |   |   |   |   |   |--- feature_13 >  6.50
|   |   |   |   |   |   |   |   |   |--- class: negative
|   |   |   |   |   |--- feature_6 >  -100.81
|   |   |   |   |   |   |--- class: negative
|   |   |   |--- feature_5 >  41.13
|   |   |   |   |--- feature_12 <= 20.25
|   |   |   |   |   |--- feature_9 <= 11.30
|   |   |   |   |   |   |--- feature_6 <= -104.00
|   |   |   |   |   |   |   |--- class: positive
|   |   |   |   |   |   |--- feature_6 >  -104.00
|   |   |   |   |   |   |   |--- feature_6 <= -97.59
|   |   |   |   |   |   |   |   |--- feature_0 <= 1948.50
|   |   |   |   |   |   |   |   |   |--- class: negative
|   |   |   |   |   |   |   |   |--- feature_0 >  1948.50
|   |   |   |   |   |   |   |   |   |--- feature_5 <= 41.52
|   |   |   |   |   |   |   |   |   |   |--- feature_12 <= 14.85
|   |   |   |   |   |   |   |   |   |   |   |--- class: positive
|   |   |   |   |   |   |   |   |   |   |--- feature_12 >  14.85
|   |   |   |   |   |   |   |   |   |   |   |--- class: negative
|   |   |   |   |   |   |   |   |   |--- feature_5 >  41.52
|   |   |   |   |   |   |   |   |   |   |--- class: negative
|   |   |   |   |   |   |   |--- feature_6 >  -97.59
|   |   |   |   |   |   |   |   |--- feature_6 <= -96.94
|   |   |   |   |   |   |   |   |   |--- feature_5 <= 41.98
|   |   |   |   |   |   |   |   |   |   |--- feature_6 <= -96.97
|   |   |   |   |   |   |   |   |   |   |   |--- truncated branch of depth 4
|   |   |   |   |   |   |   |   |   |   |--- feature_6 >  -96.97
|   |   |   |   |   |   |   |   |   |   |   |--- class: positive
|   |   |   |   |   |   |   |   |   |--- feature_5 >  41.98
|   |   |   |   |   |   |   |   |   |   |--- feature_12 <= 17.55
|   |   |   |   |   |   |   |   |   |   |   |--- class: negative
|   |   |   |   |   |   |   |   |   |   |--- feature_12 >  17.55
|   |   |   |   |   |   |   |   |   |   |   |--- truncated branch of depth 2
|   |   |   |   |   |   |   |   |--- feature_6 >  -96.94
|   |   |   |   |   |   |   |   |   |--- class: negative
|   |   |   |   |   |--- feature_9 >  11.30
|   |   |   |   |   |   |--- feature_0 <= 1957.50
|   |   |   |   |   |   |   |--- feature_6 <= -97.38
|   |   |   |   |   |   |   |   |--- feature_11 <= 7.75
|   |   |   |   |   |   |   |   |   |--- feature_5 <= 42.95
|   |   |   |   |   |   |   |   |   |   |--- feature_12 <= 10.35
|   |   |   |   |   |   |   |   |   |   |   |--- truncated branch of depth 3
|   |   |   |   |   |   |   |   |   |   |--- feature_12 >  10.35
|   |   |   |   |   |   |   |   |   |   |   |--- class: negative
|   |   |   |   |   |   |   |   |   |--- feature_5 >  42.95
|   |   |   |   |   |   |   |   |   |   |--- class: positive
|   |   |   |   |   |   |   |   |--- feature_11 >  7.75
|   |   |   |   |   |   |   |   |   |--- feature_12 <= 18.00
|   |   |   |   |   |   |   |   |   |   |--- class: negative
|   |   |   |   |   |   |   |   |   |--- feature_12 >  18.00
|   |   |   |   |   |   |   |   |   |   |--- class: positive
|   |   |   |   |   |   |   |--- feature_6 >  -97.38
|   |   |   |   |   |   |   |   |--- feature_6 <= -96.96
|   |   |   |   |   |   |   |   |   |--- feature_6 <= -97.06
|   |   |   |   |   |   |   |   |   |   |--- feature_13 <= 4.50
|   |   |   |   |   |   |   |   |   |   |   |--- truncated branch of depth 5
|   |   |   |   |   |   |   |   |   |   |--- feature_13 >  4.50
|   |   |   |   |   |   |   |   |   |   |   |--- truncated branch of depth 3
|   |   |   |   |   |   |   |   |   |--- feature_6 >  -97.06
|   |   |   |   |   |   |   |   |   |   |--- class: positive
|   |   |   |   |   |   |   |   |--- feature_6 >  -96.96
|   |   |   |   |   |   |   |   |   |--- feature_13 <= 4.50
|   |   |   |   |   |   |   |   |   |   |--- class: negative
|   |   |   |   |   |   |   |   |   |--- feature_13 >  4.50
|   |   |   |   |   |   |   |   |   |   |--- feature_0 <= 1922.50
|   |   |   |   |   |   |   |   |   |   |   |--- class: positive
|   |   |   |   |   |   |   |   |   |   |--- feature_0 >  1922.50
|   |   |   |   |   |   |   |   |   |   |   |--- truncated branch of depth 4
|   |   |   |   |   |   |--- feature_0 >  1957.50
|   |   |   |   |   |   |   |--- class: positive
|   |   |   |   |--- feature_12 >  20.25
|   |   |   |   |   |--- feature_1 <= 77.50
|   |   |   |   |   |   |--- feature_6 <= -97.22
|   |   |   |   |   |   |   |--- class: negative
|   |   |   |   |   |   |--- feature_6 >  -97.22
|   |   |   |   |   |   |   |--- feature_6 <= -97.15
|   |   |   |   |   |   |   |   |--- feature_1 <= 37.50
|   |   |   |   |   |   |   |   |   |--- class: negative
|   |   |   |   |   |   |   |   |--- feature_1 >  37.50
|   |   |   |   |   |   |   |   |   |--- feature_29 <= 0.50
|   |   |   |   |   |   |   |   |   |   |--- class: positive
|   |   |   |   |   |   |   |   |   |--- feature_29 >  0.50
|   |   |   |   |   |   |   |   |   |   |--- class: negative
|   |   |   |   |   |   |   |--- feature_6 >  -97.15
|   |   |   |   |   |   |   |   |--- feature_1 <= 22.50
|   |   |   |   |   |   |   |   |   |--- feature_1 <= 17.50
|   |   |   |   |   |   |   |   |   |   |--- class: negative
|   |   |   |   |   |   |   |   |   |--- feature_1 >  17.50
|   |   |   |   |   |   |   |   |   |   |--- feature_47 <= 0.50
|   |   |   |   |   |   |   |   |   |   |   |--- truncated branch of depth 3
|   |   |   |   |   |   |   |   |   |   |--- feature_47 >  0.50
|   |   |   |   |   |   |   |   |   |   |   |--- class: positive
|   |   |   |   |   |   |   |   |--- feature_1 >  22.50
|   |   |   |   |   |   |   |   |   |--- class: negative
|   |   |   |   |   |--- feature_1 >  77.50
|   |   |   |   |   |   |--- feature_12 <= 58.05
|   |   |   |   |   |   |   |--- feature_5 <= 41.33
|   |   |   |   |   |   |   |   |--- class: negative
|   |   |   |   |   |   |   |--- feature_5 >  41.33
|   |   |   |   |   |   |   |   |--- feature_5 <= 41.34
|   |   |   |   |   |   |   |   |   |--- class: positive
|   |   |   |   |   |   |   |   |--- feature_5 >  41.34
|   |   |   |   |   |   |   |   |   |--- feature_6 <= -96.35
|   |   |   |   |   |   |   |   |   |   |--- feature_6 <= -97.04
|   |   |   |   |   |   |   |   |   |   |   |--- truncated branch of depth 10
|   |   |   |   |   |   |   |   |   |   |--- feature_6 >  -97.04
|   |   |   |   |   |   |   |   |   |   |   |--- class: negative
|   |   |   |   |   |   |   |   |   |--- feature_6 >  -96.35
|   |   |   |   |   |   |   |   |   |   |--- feature_9 <= 16.75
|   |   |   |   |   |   |   |   |   |   |   |--- truncated branch of depth 2
|   |   |   |   |   |   |   |   |   |   |--- feature_9 >  16.75
|   |   |   |   |   |   |   |   |   |   |   |--- class: positive
|   |   |   |   |   |   |--- feature_12 >  58.05
|   |   |   |   |   |   |   |--- class: negative
|--- feature_0 >  1961.50
|   |--- feature_12 <= 27.45
|   |   |--- feature_6 <= -96.40
|   |   |   |--- feature_44 <= 0.50
|   |   |   |   |--- feature_10 <= 12.35
|   |   |   |   |   |--- feature_5 <= 40.95
|   |   |   |   |   |   |--- feature_5 <= 40.90
|   |   |   |   |   |   |   |--- class: negative
|   |   |   |   |   |   |--- feature_5 >  40.90
|   |   |   |   |   |   |   |--- class: positive
|   |   |   |   |   |--- feature_5 >  40.95
|   |   |   |   |   |   |--- class: negative
|   |   |   |   |--- feature_10 >  12.35
|   |   |   |   |   |--- feature_11 <= 6.15
|   |   |   |   |   |   |--- feature_11 <= 5.85
|   |   |   |   |   |   |   |--- class: negative
|   |   |   |   |   |   |--- feature_11 >  5.85
|   |   |   |   |   |   |   |--- class: positive
|   |   |   |   |   |--- feature_11 >  6.15
|   |   |   |   |   |   |--- feature_0 <= 1983.50
|   |   |   |   |   |   |   |--- class: negative
|   |   |   |   |   |   |--- feature_0 >  1983.50
|   |   |   |   |   |   |   |--- feature_12 <= 21.60
|   |   |   |   |   |   |   |   |--- class: positive
|   |   |   |   |   |   |   |--- feature_12 >  21.60
|   |   |   |   |   |   |   |   |--- class: negative
|   |   |   |--- feature_44 >  0.50
|   |   |   |   |--- feature_5 <= 42.09
|   |   |   |   |   |--- feature_6 <= -97.00
|   |   |   |   |   |   |--- feature_5 <= 40.90
|   |   |   |   |   |   |   |--- feature_26 <= 0.50
|   |   |   |   |   |   |   |   |--- class: negative
|   |   |   |   |   |   |   |--- feature_26 >  0.50
|   |   |   |   |   |   |   |   |--- feature_12 <= 11.25
|   |   |   |   |   |   |   |   |   |--- class: positive
|   |   |   |   |   |   |   |   |--- feature_12 >  11.25
|   |   |   |   |   |   |   |   |   |--- class: negative
|   |   |   |   |   |   |--- feature_5 >  40.90
|   |   |   |   |   |   |   |--- feature_5 <= 42.05
|   |   |   |   |   |   |   |   |--- feature_11 <= 7.95
|   |   |   |   |   |   |   |   |   |--- feature_6 <= -98.43
|   |   |   |   |   |   |   |   |   |   |--- feature_6 <= -98.59
|   |   |   |   |   |   |   |   |   |   |   |--- truncated branch of depth 4
|   |   |   |   |   |   |   |   |   |   |--- feature_6 >  -98.59
|   |   |   |   |   |   |   |   |   |   |   |--- class: positive
|   |   |   |   |   |   |   |   |   |--- feature_6 >  -98.43
|   |   |   |   |   |   |   |   |   |   |--- class: negative
|   |   |   |   |   |   |   |   |--- feature_11 >  7.95
|   |   |   |   |   |   |   |   |   |--- feature_5 <= 41.33
|   |   |   |   |   |   |   |   |   |   |--- class: positive
|   |   |   |   |   |   |   |   |   |--- feature_5 >  41.33
|   |   |   |   |   |   |   |   |   |   |--- feature_5 <= 41.60
|   |   |   |   |   |   |   |   |   |   |   |--- class: negative
|   |   |   |   |   |   |   |   |   |   |--- feature_5 >  41.60
|   |   |   |   |   |   |   |   |   |   |   |--- truncated branch of depth 2
|   |   |   |   |   |   |   |--- feature_5 >  42.05
|   |   |   |   |   |   |   |   |--- feature_22 <= 0.50
|   |   |   |   |   |   |   |   |   |--- class: negative
|   |   |   |   |   |   |   |   |--- feature_22 >  0.50
|   |   |   |   |   |   |   |   |   |--- class: positive
|   |   |   |   |   |--- feature_6 >  -97.00
|   |   |   |   |   |   |--- class: negative
|   |   |   |   |--- feature_5 >  42.09
|   |   |   |   |   |--- class: negative
|   |   |--- feature_6 >  -96.40
|   |   |   |--- feature_13 <= 7.00
|   |   |   |   |--- class: negative
|   |   |   |--- feature_13 >  7.00
|   |   |   |   |--- feature_1 <= 47.50
|   |   |   |   |   |--- feature_27 <= 0.50
|   |   |   |   |   |   |--- feature_6 <= -95.95
|   |   |   |   |   |   |   |--- class: positive
|   |   |   |   |   |   |--- feature_6 >  -95.95
|   |   |   |   |   |   |   |--- class: negative
|   |   |   |   |   |--- feature_27 >  0.50
|   |   |   |   |   |   |--- class: negative
|   |   |   |   |--- feature_1 >  47.50
|   |   |   |   |   |--- feature_5 <= 41.79
|   |   |   |   |   |   |--- class: negative
|   |   |   |   |   |--- feature_5 >  41.79
|   |   |   |   |   |   |--- class: positive
|   |--- feature_12 >  27.45
|   |   |--- feature_0 <= 1989.50
|   |   |   |--- feature_36 <= 0.50
|   |   |   |   |--- feature_2 <= 10.50
|   |   |   |   |   |--- feature_17 <= 0.50
|   |   |   |   |   |   |--- feature_11 <= 7.75
|   |   |   |   |   |   |   |--- feature_11 <= 7.45
|   |   |   |   |   |   |   |   |--- feature_13 <= 4.50
|   |   |   |   |   |   |   |   |   |--- feature_9 <= 6.25
|   |   |   |   |   |   |   |   |   |   |--- class: positive
|   |   |   |   |   |   |   |   |   |--- feature_9 >  6.25
|   |   |   |   |   |   |   |   |   |   |--- feature_0 <= 1974.50
|   |   |   |   |   |   |   |   |   |   |   |--- class: negative
|   |   |   |   |   |   |   |   |   |   |--- feature_0 >  1974.50
|   |   |   |   |   |   |   |   |   |   |   |--- truncated branch of depth 4
|   |   |   |   |   |   |   |   |--- feature_13 >  4.50
|   |   |   |   |   |   |   |   |   |--- feature_22 <= 0.50
|   |   |   |   |   |   |   |   |   |   |--- feature_10 <= 8.05
|   |   |   |   |   |   |   |   |   |   |   |--- truncated branch of depth 3
|   |   |   |   |   |   |   |   |   |   |--- feature_10 >  8.05
|   |   |   |   |   |   |   |   |   |   |   |--- class: negative
|   |   |   |   |   |   |   |   |   |--- feature_22 >  0.50
|   |   |   |   |   |   |   |   |   |   |--- feature_11 <= 6.15
|   |   |   |   |   |   |   |   |   |   |   |--- class: positive
|   |   |   |   |   |   |   |   |   |   |--- feature_11 >  6.15
|   |   |   |   |   |   |   |   |   |   |   |--- class: negative
|   |   |   |   |   |   |   |--- feature_11 >  7.45
|   |   |   |   |   |   |   |   |--- feature_10 <= 16.95
|   |   |   |   |   |   |   |   |   |--- class: negative
|   |   |   |   |   |   |   |   |--- feature_10 >  16.95
|   |   |   |   |   |   |   |   |   |--- feature_0 <= 1982.50
|   |   |   |   |   |   |   |   |   |   |--- feature_9 <= 16.00
|   |   |   |   |   |   |   |   |   |   |   |--- truncated branch of depth 3
|   |   |   |   |   |   |   |   |   |   |--- feature_9 >  16.00
|   |   |   |   |   |   |   |   |   |   |   |--- class: negative
|   |   |   |   |   |   |   |   |   |--- feature_0 >  1982.50
|   |   |   |   |   |   |   |   |   |   |--- class: positive
|   |   |   |   |   |   |--- feature_11 >  7.75
|   |   |   |   |   |   |   |--- feature_1 <= 147.50
|   |   |   |   |   |   |   |   |--- feature_45 <= 0.50
|   |   |   |   |   |   |   |   |   |--- class: negative
|   |   |   |   |   |   |   |   |--- feature_45 >  0.50
|   |   |   |   |   |   |   |   |   |--- feature_11 <= 8.00
|   |   |   |   |   |   |   |   |   |   |--- feature_32 <= 0.50
|   |   |   |   |   |   |   |   |   |   |   |--- class: negative
|   |   |   |   |   |   |   |   |   |   |--- feature_32 >  0.50
|   |   |   |   |   |   |   |   |   |   |   |--- class: positive
|   |   |   |   |   |   |   |   |   |--- feature_11 >  8.00
|   |   |   |   |   |   |   |   |   |   |--- class: negative
|   |   |   |   |   |   |   |--- feature_1 >  147.50
|   |   |   |   |   |   |   |   |--- feature_11 <= 9.25
|   |   |   |   |   |   |   |   |   |--- feature_11 <= 8.55
|   |   |   |   |   |   |   |   |   |   |--- class: negative
|   |   |   |   |   |   |   |   |   |--- feature_11 >  8.55
|   |   |   |   |   |   |   |   |   |   |--- feature_0 <= 1965.50
|   |   |   |   |   |   |   |   |   |   |   |--- class: positive
|   |   |   |   |   |   |   |   |   |   |--- feature_0 >  1965.50
|   |   |   |   |   |   |   |   |   |   |   |--- truncated branch of depth 8
|   |   |   |   |   |   |   |   |--- feature_11 >  9.25
|   |   |   |   |   |   |   |   |   |--- class: negative
|   |   |   |   |   |--- feature_17 >  0.50
|   |   |   |   |   |   |--- feature_6 <= -97.12
|   |   |   |   |   |   |   |--- class: negative
|   |   |   |   |   |   |--- feature_6 >  -97.12
|   |   |   |   |   |   |   |--- feature_6 <= -97.06
|   |   |   |   |   |   |   |   |--- feature_0 <= 1973.50
|   |   |   |   |   |   |   |   |   |--- class: negative
|   |   |   |   |   |   |   |   |--- feature_0 >  1973.50
|   |   |   |   |   |   |   |   |   |--- class: positive
|   |   |   |   |   |   |   |--- feature_6 >  -97.06
|   |   |   |   |   |   |   |   |--- feature_10 <= 30.95
|   |   |   |   |   |   |   |   |   |--- class: negative
|   |   |   |   |   |   |   |   |--- feature_10 >  30.95
|   |   |   |   |   |   |   |   |   |--- feature_7 <= 12.50
|   |   |   |   |   |   |   |   |   |   |--- feature_9 <= 12.50
|   |   |   |   |   |   |   |   |   |   |   |--- truncated branch of depth 2
|   |   |   |   |   |   |   |   |   |   |--- feature_9 >  12.50
|   |   |   |   |   |   |   |   |   |   |   |--- truncated branch of depth 3
|   |   |   |   |   |   |   |   |   |--- feature_7 >  12.50
|   |   |   |   |   |   |   |   |   |   |--- class: negative
|   |   |   |   |--- feature_2 >  10.50
|   |   |   |   |   |--- class: negative
|   |   |   |--- feature_36 >  0.50
|   |   |   |   |--- feature_12 <= 63.45
|   |   |   |   |   |--- class: negative
|   |   |   |   |--- feature_12 >  63.45
|   |   |   |   |   |--- class: positive
|   |   |--- feature_0 >  1989.50
|   |   |   |--- feature_10 <= 36.45
|   |   |   |   |--- class: negative
|   |   |   |--- feature_10 >  36.45
|   |   |   |   |--- feature_5 <= 41.92
|   |   |   |   |   |--- class: negative
|   |   |   |   |--- feature_5 >  41.92
|   |   |   |   |   |--- feature_5 <= 41.93
|   |   |   |   |   |   |--- class: positive
|   |   |   |   |   |--- feature_5 >  41.93
|   |   |   |   |   |   |--- feature_0 <= 2002.50
|   |   |   |   |   |   |   |--- class: negative
|   |   |   |   |   |   |--- feature_0 >  2002.50
|   |   |   |   |   |   |   |--- feature_0 <= 2003.50
|   |   |   |   |   |   |   |   |--- feature_12 <= 64.35
|   |   |   |   |   |   |   |   |   |--- class: positive
|   |   |   |   |   |   |   |   |--- feature_12 >  64.35
|   |   |   |   |   |   |   |   |   |--- class: negative
|   |   |   |   |   |   |   |--- feature_0 >  2003.50
|   |   |   |   |   |   |   |   |--- class: negative
